Analysing clean_data.py
     pcost       dcost       gap    pres   dres
 0: -3.2155e+04 -3.2003e+04  1e+05  3e+02  6e-01
 1: -3.2142e+04 -5.3294e+04  3e+04  7e+01  1e-01
 2: -3.2138e+04 -3.7529e+04  6e+03  1e+01  2e-02
 3: -3.2144e+04 -3.3214e+04  1e+03  2e+00  3e-03
 4: -3.2136e+04 -3.2613e+04  5e+02  6e-01  1e-03
 5: -3.2144e+04 -3.2317e+04  2e+02  1e-01  2e-04
 6: -3.2183e+04 -3.2250e+04  7e+01  2e-02  3e-05
 7: -3.2214e+04 -3.2244e+04  3e+01  8e-03  1e-05
 8: -3.2228e+04 -3.2242e+04  1e+01  2e-03  4e-06
 9: -3.2236e+04 -3.2242e+04  5e+00  7e-04  1e-06
10: -3.2239e+04 -3.2241e+04  2e+00  2e-04  4e-07
11: -3.2240e+04 -3.2241e+04  1e+00  9e-05  2e-07
12: -3.2240e+04 -3.2241e+04  3e-01  2e-05  3e-08
13: -3.2240e+04 -3.2241e+04  1e-01  3e-06  5e-09
14: -3.2240e+04 -3.2240e+04  4e-02  6e-07  1e-09
15: -3.2240e+04 -3.2240e+04  3e-02  3e-07  5e-10
16: -3.2240e+04 -3.2240e+04  8e-03  7e-08  1e-10
17: -3.2240e+04 -3.2240e+04  6e-03  4e-08  6e-11
18: -3.2240e+04 -3.2240e+04  1e-03  8e-09  1e-11
19: -3.2240e+04 -3.2240e+04  1e-03  5e-09  9e-12
20: -3.2240e+04 -3.2240e+04  3e-04  1e-09  2e-12
21: -3.2240e+04 -3.2240e+04  2e-04  4e-10  1e-12
22: -3.2240e+04 -3.2240e+04  5e-05  9e-11  2e-12
23: -3.2240e+04 -3.2240e+04  3e-05  4e-11  2e-12
Optimal solution found.
Total NSSCR peaks 515
NSSCR per minute 11.976744186046512
SCR Std Deviation 0.39212287334002266
Mean SCL -0.12092477225061678
