Analysing clean_data.py
     pcost       dcost       gap    pres   dres
 0: -2.9334e+04 -2.9124e+04  1e+05  3e+02  7e-01
 1: -2.9363e+04 -4.7821e+04  2e+04  6e+01  1e-01
 2: -2.9386e+04 -3.4138e+04  5e+03  1e+01  2e-02
 3: -2.9397e+04 -3.0239e+04  8e+02  2e+00  4e-03
 4: -2.9390e+04 -2.9635e+04  2e+02  3e-01  6e-04
 5: -2.9429e+04 -2.9503e+04  7e+01  6e-02  1e-04
 6: -2.9443e+04 -2.9489e+04  5e+01  3e-02  7e-05
 7: -2.9465e+04 -2.9482e+04  2e+01  1e-02  2e-05
 8: -2.9471e+04 -2.9481e+04  1e+01  5e-03  1e-05
 9: -2.9474e+04 -2.9480e+04  5e+00  2e-03  5e-06
10: -2.9476e+04 -2.9479e+04  3e+00  6e-04  1e-06
11: -2.9478e+04 -2.9479e+04  1e+00  1e-04  3e-07
12: -2.9478e+04 -2.9479e+04  6e-01  3e-05  7e-08
13: -2.9478e+04 -2.9478e+04  2e-01  8e-06  2e-08
14: -2.9478e+04 -2.9478e+04  1e-01  4e-06  9e-09
15: -2.9478e+04 -2.9478e+04  3e-02  1e-06  2e-09
16: -2.9478e+04 -2.9478e+04  2e-02  5e-07  1e-09
17: -2.9478e+04 -2.9478e+04  7e-03  1e-07  3e-10
18: -2.9478e+04 -2.9478e+04  5e-03  6e-08  1e-10
19: -2.9478e+04 -2.9478e+04  1e-03  1e-08  3e-11
20: -2.9478e+04 -2.9478e+04  8e-04  5e-09  1e-11
21: -2.9478e+04 -2.9478e+04  2e-04  1e-09  2e-12
22: -2.9478e+04 -2.9478e+04  1e-04  4e-10  1e-12
23: -2.9478e+04 -2.9478e+04  3e-05  8e-11  1e-12
24: -2.9478e+04 -2.9478e+04  8e-06  1e-11  2e-12
Optimal solution found.
Total NSSCR peaks 580
NSSCR per minute 14.5
SCR Std Deviation 0.2767348168751334
Mean SCL -0.15169209896708294
