24 26352 21973 145481965 14551
24 26352 21973 145481965 14551
24 26352 21973 145481965 14551
24 26352 21973 145481965 14551
24 26352 21973 145481965 14551
24 26352 21973 145481965 14551
24 26352 21973 145481965 14551
24 26352 21973 145481965 14551
24 26352 21973 145481965 14551
24 26352 21973 145481965 14551
24 26352 21973 145481965 14551
24 26352 21973 145481965 14551
24 26352 21973 145481965 14551
24 26352 21973 145481965 14551
24 26352 21973 145481965 14551
24 26352 21973 145481965 14551
24 26352 21973 145481965 14551
24 26352 21973 145481965 14551
24 26352 21973 145481965 14551
24 26352 21973 145481965 14551
24 26352 21973 145481965 14551
24 26352 21973 14548
22 26325 ²
Delay= 19552
Source file: EDA_withMillis_noAccel_Final.ino
Millis PPG EDA T_Skin
21 26048 22001 14799
23 26054 22010 14699
23 26135 22003 14694
23 26324 21992 14711
22 26650 21986 14677
24 27058 21980 14688
22 27389 21972 14625
23 27584 21976 14544
23 27614 21974 14526
23 27499 21979 14561
22 27273 21981 14544
24 26930 21984 14548
22 26620 21992 14566
23 26360 21998 14550
24 26185 22004 14545
22 26165 22007 14549
23 26271 22009 14548
23 26312 22018 14550
23 26320 22019 14564
22 26296 22027 14560
24 26216 22030 14588
22 26106 22030 14573
23 26059 22036 14704
23 26011 22041 14661
23 26003 22041 14687
22 26040 22044 14687
24 26083 22049 14677
22 26128 22056 14675
23 26169 22059 14675
24 26236 22058 14696
22 26304 22061 14684
24 26314 22062 14688
22 26346 22060 14707
23 26421 22060 14672
23 26633 22058 14648
23 26909 22060 14540
22 27183 22054 14531
24 27316 22052 14543
22 27278 22051 14548
23 27106 22053 14547
23 26915 22049 14539
23 26676 22046 14557
23 26507 22048 14517
23 26409 22045 14558
23 26343 22043 14563
22 26342 22040 14568
24 26364 22035 14564
22 26369 22037 14542
23 26352 22041 14542
23 26340 22041 14704
23 26287 22032 14682
22 26181 22036 14682
24 26089 22040 14679
22 26003 22045 14669
23 25942 22047 14673
24 25873 22057 14655
22 25853 22061 14681
23 25852 22068 14675
23 25853 22078 14704
23 25867 22085 14704
22 25948 22091 14674
24 26027 22098 14665
22 26228 22105 14648
24 26606 22115 14550
22 27011 22119 14554
23 27315 22126 14557
23 27431 22133 14561
23 27365 22132 14550
22 27165 22135 14541
24 26930 22143 14545
23 26709 22142 14545
22 26507 22149 14551
24 26359 22149 14542
22 26279 22150 14557
23 26244 22154 14547
23 26231 22160 14556
23 26253 22161 14598
22 26250 22158 14680
24 26210 22158 14686
22 26168 22159 14677
23 26155 22163 14697
23 26183 22162 14677
23 26225 22163 14684
23 26314 22161 14698
23 26369 22160 14682
23 26398 22162 14674
22 26454 22167 14702
24 26497 22167 14660
22 26491 22170 14680
23 26480 22172 14691
23 26582 22172 14665
23 26768 22177 14552
22 26988 22180 14552
24 27190 22184 14567
22 27301 22184 14548
24 27214 22187 14539
22 27085 22192 14541
23 26877 22186 14543
24 26674 22180 14551
22 26449 22166 14541
23 26246 22157 14540
23 26101 22146 14554
23 25986 22140 14540
22 25975 22139 14551
24 26032 22133 14572
22 26084 22131 14630
23 26138 22129 14694
23 26193 22134 14695
23 26197 22133 14677
22 26240 22137 14673
24 26293 22143 14678
23 26331 22142 14699
22 26338 22149 14703
24 26352 22157 14685
22 26352 22157 14679
23 26352 22162 14671
23 26323 22165 14697
23 26375 22166 14668
22 26546 22169 14654
24 26789 22180 14543
22 27126 22179 14566
23 27388 22182 14532
23 27465 22186 14549
23 27396 22186 14545
22 27253 22187 14538
24 27045 22185 14536
23 26804 22186 14554
23 26574 22189 14557
23 26366 22183 14540
22 26230 22185 14544
24 26191 22187 14544
22 26183 22180 14553
23 26198 22170 14576
23 26252 22165 14690
23 26292 22155 14659
22 26306 22147 14698
24 26338 22140 14666
22 26359 22139 14678
23 26378 22132 14698
24 26357 22125 14681
22 26337 22118 14674
23 26311 22112 14672
23 26274 22113 14667
23 26259 22108 14677
22 26286 22104 14675
24 26409 22109 14664
22 26702 22104 14655
23 27078 22099 14561
23 27499 22102 14557
23 27738 22112 14537
22 27786 22113 14549
24 27690 22119 14534
23 27498 22133 14551
22 27269 22140 14529
24 27072 22149 14562
22 26839 22162 14558
23 26680 22173 14532
23 26531 22184 14536
23 26459 22192 14549
23 26385 22204 14587
23 26354 22211 14616
22 26342 22215 14691
24 26359 22221 14677
22 26364 22229 14705
23 26375 22228 14687
23 26381 22236 14678
23 26333 22236 14659
23 26332 22245 14686
23 26288 22248 14668
23 26244 22249 14672
22 26209 22255 14679
24 26152 22259 14675
22 26115 22258 14682
23 26105 22259 14648
23 26199 22260 14546
23 26484 22269 14534
22 26870 22266 14552
24 27199 22273 14549
22 27409 22263 14538
23 27484 22264 14563
24 27409 22258 14542
22 27285 22257 14540
23 27117 22250 14553
23 26933 22247 14538
23 26800 22244 14544
22 26694 22236 14538
24 26629 22226 14554
22 26597 22219 14597
23 26649 22210 14633
23 26687 22199 14700
23 26735 22191 14697
23 26751 22178 14698
23 26757 22170 14684
22 26749 22163 14702
24 26695 22156 14685
23 26611 22147 14699
22 26491 22141 14669
24 26378 22142 14701
22 26264 22136 14654
23 26201 22133 14684
23 26068 22134 14662
23 25982 22132 14651
22 25869 22133 14527
24 25788 22136 14549
22 25781 22134 14559
23 25822 22137 14539
23 25949 22134 14567
23 26193 22134 14567
23 26513 22131 14561
23 26809 22133 14558
23 27006 22128 14556
22 27079 22123 14533
24 27045 22118 14562
22 26931 22122 14544
23 26793 22115 14544
23 26654 22111 14527
23 26525 22108 14680
22 26434 22104 14674
24 26447 22101 14674
22 26531 22111 14681
23 26611 22114 14681
24 26673 22125 14689
22 26712 22133 14673
24 26647 22145 14679
22 26499 22155 14701
23 26344 22163 14679
23 26241 22177 14698
23 26130 22182 14686
22 26063 22188 14682
24 26013 22195 14648
22 26008 22207 14517
23 26009 22208 14547
23 26058 22217 14518
23 26105 22214 14563
22 26095 22218 14524
24 26125 22221 14566
23 26113 22227 14548
22 26112 22228 14553
24 26162 22232 14546
22 26287 22229 14549
23 26535 22228 14569
23 26775 22231 14556
23 27034 22230 14558
22 27177 22228 14601
24 27207 22221 14681
22 27150 22220 14667
23 27010 22214 14700
23 26855 22205 14652
23 26695 22202 14702
23 26574 22200 14671
23 26478 22194 14678
23 26419 22190 14673
22 26400 22193 14692
24 26404 22196 14689
22 26389 22195 14687
24 26361 22191 14684
22 26351 22194 14680
23 26351 22196 14653
23 26317 22194 14535
23 26250 22193 14553
22 26216 22192 14529
24 26179 22185 14538
23 26174 22181 14530
22 26170 22179 14535
24 26151 22179 14519
22 26146 22167 14564
23 26145 22162 14544
23 26190 22162 14565
23 26258 22158 14555
22 26465 22162 14563
24 26730 22150 14549
22 26969 22152 14588
23 27188 22145 14585
23 27281 22147 14704
23 27227 22140 14675
22 27072 22133 14687
24 26840 22128 14692
23 26734 22121 14686
22 26620 22107 14677
24 26559 22096 14650
22 26548 22092 14681
23 26654 22079 14698
23 26826 22084 14709
23 27060 22088 14680
22 27271 22098 14676
24 27487 22111 14658
22 27580 22055 14548
24 27549 21885 14557
22 27422 21620 14567
23 27240 21263 14560
24 27057 20848 14556
22 26899 20379 14550
23 26896 19888 14542
23 27179 19389 14547
23 27424 18895 14538
22 27598 18417 14544
24 27665 17950 14530
22 27654 17505 14528
23 27707 17091 14529
23 27853 16703 14574
23 28010 16358 14676
22 28098 16061 14680
24 28078 15789 14683
22 27906 15569 14671
23 27283 15387 14669
24 26626 15246 14690
22 26216 15131 14688
23 26066 15064 14688
23 25962 15013 14680
23 25862 14999 14680
22 25749 15005 14688
24 25643 15032 14657
22 25512 15075 14680
23 25485 15133 14625
23 25524 15204 14533
23 25696 15270 14555
22 25911 15349 14562
24 26067 15413 14533
23 26122 15476 14544
23 26084 15535 14546
23 25997 15594 14532
22 25911 15657 14535
24 25807 15743 14554
22 25805 15892 14538
23 25881 16109 14536
23 25952 16384 14537
23 25999 16708 14529
22 26014 17071 14580
24 26037 17447 14673
22 26095 17838 14701
23 26241 18234 14685
24 26477 18616 14693
22 26697 18991 14679
23 26825 19348 14676
23 26868 19670 14679
23 26804 19983 14680
22 26703 20260 14700
24 26556 20517 14687
22 26422 20753 14679
23 26290 20961 14689
23 26222 21152 14651
23 26206 21320 14628
22 26191 21471 14552
24 26242 21601 14525
22 26263 21721 14545
23 26268 21820 14545
24 26246 21909 14540
22 26223 21996 14566
23 26180 22059 14557
23 26143 22119 14564
23 26087 22171 14557
23 26042 22216 14558
23 26000 22257 14536
22 25965 22287 14542
24 26036 22315 14586
22 26107 22337 14612
23 26153 22346 14692
23 26240 22369 14687
23 26388 22375 14658
23 26756 22392 14679
23 27219 22400 14670
23 27576 22400 14698
22 27740 22407 14687
24 27807 22410 14680
22 27824 22416 14672
23 27685 22429 14671
23 27576 22430 14676
23 27390 22440 14677
22 27180 22453 14646
24 26983 22468 14559
22 26815 22481 14552
23 26750 22450 14537
23 26693 22327 14546
23 26631 22087 14532
23 26540 21740 14561
23 26460 21327 14527
23 26374 20850 14555
22 26268 20341 14528
24 26091 19829 14530
22 25902 19337 14535
23 25715 18891 14553
23 25581 18549 14546
23 25501 18323 14537
23 25423 18215 14689
23 25404 18213 14680
22 25354 18302 14670
24 25310 18457 14679
23 25385 18657 14680
22 25474 18896 14690
24 25694 19147 14678
22 25981 19412 14676
23 26286 19677 14686
23 26582 19938 14665
23 26776 20184 14675
22 26920 20415 14695
24 26985 20632 14677
22 26928 20832 14668
23 26796 21014 14544
23 26642 21180 14527
23 26537 21328 14560
22 26455 21463 14552
24 26405 21577 14563
23 26373 21675 14564
22 26347 21764 14555
24 26333 21843 14538
22 26312 21909 14549
23 26273 21967 14553
23 26216 22024 14528
23 26181 22067 14565
22 26129 22104 14544
24 26054 22142 14583
22 26029 22171 14682
23 26016 22189 14691
23 25998 22211 14700
23 26017 22235 14681
24 26092 22245 14680
22 26280 22257 14691
23 26584 22271 14697
23 26953 22280 14703
23 27248 22287 14681
22 27399 22295 14672
24 27388 22305 14670
22 27243 22308 14657
23 26964 22315 14704
23 26680 22312 14618
23 26385 22324 14543
22 26136 22327 14550
24 25980 22326 14536
23 25905 22326 14565
22 25904 22334 14544
24 25976 22324 14569
22 26081 22323 14539
23 26238 22323 14558
23 26384 22328 14544
23 26552 22326 14548
22 26655 22320 14546
24 26741 22318 14559
22 26762 22324 14542
23 26727 22319 14586
23 26675 22318 14577
23 26611 22310 14685
22 26499 22313 14691
24 26420 22307 14677
23 26393 22310 14694
22 26488 22307 14672
24 26730 22307 14686
22 27010 22309 14659
24 27232 22304 14700
22 27350 22305 14695
23 27352 22302 14675
23 27265 22298 14686
23 27136 22285 14688
22 27003 22273 14638
24 26826 22270 14554
22 26646 22259 14543
23 26523 22255 14546
24 26466 22244 14536
22 26434 22237 14564
23 26435 22233 14541
23 26447 22231 14556
23 26488 22231 14558
22 26457 22234 14549
24 26419 22229 14563
22 26375 22234 14550
23 26293 22236 14563
23 26229 22245 14544
23 26184 22247 14569
22 26144 22244 14705
24 26112 22250 14700
23 26124 22252 14686
22 26144 22257 14704
24 26141 22258 14661
22 26270 22266 14703
23 26550 22268 14664
23 26917 22275 14681
23 27318 22284 14697
22 27573 22285 14687
24 27646 22291 14703
22 27552 22297 14699
24 27382 22300 14686
22 27179 22299 14669
23 26927 22304 14531
23 26751 22302 14541
23 26585 22301 14540
23 26421 22300 14548
23 26332 22299 14549
23 26303 22293 14530
22 26284 22300 14547
24 26316 22297 14535
22 26335 22291 14537
23 26376 22291 14534
23 26363 22293 14555
23 26348 22292 14546
22 26323 22298 14550
24 26279 22289 14600
22 26243 22287 14684
23 26200 22284 14697
24 26154 22289 14686
22 26086 22284 14711
23 26103 22285 14679
23 26164 22289 14679
23 26337 22293 14667
22 26696 22302 14699
24 27088 22309 14653
22 27393 22320 14685
23 27526 22326 14696
23 27498 22339 14681
23 27366 22349 14671
22 27180 22358 14645
24 26956 22374 14545
22 26758 22380 14559
24 26557 22386 14568
23 26392 22393 14549
22 26262 22406 14556
24 26205 22405 14557
22 26193 22407 14532
23 26234 22406 14551
23 26257 22412 14556
23 26279 22409 14529
22 26310 22411 14549
24 26288 22410 14533
22 26250 22404 14572
23 26210 22407 14581
23 26190 22408 14698
23 26159 22402 14678
23 26123 22395 14691
23 26113 22388 14684
23 26105 22390 14682
22 26106 22385 14678
24 26121 22383 14700
22 26200 22369 14698
23 26394 22360 14703
23 26729 22350 14679
23 27100 22345 14667
22 27404 22335 14687
24 27546 22333 14606
22 27536 22325 14646
23 27383 22318 14534
24 27164 22313 14552
22 26943 22306 14550
23 26715 22301 14563
23 26541 22298 14559
23 26366 22298 14545
23 26261 22294 14535
23 26219 22293 14547
22 26194 22291 14573
24 26225 22288 14554
22 26260 22289 14532
23 26284 22288 14534
23 26282 22296 14549
23 26286 22298 14612
22 26283 22294 14682
24 26223 22298 14685
23 26184 22298 14692
22 26145 22300 14678
24 26113 22302 14679
22 26126 22307 14703
23 26114 22306 14693
23 26139 22313 14686
23 26140 22315 14711
22 26157 22314 14654
24 26208 22325 14673
22 26326 22325 14681
23 26623 22323 14647
23 26978 22324 14559
23 27302 22327 14546
23 27513 22332 14550
23 27548 22327 14538
23 27448 22330 14535
22 27276 22333 14533
24 27063 22331 14546
22 26859 22329 14562
23 26641 22326 14571
23 26464 22326 14570
23 26361 22331 14561
23 26295 22323 14540
23 26259 22323 14554
22 26295 22320 14585
24 26314 22317 14668
22 26337 22312 14710
23 26352 22312 14673
24 26318 22316 14699
22 26272 22319 14674
23 26240 22319 14680
23 26236 22315 14668
23 26220 22315 14699
22 26193 22318 14703
24 26169 22316 14680
22 26152 22318 14678
23 26157 22319 14677
23 26182 22318 14679
23 26197 22326 14650
22 26225 22328 14555
24 26325 22339 14554
23 26607 22336 14564
22 26972 22341 14548
24 27286 22343 14556
22 27478 22345 14534
23 27520 22335 14561
23 27402 22332 14522
23 27199 22333 14564
22 26974 22330 14553
24 26752 22324 14559
22 26539 22315 14562
23 26408 22311 14542
23 26319 22305 14587
23 26257 22302 14602
24 26296 22288 14707
22 26306 22282 14682
23 26331 22275 14682
23 26329 22274 14683
23 26331 22267 14678
22 26338 22254 14689
24 26282 22256 14693
22 26283 22251 14671
23 26251 22249 14677
23 26205 22248 14670
23 26187 22245 14698
22 26209 22235 14697
24 26197 22232 14651
22 26180 22234 14541
23 26169 22225 14562
24 26192 22222 14555
22 26186 22221 14548
23 26232 22215 14546
23 26393 22213 14561
23 26692 22207 14547
22 27059 22201 14543
24 27364 22200 14545
22 27571 22197 14533
23 27577 22194 14555
23 27459 22190 14538
23 27248 22191 14558
22 27022 22189 14548
24 26752 22185 14707
23 26563 22190 14698
22 26368 22190 14694
24 26259 22191 14700
22 26236 22198 14701
24 26237 22195 14662
22 26262 22196 14694
23 26317 22199 14691
23 26350 22197 14698
23 26364 22201 14677
22 26363 22198 14689
24 26344 22202 14680
22 26308 22201 14676
23 26259 22196 14661
24 26211 22206 14518
22 26179 22198 14543
23 26168 22208 14549
23 26171 22205 14536
23 26183 22206 14543
22 26170 22203 14565
24 26179 22200 14553
22 26245 22206 14546
23 26422 22203 14550
23 26712 22202 14552
23 27075 22199 14531
22 27364 22197 14559
24 27472 22195 14550
22 27433 22195 14570
23 27286 22194 14693
24 27106 22192 14659
22 26849 22193 14683
23 26638 22195 14691
23 26438 22191 14672
23 26299 22190 14693
22 26238 22186 14673
24 26244 22187 14676
22 26267 22186 14679
24 26310 22184 14697
22 26384 22182 14680
23 26408 22184 14702
23 26392 22179 14694
23 26368 22178 14649
23 26308 22182 14535
23 26265 22182 14537
23 26244 22183 14542
22 26210 22190 14566
24 26189 22187 14550
22 26184 22189 14556
23 26175 22194 14538
23 26174 22196 14537
23 26173 22201 14544
22 26297 22207 14545
24 26516 22211 14564
22 26826 22212 14549
23 27181 22215 14551
23 27428 22221 14590
23 27499 22223 14670
23 27418 22223 14683
23 27239 22227 14681
23 27035 22231 14689
22 26798 22228 14706
24 26583 22230 14660
22 26418 22231 14676
23 26304 22231 14677
23 26261 22233 14694
23 26276 22232 14697
22 26322 22231 14695
24 26376 22229 14701
22 26446 22232 14674
24 26430 22227 14651
23 26392 22231 14547
22 26357 22230 14541
24 26327 22230 14559
22 26289 22229 14567
23 26230 22221 14549
23 26190 22222 14560
23 26171 22221 14527
22 26165 22218 14566
24 26156 22217 14536
22 26138 22211 14549
23 26174 22211 14553
23 26309 22207 14551
23 26604 22205 14591
22 26978 22211 14605
24 27346 22194 14687
23 27557 22196 14678
22 27618 22195 14698
24 27493 22200 14705
22 27304 22195 14684
23 27064 22194 14686
23 26830 22194 14702
23 26625 22192 14686
22 26471 22200 14679
24 26359 22195 14649
22 26311 22199 14686
23 26330 22194 14661
23 26350 22196 14650
23 26375 22193 14639
23 26394 22197 14548
23 26425 22196 14553
23 26380 22195 14571
23 26359 22197 14565
23 26303 22196 14544
22 26271 22192 14533
24 26210 22193 14552
22 26196 22196 14542
23 26194 22192 14550
23 26193 22189 14565
23 26194 22183 14538
22 26181 22191 14573
24 26186 22189 14581
23 26201 22191 14643
22 26358 22190 14676
24 26652 22188 14677
22 27048 22187 14694
23 27426 22188 14697
23 27693 22188 14681
23 27753 22188 14680
22 27653 22185 14679
24 27465 22187 14679
22 27253 22187 14698
23 27021 22187 14687
23 26809 22188 14691
23 26616 22190 14678
22 26471 22189 14654
24 26409 22198 14531
23 26349 22201 14562
22 26356 22206 14555
24 26358 22203 14552
22 26407 22203 14557
23 26412 22207 14542
23 26401 22206 14551
23 26357 22204 14556
23 26300 22206 14549
23 26233 22203 14552
22 26198 22205 14554
24 26177 22202 14549
22 26148 22209 14548
23 26139 22200 14580
24 26192 22207 14566
22 26210 22206 14677
23 26221 22208 14676
23 26211 22210 14658
23 26205 22210 14676
22 26306 22214 14681
24 26508 22216 14677
22 26906 22222 14694
23 27377 22224 14692
23 27714 22221 14702
23 27865 22223 14684
22 27855 22222 14698
24 27703 22221 14697
22 27529 22217 14650
23 27346 22213 14545
24 27058 22215 14543
22 26799 22210 14543
23 26590 22207 14548
23 26417 22205 14515
23 26258 22203 14528
22 26216 22201 14533
24 26210 22196 14547
22 26217 22193 14564
23 26257 22188 14566
23 26321 22188 14554
23 26361 22186 14540
23 26382 22182 14562
23 26407 22179 14544
23 26372 22174 14683
23 26324 22168 14684
23 26252 22162 14706
22 26191 22158 14686
24 26118 22158 14700
22 26019 22158 14655
23 25980 22161 14680
23 25947 22163 14666
23 25951 22165 14677
22 25969 22169 14702
24 26127 22174 14693
22 26458 22180 14697
23 26908 22181 14692
24 27351 22184 14653
22 27615 22195 14559
23 27646 22194 14551
23 27538 22201 14550
23 27335 22200 14560
22 27066 22203 14532
24 26837 22202 14554
22 26609 22201 14532
23 26403 22207 14562
23 26299 22205 14532
23 26247 22212 14549
22 26262 22209 14531
24 26326 22213 14557
22 26372 22215 14559
23 26399 22213 14603
24 26393 22213 14694
22 26379 22219 14686
24 26328 22218 14697
22 26260 22217 14698
23 26194 22222 14696
23 26138 22222 14691
23 26117 22225 14681
22 26102 22226 14667
24 26105 22229 14704
22 26130 22226 14667
23 26149 22226 14701
23 26203 22225 14669
23 26371 22227 14678
23 26667 22223 14645
23 27035 22228 14549
23 27377 22226 14552
22 27577 22230 14555
24 27587 22224 14544
22 27456 22227 14539
23 27223 22226 14549
23 26949 22223 14554
23 26690 22220 14566
22 26485 22213 14549
24 26333 22214 14558
22 26206 22212 14520
23 26204 22201 14539
24 26230 22197 14527
22 26294 22196 14596
23 26357 22194 14633
23 26379 22187 14698
23 26377 22184 14697
22 26335 22177 14678
24 26271 22177 14682
22 26221 22180 14681
24 26167 22173 14675
22 26125 22167 14688
23 26109 22169 14677
23 26087 22172 14701
23 26090 22165 14681
22 26101 22165 14688
24 26118 22170 14700
23 26115 22167 14627
22 26112 22184 14535
24 26234 22184 14529
22 26464 22185 14554
23 26853 22189 14525
23 27267 22192 14552
23 27590 22193 14564
22 27706 22196 14555
24 27641 22195 14553
22 27437 22197 14559
23 27150 22195 14549
23 26871 22198 14535
23 26617 22196 14528
23 26391 22196 14556
23 26219 22193 14604
23 26150 22191 14661
22 26107 22190 14678
24 26116 22186 14657
22 26140 22189 14676
23 26172 22185 14673
23 26206 22183 14684
23 26215 22186 14686
22 26163 22187 14689
24 26107 22189 14686
22 26066 22189 14697
24 26030 22188 14678
22 26019 22189 14681
23 26015 22192 14694
24 26047 22194 14652
22 26042 22204 14534
23 26083 22203 14526
23 26121 22206 14555
23 26172 22198 14522
22 26304 22206 14561
24 26563 22202 14534
22 26952 22202 14554
23 27312 22207 14540
23 27510 22200 14521
23 27550 22204 14552
22 27431 22203 14548
24 27197 22202 14548
23 26958 22200 14603
22 26692 22200 14597
24 26511 22206 14682
22 26322 22198 14698
23 26227 22192 14675
23 26210 22191 14671
23 26233 22183 14692
22 26283 22180 14704
24 26347 22174 14664
22 26388 22168 14679
23 26369 22165 14671
23 26356 22161 14679
23 26332 22157 14679
22 26271 22156 14692
24 26257 22153 14659
23 26232 22158 14599
23 26197 22156 14552
23 26204 22155 14553
22 26216 22151 14545
24 26226 22148 14559
22 26226 22141 14559
23 26384 22138 14548
23 26699 22139 14536
23 27078 22136 14520
22 27446 22138 14535
24 27672 22131 14526
22 27687 22127 14562
23 27573 22131 14551
24 27358 22120 14595
22 27112 22122 14653
23 26860 22112 14692
23 26658 22107 14678
23 26482 22109 14693
22 26375 22103 14687
24 26362 22103 14681
22 26364 22099 14686
23 26394 22098 14696
23 26459 22097 14697
23 26483 22100 14666
22 26478 22099 14699
24 26434 22100 14662
23 26376 22104 14686
22 26327 22103 14630
24 26267 22104 14548
22 26217 22111 14564
23 26225 22112 14549
23 26220 22109 14562
23 26213 22105 14563
23 26189 22109 14554
23 26199 22108 14540
22 26341 22108 14549
24 26675 22112 14556
22 27091 22107 14550
23 27474 22103 14550
23 27697 22107 14569
23 27694 22100 14527
23 27552 22101 14548
23 27323 22102 14668
23 27054 22089 14680
22 26787 22092 14687
24 26528 22086 14703
22 26342 22087 14682
23 26230 22088 14671
23 26202 22084 14680
23 26269 22083 14679
22 26359 22081 14697
24 26424 22080 14697
22 26441 22074 14687
23 26412 22068 14687
24 26354 22073 14681
22 26304 22070 14637
23 26267 22073 14534
23 26240 22075 14524
23 26218 22075 14549
22 26200 22071 14534
24 26205 22071 14520
22 26206 22075 14547
23 26191 22081 14561
23 26200 22077 14552
23 26239 22083 14548
23 26432 22087 14568
23 26762 22083 14558
22 27185 22084 14551
24 27523 22076 14540
23 27682 22074 14602
22 27665 22058 14667
24 27491 22062 14673
22 27240 22057 14677
23 26957 22052 14703
23 26722 22051 14668
23 26494 22042 14695
22 26348 22044 14680
24 26283 22037 14692
22 26266 22029 14694
23 26258 22022 14679
23 26288 22018 14679
23 26319 22014 14679
23 26349 22014 14676
23 26307 22011 14651
23 26279 22013 14545
22 26235 22008 14556
24 26205 22005 14557
22 26190 22011 14544
23 26157 22007 14540
23 26158 22007 14534
23 26162 22014 14533
22 26171 22008 14529
24 26140 22007 14557
22 26143 22007 14559
23 26152 22008 14551
24 26191 22009 14547
22 26298 22005 14540
24 26601 22001 14610
22 26998 22002 14592
23 27390 21997 14712
23 27591 21998 14691
23 27591 21996 14682
22 27468 21999 14679
24 27252 21991 14680
22 27013 21991 14656
23 26756 21984 14673
23 26534 21986 14656
23 26341 21983 14673
22 26245 21982 14698
24 26189 21979 14672
23 26216 21979 14698
22 26264 21977 14649
24 26296 21978 14545
22 26331 21978 14552
23 26316 21975 14562
23 26319 21976 14545
23 26250 21966 14547
22 26218 21960 14547
24 26190 21957 14546
22 26157 21960 14541
23 26148 21951 14556
23 26145 21949 14520
23 26127 21946 14552
23 26145 21943 14552
23 26156 21939 14543
23 26198 21938 14603
22 26209 21924 14683
24 26202 21920 14704
22 26206 21931 14700
24 26290 21919 14681
22 26517 21919 14695
23 26937 21918 14683
23 27331 21918 14694
23 27583 21919 14703
22 27657 21924 14674
24 27556 21934 14683
23 27356 21943 14652
22 27094 21951 14675
24 26869 21961 14664
22 26665 21975 14647
23 26479 21981 14541
23 26370 21997 14553
23 26355 22008 14546
22 26337 22023 14558
24 26349 22023 14557
22 26350 22034 14553
23 26347 22042 14566
23 26312 22050 14558
23 26267 22055 14563
22 26206 22057 14544
24 26134 22061 14546
23 26078 22069 14529
22 26039 22071 14560
24 26017 22070 14562
22 26030 22072 14691
23 26029 22074 14675
23 26007 22079 14694
23 26041 22082 14681
22 26082 22088 14691
24 26118 22089 14683
22 26161 22097 14706
24 26141 22091 14679
22 26168 22096 14704
23 26162 22093 14695
24 26226 22097 14696
22 26459 22094 14694
23 26834 22093 14659
23 27199 22094 14661
23 27463 22092 14521
22 27580 22095 14558
24 27532 22093 14531
22 27329 22088 14543
23 27119 22089 14525
23 26885 22090 14545
23 26640 22088 14559
22 26489 22089 14544
24 26353 22087 14534
22 26261 22094 14560
23 26265 22090 14538
24 26302 22094 14551
22 26348 22095 14570
23 26374 22094 14611
23 26387 22101 14690
23 26381 22106 14656
22 26336 22109 14683
24 26313 22117 14673
22 26278 22119 14679
23 26255 22128 14682
23 26231 22133 14702
23 26241 22140 14681
22 26220 22145 14670
24 26231 22146 14700
23 26275 22155 14679
23 26312 22155 14670
23 26326 22159 14661
22 26335 22160 14549
24 26317 22167 14548
22 26323 22165 14538
23 26374 22163 14560
23 26583 22165 14551
23 26910 22165 14544
22 27221 22169 14561
24 27458 22167 14533
22 27544 22171 14548
23 27467 22174 14520
24 27321 22178 14540
22 27149 22177 14551
23 26937 22182 14538
23 26764 22182 14568
23 26611 22184 14678
22 26467 22186 14680
24 26324 22190 14683
22 26224 22194 14686
23 26145 22193 14683
23 26073 22196 14671
23 26004 22195 14677
22 25959 22201 14684
24 25950 22201 14657
22 25945 22201 14654
23 25970 22202 14669
24 26029 22199 14677
22 26100 22199 14689
23 26203 22194 14640
23 26321 22190 14551
23 26419 22193 14553
23 26547 22186 14561
23 26706 22176 14549
22 26857 22174 14536
24 26909 22168 14563
22 26879 22154 14549
23 26829 22156 14546
23 26850 22145 14552
23 27003 22134 14538
23 27182 22139 14545
23 27318 22130 14521
23 27285 22120 14568
22 27251 22116 14606
24 27143 22107 14694
22 26990 22093 14680
23 26835 22082 14663
23 26644 22074 14685
23 26451 22065 14674
22 26275 22052 14700
24 26201 22048 14681
22 26250 22040 14680
23 26331 22031 14699
23 26455 22023 14682
23 26378 22016 14670
23 26201 22013 14706
23 26082 22013 14677
23 26048 22006 14648
22 26034 22007 14533
24 25969 21998 14541
22 25964 21997 14534
23 25988 21990 14545
23 26037 21977 14561
23 26101 21974 14548
23 26174 21964 14542
23 26243 21958 14530
22 26262 21954 14553
24 26199 21947 14547
23 26111 21941 14556
22 26067 21930 14529
24 26266 21926 14558
22 26609 21923 14577
23 26972 21915 14602
23 27221 21905 14672
23 27294 21899 14681
22 27170 21894 14678
24 26978 21885 14682
22 26768 21874 14683
23 26564 21876 14691
23 26377 21863 14682
23 26224 21855 14697
22 26128 21851 14677
24 26069 21843 14694
23 26080 21837 14684
22 26101 21836 14697
24 26133 21824 14662
22 26145 21827 14545
23 26161 21821 14552
23 26160 21816 14538
23 26114 21811 14542
22 26094 21814 14524
24 26036 21806 14546
22 26031 21803 14538
23 26014 21803 14558
23 26010 21800 14550
23 26041 21803 14554
24 26055 21801 14572
22 26052 21800 14550
23 26086 21804 14542
23 26143 21803 14570
23 26343 21804 14682
22 26711 21807 14668
24 27071 21807 14699
22 27344 21807 14677
23 27460 21810 14683
23 27426 21810 14653
23 27247 21808 14694
22 27074 21815 14670
24 26857 21817 14675
23 26676 21824 14678
22 26497 21831 14697
24 26396 21834 14676
22 26317 21846 14676
23 26309 21849 14647
23 26310 21869 14549
23 26358 21870 14549
22 26370 21875 14568
24 26368 21880 14550
22 26351 21894 14538
23 26305 21895 14552
23 26243 21897 14523
23 26192 21902 14552
22 26193 21906 14536
24 26130 21910 14544
23 26138 21914 14562
22 26165 21916 14553
24 26150 21915 14527
22 26164 21920 14598
24 26209 21921 14671
22 26221 21924 14686
23 26356 21927 14680
23 26647 21928 14684
23 27009 21932 14686
22 27324 21936 14691
24 27519 21940 14683
22 27501 21939 14674
23 27349 21946 14676
24 27119 21945 14673
22 26880 21951 14674
23 26682 21956 14678
23 26497 21958 14679
23 26401 21962 14642
22 26318 21971 14553
24 26292 21961 14547
22 26322 21967 14554
23 26366 21963 14554
23 26372 21969 14543
23 26374 21969 14554
22 26348 21968 14534
24 26316 21969 14565
23 26278 21968 14544
22 26217 21970 14557
24 26161 21975 14532
22 26125 21972 14530
23 26121 21975 14559
23 26145 21973 14574
23 26158 21971 14697
22 26164 21970 14678
24 26182 21965 14699
22 26169 21970 14679
24 26188 21966 14698
22 26307 21964 14687
23 26625 21962 14695
23 27023 21960 14702
23 27376 21957 14685
23 27579 21950 14675
23 27581 21954 14682
23 27439 21956 14657
22 27215 21957 14655
24 27011 21950 14625
22 26792 21951 14547
23 26631 21948 14552
23 26487 21947 14531
23 26375 21944 14545
22 26342 21946 14561
24 26357 21939 14552
22 26380 21937 14548
23 26405 21940 14563
24 26382 21940 14560
22 26368 21936 14533
23 26331 21934 14545
23 26270 21933 14549
23 26233 21929 14560
22 26192 21928 14593
24 26167 21924 14659
22 26121 21919 14703
23 26127 21922 14675
23 26127 21922 14697
23 26148 21919 14680
22 26200 21916 14683
24 26222 21916 14701
22 26221 21916 14703
24 26226 21916 14693
23 26298 21915 14680
22 26497 21912 14679
24 26867 21909 14680
22 27258 21910 14668
23 27534 21907 14531
23 27619 21908 14555
23 27534 21909 14530
22 27332 21909 14551
24 27088 21910 14528
22 26853 21906 14561
23 26677 21906 14543
23 26522 21904 14552
23 26388 21904 14546
23 26340 21902 14537
23 26318 21900 14553
23 26333 21903 14560
22 26387 21897 14553
24 26444 21904 14602
22 26426 21902 14692
23 26406 21898 14705
23 26329 21898 14682
23 26240 21904 14660
22 26183 21903 14700
24 26180 21902 14633
22 26152 21905 14680
23 26151 21906 14674
24 26156 21911 14677
22 26157 21912 14682
23 26168 21917 14691
23 26195 21918 14679
23 26233 21925 14698
23 26243 21924 14670
23 26230 21922 14553
22 26319 21929 14532
24 26552 21927 14551
22 26934 21925 14564
23 27349 21930 14551
23 27619 21925 14540
23 27670 21927 14534
22 27545 21922 14556
24 27303 21920 14526
23 27078 21924 14551
22 26852 21927 14544
24 26660 21919 14555
22 26495 21918 14552
23 26386 21920 14610
23 26336 21917 14584
23 26363 21914 14704
22 26393 21918 14671
24 26413 21919 14699
22 26434 21916 14672
23 26414 21921 14682
23 26367 21917 14701
23 26313 21920 14667
23 26248 21923 14680
23 26189 21920 14657
23 26160 21923 14673
22 26158 21924 14672
24 26138 21920 14681
22 26116 21922 14658
23 26125 21924 14551
23 26134 21924 14551
23 26143 21928 14561
23 26177 21925 14554
23 26180 21922 14548
22 26190 21924 14538
24 26192 21924 14565
22 26280 21922 14543
23 26530 21918 14549
24 26933 21922 14534
22 27328 21921 14523
23 27582 21919 14551
23 27605 21917 14536
23 27493 21917 14552
22 27304 21910 14682
24 27060 21909 14676
22 26850 21910 14681
23 26671 21910 14668
23 26549 21908 14688
23 26466 21908 14686
22 26383 21902 14679
24 26379 21912 14680
23 26386 21903 14681
22 26421 21904 14696
24 26448 21904 14694
22 26454 21901 14686
23 26432 21899 14677
23 26416 21897 14630
23 26387 21907 14549
22 26378 21902 14526
24 26388 21905 14547
22 26410 21903 14557
23 26397 21900 14572
23 26403 21901 14546
23 26377 21901 14542
24 26361 21900 14555
22 26347 21901 14560
23 26343 21901 14552
23 26355 21902 14549
23 26385 21900 14553
22 26581 21896 14547
24 26937 21898 14590
22 27362 21895 14662
23 27657 21895 14679
23 27789 21892 14654
23 27721 21897 14700
22 27508 21894 14704
24 27260 21894 14679
22 26993 21898 14683
23 26761 21903 14691
24 26582 21904 14696
22 26472 21907 14687
23 26391 21909 14681
23 26354 21921 14655
23 26354 21918 14702
22 26389 21921 14652
24 26384 21929 14541
22 26435 21934 14524
23 26460 21935 14545
23 26454 21938 14524
23 26417 21944 14557
22 26384 21944 14542
24 26317 21954 14544
23 26246 21951 14563
22 26243 21957 14547
24 26244 21956 14543
22 26237 21962 14549
24 26243 21965 14545
22 26263 21968 14549
23 26256 21973 14598
23 26259 21972 14643
23 26260 21970 14706
22 26323 21968 14697
24 26541 21974 14688
22 26939 21970 14658
23 27362 21976 14654
24 27643 21980 14667
22 27726 21984 14679
23 27613 21983 14685
23 27404 21987 14680
23 27129 21985 14683
22 26891 21990 14694
24 26699 21990 14679
22 26540 21994 14655
23 26430 21998 14556
23 26387 22002 14549
23 26360 22003 14558
22 26361 22000 14549
24 26379 22007 14544
22 26375 22007 14541
23 26335 22005 14551
24 26343 22004 14542
22 26310 22006 14555
23 26254 21999 14521
23 26216 22002 14560
23 26184 21996 14533
22 26181 21995 14564
24 26192 21996 14589
22 26214 21992 14685
24 26246 21988 14678
22 26244 21983 14695
23 26243 21984 14680
23 26218 21984 14697
23 26186 21984 14697
23 26146 21979 14690
23 26178 21982 14698
23 26365 21980 14675
22 26694 21980 14684
24 27154 21981 14670
22 27516 21986 14680
23 27696 21982 14639
23 27709 21984 14640
23 27547 21988 14531
22 27291 21998 14547
24 27033 21997 14547
22 26781 21995 14541
23 26533 21998 14549
23 26328 22002 14546
23 26247 21997 14553
23 26223 21998 14542
23 26246 21993 14550
23 26289 21995 14539
22 26324 21996 14554
24 26332 21992 14517
22 26281 21996 14575
23 26278 21994 14576
23 26233 21987 14681
23 26179 21984 14703
22 26107 21985 14677
24 26066 21981 14695
22 26069 21983 14696
24 26088 21980 14672
23 26151 21981 14681
22 26208 21977 14679
24 26255 21977 14705
22 26261 21975 14701
23 26312 21972 14674
23 26443 21975 14699
23 26757 21977 14624
22 27160 21974 14547
24 27495 21975 14537
22 27704 21978 14555
23 27717 21977 14550
23 27589 21971 14549
23 27341 21975 14555
22 27096 21974 14540
24 26861 21968 14539
23 26592 21970 14539
22 26432 21967 14553
24 26318 21973 14556
22 26265 21965 14547
23 26301 21962 14552
23 26391 21960 14588
23 26445 21962 14633
22 26473 21960 14692
24 26464 21959 14661
22 26428 21958 14677
23 26401 21960 14672
23 26354 21960 14685
23 26331 21957 14682
23 26284 21955 14668
23 26233 21953 14687
23 26181 21955 14683
23 26128 21953 14693
23 26096 21952 14681
22 26077 21951 14678
24 26098 21950 14647
22 26197 21950 14528
23 26429 21949 14539
23 26879 21951 14565
23 27302 21952 14527
22 27563 21952 14532
24 27665 21953 14521
23 27599 21953 14545
22 27413 21957 14530
24 27182 21951 14559
22 26965 21954 14540
23 26770 21959 14545
23 26605 21956 14565
23 26466 21955 14558
22 26380 21955 14561
24 26312 21963 14710
22 26281 21954 14685
23 26254 21955 14677
23 26244 21958 14681
23 26245 21958 14658
22 26206 21955 14699
24 26167 21959 14636
23 26130 21960 14700
22 26095 21960 14682
24 26031 21963 14678
22 25989 21959 14697
23 25983 21964 14687
23 26007 21963 14698
23 26017 21967 14670
23 26039 21966 14565
23 26107 21967 14546
22 26299 21979 14533
24 26615 21973 14552
22 27060 21975 14548
23 27458 21977 14524
24 27682 21976 14548
22 27655 21980 14516
23 27538 21981 14560
23 27300 21982 14526
23 27031 21985 14550
22 26793 21985 14556
24 26584 21985 14556
22 26409 21984 14585
23 26319 21986 14681
23 26360 21989 14699
23 26441 21995 14681
22 26588 22002 14682
24 26783 22016 14702
22 26993 22024 14699
23 27128 22033 14686
24 27182 22044 14703
22 27159 22060 14664
23 26998 22079 14697
23 26715 22093 14654
23 26399 22102 14681
22 26099 22116 14668
24 25867 22124 14654
22 25757 22141 14557
23 25763 22147 14563
23 25936 22152 14550
23 26240 22157 14551
23 26722 22155 14549
23 27198 22154 14559
23 27549 22155 14546
23 27730 22152 14549
23 27711 22153 14548
22 27502 22143 14538
24 27234 22148 14538
22 26941 22146 14527
23 26653 22153 14555
23 26384 22148 14584
23 26234 22150 14591
22 26175 22151 14677
24 26136 22152 14696
22 26201 22155 14681
23 26281 22157 14676
24 26317 22162 14686
22 26362 22165 14684
23 26366 22166 14697
23 26323 22177 14696
23 26300 22175 14676
22 26264 22179 14681
24 26238 22177 14672
22 26207 22178 14689
23 26224 22182 14647
23 26197 22182 14526
23 26214 22190 14536
22 26224 22187 14542
24 26288 22183 14541
22 26449 22188 14553
23 26768 22183 14551
24 27179 22181 14555
22 27494 22180 14536
24 27639 22180 14539
22 27628 22177 14550
23 27476 22176 14550
23 27253 22174 14551
23 26997 22177 14547
22 26735 22174 14573
24 26516 22173 14693
22 26325 22177 14660
23 26235 22173 14691
23 26199 22170 14669
23 26214 22172 14686
23 26284 22170 14703
23 26330 22173 14694
23 26339 22173 14679
22 26316 22173 14693
24 26275 22177 14698
22 26240 22176 14693
23 26171 22171 14686
23 26136 22178 14694
23 26122 22174 14650
22 26079 22179 14540
24 26109 22174 14539
22 26140 22173 14532
23 26139 22170 14555
24 26166 22170 14526
22 26268 22171 14550
23 26542 22168 14530
23 26927 22165 14545
23 27334 22160 14559
22 27582 22158 14543
24 27644 22155 14558
22 27505 22162 14564
24 27286 22160 14578
22 27047 22162 14588
23 26800 22160 14684
23 26575 22160 14691
23 26401 22161 14680
22 26260 22158 14675
24 26197 22165 14680
23 26173 22164 14656
22 26212 22165 14699
24 26240 22165 14654
22 26277 22154 14678
23 26298 22158 14702
23 26255 22156 14680
23 26188 22154 14682
22 26124 22152 14666
24 26097 22148 14666
22 26045 22153 14547
23 26060 22149 14564
23 26088 22151 14549
23 26081 22141 14565
23 26101 22136 14557
23 26092 22133 14556
23 26092 22137 14538
22 26211 22130 14561
24 26503 22126 14522
22 26911 22126 14545
23 27293 22124 14545
23 27525 22122 14561
23 27576 22125 14588
22 27432 22122 14608
24 27228 22123 14681
22 26988 22124 14680
24 26732 22121 14700
22 26492 22122 14682
23 26278 22126 14690
24 26077 22126 14679
22 25895 22128 14682
23 25827 22132 14662
23 25870 22135 14684
23 25937 22131 14676
22 26050 22138 14683
24 26129 22141 14670
22 26178 22136 14646
23 26189 22136 14522
23 26185 22132 14561
23 26171 22123 14534
22 26150 22112 14544
24 26110 22100 14533
23 26096 22093 14554
22 26093 22081 14551
24 26118 22076 14548
22 26183 22069 14566
23 26230 22062 14542
23 26377 22060 14569
23 26693 22059 14539
22 27064 22059 14560
24 27410 22068 14537
22 27625 22078 14681
23 27681 22080 14671
23 27520 22088 14681
23 27264 22102 14704
22 26998 22113 14694
24 26738 22120 14671
23 26480 22135 14681
23 26318 22141 14685
23 26231 22147 14696
22 26202 22154 14698
24 26252 22161 14703
22 26286 22166 14698
23 26362 22168 14673
23 26373 22175 14653
23 26393 22174 14531
22 26355 22181 14556
24 26307 22181 14532
22 26257 22175 14552
23 26216 22181 14545
24 26173 22181 14550
22 26148 22181 14562
23 26140 22181 14528
23 26143 22173 14562
23 26153 22175 14562
22 26342 22170 14539
24 26668 22178 14552
22 27053 22173 14547
23 27402 22177 14601
23 27559 22170 14681
23 27555 22169 14671
22 27401 22171 14705
24 27155 22166 14660
23 26880 22170 14672
22 26646 22170 14676
24 26459 22168 14664
22 26306 22168 14681
23 26225 22169 14677
23 26218 22167 14681
23 26271 22167 14699
23 26290 22168 14682
23 26319 22173 14700
22 26356 22170 14651
24 26355 22174 14555
22 26289 22175 14566
23 26260 22170 14555
23 26226 22175 14555
23 26196 22173 14537
23 26170 22175 14551
23 26166 22170 14531
23 26151 22167 14538
22 26138 22166 14521
24 26160 22168 14557
22 26316 22166 14556
23 26628 22164 14549
23 27076 22166 14557
23 27470 22168 14597
22 27689 22165 14573
24 27699 22163 14694
22 27578 22158 14683
23 27320 22161 14680
24 27044 22158 14684
22 26811 22157 14658
23 26581 22152 14699
23 26401 22152 14661
23 26286 22150 14685
22 26252 22148 14675
24 26256 22143 14697
22 26271 22143 14679
23 26312 22146 14684
23 26343 22142 14650
23 26340 22143 14530
23 26224 22144 14543
23 26151 22143 14560
22 26071 22142 14540
24 25960 22138 14547
23 25895 22138 14550
22 25859 22134 14542
24 25832 22140 14553
22 25836 22140 14533
23 25837 22149 14546
23 25872 22149 14511
23 25978 22150 14545
22 26320 22156 14556
24 26795 22163 14592
22 27248 22160 14712
23 27556 22164 14679
23 27620 22171 14677
23 27491 22173 14680
23 27233 22179 14697
23 26982 22184 14679
23 26728 22185 14698
22 26462 22189 14660
24 26255 22192 14685
22 26135 22197 14665
23 26065 22203 14701
23 26088 22204 14652
23 26121 22206 14675
22 26150 22208 14627
24 26150 22208 14545
22 26160 22212 14557
23 26120 22211 14548
24 26073 22213 14551
22 26037 22217 14552
24 25976 22219 14569
22 25917 22218 14556
23 25899 22221 14546
23 25883 22220 14553
23 25940 22224 14548
22 25941 22226 14546
24 25992 22227 14564
22 26031 22221 14538
23 26039 22228 14601
23 26147 22224 14674
23 26382 22224 14670
22 26817 22228 14671
24 27336 22227 14673
23 27782 22232 14696
22 28000 22230 14695
24 27971 22229 14705
22 27798 22233 14683
23 27562 22231 14679
23 27227 22237 14700
23 26987 22233 14662
22 26743 22228 14678
24 26555 22225 14700
22 26461 22225 14645
23 26424 22226 14550
23 26453 22222 14523
23 26486 22226 14546
23 26521 22218 14529
23 26508 22211 14566
23 26468 22213 14551
22 26420 22211 14528
24 26342 22209 14565
22 26264 22213 14555
24 26190 22210 14543
22 26193 22210 14567
23 26173 22208 14556
23 26173 22208 14600
23 26184 22204 14601
22 26205 22206 14676
24 26232 22204 14671
23 26233 22215 14658
22 26251 22214 14697
24 26248 22220 14669
22 26198 22222 14681
23 26357 22232 14680
23 26704 22235 14678
23 27138 22243 14700
22 27534 22252 14693
24 27764 22246 14697
22 27764 22256 14698
23 27590 22255 14652
23 27376 22260 14656
23 27100 22256 14553
22 26866 22252 14547
24 26626 22252 14535
23 26452 22252 14519
22 26348 22244 14549
24 26288 22242 14536
22 26284 22240 14553
23 26321 22232 14545
23 26322 22228 14574
23 26352 22215 14556
22 26329 22208 14551
24 26280 22197 14558
22 26234 22193 14561
24 26180 22182 14644
22 26196 22175 14676
23 26150 22165 14697
24 26146 22155 14698
22 26165 22147 14702
23 26135 22138 14678
23 26154 22137 14685
23 26176 22131 14653
22 26175 22132 14694
24 26222 22132 14665
22 26413 22123 14677
23 26770 22127 14703
23 27192 22125 14680
23 27571 22126 14651
22 27759 22130 14550
24 27681 22125 14550
22 27538 22130 14532
23 27285 22126 14550
24 27025 22128 14553
22 26761 22128 14553
23 26546 22127 14545
23 26374 22133 14556
23 26258 22132 14519
22 26266 22131 14522
24 26315 22133 14539
22 26396 22134 14548
23 26500 22128 14545
23 26573 22128 14587
23 26647 22131 14699
22 26660 22127 14675
24 26652 22123 14698
23 26644 22126 14682
23 26585 22127 14712
23 26577 22132 14705
22 26570 22128 14677
24 26541 22129 14689
22 26525 22130 14678
23 26506 22123 14664
23 26499 22124 14686
23 26627 22122 14679
22 26926 22122 14687
24 27309 22123 14620
22 27582 22123 14547
23 27703 22123 14545
24 27575 22118 14524
22 27269 22115 14551
23 26859 22118 14547
23 26487 22115 14545
23 26141 22119 14556
22 25929 22117 14563
24 25809 22121 14542
22 25762 22123 14542
23 25783 22123 14554
23 25885 22123 14547
23 26001 22122 14526
22 26111 22122 14589
24 26181 22121 14583
22 26231 22119 14698
23 26213 22118 14692
24 26166 22115 14702
22 26095 22112 14704
23 26043 22109 14672
23 26020 22104 14688
23 25983 22104 14698
23 26011 22097 14675
23 26018 22094 14681
22 26027 22097 14681
24 26041 22091 14683
22 26064 22090 14696
23 26072 22090 14609
23 26110 22098 14545
23 26210 22091 14536
23 26433 22090 14550
23 26840 22093 14529
23 27299 22089 14556
22 27598 22096 14529
24 27662 22097 14548
22 27555 22101 14540
23 27312 22110 14535
23 27006 22104 14549
23 26664 22109 14566
22 26392 22113 14535
24 26147 22114 14548
22 25992 22112 14550
23 25914 22114 14704
23 25928 22114 14698
23 25955 22112 14686
23 26003 22114 14687
23 26064 22111 14676
23 26102 22113 14696
22 26109 22113 14687
24 26104 22110 14650
22 26107 22110 14682
23 26069 22108 14698
23 26062 22104 14699
23 26073 22111 14681
23 26097 22108 14692
23 26153 22110 14650
22 26192 22113 14532
24 26226 22113 14552
23 26272 22105 14562
22 26413 22100 14541
24 26687 22100 14555
22 27062 22098 14539
23 27465 22099 14539
23 27699 22092 14538
23 27712 22092 14552
22 27556 22086 14561
24 27282 22085 14539
22 26933 22081 14550
23 26600 22083 14546
23 26301 22075 14589
23 26058 22069 14699
22 25871 22069 14681
24 25796 22061 14683
23 25848 22061 14676
22 26050 22061 14695
24 26289 22055 14677
22 26529 22058 14686
23 26686 22060 14699
23 26723 22055 14647
23 26670 22062 14699
22 26585 22061 14670
24 26488 22063 14668
22 26391 22069 14681
23 26344 22073 14645
23 26280 22082 14541
23 26232 22088 14564
24 26204 22090 14542
22 26194 22099 14553
23 26325 22098 14542
23 26719 22096 14543
23 27221 22094 14549
22 27639 22083 14551
24 27863 22078 14563
22 27877 22066 14516
23 27739 22057 14565
23 27462 22048 14534
23 27161 22032 14565
22 26846 22024 14591
24 26554 22005 14661
23 26337 21984 14685
22 26229 21969 14667
24 26211 21959 14695
22 26275 21945 14671
23 26371 21934 14698
23 26458 21924 14699
23 26471 21908 14704
22 26449 21901 14679
24 26392 21891 14697
22 26329 21886 14669
23 26235 21882 14695
23 26160 21876 14649
23 26121 21873 14651
22 26056 21875 14525
24 26054 21873 14553
23 26044 21875 14539
22 26084 21875 14538
24 26310 21882 14547
22 26720 21886 14543
24 27164 21886 14567
22 27460 21892 14551
23 27623 21898 14562
23 27573 21901 14550
23 27399 21904 14557
22 27145 21907 14542
24 26843 21911 14565
22 26552 21912 14571
23 26282 21905 14703
24 26076 21903 14661
22 25990 21905 14655
23 25986 21902 14696
23 26062 21899 14675
23 26146 21899 14685
22 26235 21900 14676
24 26294 21899 14684
22 26398 21899 14680
23 26463 21905 14679
23 26499 21906 14679
23 26595 21904 14699
22 26613 21905 14649
24 26566 21907 14607
23 26437 21912 14526
22 26288 21920 14564
24 26222 21930 14535
22 26299 21942 14556
23 26668 21948 14531
23 27259 21954 14558
23 27782 21968 14551
22 28148 21978 14558
24 28270 21991 14550
22 28128 22008 14550
24 27860 22018 14543
22 27544 22037 14538
23 27200 22045 14609
23 26835 22057 14662
23 26520 22066 14675
23 26275 22073 14673
23 26186 22090 14676
23 26231 22097 14672
22 26342 22104 14699
24 26531 22116 14673
22 26602 22119 14701
23 26566 22134 14696
23 26393 22137 14672
23 26135 22145 14659
22 25856 22157 14693
24 25611 22152 14683
22 25487 22158 14662
23 25463 22160 14558
24 25440 22162 14545
22 25401 22160 14545
23 25416 22153 14559
23 25577 22152 14546
23 25933 22149 14538
22 26459 22142 14556
24 26998 22139 14519
22 27400 22139 14557
23 27590 22138 14541
23 27583 22140 14534
23 27453 22141 14551
22 27194 22145 14555
24 26929 22147 14597
22 26682 22151 14593
24 26479 22147 14682
23 26300 22152 14684
22 26213 22155 14700
24 26153 22161 14670
22 26084 22157 14697
23 26064 22160 14674
23 26006 22161 14676
23 25975 22158 14655
22 25938 22167 14674
24 25910 22166 14672
22 25910 22164 14694
23 25902 22164 14686
23 25888 22159 14649
23 25885 22165 14562
23 25869 22160 14549
23 25886 22160 14535
23 25893 22155 14550
22 25920 22153 14554
24 26008 22154 14536
22 26248 22149 14548
23 26576 22146 14562
23 26861 22144 14556
23 27060 22148 14528
22 27126 22147 14539
24 27072 22139 14522
22 26881 22140 14546
23 26669 22138 14540
24 26477 22139 14699
22 26277 22141 14680
23 26124 22141 14691
23 25974 22137 14680
23 25925 22137 14683
23 25923 22141 14703
23 25980 22139 14676
22 26067 22143 14695
24 26119 22142 14674
22 26192 22143 14678
23 26229 22145 14687
23 26177 22141 14704
23 26139 22142 14675
22 26094 22144 14649
24 26043 22151 14527
23 26007 22146 14540
22 25988 22155 14547
24 26004 22154 14549
22 26016 22162 14559
23 26006 22167 14565
23 26026 22165 14545
23 26086 22177 14547
22 26202 22178 14557
24 26365 22182 14533
22 26546 22191 14544
23 26632 22190 14541
23 26667 22198 14546
23 26635 22206 14586
23 26531 22209 14704
23 26426 22217 14660
23 26320 22223 14679
22 26244 22229 14691
24 26161 22230 14698
22 26121 22238 14682
23 26105 22240 14667
23 26100 22247 14678
23 26160 22251 14680
23 26199 22251 14697
23 26212 22260 14701
22 26220 22261 14681
24 26222 22264 14698
22 26213 22263 14649
23 26199 22267 14538
24 26205 22270 14553
22 26206 22273 14531
23 26192 22275 14554
23 26183 22275 14533
23 26194 22276 14555
22 26198 22280 14537
24 26199 22287 14546
22 26214 22289 14561
23 26237 22291 14556
23 26265 22292 14548
23 26335 22298 14565
22 26433 22299 14558
24 26501 22303 14580
23 26530 22306 14650
22 26537 22301 14699
24 26495 22300 14687
22 26428 22301 14661
23 26362 22300 14686
23 26319 22305 14658
23 26275 22303 14697
22 26271 22303 14672
24 26279 22307 14676
22 26285 22306 14699
23 26287 22308 14681
23 26293 22309 14680
23 26304 22313 14680
24 26275 22309 14640
22 26275 22311 14546
23 26294 22312 14542
23 26290 22308 14555
23 26296 22309 14565
22 26294 22303 14538
24 26280 22308 14549
22 26240 22306 14544
23 26243 22309 14549
23 26260 22306 14535
23 26259 22303 14580
22 26260 22301 14548
24 26264 22300 14545
22 26302 22303 14567
23 26377 22306 14602
24 26476 22296 14698
22 26525 22300 14698
23 26550 22296 14681
23 26548 22307 14699
23 26532 22300 14690
22 26506 22299 14679
24 26464 22300 14699
22 26442 22298 14685
23 26402 22299 14704
23 26386 22294 14665
23 26375 22298 14683
22 26355 22299 14696
24 26358 22296 14655
23 26376 22299 14652
22 26353 22303 14543
24 26360 22302 14547
22 26368 22306 14567
24 26374 22302 14549
22 26378 22306 14558
23 26353 22306 14543
23 26355 22311 14543
23 26348 22306 14556
22 26330 22310 14552
24 26344 22315 14562
22 26356 22315 14526
23 26351 22321 14544
24 26355 22315 14565
22 26353 22319 14604
23 26393 22315 14682
23 26422 22315 14677
23 26442 22318 14687
22 26517 22322 14666
24 26570 22322 14684
22 26593 22324 14678
23 26616 22323 14675
23 26590 22331 14688
23 26560 22326 14702
22 26513 22329 14680
24 26479 22326 14699
22 26463 22330 14664
23 26461 22329 14657
24 26461 22326 14551
22 26436 22330 14547
23 26464 22330 14555
23 26477 22328 14549
23 26481 22329 14553
22 26492 22330 14557
24 26469 22329 14540
22 26472 22327 14543
24 26443 22326 14551
22 26433 22327 14538
23 26434 22329 14549
