Delay= 19552
Source file: EDA_withMillis_noAccel_Final.ino
Millis PPG EDA T_Skin
20 25479 31536 4350
21 25407 31542 4456
23 25274 31562 4455
22 25339 31572 4461
22 25334 31585 4432
22 25382 31592 4425
21 25457 31597 4444
23 25493 31602 4438
21 25540 31600 4433
23 25572 31605 4418
21 25641 31606 4442
23 25662 31602 4463
21 25634 31601 4479
22 25753 31595 4455
22 26161 31592 4428
22 27038 31587 4425
22 28233 31584 4426
22 29358 31581 4444
21 30023 31574 4447
23 29934 31569 4426
21 29135 31566 4408
23 27946 31564 4447
21 26676 31556 4451
22 25676 31556 4444
22 25069 31557 4463
22 24785 31558 4447
22 24809 31564 4427
22 25156 31576 4461
21 25693 31587 4461
23 26213 31600 4445
21 26659 31613 4442
23 27026 31632 4432
21 26967 31643 4437
22 26781 31660 4445
22 26439 31675 4456
22 26064 31687 4452
22 25763 31696 4443
22 25503 31704 4414
21 25356 31715 4442
23 25265 31713 4427
22 25261 31716 4427
22 25294 31716 4445
22 25378 31713 4410
21 25398 31708 4448
23 25462 31706 4449
21 25528 31702 4438
23 25533 31705 4447
21 25622 31706 4444
22 25955 31705 4407
22 26696 31710 4449
22 27892 31710 4439
22 29262 31706 4426
22 30435 31708 4437
22 30810 31703 4426
22 30254 31707 4437
21 29002 31708 4454
23 27598 31708 4445
21 26232 31712 4460
23 25275 31714 4462
21 24753 31715 4435
22 24655 31715 4410
22 24835 31715 4446
22 25217 31716 4448
22 25803 31719 4437
22 26334 31722 4444
21 26870 31725 4420
23 27040 31740 4451
21 26987 31754 4465
23 26721 31767 4434
21 26316 31781 4436
22 25867 31793 4445
22 25531 31799 4416
22 25255 31799 4428
22 25156 31801 4463
22 25174 31797 4420
22 25176 31797 4446
22 25230 31787 4438
22 25234 31784 4427
22 25318 31778 4463
22 25438 31772 4461
21 25505 31763 4467
23 25586 31758 4463
21 25612 31748 4425
23 25775 31739 4436
21 26268 31743 4461
22 27432 31752 4426
22 29039 31762 4446
22 30639 31773 4426
22 31409 31778 4431
22 31261 31782 4465
22 30123 31785 4465
22 28441 31780 4447
21 26840 31779 4408
23 25551 31773 4426
21 24763 31771 4436
23 24417 31760 4446
21 24529 31750 4420
22 24942 31741 4437
22 25548 31734 4441
22 26166 31720 4454
22 26783 31712 4462
22 27206 31701 4445
21 27171 31690 4461
23 26906 31679 4449
21 26546 31671 4444
23 26016 31660 4431
21 25603 31650 4428
22 25303 31640 4437
22 25136 31631 4437
22 24997 31624 4426
23 24980 31616 4427
21 25070 31608 4444
22 25128 31603 4439
22 25239 31598 4443
22 25318 31589 4444
22 25382 31585 4426
22 25408 31581 4437
21 25477 31573 4421
23 25539 31568 4419
21 25637 31566 4425
23 25945 31564 4426
21 26890 31562 4447
22 28463 31561 4464
22 30216 31563 4472
22 31478 31566 4444
22 31662 31567 4429
22 30731 31567 4436
21 29108 31573 4408
23 27423 31576 4434
21 25905 31579 4433
23 24828 31581 4432
21 24264 31582 4445
23 24185 31589 4427
21 24547 31589 4461
22 25160 31593 4478
22 25892 31598 4444
22 26615 31599 4461
22 27066 31602 4437
22 27299 31609 4443
21 27157 31612 4479
23 26810 31619 4433
21 26315 31622 4445
23 25844 31632 4425
21 25419 31637 4443
22 25086 31643 4445
22 25035 31648 4456
22 25024 31655 4443
23 25046 31659 4427
21 25122 31666 4446
22 25154 31670 4449
22 25304 31676 4443
22 25369 31680 4447
22 25367 31687 4426
22 25423 31690 4427
21 25545 31695 4424
23 25584 31699 4463
21 26116 31699 4461
23 27221 31704 4465
21 28898 31703 4437
22 30591 31706 4434
22 31509 31709 4437
22 31423 31712 4427
22 30293 31709 4418
22 28628 31710 4437
21 26873 31710 4419
23 25417 31708 4425
21 24475 31706 4448
23 24007 31706 4445
21 24008 31715 4460
22 24425 31720 4455
22 25098 31727 4417
22 25938 31731 4438
22 26688 31731 4445
22 27153 31732 4464
22 27432 31729 4427
22 27232 31732 4426
21 26797 31725 4429
23 26386 31721 4430
21 25859 31719 4445
23 25464 31713 4463
21 25147 31706 4433
22 25054 31705 4418
22 25052 31697 4437
22 25086 31700 4446
23 25246 31696 4438
21 25342 31696 4426
22 25371 31697 4449
22 25470 31695 4445
22 25740 31694 4446
22 26612 31699 4463
22 28098 31701 4464
21 29907 31703 4439
23 31234 31704 4461
21 31528 31705 4428
23 30772 31703 4420
21 29263 31702 4446
22 27458 31697 4436
22 25824 31696 4442
22 24653 31692 4443
22 24018 31689 4450
22 23871 31688 4479
21 24209 31682 4443
23 24886 31678 4463
21 25660 31676 4461
23 26490 31670 4439
21 27086 31662 4442
22 27445 31658 4439
22 27385 31650 4427
22 27024 31637 4431
22 26510 31632 4426
22 25975 31623 4446
22 25583 31618 4446
22 25362 31609 4450
21 25272 31602 4444
23 25243 31597 4437
21 25452 31592 4448
23 25536 31582 4424
21 25606 31578 4462
22 25706 31572 4436
22 25831 31568 4443
22 26216 31563 4430
23 27493 31560 4434
21 29757 31556 4464
22 32458 31554 4437
22 32767 31564 4461
22 32767 31566 4419
22 32767 31566 4424
22 32767 31576 4409
21 31494 31578 4446
23 29498 31583 4446
21 27634 31585 4430
23 25905 31589 4426
21 24424 31595 4419
22 23279 31595 4461
22 22593 31598 4477
22 22539 31600 4460
22 23018 31600 4446
22 23794 31603 4429
21 24903 31603 4460
23 25915 31603 4461
21 26419 31598 4420
23 26553 31602 4437
21 26390 31598 4436
22 25895 31599 4438
22 25343 31600 4449
22 24899 31598 4438
22 24583 31597 4461
22 24437 31597 4428
21 24363 31601 4444
23 24379 31601 4443
21 24494 31605 4427
23 24925 31603 4460
21 26181 31607 4430
23 28286 31609 4429
21 30820 31612 4443
22 32500 31615 4445
23 32719 31618 4444
21 31387 31621 4426
23 29168 31620 4432
21 26638 31630 4425
22 24438 31632 4429
22 23002 31631 4431
22 22342 31636 4438
22 22488 31631 4429
22 23156 31632 4444
21 24208 31627 4426
23 25308 31625 4422
21 26410 31627 4479
23 27058 31620 4444
21 27342 31619 4453
22 27065 31610 4418
22 26636 31607 4445
22 26018 31605 4450
22 25487 31602 4471
22 24969 31595 4433
21 24669 31591 4426
23 24550 31591 4427
21 24575 31585 4462
23 24674 31584 4461
21 24781 31581 4457
22 25228 31578 4451
22 26391 31575 4437
22 28603 31574 4462
22 31058 31571 4452
22 32767 31573 4438
21 32767 31573 4426
23 31872 31570 4426
21 29693 31571 4423
23 27192 31569 4429
21 24993 31570 4457
23 23545 31570 4438
21 22859 31569 4461
22 22892 31573 4429
23 23439 31573 4447
21 24346 31576 4458
23 25497 31579 4456
21 26502 31577 4431
22 27169 31579 4425
22 27408 31582 4443
22 27321 31587 4425
22 26735 31592 4448
22 26144 31598 4437
21 25489 31607 4469
23 25020 31614 4425
21 24688 31620 4448
23 24559 31630 4445
21 24578 31644 4446
22 24695 31652 4420
22 25350 31668 4418
22 26948 31676 4432
22 29114 31690 4426
22 31187 31704 4433
21 32326 31719 4452
23 31995 31729 4459
21 30517 31743 4411
23 28431 31757 4429
21 26253 31772 4410
22 24548 31787 4438
22 23474 31804 4437
22 22989 31818 4425
22 23167 31831 4445
22 23898 31846 4420
21 24764 31856 4446
23 25795 31868 4460
21 26649 31876 4461
23 27036 31881 4433
21 27097 31889 4443
22 26765 31894 4431
22 26205 31897 4444
22 25587 31900 4443
23 25130 31902 4446
21 24758 31906 4446
23 24595 31903 4416
21 24607 31910 4445
22 24707 31907 4438
22 25262 31907 4438
22 26611 31910 4438
22 28482 31912 4462
22 30216 31912 4464
21 31179 31913 4421
23 31075 31915 4462
21 29901 31912 4427
23 28181 31915 4443
21 26321 31913 4418
22 24864 31912 4444
22 23956 31916 4445
22 23613 31914 4462
22 23788 31915 4434
22 24327 31915 4445
21 25060 31917 4451
23 25857 31913 4443
21 26439 31914 4438
23 26750 31913 4448
21 26732 31914 4418
22 26424 31916 4444
22 26012 31917 4447
22 25553 31914 4463
22 25199 31916 4460
22 24893 31917 4429
21 24798 31914 4455
23 24805 31917 4426
21 24938 31917 4444
23 25473 31916 4456
21 26612 31916 4426
22 28276 31917 4437
22 29663 31914 4437
22 30381 31918 4455
23 30200 31918 4461
21 29213 31915 4468
23 27893 31916 4461
21 26591 31918 4440
22 25584 31917 4420
22 24853 31916 4416
22 24623 31917 4427
22 24696 31912 4419
22 25096 31917 4419
21 25619 31915 4437
23 26103 31917 4463
21 26556 31915 4446
23 26783 31916 4464
21 26740 31918 4450
22 26575 31917 4414
22 26152 31916 4449
22 25755 31917 4419
22 25473 31915 4417
22 25252 31918 4419
21 25114 31914 4426
23 25149 31915 4449
21 25246 31915 4421
23 25598 31917 4465
21 26436 31916 4462
22 27918 31915 4437
22 29272 31914 4444
22 30032 31915 4420
22 30000 31916 4443
22 29176 31917 4444
21 28018 31919 4442
23 26838 31914 4401
21 25682 31914 4419
23 25056 31914 4438
21 24753 31915 4461
22 24811 31914 4463
23 25165 31917 4471
21 25672 31914 4444
23 26133 31913 4446
21 26557 31916 4425
22 26765 31918 4465
22 26718 31913 4441
22 26452 31912 4419
22 26142 31914 4445
22 25826 31915 4416
22 25531 31918 4480
22 25370 31920 4456
21 25262 31918 4448
23 25323 31913 4463
21 25409 31916 4427
23 25516 31916 4424
21 25715 31914 4462
22 26160 31916 4459
22 27296 31915 4438
22 28614 31919 4437
22 29729 31917 4445
22 29989 31917 4445
21 29534 31915 4464
23 28399 31916 4438
21 27100 31919 4454
23 25957 31917 4429
21 25195 31918 4462
22 24964 31918 4428
22 24909 31916 4443
22 25061 31915 4442
22 25497 31916 4452
22 25938 31916 4436
21 26372 31916 4462
23 26715 31915 4469
21 26706 31918 4450
23 26523 31919 4450
21 26309 31916 4432
22 25986 31916 4430
23 25725 31913 4426
21 25494 31917 4455
23 25397 31916 4432
21 25360 31916 4443
22 25414 31919 4420
22 25471 31915 4428
22 25572 31917 4462
22 25625 31919 4438
22 25675 31919 4460
21 25750 31919 4412
23 26108 31913 4449
21 26913 31914 4455
23 28190 31921 4445
21 29327 31918 4426
23 29909 31916 4438
21 29648 31918 4419
22 28731 31918 4421
22 27577 31915 4457
22 26560 31916 4456
22 25643 31919 4461
22 25208 31916 4450
21 25120 31915 4444
23 25165 31917 4445
21 25544 31921 4471
23 25936 31917 4453
21 26330 31917 4426
22 26610 31915 4444
22 26798 31912 4444
22 26722 31914 4461
22 26497 31916 4463
22 26276 31918 4461
21 25925 31916 4463
23 25654 31916 4446
21 25486 31912 4417
23 25398 31917 4438
21 25390 31917 4427
22 25410 31917 4426
23 25555 31916 4441
21 25596 31915 4445
23 25716 31917 4462
21 25783 31916 4467
22 25800 31918 4455
22 25776 31918 4437
22 25837 31920 4442
22 25979 31917 4446
22 26458 31917 4443
21 27467 31919 4456
23 28724 31919 4429
21 29621 31916 4414
23 29997 31921 4428
21 29535 31917 4468
23 28558 31919 4438
21 27417 31921 4436
22 26440 31919 4428
22 25796 31919 4427
22 25423 31915 4444
22 25325 31916 4438
22 25471 31914 4414
21 25818 31914 4443
23 26228 31916 4425
21 26481 31917 4412
23 26771 31914 4457
21 26879 31918 4454
22 26801 31917 4460
22 26521 31917 4419
22 26259 31919 4445
22 25898 31917 4460
22 25742 31915 4464
21 25599 31917 4426
23 25549 31916 4445
21 25469 31917 4437
23 25455 31919 4443
21 25523 31914 4439
22 25649 31918 4464
23 25668 31914 4439
21 25733 31916 4463
23 25825 31916 4448
21 25741 31918 4446
22 25813 31918 4443
22 25852 31918 4430
22 25808 31917 4426
22 25826 31918 4419
22 26012 31917 4444
21 26681 31915 4457
23 27793 31914 4444
21 29211 31916 4438
23 30273 31918 4455
21 30667 31916 4419
22 30216 31920 4445
22 29247 31916 4418
22 27888 31915 4420
22 26771 31917 4419
22 25919 31918 4429
22 25449 31917 4418
22 25365 31917 4422
21 25620 31919 4462
23 26034 31917 4445
21 26498 31917 4458
23 26888 31918 4444
21 27209 31917 4431
22 27187 31919 4445
22 27057 31919 4444
22 26734 31917 4426
22 26221 31918 4426
22 25893 31915 4427
21 25561 31917 4428
23 25366 31918 4463
21 25278 31916 4479
23 25262 31919 4461
22 25331 31917 4426
21 25392 31917 4418
23 25534 31916 4427
21 25529 31916 4445
23 25668 31914 4442
21 25668 31917 4398
22 25743 31915 4408
22 25781 31918 4430
22 25745 31915 4463
22 25780 31918 4445
22 25642 31917 4465
21 25805 31918 4449
23 26227 31920 4445
21 27385 31919 4419
23 28946 31921 4464
21 30617 31917 4433
22 31537 31918 4419
22 31450 31917 4415
22 30379 31918 4429
22 28840 31918 4463
22 27268 31921 4438
22 26005 31914 4462
22 25155 31919 4432
21 24731 31917 4445
23 24827 31922 4441
21 25214 31918 4444
23 25802 31917 4438
21 26423 31918 4445
22 26955 31917 4427
22 27223 31914 4441
22 27121 31918 4466
22 26790 31920 4438
22 26293 31918 4472
21 25798 31920 4430
23 25400 31921 4438
21 25086 31920 4425
23 24900 31922 4438
22 24881 31919 4434
21 24867 31919 4444
23 25007 31917 4438
21 25050 31921 4444
23 25129 31918 4463
21 25216 31916 4456
22 25338 31918 4437
22 25413 31916 4454
22 25515 31918 4436
22 25588 31915 4409
22 25640 31919 4437
21 25608 31918 4442
23 25713 31918 4445
21 26374 31918 4453
23 27729 31917 4427
21 29512 31918 4466
22 31070 31920 4464
22 31885 31917 4438
22 31499 31917 4442
22 30089 31916 4410
22 28450 31920 4442
21 26646 31916 4446
23 25304 31917 4420
21 24476 31918 4424
23 24209 31910 4419
21 24348 31917 4426
23 24888 31918 4457
21 25668 31917 4461
22 26441 31914 4464
22 26976 31916 4460
22 27316 31918 4463
22 27298 31919 4409
22 26893 31917 4445
21 26304 31917 4445
23 25710 31917 4438
21 25230 31917 4408
23 24885 31916 4453
22 24673 31917 4448
21 24599 31917 4464
23 24733 31916 4467
21 24859 31918 4451
23 25019 31920 4428
21 25144 31917 4441
22 25159 31918 4446
22 25293 31919 4442
22 25414 31918 4442
22 25485 31914 4428
22 25532 31920 4416
21 25531 31919 4452
23 25579 31917 4444
21 26085 31917 4447
23 27186 31917 4460
21 29081 31918 4442
22 30899 31919 4442
22 32099 31921 4427
22 32138 31920 4420
22 30993 31919 4419
22 29151 31917 4393
21 27169 31917 4414
23 25630 31916 4450
21 24510 31916 4463
23 23962 31919 4460
21 24018 31916 4462
23 24500 31919 4462
21 25275 31918 4460
22 26132 31916 4438
22 26946 31919 4443
22 27439 31918 4419
22 27556 31920 4431
22 27245 31916 4427
21 26617 31917 4427
23 26032 31918 4462
21 25482 31917 4464
23 25010 31917 4437
22 24765 31917 4462
21 24681 31916 4445
23 24599 31916 4420
21 24695 31919 4445
23 24824 31920 4444
21 25025 31917 4445
22 25165 31917 4432
22 25248 31919 4436
22 25311 31918 4446
22 25409 31916 4479
22 25444 31917 4463
21 25501 31917 4428
23 25485 31919 4433
21 25717 31920 4420
23 26353 31915 4462
21 27817 31919 4438
22 29854 31917 4445
22 31629 31920 4445
22 32498 31917 4447
22 31984 31917 4463
22 30436 31916 4462
21 28318 31918 4446
23 26367 31914 4415
21 24923 31920 4430
23 24046 31916 4430
21 23808 31920 4445
22 23997 31917 4433
22 24627 31921 4437
22 25477 31919 4402
22 26387 31917 4443
22 27043 31920 4447
22 27415 31916 4445
22 27441 31917 4437
21 27013 31921 4443
23 26558 31920 4443
22 25932 31918 4427
22 25383 31920 4468
22 24918 31919 4426
21 24703 31917 4418
23 24667 31919 4409
21 24664 31918 4423
23 24771 31921 4458
21 24816 31920 4464
22 24975 31921 4433
22 25085 31918 4461
22 25345 31914 4443
22 25390 31919 4429
22 25476 31920 4462
21 25453 31918 4446
23 25533 31918 4436
21 25787 31915 4394
23 26650 31920 4446
21 28206 31919 4480
22 30282 31918 4465
22 31947 31916 4464
22 32548 31917 4449
22 31806 31916 4418
22 30120 31919 4444
21 27913 31917 4446
23 26017 31917 4433
21 24623 31919 4424
23 23853 31916 4427
21 23623 31917 4427
22 23940 31915 4465
22 24706 31919 4439
22 25619 31919 4437
22 26537 31918 4434
22 27343 31920 4455
22 27758 31917 4427
22 27680 31920 4443
21 27361 31917 4437
23 26739 31920 4448
22 25995 31920 4407
22 25398 31917 4442
22 24978 31921 4445
21 24769 31919 4463
23 24767 31920 4437
21 24888 31920 4444
23 25333 31918 4425
21 25683 31919 4428
22 25679 31920 4464
22 25442 31918 4445
22 25185 31917 4437
22 24910 31916 4428
22 24959 31918 4427
21 25080 31915 4463
23 25435 31919 4456
21 26534 31916 4445
23 28355 31919 4462
21 30621 31918 4447
22 32426 31919 4424
22 32767 31915 4461
22 32207 31916 4443
22 30286 31918 4424
22 27996 31919 4428
21 25897 31918 4427
23 24352 31918 4448
21 23564 31917 4438
23 23336 31916 4446
21 23645 31917 4450
22 24385 31915 4425
22 25289 31920 4449
22 26216 31920 4453
22 26952 31919 4426
22 27453 31918 4442
21 27475 31915 4420
23 27119 31914 4394
21 26595 31921 4428
23 25943 31917 4439
22 25409 31918 4437
22 24892 31920 4431
22 24707 31916 4459
21 24612 31919 4460
23 24621 31919 4449
21 24764 31919 4445
23 24804 31917 4443
21 24948 31918 4426
22 25073 31918 4402
22 25168 31918 4429
22 25296 31924 4434
22 25764 31919 4438
22 26867 31919 4429
21 28710 31921 4460
23 30866 31922 4455
21 32391 31919 4420
23 32526 31920 4450
21 31396 31917 4445
22 29350 31921 4427
22 27084 31919 4402
22 25218 31916 4427
22 23858 31923 4444
22 23230 31918 4448
21 23183 31919 4463
23 23634 31919 4461
21 24422 31918 4444
23 25435 31920 4427
21 26374 31918 4438
22 27188 31917 4419
22 27584 31917 4450
22 27507 31918 4420
22 27106 31918 4447
22 26515 31918 4427
21 25889 31918 4451
23 25321 31919 4438
21 24962 31915 4445
23 24758 31919 4420
22 24704 31919 4426
21 24741 31917 4448
23 24883 31917 4453
21 25035 31917 4443
23 25141 31919 4437
21 25347 31919 4447
23 26121 31916 4465
21 27630 31917 4444
22 29637 31916 4442
22 31460 31915 4461
22 32334 31917 4429
22 31724 31918 4431
22 30098 31919 4449
21 27929 31920 4419
23 25938 31918 4414
21 24448 31919 4393
23 23473 31918 4425
21 23240 31923 4472
22 23504 31917 4464
22 24281 31917 4437
22 25221 31918 4449
22 26166 31917 4443
22 26894 31916 4444
21 27341 31918 4426
23 27384 31921 4427
21 27084 31917 4438
23 26599 31920 4410
21 26032 31916 4428
22 25543 31920 4448
22 25144 31920 4460
22 24929 31919 4471
22 24786 31921 4464
22 24848 31921 4437
21 24945 31918 4459
23 25051 31918 4435
22 25170 31917 4443
22 25607 31919 4427
22 26800 31920 4441
21 28763 31917 4444
23 31196 31915 4444
21 32767 31916 4465
23 32767 31920 4463
21 31975 31921 4461
23 29856 31920 4436
21 27499 31922 4441
22 25500 31920 4419
22 23982 31920 4427
22 23294 31917 4445
22 23209 31918 4438
22 23715 31922 4419
21 24554 31920 4445
23 25617 31920 4464
21 26707 31919 4437
23 27460 31920 4458
21 27809 31918 4460
22 27626 31919 4427
22 27009 31920 4443
22 26354 31921 4418
22 25686 31921 4432
22 25149 31918 4426
21 24729 31921 4401
23 24562 31919 4447
21 24642 31920 4462
23 24724 31918 4462
21 24753 31917 4437
22 24962 31923 4449
22 25309 31918 4465
22 26401 31919 4460
22 28406 31922 4467
22 31077 31920 4438
21 32767 31919 4419
23 32767 31916 4401
22 32767 31922 4451
22 30911 31917 4444
22 28226 31917 4445
21 25805 31917 4428
23 24053 31917 4428
21 23073 31919 4425
23 22852 31919 4442
21 23274 31919 4446
22 24238 31915 4445
22 25410 31917 4432
22 26562 31918 4426
22 27472 31916 4426
22 27816 31921 4465
22 27670 31924 4437
22 27132 31920 4443
21 26274 31915 4430
23 25565 31921 4426
21 24914 31920 4443
23 24533 31919 4426
21 24338 31917 4420
22 24331 31922 4414
22 24440 31922 4394
22 24608 31923 4444
22 24838 31920 4445
22 25073 31923 4439
21 25565 31919 4453
23 26995 31921 4445
21 29583 31922 4425
23 32539 31922 4450
21 32767 31922 4476
22 32767 31920 4436
22 32767 31920 4425
22 30766 31918 4401
22 27715 31921 4428
22 25212 31921 4462
21 23494 31920 4456
23 22661 31923 4437
22 22673 31921 4431
22 23366 31919 4449
22 24493 31918 4421
21 25888 31920 4462
23 27027 31919 4420
21 27799 31918 4444
23 28019 31920 4433
21 27603 31918 4429
22 26837 31919 4462
22 26015 31918 4437
22 25198 31918 4449
22 24493 31918 4443
22 24162 31916 4454
22 23992 31916 4454
22 24069 31917 4471
21 24252 31918 4428
23 24529 31920 4443
21 24734 31918 4426
23 24857 31920 4426
21 25121 31915 4461
22 25882 31919 4456
22 27660 31917 4451
22 30593 31919 4443
22 32767 31920 4461
22 32767 31917 4425
21 32767 31917 4420
23 32767 31919 4438
21 30228 31919 4418
23 27085 31918 4426
21 24532 31920 4432
22 22981 31919 4447
22 22417 31921 4464
22 22745 31918 4437
22 23567 31917 4428
22 24839 31919 4420
21 26206 31918 4460
23 27251 31920 4438
22 27728 31920 4445
22 27743 31920 4419
22 27086 31920 4448
21 26263 31918 4444
23 25303 31917 4468
21 24590 31921 4463
23 24073 31919 4445
21 23735 31920 4436
22 23745 31918 4442
22 23974 31920 4443
22 24127 31920 4456
22 24485 31918 4427
22 24749 31918 4444
21 24894 31916 4420
23 25124 31918 4433
21 25197 31919 4457
23 25325 31919 4464
21 26044 31919 4451
23 27950 31922 4433
21 30985 31918 4433
22 32767 31919 4450
22 32767 31921 4438
22 32767 31918 4432
22 32767 31920 4418
22 29885 31920 4428
21 26724 31919 4393
23 24250 31918 4446
21 22839 31920 4468
23 22358 31918 4450
21 22660 31919 4446
22 23645 31919 4454
22 24983 31917 4446
22 26288 31916 4461
22 27335 31919 4447
22 27828 31923 4442
22 27710 31918 4437
22 26964 31919 4393
22 26001 31921 4464
22 25041 31917 4456
22 24340 31920 4462
21 23805 31918 4455
23 23612 31919 4418
21 23637 31920 4431
23 23819 31918 4449
21 24105 31916 4428
22 24408 31918 4427
22 24617 31920 4432
22 24884 31917 4425
22 25083 31919 4448
22 25194 31916 4456
21 25317 31917 4463
23 25293 31919 4432
21 25489 31919 4429
23 26527 31919 4450
21 28856 31921 4444
23 32040 31919 4444
21 32767 31917 4449
22 32767 31918 4407
22 32767 31919 4437
22 31884 31921 4426
22 28618 31919 4446
22 25607 31919 4464
21 23581 31918 4426
23 22592 31918 4431
21 22479 31919 4419
23 23048 31920 4421
21 24172 31916 4445
22 25562 31915 4433
22 26730 31916 4429
22 27534 31916 4438
23 27792 31918 4427
21 27346 31919 4464
22 26518 31917 4465
22 25528 31920 4462
22 24685 31920 4460
22 24069 31917 4437
22 23702 31917 4420
21 23623 31920 4435
23 23718 31916 4430
21 23969 31917 4444
23 24224 31919 4401
21 24476 31916 4454
22 24748 31917 4446
22 24919 31917 4452
22 25146 31920 4446
22 25215 31916 4442
22 25261 31920 4419
21 25285 31919 4445
23 25280 31921 4437
21 25648 31918 4426
23 26963 31919 4445
21 29639 31919 4441
22 32767 31921 4454
22 32767 31923 4469
22 32767 31919 4468
22 32767 31919 4468
22 31270 31919 4407
22 27894 31917 4425
22 25226 31917 4431
21 23339 31916 4446
23 22499 31921 4437
21 22442 31919 4426
23 23349 31920 4401
21 24657 31919 4438
22 26028 31916 4452
22 27250 31920 4449
22 27848 31917 4447
23 27881 31918 4427
21 27265 31919 4442
22 26319 31915 4442
22 25301 31918 4444
22 24413 31916 4445
22 23832 31917 4428
22 23640 31919 4409
21 23595 31918 4426
23 23825 31919 4464
21 24105 31917 4438
23 24382 31917 4438
21 24643 31919 4445
22 24896 31916 4407
22 25007 31917 4445
22 25144 31917 4431
22 25243 31918 4442
22 25264 31920 4426
21 25317 31919 4420
23 25766 31917 4394
21 27347 31914 4482
23 30094 31918 4483
21 32767 31918 4478
22 32767 31922 4436
22 32767 31914 4414
22 32767 31920 4411
22 30312 31917 4439
22 27088 31920 4420
22 24498 31918 4428
22 22856 31918 4401
21 22322 31920 4407
23 22507 31918 4462
21 23422 31920 4465
23 24800 31919 4445
21 26220 31920 4442
22 27357 31916 4459
22 27974 31920 4442
22 27871 31919 4448
23 27249 31919 4427
21 26273 31921 4409
22 25274 31920 4420
22 24489 31918 4419
22 24003 31920 4446
22 23795 31922 4466
22 23767 31918 4468
21 24027 31921 4455
23 24290 31916 4442
21 24512 31921 4437
23 24730 31916 4460
21 24983 31918 4455
22 25174 31920 4426
22 25242 31919 4444
22 25455 31922 4426
22 25903 31917 4455
22 27542 31918 4465
21 30194 31919 4456
23 32767 31917 4433
21 32767 31922 4431
23 32767 31917 4443
21 32395 31917 4452
22 29343 31917 4446
22 26267 31921 4410
22 23657 31917 4419
22 22201 31918 4432
22 21708 31919 4445
21 22122 31918 4447
23 23274 31921 4444
21 24916 31918 4433
23 26458 31919 4458
21 27642 31920 4415
23 28211 31919 4437
21 28032 31914 4439
22 27266 31917 4426
22 26217 31918 4425
22 25121 31915 4427
23 24383 31918 4428
21 23920 31920 4448
22 23753 31916 4463
22 23876 31921 4435
22 24107 31922 4428
22 24290 31919 4435
22 24586 31918 4432
21 24913 31917 4439
23 25002 31918 4442
21 25221 31918 4444
23 25484 31917 4416
21 26593 31918 4453
22 29067 31917 4465
22 32500 31916 4457
22 32767 31915 4436
22 32767 31918 4444
22 32767 31917 4443
21 32333 31917 4408
23 28692 31919 4420
21 25530 31920 4438
23 23301 31919 4419
21 22143 31917 4408
22 21940 31918 4424
22 22547 31918 4462
22 23810 31919 4463
22 25317 31922 4444
22 26867 31917 4463
21 27843 31916 4461
23 28157 31918 4443
21 27775 31919 4419
23 26915 31916 4433
21 25790 31917 4444
22 24859 31919 4418
22 24172 31920 4401
22 23682 31920 4447
23 23591 31918 4465
21 23675 31920 4461
23 23927 31918 4462
21 24155 31918 4443
22 24463 31919 4432
22 24660 31921 4447
22 24816 31920 4464
22 25159 31920 4431
22 25232 31922 4402
21 25297 31918 4429
23 25616 31921 4431
21 27051 31920 4454
23 29981 31917 4437
21 32767 31917 4458
22 32767 31919 4428
22 32767 31920 4444
22 32767 31916 4446
22 31793 31921 4445
22 28006 31918 4428
21 24897 31924 4427
23 22847 31919 4426
21 21962 31914 4428
23 22072 31920 4439
21 22778 31916 4472
22 24115 31917 4428
22 25593 31919 4443
22 26853 31921 4438
22 27700 31917 4427
22 27894 31920 4455
21 27474 31923 4442
23 26596 31918 4419
21 25562 31917 4445
23 24554 31919 4427
21 23836 31919 4464
22 23463 31918 4472
22 23456 31919 4461
22 23536 31915 4414
23 23736 31920 4431
21 24087 31915 4442
23 24366 31917 4462
21 24684 31917 4443
22 24884 31919 4427
22 25028 31918 4447
22 25199 31916 4445
22 25222 31917 4446
22 25241 31916 4463
21 25212 31918 4443
23 25329 31916 4427
21 26080 31918 4446
23 28379 31918 4451
21 31953 31915 4445
22 32767 31917 4444
22 32767 31915 4411
22 32767 31919 4437
22 32767 31919 4428
22 29390 31915 4431
21 25955 31919 4437
23 23459 31918 4426
21 22199 31920 4448
23 21806 31918 4438
21 22355 31918 4447
22 23560 31918 4461
22 25044 31920 4442
22 26499 31922 4437
22 27555 31922 4427
22 28027 31921 4419
21 27813 31921 4472
23 27085 31919 4435
21 25984 31918 4462
23 24994 31915 4444
21 24169 31919 4418
22 23673 31917 4445
22 23474 31919 4443
22 23535 31916 4416
23 23751 31916 4427
21 23968 31919 4443
22 24307 31919 4419
22 24594 31917 4469
22 24788 31918 4465
22 24933 31918 4436
22 25081 31919 4447
22 25124 31920 4444
22 25208 31920 4425
21 25196 31922 4420
23 25195 31918 4464
21 25373 31918 4438
23 26016 31918 4442
21 27932 31918 4453
22 31068 31919 4469
22 32767 31919 4464
22 32767 31919 4445
22 32767 31917 4444
22 32767 31917 4424
21 29397 31918 4415
23 26063 31917 4453
21 23482 31920 4429
23 22100 31918 4445
21 21708 31919 4437
22 22070 31917 4426
22 23349 31920 4465
22 24988 31918 4467
22 26539 31919 4443
22 27789 31919 4427
21 28468 31922 4463
23 28368 31922 4437
21 27599 31919 4445
23 26546 31917 4445
21 25336 31919 4447
22 24483 31919 4443
22 23872 31918 4427
22 23693 31920 4455
23 23574 31922 4465
21 23817 31918 4455
22 24133 31917 4449
22 24447 31917 4415
22 24729 31918 4446
22 24880 31918 4420
22 24995 31919 4462
22 25122 31919 4444
22 25513 31916 4437
21 26607 31916 4443
23 29034 31920 4454
21 32166 31918 4463
23 32767 31918 4456
21 32767 31918 4437
22 32767 31918 4429
22 31225 31917 4419
22 27803 31919 4445
22 24799 31918 4444
22 22634 31921 4426
21 21562 31922 4443
23 21454 31920 4445
21 22166 31919 4445
23 23514 31922 4465
21 25068 31921 4471
22 26627 31921 4460
22 27718 31921 4450
22 28083 31918 4428
22 27920 31920 4415
22 27210 31917 4434
21 26194 31918 4446
23 25139 31916 4428
21 24389 31917 4427
23 23968 31920 4432
21 23728 31919 4469
22 23875 31920 4444
23 24004 31920 4444
21 24262 31920 4442
23 24506 31919 4437
21 24795 31919 4442
22 24943 31921 4451
22 25098 31922 4433
22 25651 31921 4429
22 27139 31918 4425
22 30071 31919 4420
21 32767 31919 4445
23 32767 31917 4469
21 32767 31919 4461
23 32767 31921 4449
21 31693 31919 4418
23 27923 31918 4442
21 24770 31919 4423
22 22659 31917 4426
22 21598 31919 4445
22 21628 31922 4420
22 22328 31922 4417
22 23599 31921 4429
21 25171 31918 4445
23 26778 31919 4464
21 27821 31919 4444
23 28196 31920 4426
21 27856 31918 4431
22 27009 31919 4444
22 25916 31917 4446
22 24972 31919 4430
22 24214 31921 4409
22 23779 31918 4427
21 23655 31919 4428
23 23705 31918 4446
21 23971 31923 4462
23 24131 31919 4450
21 24451 31920 4460
22 24625 31922 4415
23 24804 31919 4420
21 24950 31921 4451
23 25620 31919 4437
21 27434 31920 4426
22 30799 31920 4460
22 32767 31918 4463
22 32767 31919 4461
22 32767 31921 4444
22 32767 31922 4428
21 31236 31920 4408
23 27344 31918 4427
21 24192 31920 4427
23 22083 31918 4437
21 21218 31919 4430
23 21313 31915 4453
21 22213 31918 4420
22 23577 31920 4464
22 25232 31920 4468
22 26795 31917 4462
22 27806 31919 4443
22 28184 31917 4408
21 27870 31920 4420
23 27017 31917 4445
21 25897 31917 4456
23 24866 31920 4426
21 24041 31917 4441
22 23660 31918 4444
22 23472 31919 4445
22 23559 31921 4462
22 23692 31919 4463
22 24034 31919 4461
21 24265 31923 4424
23 24502 31916 4443
21 24674 31919 4424
23 24899 31916 4478
21 25094 31918 4419
22 26272 31918 4437
23 28758 31918 4433
21 32656 31920 4472
23 32767 31918 4439
21 32767 31918 4468
22 32767 31919 4436
22 32767 31919 4428
22 29618 31920 4401
22 25730 31919 4442
22 22879 31919 4430
21 21327 31918 4430
23 20905 31918 4433
21 21426 31922 4411
23 22683 31920 4443
21 24351 31922 4463
22 26092 31921 4469
22 27427 31918 4471
22 28076 31920 4448
22 28075 31922 4448
22 27492 31922 4442
22 26296 31916 4427
22 25224 31920 4443
21 24308 31918 4442
23 23641 31919 4445
21 23299 31920 4443
23 23313 31916 4460
21 23496 31918 4462
22 23818 31918 4450
22 24157 31920 4424
22 24412 31917 4433
22 24574 31917 4436
22 24773 31918 4433
21 24902 31918 4438
23 25005 31918 4444
21 25554 31920 4445
23 27564 31915 4426
21 31077 31917 4445
22 32767 31920 4465
23 32767 31920 4437
21 32767 31919 4424
23 32767 31920 4418
21 30934 31919 4437
22 26817 31920 4443
22 23500 31920 4438
22 21559 31921 4441
22 20802 31917 4443
22 21104 31921 4432
21 22072 31919 4447
23 23696 31918 4461
21 25483 31917 4461
23 27020 31920 4462
21 27989 31919 4427
22 28197 31917 4437
22 27713 31919 4446
22 26827 31918 4462
22 25657 31919 4426
22 24638 31917 4428
22 23889 31918 4419
22 23436 31918 4428
21 23383 31921 4438
23 23538 31919 4450
21 23707 31918 4437
23 24018 31919 4443
21 24280 31917 4447
22 24538 31919 4442
22 24700 31918 4427
22 24832 31918 4437
22 24920 31920 4446
22 25089 31918 4421
21 25754 31921 4444
23 27632 31917 4456
21 31017 31919 4463
23 32767 31919 4436
22 32767 31919 4436
21 32767 31919 4443
23 32767 31916 4441
21 30495 31921 4449
23 26564 31920 4444
21 23510 31920 4409
22 21614 31921 4425
22 20886 31922 4425
22 21165 31922 4462
22 22215 31920 4462
22 23853 31918 4464
21 25519 31919 4449
23 27086 31917 4425
21 27948 31923 4433
23 28116 31918 4464
21 27784 31916 4427
22 26812 31917 4448
22 25678 31917 4419
22 24765 31919 4443
22 23978 31919 4463
22 23679 31916 4442
21 23517 31917 4448
23 23624 31917 4412
21 23853 31917 4445
23 24041 31919 4436
21 24293 31922 4431
23 24510 31919 4447
21 24759 31919 4426
22 24893 31912 4443
22 25157 31919 4431
22 25761 31920 4443
22 27545 31921 4463
22 30585 31921 4461
21 32767 31920 4462
23 32767 31920 4425
21 32767 31920 4414
23 32662 31922 4447
22 29159 31920 4445
21 25748 31918 4420
23 23124 31919 4432
21 21563 31922 4445
23 21111 31920 4466
21 21567 31919 4464
22 22766 31918 4462
22 24433 31921 4443
22 26109 31919 4424
22 27544 31918 4454
22 28404 31921 4429
21 28483 31917 4462
23 27878 31915 4444
21 26905 31918 4443
23 25824 31918 4445
21 24842 31919 4449
22 24072 31921 4438
22 23699 31918 4450
22 23696 31916 4460
22 23828 31920 4437
22 24076 31919 4446
21 24293 31917 4446
23 24607 31918 4454
21 24830 31914 4444
23 25554 31917 4426
21 27299 31919 4453
23 30198 31919 4448
21 32767 31918 4463
22 32767 31920 4456
22 32767 31921 4432
22 32767 31916 4424
22 29596 31915 4444
22 26174 31916 4446
21 23511 31918 4445
23 21776 31919 4446
21 21146 31920 4432
23 21493 31917 4441
22 22429 31917 4446
21 23852 31917 4445
23 25478 31915 4451
21 26880 31917 4448
23 27695 31919 4414
21 27831 31919 4420
22 27491 31920 4419
22 26741 31916 4471
22 25862 31917 4446
22 25108 31918 4426
22 24454 31917 4437
21 24111 31918 4462
23 24044 31919 4457
21 24055 31919 4471
23 24094 31920 4447
21 24393 31917 4432
22 24569 31920 4443
22 25028 31920 4418
22 26408 31916 4439
22 29280 31916 4456
22 32767 31919 4443
21 32767 31918 4425
23 32767 31916 4425
21 32767 31917 4468
23 32196 31920 4420
21 28340 31921 4415
22 24967 31921 4418
22 22630 31918 4444
22 21452 31920 4431
22 21272 31919 4445
22 21961 31917 4444
22 23182 31919 4444
22 24787 31917 4437
21 26295 31919 4443
23 27435 31920 4462
21 28017 31919 4460
23 27830 31919 4425
22 27125 31921 4433
21 26128 31917 4437
23 25248 31919 4415
21 24455 31918 4460
23 23972 31918 4443
21 23886 31920 4426
22 24583 31916 4444
22 26024 31918 4447
22 28050 31917 4447
22 29824 31916 4437
22 30701 31919 4462
21 30136 31920 4419
23 28468 31920 4423
21 26252 31917 4432
23 24210 31917 4438
21 22685 31916 4426
22 21973 31917 4419
22 22089 31915 4437
22 22834 31919 4426
22 23966 31916 4466
22 25146 31916 4445
21 26050 31918 4471
23 26617 31917 4460
21 26729 31920 4411
23 26426 31919 4445
21 25950 31921 4425
22 25406 31916 4443
22 24977 31916 4420
22 24659 31917 4437
22 24562 31914 4446
22 24497 31919 4443
21 24470 31916 4455
23 24655 31919 4450
21 24738 31916 4431
23 24842 31915 4419
22 24914 31917 4433
22 24983 31921 4446
22 25028 31919 4447
21 25065 31919 4437
23 25229 31919 4419
21 25252 31922 4431
23 25340 31917 4427
21 25353 31917 4460
22 25448 31918 4455
22 25880 31918 4455
22 27221 31918 4434
22 29879 31919 4444
22 32767 31919 4444
21 32767 31920 4437
23 32767 31917 4443
21 32767 31918 4445
23 32213 31918 4402
21 28701 31918 4429
22 25674 31920 4461
22 23552 31920 4448
22 22594 31919 4467
22 22403 31919 4442
22 23004 31919 4418
21 24160 31921 4427
23 25588 31919 4443
21 26975 31918 4427
23 28057 31919 4437
21 28598 31918 4438
22 28395 31917 4428
22 27696 31920 4464
22 26699 31920 4462
22 25699 31918 4467
22 24851 31921 4432
21 24269 31923 4427
23 23961 31918 4433
21 23931 31920 4462
23 24058 31919 4438
22 24307 31919 4446
22 24531 31920 4442
22 24735 31918 4428
21 24901 31918 4460
23 25079 31918 4464
21 25621 31919 4443
23 27401 31920 4433
21 30456 31917 4456
22 32767 31919 4427
22 32767 31918 4468
22 32767 31920 4420
22 32767 31913 4431
22 31160 31917 4418
21 27615 31918 4410
23 24633 31920 4438
21 22604 31918 4461
23 21799 31921 4437
21 21782 31916 4430
22 22399 31919 4442
22 23595 31917 4463
22 24990 31918 4456
22 26316 31920 4444
22 27366 31919 4415
21 27816 31919 4433
23 27633 31916 4445
21 26950 31918 4445
23 26086 31923 4434
21 25222 31919 4472
22 24585 31918 4426
22 24072 31917 4432
22 23897 31918 4425
22 23918 31919 4444
22 24062 31920 4445
21 24151 31919 4449
23 24474 31919 4432
21 24618 31919 4445
23 24760 31919 4445
22 24836 31918 4437
21 24985 31924 4433
23 25439 31923 4460
21 26853 31919 4428
23 29661 31921 4434
21 32767 31920 4438
23 32767 31921 4438
21 32767 31920 4437
22 32767 31919 4442
22 32052 31920 4428
22 28302 31916 4427
22 25043 31919 4445
22 22798 31919 4450
21 21692 31921 4450
23 21506 31916 4431
21 22148 31917 4445
23 23216 31918 4425
21 24666 31919 4444
22 26048 31919 4427
22 27160 31920 4442
22 27814 31919 4412
22 27842 31919 4448
22 27288 31919 4451
21 26441 31919 4437
23 25487 31918 4433
21 24657 31920 4420
23 24142 31920 4426
21 23864 31920 4444
22 23806 31919 4455
22 23899 31920 4414
22 24089 31919 4437
22 24340 31916 4443
22 24571 31920 4443
21 24717 31919 4444
23 24842 31915 4463
21 24930 31919 4436
23 25130 31918 4415
22 25671 31920 4443
21 27391 31921 4466
23 30526 31918 4465
21 32767 31918 4436
23 32767 31919 4419
21 32767 31920 4437
23 32767 31920 4421
21 30933 31921 4426
22 27294 31921 4420
22 24347 31919 4456
22 22429 31918 4426
22 21686 31917 4442
22 21691 31919 4442
21 22480 31918 4479
23 23791 31921 4438
21 25162 31914 4419
23 26536 31918 4444
21 27517 31919 4447
22 27898 31917 4440
22 27670 31918 4438
22 26942 31918 4477
22 26033 31920 4426
22 25202 31922 4443
21 24503 31920 4432
23 24067 31919 4456
21 23910 31921 4437
23 23824 31916 4419
21 23989 31917 4433
22 24149 31918 4426
22 24325 31918 4465
22 24595 31920 4460
22 24680 31919 4455
22 24806 31920 4431
21 24920 31917 4444
23 25166 31920 4414
22 25820 31919 4445
22 27623 31920 4444
22 30641 31918 4444
21 32767 31920 4432
23 32767 31919 4420
21 32767 31917 4462
23 32767 31915 4446
21 30353 31919 4461
22 26828 31920 4442
22 24004 31922 4430
22 22210 31918 4432
22 21555 31919 4449
22 21726 31923 4416
22 22547 31923 4446
22 23846 31921 4419
21 25287 31918 4436
23 26627 31918 4421
21 27556 31915 4462
23 27953 31919 4451
21 27715 31917 4414
22 27002 31919 4429
22 26035 31918 4420
22 25181 31922 4446
22 24438 31920 4438
22 24121 31919 4420
21 24020 31920 4431
23 23945 31919 4437
21 24123 31917 4448
23 24299 31919 4462
21 24518 31918 4444
22 24657 31919 4460
22 24815 31918 4418
22 24986 31921 4438
22 25259 31920 4439
22 25875 31918 4464
21 27532 31916 4444
23 30266 31921 4437
22 32767 31920 4445
22 32767 31920 4431
22 32767 31921 4461
21 32586 31919 4431
23 29518 31919 4444
21 26485 31920 4431
23 23936 31917 4448
21 22330 31919 4443
22 21672 31919 4471
22 21935 31916 4419
22 22697 31918 4411
22 23910 31918 4443
22 25264 31918 4460
22 26543 31920 4439
22 27364 31918 4438
21 27693 31922 4429
23 27551 31924 4443
21 26943 31922 4443
23 26165 31920 4425
21 25323 31919 4434
22 24763 31920 4420
22 24332 31921 4446
22 24196 31918 4443
22 24237 31921 4444
22 24313 31918 4461
21 24499 31921 4436
23 24589 31919 4460
21 24764 31918 4426
23 24914 31917 4460
21 25055 31919 4431
22 25664 31918 4459
22 27337 31917 4419
22 30188 31919 4428
22 32767 31919 4432
22 32767 31918 4438
21 32767 31920 4469
23 32767 31917 4462
22 30943 31919 4443
22 27578 31918 4416
22 24799 31921 4436
21 22867 31920 4442
23 21929 31916 4428
21 21948 31917 4460
23 22525 31919 4443
21 23680 31919 4437
22 25057 31919 4443
22 26402 31915 4447
22 27343 31921 4455
22 27775 31918 4455
22 27697 31919 4449
21 27186 31919 4427
23 26341 31918 4429
21 25535 31924 4428
23 24867 31919 4419
21 24426 31921 4432
23 24159 31920 4425
21 24095 31921 4416
22 24139 31918 4465
22 24317 31921 4464
22 24413 31919 4443
22 24627 31919 4443
22 24790 31919 4432
21 24901 31918 4433
23 25000 31918 4427
21 25198 31918 4420
23 26018 31919 4444
21 28031 31918 4443
22 31327 31916 4424
22 32767 31916 4446
22 32767 31919 4439
22 32767 31918 4451
22 32767 31917 4408
21 30755 31920 4419
23 27187 31921 4411
22 24377 31919 4444
22 22527 31917 4412
22 21746 31917 4415
21 21895 31921 4438
23 22610 31920 4446
21 23886 31922 4446
23 25298 31921 4462
21 26686 31917 4434
22 27694 31918 4443
22 28028 31918 4408
22 27913 31919 4433
22 27116 31917 4436
22 26221 31919 4420
21 25346 31918 4443
23 24628 31921 4432
21 24154 31920 4446
23 23967 31917 4447
21 23862 31920 4460
23 24059 31918 4432
21 24198 31915 4444
22 24379 31918 4443
22 24615 31920 4446
22 24770 31922 4427
22 24855 31922 4436
22 24916 31921 4444
21 25045 31922 4446
23 25371 31921 4443
21 26322 31918 4454
23 28691 31922 4438
21 32196 31920 4445
22 32767 31920 4456
22 32767 31919 4424
22 32767 31919 4419
22 32767 31921 4444
22 29970 31917 4447
22 26475 31918 4444
22 23706 31922 4418
22 22082 31921 4442
22 21402 31918 4444
22 21648 31919 4464
21 22604 31920 4447
23 23913 31916 4466
21 25367 31918 4443
23 26681 31920 4445
21 27600 31920 4445
22 27883 31918 4456
22 27604 31919 4429
22 27041 31919 4427
22 26060 31919 4426
22 25230 31918 4444
21 24573 31922 4465
23 24076 31920 4444
21 23839 31919 4454
23 23855 31914 4449
21 23931 31918 4411
22 24110 31919 4466
22 24366 31921 4479
22 24476 31918 4446
22 24647 31921 4426
22 24821 31918 4427
22 24955 31921 4443
22 25157 31917 4458
21 25683 31920 4446
23 27286 31915 4446
21 30212 31919 4460
23 32767 31918 4461
21 32767 31920 4433
22 32767 31919 4443
22 32767 31914 4448
22 31156 31922 4401
23 27585 31920 4411
21 24506 31919 4412
22 22398 31922 4443
22 21381 31920 4454
22 21300 31921 4456
22 22080 31919 4467
22 23280 31922 4437
21 24678 31921 4463
23 26123 31920 4428
21 27416 31920 4454
23 27989 31921 4421
21 28000 31921 4442
22 27507 31922 4419
22 26606 31923 4462
22 25741 31921 4461
22 24959 31918 4437
22 24334 31921 4437
21 24031 31920 4442
23 23890 31922 4443
21 23891 31921 4450
23 24044 31923 4447
21 24414 31920 4426
22 24533 31918 4426
22 24709 31918 4416
22 24931 31919 4429
22 25756 31920 4457
22 27789 31916 4460
21 31093 31919 4450
23 32767 31918 4429
21 32767 31922 4444
23 32767 31920 4448
21 32767 31922 4427
23 30036 31923 4449
21 26495 31920 4410
22 23594 31916 4414
22 21796 31918 4428
22 21032 31918 4468
23 21162 31923 4438
21 22169 31920 4450
22 23430 31920 4448
22 24976 31921 4460
22 26469 31920 4462
22 27379 31916 4465
22 27835 31919 4420
21 27680 31919 4441
23 27075 31920 4426
21 26237 31921 4424
23 25420 31920 4469
21 24743 31918 4464
22 24144 31921 4477
22 24025 31921 4419
22 23991 31921 4426
22 24081 31921 4444
22 24251 31921 4461
21 24385 31917 4437
23 24599 31921 4425
21 24790 31919 4436
23 25425 31918 4432
21 27126 31919 4446
22 30462 31920 4457
22 32767 31920 4445
22 32767 31918 4462
22 32767 31918 4426
22 32767 31922 4442
21 32337 31920 4444
23 28215 31920 4414
21 24795 31919 4431
23 22419 31921 4428
21 21153 31919 4432
23 20983 31922 4460
21 21673 31919 4463
22 22924 31919 4463
22 24508 31925 4450
22 26112 31920 4429
23 27336 31922 4463
21 27974 31918 4450
22 27987 31921 4437
22 27465 31916 4431
22 26517 31918 4401
22 25546 31921 4427
22 24661 31918 4428
21 24043 31919 4456
23 23785 31919 4444
21 23705 31920 4462
23 23852 31920 4428
21 24072 31919 4413
22 24237 31921 4420
22 24474 31920 4454
22 24785 31923 4420
22 26149 31920 4417
22 29212 31920 4438
21 32767 31921 4473
23 32767 31920 4469
21 32767 31922 4438
23 32767 31922 4414
21 32767 31919 4427
22 30004 31920 4412
22 25871 31920 4434
22 22796 31920 4413
22 20914 31921 4419
22 20289 31920 4427
21 20777 31919 4449
23 22007 31920 4461
21 23644 31921 4470
23 25533 31921 4443
21 27065 31920 4459
22 28025 31920 4455
22 28169 31921 4437
22 27596 31920 4446
22 26638 31920 4416
22 25542 31920 4415
23 24541 31921 4425
21 23907 31921 4425
22 23428 31920 4428
22 23422 31918 4463
22 23514 31920 4464
22 23647 31918 4437
22 23850 31918 4466
21 24201 31921 4428
23 24849 31919 4425
21 26874 31918 4457
23 30694 31920 4420
21 32767 31920 4446
22 32767 31920 4418
22 32767 31920 4444
22 32767 31920 4447
22 32767 31921 4440
22 28300 31920 4446
21 24172 31921 4417
23 21311 31920 4428
21 19843 31919 4409
23 19747 31920 4464
21 20792 31922 4416
22 22450 31920 4426
22 24562 31920 4425
22 26510 31921 4426
22 27890 31919 4480
22 28368 31918 4443
21 27941 31921 4461
23 26986 31922 4460
21 25814 31918 4431
23 24717 31922 4427
21 23784 31921 4421
22 23275 31919 4442
22 23050 31921 4444
22 23154 31923 4393
23 23412 31921 4427
21 23708 31920 4446
23 24183 31920 4443
21 25725 31923 4480
22 28985 31921 4461
22 32767 31923 4424
22 32767 31921 4448
22 32767 31918 4446
22 32767 31921 4418
21 32767 31916 4402
23 29143 31921 4415
21 24867 31920 4397
23 21900 31919 4420
21 20140 31921 4463
22 19762 31922 4456
22 20518 31921 4459
22 22123 31919 4459
22 24166 31920 4443
22 26072 31920 4446
21 27312 31924 4464
23 27825 31920 4448
21 27509 31918 4420
23 26756 31922 4409
21 25758 31918 4447
22 24620 31920 4464
22 23724 31920 4442
22 23248 31916 4463
22 23068 31920 4443
22 23136 31918 4433
21 23208 31921 4449
23 23382 31920 4463
21 24237 31919 4449
23 26337 31918 4419
21 29393 31918 4439
22 32329 31917 4449
22 32767 31920 4473
22 32767 31921 4462
23 32506 31920 4455
21 29645 31919 4423
22 26559 31921 4425
22 24046 31921 4437
22 22281 31919 4444
22 21373 31922 4417
22 21575 31922 4412
22 22572 31922 4427
22 23950 31923 4443
21 25406 31923 4468
23 26454 31919 4446
21 26826 31921 4463
23 26680 31923 4428
21 26175 31920 4443
22 25467 31919 4442
22 24772 31923 4442
22 24162 31920 4425
22 23847 31920 4413
22 23730 31920 4408
21 23755 31916 4442
23 23923 31918 4447
21 24651 31923 4448
23 26175 31920 4448
21 28315 31922 4449
22 30292 31919 4460
22 31541 31922 4409
22 31637 31920 4451
22 30541 31921 4436
22 28832 31921 4409
21 26979 31922 4416
23 25413 31922 4425
21 24172 31922 4480
23 23583 31920 4460
21 23714 31920 4438
22 24106 31919 4443
22 24830 31920 4462
22 25688 31916 4460
23 26220 31920 4438
21 26469 31919 4427
22 26340 31919 4444
22 26013 31922 4421
22 25549 31920 4401
22 25085 31924 4449
22 24766 31922 4443
22 24511 31922 4456
22 24413 31923 4431
21 24402 31921 4448
23 24502 31919 4445
21 24835 31920 4443
23 25771 31919 4437
21 27394 31922 4420
22 29263 31921 4427
22 30693 31918 4444
22 31124 31923 4431
22 30558 31920 4433
22 29236 31922 4450
21 27683 31925 4428
23 26211 31921 4409
21 25126 31923 4444
23 24499 31923 4427
21 24120 31921 4426
22 24364 31924 4444
22 24903 31923 4400
22 25503 31920 4436
22 26084 31920 4409
22 26480 31919 4466
21 26587 31918 4437
23 26419 31922 4442
21 26068 31920 4445
23 25584 31923 4443
21 25216 31921 4419
22 25057 31921 4460
22 24885 31920 4443
22 24959 31923 4402
23 24966 31923 4415
21 25055 31922 4465
22 25148 31921 4452
22 25341 31921 4438
22 25908 31922 4449
22 27155 31922 4445
22 28811 31920 4441
21 30238 31920 4413
23 30799 31922 4438
21 30537 31923 4429
23 29430 31922 4410
21 27997 31921 4400
23 26690 31926 4446
21 25714 31920 4445
22 25043 31923 4460
22 24790 31919 4449
22 24745 31919 4442
22 25096 31921 4432
22 25515 31921 4408
21 25976 31922 4453
23 26269 31922 4433
21 26295 31919 4426
23 26171 31924 4397
21 25991 31920 4437
22 25712 31921 4464
22 25389 31921 4452
22 25164 31921 4444
22 25037 31923 4442
22 25070 31920 4444
21 25049 31921 4423
23 24987 31923 4438
21 25219 31920 4445
23 25309 31923 4428
21 25395 31923 4402
22 25434 31919 4426
23 25485 31921 4466
21 25572 31921 4439
23 25604 31922 4456
21 26124 31920 4427
22 27073 31922 4435
22 28368 31921 4461
22 29377 31921 4442
22 29900 31922 4426
22 29437 31921 4415
21 28459 31920 4407
23 27394 31919 4401
21 26382 31920 4429
23 25753 31922 4439
21 25355 31919 4455
23 25257 31921 4428
21 25308 31922 4457
22 25510 31918 4410
22 25756 31922 4428
22 26154 31923 4443
22 26277 31924 4443
22 26307 31921 4408
21 26259 31923 4426
23 26022 31921 4461
21 25709 31921 4465
23 25621 31924 4455
21 25383 31917 4465
22 25298 31920 4443
22 25242 31920 4414
22 25253 31917 4428
22 25364 31924 4432
22 25420 31920 4425
21 25473 31922 4452
23 25550 31920 4402
21 25627 31922 4448
23 25687 31919 4465
21 25722 31923 4438
22 25634 31924 4460
23 25648 31921 4459
21 25623 31924 4419
23 25809 31923 4443
21 26404 31921 4461
22 27390 31923 4427
22 28367 31921 4432
22 28931 31920 4408
22 28766 31921 4444
22 28199 31921 4463
21 27298 31923 4462
23 26445 31921 4460
21 25840 31919 4460
23 25415 31923 4420
21 25267 31918 4425
22 25369 31922 4438
22 25649 31922 4444
22 25962 31922 4424
22 26250 31922 4426
22 26386 31922 4446
22 26479 31924 4465
22 26424 31924 4439
21 26286 31923 4445
23 26055 31918 4462
21 25775 31924 4414
23 25769 31919 4407
21 25632 31919 4467
22 25509 31921 4445
22 25576 31922 4433
22 25643 31920 4415
22 25655 31923 4435
22 25728 31922 4469
21 25817 31921 4438
23 25792 31921 4463
21 25873 31922 4444
23 26008 31924 4432
21 26371 31920 4430
22 27114 31921 4419
23 27938 31919 4427
21 28531 31922 4437
23 28661 31920 4419
21 28327 31919 4426
22 27604 31920 4456
22 26847 31920 4463
22 26242 31919 4461
22 25807 31923 4446
22 25502 31926 4407
21 25451 31922 4444
23 25532 31920 4428
21 25817 31923 4437
23 26193 31918 4426
21 26493 31924 4443
22 26639 31918 4420
22 26572 31919 4452
22 26382 31919 4480
22 26191 31918 4436
22 26044 31922 4448
21 25827 31923 4428
23 25635 31919 4411
21 25549 31920 4427
23 25595 31923 4463
21 25636 31918 4426
23 25596 31924 4403
21 25780 31920 4419
22 25831 31923 4444
22 25896 31922 4465
22 25899 31918 4457
22 25957 31922 4462
22 26121 31921 4448
21 26524 31919 4427
23 27414 31921 4449
21 28230 31923 4456
23 28993 31921 4426
21 29161 31922 4443
22 28724 31920 4427
23 28014 31919 4412
21 27240 31922 4470
23 26620 31919 4464
21 26116 31917 4438
22 25867 31919 4459
22 25763 31922 4437
22 25771 31923 4445
22 25971 31919 4455
22 26280 31921 4416
21 26562 31921 4431
23 26612 31923 4426
21 26575 31918 4442
23 26563 31918 4463
21 26333 31921 4464
22 26055 31921 4442
22 25852 31922 4445
22 25761 31922 4444
22 25613 31921 4424
22 25612 31920 4472
21 25586 31921 4433
23 25652 31921 4437
21 25715 31920 4420
23 25853 31921 4427
21 25866 31919 4466
23 25851 31921 4438
21 25833 31923 4444
22 25934 31920 4436
22 25927 31921 4419
22 26101 31920 4426
22 26507 31920 4471
22 27386 31920 4445
21 28496 31922 4437
23 29486 31920 4441
21 29879 31921 4443
23 29683 31921 4446
22 29037 31920 4443
21 28113 31922 4471
23 27407 31922 4459
21 26779 31919 4428
23 26365 31921 4428
21 26044 31919 4427
22 26090 31921 4419
22 26314 31916 4443
22 26424 31921 4408
22 26683 31917 4426
22 26915 31920 4466
21 26952 31922 4471
23 26733 31920 4448
21 26431 31922 4449
23 26165 31921 4427
21 25891 31922 4436
22 25577 31922 4427
22 25467 31923 4443
22 25414 31919 4445
22 25431 31921 4444
22 25535 31923 4445
21 25664 31923 4446
23 25723 31923 4472
21 25802 31921 4435
23 25852 31921 4459
21 25860 31923 4423
22 25945 31922 4462
