23 26493 31778 4502
21 26408 31778 4501
23 26416 31778 4469
21 26308 31778 4484
22 26233 31778 4483
22 26210 31780 4500
22 26122 31781 4500
22 26192 31779 4471
22 26172 31780 4450
21 26189 31779 4467
23 26231 31776 4485
21 26234 31779 4496
23 26223 31778 4474
21 26208 31778 4493
22 26294 31778 4472
22 26298 31779 4471
22 26295 31778 4457
22 26249 31776 4483
22 26260 31775 4447
22 26245 31778 4455
22 26193 31777 4485
21 26126 31777 4485
23 26215 31772 4502
21 26250 31778 4517
23 26182 31780 4489
22 26201 31780 4484
21 26225 31780 4456
23 26303 31782 4470
21 26287 31777 4436
23 26418 31775 4449
21 26467 31776 4484
22 26468 31777 4485
22 26549 31778 4502
22 26542 31779 4484
22 26519 31778 4508
22 26467 31780 4484
21 26431 31780 4496
23 26411 31779 4489
21 26360 31778 4484
23 26359 31779 4471
21 26359 31778 4447
22 26325 31779 4467
22 26349 31777 4484
22 26367 31781 4467
22 26360 31780 4520
22 26387 31781 4501
21 26466 31778 4467
23 26501 31778 4498
21 26532 31778 4489
23 26436 31779 4465
21 26373 31777 4437
22 26389 31778 4455
22 26333 31780 4483
22 26319 31778 4503
22 26246 31781 4468
22 26187 31780 4520
22 26175 31778 4506
22 26236 31781 4467
21 26202 31778 4500
23 26248 31781 4455
21 26258 31782 4468
23 26209 31778 4454
22 26243 31779 4455
21 26387 31779 4467
23 26474 31780 4503
21 26597 31779 4468
23 26582 31779 4520
21 26647 31782 4484
22 26546 31779 4488
22 26532 31778 4499
22 26510 31780 4501
22 26420 31779 4470
22 26308 31781 4461
21 26308 31779 4463
23 26390 31780 4449
21 26434 31778 4484
23 26366 31777 4504
21 26471 31778 4520
22 26490 31778 4518
22 26583 31779 4507
22 26563 31779 4500
22 26572 31779 4500
22 26548 31777 4454
21 26449 31781 4500
23 26412 31780 4454
21 26435 31775 4474
23 26392 31774 4502
21 26388 31777 4468
22 26298 31777 4485
22 26288 31775 4483
22 26391 31778 4474
22 26299 31779 4483
22 26313 31779 4501
21 26280 31778 4471
23 26416 31777 4473
21 26358 31783 4470
23 26553 31781 4466
21 26587 31777 4486
23 26699 31779 4502
22 26613 31778 4484
21 26633 31778 4519
23 26518 31782 4473
21 26447 31783 4466
23 26396 31781 4492
21 26265 31780 4498
22 26262 31781 4483
22 26202 31779 4458
22 26324 31781 4453
22 26399 31781 4485
22 26367 31779 4502
21 26451 31780 4471
23 26427 31780 4500
21 26378 31780 4527
23 26374 31781 4482
21 26331 31779 4465
22 26356 31779 4500
22 26369 31779 4499
22 26396 31777 4459
22 26372 31776 4465
22 26306 31776 4468
21 26239 31779 4467
23 26311 31777 4502
21 26366 31775 4483
23 26404 31776 4504
21 26440 31779 4499
22 26421 31778 4458
22 26495 31780 4483
22 26590 31779 4471
22 26658 31779 4469
22 26760 31783 4483
21 26859 31777 4483
23 26843 31778 4484
21 26736 31779 4467
23 26632 31780 4501
22 26506 31780 4503
22 26387 31778 4488
22 26435 31780 4483
21 26367 31779 4501
23 26354 31779 4482
21 26430 31777 4489
23 26421 31780 4453
21 26480 31780 4501
22 26517 31779 4503
22 26501 31779 4483
22 26505 31780 4466
22 26468 31779 4472
22 26432 31779 4486
21 26448 31779 4501
23 26464 31782 4501
21 26385 31779 4490
23 26333 31778 4465
21 26364 31781 4477
22 26345 31780 4472
22 26308 31781 4504
22 26360 31779 4465
22 26348 31778 4483
22 26377 31779 4485
21 26491 31781 4481
23 26639 31779 4465
21 26818 31779 4477
23 27036 31778 4455
21 27078 31778 4450
22 27068 31777 4484
22 27034 31779 4484
22 26902 31780 4502
22 26759 31779 4467
22 26662 31778 4465
21 26548 31780 4501
23 26548 31781 4470
21 26455 31779 4484
23 26396 31780 4501
22 26483 31777 4470
21 26547 31777 4488
23 26594 31779 4501
21 26585 31779 4484
23 26620 31779 4485
21 26505 31779 4503
23 26508 31779 4465
21 26549 31778 4483
22 26486 31777 4486
22 26464 31779 4502
22 26425 31777 4491
22 26357 31778 4470
22 26323 31778 4488
21 26218 31780 4453
23 26283 31780 4448
21 26285 31779 4485
23 26322 31779 4473
21 26333 31774 4465
22 26457 31777 4466
22 26694 31780 4489
22 26988 31779 4501
22 27267 31780 4483
22 27344 31777 4487
21 27333 31778 4472
23 27261 31782 4447
21 27126 31780 4501
23 26866 31779 4502
21 26702 31781 4502
22 26564 31777 4489
22 26470 31778 4484
22 26334 31780 4467
22 26336 31778 4484
22 26380 31781 4488
21 26426 31780 4483
23 26569 31779 4488
21 26577 31780 4462
23 26686 31779 4484
22 26701 31779 4502
21 26537 31778 4502
23 26478 31779 4485
21 26373 31782 4490
23 26338 31779 4497
21 26333 31779 4471
23 26270 31779 4493
21 26325 31779 4502
22 26292 31781 4488
22 26259 31780 4464
22 26277 31784 4502
22 26322 31782 4468
22 26350 31776 4468
21 26706 31780 4503
23 26903 31782 4457
21 27264 31779 4487
23 27426 31781 4501
21 27481 31780 4466
22 27385 31780 4475
22 27142 31780 4465
22 26929 31781 4466
22 26710 31780 4484
22 26405 31777 4467
21 26267 31779 4501
23 26227 31779 4501
21 26180 31778 4517
23 26317 31779 4474
21 26352 31778 4500
22 26552 31775 4491
22 26636 31779 4471
22 26616 31780 4491
22 26534 31777 4471
22 26565 31779 4449
21 26460 31780 4468
23 26390 31778 4469
21 26301 31781 4484
23 26273 31779 4519
22 26307 31778 4472
21 26235 31776 4499
23 26217 31781 4456
21 26179 31780 4482
23 26348 31780 4484
21 26692 31781 4448
22 27070 31782 4472
22 27429 31780 4502
22 27717 31779 4485
22 27635 31780 4485
22 27461 31782 4467
22 27145 31782 4489
22 26776 31781 4471
21 26505 31781 4500
23 26268 31777 4478
21 26228 31781 4470
23 26081 31780 4465
21 26216 31779 4482
22 26194 31780 4484
22 26390 31778 4485
22 26453 31780 4502
22 26636 31779 4472
22 26568 31781 4475
21 26578 31781 4501
23 26518 31781 4501
21 26424 31779 4500
23 26392 31780 4500
21 26310 31779 4457
22 26246 31781 4440
22 26211 31778 4503
22 26162 31779 4502
22 26045 31779 4484
22 26119 31780 4509
21 26467 31778 4496
23 26845 31780 4483
22 27385 31780 4489
22 27890 31777 4471
22 28151 31778 4501
21 28148 31777 4466
23 27838 31778 4484
21 27389 31779 4502
23 27016 31780 4502
21 26661 31777 4484
22 26347 31780 4471
22 26211 31781 4498
22 26176 31778 4502
22 26243 31779 4482
22 26290 31778 4491
21 26442 31778 4465
23 26605 31781 4449
21 26716 31780 4465
23 26664 31779 4502
21 26642 31779 4503
23 26554 31779 4503
21 26447 31779 4471
22 26325 31777 4501
22 26193 31777 4482
22 26140 31776 4483
22 26094 31778 4501
22 26024 31778 4471
21 26002 31779 4461
23 26054 31779 4483
21 26237 31779 4503
23 26543 31780 4484
21 27126 31779 4485
22 27781 31778 4482
22 28324 31779 4501
22 28476 31779 4492
22 28346 31778 4471
22 27968 31780 4455
21 27425 31779 4471
23 26889 31778 4483
22 26484 31780 4482
22 26096 31779 4503
22 25985 31777 4484
21 26000 31780 4484
23 26134 31779 4483
21 26287 31779 4503
23 26423 31777 4453
21 26641 31777 4470
22 26638 31775 4470
22 26605 31779 4491
22 26550 31779 4452
22 26420 31779 4482
22 26290 31779 4484
21 26110 31780 4503
23 25986 31780 4502
21 25893 31781 4502
23 25937 31777 4486
21 25953 31780 4498
23 25974 31776 4501
21 25967 31779 4490
22 25992 31777 4471
22 26128 31778 4483
22 26541 31778 4498
22 27263 31781 4502
22 28100 31777 4484
21 28569 31779 4465
23 28611 31779 4471
21 28324 31779 4501
23 27795 31777 4486
21 27139 31778 4500
22 26635 31777 4483
22 26176 31778 4478
22 25882 31777 4457
22 25808 31777 4473
22 25816 31778 4502
21 25971 31776 4466
23 26238 31777 4471
22 26484 31776 4476
22 26574 31781 4483
22 26638 31778 4465
21 26593 31777 4502
23 26595 31777 4455
21 26388 31778 4482
23 26218 31776 4481
21 26037 31774 4501
22 25946 31776 4503
22 25841 31775 4484
22 25824 31777 4501
22 25783 31779 4468
22 25760 31778 4502
21 25792 31778 4493
23 25897 31777 4484
21 26280 31775 4501
23 26890 31778 4491
21 27607 31775 4501
22 28260 31777 4501
22 28598 31777 4501
22 28478 31775 4485
22 27974 31776 4484
22 27344 31774 4468
22 26658 31776 4465
22 26114 31776 4453
21 25739 31778 4501
23 25573 31775 4482
21 25601 31777 4503
23 25766 31774 4470
21 26030 31775 4483
22 26155 31776 4485
22 26380 31776 4502
22 26558 31774 4502
22 26596 31773 4484
22 26362 31775 4466
21 26301 31774 4494
23 26139 31777 4484
22 26010 31774 4501
22 25840 31775 4481
22 25822 31774 4483
21 25776 31775 4483
23 25747 31775 4466
21 25730 31775 4504
23 25687 31774 4502
21 25741 31777 4520
22 25806 31775 4488
22 26083 31775 4485
22 26541 31777 4471
22 27312 31776 4491
22 28049 31776 4484
21 28577 31776 4483
23 28657 31775 4501
21 28248 31775 4501
23 27619 31777 4501
21 26944 31777 4483
22 26387 31776 4466
22 26117 31776 4488
22 25855 31775 4505
22 25694 31778 4502
22 25719 31777 4467
22 25926 31775 4500
22 26099 31776 4466
21 26345 31777 4447
23 26493 31776 4502
21 26636 31777 4502
23 26601 31776 4502
21 26501 31777 4502
22 26258 31776 4501
22 26081 31778 4501
22 25842 31775 4466
22 25831 31775 4465
22 25686 31775 4466
22 25771 31776 4492
22 25751 31775 4471
22 25761 31778 4504
22 25758 31778 4467
22 25764 31775 4467
21 25748 31778 4467
23 25894 31777 4520
21 26418 31778 4506
23 27092 31778 4500
21 27962 31777 4466
22 28561 31775 4495
22 28772 31773 4465
22 28610 31774 4482
22 28000 31774 4483
22 27298 31776 4484
21 26582 31775 4502
23 26150 31776 4484
21 25905 31777 4501
23 25731 31775 4458
21 25744 31776 4465
22 25874 31774 4490
22 26083 31777 4465
22 26334 31775 4482
22 26566 31778 4466
22 26560 31776 4501
21 26633 31776 4486
23 26468 31776 4468
21 26302 31775 4503
23 26116 31775 4482
21 25938 31776 4466
23 25775 31774 4484
21 25773 31775 4483
22 25731 31774 4501
22 25706 31774 4483
22 25711 31774 4482
23 25696 31778 4491
21 25709 31774 4485
22 25716 31775 4468
22 25769 31774 4501
22 25677 31776 4484
22 25734 31775 4484
22 25970 31777 4466
21 26349 31774 4501
23 27049 31772 4484
21 27807 31775 4483
23 28543 31776 4501
21 28856 31777 4466
22 28543 31777 4472
22 28066 31776 4484
22 27410 31775 4484
22 26775 31775 4501
22 26238 31775 4502
21 25936 31776 4455
23 25813 31775 4501
21 25712 31775 4489
23 25790 31775 4470
21 26056 31777 4483
22 26213 31776 4465
22 26442 31778 4484
22 26570 31776 4484
22 26661 31776 4467
22 26543 31777 4501
21 26354 31776 4485
23 26082 31775 4480
21 25921 31776 4501
23 25843 31776 4473
21 25643 31776 4483
23 25679 31777 4483
21 25684 31776 4484
22 25690 31776 4502
22 25759 31777 4501
22 25730 31775 4483
23 25676 31774 4501
21 25782 31775 4501
22 25805 31776 4516
22 25832 31776 4484
22 25796 31776 4490
22 25971 31772 4483
22 26253 31774 4465
21 26762 31776 4485
23 27523 31776 4499
21 28195 31775 4485
23 28587 31778 4502
21 28544 31776 4466
22 28160 31774 4483
22 27517 31776 4482
22 26904 31774 4500
22 26330 31773 4491
22 25872 31779 4466
21 25617 31776 4500
23 25602 31777 4488
21 25739 31779 4502
23 26025 31776 4502
21 26226 31777 4502
22 26485 31778 4520
22 26623 31775 4501
22 26676 31775 4469
22 26583 31773 4484
22 26414 31777 4483
21 26239 31776 4466
23 26027 31776 4482
21 25927 31774 4490
23 25850 31779 4483
21 25707 31775 4468
22 25753 31776 4468
22 25629 31777 4501
22 25710 31777 4485
22 25737 31776 4469
22 25810 31774 4484
23 25838 31774 4465
21 25872 31778 4454
22 25802 31776 4502
22 26056 31776 4503
22 26481 31772 4466
22 27101 31776 4485
22 27799 31777 4502
21 28245 31775 4485
23 28307 31777 4466
21 28033 31776 4449
23 27449 31776 4466
21 26884 31773 4483
22 26262 31775 4500
22 25838 31773 4482
22 25602 31779 4465
22 25541 31777 4484
22 25604 31776 4502
21 25800 31777 4503
23 26076 31775 4501
21 26337 31774 4501
23 26480 31775 4471
21 26558 31775 4476
22 26494 31771 4484
22 26401 31776 4491
22 26173 31779 4457
22 26016 31775 4481
22 25940 31776 4466
21 25791 31776 4503
23 25802 31777 4503
21 25747 31776 4502
23 25756 31775 4500
21 25780 31777 4469
22 25705 31777 4501
22 25819 31779 4501
22 25803 31774 4471
22 25816 31777 4457
22 25887 31776 4459
23 26129 31779 4468
21 26666 31776 4485
22 27437 31777 4484
22 28154 31779 4502
22 28465 31777 4519
22 28623 31777 4471
22 28211 31775 4491
21 27648 31777 4471
23 26959 31779 4482
21 26364 31775 4492
23 25912 31775 4501
21 25719 31777 4467
22 25634 31778 4504
22 25663 31775 4501
22 25812 31775 4501
22 26146 31776 4469
22 26481 31776 4500
21 26667 31777 4471
23 26691 31775 4501
21 26613 31777 4488
23 26472 31778 4484
21 26318 31778 4467
22 26153 31776 4482
22 26079 31778 4504
22 25929 31776 4468
22 25909 31779 4492
22 25756 31776 4466
21 25818 31774 4470
23 25850 31776 4501
21 25839 31777 4484
23 25799 31774 4483
21 25873 31776 4501
22 25908 31776 4482
22 26157 31777 4503
22 26707 31778 4501
23 27520 31777 4485
21 28232 31775 4502
22 28772 31774 4489
22 28796 31779 4502
22 28331 31775 4483
22 27628 31777 4465
22 26870 31777 4471
22 26303 31777 4455
22 25851 31777 4453
21 25721 31776 4448
23 25661 31776 4484
21 25683 31776 4502
23 26001 31775 4485
21 26267 31778 4484
22 26474 31777 4467
22 26711 31776 4502
22 26755 31774 4492
22 26633 31776 4500
22 26450 31777 4497
21 26220 31776 4476
23 26026 31778 4466
21 25882 31775 4485
23 25806 31778 4482
21 25694 31776 4466
22 25704 31774 4472
22 25724 31776 4486
22 25705 31775 4466
22 25749 31777 4483
22 25836 31777 4501
21 25884 31776 4458
23 26001 31777 4449
21 26412 31775 4467
23 27132 31777 4467
21 28055 31775 4485
22 28708 31775 4502
22 28917 31776 4513
22 28740 31774 4485
23 28150 31777 4470
21 27361 31775 4501
22 26716 31777 4467
22 26179 31777 4483
22 25799 31774 4484
22 25644 31776 4483
22 25667 31777 4502
22 25755 31776 4502
22 26031 31776 4484
21 26458 31777 4457
23 26636 31777 4486
21 26712 31778 4484
23 26713 31776 4478
21 26625 31778 4482
22 26436 31776 4500
22 26206 31776 4501
22 26020 31777 4484
22 25815 31778 4484
22 25777 31776 4502
21 25702 31776 4483
23 25634 31774 4484
21 25690 31774 4484
23 25685 31776 4471
21 25772 31776 4465
22 25804 31773 4490
22 25894 31777 4500
22 26128 31776 4482
22 26705 31776 4502
22 27613 31775 4468
21 28614 31773 4502
23 29222 31774 4503
21 29262 31775 4471
23 28711 31775 4501
21 27891 31775 4483
22 27116 31777 4465
22 26318 31776 4472
22 25795 31775 4491
23 25560 31775 4471
21 25582 31773 4448
22 25660 31778 4485
22 25885 31776 4502
22 26203 31776 4484
22 26495 31776 4480
22 26815 31776 4492
21 26800 31775 4500
23 26726 31775 4501
21 26558 31773 4498
23 26299 31774 4472
21 26062 31775 4453
23 25906 31774 4452
21 25767 31778 4476
22 25575 31777 4485
22 25602 31771 4484
22 25649 31777 4483
22 25724 31774 4489
22 25708 31775 4467
21 25717 31774 4471
23 25890 31776 4475
21 26059 31774 4488
23 26586 31775 4465
21 27622 31777 4448
22 28573 31775 4503
22 29288 31777 4504
22 29351 31777 4467
22 28862 31776 4500
22 27993 31778 4484
21 27104 31777 4471
23 26309 31776 4484
21 25815 31776 4466
23 25514 31776 4483
21 25390 31775 4481
22 25547 31775 4502
22 25877 31774 4503
22 26223 31777 4502
23 26578 31777 4467
21 26916 31774 4477
22 26998 31776 4471
22 26780 31776 4463
22 26545 31774 4483
22 26166 31776 4482
22 25940 31775 4478
21 25786 31774 4484
23 25689 31776 4449
21 25547 31778 4484
23 25555 31775 4484
21 25650 31775 4501
22 25607 31776 4503
22 25692 31778 4488
22 25741 31778 4481
22 25816 31774 4489
22 26034 31776 4502
22 26563 31775 4458
22 27671 31775 4465
21 28775 31775 4500
23 29603 31776 4502
21 29671 31777 4504
23 29233 31775 4491
21 28263 31776 4501
22 27234 31777 4477
22 26445 31777 4502
22 25794 31782 4483
22 25452 31778 4461
22 25298 31778 4471
21 25372 31778 4473
23 25815 31777 4484
21 26116 31778 4485
23 26519 31778 4478
21 26715 31779 4467
22 26844 31777 4467
23 26813 31775 4478
21 26578 31777 4488
23 26184 31777 4501
21 25916 31778 4500
22 25682 31775 4501
22 25591 31776 4458
22 25480 31776 4466
22 25522 31778 4466
22 25522 31776 4502
21 25501 31774 4502
23 25585 31774 4491
21 25628 31774 4500
23 25697 31774 4483
21 25715 31775 4466
22 25828 31776 4491
22 26230 31777 4470
22 26908 31776 4465
22 27954 31777 4501
22 29166 31777 4498
22 29725 31777 4503
22 29689 31775 4501
21 29106 31777 4473
23 28154 31780 4502
21 27108 31776 4466
23 26393 31778 4484
21 25805 31779 4455
22 25541 31777 4501
22 25421 31776 4483
22 25549 31776 4440
22 25795 31775 4484
22 26071 31777 4486
21 26468 31774 4503
23 26685 31778 4520
21 26648 31777 4503
23 26659 31776 4501
21 26436 31776 4470
22 26140 31776 4501
23 25863 31776 4483
21 25607 31775 4502
23 25420 31774 4483
21 25468 31774 4467
22 25459 31773 4504
22 25443 31774 4485
22 25616 31775 4520
22 25567 31775 4491
22 25601 31773 4499
21 25638 31774 4465
23 25684 31776 4466
21 25689 31775 4473
23 25879 31777 4466
21 26327 31777 4466
22 27154 31777 4472
22 28202 31778 4503
22 29104 31778 4503
22 29430 31779 4519
22 29206 31779 4503
21 28517 31780 4462
23 27638 31775 4501
21 26742 31776 4469
23 26079 31777 4482
21 25621 31780 4466
23 25408 31778 4449
21 25523 31776 4484
22 25659 31777 4502
22 26048 31776 4467
22 26573 31776 4501
22 26793 31779 4520
22 26834 31776 4482
21 26741 31777 4501
23 26553 31778 4460
21 26343 31779 4490
23 26030 31776 4500
21 25805 31779 4483
22 25559 31776 4472
23 25577 31777 4501
21 25504 31774 4467
23 25498 31777 4501
21 25567 31778 4502
22 25465 31774 4516
22 25594 31778 4501
22 25606 31779 4501
22 25782 31778 4502
22 25958 31777 4477
21 26498 31777 4501
23 27363 31774 4501
21 28336 31776 4502
23 29037 31777 4503
21 29175 31778 4484
22 28910 31776 4464
22 28074 31776 4459
22 27201 31774 4501
22 26349 31775 4501
22 25816 31776 4483
21 25402 31770 4484
23 25266 31773 4499
21 25391 31774 4501
23 25671 31774 4467
21 25946 31777 4492
23 26294 31776 4476
21 26580 31775 4485
22 26748 31775 4474
22 26649 31776 4466
22 26398 31777 4472
22 26167 31777 4471
22 25861 31777 4490
21 25720 31777 4488
23 25620 31776 4502
21 25440 31779 4501
23 25504 31778 4503
21 25483 31777 4483
22 25485 31777 4501
23 25521 31777 4485
21 25524 31776 4483
23 25530 31778 4464
21 25694 31776 4454
22 25844 31776 4466
22 26108 31777 4471
22 26798 31777 4502
22 27722 31778 4484
22 28712 31777 4468
21 29326 31778 4474
23 29423 31779 4502
21 28888 31778 4486
23 28098 31778 4465
21 27233 31778 4477
22 26475 31778 4498
22 25910 31779 4465
22 25602 31781 4465
22 25540 31779 4503
22 25618 31780 4502
21 25950 31779 4501
23 26235 31777 4486
21 26525 31780 4483
23 26723 31779 4494
21 26667 31779 4459
22 26605 31777 4488
22 26365 31775 4498
22 26140 31775 4470
22 25895 31775 4466
22 25634 31775 4467
22 25544 31773 4485
22 25352 31777 4484
21 25412 31775 4501
23 25413 31774 4492
21 25392 31777 4485
23 25527 31777 4465
22 25664 31775 4501
21 25625 31776 4483
23 25653 31778 4501
21 25658 31777 4489
23 25766 31776 4501
21 25976 31777 4502
22 26500 31777 4502
22 27350 31776 4520
22 28398 31776 4476
22 29207 31778 4493
22 29491 31778 4466
21 29052 31776 4501
23 28332 31775 4488
21 27387 31776 4501
23 26612 31777 4494
21 25939 31776 4467
22 25614 31776 4485
22 25452 31776 4484
22 25602 31778 4503
22 25720 31777 4502
22 26012 31778 4485
21 26359 31776 4500
23 26556 31777 4466
21 26611 31778 4472
23 26475 31778 4466
21 26342 31776 4482
22 26154 31776 4453
22 25895 31777 4484
22 25771 31776 4503
22 25536 31779 4503
22 25491 31777 4489
22 25489 31778 4488
22 25507 31778 4489
21 25508 31773 4483
23 25476 31778 4501
21 25659 31775 4501
23 25711 31776 4490
22 25794 31777 4500
21 25882 31777 4502
23 26408 31777 4502
21 27245 31777 4519
23 28168 31780 4501
21 28904 31778 4484
22 29160 31777 4500
22 28772 31778 4491
22 27930 31773 4466
22 27094 31776 4472
22 26301 31777 4465
21 25751 31776 4501
23 25385 31775 4467
21 25240 31774 4502
23 25294 31776 4521
21 25679 31775 4483
22 26036 31778 4503
22 26356 31777 4500
22 26663 31777 4468
22 26693 31779 4473
22 26674 31779 4500
21 26419 31780 4500
23 26099 31779 4455
21 25897 31779 4484
23 25659 31779 4485
21 25500 31779 4495
22 25403 31780 4500
22 25437 31780 4507
22 25505 31778 4491
22 25525 31777 4501
22 25567 31777 4482
21 25667 31777 4482
23 25881 31777 4500
21 26331 31776 4501
23 27263 31776 4484
21 28276 31777 4503
23 29046 31777 4501
22 29161 31779 4483
21 28831 31776 4502
23 28111 31775 4467
21 27237 31779 4472
23 26492 31778 4501
21 25924 31776 4471
22 25453 31778 4453
22 25339 31776 4467
22 25368 31776 4503
22 25642 31777 4503
22 26001 31776 4468
21 26325 31778 4491
23 26537 31777 4502
21 26664 31776 4500
23 26637 31779 4475
21 26483 31778 4501
22 26227 31776 4462
22 25904 31777 4465
22 25737 31774 4448
22 25623 31776 4502
22 25486 31779 4502
21 25475 31778 4470
23 25522 31777 4484
21 25534 31780 4483
23 25606 31776 4500
21 25673 31778 4501
22 25720 31778 4466
22 25868 31778 4466
22 26315 31777 4501
22 27047 31778 4465
22 28048 31776 4466
21 28955 31776 4502
23 29398 31777 4502
21 29210 31776 4502
23 28570 31779 4486
21 27681 31775 4469
22 26811 31778 4465
23 26242 31778 4487
21 25810 31778 4467
23 25644 31780 4476
21 25653 31779 4448
23 25858 31776 4500
21 26063 31774 4473
22 26342 31779 4484
22 26468 31777 4471
22 26570 31778 4483
22 26579 31779 4500
22 26338 31778 4482
21 26132 31775 4462
23 25987 31776 4488
21 25747 31776 4465
23 25658 31773 4475
21 25473 31778 4502
22 25397 31777 4503
22 25454 31779 4492
22 25527 31778 4502
22 25639 31776 4502
22 25728 31777 4485
21 25729 31776 4483
23 25768 31779 4482
21 25699 31775 4474
23 25763 31778 4497
21 26051 31778 4474
22 26559 31778 4483
22 27336 31777 4484
22 28143 31780 4502
22 28731 31779 4519
22 28725 31777 4483
21 28339 31779 4467
23 27711 31777 4485
21 27015 31776 4483
23 26473 31777 4498
22 26027 31778 4487
21 25823 31778 4484
23 25566 31779 4448
21 25580 31777 4485
23 25692 31779 4484
21 25893 31779 4485
23 26107 31777 4490
21 26286 31776 4468
22 26265 31778 4502
22 26233 31774 4477
22 26047 31777 4501
22 25947 31774 4475
22 25846 31776 4447
21 25799 31775 4483
23 25914 31774 4485
21 25992 31776 4503
23 26096 31777 4509
21 26210 31775 4520
22 26331 31778 4486
22 26306 31776 4491
22 26364 31775 4467
22 26340 31778 4466
22 26446 31777 4447
21 26705 31778 4436
23 27242 31777 4466
21 27968 31778 4486
23 28433 31778 4483
21 28658 31779 4485
22 28271 31778 4479
22 27628 31778 4504
22 26818 31778 4483
22 26022 31778 4500
22 25353 31779 4482
21 25028 31776 4457
23 24955 31778 4453
21 24959 31777 4484
23 25157 31776 4485
22 25431 31776 4503
21 25733 31776 4483
23 25950 31777 4483
21 26146 31777 4520
23 26226 31777 4490
21 26180 31777 4471
22 25993 31777 4489
22 25878 31777 4501
22 25610 31776 4453
22 25563 31776 4466
22 25384 31777 4469
22 25340 31777 4503
22 25396 31777 4502
21 25385 31776 4518
23 25353 31777 4473
21 25302 31775 4482
23 25367 31775 4485
21 25579 31776 4471
22 25903 31776 4469
22 26429 31773 4465
22 26826 31775 4483
22 26971 31776 4487
22 27068 31774 4503
21 26846 31776 4503
23 26468 31776 4503
21 26073 31777 4489
23 25629 31775 4500
21 25462 31775 4519
22 25328 31774 4489
22 25252 31777 4454
22 25284 31777 4429
22 25405 31776 4466
22 25610 31777 4468
21 25705 31778 4504
23 25779 31778 4504
21 25935 31777 4490
23 25926 31777 4507
22 25904 31778 4469
21 25938 31773 4501
23 25911 31776 4503
21 25845 31776 4475
23 25889 31776 4481
21 25885 31776 4485
22 25936 31777 4486
22 26006 31779 4485
22 25943 31775 4521
22 26000 31777 4489
22 25904 31777 4509
22 25901 31776 4470
22 26035 31778 4483
21 26256 31777 4488
23 26593 31776 4482
21 27021 31777 4453
23 27323 31775 4482
21 27366 31779 4465
22 27263 31776 4503
22 27049 31779 4503
22 26660 31779 4521
22 26301 31778 4521
22 26262 31779 4503
21 26077 31774 4518
23 26042 31778 4473
21 26038 31780 4490
23 26035 31774 4470
21 26200 31777 4453
22 26267 31777 4449
22 26409 31777 4486
22 26355 31776 4521
22 26322 31774 4488
22 26248 31777 4486
21 26109 31778 4499
23 26081 31777 4520
21 26007 31777 4457
23 25983 31777 4465
22 25919 31777 4435
21 25906 31775 4430
23 25979 31777 4485
21 25880 31776 4504
23 25912 31776 4503
21 25965 31774 4507
22 26030 31775 4521
22 25951 31776 4465
22 25866 31776 4488
22 25919 31777 4483
22 25978 31777 4465
21 26109 31774 4482
23 26457 31775 4465
21 26615 31776 4466
23 26879 31777 4504
21 26956 31777 4504
23 26899 31776 4490
21 26641 31777 4501
22 26400 31775 4467
22 26261 31774 4480
22 26143 31772 4466
22 26007 31776 4470
22 25931 31777 4453
21 25889 31775 4469
23 25992 31775 4484
21 26087 31777 4504
23 26148 31776 4521
21 26100 31776 4486
22 26203 31777 4508
22 26190 31776 4501
22 26177 31777 4485
22 26114 31777 4499
22 26173 31777 4498
21 26098 31778 4447
23 25995 31774 4456
22 25978 31779 4485
22 25964 31777 4486
22 25954 31773 4504
21 25985 31776 4484
23 26031 31779 4481
21 25990 31778 4468
23 25994 31779 4491
21 26056 31775 4484
22 26208 31779 4458
22 26345 31774 4451
22 26545 31775 4452
22 26686 31776 4468
22 26807 31778 4485
21 26816 31776 4485
23 26742 31774 4502
21 26592 31773 4489
23 26420 31774 4485
21 26258 31777 4465
23 26218 31776 4464
21 26173 31775 4490
22 26101 31774 4453
22 26117 31775 4473
22 26182 31776 4466
22 26193 31775 4522
22 26224 31774 4468
21 26223 31774 4484
23 26315 31776 4482
21 26247 31775 4470
23 26219 31774 4471
21 26265 31774 4482
22 26239 31774 4473
22 26137 31777 4500
22 26126 31774 4464
22 26145 31773 4467
22 26104 31773 4449
21 26143 31776 4501
23 26194 31775 4521
22 26121 31776 4484
22 26178 31777 4495
22 26135 31775 4467
21 26087 31775 4481
23 26175 31775 4474
21 26280 31776 4470
23 26414 31777 4464
21 26584 31777 4466
22 26786 31777 4483
22 26891 31776 4502
22 26798 31779 4502
22 26755 31776 4501
22 26630 31777 4489
21 26464 31775 4490
23 26393 31777 4517
21 26358 31776 4499
23 26238 31776 4501
21 26214 31776 4481
22 26280 31776 4483
22 26289 31778 4486
22 26320 31776 4486
22 26362 31775 4485
22 26394 31775 4475
22 26415 31776 4484
22 26324 31775 4503
21 26304 31774 4502
23 26251 31778 4467
21 26230 31776 4488
23 26208 31775 4465
21 26211 31777 4473
22 26290 31775 4467
22 26225 31776 4502
22 26213 31774 4502
22 26209 31776 4517
22 26199 31774 4502
21 26183 31775 4500
23 26181 31775 4519
22 26146 31776 4471
22 26229 31775 4471
22 26216 31773 4466
21 26266 31776 4484
23 26257 31775 4503
21 26375 31777 4505
23 26565 31775 4521
21 26687 31774 4522
22 26816 31777 4487
22 26886 31777 4501
22 26827 31776 4492
22 26703 31777 4473
22 26573 31775 4498
21 26452 31775 4482
23 26405 31775 4456
21 26386 31778 4484
23 26268 31778 4502
21 26332 31778 4503
22 26347 31776 4483
22 26421 31778 4489
22 26440 31777 4501
22 26436 31776 4502
22 26431 31775 4483
22 26429 31777 4471
22 26397 31775 4482
21 26434 31774 4448
23 26292 31776 4502
21 26373 31774 4503
23 26330 31775 4484
21 26228 31772 4503
22 26279 31777 4502
22 26273 31775 4501
22 26259 31775 4466
22 26241 31776 4500
22 26191 31775 4471
21 26207 31775 4502
23 26259 31778 4483
22 26319 31778 4448
22 26241 31778 4503
22 26352 31778 4486
21 26297 31778 4484
23 26322 31779 4503
21 26445 31776 4489
23 26564 31776 4472
21 26700 31778 4455
22 26830 31772 4465
22 26850 31776 4464
22 26819 31777 4482
22 26730 31777 4467
22 26564 31775 4484
21 26432 31775 4501
23 26371 31775 4502
21 26307 31776 4521
23 26239 31776 4481
21 26270 31775 4466
22 26335 31776 4472
22 26374 31776 4500
22 26400 31779 4483
22 26459 31777 4457
22 26431 31779 4467
21 26441 31776 4485
23 26432 31777 4496
21 26368 31776 4506
23 26370 31777 4503
21 26310 31776 4480
23 26300 31777 4471
21 26324 31774 4455
22 26302 31776 4457
22 26274 31777 4446
22 26238 31776 4454
22 26226 31775 4485
22 26253 31777 4483
22 26278 31776 4484
22 26333 31773 4520
22 26430 31777 4520
22 26492 31777 4486
22 26684 31776 4501
21 26786 31774 4483
23 26801 31776 4500
21 26811 31774 4482
23 26730 31777 4448
21 26616 31775 4467
22 26480 31777 4504
22 26383 31776 4522
22 26378 31773 4485
22 26338 31776 4502
22 26301 31778 4499
21 26357 31778 4492
23 26366 31775 4462
21 26424 31777 4500
23 26462 31775 4482
21 26477 31776 4484
22 26458 31776 4467
22 26431 31777 4503
22 26433 31776 4502
22 26383 31776 4520
22 26345 31776 4502
21 26269 31777 4481
23 26312 31776 4502
21 26329 31776 4501
23 26300 31777 4471
21 26327 31776 4495
23 26248 31778 4454
21 26244 31777 4466
22 26257 31776 4485
22 26271 31774 4484
22 26379 31778 4501
23 26547 31779 4521
21 26718 31777 4465
22 26849 31778 4483
22 26999 31778 4488
22 26953 31777 4455
22 26815 31778 4473
22 26741 31776 4471
21 26601 31777 4484
23 26505 31779 4504
21 26364 31776 4502
23 26330 31776 4502
21 26458 31776 4502
22 26451 31777 4503
22 26464 31775 4485
22 26488 31776 4491
22 26455 31777 4476
22 26552 31778 4475
21 26566 31775 4465
23 26514 31776 4477
21 26489 31777 4504
23 26476 31776 4502
21 26364 31777 4519
22 26311 31776 4467
22 26269 31776 4499
22 26346 31777 4477
22 26308 31776 4500
22 26330 31775 4482
21 26305 31776 4470
23 26266 31775 4448
21 26469 31775 4467
23 26706 31774 4468
21 26943 31773 4503
22 27084 31775 4472
22 27177 31774 4468
22 27185 31776 4469
22 27060 31775 4489
22 26876 31777 4466
23 26730 31775 4465
21 26652 31775 4471
22 26529 31777 4481
22 26407 31775 4449
22 26419 31776 4450
22 26465 31778 4485
22 26486 31777 4519
21 26507 31777 4519
23 26579 31777 4469
21 26640 31779 4465
23 26600 31776 4488
21 26610 31779 4482
22 26546 31776 4501
22 26494 31777 4467
22 26385 31776 4466
22 26394 31776 4504
22 26361 31775 4501
21 26279 31774 4502
23 26215 31778 4483
21 26250 31775 4493
23 26402 31773 4466
21 26509 31775 4465
22 26798 31774 4471
22 27120 31774 4465
22 27404 31775 4483
22 27450 31776 4448
22 27421 31775 4485
21 27229 31777 4485
23 26962 31776 4467
21 26773 31772 4472
23 26582 31776 4494
21 26454 31774 4483
22 26387 31776 4465
22 26363 31777 4463
22 26406 31776 4501
22 26527 31775 4446
22 26543 31779 4466
21 26554 31776 4502
23 26614 31777 4483
22 26624 31774 4503
22 26569 31776 4501
22 26438 31775 4472
22 26335 31776 4487
22 26304 31776 4482
21 26211 31777 4455
23 26168 31775 4481
21 26236 31775 4500
23 26112 31774 4483
21 26164 31776 4502
22 26300 31777 4502
22 26572 31775 4485
22 26940 31773 4519
22 27301 31776 4493
22 27553 31774 4501
21 27616 31774 4490
23 27420 31775 4483
21 27240 31775 4491
23 26891 31774 4444
21 26684 31774 4484
22 26526 31776 4504
22 26395 31776 4485
22 26285 31774 4502
22 26322 31776 4520
22 26285 31777 4486
21 26433 31778 4501
23 26500 31777 4468
21 26579 31776 4500
23 26614 31778 4500
21 26546 31776 4490
22 26532 31776 4483
22 26331 31776 4501
22 26386 31777 4502
22 26274 31774 4520
22 26170 31773 4520
22 26100 31777 4507
22 26100 31773 4466
22 26081 31775 4477
22 26036 31776 4465
22 26131 31776 4500
22 26164 31776 4488
22 26265 31776 4464
21 26335 31775 4467
23 26651 31776 4485
21 27158 31775 4503
23 27390 31777 4490
21 27558 31774 4489
22 27555 31774 4483
22 27326 31778 4491
22 26904 31775 4501
22 26636 31776 4500
22 26396 31775 4466
21 26257 31777 4452
23 26161 31775 4449
21 26111 31775 4503
23 26203 31777 4485
21 26305 31775 4486
22 26396 31775 4485
22 26539 31775 4466
22 26484 31774 4488
22 26464 31775 4464
22 26409 31776 4455
21 26348 31776 4454
23 26261 31776 4473
21 26168 31773 4485
23 26146 31775 4485
21 26059 31777 4522
22 26033 31776 4494
22 26036 31777 4520
22 26083 31775 4498
23 26102 31776 4500
21 26218 31774 4491
22 26473 31777 4466
22 26792 31775 4459
22 27171 31773 4484
22 27476 31778 4485
22 27456 31777 4502
21 27194 31777 4520
23 26921 31775 4484
21 26655 31778 4485
23 26402 31775 4487
21 26286 31776 4466
23 26179 31775 4489
21 26115 31775 4489
22 26126 31776 4482
22 26228 31778 4466
22 26335 31776 4503
22 26424 31776 4485
22 26440 31776 4485
21 26520 31775 4501
23 26402 31776 4485
21 26349 31774 4464
23 26265 31773 4471
21 26187 31773 4483
22 26095 31775 4452
22 26064 31776 4478
22 26030 31777 4452
22 26011 31776 4467
22 26024 31774 4467
21 26050 31774 4520
23 26126 31775 4519
21 26164 31776 4520
23 26302 31775 4498
21 26537 31773 4466
22 27017 31774 4482
22 27341 31774 4488
22 27449 31774 4438
23 27309 31773 4448
21 27008 31774 4451
22 26747 31776 4502
22 26517 31775 4479
22 26357 31776 4485
22 26240 31774 4485
22 26136 31775 4487
21 26072 31775 4465
23 26192 31775 4488
21 26258 31775 4465
23 26321 31777 4471
21 26398 31774 4473
23 26368 31774 4466
21 26380 31773 4485
22 26298 31777 4503
22 26206 31776 4521
22 26160 31776 4519
22 26128 31776 4484
22 26057 31775 4484
21 26042 31776 4483
23 26066 31776 4482
21 26053 31776 4465
23 25996 31775 4464
21 26063 31774 4449
22 26079 31776 4449
22 26032 31775 4484
22 26073 31773 4502
22 26193 31774 4519
22 26489 31775 4467
21 26839 31776 4464
23 27109 31775 4502
21 27224 31775 4488
23 27235 31775 4498
21 26984 31776 4438
22 26863 31775 4469
22 26613 31775 4484
22 26448 31775 4498
23 26197 31776 4480
21 26211 31775 4484
22 26091 31777 4466
22 26103 31773 4466
22 26293 31778 4455
22 26331 31774 4476
22 26339 31776 4491
21 26375 31775 4464
23 26454 31775 4466
21 26320 31776 4485
23 26268 31775 4485
21 26153 31773 4502
22 26181 31775 4506
22 26176 31777 4502
22 26110 31775 4500
22 26085 31776 4485
22 26060 31777 4489
22 26075 31775 4488
22 26059 31775 4484
21 26071 31773 4449
23 26089 31774 4504
21 26119 31777 4503
23 26083 31775 4502
21 26043 31775 4490
22 26061 31774 4500
22 26088 31775 4472
22 26134 31775 4501
22 26381 31775 4467
22 26692 31773 4488
21 26956 31774 4460
23 27146 31772 4484
21 27155 31774 4468
23 27149 31773 4487
21 26967 31776 4502
22 26827 31774 4500
22 26664 31774 4466
22 26450 31776 4483
23 26311 31775 4502
21 26220 31777 4500
22 26220 31776 4465
22 26248 31775 4465
22 26305 31777 4501
22 26380 31776 4503
22 26416 31776 4484
21 26458 31775 4484
23 26417 31773 4501
21 26359 31775 4473
23 26361 31773 4471
21 26238 31774 4477
22 26195 31774 4466
22 26153 31773 4493
22 26136 31775 4470
22 26111 31774 4467
22 26178 31776 4503
22 26067 31773 4466
22 26048 31776 4487
21 26123 31777 4484
23 26098 31776 4467
21 26090 31775 4500
23 26126 31776 4474
21 26153 31776 4471
22 26111 31776 4470
22 26128 31776 4452
22 26237 31774 4485
22 26480 31777 4485
22 26727 31776 4504
21 27024 31776 4504
23 27217 31776 4484
21 27284 31776 4504
23 27140 31779 4501
21 26907 31778 4484
22 26672 31777 4502
23 26507 31778 4499
21 26367 31777 4484
23 26316 31777 4485
21 26323 31777 4503
22 26250 31776 4503
22 26296 31776 4484
22 26400 31777 4483
22 26453 31776 4478
22 26526 31777 4467
21 26499 31774 4482
23 26435 31777 4483
21 26411 31774 4471
23 26407 31776 4448
21 26279 31775 4483
22 26171 31774 4502
22 26183 31774 4486
22 26160 31776 4520
22 26138 31775 4502
22 26137 31775 4473
21 26120 31776 4489
23 26129 31775 4471
21 26116 31775 4488
23 26133 31774 4483
21 26161 31774 4501
23 26178 31776 4483
21 26295 31776 4485
22 26519 31776 4503
22 26840 31776 4522
22 27160 31775 4483
22 27337 31774 4490
22 27336 31774 4466
21 27222 31776 4483
23 26999 31775 4502
21 26701 31774 4471
23 26546 31777 4483
21 26366 31778 4454
22 26302 31777 4467
23 26240 31778 4484
21 26242 31777 4468
23 26289 31777 4500
21 26401 31779 4501
22 26488 31777 4466
22 26542 31778 4488
22 26506 31776 4500
22 26491 31777 4482
22 26383 31774 4465
21 26371 31777 4466
23 26279 31773 4503
21 26241 31777 4503
23 26156 31775 4519
21 26135 31777 4517
22 26141 31778 4491
22 26123 31774 4483
22 26107 31777 4491
22 26100 31777 4472
22 26119 31776 4488
21 26103 31773 4454
23 26221 31776 4448
21 26188 31774 4485
23 26194 31775 4484
21 26123 31774 4503
23 26122 31775 4519
21 26207 31776 4508
22 26441 31773 4465
22 26732 31775 4466
22 27130 31775 4501
22 27495 31775 4500
22 27633 31774 4459
21 27576 31772 4449
23 27432 31776 4466
21 27184 31777 4502
23 26805 31776 4502
21 26684 31774 4513
22 26503 31776 4507
23 26442 31774 4472
21 26346 31774 4483
23 26366 31776 4482
21 26421 31776 4483
22 26476 31774 4437
22 26534 31776 4483
22 26647 31777 4484
22 26617 31776 4504
22 26608 31775 4520
21 26508 31774 4510
23 26407 31775 4502
21 26332 31775 4482
23 26248 31774 4492
21 26153 31773 4485
22 26197 31776 4470
22 26115 31774 4440
22 26117 31774 4447
22 26175 31774 4502
22 26193 31772 4468
21 26127 31774 4502
23 26211 31772 4491
21 26086 31775 4500
23 26118 31772 4499
21 26150 31774 4475
22 26168 31774 4500
22 26167 31774 4482
22 26129 31774 4449
22 26184 31776 4483
22 26480 31776 4478
22 26715 31774 4468
22 27145 31775 4502
21 27541 31775 4484
23 27721 31776 4502
21 27817 31772 4454
23 27532 31776 4501
21 27203 31775 4483
22 26807 31776 4488
23 26552 31772 4447
21 26377 31775 4484
23 26215 31773 4484
21 26148 31773 4485
22 26289 31775 4486
22 26403 31776 4484
22 26507 31776 4485
22 26635 31775 4471
22 26719 31777 4501
21 26708 31773 4501
23 26667 31776 4488
21 26463 31775 4453
23 26379 31776 4484
21 26271 31774 4484
22 26190 31774 4485
22 26141 31778 4520
22 26104 31777 4481
22 26124 31777 4503
22 26105 31775 4482
21 26129 31776 4470
23 26125 31773 4477
21 26136 31776 4500
23 26064 31775 4446
21 26102 31772 4483
22 26078 31774 4449
22 26127 31775 4485
22 26229 31774 4502
22 26334 31774 4484
22 26832 31775 4520
21 27324 31774 4470
23 27771 31770 4491
21 27944 31774 4484
23 27975 31774 4466
21 27783 31775 4466
23 27334 31775 4483
22 26903 31776 4503
21 26533 31777 4485
23 26292 31775 4484
21 26165 31776 4483
23 26098 31775 4503
21 26154 31774 4498
22 26296 31774 4489
22 26489 31773 4476
22 26611 31776 4471
22 26588 31772 4473
22 26690 31771 4442
21 26623 31773 4467
23 26533 31772 4467
21 26433 31774 4484
23 26223 31776 4519
21 26127 31774 4521
22 26107 31774 4487
22 26015 31774 4504
22 26025 31774 4466
22 25996 31774 4471
22 25997 31773 4452
21 25998 31774 4465
23 25985 31774 4467
21 25994 31775 4503
23 26016 31775 4468
21 26068 31776 4481
22 26087 31776 4484
22 26117 31775 4469
22 26087 31774 4500
22 26244 31774 4499
22 26609 31775 4500
21 27179 31775 4501
23 27731 31774 4447
21 28270 31774 4484
23 28464 31772 4467
21 28300 31776 4485
23 27876 31775 4520
22 27325 31775 4483
21 26756 31775 4499
23 26395 31774 4501
21 26158 31775 4472
23 26074 31775 4470
21 26129 31779 4488
22 26172 31775 4466
22 26331 31777 4449
22 26521 31776 4485
22 26691 31777 4467
22 26761 31775 4502
21 26708 31775 4486
23 26660 31777 4481
21 26490 31776 4483
23 26388 31777 4483
21 26202 31776 4489
22 26101 31775 4483
22 26089 31776 4448
22 25959 31770 4484
22 25910 31777 4468
22 25890 31775 4484
21 25884 31775 4518
23 25894 31775 4519
21 25995 31775 4480
23 25988 31774 4501
21 26004 31774 4500
22 25960 31772 4465
22 25977 31772 4466
22 25883 31775 4483
22 26014 31775 4466
22 25997 31774 4485
21 26241 31772 4468
23 26786 31775 4502
21 27461 31774 4521
23 28149 31773 4504
21 28622 31773 4491
22 28740 31775 4483
23 28359 31774 4482
21 27871 31776 4467
23 27310 31773 4453
21 26742 31774 4466
23 26208 31774 4485
21 25999 31774 4502
22 25936 31774 4520
22 25925 31771 4502
22 26055 31774 4466
22 26364 31773 4471
22 26595 31774 4467
21 26734 31774 4472
23 26791 31774 4500
21 26823 31774 4482
23 26547 31774 4502
21 26446 31775 4485
