21 26544 18595 4304
22 26529 18578 4315
22 26534 18560 4308
22 26535 18562 4311
21 26541 18548 4306
23 26541 18538 4311
21 26531 18525 4311
22 26570 18518 4315
22 26599 18512 4313
22 26654 18502 4311
21 26713 18490 4312
23 26753 18468 4316
21 26774 18463 4306
22 26739 18446 4312
22 26675 18434 4305
22 26641 18426 4318
21 26604 18409 4311
23 26587 18403 4311
21 26578 18390 4316
22 26554 18395 4312
22 26581 18378 4311
22 26561 18376 4317
21 26563 18384 4309
22 26578 18384 4314
22 26577 18381 4310
22 26570 18388 4312
21 26566 18393 4312
23 26570 18395 4307
21 26550 18403 4315
22 26546 18416 4315
22 26536 18430 4314
22 26525 18441 4312
21 26526 18457 4311
23 26511 18471 4309
21 26499 18490 4309
22 26503 18508 4313
22 26507 18525 4309
22 26506 18546 4318
21 26530 18564 4308
23 26577 18579 4309
21 26622 18602 4315
22 26713 18633 4309
23 26764 18647 4314
21 26780 18660 4311
22 26722 18686 4310
22 26681 18698 4314
22 26648 18715 4307
21 26605 18728 4308
23 26590 18747 4308
21 26568 18760 4312
22 26578 18769 4311
22 26562 18786 4306
22 26551 18798 4312
21 26552 18809 4311
23 26584 18818 4310
21 26580 18819 4312
22 26580 18833 4312
22 26585 18837 4310
22 26582 18851 4310
21 26571 18857 4321
23 26563 18857 4316
21 26564 18871 4314
22 26554 18877 4311
22 26569 18878 4316
22 26557 18892 4316
21 26570 18890 4311
23 26556 18883 4312
21 26575 18894 4307
22 26584 18897 4308
22 26598 18888 4316
22 26623 18883 4304
21 26687 18885 4315
23 26733 18876 4312
21 26771 18878 4311
22 26739 18874 4310
22 26688 18869 4310
22 26619 18865 4309
21 26601 18851 4311
23 26577 18845 4312
21 26572 18842 4318
22 26543 18830 4310
22 26550 18832 4311
22 26574 18819 4317
21 26570 18814 4314
23 26577 18807 4312
22 26575 18798 4318
21 26585 18793 4310
22 26582 18779 4309
22 26560 18765 4307
22 26558 18764 4313
21 26534 18757 4314
23 26509 18750 4311
21 26517 18740 4313
22 26522 18736 4315
22 26535 18727 4314
22 26532 18720 4311
21 26537 18707 4313
23 26530 18711 4304
21 26522 18702 4311
22 26562 18695 4312
22 26614 18684 4309
22 26681 18679 4318
21 26726 18673 4312
23 26735 18660 4311
21 26711 18659 4317
22 26660 18664 4313
22 26610 18652 4313
22 26591 18641 4310
21 26545 18646 4312
23 26517 18626 4307
21 26497 18622 4313
22 26529 18631 4311
22 26533 18610 4310
22 26563 18600 4312
21 26571 18593 4310
23 26582 18593 4309
21 26576 18583 4311
22 26524 18575 4308
22 26519 18572 4308
22 26519 18565 4311
21 26512 18561 4310
23 26520 18560 4312
21 26509 18551 4313
22 26526 18548 4314
22 26518 18546 4314
22 26510 18544 4309
21 26501 18539 4317
23 26517 18528 4316
22 26529 18535 4307
21 26620 18526 4309
23 26687 18528 4309
21 26744 18526 4313
22 26771 18520 4312
22 26763 18513 4311
22 26724 18509 4310
21 26663 18508 4313
23 26628 18509 4307
21 26592 18506 4304
22 26574 18500 4311
22 26563 18501 4311
22 26550 18500 4310
21 26547 18493 4310
23 26545 18484 4318
21 26534 18488 4312
22 26530 18474 4305
22 26554 18463 4313
22 26550 18456 4318
21 26532 18460 4311
23 26544 18444 4310
21 26534 18435 4318
22 26521 18442 4312
21 26497 18431 4313
23 26524 18424 4310
21 26519 18421 4313
22 26521 18422 4313
22 26543 18416 4313
22 26536 18414 4312
21 26533 18418 4312
23 26563 18414 4310
21 26621 18422 4312
22 26680 18413 4317
22 26736 18417 4308
22 26778 18430 4311
21 26738 18434 4312
23 26695 18440 4308
21 26655 18450 4315
22 26631 18457 4311
22 26603 18466 4311
22 26577 18476 4315
22 26554 18495 4307
22 26569 18490 4314
22 26556 18497 4313
21 26572 18505 4317
23 26584 18511 4316
21 26589 18516 4306
22 26587 18523 4317
22 26573 18522 4311
22 26570 18530 4308
21 26559 18536 4305
23 26547 18539 4310
21 26541 18546 4311
22 26541 18558 4315
22 26529 18552 4309
22 26528 18555 4310
21 26526 18557 4313
23 26539 18559 4304
21 26578 18553 4310
22 26662 18562 4318
22 26756 18566 4317
22 26803 18567 4310
21 26814 18564 4321
23 26784 18560 4319
21 26736 18567 4312
22 26691 18557 4311
22 26640 18560 4312
22 26623 18564 4311
21 26619 18556 4314
23 26618 18549 4311
21 26602 18549 4312
22 26627 18545 4312
22 26621 18542 4309
22 26617 18531 4309
21 26638 18529 4311
23 26626 18524 4305
21 26602 18516 4311
22 26577 18511 4310
22 26551 18502 4312
22 26544 18500 4317
21 26549 18490 4309
23 26620 18485 4311
22 26681 18471 4319
21 26748 18473 4312
23 26790 18458 4311
21 26827 18447 4313
22 26894 18441 4310
21 26985 18427 4318
23 27027 18416 4310
21 27017 18412 4312
22 26975 18402 4313
22 26919 18394 4309
22 26863 18393 4312
21 26821 18391 4309
23 26788 18382 4313
21 26741 18382 4313
22 26707 18379 4311
22 26678 18381 4309
22 26650 18376 4308
21 26626 18377 4314
23 26632 18380 4310
21 26620 18378 4317
22 26622 18371 4312
22 26623 18379 4312
22 26617 18384 4317
21 26618 18382 4312
23 26582 18393 4312
21 26551 18397 4313
22 26505 18412 4316
22 26468 18418 4310
22 26456 18414 4310
21 26449 18419 4315
23 26482 18429 4311
21 26527 18444 4313
22 26559 18445 4316
22 26577 18454 4314
22 26555 18473 4311
21 26515 18488 4309
23 26454 18490 4309
21 26382 18500 4310
22 26357 18514 4307
22 26364 18529 4309
22 26380 18534 4312
21 26393 18546 4313
23 26413 18558 4318
22 26417 18571 4313
21 26462 18569 4316
23 26535 18580 4317
21 26657 18598 4312
22 26806 18603 4317
22 26888 18609 4314
22 26922 18624 4311
21 26896 18626 4311
23 26825 18626 4314
21 26757 18640 4311
22 26650 18645 4314
22 26549 18650 4310
22 26498 18654 4311
21 26476 18660 4313
23 26526 18663 4312
21 26607 18670 4306
22 26686 18677 4312
22 26718 18681 4313
22 26687 18681 4312
21 26615 18689 4310
23 26524 18690 4314
21 26444 18694 4317
22 26383 18696 4313
22 26369 18693 4312
22 26361 18692 4313
21 26369 18692 4312
22 26392 18682 4306
22 26412 18685 4313
22 26431 18687 4318
21 26484 18678 4312
23 26503 18676 4312
21 26524 18668 4313
22 26567 18661 4311
22 26563 18658 4313
22 26558 18653 4312
21 26579 18647 4312
23 26657 18643 4311
21 26760 18642 4312
22 26855 18646 4306
22 26918 18633 4310
22 26937 18641 4319
21 26943 18635 4315
23 26881 18634 4312
22 26824 18630 4319
21 26761 18626 4312
23 26691 18633 4311
21 26625 18635 4311
22 26571 18635 4314
22 26577 18639 4311
22 26607 18631 4311
21 26608 18643 4318
23 26588 18651 4312
21 26568 18652 4312
22 26536 18655 4312
22 26508 18655 4312
22 26494 18661 4305
21 26456 18667 4308
23 26452 18666 4306
21 26393 18674 4310
22 26344 18674 4317
22 26325 18675 4311
22 26292 18673 4308
21 26295 18665 4314
23 26338 18662 4318
21 26389 18670 4315
22 26411 18651 4317
22 26452 18644 4319
22 26451 18646 4313
21 26480 18631 4311
23 26567 18629 4312
21 26681 18626 4311
22 26754 18613 4312
22 26761 18602 4316
22 26721 18593 4314
21 26662 18581 4318
23 26574 18571 4302
21 26533 18556 4311
22 26501 18547 4315
22 26509 18536 4312
22 26508 18522 4310
21 26449 18508 4316
23 26411 18493 4310
21 26403 18488 4319
22 26423 18477 4313
23 26458 18464 4315
21 26480 18450 4317
22 26489 18445 4313
22 26470 18422 4317
22 26461 18406 4318
21 26468 18399 4315
22 26467 18376 4313
22 26466 18365 4309
22 26447 18337 4312
21 26451 18331 4313
23 26436 18315 4314
21 26437 18304 4311
22 26469 18284 4316
22 26505 18278 4313
22 26576 18265 4313
21 26606 18250 4312
23 26588 18252 4312
21 26569 18249 4311
22 26512 18240 4313
22 26476 18240 4311
22 26481 18235 4313
21 26467 18240 4311
23 26490 18233 4314
21 26483 18226 4320
22 26481 18221 4311
22 26493 18227 4309
22 26489 18221 4313
21 26487 18224 4305
23 26491 18218 4312
21 26512 18211 4313
22 26492 18208 4312
22 26461 18203 4309
22 26432 18198 4309
21 26389 18196 4315
23 26379 18191 4308
21 26385 18186 4315
22 26397 18192 4311
22 26411 18191 4311
22 26398 18184 4314
21 26429 18183 4316
23 26472 18186 4310
21 26549 18178 4311
22 26617 18178 4319
23 26664 18179 4318
21 26670 18180 4312
22 26668 18177 4313
22 26618 18176 4320
22 26584 18181 4315
21 26531 18173 4311
23 26534 18176 4307
21 26520 18177 4304
22 26528 18175 4312
22 26501 18171 4313
22 26487 18174 4312
21 26484 18178 4318
23 26506 18167 4318
21 26522 18176 4311
22 26540 18168 4312
22 26554 18170 4315
22 26575 18174 4311
21 26548 18177 4311
23 26544 18178 4311
21 26542 18177 4316
22 26521 18178 4306
22 26521 18173 4313
22 26516 18178 4318
21 26539 18180 4310
23 26543 18176 4312
21 26570 18174 4318
22 26602 18176 4314
21 26631 18177 4313
23 26675 18174 4308
21 26685 18180 4316
22 26661 18180 4309
22 26659 18175 4309
22 26611 18186 4311
21 26561 18179 4314
23 26561 18191 4313
21 26567 18192 4312
22 26546 18188 4313
22 26545 18195 4313
22 26530 18199 4313
21 26547 18199 4308
23 26560 18206 4314
22 26571 18207 4316
21 26563 18222 4309
23 26561 18214 4314
21 26561 18214 4318
22 26552 18227 4313
22 26535 18228 4315
22 26546 18228 4313
21 26530 18223 4307
23 26530 18236 4313
21 26521 18233 4305
22 26503 18233 4312
22 26498 18236 4312
22 26517 18234 4311
21 26540 18237 4314
23 26584 18243 4312
21 26630 18240 4312
22 26673 18252 4311
22 26642 18242 4313
22 26615 18255 4312
21 26581 18265 4313
23 26570 18262 4312
21 26542 18276 4308
22 26549 18281 4320
22 26539 18278 4318
22 26539 18295 4313
21 26536 18285 4316
23 26517 18296 4318
21 26505 18304 4312
22 26520 18299 4310
22 26535 18304 4307
22 26561 18305 4311
21 26567 18301 4317
23 26573 18301 4313
21 26547 18302 4312
22 26554 18298 4314
22 26521 18295 4311
22 26508 18289 4310
21 26470 18290 4308
23 26450 18283 4315
21 26460 18278 4308
22 26452 18280 4311
23 26443 18274 4314
21 26481 18283 4319
22 26526 18280 4313
22 26596 18273 4310
22 26658 18280 4313
21 26700 18290 4311
23 26695 18286 4316
21 26678 18293 4318
22 26644 18305 4306
21 26615 18307 4318
23 26590 18325 4308
21 26584 18344 4315
22 26569 18352 4309
22 26554 18371 4313
22 26557 18379 4311
21 26591 18396 4312
23 26592 18412 4310
21 26591 18427 4312
22 26613 18442 4307
22 26595 18454 4305
22 26593 18471 4311
21 26583 18482 4306
23 26575 18500 4310
21 26549 18509 4320
22 26545 18517 4314
22 26531 18535 4313
22 26551 18542 4310
21 26557 18557 4313
23 26555 18573 4312
21 26577 18564 4311
22 26574 18586 4310
22 26575 18586 4311
22 26615 18588 4311
21 26644 18595 4313
23 26705 18593 4312
21 26736 18604 4314
22 26740 18605 4318
22 26735 18611 4315
22 26683 18611 4305
21 26639 18615 4313
23 26603 18613 4317
21 26563 18609 4312
22 26532 18613 4316
23 26534 18614 4311
21 26530 18615 4316
22 26524 18611 4315
22 26514 18605 4318
22 26522 18612 4314
21 26523 18605 4322
23 26532 18602 4320
21 26536 18602 4306
22 26543 18590 4311
22 26528 18597 4313
22 26539 18594 4313
21 26526 18585 4310
23 26517 18579 4312
21 26523 18567 4312
22 26551 18571 4316
22 26537 18564 4319
22 26543 18556 4312
21 26545 18549 4313
23 26563 18544 4308
21 26573 18530 4310
22 26610 18522 4313
22 26691 18510 4308
22 26784 18500 4318
21 26824 18495 4312
23 26830 18490 4308
21 26777 18477 4318
22 26702 18479 4314
22 26649 18462 4312
22 26629 18450 4317
21 26589 18450 4317
22 26575 18441 4316
22 26561 18423 4309
22 26569 18418 4311
21 26578 18410 4311
23 26581 18389 4313
21 26594 18386 4312
22 26577 18374 4314
22 26584 18360 4313
22 26586 18348 4311
21 26591 18340 4313
23 26581 18331 4311
21 26568 18317 4310
22 26545 18305 4316
23 26555 18283 4314
21 26551 18283 4317
22 26556 18278 4309
22 26547 18259 4314
22 26545 18245 4313
21 26551 18246 4312
23 26542 18226 4311
21 26582 18214 4311
22 26642 18207 4312
22 26716 18196 4316
22 26778 18181 4315
21 26811 18169 4306
23 26816 18163 4311
21 26753 18152 4310
22 26694 18143 4313
22 26661 18137 4309
22 26629 18140 4309
21 26614 18141 4312
23 26599 18135 4312
21 26595 18135 4311
22 26584 18132 4313
22 26589 18130 4313
22 26585 18127 4311
21 26588 18124 4322
23 26583 18122 4316
21 26589 18117 4313
22 26587 18105 4313
22 26581 18094 4318
22 26569 18092 4304
21 26558 18072 4313
23 26536 18060 4311
21 26523 18055 4314
22 26530 18040 4310
22 26519 18032 4312
22 26533 18018 4312
21 26554 18015 4316
23 26599 18005 4303
21 26679 17994 4313
22 26763 17993 4311
22 26802 17982 4306
22 26805 17985 4312
21 26770 17982 4312
23 26694 17980 4306
22 26657 17967 4315
21 26616 17976 4311
23 26579 17974 4306
21 26578 17969 4318
22 26555 17975 4310
22 26565 17971 4305
22 26565 17958 4312
21 26573 17966 4310
22 26595 17953 4306
22 26611 17957 4312
22 26597 17955 4312
21 26586 17947 4307
23 26575 17943 4314
21 26560 17942 4314
22 26531 17940 4315
22 26532 17935 4313
22 26508 17929 4312
21 26515 17929 4316
23 26522 17926 4312
21 26542 17913 4313
22 26572 17914 4313
22 26632 17917 4313
22 26713 17909 4319
21 26779 17911 4314
23 26782 17904 4310
21 26768 17905 4311
22 26701 17909 4306
22 26652 17906 4314
22 26628 17901 4313
21 26587 17901 4309
23 26558 17902 4310
21 26565 17901 4312
22 26561 17891 4307
22 26576 17894 4311
22 26599 17897 4310
21 26615 17892 4306
23 26623 17892 4311
21 26617 17892 4314
22 26603 17885 4311
22 26554 17885 4313
22 26514 17885 4312
22 26484 17880 4318
22 26502 17878 4314
22 26524 17871 4311
21 26584 17864 4318
23 26568 17868 4318
21 26600 17872 4313
22 26634 17871 4319
22 26695 17874 4317
22 26772 17871 4314
21 26862 17875 4308
23 26897 17877 4310
21 26860 17891 4311
22 26771 17885 4309
22 26658 17898 4313
22 26570 17908 4312
21 26554 17915 4315
23 26536 17914 4312
21 26527 17927 4312
22 26526 17932 4309
22 26514 17938 4312
22 26502 17943 4310
21 26512 17942 4311
23 26517 17948 4311
21 26503 17949 4318
22 26489 17949 4311
22 26456 17941 4315
22 26431 17939 4317
21 26407 17940 4311
23 26404 17924 4308
21 26444 17913 4317
22 26484 17905 4313
21 26510 17892 4313
23 26557 17876 4312
21 26528 17855 4319
22 26520 17830 4311
22 26534 17818 4312
22 26543 17793 4311
21 26606 17774 4306
23 26709 17747 4312
21 26794 17728 4313
22 26850 17704 4310
23 26826 17682 4312
21 26789 17655 4313
22 26720 17631 4313
22 26687 17609 4313
22 26642 17606 4317
21 26530 17608 4309
23 26378 17611 4311
21 26299 17631 4316
22 26243 17665 4315
22 26236 17697 4312
22 26243 17731 4312
21 26268 17781 4308
23 26372 17822 4307
21 26510 17857 4309
22 26630 17897 4312
22 26691 17939 4309
22 26663 17981 4310
21 26592 18016 4312
23 26505 18048 4309
21 26447 18093 4311
22 26426 18129 4314
22 26450 18158 4304
22 26494 18186 4312
21 26534 18209 4311
23 26596 18238 4313
21 26650 18264 4311
22 26674 18280 4320
22 26687 18305 4318
22 26689 18327 4314
21 26738 18338 4317
23 26856 18356 4318
21 26959 18370 4312
22 26965 18377 4310
22 26927 18381 4306
22 26833 18389 4305
21 26708 18391 4307
23 26635 18392 4311
21 26563 18396 4310
22 26553 18398 4315
22 26553 18395 4310
22 26575 18397 4311
21 26605 18403 4313
23 26629 18412 4310
22 26750 18413 4311
21 26721 18420 4311
23 26716 18425 4304
21 26694 18432 4316
22 26659 18441 4311
22 26620 18441 4309
22 26579 18459 4319
21 26551 18474 4310
23 26536 18479 4304
21 26530 18487 4317
22 26510 18501 4310
21 26510 18510 4308
23 26512 18521 4311
21 26512 18523 4312
22 26523 18540 4310
22 26509 18546 4311
22 26483 18559 4309
21 26479 18569 4313
23 26480 18577 4314
21 26483 18592 4307
22 26528 18596 4304
22 26608 18615 4308
22 26756 18626 4309
21 26840 18633 4312
23 26844 18645 4310
21 26800 18660 4313
22 26698 18677 4312
22 26619 18673 4309
22 26547 18689 4316
21 26506 18703 4312
23 26483 18712 4312
21 26496 18719 4310
22 26481 18738 4315
22 26512 18738 4309
22 26561 18741 4311
21 26577 18750 4311
23 26574 18745 4306
21 26590 18763 4304
22 26560 18758 4313
22 26537 18769 4310
22 26544 18777 4309
21 26528 18785 4305
23 26508 18785 4310
22 26501 18789 4314
21 26504 18791 4313
23 26517 18790 4309
21 26521 18794 4310
22 26512 18793 4309
22 26495 18793 4316
22 26488 18798 4310
21 26477 18794 4317
23 26457 18790 4317
21 26444 18800 4305
22 26480 18791 4308
22 26580 18789 4309
22 26677 18787 4310
21 26746 18784 4311
23 26745 18781 4309
21 26713 18775 4310
22 26640 18771 4315
22 26598 18768 4312
22 26544 18765 4311
21 26522 18759 4307
23 26501 18757 4308
21 26507 18738 4311
22 26511 18736 4310
22 26519 18729 4306
22 26536 18725 4316
21 26546 18717 4309
23 26552 18709 4309
21 26557 18701 4315
22 26550 18692 4309
22 26537 18684 4307
22 26496 18676 4316
21 26498 18672 4309
22 26506 18659 4311
22 26517 18657 4311
22 26522 18655 4316
21 26515 18642 4311
23 26498 18632 4309
21 26486 18627 4313
22 26477 18620 4312
22 26476 18614 4311
22 26475 18607 4309
21 26497 18600 4310
23 26514 18597 4311
22 26569 18590 4310
21 26662 18585 4309
23 26726 18573 4313
21 26763 18572 4317
22 26769 18569 4302
22 26725 18558 4310
22 26658 18553 4312
21 26601 18537 4310
23 26522 18534 4309
21 26511 18530 4315
22 26492 18532 4310
22 26511 18521 4305
22 26503 18517 4305
21 26509 18507 4312
23 26541 18509 4310
21 26568 18507 4307
22 26570 18502 4309
22 26563 18497 4306
22 26543 18502 4310
21 26537 18505 4312
23 26533 18499 4311
21 26517 18490 4307
22 26521 18493 4313
22 26528 18491 4309
22 26517 18493 4311
21 26515 18483 4316
23 26529 18494 4315
21 26528 18490 4311
22 26516 18484 4315
22 26524 18484 4318
22 26511 18486 4309
21 26527 18482 4314
23 26537 18473 4302
21 26585 18480 4309
22 26670 18471 4312
22 26738 18470 4304
22 26754 18467 4307
21 26749 18469 4314
23 26718 18462 4306
21 26637 18462 4312
22 26588 18454 4308
23 26553 18455 4307
21 26514 18450 4311
22 26506 18445 4311
22 26518 18443 4312
22 26519 18441 4314
21 26549 18432 4310
23 26573 18428 4305
21 26585 18431 4309
22 26561 18428 4312
22 26571 18427 4307
22 26534 18425 4317
21 26521 18426 4311
22 26517 18419 4307
22 26520 18417 4307
22 26537 18417 4312
21 26518 18417 4312
23 26522 18414 4307
21 26529 18415 4311
22 26504 18411 4312
22 26510 18421 4311
22 26522 18417 4310
21 26525 18417 4313
23 26556 18415 4309
21 26595 18422 4310
22 26660 18418 4306
22 26727 18425 4309
22 26766 18416 4313
21 26749 18417 4303
23 26711 18423 4311
21 26662 18417 4317
22 26635 18422 4309
22 26613 18418 4315
22 26612 18414 4308
21 26597 18413 4306
23 26595 18414 4310
21 26605 18406 4310
22 26615 18406 4309
22 26614 18392 4315
22 26604 18398 4309
21 26615 18398 4310
23 26594 18397 4311
22 26579 18393 4310
21 26567 18394 4305
23 26546 18381 4310
21 26547 18385 4307
22 26530 18383 4312
22 26558 18381 4312
22 26539 18368 4308
21 26547 18376 4310
23 26522 18371 4314
21 26542 18367 4311
22 26619 18361 4314
22 26714 18362 4317
22 26822 18362 4310
21 26870 18344 4309
23 26851 18349 4302
21 26801 18347 4312
22 26750 18345 4310
22 26674 18346 4312
22 26614 18346 4309
21 26577 18346 4312
23 26568 18346 4302
21 26557 18348 4311
22 26568 18351 4302
22 26592 18344 4311
22 26620 18354 4311
21 26629 18352 4309
23 26633 18354 4310
21 26617 18354 4314
22 26592 18351 4311
22 26554 18350 4308
22 26529 18346 4315
21 26526 18357 4312
23 26515 18347 4308
21 26528 18346 4316
22 26526 18353 4309
21 26535 18340 4312
23 26542 18340 4310
21 26548 18343 4312
22 26549 18344 4304
22 26600 18345 4311
22 26676 18341 4309
21 26780 18347 4306
23 26863 18342 4311
22 26876 18337 4310
21 26809 18335 4310
23 26719 18335 4307
21 26629 18334 4311
22 26565 18335 4309
22 26534 18329 4311
22 26530 18329 4314
21 26508 18327 4310
23 26526 18316 4312
21 26531 18320 4318
22 26556 18323 4310
22 26581 18321 4306
22 26589 18316 4312
21 26596 18316 4305
23 26556 18322 4308
21 26572 18306 4309
22 26546 18306 4315
22 26515 18321 4313
22 26520 18320 4311
21 26511 18314 4309
23 26511 18318 4308
21 26503 18312 4310
22 26520 18327 4312
22 26514 18324 4307
22 26532 18317 4310
21 26522 18332 4315
23 26515 18336 4311
21 26502 18341 4303
22 26500 18347 4312
22 26542 18358 4315
22 26626 18365 4311
21 26732 18368 4312
23 26810 18381 4317
21 26826 18392 4310
22 26794 18402 4309
22 26716 18406 4307
22 26661 18420 4310
21 26613 18427 4305
23 26575 18442 4311
21 26548 18454 4311
22 26541 18462 4315
23 26523 18471 4304
21 26518 18482 4310
22 26533 18498 4311
22 26545 18509 4302
22 26574 18523 4309
21 26576 18533 4310
23 26573 18547 4308
21 26556 18562 4317
22 26557 18573 4309
22 26539 18586 4308
22 26543 18598 4313
21 26526 18613 4307
23 26524 18617 4307
21 26503 18628 4311
22 26537 18641 4310
21 26526 18643 4313
23 26516 18652 4308
21 26510 18660 4310
22 26514 18667 4311
22 26516 18669 4310
22 26531 18678 4310
21 26518 18684 4309
23 26512 18696 4309
21 26514 18703 4308
22 26516 18702 4307
22 26510 18707 4308
22 26514 18715 4309
21 26507 18716 4309
23 26546 18721 4309
21 26627 18710 4312
22 26749 18729 4305
22 26844 18713 4310
22 26893 18719 4313
21 26841 18713 4306
23 26736 18718 4310
21 26679 18705 4307
22 26595 18717 4310
22 26558 18713 4308
22 26527 18711 4309
21 26522 18706 4311
23 26549 18707 4309
21 26560 18711 4309
22 26576 18704 4310
23 26582 18707 4309
21 26583 18704 4307
22 26597 18708 4303
22 26584 18692 4306
22 26565 18699 4311
21 26538 18693 4316
23 26508 18692 4312
21 26510 18683 4306
22 26506 18686 4307
22 26498 18681 4311
22 26514 18688 4306
21 26524 18682 4316
23 26529 18680 4310
21 26525 18682 4310
22 26524 18682 4310
22 26507 18681 4309
22 26485 18689 4306
21 26513 18684 4308
23 26507 18682 4310
21 26512 18678 4309
22 26498 18674 4315
22 26505 18671 4311
22 26524 18661 4310
21 26617 18654 4311
23 26723 18645 4308
21 26810 18639 4310
22 26832 18630 4308
22 26849 18622 4310
22 26750 18614 4310
21 26683 18602 4308
23 26593 18588 4302
21 26526 18577 4314
22 26482 18572 4308
22 26523 18550 4301
22 26533 18539 4312
21 26533 18534 4309
22 26571 18516 4310
22 26578 18509 4309
22 26607 18499 4311
21 26621 18486 4302
23 26605 18475 4309
21 26570 18468 4308
22 26564 18460 4309
23 26539 18455 4309
21 26515 18446 4309
22 26505 18439 4309
22 26500 18434 4309
22 26502 18428 4309
21 26528 18426 4311
23 26534 18420 4309
21 26548 18412 4309
22 26560 18412 4309
22 26547 18398 4307
22 26541 18390 4315
21 26553 18390 4307
23 26527 18377 4308
21 26508 18366 4311
22 26506 18359 4309
22 26530 18346 4309
22 26648 18322 4308
21 26758 18309 4308
23 26859 18295 4307
21 26874 18279 4309
22 26839 18261 4304
22 26757 18234 4312
22 26671 18219 4310
21 26621 18201 4310
23 26554 18179 4308
21 26534 18170 4307
22 26543 18150 4312
22 26561 18139 4310
22 26567 18122 4308
21 26583 18099 4308
23 26609 18088 4312
21 26623 18081 4311
22 26611 18065 4312
22 26612 18049 4308
22 26584 18058 4308
21 26565 18041 4308
23 26538 18039 4306
21 26526 18036 4307
22 26530 18024 4306
22 26516 18023 4308
22 26535 18019 4306
22 26543 18020 4315
22 26538 18014 4307
22 26539 18019 4304
21 26534 18017 4306
23 26525 18020 4308
21 26514 18023 4306
22 26515 18027 4306
22 26529 18037 4308
22 26534 18046 4314
21 26516 18053 4308
23 26515 18060 4305
21 26512 18067 4312
22 26575 18073 4309
22 26701 18072 4312
22 26807 18073 4309
21 26871 18080 4304
22 26896 18068 4303
22 26830 18071 4308
22 26737 18071 4309
21 26660 18066 4307
23 26591 18058 4308
21 26562 18057 4308
22 26563 18055 4301
22 26560 18047 4309
22 26571 18038 4308
21 26589 18032 4305
23 26592 18024 4308
21 26620 18011 4306
22 26594 17997 4308
22 26608 17981 4309
22 26599 17972 4307
21 26568 17958 4305
23 26535 17944 4307
21 26523 17929 4311
22 26498 17914 4308
22 26508 17911 4305
22 26514 17901 4308
21 26530 17898 4305
23 26534 17894 4309
21 26537 17899 4309
22 26551 17903 4305
23 26547 17916 4301
21 26547 17921 4307
22 26549 17936 4306
22 26541 17946 4301
22 26540 17961 4307
21 26532 17985 4306
23 26525 17994 4308
21 26604 18006 4307
22 26726 18018 4303
22 26850 18029 4307
22 26889 18046 4307
21 26876 18062 4313
23 26778 18068 4311
21 26679 18094 4308
22 26582 18102 4310
22 26525 18119 4310
22 26515 18131 4307
21 26520 18138 4308
23 26522 18143 4304
21 26553 18160 4306
22 26592 18170 4307
22 26585 18181 4305
22 26615 18189 4306
21 26631 18205 4314
23 26634 18215 4307
21 26591 18229 4309
22 26548 18251 4306
22 26528 18276 4307
22 26503 18295 4306
21 26514 18321 4306
23 26517 18347 4305
21 26517 18372 4312
22 26529 18397 4305
22 26536 18422 4307
22 26567 18438 4307
21 26569 18467 4306
23 26566 18484 4310
21 26576 18502 4307
22 26583 18516 4304
21 26580 18531 4305
23 26547 18549 4304
21 26576 18564 4310
22 26657 18574 4300
23 26742 18584 4307
21 26815 18599 4306
22 26828 18606 4304
22 26787 18616 4307
22 26701 18621 4306
21 26636 18628 4305
23 26583 18631 4305
21 26571 18636 4307
22 26544 18634 4306
22 26547 18634 4307
22 26571 18633 4312
21 26570 18629 4299
23 26567 18620 4306
21 26582 18612 4309
22 26564 18605 4307
22 26557 18598 4306
22 26549 18586 4307
21 26522 18574 4305
23 26508 18568 4308
21 26508 18555 4306
22 26499 18543 4304
22 26480 18533 4306
22 26497 18524 4307
21 26506 18517 4308
23 26495 18511 4306
21 26506 18507 4306
22 26506 18499 4305
22 26511 18492 4304
22 26526 18488 4306
21 26519 18479 4304
23 26505 18481 4303
21 26499 18476 4307
22 26572 18473 4309
22 26676 18466 4311
22 26785 18465 4306
21 26845 18455 4312
23 26854 18449 4307
21 26780 18437 4305
22 26689 18433 4306
22 26594 18425 4298
22 26535 18418 4305
21 26513 18404 4306
23 26503 18395 4307
22 26500 18383 4304
21 26518 18373 4313
23 26519 18359 4300
21 26543 18344 4305
22 26575 18333 4307
22 26571 18317 4305
22 26589 18301 4307
21 26577 18284 4305
23 26555 18262 4310
21 26520 18232 4310
22 26499 18219 4301
22 26494 18197 4304
22 26500 18177 4310
21 26492 18173 4305
23 26502 18144 4307
21 26503 18134 4307
22 26529 18122 4304
21 26531 18107 4307
23 26522 18094 4304
21 26524 18081 4307
22 26565 18063 4310
22 26653 18059 4307
22 26747 18053 4304
21 26793 18035 4307
23 26803 18035 4305
21 26773 18030 4305
22 26722 18024 4306
22 26628 18025 4307
22 26562 18028 4306
21 26533 18028 4308
23 26528 18042 4308
21 26511 18045 4308
22 26527 18063 4303
22 26540 18053 4305
22 26575 18058 4305
21 26593 18056 4304
23 26590 18062 4306
21 26597 18056 4306
22 26562 18054 4305
22 26559 18052 4304
22 26539 18040 4308
21 26504 18034 4305
23 26487 18035 4306
22 26493 18020 4302
21 26512 18021 4306
23 26520 18019 4304
21 26530 18016 4305
22 26526 18014 4306
22 26511 18004 4305
22 26526 18003 4306
21 26589 17997 4304
23 26686 17994 4305
21 26772 17991 4306
22 26863 17989 4313
22 26841 17982 4311
22 26803 17986 4305
21 26707 17985 4305
23 26614 17978 4312
21 26583 17979 4304
22 26548 17970 4303
22 26540 17973 4301
22 26546 17978 4306
21 26531 17974 4304
23 26526 17968 4305
21 26542 17968 4303
22 26564 17974 4307
22 26581 17970 4306
22 26567 17970 4304
21 26571 17971 4306
23 26549 17974 4298
21 26529 17971 4307
22 26518 17969 4304
22 26508 17966 4306
22 26499 17973 4306
21 26501 17971 4305
23 26501 17970 4305
21 26510 17973 4309
22 26522 17975 4306
22 26532 17970 4305
22 26529 17974 4309
21 26521 17974 4308
22 26558 17966 4307
22 26630 17972 4306
22 26738 17976 4306
22 26827 17971 4304
22 26852 17971 4304
22 26839 17969 4301
21 26752 17975 4309
23 26682 17969 4305
21 26629 17969 4305
22 26581 17972 4304
22 26549 17972 4305
22 26560 17973 4305
21 26537 17971 4302
23 26532 17973 4302
21 26514 17972 4311
22 26551 17978 4304
22 26573 17976 4306
22 26570 17976 4305
21 26577 17987 4305
23 26563 17979 4307
21 26532 17976 4305
22 26522 17992 4304
22 26510 17985 4307
22 26511 17981 4304
21 26491 17984 4303
23 26488 17981 4307
21 26521 17979 4304
22 26521 17979 4306
22 26515 17969 4304
22 26509 17976 4304
21 26522 17982 4308
23 26501 17974 4306
21 26504 17972 4303
22 26529 17967 4304
22 26560 17961 4301
22 26651 17970 4306
21 26762 17973 4313
23 26847 17968 4309
21 26852 17975 4305
22 26789 17978 4312
22 26692 17996 4309
22 26613 18016 4303
21 26577 18035 4301
23 26560 18057 4304
22 26583 18081 4303
21 26609 18107 4302
23 26641 18120 4302
21 26606 18151 4303
22 26567 18162 4310
22 26559 18183 4306
22 26558 18202 4302
21 26542 18215 4303
23 26555 18224 4299
21 26522 18232 4301
22 26514 18237 4303
22 26496 18237 4298
22 26474 18225 4305
21 26469 18211 4304
23 26490 18185 4301
21 26508 18152 4302
22 26551 18124 4303
22 26589 18079 4305
22 26596 18040 4310
21 26635 18001 4304
22 26618 17960 4304
22 26628 17924 4305
22 26575 17886 4306
21 26497 17849 4303
23 26396 17814 4304
21 26368 17798 4302
22 26386 17776 4302
22 26459 17754 4302
22 26565 17744 4305
21 26609 17730 4297
23 26550 17722 4304
21 26442 17720 4301
22 26404 17717 4302
22 26451 17714 4303
22 26535 17708 4307
21 26611 17706 4305
23 26690 17708 4303
21 26725 17706 4308
22 26708 17715 4297
22 26711 17711 4303
22 26699 17709 4307
21 26592 17705 4302
23 26390 17705 4304
22 26153 17696 4303
21 26551 17685 4301
23 26748 17680 4304
21 26861 17671 4301
22 26798 17650 4305
22 26685 17644 4303
22 26513 17624 4296
21 26255 17611 4302
23 26010 17591 4302
21 25974 17573 4302
22 26175 17560 4303
22 26450 17545 4308
22 26728 17533 4306
21 26911 17520 4304
23 26990 17509 4303
21 27007 17506 4304
22 27007 17503 4306
22 26952 17507 4310
22 26850 17511 4304
21 26754 17514 4300
23 26652 17520 4298
21 26528 17527 4302
22 26378 17529 4302
22 26708 17536 4300
22 26722 17542 4304
21 26723 17541 4308
23 26710 17539 4303
21 26719 17531 4303
22 26617 17528 4303
22 26311 17512 4305
22 26127 17517 4304
21 26188 17515 4303
23 26374 17519 4302
21 26565 17521 4304
22 26615 17529 4303
22 26569 17540 4304
22 26484 17557 4302
21 26403 17585 4304
23 26371 17598 4302
21 26383 17622 4308
22 26456 17661 4304
21 26635 17681 4300
23 26758 17715 4304
22 26614 17748 4308
21 26817 17768 4303
23 27265 17792 4304
21 27198 17808 4300
22 26828 17822 4303
22 26464 17833 4304
22 26141 17842 4304
21 25799 17846 4303
23 25346 17854 4304
21 25380 17855 4301
22 25963 17860 4302
22 26677 17869 4302
22 27248 17884 4303
21 27483 17904 4298
23 27381 17927 4304
21 27088 17951 4309
22 26772 17979 4303
22 26554 18015 4300
22 26485 18056 4302
21 26463 18109 4304
23 26400 18153 4298
21 26453 18200 4304
22 27197 18244 4302
22 27578 18278 4302
22 27349 18293 4301
21 26811 18291 4302
23 26264 18282 4303
21 25777 18274 4304
22 25557 18267 4307
22 25563 18238 4302
22 25920 18233 4303
21 26388 18225 4307
23 26757 18219 4301
21 26948 18214 4302
22 26879 18213 4305
22 26692 18217 4308
22 26477 18224 4303
21 26363 18243 4307
23 26332 18264 4307
21 26350 18292 4302
22 26377 18322 4303
23 26413 18360 4302
21 26403 18398 4303
22 26560 18429 4300
22 26984 18462 4302
22 27126 18487 4303
21 27236 18503 4306
23 27145 18513 4302
21 26937 18516 4302
22 26690 18513 4300
22 26481 18500 4301
22 26489 18492 4302
21 26605 18481 4301
23 26687 18471 4304
21 26782 18458 4304
22 26945 18444 4301
22 27099 18435 4301
22 27171 18419 4304
21 27129 18416 4300
23 26997 18411 4303
21 26832 18408 4302
22 26723 18416 4302
21 26669 18414 4305
23 26683 18425 4304
21 26712 18441 4302
22 26718 18446 4300
22 26676 18467 4302
22 26739 18471 4303
21 26650 18490 4301
23 26622 18501 4304
21 26645 18502 4302
22 26709 18502 4300
22 26762 18497 4303
22 26787 18494 4301
21 26812 18485 4301
23 26764 18475 4304
21 26706 18464 4305
22 26722 18453 4302
22 26744 18436 4303
22 26775 18425 4307
21 26753 18414 4301
23 26705 18404 4303
21 26687 18401 4304
22 26743 18402 4301
23 26901 18416 4304
21 27090 18423 4302
22 27223 18441 4300
22 27224 18459 4302
22 27139 18493 4303
21 26999 18520 4301
23 26889 18552 4303
21 26842 18584 4300
22 26836 18617 4303
22 26818 18644 4300
22 26813 18669 4302
21 26763 18704 4301
23 26667 18729 4300
21 26578 18757 4303
22 26469 18776 4311
22 26399 18792 4307
22 26360 18810 4302
21 26321 18830 4312
23 26301 18840 4309
21 26282 18855 4304
22 26293 18866 4300
22 26338 18868 4301
22 26362 18880 4304
21 26418 18881 4305
23 26480 18883 4306
21 26543 18877 4302
22 26561 18872 4306
22 26572 18862 4304
22 26527 18842 4303
21 26492 18823 4301
23 26471 18793 4298
21 26440 18774 4303
22 26465 18748 4302
22 26510 18725 4303
22 26599 18701 4300
21 26705 18678 4300
23 26836 18658 4303
21 26957 18643 4307
22 26996 18632 4301
22 26963 18617 4304
22 26864 18604 4305
22 26736 18606 4302
21 26634 18590 4302
23 26564 18580 4304
21 26536 18577 4304
22 26538 18577 4300
22 26548 18573 4304
22 26581 18573 4303
21 26630 18573 4302
23 26690 18572 4304
21 26748 18566 4303
22 26752 18562 4304
22 26730 18560 4304
22 26669 18559 4301
21 26598 18558 4302
23 26526 18562 4302
21 26485 18566 4305
22 26527 18581 4300
22 26556 18582 4301
22 26578 18594 4304
21 26609 18605 4303
23 26645 18613 4302
21 26667 18629 4303
22 26694 18646 4303
22 26739 18662 4303
22 26845 18674 4301
21 26942 18687 4303
23 26979 18705 4302
21 26954 18719 4301
22 26842 18735 4301
22 26723 18753 4302
22 26646 18764 4302
21 26624 18783 4300
23 26609 18793 4301
21 26618 18815 4302
22 26649 18829 4304
22 26654 18839 4300
22 26673 18850 4304
21 26668 18857 4309
23 26669 18857 4307
21 26637 18865 4303
22 26627 18861 4300
23 26608 18861 4308
21 26593 18858 4303
22 26597 18853 4301
22 26581 18850 4302
22 26562 18843 4303
21 26564 18841 4301
23 26586 18840 4301
21 26602 18836 4302
22 26607 18839 4306
22 26607 18835 4303
22 26641 18836 4302
21 26718 18838 4299
23 26870 18838 4300
21 27051 18842 4304
22 27171 18840 4300
22 27172 18842 4303
22 27080 18846 4306
21 26976 18847 4300
23 26846 18850 4303
21 26751 18849 4302
22 26708 18857 4302
22 26677 18857 4302
22 26691 18857 4304
21 26700 18856 4300
22 26707 18855 4303
22 26738 18861 4303
22 26780 18857 4303
21 26813 18857 4296
23 26821 18864 4303
21 26796 18864 4302
22 26765 18861 4303
22 26696 18863 4303
22 26632 18855 4301
21 26603 18850 4302
23 26596 18837 4300
21 26579 18831 4304
22 26565 18819 4296
22 26533 18813 4302
22 26528 18806 4307
21 26500 18797 4301
23 26557 18792 4297
21 26682 18791 4304
22 26840 18784 4304
23 26963 18791 4301
21 27001 18793 4303
22 26958 18806 4303
22 26849 18814 4306
22 26731 18827 4303
21 26656 18838 4303
23 26588 18855 4303
21 26553 18875 4303
22 26565 18886 4306
22 26567 18895 4301
22 26578 18913 4302
21 26599 18933 4300
23 26640 18938 4302
21 26661 18942 4302
22 26671 18950 4305
22 26665 18946 4301
22 26643 18946 4302
21 26601 18954 4307
23 26595 18943 4309
21 26601 18951 4302
22 26583 18950 4310
22 26568 18942 4303
22 26547 18948 4303
21 26531 18939 4302
23 26510 18941 4301
21 26514 18938 4301
22 26519 18931 4300
22 26510 18929 4301
22 26545 18928 4304
21 26614 18930 4301
23 26722 18923 4301
21 26846 18923 4303
22 26919 18919 4301
22 26927 18918 4301
22 26882 18915 4302
21 26778 18915 4301
23 26696 18914 4301
21 26620 18913 4304
22 26584 18910 4302
22 26569 18909 4301
22 26580 18908 4304
21 26578 18913 4301
23 26610 18898 4302
22 26619 18896 4306
21 26610 18907 4302
22 26630 18897 4301
22 26621 18894 4302
22 26609 18904 4303
21 26579 18901 4306
23 26582 18896 4296
21 26563 18893 4304
22 26558 18894 4300
22 26556 18885 4301
22 26541 18888 4302
21 26539 18883 4302
23 26550 18879 4302
21 26566 18878 4296
22 26548 18876 4304
22 26508 18874 4302
22 26500 18870 4303
21 26529 18867 4295
23 26614 18865 4303
21 26742 18861 4307
22 26874 18861 4302
22 26938 18856 4301
22 26902 18849 4302
21 26807 18841 4301
23 26717 18843 4301
21 26592 18832 4303
22 26516 18827 4302
22 26508 18821 4301
22 26526 18818 4302
21 26553 18811 4302
23 26576 18804 4301
21 26606 18795 4304
22 26629 18789 4300
22 26622 18777 4297
22 26609 18773 4301
21 26582 18762 4303
23 26552 18743 4301
21 26529 18740 4302
22 26509 18733 4305
22 26510 18716 4308
22 26510 18708 4301
21 26506 18695 4308
23 26525 18681 4306
22 26517 18678 4302
21 26529 18659 4300
23 26521 18643 4300
21 26519 18640 4302
22 26557 18624 4295
22 26609 18614 4301
22 26647 18607 4303
21 26733 18595 4306
23 26800 18587 4294
21 26876 18579 4302
22 26898 18572 4300
22 26846 18566 4307
22 26741 18557 4302
21 26545 18557 4302
23 26357 18552 4300
21 26235 18551 4300
22 26199 18546 4300
22 26194 18542 4301
22 26278 18538 4305
21 26344 18537 4302
23 26426 18526 4301
21 26467 18522 4303
22 26491 18522 4302
21 26500 18511 4302
23 26477 18510 4300
21 26452 18506 4304
22 26472 18494 4301
22 26496 18479 4301
22 26514 18474 4302
21 26555 18467 4301
23 26577 18461 4302
21 26587 18451 4301
22 26546 18444 4300
22 26514 18438 4301
22 26455 18433 4300
21 26322 18424 4303
23 26109 18424 4301
21 25903 18422 4303
22 25790 18425 4299
22 25784 18416 4299
22 25895 18424 4304
22 26044 18433 4300
22 26200 18430 4299
22 26308 18430 4304
21 26388 18433 4300
23 26414 18425 4302
21 26422 18428 4299
22 26468 18424 4299
22 26505 18421 4301
22 26552 18418 4301
21 26576 18415 4299
23 26589 18413 4302
21 26583 18413 4302
22 26565 18413 4300
22 26527 18410 4301
22 26526 18409 4301
21 26531 18410 4301
23 26528 18411 4297
21 26539 18410 4300
22 26543 18413 4308
22 26549 18413 4305
22 26556 18414 4300
21 26563 18406 4304
23 26553 18414 4304
21 26542 18412 4300
22 26536 18412 4298
22 26540 18401 4299
22 26531 18417 4300
21 26510 18415 4299
23 26482 18420 4299
21 26502 18424 4300
22 26550 18434 4309
22 26650 18440 4295
22 26773 18443 4300
21 26912 18449 4301
23 27091 18447 4303
21 27270 18447 4299
22 27391 18451 4300
22 27346 18445 4301
22 27225 18443 4304
21 27108 18437 4300
23 26983 18422 4299
22 26901 18423 4301
21 26892 18420 4298
23 26873 18411 4300
21 26871 18405 4303
22 26852 18407 4300
21 26828 18396 4300
23 26788 18391 4299
21 26780 18396 4302
22 26795 18389 4299
22 26789 18391 4301
22 26761 18391 4300
21 26732 18385 4296
23 26696 18393 4302
21 26658 18392 4297
22 26660 18383 4300
22 26762 18390 4301
22 26910 18391 4301
21 27090 18389 4297
23 27210 18388 4299
21 27274 18383 4305
22 27283 18380 4300
22 27220 18372 4301
22 27110 18365 4302
21 26970 18356 4299
23 26841 18347 4301
21 26701 18333 4300
22 26599 18331 4300
22 26582 18318 4301
22 26719 18303 4300
21 26853 18298 4302
23 26791 18292 4300
21 26720 18282 4300
22 26632 18275 4301
22 26569 18268 4298
22 26543 18262 4300
21 26660 18260 4302
23 26845 18251 4301
21 27013 18254 4299
22 27059 18248 4306
22 26976 18252 4302
22 26752 18246 4297
21 26470 18243 4299
23 26337 18236 4306
22 26299 18235 4299
21 26227 18222 4308
23 26153 18219 4305
21 26104 18209 4300
22 26137 18194 4297
22 26161 18191 4304
22 26230 18185 4301
21 26414 18178 4299
23 26677 18170 4298
21 26929 18167 4293
22 27112 18162 4304
22 27190 18153 4298
22 27152 18149 4302
21 27036 18139 4299
23 26943 18132 4302
21 26845 18127 4298
22 26773 18127 4296
22 26739 18120 4301
22 26694 18117 4302
21 26680 18115 4298
23 26665 18114 4299
21 26674 18118 4306
22 26706 18130 4298
22 26728 18130 4299
22 26728 18132 4303
21 26723 18141 4298
22 26690 18134 4298
22 26692 18139 4296
22 26676 18134 4301
21 26593 18137 4300
23 26510 18137 4294
21 26506 18137 4295
22 26592 18146 4300
22 26664 18151 4299
22 26633 18155 4300
21 26481 18165 4304
23 26326 18168 4299
21 26366 18178 4300
22 26517 18180 4300
22 26638 18191 4301
22 26758 18199 4304
21 26813 18200 4298
23 26829 18210 4300
22 26771 18214 4302
21 26722 18221 4297
23 26668 18214 4298
21 26656 18221 4304
