22 26564 10940 14585
24 26548 10917 14594
22 26508 10889 14593
23 26495 10859 14592
24 26481 10825 14585
22 26464 10792 14591
23 26468 10761 14647
23 26491 10737 14680
23 26474 10734 14669
22 26471 10756 14681
24 26486 10804 14676
22 26493 10874 14664
23 26479 10947 14694
23 26504 11042 14653
23 26504 11142 14640
22 26489 11247 14628
24 26485 11347 14652
22 26497 11449 14651
23 26476 11540 14654
24 26468 11626 14644
22 26503 11700 14548
23 26502 11768 14560
23 26559 11829 14569
23 26599 11868 14545
22 26652 11903 14559
24 26695 11936 14550
22 26701 11962 14549
23 26714 11986 14548
23 26702 12005 14586
23 26674 12031 14595
22 26644 12058 14564
24 26617 12084 14599
23 26579 12114 14579
23 26577 12140 14597
23 26576 12165 14697
22 26582 12189 14680
24 26569 12214 14683
22 26588 12237 14700
23 26581 12261 14653
23 26590 12279 14696
23 26603 12296 14658
22 26600 12307 14672
24 26565 12316 14654
22 26572 12327 14649
23 26564 12332 14644
23 26566 12336 14632
23 26540 12338 14647
23 26541 12341 14610
23 26532 12342 14550
23 26509 12345 14542
22 26517 12350 14551
24 26516 12350 14554
22 26533 12358 14551
23 26531 12365 14551
23 26559 12373 14552
23 26635 12372 14534
22 26660 12375 14565
24 26706 12380 14576
22 26710 12385 14593
23 26706 12388 14588
24 26663 12393 14594
22 26649 12395 14586
23 26612 12397 14665
23 26574 12402 14684
23 26537 12412 14699
23 26522 12407 14690
23 26504 12410 14677
22 26526 12415 14698
24 26554 12419 14696
22 26581 12422 14669
23 26601 12421 14615
23 26592 12427 14644
23 26590 12432 14628
22 26601 12435 14647
24 26606 12442 14661
23 26613 12458 14645
22 26612 12474 14552
24 26590 12495 14535
22 26548 12522 14551
23 26567 12545 14540
23 26545 12575 14555
23 26535 12599 14553
22 26544 12626 14561
24 26545 12655 14561
22 26525 12680 14579
23 26540 12709 14600
23 26586 12741 14585
23 26642 12756 14588
23 26722 12781 14596
23 26779 12798 14582
23 26793 12822 14589
22 26819 12837 14682
24 26808 12858 14688
22 26769 12874 14685
23 26753 12891 14675
23 26714 12904 14696
23 26657 12927 14701
23 26637 12934 14683
23 26632 12946 14669
22 26644 12965 14648
24 26626 12983 14651
23 26599 13004 14645
22 26567 13020 14628
24 26531 13040 14653
22 26498 13057 14534
23 26499 13072 14549
23 26535 13084 14539
23 26555 13090 14555
22 26579 13105 14556
24 26618 13110 14562
22 26641 13116 14565
23 26644 13127 14541
23 26621 13129 14604
23 26592 13136 14601
22 26552 13143 14598
24 26564 13146 14615
23 26576 13153 14601
22 26591 13158 14595
24 26643 13171 14699
22 26704 13171 14661
23 26724 13181 14671
23 26777 13187 14679
23 26805 13194 14661
22 26789 13205 14685
24 26759 13214 14694
22 26719 13228 14676
23 26700 13244 14616
23 26636 13256 14647
23 26635 13277 14648
24 26614 13278 14651
22 26606 13290 14662
23 26611 13297 14653
23 26610 13306 14553
23 26653 13313 14545
22 26685 13313 14539
24 26700 13316 14556
22 26717 13317 14534
23 26760 13316 14557
23 26773 13319 14555
23 26803 13319 14536
22 26783 13318 14609
24 26791 13318 14593
22 26805 13315 14591
23 26836 13314 14583
24 26862 13312 14618
22 26924 13312 14591
23 26938 13307 14675
23 26864 13307 14671
23 26808 13302 14674
22 26779 13302 14691
24 26799 13306 14694
22 26838 13299 14668
23 26874 13299 14681
23 26881 13292 14694
23 26818 13293 14656
22 26757 13286 14651
24 26699 13288 14640
23 26645 13283 14656
22 26586 13279 14629
24 26523 13275 14665
22 26463 13276 14552
24 26419 13262 14556
22 26497 13253 14555
23 26687 13241 14557
23 26803 13232 14570
23 26748 13220 14547
22 26609 13211 14523
24 26539 13203 14553
22 26466 13185 14584
23 26417 13170 14601
24 26336 13154 14604
22 26233 13126 14601
23 26183 13102 14596
23 26152 13075 14603
23 26156 13033 14689
22 26229 12984 14658
24 26299 12924 14673
22 26379 12858 14684
23 26436 12788 14682
23 26478 12718 14694
23 26495 12650 14690
22 26524 12591 14661
24 26582 12538 14649
22 26579 12494 14609
23 26484 12473 14655
24 26408 12470 14641
22 26367 12483 14654
23 26406 12514 14585
23 26432 12559 14554
23 26490 12613 14554
22 26490 12678 14536
24 26466 12747 14547
22 26447 12827 14567
24 26477 12897 14545
22 26523 12975 14558
23 26526 13051 14579
23 26522 13122 14596
23 26486 13187 14595
23 26436 13251 14586
23 26415 13309 14591
23 26439 13363 14592
22 26451 13412 14688
24 26536 13454 14682
22 26578 13495 14673
23 26588 13530 14684
23 26581 13564 14670
23 26606 13593 14695
22 26578 13619 14677
24 26550 13641 14672
22 26586 13656 14653
23 26629 13668 14644
24 26724 13676 14655
22 26841 13677 14635
23 26952 13677 14646
23 27026 13678 14648
23 27052 13660 14530
22 27042 13645 14540
24 27013 13625 14543
22 26925 13602 14563
23 26834 13579 14551
23 26721 13555 14546
23 26629 13531 14553
22 26579 13510 14543
24 26577 13493 14553
22 26558 13482 14606
24 26523 13460 14604
23 26524 13450 14602
22 26514 13441 14590
24 26501 13430 14598
22 26521 13423 14695
23 26556 13407 14659
23 26531 13398 14683
23 26509 13385 14677
22 26488 13375 14682
24 26483 13364 14681
22 26476 13348 14662
23 26504 13341 14697
23 26547 13341 14631
23 26566 13336 14653
23 26600 13335 14618
23 26677 13326 14642
23 26754 13304 14667
22 26799 13266 14631
24 26791 13215 14550
22 26763 13146 14556
23 26723 13070 14556
23 26655 12998 14562
23 26596 12913 14543
22 26533 12833 14547
24 26504 12751 14552
22 26464 12680 14551
23 26407 12607 14604
23 26341 12543 14592
23 26264 12476 14606
23 26212 12417 14557
23 26130 12359 14603
23 26098 12312 14579
23 26100 12262 14592
23 26129 12224 14702
22 26138 12196 14701
24 26140 12181 14677
22 26138 12182 14697
23 26128 12197 14657
23 26175 12233 14679
23 26169 12288 14664
22 26178 12363 14650
24 26214 12452 14651
23 26289 12562 14644
22 26385 12667 14654
24 26509 12786 14642
22 26645 12907 14668
23 26766 13037 14521
23 26827 13157 14563
23 26870 13270 14548
22 26850 13384 14547
24 26799 13492 14550
22 26717 13590 14546
23 26653 13684 14555
23 26583 13766 14564
23 26517 13836 14582
22 26475 13902 14593
24 26459 13953 14566
23 26450 14000 14594
22 26524 14042 14580
24 26520 14075 14581
22 26464 14099 14685
23 26392 14118 14679
23 26350 14127 14684
23 26373 14128 14695
23 26392 14118 14677
23 26455 14101 14705
22 26509 14076 14678
24 26530 14049 14684
22 26508 14020 14654
23 26522 13985 14616
24 26536 13951 14650
22 26542 13911 14650
23 26613 13869 14650
23 26661 13829 14646
23 26681 13794 14540
22 26723 13753 14547
24 26756 13714 14531
22 26716 13675 14549
23 26695 13645 14525
23 26650 13613 14560
23 26619 13588 14560
22 26569 13566 14567
24 26532 13552 14580
23 26518 13540 14583
22 26488 13530 14603
24 26505 13524 14588
22 26515 13522 14575
23 26508 13537 14594
23 26523 13555 14707
23 26496 13591 14694
22 26491 13632 14686
24 26448 13681 14672
22 26464 13734 14667
23 26488 13781 14675
23 26505 13833 14701
23 26505 13891 14700
23 26520 13932 14619
23 26548 13977 14653
23 26528 14020 14670
23 26536 14057 14652
23 26548 14092 14650
22 26551 14128 14615
24 26568 14166 14571
22 26629 14197 14547
23 26694 14229 14553
23 26703 14260 14558
23 26707 14291 14528
22 26673 14323 14548
24 26626 14354 14550
22 26590 14386 14536
23 26548 14416 14571
24 26500 14442 14590
22 26522 14464 14598
23 26521 14490 14599
23 26495 14504 14612
23 26499 14519 14596
22 26479 14530 14680
24 26509 14539 14672
22 26500 14542 14649
23 26502 14547 14669
23 26517 14543 14676
23 26492 14540 14698
22 26509 14536 14701
24 26498 14533 14692
22 26498 14531 14650
23 26503 14527 14624
24 26507 14524 14650
22 26505 14531 14649
24 26488 14522 14668
22 26506 14525 14653
23 26513 14528 14554
23 26544 14530 14546
23 26581 14530 14551
22 26612 14531 14539
24 26609 14534 14557
22 26590 14531 14529
23 26565 14527 14547
23 26536 14522 14558
23 26501 14512 14589
23 26505 14503 14596
23 26475 14493 14576
23 26469 14477 14595
22 26479 14463 14587
24 26493 14445 14613
22 26491 14420 14683
23 26500 14403 14696
23 26523 14378 14691
23 26534 14357 14678
22 26536 14338 14684
24 26535 14324 14683
22 26528 14298 14684
23 26518 14280 14648
24 26514 14258 14649
22 26518 14240 14658
23 26542 14221 14651
23 26514 14205 14657
23 26507 14191 14651
22 26500 14177 14527
24 26506 14167 14550
22 26542 14162 14555
24 26598 14149 14541
22 26642 14144 14546
23 26650 14143 14554
23 26643 14144 14534
23 26616 14142 14557
22 26549 14144 14561
24 26582 14145 14596
23 26559 14146 14587
22 26557 14151 14607
24 26538 14156 14606
22 26500 14161 14576
23 26504 14161 14675
23 26515 14160 14683
23 26506 14159 14699
22 26511 14162 14662
24 26488 14162 14701
22 26507 14163 14684
23 26512 14169 14676
23 26510 14169 14679
23 26500 14170 14635
23 26508 14170 14660
23 26502 14171 14651
23 26501 14165 14632
22 26493 14159 14653
24 26501 14143 14666
22 26467 14134 14559
23 26457 14120 14558
23 26493 14101 14546
23 26500 14081 14558
22 26515 14060 14550
24 26498 14042 14561
22 26488 14023 14556
24 26481 13997 14551
23 26545 13975 14612
22 26583 13954 14596
24 26584 13933 14604
22 26571 13920 14606
23 26535 13901 14570
23 26526 13886 14589
23 26493 13873 14570
22 26484 13865 14697
24 26477 13864 14682
22 26455 13871 14680
23 26425 13877 14683
23 26433 13895 14665
23 26452 13911 14677
22 26453 13939 14654
24 26486 13969 14642
23 26521 14001 14668
22 26498 14038 14653
24 26516 14075 14652
22 26490 14115 14667
23 26472 14149 14650
23 26497 14199 14552
23 26492 14227 14546
22 26484 14261 14565
24 26498 14292 14547
22 26483 14316 14538
23 26489 14342 14543
23 26449 14366 14539
23 26457 14392 14547
23 26487 14411 14585
23 26455 14431 14609
23 26432 14454 14620
23 26469 14466 14582
23 26472 14481 14602
22 26456 14497 14586
24 26479 14508 14700
22 26499 14520 14676
23 26485 14529 14664
23 26517 14537 14701
23 26550 14543 14670
22 26586 14547 14696
24 26569 14556 14682
22 26572 14566 14672
23 26544 14562 14652
24 26517 14567 14645
22 26510 14570 14653
23 26513 14579 14613
23 26478 14583 14672
23 26492 14587 14653
22 26509 14594 14537
24 26500 14600 14561
22 26494 14603 14553
23 26507 14610 14563
23 26486 14619 14557
23 26470 14616 14533
22 26524 14621 14556
24 26515 14623 14560
23 26509 14618 14551
22 26478 14621 14602
24 26475 14620 14590
22 26481 14621 14599
23 26473 14622 14587
23 26466 14621 14604
23 26485 14623 14683
23 26511 14617 14685
23 26493 14619 14703
22 26496 14623 14678
24 26488 14625 14676
22 26497 14624 14670
23 26510 14624 14660
24 26517 14632 14685
22 26507 14630 14639
23 26519 14634 14649
23 26534 14636 14653
23 26568 14645 14643
22 26608 14645 14653
24 26636 14646 14635
22 26604 14648 14550
23 26581 14652 14534
23 26579 14650 14563
23 26565 14652 14541
22 26547 14653 14562
24 26547 14649 14565
22 26543 14647 14557
23 26501 14646 14563
24 26482 14646 14609
22 26492 14641 14583
23 26511 14644 14593
23 26528 14639 14587
23 26546 14634 14600
22 26561 14632 14610
24 26578 14626 14656
22 26591 14614 14704
23 26585 14605 14652
23 26609 14589 14679
23 26607 14583 14670
23 26596 14558 14674
23 26562 14537 14682
23 26493 14519 14686
23 26455 14499 14654
23 26453 14479 14668
22 26479 14453 14619
24 26506 14426 14647
22 26521 14393 14633
23 26530 14355 14653
23 26538 14313 14546
23 26571 14262 14554
22 26543 14203 14550
24 26512 14140 14541
22 26471 14061 14547
23 26461 13980 14526
23 26417 13888 14547
23 26417 13804 14544
23 26427 13720 14594
23 26406 13641 14593
23 26370 13581 14589
22 26305 13537 14596
24 26273 13523 14576
22 26282 13516 14574
23 26291 13527 14688
23 26361 13559 14687
23 26420 13610 14675
22 26501 13675 14671
24 26566 13744 14671
22 26632 13828 14695
23 26681 13919 14661
24 26704 14007 14680
22 26699 14102 14648
24 26658 14183 14647
22 26646 14269 14657
23 26594 14351 14649
23 26566 14431 14669
23 26509 14507 14654
22 26468 14580 14536
24 26468 14646 14560
22 26422 14706 14541
23 26443 14760 14549
23 26480 14812 14538
23 26477 14871 14560
22 26513 14907 14566
24 26509 14945 14548
23 26512 14978 14578
22 26494 15007 14588
24 26500 15029 14603
22 26499 15050 14594
23 26516 15068 14597
23 26544 15083 14614
23 26590 15090 14700
22 26618 15104 14678
24 26623 15118 14674
22 26607 15120 14662
23 26573 15129 14684
23 26542 15126 14683
23 26532 15128 14698
23 26551 15127 14647
23 26560 15125 14639
23 26598 15115 14664
22 26628 15095 14621
24 26649 15068 14648
22 26670 15033 14656
24 26680 14978 14550
22 26653 14916 14561
23 26606 14837 14552
23 26585 14753 14558
23 26545 14660 14558
22 26503 14574 14545
24 26446 14490 14544
23 26413 14415 14541
22 26344 14360 14590
24 26366 14319 14599
22 26403 14299 14584
23 26453 14300 14597
23 26464 14316 14587
23 26492 14342 14604
22 26513 14383 14607
24 26483 14424 14699
22 26523 14469 14683
23 26504 14519 14696
23 26457 14567 14686
23 26412 14615 14685
22 26394 14663 14700
24 26407 14716 14697
23 26408 14751 14619
22 26457 14791 14646
24 26535 14826 14652
22 26563 14855 14650
23 26572 14888 14654
23 26569 14912 14644
23 26533 14941 14556
22 26510 14965 14544
24 26515 14983 14562
22 26523 14998 14541
24 26506 15000 14560
22 26472 15010 14556
23 26438 15018 14529
24 26432 15025 14543
22 26416 15030 14605
23 26441 15033 14572
23 26441 15040 14594
23 26406 15043 14599
22 26398 15048 14604
24 26402 15054 14597
22 26393 15058 14670
23 26378 15061 14685
23 26390 15062 14668
23 26352 15058 14674
22 26331 15051 14668
24 26310 15031 14699
23 26312 15000 14695
22 26315 14955 14695
24 26391 14891 14658
22 26408 14821 14650
23 26403 14736 14648
23 26408 14653 14653
23 26454 14556 14622
22 26464 14463 14668
24 26502 14371 14550
22 26528 14272 14552
23 26545 14180 14549
23 26536 14090 14552
23 26488 14006 14564
22 26480 13931 14537
24 26510 13856 14563
23 26520 13790 14558
23 26609 13728 14549
23 26638 13675 14601
22 26632 13628 14606
24 26572 13598 14605
22 26525 13568 14590
23 26466 13536 14566
23 26431 13509 14682
23 26417 13480 14671
22 26387 13451 14699
24 26364 13424 14702
22 26361 13390 14692
23 26343 13357 14695
24 26356 13329 14679
22 26403 13295 14673
23 26402 13263 14593
23 26438 13231 14673
23 26457 13201 14651
22 26496 13170 14646
24 26608 13138 14651
22 26744 13107 14649
23 26884 13074 14525
23 27009 13045 14562
23 27080 13000 14543
22 27110 12964 14565
24 27128 12918 14549
22 27151 12869 14562
23 27116 12826 14560
24 27064 12781 14553
22 26947 12736 14584
23 26813 12697 14577
23 26688 12661 14603
23 26591 12639 14590
23 26551 12608 14587
23 26616 12583 14597
22 26785 12566 14602
24 26975 12548 14686
22 27122 12531 14700
23 27161 12511 14661
23 27116 12493 14674
23 26992 12468 14667
23 26851 12442 14672
23 26698 12419 14680
23 26570 12392 14646
22 26437 12361 14656
24 26363 12329 14623
22 26326 12303 14644
23 26307 12273 14626
23 26326 12245 14644
23 26354 12222 14548
22 26401 12199 14551
24 26475 12173 14560
22 26520 12154 14540
23 26572 12132 14543
24 26620 12108 14548
22 26641 12085 14524
23 26686 12061 14555
23 26731 12041 14606
23 26783 12015 14589
22 26620 11996 14598
24 26483 11978 14592
22 26422 11959 14580
23 26420 11943 14584
23 26442 11919 14701
23 26460 11911 14683
23 26463 11896 14694
23 26486 11880 14674
22 26495 11869 14665
24 26527 11859 14679
23 26550 11853 14664
22 26568 11852 14679
24 26540 11863 14652
22 26515 11869 14625
23 26448 11889 14647
23 26357 11906 14648
23 26288 11933 14648
22 26223 11941 14667
24 26132 11960 14552
22 26084 11981 14553
23 26040 12009 14520
23 26007 12039 14550
23 26015 12072 14548
23 26089 12102 14551
23 26200 12138 14546
23 26292 12172 14553
22 26390 12205 14594
24 26428 12240 14593
22 26424 12271 14577
23 26421 12307 14600
23 26458 12337 14601
23 26505 12369 14587
22 26572 12401 14689
24 26608 12437 14673
22 26635 12472 14675
23 26608 12505 14645
23 26602 12537 14697
23 26575 12572 14682
24 26548 12604 14701
22 26548 12642 14702
23 26536 12678 14664
23 26550 12707 14647
23 26553 12737 14649
22 26579 12763 14606
24 26588 12790 14670
22 26596 12804 14640
23 26596 12830 14552
23 26593 12852 14534
23 26595 12875 14555
22 26580 12898 14537
24 26564 12922 14546
23 26524 12955 14551
22 26518 12995 14544
24 26507 13039 14569
22 26487 13094 14587
23 26479 13149 14603
23 26482 13210 14584
23 26506 13282 14570
22 26533 13362 14595
24 26564 13459 14666
22 26597 13550 14671
23 26614 13655 14695
23 26635 13757 14700
23 26645 13861 14692
22 26695 13971 14693
24 26728 14073 14679
23 26791 14179 14700
22 26863 14278 14615
24 26878 14373 14648
22 26873 14467 14648
24 26843 14551 14645
22 26821 14631 14648
23 26761 14711 14655
23 26731 14782 14553
23 26661 14849 14550
22 26643 14905 14544
24 26641 14961 14561
22 26635 15007 14548
23 26607 15056 14555
24 26585 15095 14551
22 26589 15135 14570
23 26586 15170 14574
23 26567 15197 14596
23 26567 15226 14589
22 26568 15253 14584
24 26542 15272 14591
22 26537 15292 14622
23 26522 15308 14680
23 26539 15319 14693
23 26509 15324 14685
22 26495 15333 14678
24 26525 15344 14685
23 26492 15344 14671
22 26501 15352 14684
24 26504 15358 14686
22 26537 15365 14646
23 26589 15372 14647
23 26687 15378 14649
23 26753 15388 14666
22 26775 15394 14633
24 26772 15403 14655
22 26720 15417 14557
24 26664 15424 14545
22 26638 15434 14570
23 26615 15440 14564
24 26572 15446 14558
22 26538 15451 14577
23 26530 15463 14546
23 26525 15469 14555
23 26509 15475 14570
22 26542 15481 14605
24 26561 15480 14598
22 26557 15483 14609
23 26534 15484 14602
23 26518 15484 14572
23 26507 15480 14673
22 26507 15480 14660
24 26516 15478 14669
22 26517 15475 14681
23 26493 15475 14700
24 26486 15475 14684
22 26495 15478 14700
23 26514 15484 14699
23 26518 15489 14654
23 26536 15489 14624
22 26538 15495 14649
24 26551 15495 14655
22 26583 15500 14648
23 26667 15501 14651
23 26731 15508 14541
23 26768 15513 14539
22 26751 15512 14545
24 26699 15511 14550
23 26668 15513 14553
23 26631 15512 14567
23 26595 15510 14558
22 26535 15512 14539
24 26553 15518 14597
22 26573 15519 14602
23 26539 15527 14584
23 26556 15535 14605
23 26560 15545 14602
22 26559 15551 14590
24 26539 15562 14585
22 26553 15573 14684
23 26561 15574 14684
23 26530 15582 14672
23 26509 15589 14684
23 26521 15599 14659
23 26503 15603 14700
23 26501 15605 14684
22 26506 15607 14627
24 26525 15609 14655
22 26502 15607 14658
23 26506 15605 14634
23 26511 15612 14650
23 26504 15604 14618
22 26511 15614 14544
24 26520 15611 14552
22 26557 15613 14550
23 26581 15621 14569
24 26613 15621 14551
22 26671 15625 14561
23 26663 15630 14525
23 26648 15634 14544
23 26662 15639 14598
23 26597 15640 14594
23 26529 15639 14607
22 26433 15642 14606
24 26311 15644 14578
22 26181 15640 14601
23 26186 15632 14664
23 26211 15623 14682
23 26291 15594 14667
22 26312 15565 14680
24 26366 15524 14700
23 26381 15481 14695
22 26387 15425 14681
24 26376 15364 14678
22 26365 15298 14653
23 26320 15237 14636
23 26285 15170 14651
23 26304 15104 14650
22 26229 15034 14646
24 26147 14966 14649
22 26061 14901 14557
23 26013 14830 14550
23 26021 14762 14566
23 26027 14690 14526
23 26113 14622 14549
23 26265 14548 14544
23 26501 14481 14554
22 26679 14414 14556
24 26762 14342 14573
22 26731 14277 14609
23 26727 14204 14571
23 26689 14139 14603
23 26855 14079 14585
23 27471 14004 14587
23 27613 13931 14685
22 27368 13860 14701
24 27008 13788 14701
23 26654 13720 14678
22 26318 13655 14658
24 26072 13596 14697
22 26057 13533 14682
23 26107 13484 14696
23 26109 13439 14651
23 26104 13401 14642
22 26125 13369 14653
24 26283 13345 14635
22 26536 13328 14648
23 27089 13319 14635
23 27583 13312 14546
23 27685 13313 14562
22 27148 13319 14523
24 26458 13329 14554
23 25885 13342 14551
22 25502 13371 14549
24 25270 13391 14552
22 25137 13422 14547
23 25173 13474 14611
23 25298 13510 14590
23 25451 13564 14599
22 25543 13611 14585
24 25627 13667 14580
22 25742 13718 14601
23 25783 13770 14682
23 25807 13814 14704
23 25857 13871 14700
24 25996 13908 14669
22 26256 13958 14698
23 26593 14002 14670
23 26836 14052 14697
23 26906 14100 14696
22 26865 14150 14616
24 26751 14205 14652
22 26689 14244 14609
23 26642 14285 14650
23 26682 14319 14649
23 26716 14354 14648
22 26711 14390 14571
24 26700 14415 14543
22 26704 14433 14547
23 26655 14443 14547
24 26638 14441 14555
22 26673 14433 14564
23 26734 14414 14555
23 26719 14386 14560
23 26683 14355 14590
22 26650 14322 14603
24 26618 14294 14578
22 26672 14254 14573
23 26693 14233 14606
23 26715 14212 14654
23 26763 14193 14682
22 26762 14190 14682
24 26784 14183 14690
23 26767 14177 14678
22 26737 14170 14646
24 26644 14155 14697
22 26557 14136 14699
24 26487 14107 14648
22 26431 14080 14651
23 26438 14049 14649
23 26476 14022 14649
23 26506 13991 14647
22 26537 13961 14621
24 26551 13945 14546
22 26607 13920 14548
23 26633 13898 14544
24 26626 13882 14548
22 26634 13867 14549
23 26679 13850 14560
23 26669 13839 14552
23 26654 13831 14571
22 26719 13832 14529
24 26726 13827 14604
22 26742 13827 14574
23 26790 13832 14591
23 26793 13830 14597
23 26767 13836 14595
22 26795 13837 14688
24 26917 13842 14681
22 27132 13842 14664
23 27323 13849 14680
24 27343 13848 14675
22 27226 13852 14674
23 27054 13859 14702
23 26850 13862 14693
23 26679 13872 14649
22 26566 13883 14630
24 26279 13890 14669
22 25968 13901 14644
24 25796 13911 14620
22 25806 13923 14654
23 25966 13936 14540
23 26164 13959 14548
23 26341 13974 14571
23 26509 13989 14538
23 26599 14008 14548
23 26647 14020 14545
22 26647 14036 14554
24 26615 14050 14550
22 26578 14061 14578
23 26493 14071 14577
23 26486 14075 14587
23 26488 14083 14596
22 26483 14086 14579
24 26480 14092 14599
22 26498 14092 14595
23 26519 14093 14696
24 26529 14095 14689
22 26535 14097 14695
23 26542 14095 14696
23 26525 14105 14684
23 26510 14101 14664
22 26504 14103 14701
24 26508 14101 14638
22 26513 14103 14642
23 26552 14106 14648
23 26617 14109 14647
23 26649 14112 14650
22 26702 14122 14627
24 26760 14135 14553
22 26797 14148 14549
24 26899 14156 14551
23 26929 14165 14566
22 26913 14180 14559
24 26848 14190 14547
22 26778 14202 14557
23 26908 14211 14530
23 26722 14225 14587
23 26449 14239 14599
22 26233 14252 14603
24 26136 14267 14601
22 26111 14283 14602
23 26111 14298 14598
23 26177 14310 14690
23 26238 14327 14669
23 26340 14344 14649
23 26393 14357 14675
23 26405 14377 14703
22 26373 14393 14701
24 26364 14406 14702
22 26333 14422 14680
23 26251 14434 14650
23 26125 14455 14648
23 25954 14460 14637
22 25792 14470 14657
24 25704 14478 14649
22 25739 14490 14615
23 25897 14508 14557
23 26160 14521 14553
23 26403 14536 14549
23 26681 14555 14551
23 26832 14575 14545
23 26865 14605 14565
23 26703 14621 14553
23 26525 14639 14562
22 26434 14654 14557
24 26362 14663 14595
22 26302 14665 14608
23 26338 14666 14582
23 26372 14661 14591
23 26436 14652 14594
22 26484 14636 14689
24 26520 14619 14695
23 26536 14601 14670
22 26559 14578 14703
24 26612 14561 14692
22 26609 14540 14683
23 26581 14519 14660
23 26531 14498 14674
23 26470 14475 14667
22 26390 14451 14651
24 26328 14428 14656
22 26280 14408 14654
23 26245 14388 14651
23 26256 14364 14669
23 26357 14339 14509
22 26502 14311 14547
24 26632 14276 14544
23 26708 14235 14549
22 26821 14201 14549
24 26843 14154 14555
22 26896 14100 14554
23 26988 14050 14529
23 27012 13991 14602
23 26947 13948 14587
23 26836 13891 14604
23 26738 13848 14603
22 26685 13802 14597
24 26655 13760 14599
22 26689 13715 14693
23 26780 13662 14656
24 26828 13618 14705
22 26841 13565 14697
23 26830 13508 14681
23 26748 13455 14677
23 26620 13401 14664
22 26548 13350 14677
24 26526 13305 14638
22 26601 13262 14657
23 26679 13228 14634
23 26725 13204 14668
23 26678 13187 14651
22 26656 13181 14665
24 26569 13188 14517
23 26554 13194 14556
22 26674 13214 14551
24 26819 13242 14549
22 26905 13266 14535
23 26950 13299 14546
23 26968 13333 14547
23 26932 13367 14562
22 26830 13406 14613
24 26688 13447 14593
22 26587 13483 14607
23 26506 13525 14558
23 26436 13563 14595
23 26396 13608 14599
23 26384 13628 14678
23 26363 13661 14694
23 26418 13687 14684
23 26436 13715 14697
23 26510 13738 14696
22 26565 13756 14631
24 26656 13775 14694
22 26735 13790 14664
23 26759 13802 14656
23 26789 13811 14671
23 26804 13822 14646
22 26770 13825 14654
24 26736 13826 14637
22 26657 13827 14647
23 26584 13829 14528
24 26634 13827 14565
22 26707 13823 14567
23 26773 13820 14551
23 26787 13815 14557
23 26803 13810 14560
22 26645 13807 14543
24 26414 13809 14591
22 26076 13798 14609
23 25733 13802 14591
23 25438 13799 14564
23 25175 13798 14610
22 25147 13807 14589
24 25302 13813 14655
22 25593 13817 14706
23 25844 13825 14659
24 26110 13829 14695
22 26359 13840 14696
24 26561 13836 14676
22 26693 13827 14692
23 26724 13809 14675
23 26673 13794 14675
23 26549 13771 14658
22 26376 13739 14629
24 26293 13707 14653
22 26320 13665 14644
23 26390 13619 14665
23 26409 13570 14550
23 26372 13503 14562
23 26374 13419 14539
23 26429 13313 14543
23 26464 13198 14553
22 26521 13071 14542
24 26696 12934 14562
22 26897 12800 14567
23 27016 12666 14585
23 27049 12540 14606
23 27065 12426 14589
22 27098 12313 14599
24 27183 12222 14593
22 27150 12115 14580
23 27009 12024 14614
24 26844 11934 14706
22 26680 11855 14670
23 26525 11783 14689
23 26360 11716 14684
23 26236 11656 14689
22 26172 11603 14654
24 26166 11566 14684
22 26171 11550 14648
24 26218 11532 14646
22 26246 11526 14643
23 26315 11530 14658
23 26422 11536 14646
23 26476 11542 14664
22 26471 11548 14545
24 26397 11556 14549
23 26024 11565 14544
22 25576 11574 14551
24 25211 11594 14553
22 25122 11618 14554
23 25204 11646 14565
23 25401 11676 14537
23 25621 11716 14584
22 25831 11757 14575
24 25976 11803 14582
22 26102 11847 14595
23 26159 11892 14595
23 26190 11943 14606
23 26188 11984 14686
23 26208 12042 14676
23 26250 12090 14666
23 26242 12133 14681
22 26233 12176 14677
24 26220 12214 14695
22 26190 12249 14695
23 26202 12289 14685
23 26222 12322 14641
23 26262 12353 14647
22 26338 12377 14614
24 26387 12397 14643
22 26457 12423 14647
24 26444 12431 14650
23 26458 12442 14554
22 26466 12442 14552
24 26503 12441 14546
22 26597 12439 14545
23 26676 12434 14524
23 26676 12430 14563
23 26590 12419 14540
22 26522 12417 14561
24 26420 12412 14556
22 26317 12413 14595
23 26267 12406 14578
23 26270 12400 14582
23 26275 12400 14604
22 26340 12405 14573
24 26427 12407 14699
23 26551 12418 14687
22 26683 12432 14691
24 26775 12455 14674
22 26816 12482 14680
23 26824 12507 14682
23 26782 12542 14701
23 26734 12564 14662
22 26665 12589 14659
24 26612 12609 14644
22 26596 12624 14659
23 26585 12635 14645
23 26566 12640 14647
23 26578 12645 14651
23 26676 12649 14525
23 26826 12641 14551
23 27029 12641 14553
23 27199 12628 14555
23 27253 12622 14566
22 27290 12620 14551
24 27259 12617 14552
22 27189 12618 14536
23 27122 12619 14585
23 27097 12625 14596
23 27080 12628 14584
22 27034 12640 14602
24 27077 12655 14604
22 27143 12668 14586
23 27052 12690 14643
24 26822 12712 14665
22 26527 12736 14670
23 26162 12773 14664
23 25894 12807 14703
23 25696 12845 14661
22 25630 12887 14673
24 25689 12933 14680
22 25871 12981 14645
23 26121 13041 14642
23 26329 13096 14654
23 26553 13148 14636
22 26712 13212 14670
24 26834 13263 14651
23 26898 13323 14549
22 27011 13382 14552
24 27120 13439 14553
22 27169 13489 14553
23 27166 13546 14541
23 27115 13595 14537
23 27025 13641 14557
23 26881 13681 14552
23 26755 13717 14596
22 26659 13749 14598
24 26578 13775 14608
22 26534 13798 14601
23 26494 13818 14569
24 26483 13844 14581
22 26481 13854 14676
23 26485 13871 14693
23 26511 13888 14679
23 26473 13910 14681
22 26470 13917 14700
24 26460 13931 14685
22 26447 13944 14669
23 26439 13957 14655
23 26456 13964 14642
23 26444 13976 14652
22 26439 13985 14653
24 26421 13994 14673
22 26364 14002 14648
23 26312 14010 14648
24 26326 14028 14541
22 26389 14029 14531
23 26490 14036 14558
23 26572 14046 14552
23 26616 14052 14566
22 26600 14060 14550
24 26559 14063 14545
22 26497 14065 14556
23 26481 14074 14568
23 26469 14079 14609
23 26445 14094 14602
23 26385 14095 14589
23 26339 14101 14608
23 26304 14105 14605
23 26269 14109 14700
23 26265 14115 14698
22 26310 14118 14678
24 26356 14125 14682
22 26383 14128 14669
23 26377 14133 14686
23 26409 14134 14666
23 26429 14142 14655
22 26413 14136 14656
24 26346 14137 14646
22 26318 14139 14671
23 26269 14146 14619
23 26195 14146 14652
23 26215 14152 14618
23 26216 14156 14534
23 26270 14160 14557
23 26386 14161 14582
22 26554 14164 14564
24 26760 14172 14565
22 26953 14171 14541
23 27080 14182 14547
23 27169 14178 14579
23 27173 14183 14602
22 27109 14189 14589
24 27004 14194 14590
22 26879 14202 14586
23 26752 14210 14572
24 26663 14223 14654
22 26584 14241 14693
24 26544 14249 14683
22 26520 14267 14685
23 26550 14284 14676
23 26585 14307 14678
23 26584 14325 14679
22 26591 14340 14654
24 26584 14360 14651
22 26578 14371 14645
23 26546 14383 14651
23 26527 14395 14644
23 26501 14405 14642
22 26503 14414 14651
24 26497 14419 14528
23 26473 14426 14571
22 26464 14428 14542
24 26491 14428 14565
22 26483 14425 14554
23 26496 14422 14552
23 26568 14414 14555
23 26662 14405 14545
22 26749 14404 14602
24 26807 14402 14593
22 26791 14392 14572
23 26768 14388 14593
23 26703 14379 14574
23 26657 14370 14595
23 26594 14365 14699
23 26551 14358 14682
23 26486 14354 14682
22 26475 14353 14655
24 26482 14350 14680
22 26472 14352 14680
24 26507 14340 14692
22 26509 14336 14704
23 26505 14333 14654
23 26501 14330 14651
23 26503 14328 14646
22 26499 14325 14625
24 26528 14322 14653
23 26569 14318 14622
22 26575 14317 14562
24 26551 14317 14541
22 26552 14314 14552
23 26568 14314 14554
23 26556 14309 14545
23 26562 14307 14547
22 26564 14304 14545
24 26557 14300 14552
22 26508 14298 14551
23 26509 14299 14609
23 26543 14299 14595
23 26543 14298 14596
22 26607 14296 14599
24 26644 14303 14601
23 26699 14300 14681
22 26747 14308 14706
24 26806 14319 14668
22 26844 14331 14694
23 26808 14348 14690
23 26740 14364 14672
23 26613 14383 14685
22 26483 14399 14662
24 26435 14417 14650
22 26387 14433 14647
24 26334 14445 14646
22 26326 14462 14668
23 26321 14478 14649
24 26287 14496 14654
22 26249 14517 14552
23 26237 14538 14531
23 26216 14564 14557
23 26254 14586 14545
22 26337 14613 14551
24 26417 14639 14546
22 26456 14670 14552
23 26472 14696 14554
23 26455 14725 14590
23 26441 14754 14609
22 26426 14783 14587
24 26461 14812 14593
23 26563 14838 14594
22 26673 14866 14607
24 26799 14885 14600
22 26944 14899 14676
23 27031 14915 14685
23 27110 14921 14670
23 27137 14916 14667
22 27096 14906 14678
24 26994 14890 14687
22 26890 14865 14699
23 26741 14832 14647
23 26575 14794 14645
23 26459 14751 14668
22 26374 14712 14638
24 26310 14667 14651
23 26285 14631 14654
23 26289 14589 14557
23 26333 14550 14539
22 26357 14517 14548
24 26429 14482 14552
22 26459 14448 14546
23 26449 14417 14539
23 26444 14390 14557
23 26421 14360 14544
22 26429 14329 14592
24 26402 14298 14596
22 26410 14265 14594
23 26402 14229 14592
24 26392 14190 14581
22 26403 14158 14604
23 26484 14123 14666
23 26576 14090 14680
23 26668 14060 14690
22 26720 14030 14677
24 26730 14005 14680
22 26697 13981 14701
23 26643 13962 14683
23 26604 13947 14677
23 26513 13927 14643
22 26493 13909 14651
24 26475 13895 14649
22 26443 13883 14654
23 26401 13870 14654
24 26418 13855 14663
22 26434 13847 14560
23 26462 13834 14544
23 26496 13826 14555
23 26496 13817 14561
23 26473 13803 14574
23 26441 13796 14558
22 26421 13787 14561
24 26429 13782 14538
22 26426 13776 14598
23 26421 13769 14581
23 26405 13761 14606
23 26404 13752 14602
23 26371 13747 14598
23 26371 13738 14586
23 26387 13730 14676
22 26350 13725 14686
24 26377 13721 14668
22 26490 13720 14679
23 26594 13716 14666
23 26682 13713 14681
23 26749 13710 14676
22 26706 13711 14677
24 26673 13708 14642
22 26626 13703 14651
23 26565 13707 14648
24 26502 13704 14655
22 26456 13708 14624
23 26401 13714 14647
23 26340 13718 14552
23 26360 13723 14558
22 26398 13736 14557
24 26408 13743 14559
22 26384 13754 14563
23 26363 13758 14549
23 26312 13766 14540
23 26269 13775 14559
23 26243 13775 14589
23 26239 13775 14605
22 26195 13777 14614
24 26171 13775 14604
23 26163 13776 14590
22 26190 13774 14573
24 26195 13772 14698
22 26254 13767 14668
23 26257 13768 14677
23 26282 13770 14691
23 26358 13774 14693
22 26444 13777 14681
24 26536 13781 14688
22 26573 13781 14645
23 26614 13788 14632
23 26589 13787 14665
23 26582 13794 14654
23 26566 13799 14661
23 26546 13806 14645
23 26498 13810 14549
22 26484 13817 14543
24 26487 13822 14558
22 26490 13827 14553
23 26508 13829 14567
23 26537 13838 14533
23 26532 13839 14547
22 26512 13841 14559
24 26495 13843 14574
22 26480 13842 14580
23 26431 13840 14595
23 26383 13838 14592
23 26377 13842 14576
24 26357 13833 14571
22 26348 13827 14674
23 26383 13812 14673
23 26378 13807 14701
23 26353 13805 14701
22 26336 13798 14659
24 26365 13801 14678
22 26407 13796 14672
23 26532 13796 14672
23 26661 13802 14648
23 26746 13808 14645
22 26738 13807 14658
24 26727 13813 14640
23 26661 13816 14644
22 26587 13822 14626
24 26566 13826 14545
22 26498 13832 14541
23 26459 13840 14551
23 26440 13844 14555
23 26422 13852 14560
22 26417 13859 14557
24 26404 13877 14546
22 26422 13883 14542
23 26428 13900 14564
23 26442 13913 14601
23 26443 13929 14590
22 26429 13943 14592
24 26398 13958 14574
23 26338 13968 14605
22 26319 13984 14673
24 26313 13989 14684
22 26284 14006 14702
24 26305 14007 14684
22 26324 14014 14685
23 26349 14025 14696
23 26388 14034 14676
23 26411 14040 14696
22 26434 14046 14616
24 26453 14052 14650
22 26524 14057 14629
23 26520 14064 14665
24 26517 14071 14649
22 26629 14080 14642
23 26811 14085 14542
23 26973 14090 14535
23 27092 14091 14548
22 27147 14095 14532
24 27148 14096 14554
22 27158 14094 14555
23 27172 14093 14553
23 27127 14090 14552
23 27000 14093 14607
22 26843 14089 14604
24 26641 14091 14605
23 26479 14081 14572
22 26334 14082 14594
24 26258 14074 14590
22 26244 14066 14590
23 26255 14062 14708
23 26315 14057 14677
23 26397 14052 14674
22 26501 14051 14646
24 26631 14044 14681
22 26705 14044 14667
24 26726 14031 14681
22 26670 14024 14676
23 26610 14017 14605
24 26536 14005 14649
22 26489 13994 14651
23 26518 13981 14635
23 26609 13970 14654
23 26680 13959 14547
22 26706 13941 14555
24 26684 13927 14552
22 26605 13913 14561
23 26543 13902 14554
23 26462 13891 14557
23 26405 13884 14553
22 26373 13881 14531
24 26412 13870 14609
22 26448 13870 14578
23 26499 13868 14601
24 26568 13867 14588
22 26651 13866 14613
23 26725 13868 14589
23 26763 13864 14690
23 26815 13864 14669
22 26808 13872 14679
24 26789 13869 14627
22 26789 13876 14671
23 26787 13886 14690
23 26754 13890 14694
23 26698 13897 14679
22 26655 13911 14628
24 26589 13921 14668
23 26541 13936 14650
23 26521 13945 14646
23 26523 13954 14654
22 26502 13970 14655
24 26485 13989 14558
22 26494 14003 14552
23 26501 14016 14545
23 26546 14026 14553
23 26648 14033 14540
22 26778 14043 14537
24 26900 14051 14565
22 27016 14058 14550
23 27047 14063 14570
23 27059 14072 14570
23 26989 14074 14602
23 26928 14081 14588
23 26848 14082 14608
23 26801 14080 14612
22 26749 14078 14702
24 26705 14078 14679
22 26652 14078 14668
23 26632 14075 14676
23 26609 14079 14672
23 26591 14070 14672
22 26548 14072 14703
24 26527 14068 14682
22 26508 14070 14643
23 26496 14072 14668
24 26489 14073 14642
22 26480 14076 14647
23 26490 14082 14626
23 26476 14087 14655
23 26491 14099 14559
23 26522 14095 14542
23 26592 14092 14566
22 26644 14091 14554
24 26698 14079 14566
22 26678 14073 14548
23 26676 14059 14526
23 26644 14053 14537
23 26595 14041 14588
22 26557 14031 14596
24 26516 14019 14579
23 26515 14006 14617
22 26522 14001 14601
24 26586 13994 14599
22 26694 13987 14694
23 26761 13980 14678
23 26805 13974 14694
23 26827 13972 14676
22 26787 13971 14684
24 26750 13968 14689
22 26735 13971 14683
23 26718 13971 14694
23 26679 13977 14646
23 26675 13968 14623
23 26672 13969 14644
23 26638 13965 14654
23 26619 13960 14647
22 26621 13956 14661
24 26606 13958 14551
22 26600 13956 14544
23 26597 13952 14528
23 26576 13947 14550
23 26513 13948 14561
23 26494 13951 14545
23 26478 13955 14551
22 26450 13963 14546
24 26441 13963 14600
23 26461 13971 14608
22 26460 13976 14572
24 26448 13982 14598
22 26445 13994 14576
23 26474 13999 14595
23 26468 14008 14699
23 26464 14018 14672
22 26474 14026 14695
24 26465 14037 14674
22 26462 14048 14702
23 26530 14059 14664
23 26618 14067 14700
23 26753 14075 14643
22 26879 14082 14646
24 26934 14086 14648
23 26946 14090 14672
22 26913 14097 14652
24 26828 14103 14649
22 26772 14094 14535
23 26671 14098 14549
23 26623 14091 14545
23 26600 14088 14535
22 26541 14083 14566
24 26529 14078 14539
22 26536 14076 14557
23 26553 14064 14535
23 26560 14060 14575
23 26573 14059 14591
24 26560 14048 14604
22 26548 14042 14601
23 26537 14037 14607
23 26427 14033 14587
23 26176 14030 14672
22 25811 14024 14661
24 25477 14022 14697
22 25276 14022 14697
23 25294 14029 14683
23 25476 14032 14684
23 25715 14047 14690
22 25959 14050 14696
24 26189 14060 14635
22 26333 14069 14660
23 26453 14077 14634
24 26570 14088 14653
22 26671 14095 14652
23 26741 14102 14645
23 26804 14113 14549
23 26797 14122 14550
22 26837 14133 14556
24 26852 14138 14559
22 26828 14143 14521
23 26808 14148 14566
23 26800 14151 14553
23 26787 14155 14549
22 26788 14157 14608
24 26745 14161 14598
23 26749 14167 14608
22 26798 14170 14592
24 26832 14170 14574
22 26828 14175 14603
24 26860 14170 14571
22 26890 14166 14689
23 26883 14171 14703
23 26856 14173 14701
23 26795 14173 14699
22 26724 14181 14656
24 26611 14182 14683
22 26548 14181 14665
23 26477 14176 14649
24 26436 14176 14652
22 26380 14173 14651
23 26370 14172 14652
23 26379 14169 14634
23 26405 14164 14645
22 26477 14166 14523
24 26601 14163 14539
22 26761 14157 14552
23 26973 14148 14541
23 27254 14144 14551
23 27535 14132 14555
22 27701 14121 14571
24 27676 14110 14545
22 27482 14087 14584
23 27254 14069 14612
24 26960 14048 14605
22 26453 14024 14590
23 26031 13997 14608
23 25831 13970 14572
23 25812 13935 14682
22 25871 13905 14663
24 25954 13875 14701
22 26069 13845 14676
24 26150 13813 14686
22 26229 13781 14691
23 26283 13750 14683
23 26326 13719 14696
23 26320 13689 14655
23 26343 13660 14627
23 26359 13634 14649
