23 28793 26499 4305
21 28789 26483 4304
22 28813 26477 4305
22 28949 26475 4304
22 29137 26461 4304
21 29305 26464 4304
23 29394 26466 4304
21 29368 26474 4304
22 29293 26485 4303
22 29153 26492 4304
22 29001 26506 4296
21 28867 26520 4296
23 28789 26525 4295
21 28732 26534 4297
22 28728 26545 4291
23 28758 26549 4296
21 28809 26547 4295
22 28890 26547 4299
22 28941 26539 4300
22 28971 26530 4294
21 28967 26521 4294
23 28919 26506 4300
21 28888 26496 4295
22 28853 26478 4295
22 28814 26463 4297
22 28770 26453 4302
21 28770 26434 4304
23 28840 26423 4305
21 28968 26411 4303
22 29194 26403 4304
22 29350 26393 4305
22 29397 26386 4302
21 29354 26378 4302
23 29231 26376 4304
21 29073 26371 4304
22 28928 26367 4303
22 28814 26370 4305
22 28745 26366 4307
21 28715 26362 4305
23 28721 26360 4295
21 28770 26355 4299
22 28820 26358 4295
22 28873 26349 4298
22 28915 26347 4300
21 28922 26346 4296
22 28910 26337 4297
22 28878 26334 4296
22 28829 26325 4294
21 28792 26326 4296
23 28779 26319 4297
21 28768 26314 4296
22 28759 26314 4293
22 28850 26311 4293
22 29007 26309 4296
21 29217 26304 4304
23 29380 26299 4301
21 29457 26299 4305
22 29397 26293 4304
23 29278 26289 4304
21 29130 26282 4302
22 28989 26286 4306
22 28885 26283 4303
22 28807 26281 4304
21 28790 26281 4305
23 28769 26287 4305
21 28801 26280 4303
22 28819 26288 4303
22 28853 26299 4304
22 28902 26294 4303
21 28893 26299 4295
23 28910 26305 4295
21 28892 26307 4294
22 28865 26313 4295
22 28831 26311 4295
22 28809 26315 4296
21 28782 26321 4296
23 28770 26316 4297
21 28755 26320 4295
22 28829 26322 4296
22 28981 26318 4294
22 29185 26320 4294
21 29382 26322 4298
23 29479 26317 4301
21 29450 26320 4303
22 29379 26318 4308
22 29235 26319 4311
22 29086 26325 4305
21 28965 26319 4305
23 28891 26325 4304
21 28843 26333 4300
22 28808 26330 4305
22 28826 26333 4305
22 28854 26334 4303
21 28919 26339 4305
23 28953 26342 4304
21 28958 26341 4302
22 28937 26341 4301
22 28896 26344 4303
22 28830 26344 4295
21 28778 26343 4294
23 28736 26338 4294
22 28739 26337 4300
21 28733 26331 4295
23 28734 26327 4295
21 28734 26316 4296
22 28720 26317 4295
22 28742 26308 4295
22 28768 26297 4299
21 28900 26301 4293
22 29111 26294 4296
22 29304 26288 4295
22 29394 26280 4293
21 29400 26286 4303
23 29314 26286 4303
21 29188 26283 4306
22 29055 26285 4303
22 28938 26290 4304
22 28846 26292 4301
21 28794 26293 4303
23 28779 26294 4301
21 28775 26292 4306
22 28795 26288 4305
22 28812 26284 4305
22 28836 26276 4308
21 28843 26277 4304
23 28851 26276 4304
21 28839 26275 4305
22 28830 26284 4295
22 28789 26295 4295
22 28764 26294 4292
21 28748 26304 4294
23 28747 26312 4293
21 28735 26314 4293
22 28730 26322 4296
22 28719 26319 4294
22 28741 26319 4295
21 28748 26322 4295
23 28777 26317 4294
21 28773 26315 4295
22 28781 26313 4296
22 28821 26301 4294
22 28935 26300 4295
22 29122 26289 4301
22 29320 26284 4304
22 29412 26280 4304
21 29408 26274 4303
23 29325 26270 4309
21 29185 26262 4304
22 29062 26260 4307
22 28988 26259 4307
22 28911 26257 4301
21 28831 26250 4304
23 28800 26243 4304
21 28800 26244 4301
22 28801 26230 4303
22 28835 26231 4304
22 28871 26228 4294
21 28876 26227 4293
23 28874 26230 4296
21 28854 26229 4295
22 28841 26231 4292
22 28834 26235 4296
22 28800 26237 4294
21 28777 26236 4295
23 28757 26240 4295
21 28753 26239 4294
22 28737 26243 4296
22 28757 26248 4295
22 28776 26248 4299
21 28770 26256 4295
23 28779 26254 4296
21 28791 26253 4308
22 28796 26259 4303
21 28798 26258 4304
23 28856 26258 4304
21 28989 26258 4304
22 29185 26262 4303
22 29354 26263 4303
22 29448 26261 4301
21 29432 26268 4301
23 29345 26269 4303
21 29223 26270 4303
22 29094 26269 4302
23 29010 26273 4301
21 28934 26273 4302
22 28868 26270 4302
22 28815 26274 4294
22 28809 26273 4299
21 28826 26273 4295
23 28866 26274 4294
21 28899 26271 4301
22 28928 26272 4296
22 28903 26272 4295
22 28897 26268 4293
21 28871 26270 4294
23 28851 26272 4294
21 28819 26263 4295
22 28812 26264 4295
22 28780 26262 4294
22 28779 26261 4293
21 28804 26259 4294
23 28804 26260 4304
21 28834 26256 4303
22 28833 26262 4304
22 28834 26256 4304
22 28844 26250 4304
21 28828 26250 4300
23 28864 26247 4305
21 28974 26247 4302
22 29166 26242 4301
22 29350 26241 4307
22 29464 26236 4303
21 29469 26239 4309
23 29397 26235 4309
21 29291 26239 4303
22 29146 26235 4293
22 29036 26234 4294
22 28934 26231 4290
21 28877 26231 4292
23 28826 26232 4294
21 28821 26234 4294
22 28836 26226 4299
22 28865 26231 4294
22 28914 26231 4294
21 28942 26228 4292
23 28965 26228 4294
22 28960 26229 4295
21 28934 26227 4295
23 28897 26226 4295
21 28881 26225 4306
22 28834 26223 4303
22 28823 26222 4304
22 28806 26221 4301
21 28811 26224 4304
23 28813 26221 4304
21 28828 26219 4306
22 28855 26219 4302
21 28867 26216 4303
23 28872 26217 4303
21 28856 26213 4305
22 28871 26213 4302
22 28932 26212 4302
22 29052 26209 4303
21 29246 26210 4302
23 29430 26208 4293
21 29498 26204 4296
22 29492 26203 4294
22 29399 26200 4293
22 29279 26191 4294
21 29147 26192 4296
23 29042 26188 4293
21 28965 26180 4299
22 28906 26182 4295
22 28884 26181 4292
22 28868 26177 4297
21 28904 26175 4294
23 28923 26179 4293
21 28964 26175 4294
22 28973 26172 4294
22 29008 26177 4303
22 28963 26170 4303
21 28953 26170 4304
23 28914 26170 4303
21 28882 26167 4303
22 28857 26168 4303
22 28840 26167 4303
22 28834 26166 4304
21 28839 26163 4304
23 28833 26167 4303
22 28853 26167 4304
21 28866 26166 4300
23 28858 26164 4303
21 28898 26164 4303
22 28959 26159 4294
22 29103 26164 4298
22 29300 26156 4294
21 29482 26163 4297
23 29536 26162 4294
21 29508 26161 4296
22 29400 26161 4294
22 29279 26163 4295
22 29138 26166 4294
21 29018 26162 4295
23 28975 26166 4295
21 28912 26169 4292
22 28887 26166 4298
22 28907 26167 4293
22 28925 26167 4295
21 28999 26172 4294
23 29037 26168 4304
21 29057 26168 4301
22 29046 26167 4303
22 29018 26169 4302
22 28982 26170 4308
21 28944 26165 4305
23 28934 26166 4302
21 28903 26166 4300
22 28878 26169 4304
22 28883 26165 4303
22 28892 26164 4310
21 28892 26169 4302
22 28897 26162 4302
22 28905 26165 4290
22 28925 26164 4294
21 29053 26167 4293
23 29237 26166 4295
21 29446 26165 4293
22 29585 26165 4293
22 29632 26162 4295
22 29580 26160 4295
21 29467 26161 4296
23 29334 26157 4292
22 29198 26158 4294
21 29092 26159 4293
23 29016 26156 4293
21 28961 26156 4298
22 28950 26153 4294
22 28990 26148 4304
22 29035 26144 4304
21 29083 26144 4304
23 29101 26149 4304
21 29090 26141 4302
22 29082 26141 4303
22 29059 26145 4304
22 29026 26140 4300
21 28988 26140 4303
23 28976 26140 4303
21 28951 26139 4302
22 28953 26141 4304
22 28949 26141 4303
22 28929 26139 4301
21 28948 26142 4303
23 28969 26147 4293
21 29116 26150 4292
22 29327 26150 4295
22 29501 26152 4293
22 29625 26150 4295
21 29632 26153 4293
23 29525 26148 4297
21 29379 26149 4292
22 29232 26155 4295
22 29107 26153 4301
22 28989 26158 4293
21 28933 26158 4294
23 28891 26160 4293
21 28900 26158 4293
22 28933 26161 4301
22 29017 26161 4300
22 29063 26163 4301
21 29085 26157 4302
23 29076 26165 4304
21 29044 26164 4302
22 29001 26163 4299
23 28951 26168 4303
21 28920 26168 4303
22 28897 26167 4302
22 28881 26170 4304
22 28862 26168 4307
21 28876 26166 4304
23 28901 26168 4302
21 28972 26170 4308
22 29143 26173 4293
22 29354 26172 4294
22 29542 26169 4297
21 29644 26173 4292
22 29620 26167 4294
22 29509 26163 4292
22 29345 26163 4294
21 29200 26160 4293
23 29084 26156 4293
21 28995 26155 4293
22 28945 26151 4293
22 28909 26147 4292
22 28886 26145 4295
21 28941 26146 4293
23 29003 26146 4293
21 29035 26141 4302
22 29052 26138 4303
22 29059 26137 4303
22 29015 26134 4302
21 28962 26140 4304
23 28927 26133 4303
21 28886 26133 4306
22 28869 26132 4301
22 28860 26137 4302
22 28860 26130 4301
21 28853 26137 4303
23 28880 26146 4301
21 28892 26134 4303
22 28953 26139 4302
22 29167 26142 4293
22 29372 26144 4292
21 29548 26144 4292
23 29629 26144 4293
22 29597 26146 4291
21 29470 26146 4295
23 29295 26145 4293
21 29177 26147 4293
22 29074 26148 4292
22 28988 26145 4293
22 28934 26145 4295
21 28898 26143 4294
23 28903 26144 4298
21 28913 26143 4294
22 28934 26142 4294
22 29005 26139 4310
22 29001 26138 4301
21 29001 26139 4300
23 28974 26137 4302
21 28948 26136 4299
22 28884 26138 4305
22 28865 26143 4303
22 28841 26145 4300
21 28833 26139 4301
23 28838 26147 4302
21 28843 26150 4301
22 28852 26151 4301
22 28847 26154 4301
22 28846 26155 4301
21 28867 26156 4291
23 28939 26164 4292
21 29112 26170 4297
22 29332 26171 4293
22 29520 26176 4293
22 29605 26180 4298
21 29570 26187 4291
23 29468 26186 4294
21 29332 26187 4299
22 29189 26197 4294
21 29088 26198 4294
23 29004 26206 4292
21 28942 26203 4289
22 28904 26211 4291
22 28889 26217 4292
22 28887 26214 4300
21 28930 26220 4302
23 28953 26224 4303
22 28947 26229 4302
21 28938 26229 4303
23 28923 26234 4299
21 28917 26235 4303
22 28895 26237 4301
22 28858 26239 4303
22 28824 26238 4303
21 28821 26245 4302
23 28820 26243 4301
21 28813 26240 4303
22 28810 26247 4303
22 28846 26254 4301
22 28820 26250 4291
21 28809 26249 4293
23 28819 26266 4292
21 28846 26258 4291
22 28931 26260 4292
22 29108 26265 4293
22 29325 26266 4294
21 29500 26265 4295
23 29559 26267 4292
21 29496 26269 4292
22 29385 26278 4293
22 29235 26274 4295
22 29121 26275 4293
21 29023 26274 4293
23 28963 26276 4292
21 28907 26275 4300
22 28873 26275 4303
22 28882 26277 4304
22 28867 26280 4300
21 28901 26275 4301
23 28922 26282 4308
21 28955 26282 4301
22 28949 26286 4301
22 28946 26284 4302
22 28905 26294 4299
21 28867 26288 4302
23 28856 26290 4303
21 28831 26290 4300
22 28833 26286 4307
23 28809 26291 4293
21 28790 26291 4292
22 28820 26292 4291
22 28819 26294 4294
22 28854 26295 4293
21 28864 26293 4294
23 28854 26295 4292
21 28831 26296 4295
22 28832 26298 4296
22 28845 26295 4294
22 28937 26293 4299
21 29147 26294 4294
23 29345 26293 4293
21 29487 26287 4296
22 29526 26293 4293
21 29482 26284 4302
23 29361 26283 4302
21 29222 26278 4302
22 29088 26281 4301
22 29017 26281 4302
22 28965 26280 4301
21 28924 26283 4302
23 28869 26284 4301
21 28867 26282 4301
22 28871 26284 4302
22 28921 26283 4299
22 28925 26280 4300
21 28951 26279 4301
23 28952 26282 4301
21 28956 26282 4291
22 28901 26284 4293
22 28851 26281 4293
22 28861 26279 4295
21 28836 26279 4292
23 28836 26280 4293
21 28814 26277 4294
22 28822 26273 4295
22 28823 26281 4290
22 28846 26270 4292
21 28849 26269 4293
23 28848 26267 4291
21 28865 26269 4293
22 28938 26266 4293
23 29099 26263 4293
21 29318 26260 4303
22 29440 26264 4302
22 29519 26261 4301
22 29459 26260 4300
21 29340 26262 4299
23 29220 26261 4303
21 29112 26257 4300
22 29039 26257 4304
22 28958 26257 4309
22 28884 26260 4299
21 28887 26256 4304
23 28891 26256 4302
21 28902 26259 4302
22 28938 26249 4300
22 28954 26252 4291
22 28954 26260 4290
21 28936 26249 4292
23 28912 26247 4292
21 28900 26246 4291
22 28884 26247 4297
22 28856 26245 4291
22 28823 26244 4292
21 28807 26247 4292
23 28826 26247 4294
21 28829 26246 4293
22 28825 26240 4292
22 28845 26241 4293
22 28949 26240 4296
21 29124 26238 4290
23 29314 26237 4291
21 29455 26232 4304
22 29489 26235 4300
22 29433 26232 4302
22 29307 26228 4305
21 29173 26232 4302
22 29070 26231 4302
22 28986 26229 4303
22 28901 26227 4294
21 28857 26229 4300
23 28860 26228 4302
21 28874 26224 4299
22 28909 26227 4302
23 28947 26225 4302
21 28946 26227 4299
22 28966 26228 4292
22 28941 26226 4289
22 28912 26227 4293
21 28888 26228 4293
23 28863 26226 4292
21 28852 26228 4295
22 28831 26231 4291
22 28824 26228 4293
22 28842 26227 4292
21 28867 26228 4293
23 28994 26234 4292
21 29194 26227 4290
22 29377 26234 4291
22 29470 26234 4291
22 29487 26231 4301
21 29414 26228 4302
23 29277 26229 4297
21 29146 26226 4300
22 29022 26226 4301
22 28926 26226 4301
22 28888 26227 4301
21 28867 26227 4302
23 28865 26229 4300
21 28899 26225 4302
22 28948 26230 4300
22 29013 26230 4302
22 29044 26227 4300
21 29031 26228 4301
23 29007 26225 4306
21 28964 26226 4292
22 28907 26226 4292
22 28871 26227 4294
22 28863 26223 4293
21 28815 26221 4292
23 28812 26224 4293
21 28835 26218 4292
22 28833 26220 4291
22 28853 26222 4291
22 28882 26222 4291
22 28977 26216 4297
22 29135 26218 4292
22 29322 26212 4292
21 29446 26212 4291
23 29465 26212 4301
21 29411 26204 4302
22 29278 26203 4300
22 29169 26204 4301
22 29049 26204 4306
21 28959 26204 4300
23 28900 26203 4301
21 28866 26204 4299
22 28852 26208 4302
22 28892 26209 4302
22 28915 26209 4303
21 28948 26219 4300
22 28971 26216 4301
22 28970 26216 4301
22 28940 26213 4302
21 28924 26220 4292
23 28886 26221 4292
21 28856 26224 4291
22 28856 26227 4289
22 28823 26227 4291
22 28806 26223 4292
21 28826 26227 4291
23 28821 26224 4291
21 28851 26227 4292
22 28945 26225 4292
22 29095 26224 4292
22 29242 26221 4293
21 29363 26221 4294
23 29390 26219 4291
21 29306 26219 4294
22 29213 26215 4302
22 29111 26216 4300
22 29029 26212 4300
21 28926 26209 4302
23 28897 26214 4300
21 28870 26207 4301
22 28862 26208 4303
23 28881 26206 4301
21 28918 26204 4300
22 28947 26204 4300
22 28977 26204 4301
22 28953 26199 4300
21 28934 26207 4302
23 28909 26203 4303
21 28893 26201 4289
22 28869 26205 4291
22 28845 26204 4293
22 28838 26204 4292
21 28825 26206 4295
23 28827 26199 4298
21 28812 26206 4290
22 28834 26202 4293
22 28855 26201 4297
22 28931 26194 4291
21 29061 26200 4294
23 29206 26200 4290
21 29298 26193 4291
22 29331 26198 4293
22 29291 26196 4292
22 29193 26194 4301
21 29102 26195 4304
23 29018 26195 4302
21 28954 26189 4301
22 28911 26189 4298
22 28877 26191 4301
22 28865 26189 4300
21 28866 26189 4298
23 28895 26188 4300
21 28926 26188 4303
22 28950 26188 4302
22 28977 26191 4302
22 28986 26189 4300
21 28958 26192 4300
23 28961 26188 4299
21 28904 26189 4295
22 28874 26193 4290
21 28842 26189 4291
23 28845 26188 4292
21 28834 26184 4296
22 28854 26189 4291
23 28848 26191 4293
21 28846 26185 4293
22 28857 26189 4290
22 28865 26186 4290
22 28890 26190 4293
21 28983 26188 4291
23 29124 26186 4290
21 29252 26186 4290
22 29316 26185 4301
22 29312 26185 4298
22 29266 26181 4304
21 29175 26181 4299
23 29083 26181 4302
21 29039 26180 4299
22 29000 26181 4301
22 28954 26180 4301
22 28936 26183 4301
21 28907 26189 4300
23 28904 26190 4299
21 28917 26181 4301
22 28936 26181 4302
22 28944 26184 4300
22 28962 26184 4298
21 28929 26185 4292
23 28904 26184 4291
21 28906 26181 4289
22 28881 26182 4290
22 28867 26183 4290
22 28859 26179 4289
21 28844 26178 4289
23 28879 26178 4292
21 28874 26173 4290
22 28876 26175 4292
22 28873 26174 4296
22 28868 26177 4292
21 28870 26169 4291
23 28897 26171 4294
21 29016 26168 4296
22 29132 26163 4301
22 29260 26170 4301
22 29311 26164 4299
21 29300 26166 4300
23 29245 26168 4299
22 29180 26168 4297
21 29097 26160 4300
23 29042 26170 4301
21 28987 26166 4302
22 28958 26164 4298
22 28929 26166 4302
22 28906 26166 4301
21 28926 26164 4300
23 28950 26165 4300
21 28944 26164 4295
22 28950 26164 4293
22 28939 26162 4291
22 28917 26163 4291
21 28901 26161 4292
23 28909 26159 4290
21 28873 26156 4297
22 28860 26162 4291
21 28843 26155 4290
23 28859 26157 4291
21 28859 26151 4289
22 28877 26154 4289
22 28878 26156 4291
22 28879 26149 4293
21 28883 26153 4292
23 28923 26150 4299
21 28983 26147 4296
22 29120 26149 4300
22 29232 26151 4298
22 29278 26150 4299
21 29284 26150 4301
23 29207 26151 4299
21 29163 26148 4302
22 29088 26150 4302
22 29027 26151 4301
22 28959 26151 4303
21 28908 26152 4300
23 28876 26161 4300
21 28891 26152 4298
22 28911 26154 4292
22 28912 26163 4291
22 28949 26162 4291
21 28969 26163 4291
23 28952 26163 4291
22 28941 26166 4291
21 28910 26165 4292
23 28867 26166 4291
21 28877 26168 4291
22 28843 26168 4294
22 28853 26167 4290
22 28844 26167 4291
21 28864 26171 4289
23 28855 26169 4292
21 28860 26172 4288
22 28887 26172 4301
22 28967 26168 4304
22 29052 26168 4300
21 29197 26169 4299
23 29280 26172 4302
21 29304 26169 4300
22 29273 26170 4299
22 29195 26169 4300
22 29114 26166 4297
21 29050 26166 4301
23 28990 26166 4300
21 28925 26167 4297
22 28882 26169 4303
22 28871 26162 4300
22 28884 26164 4290
21 28899 26163 4290
23 28911 26165 4291
21 28940 26164 4290
22 28937 26164 4291
22 28923 26165 4290
22 28897 26166 4295
21 28880 26161 4292
23 28840 26160 4291
21 28832 26159 4293
22 28834 26162 4291
22 28824 26157 4290
22 28832 26157 4295
21 28845 26161 4291
22 28819 26159 4292
22 28830 26155 4290
22 28858 26148 4300
22 28918 26154 4297
22 29058 26153 4300
22 29201 26153 4298
21 29321 26154 4298
23 29346 26152 4300
21 29291 26151 4298
22 29244 26157 4299
22 29147 26155 4297
22 29058 26155 4300
21 29008 26156 4300
23 28943 26158 4296
21 28907 26153 4299
22 28858 26155 4300
22 28841 26153 4291
22 28873 26154 4292
21 28891 26160 4290
23 28907 26160 4291
21 28904 26149 4287
22 28900 26157 4291
22 28873 26156 4290
22 28865 26147 4290
21 28854 26152 4291
23 28834 26149 4287
21 28801 26150 4290
22 28805 26147 4292
22 28803 26149 4290
22 28815 26146 4291
21 28814 26148 4298
23 28837 26150 4299
21 28826 26145 4299
22 28841 26153 4297
22 28888 26152 4301
22 28987 26151 4299
21 29163 26153 4299
23 29277 26158 4307
21 29351 26164 4300
22 29328 26168 4301
22 29258 26174 4303
22 29166 26181 4299
21 29078 26186 4301
23 29008 26190 4300
22 28949 26194 4297
21 28902 26197 4289
23 28856 26203 4291
21 28844 26201 4287
22 28857 26204 4293
22 28857 26210 4291
22 28863 26209 4290
21 28871 26210 4288
23 28875 26217 4290
21 28869 26221 4290
22 28829 26226 4290
22 28815 26234 4291
22 28809 26241 4295
21 28800 26252 4291
23 28785 26257 4291
21 28788 26264 4294
22 28815 26274 4298
22 28805 26277 4301
22 28811 26281 4301
21 28818 26289 4299
22 28828 26293 4300
22 28817 26292 4299
22 28802 26294 4300
21 28837 26288 4298
23 28917 26283 4299
21 29054 26279 4299
22 29210 26279 4299
22 29317 26275 4299
22 29359 26273 4300
21 29304 26273 4300
23 29217 26275 4289
21 29093 26275 4290
22 29001 26274 4290
22 28967 26273 4291
22 28907 26276 4290
21 28859 26279 4290
23 28835 26278 4291
21 28821 26276 4291
22 28844 26285 4290
22 28842 26285 4289
22 28856 26285 4288
21 28863 26282 4291
23 28863 26292 4291
22 28855 26290 4292
21 28811 26288 4291
23 28817 26291 4292
21 28811 26290 4299
22 28794 26293 4299
22 28778 26294 4298
22 28786 26298 4299
21 28789 26299 4298
23 28797 26299 4297
21 28817 26297 4301
22 28803 26301 4297
22 28816 26305 4298
22 28793 26300 4298
21 28780 26303 4298
23 28804 26304 4307
21 28872 26312 4299
22 29030 26308 4290
22 29169 26307 4293
22 29293 26308 4289
21 29328 26308 4292
23 29280 26308 4290
21 29194 26309 4289
22 29084 26308 4288
22 29005 26309 4288
22 28923 26308 4289
21 28883 26306 4290
23 28827 26313 4290
21 28800 26310 4292
22 28797 26315 4289
22 28805 26316 4290
22 28809 26318 4290
21 28826 26309 4299
23 28848 26312 4298
21 28851 26310 4299
22 28837 26310 4298
22 28815 26308 4299
22 28803 26309 4301
21 28777 26311 4297
23 28755 26308 4299
21 28762 26306 4301
22 28742 26311 4298
21 28751 26307 4299
23 28777 26302 4298
22 28768 26297 4298
21 28779 26299 4297
23 28780 26295 4298
21 28759 26295 4288
22 28755 26292 4290
22 28797 26290 4290
22 28897 26282 4289
21 29061 26278 4289
23 29212 26271 4288
21 29301 26261 4289
22 29301 26250 4289
22 29243 26244 4289
22 29142 26231 4293
21 29043 26227 4290
23 28958 26220 4290
21 28886 26213 4293
22 28822 26209 4290
22 28789 26209 4299
22 28782 26200 4297
21 28783 26197 4300
23 28821 26199 4299
21 28831 26191 4297
22 28855 26188 4298
22 28865 26188 4298
22 28863 26183 4298
21 28834 26185 4300
23 28800 26182 4298
21 28785 26179 4296
22 28761 26178 4298
22 28763 26183 4300
22 28757 26182 4298
21 28757 26185 4298
23 28746 26187 4290
21 28762 26187 4289
22 28767 26187 4292
22 28763 26187 4294
22 28781 26186 4289
21 28832 26187 4293
23 28944 26184 4295
21 29098 26177 4289
22 29214 26176 4289
23 29268 26180 4288
21 29237 26175 4288
22 29162 26174 4292
22 29059 26171 4289
22 28971 26169 4289
21 28896 26161 4294
23 28836 26166 4299
21 28794 26164 4298
22 28759 26161 4295
22 28771 26163 4298
22 28793 26163 4297
21 28834 26158 4299
23 28863 26161 4299
21 28876 26161 4300
22 28856 26158 4299
22 28847 26154 4300
22 28821 26152 4300
21 28814 26144 4298
23 28778 26135 4298
21 28790 26127 4297
22 28768 26120 4291
21 28749 26102 4288
23 28766 26091 4288
21 28772 26080 4289
22 28766 26067 4288
22 28827 26054 4289
22 28926 26047 4290
21 29099 26038 4288
23 29235 26032 4287
21 29289 26025 4290
22 29256 26022 4286
22 29181 26015 4288
22 29105 26006 4290
21 29008 26005 4290
23 28916 25996 4289
21 28870 25988 4301
22 28814 25985 4298
22 28792 25983 4298
22 28784 25979 4297
21 28790 25977 4300
23 28837 25982 4296
21 28879 25974 4301
22 28889 25975 4299
23 28844 25975 4298
21 28861 25971 4297
22 28819 25970 4298
22 28809 25962 4299
22 28789 25958 4296
21 28757 25953 4300
23 28754 25949 4288
21 28742 25942 4288
22 28762 25948 4289
22 28768 25936 4288
22 28763 25938 4288
21 28775 25939 4288
23 28772 25934 4288
21 28800 25932 4289
22 28930 25933 4291
22 29105 25932 4297
22 29231 25926 4290
21 29314 25930 4291
23 29289 25929 4296
21 29224 25928 4287
22 29128 25928 4290
22 29046 25921 4300
22 28989 25912 4297
21 28923 25906 4296
23 28875 25902 4298
21 28829 25899 4297
22 28813 25893 4300
22 28835 25894 4298
22 28845 25885 4299
21 28867 25873 4295
23 28882 25860 4297
21 28887 25846 4299
22 28869 25842 4298
22 28848 25836 4299
22 28806 25837 4297
21 28771 25835 4297
23 28739 25840 4289
21 28742 25842 4294
22 28750 25848 4291
22 28736 25856 4287
22 28734 25857 4295
22 28737 25868 4289
21 28753 25873 4289
23 28760 25872 4287
21 28777 25880 4289
22 28808 25881 4287
22 28899 25885 4289
22 29062 25884 4288
21 29210 25891 4288
23 29323 25892 4287
21 29345 25893 4289
22 29307 25894 4298
22 29222 25892 4296
22 29105 25895 4299
21 29018 25897 4299
23 28953 25896 4299
21 28901 25896 4300
22 28843 25900 4299
22 28817 25899 4297
22 28821 25899 4298
21 28835 25903 4298
23 28849 25912 4299
21 28850 25903 4303
22 28851 25906 4297
22 28844 25910 4299
22 28818 25906 4289
21 28783 25904 4289
23 28774 25903 4289
21 28728 25904 4287
22 28729 25905 4287
22 28729 25904 4288
22 28718 25906 4289
21 28728 25905 4286
23 28749 25902 4290
21 28745 25906 4287
22 28743 25908 4287
22 28751 25906 4287
22 28762 25909 4289
21 28802 25908 4288
23 28919 25904 4300
21 29088 25898 4295
22 29261 25897 4296
23 29366 25892 4302
21 29386 25890 4300
22 29311 25881 4298
22 29224 25879 4297
22 29123 25873 4295
21 29008 25872 4299
23 28943 25869 4300
21 28878 25869 4296
22 28845 25866 4297
22 28788 25872 4297
22 28792 25868 4297
21 28804 25864 4294
23 28848 25857 4288
21 28869 25854 4290
22 28862 25854 4286
22 28866 25854 4289
22 28841 25855 4293
21 28810 25854 4289
23 28787 25860 4290
21 28764 25863 4293
22 28760 25866 4287
22 28744 25867 4287
22 28749 25873 4294
21 28760 25881 4288
22 28751 25880 4290
22 28779 25880 4288
22 28761 25879 4289
21 28790 25883 4295
23 28826 25880 4298
21 28923 25881 4298
22 29082 25881 4297
22 29223 25878 4297
22 29347 25875 4298
21 29374 25875 4298
23 29315 25869 4294
21 29198 25867 4294
22 29062 25868 4300
22 28936 25867 4296
22 28815 25860 4296
21 28730 25861 4298
23 28713 25857 4298
21 28720 25856 4290
22 28744 25858 4288
23 28819 25858 4290
21 28893 25857 4297
22 28919 25853 4288
22 28949 25855 4289
22 28927 25840 4288
21 28889 25831 4289
23 28830 25830 4289
21 28756 25825 4289
22 28744 25813 4286
22 28719 25813 4287
22 28708 25802 4288
21 28693 25790 4287
23 28694 25776 4287
21 28754 25766 4289
22 28901 25755 4291
22 29046 25746 4298
22 29197 25736 4296
21 29242 25734 4300
23 29229 25728 4300
21 29142 25727 4299
22 29028 25718 4301
22 28904 25712 4300
22 28805 25712 4298
21 28722 25701 4297
23 28695 25695 4297
21 28694 25693 4296
22 28709 25678 4296
22 28714 25679 4294
22 28739 25676 4286
21 28747 25672 4290
23 28739 25677 4289
21 28714 25678 4289
22 28702 25679 4288
22 28696 25685 4288
22 28689 25688 4288
21 28684 25686 4290
23 28694 25692 4287
21 28668 25694 4295
22 28652 25708 4291
22 28660 25711 4289
22 28692 25724 4294
21 28781 25736 4288
23 28925 25748 4295
22 29111 25754 4298
21 29227 25771 4299
22 29273 25777 4298
22 29220 25783 4296
22 29117 25787 4297
21 28988 25802 4296
23 28887 25805 4296
21 28801 25813 4296
22 28724 25820 4296
22 28666 25826 4293
22 28633 25823 4298
21 28622 25831 4298
23 28647 25833 4294
21 28687 25833 4296
22 28709 25841 4289
22 28749 25841 4287
22 28773 25835 4290
21 28750 25835 4287
23 28734 25825 4288
21 28718 25819 4291
22 28696 25813 4289
22 28690 25807 4289
22 28699 25790 4287
21 28688 25786 4290
23 28702 25775 4290
21 28743 25758 4290
22 28834 25747 4288
22 28966 25732 4289
22 29095 25726 4297
21 29197 25713 4297
23 29173 25710 4297
21 29119 25705 4295
22 29023 25706 4295
22 28934 25701 4297
22 28866 25698 4298
21 28808 25702 4292
23 28803 25701 4296
21 28750 25703 4297
22 28732 25705 4298
22 28748 25708 4302
22 28753 25712 4297
21 28776 25712 4299
23 28770 25717 4300
22 28780 25725 4287
21 28765 25730 4288
23 28744 25738 4287
21 28727 25743 4286
22 28708 25747 4288
22 28678 25756 4288
22 28659 25761 4289
21 28644 25767 4293
23 28612 25778 4289
21 28626 25785 4286
22 28688 25786 4286
22 28797 25787 4287
22 28933 25786 4288
21 29072 25784 4287
23 29151 25777 4289
21 29148 25768 4300
22 29109 25753 4296
22 29043 25749 4295
22 28974 25740 4303
21 28890 25736 4297
23 28829 25724 4296
21 28782 25714 4304
22 28729 25719 4295
21 28713 25706 4297
23 28731 25700 4296
21 28746 25694 4299
22 28747 25696 4295
22 28759 25694 4297
22 28746 25693 4297
21 28744 25700 4285
23 28693 25704 4288
21 28692 25710 4286
22 28661 25715 4288
22 28618 25720 4285
22 28566 25718 4289
21 28531 25717 4289
23 28541 25711 4286
21 28619 25697 4289
22 28755 25690 4287
22 28928 25681 4286
22 29023 25670 4287
22 29081 25669 4288
22 29020 25682 4289
22 28949 25686 4292
21 28853 25704 4297
23 28762 25733 4298
21 28686 25745 4297
22 28617 25775 4297
22 28590 25807 4297
22 28598 25835 4292
21 28620 25863 4297
23 28660 25887 4295
21 28689 25915 4295
22 28737 25933 4298
22 28757 25956 4296
22 28752 25974 4295
21 28728 25990 4294
23 28729 26003 4297
21 28700 26010 4286
22 28646 26027 4286
22 28626 26032 4292
22 28608 26043 4289
21 28623 26046 4288
23 28676 26053 4295
21 28801 26062 4289
22 28962 26063 4290
22 29084 26069 4287
22 29162 26073 4285
21 29134 26081 4288
23 29065 26079 4287
21 28985 26082 4287
22 28865 26087 4287
22 28785 26086 4287
22 28714 26085 4297
21 28661 26084 4293
23 28649 26090 4297
21 28637 26090 4296
22 28620 26092 4298
22 28677 26096 4296
22 28679 26100 4298
21 28699 26102 4295
23 28696 26106 4297
22 28688 26108 4301
21 28675 26115 4297
23 28644 26112 4297
21 28634 26111 4304
22 28608 26117 4296
21 28595 26112 4296
23 28599 26116 4287
21 28585 26115 4293
22 28601 26116 4287
22 28676 26112 4288
22 28780 26113 4286
21 28921 26111 4288
23 29036 26110 4286
21 29066 26108 4287
22 29049 26113 4289
22 28998 26111 4286
22 28882 26114 4287
21 28793 26116 4287
23 28745 26115 4287
21 28664 26116 4291
22 28623 26126 4287
22 28607 26124 4297
22 28608 26125 4299
21 28620 26127 4296
23 28650 26134 4297
21 28679 26134 4294
22 28691 26142 4297
22 28681 26152 4295
22 28660 26145 4295
21 28664 26152 4298
23 28633 26156 4297
21 28624 26159 4295
22 28600 26167 4297
22 28590 26172 4296
22 28613 26176 4296
21 28575 26183 4287
23 28555 26186 4288
21 28577 26190 4288
22 28623 26199 4286
22 28711 26203 4288
22 28858 26210 4288
21 28968 26215 4288
23 29012 26221 4294
22 29027 26231 4287
21 28966 26229 4289
23 28871 26231 4291
21 28771 26235 4285
22 28699 26241 4287
22 28651 26242 4289
22 28606 26246 4287
21 28613 26247 4296
23 28596 26253 4299
21 28601 26253 4294
22 28620 26253 4297
22 28651 26262 4296
22 28645 26264 4295
21 28650 26265 4294
23 28664 26266 4296
21 28638 26266 4296
22 28632 26263 4294
22 28623 26264 4296
22 28632 26260 4297
21 28618 26256 4296
23 28599 26254 4293
21 28583 26254 4291
22 28561 26255 4286
22 28580 26250 4286
22 28628 26245 4288
21 28709 26248 4287
22 28818 26246 4288
22 28912 26245 4286
22 28964 26244 4287
21 28967 26239 4285
23 28934 26241 4286
21 28878 26239 4286
22 28800 26231 4285
22 28743 26218 4287
22 28683 26209 4286
21 28633 26193 4286
23 28642 26178 4292
21 28621 26166 4296
22 28626 26155 4298
22 28644 26145 4295
22 28655 26133 4297
21 28670 26129 4297
23 28679 26119 4296
22 28685 26110 4297
21 28675 26106 4296
23 28690 26101 4295
21 28655 26085 4292
22 28653 26074 4297
22 28655 26069 4297
22 28627 26049 4296
21 28632 26034 4286
23 28647 26025 4287
21 28763 26013 4285
22 28863 26001 4289
22 28984 25994 4287
22 29037 25979 4286
21 29036 25968 4289
23 28975 25960 4286
21 28883 25952 4286
22 28799 25943 4289
22 28748 25934 4285
22 28676 25929 4289
21 28634 25918 4288
23 28608 25915 4292
21 28622 25905 4285
22 28654 25907 4290
22 28710 25899 4302
22 28736 25903 4294
21 28730 25894 4296
23 28721 25891 4297
21 28705 25895 4294
22 28693 25891 4296
22 28680 25893 4295
22 28668 25893 4294
21 28657 25894 4294
23 28648 25897 4296
21 28640 25903 4297
22 28707 25908 4291
22 28791 25920 4295
22 28914 25926 4297
21 29021 25934 4288
23 29073 25942 4285
21 29051 25951 4288
22 28988 25965 4286
23 28880 25981 4286
21 28798 25996 4293
22 28728 26018 4288
22 28671 26031 4285
22 28655 26048 4294
21 28630 26062 4287
22 28660 26063 4287
22 28693 26066 4285
22 28731 26054 4293
21 28760 26046 4285
23 28765 26029 4296
21 28768 26005 4296
22 28759 25983 4294
22 28722 25957 4296
22 28696 25930 4294
21 28674 25908 4298
23 28646 25885 4291
21 28643 25863 4294
22 28667 25845 4296
22 28679 25826 4294
22 28777 25811 4300
21 28913 25796 4294
23 29068 25780 4295
21 29156 25764 4294
22 29181 25750 4295
22 29128 25749 4288
22 29055 25732 4285
21 28945 25735 4287
23 28860 25740 4286
21 28797 25738 4286
22 28714 25749 4287
22 28669 25764 4287
22 28648 25777 4287
21 28645 25792 4287
23 28689 25805 4287
21 28695 25824 4286
22 28715 25839 4287
22 28704 25856 4286
22 28693 25875 4287
21 28678 25892 4286
23 28682 25901 4296
21 28640 25917 4294
22 28627 25930 4297
23 28625 25944 4302
21 28623 25957 4296
22 28625 25965 4298
22 28616 25971 4299
22 28626 25981 4296
21 28700 25985 4297
23 28823 25992 4294
21 28966 26012 4293
22 29101 26002 4295
22 29141 26011 4297
22 29126 26015 4292
21 29058 26016 4286
23 28940 26024 4286
21 28846 26027 4286
22 28779 26029 4286
22 28692 26036 4286
22 28650 26037 4286
21 28612 26038 4287
23 28624 26042 4286
21 28662 26042 4286
22 28686 26043 4287
22 28722 26046 4286
22 28726 26049 4291
21 28706 26052 4287
23 28676 26051 4286
21 28673 26048 4290
22 28615 26051 4293
21 28613 26047 4296
23 28611 26045 4294
21 28584 26043 4295
22 28594 26043 4294
22 28594 26048 4298
22 28614 26051 4297
21 28603 26054 4292
23 28626 26059 4295
21 28715 26064 4295
22 28847 26069 4295
22 28980 26076 4290
22 29116 26083 4296
21 29167 26093 4295
23 29146 26103 4287
22 29052 26107 4289
21 28967 26116 4287
23 28889 26119 4286
21 28815 26124 4289
22 28729 26128 4285
22 28686 26133 4287
22 28673 26131 4286
21 28680 26132 4287
23 28706 26137 4286
21 28740 26141 4286
22 28771 26147 4287
22 28770 26150 4288
22 28777 26152 4287
21 28768 26153 4286
23 28749 26155 4296
21 28714 26157 4297
22 28683 26160 4297
22 28646 26160 4295
22 28615 26157 4295
21 28599 26161 4293
23 28613 26158 4295
21 28616 26162 4294
22 28685 26161 4295
22 28837 26165 4299
22 29000 26164 4296
21 29154 26164 4296
23 29165 26169 4301
21 29121 26167 4295
22 29013 26165 4295
22 28889 26171 4286
22 28775 26170 4283
21 28658 26165 4287
23 28592 26162 4286
21 28538 26163 4285
22 28521 26154 4286
22 28501 26161 4286
22 28530 26157 4285
21 28560 26159 4287
23 28602 26157 4287
21 28662 26157 4285
22 28676 26156 4287
23 28710 26155 4285
21 28707 26153 4286
22 28699 26152 4296
22 28704 26152 4295
22 28675 26150 4301
21 28683 26152 4295
23 28669 26148 4295
21 28675 26145 4298
22 28671 26148 4294
21 28745 26146 4294
23 28904 26142 4295
21 29047 26140 4301
22 29164 26141 4293
22 29180 26144 4296
22 29135 26145 4293
21 29029 26152 4295
23 28922 26158 4294
21 28795 26171 4285
22 28715 26182 4287
22 28640 26192 4284
22 28591 26203 4286
21 28571 26220 4286
23 28554 26232 4285
21 28562 26242 4288
22 28595 26256 4287
22 28615 26265 4287
22 28636 26273 4290
21 28630 26278 4286
23 28610 26291 4287
21 28592 26287 4286
22 28555 26293 4285
22 28540 26307 4292
22 28524 26300 4295
21 28529 26301 4296
23 28530 26301 4295
21 28506 26302 4294
22 28528 26302 4296
22 28572 26300 4295
22 28681 26299 4294
21 28835 26298 4294
23 29016 26294 4296
21 29125 26291 4295
22 29178 26285 4292
23 29128 26283 4297
21 29031 26274 4293
22 28912 26270 4297
22 28811 26265 4291
22 28716 26263 4285
21 28643 26264 4287
23 28589 26262 4289
21 28542 26258 4286
22 28544 26260 4286
22 28563 26260 4287
22 28610 26258 4285
21 28629 26254 4287
23 28663 26250 4284
21 28635 26237 4285
22 28625 26217 4287
22 28617 26211 4287
22 28592 26194 4286
21 28563 26176 4285
23 28565 26158 4295
21 28575 26140 4295
22 28569 26121 4294
22 28549 26105 4295
22 28577 26087 4292
21 28640 26070 4294
23 28770 26061 4295
21 28951 26046 4302
22 29080 26039 4293
22 29149 26024 4293
22 29127 26018 4299
21 29042 26017 4293
22 28946 26006 4297
22 28846 26000 4295
22 28729 25996 4285
21 28664 25998 4285
23 28577 25996 4286
21 28538 25993 4285
22 28545 25995 4285
22 28558 25995 4287
22 28602 25991 4285
21 28586 25993 4287
23 28607 25994 4285
21 28593 25991 4286
22 28588 25994 4286
23 28571 25992 4285
21 28554 25995 4287
22 28515 25993 4286
22 28502 25994 4286
22 28504 25995 4297
21 28511 25997 4296
23 28498 26007 4294
21 28499 26007 4298
22 28508 26014 4295
22 28524 26031 4294
22 28598 26027 4293
21 28735 26034 4295
23 28907 26038 4293
21 29051 26039 4294
22 29122 26044 4294
22 29131 26045 4295
22 29062 26043 4295
21 28948 26042 4295
23 28817 26045 4288
21 28702 26045 4285
22 28633 26042 4285
22 28575 26044 4285
22 28540 26039 4285
21 28511 26040 4286
23 28535 26038 4292
21 28535 26040 4286
22 28579 26036 4288
22 28599 26034 4287
22 28601 26040 4284
21 28589 26032 4287
23 28581 26028 4284
21 28539 26029 4284
22 28511 26030 4286
22 28500 26031 4285
22 28502 26033 4294
21 28488 26036 4292
23 28528 26036 4295
21 28537 26033 4295
22 28536 26025 4291
22 28538 26024 4296
22 28553 26020 4295
21 28632 26013 4293
23 28786 26008 4293
22 28936 26003 4298
21 29044 25993 4289
23 29094 25988 4294
21 29081 25983 4293
22 29009 25979 4293
22 28917 25974 4286
22 28806 25969 4293
21 28736 25971 4284
22 28657 25965 4286
22 28616 25963 4286
22 28584 25954 4284
21 28580 25958 4284
23 28566 25956 4284
21 28587 25952 4283
22 28604 25955 4285
22 28621 25952 4284
22 28622 25951 4285
21 28606 25953 4285
23 28591 25948 4284
21 28580 25947 4292
22 28565 25944 4294
22 28560 25941 4292
22 28582 25937 4293
21 28572 25941 4296
23 28572 25937 4293
21 28580 25930 4296
22 28546 25927 4294
22 28555 25930 4293
22 28542 25918 4292
21 28561 25920 4294
23 28657 25920 4292
21 28806 25914 4294
22 28958 25910 4295
22 29061 25907 4294
22 29093 25908 4285
21 29046 25906 4286
23 28962 25902 4286
21 28847 25895 4285
22 28742 25893 4285
22 28662 25886 4285
22 28592 25881 4284
22 28533 25877 4284
22 28502 25873 4286
22 28498 25865 4285
21 28537 25859 4285
23 28561 25856 4293
21 28592 25852 4285
22 28620 25850 4286
22 28616 25846 4293
22 28611 25843 4293
21 28595 25835 4294
23 28565 25831 4295
21 28560 25827 4292
22 28541 25821 4295
22 28511 25819 4295
22 28515 25816 4290
21 28533 25815 4294
23 28515 25814 4295
21 28525 25815 4292
22 28521 25818 4291
22 28541 25819 4294
22 28618 25825 4290
21 28787 25825 4296
23 28962 25833 4285
21 29092 25836 4291
22 29147 25840 4285
22 29106 25844 4285
22 29022 25848 4286
21 28886 25855 4285
23 28756 25862 4285
21 28648 25867 4290
22 28577 25876 4285
21 28522 25879 4284
23 28453 25881 4286
21 28421 25885 4285
22 28408 25892 4284
22 28424 25899 4286
22 28453 25899 4285
21 28508 25910 4289
23 28542 25907 4294
21 28565 25910 4292
22 28583 25911 4295
23 28598 25910 4291
21 28591 25908 4293
22 28576 25906 4294
22 28555 25905 4293
22 28554 25901 4297
21 28543 25903 4294
23 28578 25897 4292
21 28682 25888 4293
22 28858 25888 4295
22 29033 25884 4292
22 29162 25874 4284
21 29205 25875 4285
23 29148 25874 4284
21 29045 25864 4285
22 28884 25863 4285
22 28719 25858 4286
22 28604 25854 4285
21 28491 25851 4287
23 28418 25847 4285
21 28405 25842 4285
22 28405 25841 4285
22 28476 25837 4285
22 28543 25831 4284
21 28607 25833 4286
23 28603 25830 4285
21 28603 25824 4293
22 28594 25825 4295
22 28565 25824 4300
22 28517 25824 4294
21 28503 25827 4296
23 28495 25828 4300
21 28484 25827 4294
22 28465 25831 4295
22 28460 25837 4294
22 28525 25841 4292
21 28661 25845 4293
23 28818 25850 4292
21 28989 25852 4292
22 29069 25853 4292
22 29047 25864 4292
22 28960 25873 4284
21 28846 25876 4285
23 28716 25882 4285
22 28609 25887 4284
21 28522 25890 4285
23 28481 25894 4284
21 28444 25899 4287
22 28465 25898 4286
22 28509 25902 4284
22 28556 25903 4293
21 28591 25908 4285
23 28601 25909 4286
21 28590 25908 4291
22 28546 25915 4285
21 28507 25917 4294
23 28480 25915 4293
21 28433 25914 4294
22 28394 25923 4293
22 28389 25924 4292
22 28402 25929 4293
21 28406 25934 4290
23 28462 25936 4293
21 28597 25939 4294
22 28764 25947 4294
22 28931 25947 4290
22 29037 25951 4293
21 29022 25959 4294
23 28950 25961 4292
21 28831 25966 4296
22 28710 25973 4286
22 28606 25976 4284
22 28518 25982 4288
21 28469 25992 4285
23 28438 26006 4285
21 28449 26013 4284
22 28464 26028 4285
22 28515 26047 4284
22 28532 26059 4285
21 28554 26079 4285
23 28544 26093 4284
21 28535 26113 4284
22 28509 26126 4285
22 28494 26143 4285
22 28475 26155 4285
21 28444 26168 4295
23 28457 26169 4289
22 28454 26173 4292
21 28483 26180 4292
23 28589 26183 4292
21 28762 26185 4293
22 28918 26188 4295
22 29033 26188 4302
22 29023 26187 4290
21 28986 26185 4292
23 28880 26186 4295
21 28766 26187 4291
22 28642 26178 4293
22 28557 26177 4292
22 28469 26180 4283
21 28423 26174 4283
23 28403 26172 4285
21 28424 26172 4284
22 28469 26166 4284
22 28498 26175 4284
22 28527 26173 4283
21 28521 26171 4284
23 28528 26173 4284
21 28499 26169 4284
22 28478 26171 4285
22 28458 26173 4284
22 28434 26173 4289
21 28428 26167 4284
23 28410 26170 4284
21 28439 26167 4300
22 28506 26174 4290
22 28627 26166 4294
22 28768 26165 4291
