22 28951 26165 4294
22 28935 26168 4293
22 28856 26171 4298
21 28751 26176 4292
23 28635 26181 4294
21 28525 26185 4290
22 28448 26192 4291
22 28412 26194 4292
22 28388 26195 4292
21 28409 26196 4284
23 28429 26202 4282
22 28482 26198 4284
21 28511 26193 4285
23 28537 26187 4284
21 28536 26179 4288
22 28533 26177 4285
22 28491 26168 4284
22 28485 26159 4286
21 28454 26155 4283
23 28432 26155 4285
21 28424 26146 4284
22 28417 26143 4286
22 28468 26146 4284
22 28582 26139 4283
21 28731 26134 4293
23 28859 26133 4293
21 28929 26127 4291
22 28917 26126 4291
22 28849 26120 4293
22 28744 26121 4290
21 28627 26117 4294
23 28542 26121 4293
21 28475 26118 4292
22 28434 26118 4290
22 28414 26121 4294
22 28410 26116 4292
21 28465 26119 4295
23 28519 26116 4298
21 28543 26123 4292
22 28545 26117 4285
22 28547 26120 4286
22 28535 26126 4284
21 28527 26129 4288
23 28511 26126 4285
21 28504 26129 4283
22 28503 26125 4285
22 28480 26121 4285
22 28495 26118 4282
21 28575 26110 4286
23 28681 26109 4285
21 28818 26101 4283
22 28910 26096 4283
23 28955 26090 4284
21 28919 26083 4283
22 28862 26077 4291
22 28775 26075 4293
22 28667 26068 4293
21 28567 26062 4293
23 28493 26061 4293
21 28447 26055 4298
22 28442 26057 4293
22 28450 26049 4291
22 28485 26046 4299
21 28535 26051 4293
22 28568 26044 4294
22 28564 26043 4291
22 28568 26036 4293
21 28551 26041 4291
23 28511 26041 4284
21 28482 26039 4284
22 28470 26039 4284
22 28456 26041 4283
22 28470 26039 4284
21 28527 26039 4284
23 28645 26035 4283
21 28791 26037 4284
22 28955 26035 4284
22 29018 26037 4283
22 28984 26034 4285
21 28909 26035 4284
23 28798 26034 4284
21 28697 26036 4286
22 28590 26037 4291
22 28523 26046 4294
22 28455 26037 4289
21 28407 26046 4292
23 28415 26056 4292
21 28455 26050 4292
22 28499 26056 4291
22 28527 26059 4292
22 28548 26059 4290
21 28554 26068 4293
23 28520 26071 4291
22 28498 26076 4292
21 28471 26085 4292
23 28444 26087 4291
21 28426 26091 4291
22 28428 26099 4284
22 28400 26101 4284
22 28469 26106 4284
21 28601 26112 4286
23 28778 26119 4289
21 28909 26117 4283
22 28960 26126 4286
22 28943 26131 4291
22 28854 26135 4283
21 28749 26143 4285
23 28637 26151 4284
21 28533 26159 4282
22 28445 26166 4283
22 28383 26173 4282
22 28374 26177 4284
21 28379 26175 4289
23 28409 26191 4292
21 28439 26198 4292
22 28476 26206 4287
22 28500 26218 4291
22 28502 26222 4290
21 28497 26232 4289
23 28461 26239 4291
21 28431 26246 4298
22 28409 26252 4291
22 28380 26262 4292
22 28383 26274 4296
21 28364 26293 4293
23 28382 26299 4292
21 28450 26311 4288
22 28552 26330 4284
21 28713 26341 4283
23 28873 26352 4283
21 28947 26365 4282
22 28926 26382 4283
22 28849 26396 4285
22 28720 26408 4284
21 28612 26419 4284
23 28492 26429 4283
22 28405 26437 4284
21 28342 26451 4283
23 28308 26452 4283
21 28325 26460 4285
22 28348 26470 4288
22 28375 26476 4283
22 28393 26482 4293
21 28428 26495 4293
23 28440 26498 4294
21 28428 26505 4292
22 28424 26513 4293
22 28401 26527 4291
22 28410 26525 4292
21 28395 26536 4291
23 28380 26550 4291
21 28380 26550 4291
22 28362 26557 4291
22 28378 26563 4292
22 28420 26571 4290
21 28546 26579 4291
23 28718 26587 4284
21 28902 26593 4283
22 29039 26595 4284
22 29087 26602 4284
22 29028 26600 4283
21 28908 26599 4284
23 28772 26596 4283
21 28642 26591 4283
22 28519 26583 4286
22 28445 26583 4290
22 28399 26576 4285
21 28382 26574 4284
23 28401 26575 4290
21 28462 26574 4284
22 28498 26566 4293
22 28535 26566 4291
22 28527 26567 4289
21 28522 26555 4293
23 28504 26551 4293
21 28496 26543 4290
22 28479 26534 4292
23 28462 26526 4292
21 28472 26518 4290
22 28465 26509 4288
22 28523 26508 4292
22 28655 26499 4291
21 28818 26492 4290
23 28977 26485 4293
21 29056 26481 4295
22 29022 26476 4284
22 28937 26475 4284
22 28810 26475 4287
21 28663 26479 4283
23 28534 26475 4282
21 28442 26473 4293
22 28385 26477 4283
21 28388 26476 4283
23 28409 26474 4283
21 28443 26474 4284
22 28493 26478 4283
22 28539 26477 4283
22 28512 26474 4284
21 28478 26476 4284
23 28433 26473 4287
21 28420 26470 4292
22 28373 26466 4294
22 28357 26464 4288
22 28366 26457 4292
21 28378 26452 4292
23 28383 26446 4292
21 28406 26440 4293
22 28478 26438 4293
22 28628 26431 4292
22 28793 26429 4294
21 28965 26430 4292
23 29050 26438 4291
21 29047 26424 4291
22 28997 26430 4292
22 28859 26438 4283
22 28702 26429 4282
21 28611 26430 4283
23 28507 26429 4283
21 28422 26425 4284
22 28383 26423 4285
23 28370 26418 4283
21 28394 26413 4283
22 28445 26413 4285
22 28483 26401 4284
22 28506 26393 4283
21 28520 26390 4284
23 28493 26386 4282
21 28448 26382 4283
22 28407 26378 4285
22 28361 26376 4301
22 28332 26373 4292
21 28310 26366 4292
23 28275 26362 4294
21 28274 26365 4289
22 28324 26356 4291
22 28446 26354 4290
22 28617 26357 4290
21 28815 26352 4291
23 28910 26357 4291
21 28926 26361 4288
22 28871 26360 4290
22 28753 26368 4291
22 28646 26373 4293
21 28555 26376 4282
23 28475 26382 4283
21 28403 26385 4284
22 28358 26389 4283
22 28344 26393 4283
22 28354 26392 4285
21 28374 26390 4283
23 28413 26383 4282
21 28440 26377 4288
22 28450 26368 4282
22 28446 26355 4284
22 28428 26347 4286
21 28374 26348 4282
22 28343 26346 4283
22 28321 26344 4284
22 28318 26346 4291
21 28305 26355 4290
23 28311 26362 4291
21 28299 26372 4290
22 28288 26386 4291
23 28285 26404 4291
21 28313 26414 4292
22 28412 26430 4293
22 28579 26439 4287
22 28763 26445 4290
21 28896 26455 4291
23 28932 26462 4291
21 28896 26471 4296
22 28796 26486 4292
22 28682 26495 4281
22 28554 26508 4285
21 28465 26528 4283
23 28401 26547 4282
21 28361 26555 4282
22 28309 26574 4282
22 28292 26603 4283
22 28324 26613 4283
21 28345 26633 4283
23 28385 26653 4283
21 28371 26673 4283
22 28400 26693 4283
22 28383 26710 4283
22 28364 26725 4282
21 28329 26744 4283
23 28317 26750 4290
21 28303 26762 4293
22 28296 26774 4293
22 28299 26781 4291
22 28295 26787 4292
21 28331 26799 4292
23 28425 26799 4295
21 28583 26803 4290
22 28754 26804 4292
22 28858 26802 4295
22 28900 26810 4290
21 28842 26800 4291
23 28737 26799 4289
21 28642 26799 4290
22 28542 26789 4291
22 28455 26788 4285
22 28391 26781 4282
22 28333 26779 4284
22 28312 26767 4283
22 28312 26762 4283
21 28348 26762 4283
23 28385 26755 4282
21 28394 26753 4281
22 28413 26752 4282
22 28423 26752 4282
22 28400 26748 4288
21 28385 26747 4283
23 28365 26748 4282
21 28343 26747 4284
22 28323 26747 4282
22 28327 26743 4290
22 28335 26740 4291
21 28362 26743 4288
22 28389 26739 4292
22 28462 26738 4291
22 28625 26736 4292
21 28785 26739 4290
23 28901 26739 4290
21 28946 26742 4289
22 28912 26746 4289
22 28826 26746 4290
22 28689 26751 4289
21 28597 26753 4292
23 28517 26756 4286
21 28448 26757 4282
22 28403 26757 4283
22 28360 26759 4282
22 28354 26757 4285
21 28356 26763 4282
23 28385 26760 4282
21 28418 26760 4285
22 28447 26760 4283
22 28438 26761 4284
22 28403 26754 4282
21 28380 26756 4283
23 28330 26764 4282
21 28310 26755 4282
22 28279 26756 4283
23 28299 26757 4284
21 28316 26756 4289
22 28321 26759 4290
22 28329 26761 4290
22 28316 26763 4290
21 28325 26765 4292
23 28324 26768 4291
21 28432 26768 4290
22 28584 26774 4290
22 28747 26773 4292
22 28878 26773 4289
21 28893 26780 4289
23 28863 26783 4298
21 28781 26789 4290
22 28672 26788 4294
22 28578 26793 4289
22 28492 26800 4280
21 28450 26799 4283
23 28395 26802 4283
21 28358 26806 4281
22 28354 26806 4283
22 28342 26810 4282
22 28363 26813 4282
21 28381 26815 4284
23 28405 26816 4283
21 28382 26820 4282
22 28370 26819 4282
22 28348 26824 4283
22 28341 26823 4283
21 28331 26824 4284
23 28322 26824 4291
21 28307 26824 4297
22 28276 26827 4291
22 28266 26825 4291
22 28272 26825 4291
21 28265 26829 4291
23 28273 26828 4289
21 28287 26826 4293
22 28291 26835 4289
21 28312 26828 4290
23 28353 26827 4290
21 28423 26826 4292
22 28576 26828 4291
23 28758 26827 4292
21 28890 26829 4283
22 28918 26831 4281
22 28914 26830 4282
22 28824 26832 4281
21 28732 26834 4283
23 28661 26836 4280
21 28580 26836 4282
22 28497 26835 4282
22 28419 26834 4282
22 28351 26833 4285
21 28313 26839 4283
23 28300 26837 4283
21 28321 26834 4284
22 28320 26840 4283
22 28352 26846 4283
22 28331 26837 4282
21 28339 26837 4290
23 28315 26847 4290
21 28263 26834 4289
22 28229 26839 4290
22 28218 26840 4287
22 28214 26842 4289
21 28194 26841 4290
23 28201 26844 4290
21 28189 26846 4288
22 28211 26850 4293
22 28219 26849 4289
22 28216 26848 4289
21 28211 26856 4286
23 28187 26859 4290
21 28191 26860 4281
22 28221 26870 4282
22 28347 26873 4286
22 28508 26874 4280
21 28690 26877 4283
23 28775 26879 4285
21 28773 26883 4283
22 28699 26883 4283
22 28582 26888 4283
22 28480 26892 4280
21 28381 26890 4283
23 28300 26898 4282
22 28249 26900 4282
21 28196 26899 4280
23 28206 26905 4291
21 28230 26905 4289
22 28265 26905 4288
22 28300 26905 4291
22 28316 26905 4291
21 28339 26909 4290
23 28313 26910 4289
21 28288 26911 4297
22 28267 26910 4291
22 28234 26915 4290
22 28195 26914 4300
21 28179 26917 4290
23 28174 26918 4291
21 28187 26919 4294
22 28214 26925 4290
21 28201 26926 4283
23 28208 26925 4282
21 28214 26924 4283
22 28261 26931 4281
22 28395 26929 4283
22 28584 26927 4281
21 28709 26933 4282
23 28792 26930 4281
21 28758 26929 4281
22 28674 26930 4284
22 28551 26931 4281
22 28442 26928 4283
21 28356 26929 4282
23 28288 26925 4281
21 28212 26925 4286
22 28199 26923 4290
22 28219 26919 4288
22 28250 26917 4292
21 28279 26921 4289
23 28316 26921 4288
21 28323 26912 4288
22 28326 26914 4289
22 28299 26918 4289
22 28265 26912 4290
21 28222 26913 4290
23 28203 26912 4289
22 28199 26911 4289
21 28189 26911 4290
23 28184 26910 4288
21 28184 26908 4283
22 28186 26904 4282
22 28181 26903 4282
22 28192 26900 4282
21 28236 26894 4282
23 28360 26887 4282
21 28545 26875 4282
22 28764 26860 4284
22 28887 26834 4285
22 28903 26806 4282
21 28840 26766 4286
23 28716 26727 4284
21 28595 26684 4282
22 28487 26640 4282
22 28405 26598 4283
22 28331 26559 4285
21 28291 26516 4288
23 28283 26483 4289
21 28292 26448 4287
22 28316 26414 4289
22 28347 26390 4290
22 28364 26365 4287
21 28379 26341 4286
23 28371 26322 4289
21 28360 26304 4285
22 28331 26286 4289
22 28297 26269 4290
22 28250 26257 4295
21 28237 26240 4290
23 28246 26226 4282
21 28241 26218 4285
22 28229 26209 4282
22 28222 26193 4283
22 28231 26180 4284
21 28260 26170 4280
22 28289 26160 4282
22 28326 26154 4283
22 28487 26145 4286
22 28679 26137 4281
22 28842 26133 4282
22 28910 26128 4281
21 28878 26124 4281
23 28774 26117 4281
21 28646 26112 4282
22 28519 26109 4290
22 28441 26105 4287
22 28377 26103 4287
21 28320 26107 4290
23 28281 26105 4289
21 28277 26104 4293
22 28286 26107 4290
22 28324 26103 4289
22 28357 26103 4288
21 28374 26109 4290
23 28378 26109 4289
21 28353 26113 4286
22 28335 26114 4289
22 28273 26125 4290
22 28254 26125 4291
21 28203 26136 4282
23 28212 26146 4282
21 28200 26152 4280
22 28203 26163 4283
22 28209 26171 4282
22 28220 26176 4280
21 28223 26190 4281
23 28231 26188 4281
21 28282 26189 4281
22 28396 26195 4280
22 28587 26195 4280
22 28772 26196 4281
21 28859 26199 4283
23 28845 26198 4287
21 28750 26199 4289
22 28632 26197 4290
22 28511 26204 4294
22 28398 26208 4288
21 28316 26210 4290
23 28270 26213 4290
22 28241 26221 4286
21 28223 26223 4289
23 28263 26226 4289
21 28316 26231 4287
22 28337 26236 4288
22 28370 26239 4290
22 28356 26239 4288
21 28328 26237 4287
23 28301 26240 4289
21 28256 26241 4281
22 28226 26242 4281
22 28206 26245 4283
22 28185 26243 4287
21 28181 26248 4281
23 28185 26252 4282
21 28187 26255 4284
22 28199 26257 4281
22 28231 26257 4281
22 28298 26262 4289
21 28437 26267 4282
22 28644 26270 4281
22 28798 26272 4282
22 28830 26270 4280
21 28787 26271 4287
23 28665 26271 4290
21 28538 26269 4289
22 28423 26276 4287
22 28334 26280 4290
22 28246 26281 4288
21 28200 26285 4290
23 28204 26290 4287
21 28225 26291 4290
22 28265 26294 4289
22 28307 26297 4288
22 28339 26299 4295
21 28352 26298 4290
23 28362 26294 4288
21 28326 26290 4291
22 28280 26291 4281
22 28242 26285 4282
22 28232 26280 4279
21 28221 26281 4281
23 28197 26288 4281
22 28211 26273 4281
21 28212 26278 4282
23 28291 26277 4281
21 28433 26277 4283
22 28599 26280 4282
22 28746 26280 4281
22 28830 26283 4281
21 28792 26288 4280
23 28690 26287 4281
21 28568 26288 4280
22 28452 26286 4287
22 28352 26286 4290
22 28258 26286 4287
21 28216 26287 4290
23 28196 26291 4297
21 28210 26293 4290
22 28259 26292 4291
22 28286 26296 4292
22 28338 26301 4288
21 28358 26292 4288
23 28337 26297 4290
21 28324 26304 4286
22 28274 26298 4290
22 28236 26299 4289
22 28228 26297 4282
21 28204 26298 4278
23 28191 26301 4281
21 28198 26300 4279
22 28202 26298 4280
22 28312 26300 4281
22 28456 26301 4280
21 28666 26301 4282
23 28807 26303 4281
21 28872 26303 4284
22 28817 26299 4282
22 28688 26303 4281
22 28535 26303 4284
21 28431 26303 4281
23 28350 26302 4282
21 28261 26297 4293
22 28236 26299 4289
21 28219 26300 4288
23 28226 26301 4288
22 28271 26299 4288
21 28314 26302 4287
23 28336 26307 4290
21 28343 26308 4288
22 28324 26311 4287
22 28297 26314 4290
22 28254 26318 4289
21 28231 26324 4288
23 28204 26329 4285
21 28184 26338 4288
22 28196 26342 4287
22 28159 26356 4280
22 28163 26364 4281
21 28165 26374 4281
23 28222 26378 4280
21 28329 26386 4283
22 28512 26396 4282
22 28712 26407 4281
22 28826 26404 4282
21 28847 26415 4282
23 28793 26424 4280
21 28642 26419 4281
22 28506 26425 4282
22 28394 26431 4281
22 28332 26434 4281
21 28255 26438 4281
23 28212 26439 4288
21 28203 26445 4288
22 28186 26455 4291
22 28234 26454 4287
22 28279 26458 4288
21 28302 26465 4288
23 28318 26470 4289
21 28290 26474 4287
22 28267 26475 4291
22 28231 26481 4295
22 28187 26493 4290
21 28169 26485 4290
23 28181 26487 4291
21 28171 26488 4289
22 28151 26485 4282
23 28159 26485 4281
21 28161 26487 4280
22 28180 26478 4281
22 28176 26475 4281
22 28187 26472 4280
21 28228 26469 4283
23 28325 26470 4281
21 28526 26466 4280
22 28703 26463 4280
22 28813 26463 4280
22 28801 26463 4282
21 28697 26457 4281
23 28575 26459 4282
21 28449 26463 4292
22 28370 26452 4287
22 28295 26453 4289
22 28231 26451 4295
21 28186 26451 4287
23 28196 26446 4290
21 28221 26440 4288
22 28233 26444 4287
21 28279 26434 4288
23 28282 26432 4288
21 28291 26425 4290
22 28264 26425 4286
22 28238 26423 4289
22 28208 26417 4289
21 28187 26420 4288
23 28163 26415 4280
21 28122 26412 4280
22 28140 26411 4278
22 28139 26407 4279
22 28151 26405 4279
21 28158 26400 4279
23 28171 26396 4281
21 28193 26391 4283
22 28176 26392 4281
22 28219 26387 4282
22 28276 26384 4283
21 28413 26385 4281
23 28565 26387 4281
21 28673 26377 4278
22 28714 26376 4281
23 28677 26378 4287
21 28551 26365 4288
22 28428 26366 4289
22 28361 26364 4288
22 28282 26360 4287
21 28237 26359 4288
23 28204 26356 4288
21 28215 26353 4288
22 28238 26352 4288
22 28269 26352 4287
22 28306 26348 4287
21 28316 26349 4284
23 28318 26345 4287
21 28314 26345 4288
22 28265 26340 4284
22 28257 26345 4284
22 28211 26350 4281
21 28213 26345 4285
23 28194 26345 4284
21 28179 26349 4281
22 28193 26348 4281
22 28214 26350 4281
22 28214 26355 4279
21 28220 26356 4282
23 28290 26360 4279
21 28424 26360 4280
22 28561 26361 4285
22 28649 26364 4280
22 28686 26367 4281
21 28640 26367 4280
23 28583 26369 4288
21 28471 26369 4286
22 28379 26367 4287
22 28312 26369 4287
22 28255 26366 4295
21 28220 26363 4286
23 28218 26359 4288
21 28257 26357 4294
22 28293 26359 4288
22 28327 26348 4287
22 28355 26345 4292
22 28360 26346 4286
21 28337 26332 4290
23 28309 26328 4279
21 28276 26323 4284
22 28258 26325 4280
22 28253 26323 4279
22 28230 26322 4279
21 28201 26325 4280
23 28225 26330 4280
21 28222 26327 4279
22 28268 26336 4281
22 28349 26338 4278
22 28495 26338 4280
21 28651 26342 4281
23 28736 26340 4279
21 28728 26339 4282
22 28674 26340 4281
22 28595 26336 4287
22 28507 26335 4291
21 28418 26331 4289
23 28336 26339 4289
21 28274 26332 4287
22 28256 26332 4289
22 28236 26335 4287
22 28262 26328 4287
21 28269 26329 4288
23 28270 26330 4287
21 28283 26330 4287
22 28267 26327 4287
22 28301 26326 4287
22 28318 26328 4288
21 28329 26330 4287
23 28332 26329 4280
21 28349 26327 4280
22 28365 26330 4279
22 28374 26333 4280
22 28366 26335 4280
21 28356 26334 4282
23 28382 26338 4286
21 28396 26340 4279
22 28484 26339 4282
23 28617 26341 4286
21 28710 26342 4280
22 28760 26343 4281
22 28725 26345 4281
22 28660 26350 4280
21 28588 26346 4288
23 28517 26347 4289
21 28464 26349 4284
22 28427 26349 4287
22 28414 26356 4288
22 28379 26363 4286
21 28346 26364 4285
23 28320 26371 4287
21 28304 26370 4289
22 28298 26371 4287
22 28314 26381 4286
22 28324 26382 4288
21 28318 26383 4287
23 28306 26389 4287
21 28287 26392 4294
22 28268 26400 4278
22 28271 26403 4281
22 28270 26405 4282
21 28258 26412 4281
22 28241 26409 4281
22 28236 26413 4280
22 28233 26417 4279
21 28297 26417 4279
23 28390 26419 4280
21 28538 26423 4279
22 28667 26427 4278
22 28729 26428 4281
22 28733 26432 4280
21 28684 26438 4281
23 28594 26440 4276
21 28494 26441 4286
22 28457 26445 4288
22 28417 26450 4286
22 28400 26454 4288
21 28426 26457 4289
23 28441 26457 4286
21 28453 26460 4289
22 28476 26468 4288
23 28497 26471 4289
21 28488 26468 4286
22 28450 26475 4288
22 28413 26480 4286
22 28379 26476 4288
21 28333 26484 4287
23 28317 26485 4280
21 28285 26486 4280
22 28269 26491 4280
22 28297 26490 4281
22 28308 26490 4280
21 28331 26495 4281
23 28305 26490 4280
21 28315 26488 4280
22 28329 26487 4278
22 28416 26489 4280
22 28512 26485 4279
21 28613 26484 4283
23 28671 26482 4283
21 28661 26484 4281
22 28603 26477 4282
22 28546 26477 4290
22 28470 26473 4287
21 28403 26472 4288
23 28318 26470 4287
21 28290 26471 4285
22 28269 26467 4288
22 28303 26470 4287
22 28318 26470 4286
21 28347 26466 4287
23 28359 26465 4289
21 28411 26464 4287
22 28409 26464 4285
22 28407 26465 4287
22 28383 26463 4287
21 28330 26460 4281
23 28316 26466 4280
21 28303 26462 4284
22 28282 26465 4280
22 28264 26467 4279
22 28251 26467 4285
21 28265 26471 4280
23 28296 26466 4280
22 28383 26462 4286
21 28461 26467 4281
22 28532 26460 4282
22 28611 26460 4278
22 28614 26456 4284
21 28565 26455 4279
23 28496 26453 4281
21 28437 26448 4287
22 28395 26447 4286
22 28347 26444 4287
22 28314 26442 4288
21 28301 26440 4287
23 28315 26441 4284
21 28306 26436 4286
22 28319 26438 4288
22 28365 26438 4285
22 28391 26437 4290
21 28384 26440 4288
23 28356 26438 4286
21 28360 26436 4291
22 28332 26438 4286
22 28324 26445 4287
22 28297 26439 4279
21 28288 26439 4280
23 28276 26442 4281
21 28327 26441 4279
22 28445 26437 4279
22 28592 26439 4279
22 28724 26433 4280
21 28790 26435 4281
23 28792 26433 4280
21 28729 26431 4281
22 28633 26428 4280
22 28515 26420 4279
22 28406 26417 4280
21 28324 26416 4279
23 28277 26412 4278
21 28249 26404 4286
22 28273 26400 4288
22 28308 26402 4293
22 28354 26403 4286
21 28414 26393 4288
23 28455 26394 4291
22 28486 26398 4285
21 28504 26393 4287
23 28479 26397 4287
21 28458 26405 4284
22 28391 26399 4285
22 28324 26401 4286
22 28255 26404 4285
21 28202 26403 4288
23 28178 26411 4280
21 28213 26413 4279
22 28337 26414 4278
22 28500 26419 4279
22 28594 26426 4280
21 28643 26427 4279
23 28628 26432 4281
21 28578 26433 4280
22 28499 26438 4281
22 28416 26439 4279
22 28326 26445 4285
21 28293 26451 4280
23 28263 26448 4280
21 28254 26448 4281
22 28268 26457 4283
21 28313 26450 4288
23 28344 26449 4288
21 28370 26447 4287
22 28363 26455 4286
22 28334 26454 4288
22 28320 26455 4287
21 28308 26459 4284
23 28292 26459 4286
21 28282 26460 4284
22 28276 26464 4287
22 28266 26465 4284
22 28236 26465 4286
21 28267 26466 4286
23 28290 26468 4286
21 28304 26470 4281
22 28392 26480 4280
22 28521 26476 4280
22 28657 26477 4281
22 28725 26482 4281
22 28702 26486 4279
22 28622 26479 4276
21 28503 26484 4280
23 28398 26492 4280
21 28333 26483 4280
22 28274 26485 4280
22 28232 26486 4279
22 28199 26485 4280
21 28229 26488 4280
23 28247 26488 4280
21 28312 26483 4287
22 28333 26482 4288
22 28350 26485 4288
22 28341 26484 4286
21 28325 26485 4285
23 28302 26483 4287
21 28289 26479 4286
22 28272 26481 4287
22 28249 26481 4295
22 28236 26482 4284
21 28234 26476 4287
