22 26158 31773 4466
22 25983 31775 4507
22 25901 31775 4486
22 25903 31775 4482
21 25842 31775 4472
23 25893 31774 4473
21 25882 31774 4470
23 25918 31775 4484
21 25851 31777 4486
22 25876 31776 4485
22 25975 31777 4502
22 25961 31772 4484
22 26084 31774 4483
22 26328 31775 4502
21 26859 31774 4478
23 27531 31772 4501
21 28382 31774 4501
23 28793 31772 4483
21 28811 31775 4483
22 28336 31776 4450
23 27742 31776 4484
21 27017 31775 4474
23 26403 31774 4502
21 25901 31773 4464
23 25674 31774 4487
21 25540 31775 4491
22 25705 31773 4464
22 25939 31775 4470
22 26299 31775 4457
22 26494 31774 4473
22 26700 31774 4483
21 26777 31775 4502
23 26749 31776 4484
21 26527 31775 4484
23 26412 31770 4483
21 26227 31775 4510
22 25978 31775 4483
22 25842 31776 4483
22 25760 31775 4472
22 25714 31775 4490
22 25697 31775 4484
21 25707 31774 4471
23 25728 31776 4470
21 25801 31773 4484
23 25858 31776 4503
21 25777 31775 4482
22 25861 31775 4487
22 26087 31774 4492
22 26502 31771 4466
22 27386 31774 4483
22 28291 31775 4487
21 29065 31777 4490
23 29500 31776 4455
21 29297 31774 4474
23 28642 31776 4467
22 27788 31777 4487
21 26897 31775 4489
23 26261 31775 4472
21 25790 31776 4467
23 25605 31775 4483
21 25597 31776 4471
22 25734 31777 4501
22 26025 31776 4466
22 26399 31775 4483
22 26674 31776 4502
22 26844 31775 4503
22 26847 31775 4501
22 26692 31778 4488
21 26577 31777 4484
23 26287 31777 4466
21 26087 31777 4501
23 25863 31772 4500
21 25679 31775 4500
22 25623 31773 4490
22 25630 31773 4466
22 25601 31776 4485
22 25721 31775 4485
22 25702 31775 4503
21 25687 31773 4492
23 25864 31773 4503
21 25733 31773 4482
23 25852 31772 4484
21 25968 31772 4478
22 26472 31772 4484
22 27255 31774 4483
22 28562 31773 4456
22 29587 31772 4502
22 30208 31771 4504
21 30107 31775 4477
23 29280 31774 4490
21 28307 31774 4474
23 27283 31774 4482
22 26359 31774 4474
21 25821 31776 4488
23 25479 31775 4470
21 25453 31773 4484
23 25590 31774 4483
21 25881 31774 4485
22 26334 31774 4485
22 26729 31776 4520
22 26991 31773 4519
22 26984 31773 4520
22 26913 31774 4478
22 26567 31774 4501
22 26305 31771 4487
21 26005 31771 4500
23 25846 31773 4490
21 25637 31772 4465
23 25460 31773 4503
21 25413 31773 4503
22 25531 31772 4521
22 25483 31775 4517
22 25557 31774 4501
22 25635 31774 4464
22 25695 31771 4472
21 25670 31773 4491
23 25769 31772 4502
21 26085 31774 4436
23 26854 31775 4483
21 27881 31774 4467
22 29070 31773 4486
22 29746 31773 4503
22 29728 31774 4519
22 29167 31776 4520
22 28170 31775 4496
21 27101 31771 4502
23 26165 31775 4480
21 25466 31776 4471
23 25060 31775 4438
22 24961 31773 4465
21 25071 31776 4468
23 25442 31774 4485
21 25813 31774 4520
23 26183 31774 4520
21 26462 31773 4519
22 26665 31774 4485
22 26672 31772 4482
22 26463 31773 4462
22 26238 31775 4453
22 26044 31775 4470
21 25789 31774 4454
23 25582 31773 4485
21 25481 31773 4502
23 25400 31772 4502
21 25431 31773 4502
23 25343 31775 4485
21 25415 31774 4499
22 25420 31772 4471
22 25682 31775 4466
22 26212 31773 4500
22 26973 31771 4500
22 27865 31770 4450
21 28648 31773 4485
23 28957 31772 4485
21 28644 31773 4502
23 27899 31774 4491
21 27103 31772 4501
22 26313 31774 4477
22 25712 31771 4471
22 25365 31772 4491
22 25107 31774 4470
22 25246 31773 4436
21 25475 31774 4466
23 25872 31774 4504
21 26226 31774 4503
23 26348 31770 4485
22 26498 31773 4503
21 26492 31774 4520
23 26390 31774 4488
21 26231 31773 4474
23 25952 31776 4502
21 25848 31776 4482
22 25644 31775 4461
22 25670 31775 4484
22 25637 31776 4455
22 25694 31772 4502
22 25685 31774 4521
21 25709 31775 4520
23 25900 31775 4502
21 26516 31773 4481
23 27369 31776 4502
21 28168 31775 4487
23 28773 31772 4487
21 28948 31776 4501
22 28511 31774 4459
22 27914 31775 4467
22 27071 31775 4468
22 26508 31774 4504
22 26029 31774 4520
21 25725 31778 4502
23 25608 31774 4481
21 25717 31773 4489
23 25854 31774 4465
21 26085 31773 4501
22 26319 31776 4473
22 26459 31773 4485
22 26655 31773 4448
22 26537 31774 4502
22 26437 31773 4501
21 26353 31774 4501
23 26206 31775 4501
22 26043 31773 4498
22 25947 31774 4483
22 25814 31775 4470
21 25748 31774 4469
23 25893 31774 4455
21 25815 31774 4454
23 25780 31773 4466
21 25738 31775 4502
22 25909 31774 4521
22 26258 31771 4495
22 26893 31774 4518
22 27719 31773 4465
22 28261 31776 4491
21 28446 31776 4465
23 28220 31771 4490
21 27774 31774 4459
23 27129 31774 4449
21 26576 31774 4485
22 26176 31776 4503
22 25875 31777 4503
22 25757 31774 4503
22 25732 31775 4511
22 25791 31777 4484
22 26036 31774 4483
22 26162 31776 4488
21 26168 31773 4499
23 26314 31774 4443
21 26223 31775 4462
23 26115 31777 4484
21 26072 31775 4469
22 25990 31773 4502
22 25932 31773 4520
22 25815 31774 4520
22 25737 31773 4492
22 25708 31775 4483
21 25644 31774 4491
23 25673 31774 4469
22 25629 31774 4435
22 25686 31773 4448
22 25657 31775 4466
21 25716 31776 4503
23 25689 31775 4486
21 25887 31769 4521
23 26292 31773 4501
21 26684 31775 4485
22 27099 31775 4466
22 27393 31776 4464
22 27200 31775 4489
22 27041 31774 4454
22 26642 31776 4447
21 26400 31776 4485
23 26053 31774 4504
21 25795 31774 4484
23 25670 31773 4502
21 25616 31774 4501
22 25616 31775 4484
22 25764 31775 4471
22 25782 31774 4492
22 25870 31776 4501
22 26001 31775 4466
21 26078 31772 4457
23 26138 31774 4449
21 26021 31773 4470
23 25940 31773 4467
21 25942 31772 4484
23 25826 31771 4490
21 25795 31769 4467
22 25778 31773 4483
22 25702 31770 4471
22 25771 31772 4500
22 25719 31771 4462
22 25639 31772 4473
21 25705 31772 4484
23 25789 31772 4486
22 26044 31774 4503
22 26268 31774 4511
22 26569 31775 4519
21 26739 31772 4470
23 26815 31771 4466
21 26670 31776 4484
23 26511 31777 4481
21 26241 31772 4483
22 26007 31775 4448
22 25881 31776 4450
22 25808 31773 4485
22 25779 31775 4468
22 25812 31774 4485
21 25842 31774 4489
23 25982 31773 4486
21 26054 31776 4465
23 26081 31770 4483
21 26111 31774 4478
22 26136 31773 4484
22 26048 31773 4484
22 26008 31771 4466
22 26050 31774 4486
22 25925 31775 4504
21 25895 31774 4521
23 25872 31776 4484
21 25852 31775 4468
23 25855 31776 4471
21 25870 31773 4501
23 25934 31773 4500
21 26009 31776 4500
22 26174 31775 4453
22 26427 31774 4447
22 26582 31773 4503
22 26780 31775 4503
22 26749 31775 4491
21 26683 31773 4496
23 26533 31775 4486
22 26351 31772 4470
22 26205 31775 4466
22 26078 31775 4455
21 25962 31776 4439
23 25989 31775 4470
21 25973 31774 4448
23 26033 31775 4484
21 26069 31775 4503
22 26097 31775 4501
22 26217 31777 4508
22 26207 31777 4505
22 26163 31772 4472
22 26202 31773 4501
21 26178 31772 4501
23 26107 31773 4487
21 26044 31771 4499
23 26091 31774 4483
21 26023 31773 4502
22 25990 31773 4501
22 26072 31772 4520
22 26057 31773 4490
22 26061 31770 4473
22 26081 31769 4478
21 26151 31774 4471
23 26289 31774 4499
21 26640 31772 4471
23 26818 31769 4447
21 26831 31773 4466
22 26803 31771 4501
22 26711 31770 4502
22 26539 31772 4501
22 26394 31771 4491
22 26251 31773 4504
22 26100 31771 4500
22 26107 31771 4489
22 26122 31771 4500
22 26154 31770 4465
22 26179 31771 4453
22 26242 31771 4454
22 26342 31768 4485
21 26307 31772 4503
23 26264 31771 4504
21 26300 31771 4506
23 26212 31771 4501
21 26221 31772 4490
22 26199 31773 4471
22 26146 31772 4458
22 26130 31774 4473
22 26145 31769 4437
22 26152 31772 4465
21 26111 31771 4468
23 26119 31773 4467
21 26142 31774 4502
23 26102 31774 4484
21 26189 31774 4519
22 26257 31772 4501
22 26524 31774 4502
22 26717 31774 4490
22 26930 31773 4501
22 27019 31774 4438
21 26944 31772 4465
23 26782 31774 4503
21 26610 31772 4501
23 26422 31771 4502
21 26396 31773 4509
22 26267 31773 4474
22 26201 31774 4488
22 26241 31774 4467
22 26160 31773 4482
22 26264 31773 4465
23 26298 31774 4482
21 26358 31774 4447
22 26404 31772 4502
22 26409 31774 4503
22 26324 31773 4502
22 26291 31773 4501
22 26305 31773 4520
21 26211 31774 4483
23 26240 31773 4482
21 26206 31770 4481
23 26231 31772 4470
21 26237 31773 4453
22 26263 31772 4485
22 26129 31773 4502
22 26284 31769 4503
22 26189 31775 4485
22 26182 31777 4484
21 26132 31775 4502
23 26206 31772 4475
21 26328 31777 4465
23 26411 31775 4490
21 26675 31775 4464
22 26917 31774 4453
22 27050 31775 4447
22 27063 31775 4502
22 26963 31774 4504
22 26835 31777 4484
21 26575 31774 4490
23 26480 31777 4467
21 26382 31772 4488
23 26327 31775 4489
21 26306 31773 4493
22 26316 31772 4482
22 26400 31774 4453
22 26398 31771 4472
22 26460 31775 4468
22 26421 31771 4466
21 26484 31772 4502
23 26523 31773 4501
22 26411 31775 4503
22 26312 31773 4464
22 26320 31775 4466
22 26217 31772 4470
22 26234 31774 4471
21 26226 31773 4471
23 26199 31773 4465
21 26192 31772 4484
23 26207 31773 4485
21 26237 31771 4483
22 26224 31774 4502
22 26258 31773 4484
22 26231 31771 4480
22 26223 31770 4465
22 26297 31772 4491
21 26312 31773 4456
23 26502 31773 4474
21 26741 31770 4483
23 26897 31775 4483
21 27029 31772 4467
22 26967 31774 4485
22 26862 31773 4509
22 26725 31774 4485
22 26496 31773 4516
22 26424 31773 4491
21 26274 31772 4500
23 26254 31772 4457
21 26219 31774 4489
23 26287 31773 4466
21 26332 31773 4501
22 26337 31774 4505
22 26454 31774 4503
22 26453 31772 4517
22 26490 31773 4502
22 26448 31771 4490
21 26424 31773 4502
23 26380 31774 4471
22 26315 31771 4469
22 26313 31771 4455
22 26281 31772 4466
22 26167 31772 4502
22 26279 31774 4502
21 26190 31773 4520
23 26201 31774 4500
21 26314 31775 4502
23 26259 31773 4505
21 26215 31773 4501
22 26250 31774 4467
22 26285 31774 4487
22 26513 31775 4485
22 26699 31775 4465
22 26882 31774 4484
21 26981 31774 4485
23 26894 31776 4502
21 26820 31772 4502
23 26665 31771 4484
21 26522 31772 4482
22 26406 31773 4483
22 26327 31774 4472
22 26261 31773 4490
22 26204 31773 4460
22 26309 31772 4483
21 26349 31774 4486
23 26401 31774 4503
21 26483 31773 4502
23 26502 31772 4502
21 26444 31775 4520
22 26465 31771 4498
22 26434 31774 4478
22 26343 31775 4471
22 26335 31775 4488
22 26333 31775 4482
22 26270 31773 4447
22 26292 31773 4484
22 26289 31774 4486
22 26272 31776 4467
22 26274 31774 4501
21 26228 31773 4502
23 26230 31774 4501
21 26238 31776 4482
23 26173 31773 4493
21 26214 31775 4490
23 26336 31774 4501
21 26297 31773 4463
22 26313 31773 4502
22 26413 31775 4486
22 26626 31772 4485
22 26772 31774 4467
22 26918 31774 4490
21 26981 31774 4486
23 26964 31774 4483
21 26779 31772 4488
23 26655 31770 4500
21 26483 31776 4500
22 26370 31774 4482
22 26324 31775 4468
22 26379 31775 4485
22 26360 31774 4484
22 26379 31771 4484
21 26425 31771 4491
23 26420 31772 4471
21 26518 31770 4472
23 26478 31772 4470
21 26500 31774 4462
22 26464 31772 4455
22 26370 31771 4466
22 26407 31773 4467
23 26363 31770 4485
21 26379 31773 4502
22 26353 31770 4493
22 26294 31774 4483
22 26355 31773 4466
22 26260 31773 4501
22 26284 31768 4471
21 26298 31771 4471
23 26279 31773 4473
21 26331 31770 4447
23 26288 31773 4454
21 26250 31773 4502
23 26242 31772 4503
21 26286 31773 4485
22 26310 31771 4493
22 26463 31774 4501
22 26746 31773 4502
22 26890 31771 4507
22 26995 31774 4500
21 27027 31775 4457
23 26956 31773 4448
21 26786 31772 4467
23 26660 31773 4485
21 26594 31770 4502
22 26418 31774 4504
22 26427 31774 4509
22 26421 31775 4490
22 26382 31770 4502
22 26424 31771 4484
21 26474 31769 4501
23 26506 31773 4470
21 26525 31770 4447
23 26555 31775 4484
21 26578 31774 4502
22 26566 31773 4466
22 26500 31773 4484
22 26546 31774 4490
23 26499 31773 4501
21 26489 31772 4501
22 26445 31772 4491
22 26465 31769 4454
22 26497 31771 4448
22 26495 31772 4482
22 26551 31772 4466
21 26603 31770 4483
23 26569 31771 4503
21 26731 31772 4520
23 26681 31772 4487
21 26670 31772 4495
22 26568 31772 4491
22 26754 31773 4470
22 26972 31771 4501
22 27141 31773 4464
22 27251 31773 4473
22 27177 31774 4484
22 27068 31771 4503
21 26911 31773 4486
23 26682 31775 4521
21 26553 31775 4509
23 26354 31774 4488
21 26259 31772 4483
22 26188 31776 4484
22 26285 31775 4501
22 26367 31774 4471
22 26467 31775 4454
22 26604 31777 4484
21 26787 31775 4504
23 26963 31776 4523
21 27023 31774 4522
23 27078 31773 4507
21 27031 31774 4486
22 26768 31775 4482
22 26655 31773 4456
22 26512 31774 4483
23 26377 31775 4453
21 26223 31773 4425
22 26195 31776 4433
22 26256 31775 4452
22 26294 31777 4524
22 26274 31775 4520
22 26263 31771 4506
21 26257 31775 4506
23 26350 31775 4454
21 26652 31775 4474
23 26844 31774 4465
21 27140 31771 4440
22 27275 31774 4452
22 27157 31777 4467
22 27092 31775 4469
22 26845 31776 4505
22 26591 31776 4520
22 26353 31777 4505
22 26216 31777 4505
21 26264 31775 4482
23 26269 31776 4501
21 26319 31776 4501
23 26398 31778 4439
21 26524 31775 4446
22 26657 31776 4432
22 26709 31775 4487
22 26793 31775 4523
22 26733 31776 4521
22 26682 31777 4483
21 26550 31778 4506
23 26500 31778 4478
21 26367 31778 4503
23 26301 31779 4471
21 26228 31778 4471
22 26103 31779 4447
22 26039 31779 4447
22 25982 31780 4486
23 26023 31775 4522
21 26000 31777 4486
22 25931 31777 4520
22 26077 31778 4492
22 26332 31779 4471
22 26646 31774 4483
22 26912 31777 4501
21 27038 31778 4452
23 26999 31777 4455
21 26837 31776 4449
23 26603 31776 4450
21 26376 31775 4486
22 26230 31776 4502
22 26146 31777 4519
22 26105 31775 4490
22 26025 31778 4482
22 26173 31778 4512
21 26143 31779 4481
23 26326 31777 4448
21 26405 31774 4434
23 26433 31778 4433
21 26447 31777 4488
23 26393 31777 4523
21 26306 31778 4521
22 26220 31776 4500
22 26159 31778 4520
22 26096 31778 4487
22 26084 31778 4489
22 26096 31778 4464
21 26095 31777 4464
23 26096 31775 4464
21 26097 31777 4467
23 26075 31778 4488
21 26117 31779 4524
22 26172 31778 4522
23 26451 31779 4495
21 26676 31778 4512
23 26915 31778 4465
21 27011 31777 4456
22 27059 31778 4471
22 26880 31777 4481
22 26714 31778 4447
22 26484 31779 4432
22 26389 31778 4487
21 26242 31779 4541
23 26218 31780 4503
21 26174 31778 4490
23 26225 31779 4494
21 26279 31777 4481
22 26348 31776 4491
22 26323 31775 4466
22 26388 31778 4453
22 26409 31777 4454
22 26345 31774 4431
21 26359 31777 4488
23 26357 31778 4523
21 26357 31778 4487
23 26283 31776 4506
21 26338 31777 4484
22 26436 31778 4465
22 26438 31778 4472
22 26348 31776 4471
22 26323 31778 4448
22 26288 31777 4443
22 26259 31777 4448
22 26432 31779 4466
21 26644 31776 4504
23 26846 31778 4520
21 26978 31773 4520
23 26998 31775 4502
21 26898 31775 4469
22 26668 31778 4495
23 26434 31778 4491
21 26234 31776 4488
23 26203 31777 4462
21 26208 31777 4449
22 26333 31776 4484
22 26380 31777 4503
22 26379 31777 4503
22 26454 31777 4501
22 26356 31777 4520
21 26365 31777 4464
23 26364 31777 4465
21 26327 31779 4471
23 26304 31779 4474
21 26320 31780 4482
22 26316 31777 4484
22 26270 31779 4486
22 26291 31779 4486
22 26219 31776 4503
22 26266 31781 4501
21 26272 31778 4502
23 26237 31776 4498
21 26241 31778 4466
23 26302 31776 4499
21 26504 31778 4500
22 26554 31779 4471
22 26606 31778 4465
22 26716 31778 4502
22 26649 31778 4503
22 26556 31776 4502
22 26475 31779 4485
22 26431 31779 4521
21 26317 31779 4462
23 26272 31778 4483
21 26199 31777 4469
23 26227 31778 4470
21 26224 31778 4463
22 26247 31777 4465
23 26378 31776 4502
21 26357 31777 4504
23 26348 31774 4503
21 26326 31777 4484
22 26273 31777 4502
22 26256 31777 4460
22 26248 31776 4476
22 26273 31778 4451
22 26256 31777 4500
21 26233 31778 4448
23 26254 31780 4484
21 26199 31779 4450
23 26235 31778 4485
21 26169 31778 4520
22 26318 31776 4497
22 26255 31779 4503
22 26349 31777 4481
22 26361 31777 4465
22 26516 31777 4458
21 26623 31774 4488
23 26627 31774 4446
21 26572 31778 4448
23 26483 31777 4468
21 26393 31774 4467
22 26362 31776 4486
22 26335 31778 4520
22 26274 31777 4504
22 26205 31775 4482
22 26209 31774 4488
21 26232 31776 4471
23 26308 31775 4488
21 26331 31774 4466
23 26351 31775 4483
21 26356 31774 4503
23 26332 31774 4469
21 26342 31772 4502
22 26322 31773 4503
23 26324 31776 4503
21 26214 31776 4516
23 26189 31775 4472
21 26159 31774 4483
22 26222 31773 4503
22 26280 31775 4458
22 26294 31777 4448
22 26256 31777 4484
22 26221 31777 4504
21 26244 31774 4483
23 26258 31774 4501
21 26384 31777 4492
23 26563 31774 4499
21 26644 31774 4489
22 26748 31773 4490
22 26713 31776 4466
22 26575 31774 4488
22 26532 31776 4483
22 26445 31776 4467
21 26325 31774 4485
23 26273 31775 4486
21 26328 31775 4503
23 26318 31777 4520
21 26331 31777 4470
22 26275 31775 4472
22 26389 31772 4483
22 26467 31773 4483
22 26426 31775 4454
22 26389 31773 4448
21 26306 31774 4484
23 26358 31774 4504
21 26377 31776 4504
23 26369 31774 4490
21 26313 31774 4483
23 26232 31774 4482
22 26285 31776 4503
21 26289 31775 4489
23 26234 31775 4490
21 26299 31775 4483
23 26244 31774 4454
21 26330 31774 4485
22 26311 31773 4503
22 26334 31777 4484
22 26390 31774 4485
22 26529 31775 4484
22 26605 31775 4500
21 26737 31777 4502
23 26729 31776 4501
21 26690 31776 4459
23 26602 31777 4455
21 26446 31774 4464
22 26377 31777 4449
22 26365 31774 4505
22 26322 31776 4469
22 26340 31776 4502
22 26334 31777 4484
21 26372 31773 4484
23 26455 31773 4466
21 26397 31775 4465
23 26518 31774 4473
21 26553 31775 4464
22 26504 31774 4453
22 26483 31775 4466
22 26547 31775 4504
22 26542 31776 4503
22 26572 31777 4501
21 26508 31778 4519
23 26538 31776 4464
21 26542 31776 4483
23 26491 31775 4502
21 26489 31775 4490
22 26496 31773 4483
23 26382 31774 4465
21 26361 31775 4449
23 26327 31775 4503
21 26396 31777 4504
23 26376 31776 4520
21 26561 31776 4522
22 26611 31777 4485
22 26737 31778 4482
22 26799 31777 4466
22 26685 31776 4470
22 26607 31777 4466
21 26562 31776 4453
23 26541 31777 4484
21 26521 31777 4468
23 26554 31777 4484
21 26600 31777 4502
22 26589 31777 4518
22 26678 31775 4468
22 26608 31776 4501
22 26610 31776 4500
22 26568 31774 4472
21 26575 31776 4482
23 26372 31776 4453
21 26420 31778 4467
23 26325 31777 4503
21 26299 31776 4503
22 26193 31774 4500
22 26301 31777 4502
22 26309 31774 4487
22 26385 31775 4465
22 26447 31773 4484
21 26440 31774 4472
23 26436 31775 4482
21 26435 31774 4452
23 26303 31776 4482
21 26315 31775 4485
22 26310 31771 4504
23 26271 31773 4520
21 26312 31774 4476
23 26439 31775 4486
21 26684 31775 4483
23 26956 31774 4501
21 27175 31773 4490
