22 26399 13593 14649
24 26521 13578 14651
22 26631 13570 14545
23 26744 13559 14578
23 26858 13549 14535
23 26983 13540 14558
22 27154 13535 14550
24 27270 13525 14558
22 27358 13517 14545
23 27349 13510 14560
24 27346 13502 14570
22 27332 13494 14582
23 27194 13491 14606
23 26993 13489 14581
23 26849 13478 14580
22 26732 13475 14602
24 26639 13467 14690
22 26546 13465 14700
23 26547 13470 14681
23 26542 13479 14663
23 26539 13492 14676
22 26583 13510 14664
24 26648 13536 14678
22 26602 13567 14680
24 26407 13586 14655
23 26255 13612 14656
22 26028 13636 14615
24 25893 13660 14648
22 25884 13681 14650
23 25988 13699 14609
23 26081 13723 14564
23 26208 13740 14560
22 26278 13760 14549
24 26281 13778 14561
22 26296 13791 14553
23 26303 13812 14557
23 26292 13820 14547
23 26271 13835 14555
23 26284 13848 14573
23 26351 13856 14592
23 26432 13867 14588
22 26525 13874 14592
24 26621 13879 14599
22 26636 13890 14599
23 26638 13897 14660
23 26478 13902 14699
23 25878 13903 14675
22 25187 13905 14700
24 24647 13905 14647
22 24357 13900 14692
23 24348 13895 14685
23 24650 13881 14676
23 25276 13861 14654
23 26080 13834 14626
23 26798 13800 14648
23 27300 13772 14645
23 27501 13729 14654
23 27538 13695 14659
22 27370 13666 14545
24 27209 13638 14544
22 27034 13615 14552
23 26972 13595 14550
23 27064 13582 14555
23 27157 13564 14547
22 27128 13548 14569
24 27010 13538 14560
23 26853 13531 14591
22 26746 13520 14577
24 26770 13504 14576
22 26794 13493 14601
23 26839 13479 14580
23 26900 13462 14610
23 26969 13442 14680
22 26989 13425 14690
24 26928 13414 14694
22 26865 13402 14697
23 26818 13389 14697
23 26719 13388 14678
23 26607 13374 14674
22 26556 13378 14699
24 26506 13369 14645
23 26450 13365 14643
22 26403 13359 14643
24 26421 13352 14643
22 26400 13348 14650
23 26411 13345 14633
23 26428 13347 14549
23 26449 13352 14560
23 26464 13349 14558
23 26475 13353 14571
22 26445 13353 14549
24 26337 13363 14560
22 26270 13375 14541
23 26216 13391 14539
24 26213 13407 14579
22 26273 13426 14589
23 26342 13444 14599
23 26400 13470 14595
23 26461 13488 14609
22 26536 13516 14595
24 26598 13539 14684
22 26635 13562 14690
23 26708 13587 14660
23 26797 13608 14697
23 26892 13629 14686
22 26959 13650 14681
24 26968 13672 14680
23 26947 13690 14647
22 26850 13712 14668
24 26777 13724 14644
22 26741 13739 14637
23 26681 13746 14671
23 26641 13754 14672
23 26588 13758 14551
22 26498 13770 14548
24 26471 13764 14542
22 26476 13767 14543
23 26435 13763 14543
23 26410 13749 14560
23 26412 13744 14548
23 26426 13724 14546
23 26440 13708 14605
23 26487 13693 14594
23 26510 13675 14609
23 26506 13652 14612
22 26502 13631 14577
24 26532 13613 14597
22 26555 13597 14598
23 26590 13578 14686
23 26681 13567 14678
23 26850 13560 14687
22 27159 13545 14687
24 27459 13532 14675
22 27467 13517 14695
23 27384 13501 14658
24 27283 13480 14648
22 27170 13455 14649
23 27031 13431 14650
23 26891 13403 14674
23 26754 13375 14653
22 26611 13349 14650
24 26490 13319 14547
22 26297 13261 14541
23 26093 13203 14549
23 25885 13127 14548
23 25793 13042 14566
22 25794 12951 14569
24 25849 12846 14548
22 25948 12734 14549
23 25996 12622 14571
24 25901 12511 14596
22 25782 12406 14589
24 25792 12295 14604
22 25792 12189 14589
23 25745 12097 14596
23 25794 12003 14696
23 25941 11921 14689
22 26061 11844 14655
24 26128 11775 14700
22 26165 11708 14691
23 26201 11652 14693
23 26231 11603 14673
23 26272 11559 14667
23 26377 11530 14653
23 26478 11498 14638
23 26590 11481 14652
22 26731 11466 14636
24 26825 11455 14647
22 26891 11455 14648
23 26872 11457 14556
23 26811 11458 14552
23 26749 11463 14546
22 26626 11467 14559
24 26527 11483 14562
22 26424 11497 14534
23 26347 11513 14559
24 26328 11530 14545
22 26345 11547 14548
23 26373 11563 14589
23 26390 11578 14595
23 26445 11588 14604
22 26480 11596 14570
24 26496 11608 14582
22 26529 11614 14701
24 26561 11616 14693
22 26600 11624 14679
23 26672 11640 14682
23 26731 11653 14677
23 26785 11666 14691
22 26904 11680 14652
24 27071 11692 14696
23 27275 11710 14632
22 27381 11726 14649
24 27490 11736 14648
22 27584 11751 14629
23 27641 11751 14647
23 27641 11756 14632
23 27551 11761 14552
22 27424 11759 14552
24 27229 11748 14553
22 27190 11737 14562
23 26950 11722 14542
23 26401 11703 14549
23 25864 11683 14551
23 25534 11670 14552
23 24981 11664 14595
23 24708 11660 14586
22 24607 11680 14603
24 24653 11704 14575
22 24756 11738 14592
23 24840 11780 14590
23 24959 11824 14572
23 25083 11875 14682
22 25174 11922 14666
24 25226 11974 14674
22 25257 12036 14693
24 25255 12078 14665
23 25292 12124 14695
22 25337 12162 14671
24 25313 12198 14657
22 25255 12232 14651
23 25197 12260 14610
23 25199 12284 14647
23 25197 12306 14642
22 25295 12326 14646
24 25365 12343 14542
22 25479 12355 14566
23 25680 12362 14553
23 25850 12368 14534
23 26024 12372 14548
22 26147 12384 14530
24 26162 12385 14542
23 26077 12390 14553
22 25975 12399 14595
24 25904 12406 14590
22 25813 12414 14568
23 25733 12423 14600
23 25726 12428 14599
23 25749 12422 14590
22 25785 12421 14686
24 25785 12417 14680
22 25832 12412 14671
23 25888 12411 14695
23 25961 12410 14680
23 26040 12407 14677
23 26115 12404 14653
23 26184 12400 14682
23 26220 12406 14647
23 26248 12400 14649
23 26280 12399 14666
22 26320 12404 14613
24 26362 12406 14650
22 26429 12409 14652
23 26490 12416 14532
23 26644 12424 14546
23 26782 12434 14543
22 26845 12442 14547
24 26933 12450 14547
22 27033 12466 14548
23 27059 12480 14550
24 27034 12494 14539
22 26947 12509 14590
23 26803 12532 14561
23 26639 12545 14588
23 26522 12558 14603
22 26449 12574 14596
24 26423 12589 14603
22 26513 12600 14689
23 26562 12607 14678
23 26631 12633 14679
23 26659 12634 14662
22 26684 12653 14698
24 26680 12664 14684
23 26636 12673 14681
22 26616 12682 14699
24 26589 12683 14632
22 26531 12686 14663
23 26537 12684 14621
23 26637 12681 14648
23 26744 12682 14666
23 26834 12673 14650
23 26961 12672 14543
22 27065 12664 14554
24 27068 12662 14554
22 27050 12656 14537
23 27020 12654 14532
24 26931 12660 14567
22 26837 12664 14551
23 26738 12668 14559
23 26703 12681 14586
23 26634 12693 14599
22 26629 12706 14587
24 26616 12712 14594
22 26627 12724 14600
23 26670 12733 14662
23 26775 12736 14699
23 26873 12746 14689
22 26916 12755 14673
24 26945 12768 14677
22 26968 12773 14697
23 26970 12779 14700
24 27012 12790 14681
22 27014 12794 14621
23 26991 12795 14652
23 26969 12794 14645
23 27002 12790 14653
22 27026 12783 14666
24 27082 12777 14640
22 27096 12765 14551
23 27084 12762 14540
23 27021 12753 14550
23 26979 12745 14538
23 26904 12732 14560
23 26831 12724 14555
23 26768 12716 14566
23 26738 12708 14563
23 26705 12699 14588
22 26654 12687 14582
24 26650 12680 14607
22 26648 12672 14587
23 26624 12661 14606
23 26617 12661 14596
23 26629 12660 14684
22 26567 12653 14690
24 26475 12657 14665
22 26388 12666 14669
23 26324 12680 14660
23 26263 12702 14684
23 26271 12729 14681
23 26285 12761 14675
23 26298 12792 14667
23 26314 12827 14648
22 26393 12864 14651
24 26440 12901 14650
22 26519 12932 14634
23 26650 12969 14666
23 26782 13000 14528
23 26813 13034 14556
22 26847 13065 14570
24 26827 13093 14548
22 26714 13122 14546
23 26598 13150 14544
24 26567 13176 14539
22 26517 13201 14553
24 26493 13215 14558
22 26487 13229 14588
23 26516 13235 14594
23 26521 13242 14628
23 26519 13237 14597
22 26525 13236 14578
24 26527 13224 14671
22 26505 13216 14665
23 26497 13204 14672
23 26468 13194 14683
23 26398 13187 14680
22 26307 13165 14682
24 26222 13148 14664
23 26178 13130 14693
22 26210 13115 14630
24 26259 13094 14647
22 26273 13076 14655
23 26286 13059 14653
23 26319 13038 14646
23 26293 13021 14667
22 26320 13003 14522
24 26405 12984 14539
22 26515 12961 14549
23 26623 12941 14548
23 26705 12922 14551
23 26755 12904 14557
23 26791 12888 14543
23 26743 12870 14550
23 26691 12857 14595
22 26629 12840 14590
24 26565 12825 14600
22 26513 12813 14605
24 26486 12800 14599
22 26495 12782 14609
23 26501 12770 14591
23 26526 12754 14694
23 26541 12741 14697
22 26538 12726 14678
24 26546 12713 14700
23 26557 12702 14684
22 26527 12688 14665
24 26505 12688 14696
22 26518 12687 14599
23 26524 12680 14655
23 26521 12675 14645
23 26510 12677 14649
22 26517 12682 14625
24 26491 12678 14649
22 26517 12681 14535
23 26537 12674 14548
23 26543 12674 14548
23 26548 12669 14563
22 26569 12673 14553
24 26618 12671 14547
23 26685 12665 14539
22 26738 12669 14536
24 26780 12660 14604
22 26733 12659 14600
23 26695 12660 14602
23 26646 12662 14579
23 26622 12663 14589
22 26607 12666 14568
24 26614 12667 14677
22 26610 12673 14696
24 26573 12670 14682
22 26590 12677 14682
23 26596 12680 14677
24 26540 12679 14666
22 26516 12681 14693
23 26461 12680 14646
23 26377 12679 14651
23 26304 12679 14638
22 26277 12682 14643
24 26237 12685 14648
22 26234 12677 14654
23 26255 12683 14645
23 26269 12683 14545
23 26295 12683 14562
22 26308 12682 14548
24 26340 12680 14564
23 26389 12682 14560
22 26467 12682 14550
24 26603 12683 14558
22 26760 12682 14565
23 26888 12684 14577
23 26997 12691 14604
23 27038 12685 14553
22 27000 12688 14594
24 26976 12679 14577
22 26902 12682 14593
23 26812 12673 14702
23 26740 12671 14682
23 26712 12663 14684
22 26771 12657 14656
24 26793 12647 14697
23 26771 12638 14696
23 26687 12605 14666
23 26581 12581 14699
22 26484 12556 14667
24 26407 12532 14649
22 26368 12506 14651
23 26384 12478 14606
23 26466 12460 14652
23 26565 12448 14636
22 26633 12447 14548
24 26688 12443 14562
22 26717 12454 14552
23 26709 12464 14557
24 26716 12489 14545
22 26727 12508 14541
23 26745 12536 14542
23 26712 12562 14546
23 26632 12588 14608
22 26557 12618 14570
24 26524 12638 14596
22 26548 12659 14584
23 26551 12677 14603
23 26524 12693 14605
23 26490 12694 14681
22 26501 12706 14673
24 26392 12711 14695
22 26201 12714 14672
23 26025 12712 14679
24 25853 12701 14689
22 25712 12686 14699
23 25662 12662 14657
23 25698 12640 14652
23 25791 12613 14651
23 25887 12580 14650
23 26032 12545 14666
22 26118 12503 14643
24 26143 12465 14655
22 26167 12433 14547
23 26211 12405 14542
23 26278 12379 14552
23 26331 12361 14541
23 26389 12350 14552
23 26411 12347 14557
23 26396 12351 14557
22 26391 12354 14580
24 26338 12357 14563
22 26305 12370 14598
23 26365 12376 14561
23 26520 12386 14595
23 26685 12399 14607
22 26828 12411 14655
24 26960 12423 14701
22 26984 12442 14674
23 26918 12458 14698
24 26899 12473 14667
22 26832 12476 14662
23 26746 12488 14685
23 26686 12497 14682
23 26617 12504 14646
22 26595 12513 14643
24 26550 12519 14660
22 26605 12518 14650
23 26654 12529 14606
23 26700 12529 14656
23 26739 12541 14548
23 26726 12545 14551
23 26764 12555 14543
22 26746 12559 14557
24 26796 12564 14558
23 26793 12566 14549
22 26749 12578 14531
24 26710 12586 14564
22 26650 12588 14533
23 26614 12590 14590
23 26630 12593 14593
23 26647 12603 14598
22 26690 12592 14606
24 26718 12588 14595
22 26741 12584 14699
23 26736 12579 14646
23 26684 12573 14677
23 26689 12570 14666
23 26716 12564 14672
23 26756 12560 14682
23 26742 12557 14701
22 26735 12563 14679
24 26653 12565 14645
22 26541 12560 14627
23 26433 12566 14650
23 26375 12571 14645
23 26349 12580 14668
22 26402 12589 14672
24 26432 12600 14513
22 26438 12613 14553
23 26378 12624 14548
23 26373 12629 14553
23 26327 12640 14548
24 26319 12641 14551
22 26297 12646 14550
23 26357 12646 14556
23 26492 12651 14594
23 26631 12651 14585
22 26737 12648 14586
24 26720 12649 14598
22 26618 12651 14584
23 26581 12650 14586
23 26592 12644 14568
23 26710 12637 14677
22 26854 12628 14688
24 26930 12624 14664
23 26934 12613 14701
22 26849 12610 14681
24 26787 12603 14699
22 26726 12594 14680
23 26730 12591 14602
23 26791 12585 14646
23 26890 12581 14643
22 26935 12582 14654
24 26963 12583 14652
22 27010 12580 14624
23 27025 12585 14553
23 27045 12576 14548
23 27080 12573 14562
22 27077 12566 14553
24 26845 12565 14551
23 26473 12559 14541
22 25964 12563 14539
24 25452 12570 14547
22 25164 12580 14591
24 25025 12581 14603
22 25046 12594 14603
23 25159 12608 14605
23 25340 12626 14604
23 25546 12642 14601
22 25682 12655 14656
24 25841 12673 14691
22 26029 12681 14651
23 26214 12690 14702
24 26378 12701 14682
22 26533 12703 14688
23 26660 12712 14692
23 26762 12714 14685
23 26817 12719 14644
22 26864 12727 14603
24 26861 12730 14652
22 26874 12741 14653
23 26882 12752 14663
23 26884 12763 14651
23 26865 12774 14540
22 26850 12780 14547
24 26898 12787 14543
23 26898 12786 14536
22 26899 12792 14535
24 26889 12789 14539
22 26837 12788 14543
23 26881 12788 14546
23 26945 12781 14546
23 27000 12778 14595
22 27039 12767 14592
24 27036 12763 14590
22 27021 12753 14581
24 26925 12741 14603
22 26876 12724 14701
23 26793 12714 14678
24 26698 12703 14703
22 26606 12694 14683
23 26479 12688 14658
23 26338 12687 14674
23 26234 12678 14667
22 26174 12672 14666
24 26196 12675 14648
22 26216 12677 14648
23 26313 12680 14654
23 26419 12683 14632
23 26512 12681 14651
22 26621 12682 14611
24 26684 12679 14536
22 26746 12668 14564
23 26851 12657 14549
24 27072 12646 14555
22 27521 12637 14561
23 28017 12631 14564
23 29096 12621 14540
23 29156 12593 14525
22 28621 12538 14605
24 27938 12437 14596
22 27397 12299 14591
23 26992 12127 14584
23 26691 11930 14582
23 26398 11715 14589
22 26210 11495 14652
24 26170 11267 14702
23 26254 11056 14703
23 26370 10837 14695
23 26483 10636 14675
22 26540 10447 14674
24 26585 10275 14663
22 26605 10113 14676
23 26562 9967 14650
22 26577 9842 14649
22 26613 9723 14654
21 26642 9622 14658
23 26631 9530 14635
21 26591 9447 14647
22 26599 9377 14547
22 26602 9312 14554
22 26639 9252 14545
21 26667 9202 14544
23 26728 9157 14553
21 26827 9113 14567
22 26899 9080 14570
21 26906 9047 14530
23 26866 9020 14579
21 26738 8996 14591
22 26570 8975 14569
22 26371 8955 14567
22 26155 8939 14585
21 25966 8924 14590
23 25820 8908 14565
21 25730 8899 14682
22 25675 8891 14683
23 25682 8884 14674
21 25745 8875 14659
22 25834 8872 14689
22 25893 8866 14675
22 25900 8860 14631
21 25890 8860 14690
23 25870 8858 14654
21 25831 8855 14647
22 25885 8856 14667
22 26004 8862 14650
22 26060 8846 14647
21 26159 8834 14646
23 26249 8825 14546
21 26264 8794 14543
22 26242 8766 14563
22 26260 8736 14539
22 26280 8705 14546
21 26236 8674 14532
23 26218 8645 14553
21 26175 8612 14552
22 26140 8585 14566
22 26128 8552 14593
22 26139 8529 14575
21 26127 8510 14583
23 26135 8491 14567
21 26214 8479 14585
22 26241 8482 14590
22 26297 8486 14652
22 26329 8494 14691
21 26385 8516 14698
23 26424 8534 14689
21 26487 8560 14656
22 26531 8582 14674
22 26533 8605 14670
22 26545 8631 14674
21 26601 8653 14632
23 26729 8668 14643
21 26820 8678 14644
22 26975 8680 14610
22 26973 8689 14648
22 26709 8691 14649
21 26380 8697 14526
23 26238 8705 14535
22 26247 8721 14557
21 26230 8739 14544
23 26252 8762 14549
21 26305 8793 14533
22 26359 8830 14550
22 26421 8869 14532
22 26807 8914 14557
21 27342 8973 14593
23 27957 9028 14597
21 28384 9098 14596
22 28551 9179 14596
21 28469 9266 14562
23 28232 9366 14587
21 27804 9464 14597
22 27309 9568 14684
22 26732 9677 14688
22 26308 9778 14671
21 25953 9881 14683
23 25617 9975 14659
21 25372 10065 14677
23 25257 10154 14669
23 25300 10231 14642
23 25522 10304 14644
22 25798 10371 14630
24 26070 10433 14672
22 26260 10495 14649
24 26388 10537 14648
23 26496 10585 14531
22 26540 10622 14553
24 26597 10655 14539
22 26668 10687 14550
23 26711 10706 14549
23 26763 10726 14547
23 27021 10741 14535
22 27221 10755 14560
24 26770 10768 14590
22 25934 10773 14592
23 25477 10783 14588
23 25464 10789 14578
23 25630 10796 14594
22 25885 10803 14593
24 26103 10796 14697
23 26291 10799 14664
22 26419 10801 14677
24 26469 10817 14673
22 26487 10814 14685
23 26462 10829 14697
23 26432 10835 14672
23 26385 10844 14662
22 26352 10854 14663
24 26332 10862 14611
22 26332 10869 14668
23 26372 10877 14638
23 26361 10885 14647
23 26348 10891 14646
23 26356 10896 14546
23 26360 10898 14550
23 26382 10913 14553
23 26380 10925 14551
23 26406 10947 14563
22 26653 10974 14521
24 26857 11009 14549
22 27035 11050 14554
23 27209 11098 14567
23 27361 11148 14597
23 27403 11195 14577
22 27375 11239 14600
24 27220 11286 14585
23 27060 11337 14600
22 26970 11373 14670
24 26830 11411 14673
22 26743 11447 14676
23 26691 11479 14675
23 26669 11508 14695
23 26711 11535 14693
22 26750 11557 14676
24 26830 11588 14691
22 26897 11610 14647
23 26962 11633 14654
23 26987 11652 14656
23 26945 11672 14636
22 26880 11685 14651
24 26839 11704 14609
23 26788 11717 14555
22 26720 11727 14536
24 26641 11738 14564
22 26613 11751 14548
23 26597 11765 14551
23 26595 11778 14551
23 26593 11793 14559
23 26536 11804 14554
23 26492 11819 14593
22 26471 11831 14600
24 26446 11844 14592
22 26366 11852 14596
23 26293 11855 14581
24 26330 11860 14599
22 26406 11857 14677
23 26519 11852 14682
23 26600 11849 14673
23 26602 11850 14675
22 26622 11850 14675
24 26632 11855 14675
22 26644 11859 14670
23 26613 11864 14666
23 26669 11876 14650
23 26768 11878 14658
22 26405 11877 14647
24 25865 11872 14649
22 25638 11854 14643
23 25723 11836 14643
24 26040 11818 14554
22 26608 11788 14535
23 26872 11758 14552
23 26925 11726 14528
23 26940 11702 14553
22 26977 11690 14532
24 26631 11691 14538
22 26301 11706 14561
23 26029 11730 14595
23 26022 11754 14602
23 26205 11777 14608
23 26473 11771 14592
23 26675 11760 14599
23 26816 11739 14600
23 26878 11702 14701
23 26799 11665 14683
22 26690 11615 14671
24 26561 11571 14694
22 26550 11524 14654
23 26575 11467 14665
23 26637 11413 14668
23 26717 11370 14664
22 26782 11313 14654
24 26951 11267 14641
22 27030 11218 14665
23 26908 11172 14639
24 26684 11129 14663
22 26471 11089 14633
23 26309 11052 14553
23 26290 11027 14549
23 26332 10983 14559
22 26411 10954 14551
24 26527 10932 14560
22 26636 10916 14547
23 26708 10903 14561
23 26748 10897 14566
23 26742 10899 14605
22 26748 10908 14571
24 26746 10922 14591
22 26768 10936 14589
23 26775 10961 14577
24 26788 10994 14664
22 26817 11041 14700
24 26818 11080 14676
22 26777 11122 14673
23 26733 11155 14674
23 26666 11188 14695
23 26568 11212 14677
22 26507 11228 14683
24 26494 11240 14651
22 26532 11248 14622
23 26562 11239 14642
23 26633 11231 14614
23 26655 11223 14648
23 26689 11206 14645
23 26668 11190 14556
23 26606 11182 14557
22 26560 11169 14553
24 26520 11157 14556
22 26507 11145 14547
23 26471 11135 14546
23 26389 11130 14548
23 26295 11122 14558
22 26267 11115 14574
24 26328 11105 14595
22 26422 11095 14583
23 26571 11084 14609
24 26747 11074 14567
22 26890 11062 14590
23 26969 11056 14589
23 26972 11045 14695
23 26889 11043 14677
22 26791 11039 14690
24 26740 11035 14694
22 26685 11042 14696
24 26587 11034 14686
22 26559 11037 14691
23 26565 11040 14648
23 26548 11039 14650
23 26501 11041 14645
22 26513 11044 14631
24 26547 11046 14652
23 26610 11055 14630
22 26639 11053 14555
24 26658 11053 14507
22 26637 11060 14543
