22 26635 18226 4297
22 26624 18225 4299
21 26638 18218 4303
23 26670 18226 4299
21 26731 18225 4299
22 26732 18226 4306
22 26713 18225 4300
22 26688 18224 4302
21 26669 18227 4300
23 26620 18227 4296
21 26589 18223 4299
22 26571 18216 4305
22 26559 18212 4302
22 26518 18209 4299
21 26493 18195 4298
23 26492 18199 4304
21 26494 18188 4303
22 26545 18182 4309
22 26684 18173 4303
22 26794 18169 4301
21 26888 18151 4295
23 26909 18140 4301
21 26888 18132 4300
22 26834 18116 4299
22 26748 18101 4293
22 26661 18090 4299
21 26610 18073 4304
23 26553 18061 4299
21 26528 18050 4302
22 26493 18040 4298
22 26466 18023 4301
22 26470 18018 4298
21 26475 18007 4304
23 26513 18002 4299
21 26522 17991 4300
22 26517 17989 4301
23 26471 17982 4299
21 26379 17975 4304
22 26314 17974 4299
22 26315 17966 4299
22 26264 17963 4304
21 26212 17959 4301
22 26186 17963 4300
22 26226 17957 4302
22 26293 17961 4302
21 26363 17954 4298
23 26446 17956 4299
21 26538 17962 4299
22 26647 17962 4300
22 26726 17961 4300
22 26746 17964 4300
21 26713 17971 4302
23 26650 17980 4297
21 26588 17982 4300
22 26502 17984 4299
22 26441 17997 4300
22 26427 18014 4305
21 26385 18031 4294
23 26325 18037 4299
21 26297 18048 4304
22 26285 18089 4295
22 26326 18095 4301
22 26355 18126 4298
21 26375 18167 4305
23 26393 18199 4294
21 26432 18237 4299
22 26441 18277 4297
22 26452 18326 4297
22 26456 18371 4297
21 26454 18414 4301
23 26429 18463 4303
21 26429 18505 4298
22 26423 18542 4299
22 26437 18572 4300
22 26423 18611 4302
21 26418 18638 4301
23 26432 18668 4294
21 26434 18699 4299
22 26436 18730 4306
23 26499 18750 4304
21 26590 18785 4303
22 26657 18808 4301
22 26695 18829 4305
22 26687 18859 4297
21 26654 18875 4299
23 26605 18898 4298
21 26586 18923 4297
22 26553 18935 4299
22 26525 18952 4295
22 26513 18969 4301
21 26490 18986 4305
23 26480 19001 4301
21 26463 19014 4298
22 26461 19020 4293
22 26472 19040 4305
22 26489 19053 4302
21 26508 19064 4300
23 26528 19074 4300
21 26538 19084 4302
22 26532 19092 4300
22 26521 19099 4299
22 26517 19111 4304
21 26518 19125 4298
23 26517 19122 4300
21 26519 19124 4302
22 26516 19144 4299
21 26542 19136 4305
23 26526 19142 4298
21 26528 19154 4302
22 26529 19151 4299
22 26522 19159 4300
22 26534 19158 4302
21 26537 19162 4304
23 26524 19164 4300
21 26522 19166 4298
22 26511 19165 4305
22 26560 19171 4301
22 26636 19170 4299
21 26763 19163 4305
23 26832 19170 4301
22 26866 19167 4304
21 26850 19171 4300
23 26784 19162 4303
21 26747 19161 4305
22 26753 19172 4301
22 26759 19164 4298
22 26754 19156 4300
21 26748 19159 4293
23 26723 19143 4298
21 26723 19145 4298
22 26680 19134 4304
22 26661 19133 4301
22 26650 19126 4299
21 26617 19118 4300
23 26607 19115 4298
21 26603 19105 4300
22 26562 19104 4300
22 26558 19087 4299
22 26547 19087 4293
21 26560 19078 4312
23 26535 19072 4301
21 26507 19063 4298
22 26489 19060 4304
22 26484 19053 4306
22 26479 19045 4300
21 26484 19038 4305
23 26473 19030 4304
21 26492 19032 4301
22 26515 19017 4299
22 26567 19010 4300
22 26628 19008 4301
21 26677 18994 4295
23 26717 18992 4303
21 26731 18983 4299
22 26683 18979 4307
22 26659 18970 4300
22 26609 18964 4301
21 26578 18949 4296
23 26569 18943 4299
21 26547 18937 4299
22 26553 18926 4300
23 26555 18916 4299
21 26583 18907 4301
22 26608 18900 4295
22 26606 18882 4301
22 26602 18883 4299
21 26608 18881 4300
23 26563 18870 4306
21 26543 18860 4305
22 26537 18848 4301
21 26499 18841 4301
23 26508 18835 4300
21 26503 18828 4302
22 26530 18821 4300
22 26514 18813 4302
22 26522 18804 4299
21 26534 18797 4300
23 26532 18792 4299
21 26530 18781 4302
22 26533 18776 4300
22 26536 18768 4302
22 26566 18765 4300
21 26643 18757 4300
23 26690 18752 4303
21 26752 18739 4305
22 26766 18732 4302
22 26753 18730 4298
22 26695 18723 4304
21 26662 18725 4299
23 26624 18716 4296
21 26598 18709 4308
22 26583 18703 4301
22 26545 18701 4298
22 26560 18701 4302
21 26581 18692 4299
23 26604 18691 4299
21 26645 18686 4299
22 26636 18685 4302
22 26646 18682 4300
22 26630 18675 4300
21 26593 18674 4298
23 26558 18671 4300
21 26538 18667 4301
22 26528 18661 4301
23 26538 18659 4299
21 26540 18653 4298
22 26530 18653 4303
22 26544 18645 4309
22 26521 18647 4299
21 26522 18644 4299
23 26531 18642 4307
21 26518 18647 4300
22 26543 18634 4295
22 26569 18630 4300
22 26652 18631 4302
21 26775 18631 4298
23 26842 18626 4300
21 26881 18614 4302
22 26866 18618 4308
22 26805 18617 4294
22 26727 18613 4302
21 26662 18610 4300
23 26641 18609 4294
21 26644 18604 4301
22 26650 18600 4299
22 26669 18597 4306
22 26655 18599 4301
21 26640 18589 4300
23 26643 18591 4301
21 26627 18588 4300
22 26640 18596 4301
22 26616 18586 4298
22 26592 18585 4302
21 26532 18590 4299
22 26479 18583 4304
22 26435 18581 4303
22 26438 18585 4304
21 26452 18582 4299
23 26455 18577 4300
21 26389 18576 4300
22 26374 18575 4295
22 26402 18580 4302
22 26434 18577 4300
21 26396 18575 4301
23 26399 18582 4300
21 26467 18579 4300
22 26607 18581 4302
23 26776 18578 4301
21 26898 18584 4304
22 26938 18586 4298
22 26914 18579 4300
22 26868 18585 4302
21 26807 18590 4302
23 26730 18589 4298
21 26660 18589 4303
22 26640 18588 4296
22 26619 18592 4299
22 26600 18586 4301
21 26569 18588 4300
23 26575 18587 4302
21 26585 18585 4298
22 26601 18584 4301
22 26604 18585 4300
22 26579 18579 4301
21 26554 18588 4300
23 26544 18580 4306
21 26525 18577 4301
22 26536 18573 4309
22 26550 18575 4302
22 26555 18571 4300
21 26555 18567 4303
23 26572 18564 4306
21 26576 18569 4301
22 26585 18559 4307
22 26577 18555 4304
22 26552 18556 4299
21 26565 18552 4297
23 26559 18546 4302
21 26564 18546 4298
22 26613 18544 4300
22 26696 18541 4302
22 26750 18537 4299
21 26788 18544 4306
23 26766 18532 4299
21 26726 18531 4299
22 26685 18526 4301
22 26611 18523 4301
22 26603 18517 4300
21 26586 18509 4299
23 26581 18511 4300
22 26575 18501 4302
21 26587 18494 4300
23 26595 18487 4302
21 26593 18488 4303
22 26597 18487 4301
22 26587 18476 4299
22 26553 18471 4301
21 26554 18469 4293
22 26551 18454 4300
22 26542 18454 4300
22 26559 18460 4302
21 26555 18438 4299
23 26544 18443 4302
21 26533 18431 4301
22 26527 18434 4300
22 26511 18435 4302
22 26521 18439 4300
21 26526 18433 4294
23 26571 18439 4302
21 26685 18440 4301
22 26783 18434 4300
22 26835 18448 4303
22 26842 18446 4303
21 26784 18458 4302
23 26728 18456 4300
21 26667 18457 4302
22 26619 18471 4304
22 26583 18475 4302
22 26553 18475 4301
21 26512 18483 4300
23 26524 18494 4299
21 26514 18496 4300
22 26509 18506 4299
22 26534 18512 4302
22 26538 18519 4301
21 26534 18522 4298
23 26520 18526 4305
21 26497 18519 4294
22 26469 18516 4300
22 26448 18516 4298
22 26429 18516 4299
22 26423 18511 4303
22 26426 18501 4306
22 26436 18498 4300
21 26449 18509 4306
23 26469 18510 4306
21 26494 18513 4298
22 26542 18505 4299
22 26608 18515 4304
22 26685 18523 4301
21 26775 18523 4300
23 26804 18533 4300
21 26776 18543 4303
22 26733 18549 4302
22 26646 18556 4299
22 26585 18564 4301
21 26563 18581 4306
23 26601 18584 4295
21 26633 18596 4298
22 26635 18612 4299
22 26631 18616 4300
22 26618 18627 4301
21 26595 18644 4301
23 26570 18657 4301
21 26521 18668 4302
22 26486 18680 4298
22 26488 18687 4299
22 26433 18705 4304
21 26397 18720 4300
23 26354 18726 4300
21 26361 18737 4303
22 26413 18751 4299
21 26453 18755 4299
23 26472 18767 4300
21 26473 18784 4303
22 26457 18792 4303
22 26457 18800 4294
22 26416 18812 4301
21 26396 18813 4295
23 26410 18828 4303
21 26474 18834 4300
22 26554 18844 4304
23 26630 18848 4301
21 26652 18854 4303
22 26648 18858 4299
22 26641 18863 4301
22 26615 18865 4307
21 26580 18873 4298
23 26565 18872 4294
21 26538 18878 4306
22 26516 18873 4297
22 26507 18888 4300
22 26523 18891 4296
21 26532 18894 4303
23 26548 18899 4300
21 26584 18899 4301
22 26583 18898 4303
22 26590 18897 4301
22 26592 18903 4301
21 26565 18898 4303
23 26576 18902 4300
21 26613 18903 4299
22 26646 18910 4302
22 26630 18906 4298
22 26624 18904 4302
21 26614 18902 4303
23 26610 18893 4301
21 26604 18900 4301
22 26599 18898 4303
22 26592 18900 4306
22 26594 18901 4303
21 26605 18893 4309
23 26640 18893 4302
21 26683 18892 4301
22 26727 18888 4299
22 26741 18885 4297
22 26725 18886 4302
21 26676 18881 4297
23 26596 18870 4305
21 26537 18870 4299
22 26497 18871 4305
22 26504 18867 4301
22 26529 18858 4300
21 26513 18859 4300
23 26459 18858 4301
22 26419 18852 4303
21 26370 18848 4300
23 26340 18847 4293
21 26356 18840 4301
22 26379 18836 4300
22 26394 18830 4300
22 26445 18808 4305
21 26470 18812 4300
23 26507 18790 4300
21 26483 18778 4308
22 26486 18770 4302
21 26483 18749 4301
23 26481 18739 4301
21 26485 18719 4303
22 26510 18699 4302
22 26528 18671 4293
22 26537 18657 4299
21 26519 18638 4301
23 26591 18618 4301
21 26657 18594 4303
22 26741 18567 4301
22 26803 18543 4302
22 26846 18519 4297
21 26843 18497 4303
23 26824 18472 4301
21 26778 18443 4306
22 26743 18423 4300
22 26703 18395 4294
22 26652 18368 4300
21 26603 18350 4301
23 26582 18322 4301
21 26616 18295 4302
22 26662 18272 4302
22 26666 18260 4301
22 26675 18242 4298
21 26627 18225 4300
23 26575 18213 4296
21 26558 18201 4301
22 26514 18188 4301
22 26496 18176 4299
22 26484 18168 4300
21 26487 18158 4301
23 26502 18143 4298
22 26504 18136 4300
21 26551 18130 4300
23 26562 18119 4299
21 26557 18114 4298
22 26563 18101 4306
22 26559 18100 4308
22 26555 18090 4298
21 26561 18080 4304
23 26632 18072 4301
21 26788 18065 4301
22 26929 18054 4300
22 26982 18044 4295
22 26931 18037 4301
21 26754 18030 4301
23 26533 18023 4300
21 26355 18014 4300
22 26223 18012 4308
22 26151 18003 4300
22 26136 18002 4303
21 26144 17994 4299
23 26169 17988 4295
21 26257 17981 4302
22 26349 17971 4300
22 26410 17965 4300
22 26483 17967 4303
21 26542 17967 4301
23 26620 17968 4299
21 26683 17974 4302
22 26766 17992 4302
22 26871 17996 4300
22 26931 18005 4305
21 27014 18021 4299
22 27135 18028 4303
22 27302 18045 4300
22 27414 18065 4306
21 27443 18087 4301
23 27423 18105 4302
21 27330 18132 4300
22 27225 18156 4300
22 27154 18176 4301
22 27148 18193 4300
21 27155 18216 4295
23 27162 18226 4298
22 27101 18240 4298
21 27027 18240 4303
23 26934 18261 4302
21 26872 18273 4303
22 26813 18286 4301
22 26760 18289 4302
22 26702 18299 4302
21 26641 18312 4298
23 26645 18315 4300
21 26621 18317 4303
22 26606 18322 4301
22 26581 18325 4303
22 26570 18321 4303
21 26549 18323 4302
23 26565 18324 4303
21 26498 18315 4300
22 26361 18313 4302
22 26248 18306 4299
22 26190 18289 4303
21 26182 18283 4302
23 26248 18270 4299
21 26394 18253 4302
22 26543 18243 4300
22 26646 18221 4303
22 26708 18213 4300
21 26687 18198 4302
23 26669 18182 4306
21 26678 18167 4301
22 26724 18154 4302
22 26794 18136 4302
22 26795 18130 4297
21 26777 18119 4299
23 26707 18109 4299
21 26655 18101 4299
22 26621 18089 4301
22 26577 18085 4304
22 26561 18078 4302
21 26553 18075 4305
23 26578 18067 4305
21 26597 18074 4301
22 26633 18075 4298
23 26637 18077 4300
21 26630 18081 4301
22 26616 18089 4301
22 26605 18100 4293
22 26587 18110 4302
21 26595 18118 4300
23 26603 18128 4294
21 26593 18135 4305
22 26588 18156 4300
22 26596 18157 4300
22 26586 18168 4303
21 26588 18185 4301
22 26640 18183 4296
22 26718 18197 4299
22 26790 18210 4299
21 26856 18222 4299
23 26850 18221 4301
21 26815 18235 4298
22 26742 18246 4300
22 26689 18242 4298
22 26651 18254 4302
21 26612 18243 4297
23 26604 18251 4299
21 26597 18250 4300
22 26608 18252 4304
22 26634 18252 4302
22 26680 18256 4306
21 26702 18267 4301
23 26689 18258 4300
21 26686 18264 4303
22 26648 18280 4300
22 26620 18275 4301
22 26598 18271 4302
21 26569 18278 4301
23 26553 18286 4300
21 26564 18286 4300
22 26560 18288 4301
22 26576 18288 4301
22 26588 18299 4301
21 26640 18311 4301
23 26740 18320 4297
22 26814 18325 4300
21 26839 18336 4303
23 26816 18337 4298
21 26769 18349 4302
22 26701 18358 4302
22 26653 18361 4302
22 26641 18373 4301
21 26631 18380 4299
23 26600 18383 4305
21 26600 18387 4299
22 26588 18378 4299
22 26585 18389 4304
22 26598 18392 4297
21 26629 18392 4295
23 26631 18396 4299
21 26636 18407 4301
22 26627 18406 4299
22 26593 18395 4298
22 26588 18393 4298
21 26584 18400 4301
23 26578 18390 4293
21 26570 18378 4292
22 26541 18372 4299
22 26530 18357 4302
22 26519 18358 4298
21 26555 18343 4301
23 26581 18332 4295
21 26672 18317 4305
22 26736 18304 4303
22 26766 18305 4300
22 26766 18299 4304
21 26710 18303 4302
23 26642 18289 4298
21 26570 18290 4305
22 26541 18287 4299
21 26533 18289 4300
23 26518 18300 4301
21 26452 18315 4302
22 26365 18327 4301
22 26307 18332 4299
22 26234 18341 4300
21 26146 18336 4305
23 26084 18348 4302
22 26079 18350 4302
21 26119 18348 4300
23 26157 18353 4301
21 26216 18358 4300
22 26274 18356 4301
22 26298 18355 4301
22 26336 18355 4298
21 26352 18359 4299
23 26304 18349 4297
21 26236 18345 4302
22 26207 18335 4300
22 26138 18327 4301
22 26154 18307 4301
21 26202 18299 4294
23 26307 18274 4300
21 26586 18254 4295
22 26936 18236 4299
22 27206 18207 4304
22 27338 18191 4302
21 27514 18167 4300
23 27727 18144 4299
21 27806 18119 4300
22 27703 18107 4297
22 27426 18090 4301
22 27074 18073 4297
21 26796 18061 4304
23 26547 18051 4297
21 26433 18043 4303
22 26357 18048 4303
22 26166 18047 4305
22 25767 18060 4297
21 25165 18073 4300
23 24685 18078 4306
21 24579 18092 4299
22 24618 18091 4298
22 24786 18111 4296
22 25064 18120 4299
21 25351 18128 4294
23 25566 18137 4300
21 25733 18144 4293
22 25922 18148 4303
23 26062 18149 4299
21 26253 18155 4301
22 26617 18151 4300
22 27126 18153 4300
22 27586 18151 4302
21 26795 18141 4300
23 26319 18129 4304
21 26106 18109 4299
22 26262 18079 4299
22 26731 18047 4299
22 27411 18012 4302
21 28135 17982 4299
23 28935 17943 4299
21 29335 17924 4303
22 28860 17913 4299
21 27934 17899 4300
23 26981 17890 4292
21 26210 17896 4301
22 25603 17902 4299
22 25111 17908 4300
22 24889 17914 4305
21 24894 17922 4299
23 25132 17938 4297
21 25560 17951 4299
22 25979 17968 4294
22 26285 17980 4300
22 26421 18001 4301
21 26420 18012 4299
23 26466 18033 4301
21 26677 18045 4304
22 26832 18052 4294
22 26932 18056 4300
22 26554 18063 4306
21 26534 18073 4300
23 26579 18076 4304
21 26679 18077 4298
22 26831 18072 4299
22 26891 18089 4298
22 26746 18090 4299
21 26570 18107 4297
23 26439 18125 4299
21 26288 18146 4299
22 26120 18165 4300
23 25974 18191 4298
21 25978 18217 4299
22 26022 18249 4294
22 26151 18276 4299
22 26273 18319 4299
21 26370 18350 4302
23 26444 18390 4302
21 26711 18416 4301
22 26992 18445 4308
22 25805 18461 4304
22 25199 18470 4299
21 25141 18465 4300
23 25330 18463 4308
21 25647 18449 4297
22 26056 18434 4298
22 26418 18428 4304
22 26685 18416 4299
21 26814 18409 4299
23 26749 18408 4296
21 26586 18404 4297
22 26388 18410 4298
22 26242 18414 4300
22 26168 18417 4301
21 26183 18420 4297
23 26233 18431 4301
21 26229 18436 4297
22 26229 18446 4300
22 26272 18459 4300
22 26261 18486 4300
21 26203 18517 4299
23 26200 18544 4299
21 26876 18573 4302
22 27314 18598 4299
22 27566 18601 4296
22 27569 18602 4302
21 27332 18602 4300
22 26956 18577 4298
22 26708 18557 4299
22 26653 18544 4301
21 26669 18524 4300
23 26522 18521 4299
21 26330 18513 4295
22 26144 18519 4299
23 26156 18531 4300
21 26259 18552 4302
22 26388 18575 4296
22 26485 18600 4299
22 26537 18625 4298
21 26522 18650 4299
23 26519 18668 4300
21 26618 18674 4304
22 26771 18671 4305
22 26904 18665 4292
22 26968 18646 4299
21 26912 18630 4301
23 26823 18606 4298
21 26766 18567 4302
22 26614 18530 4297
22 26520 18504 4297
22 26605 18472 4300
21 27331 18431 4297
23 27015 18406 4299
21 26405 18387 4293
22 25889 18365 4294
22 25928 18355 4299
22 26066 18334 4297
21 26297 18333 4299
23 26545 18318 4300
21 26741 18316 4295
22 26832 18312 4303
22 26832 18300 4297
22 26762 18299 4299
21 26679 18293 4301
23 26642 18291 4303
21 26634 18295 4299
22 26614 18288 4299
22 26599 18271 4307
22 26614 18277 4297
21 26679 18269 4293
23 26708 18256 4294
21 26731 18260 4299
22 26683 18256 4299
22 26711 18254 4302
22 26846 18252 4298
22 26853 18244 4300
22 26791 18229 4293
22 26677 18211 4298
21 26576 18188 4298
23 26542 18160 4293
21 26467 18143 4299
22 26424 18130 4297
22 26374 18111 4296
22 26301 18090 4301
21 26236 18077 4297
23 27034 18062 4299
21 27455 18054 4303
22 27827 18054 4299
22 27915 18030 4299
22 27775 18004 4304
21 27376 17970 4294
22 26498 17924 4296
22 25617 17887 4299
22 25480 17850 4302
21 26176 17820 4295
23 26823 17793 4298
21 26790 17768 4299
22 26516 17739 4291
22 26399 17719 4300
22 25683 17679 4292
21 25331 17651 4297
23 25364 17601 4297
21 25643 17557 4300
22 26001 17506 4301
22 26371 17452 4298
22 26670 17406 4301
21 26805 17350 4304
23 26791 17301 4297
21 26707 17248 4300
22 26615 17218 4298
22 26553 17173 4300
22 26490 17124 4300
21 26340 17098 4294
23 26126 17045 4298
21 25900 16996 4298
22 25782 16944 4297
23 26034 16866 4296
21 26363 16800 4299
22 26424 16724 4296
22 26683 16659 4297
22 26943 16592 4291
21 27119 16531 4296
23 27124 16457 4299
21 27056 16413 4298
22 26909 16355 4299
22 26736 16312 4298
22 26623 16267 4297
21 26615 16228 4303
23 26634 16171 4303
21 26739 16078 4298
22 26781 15841 4298
22 27715 15465 4300
22 28223 14956 4297
21 27973 14318 4295
23 26878 13594 4297
21 25959 12833 4300
22 25501 12013 4296
22 25437 11196 4293
22 25684 10387 4296
21 26076 9592 4298
22 26403 8861 4299
20 26570 8165 4303
21 26647 7507 4299
20 26645 6881 4297
22 26569 6299 4296
20 26481 5764 4298
21 26419 5258 4301
21 26404 4803 4297
21 26445 4383 4299
20 26494 3999 4294
22 26546 3648 4296
20 26590 3327 4297
21 26612 3040 4296
21 26580 2779 4301
21 26566 2545 4300
20 26574 2330 4298
22 26550 2135 4300
20 26537 1964 4301
21 26595 1816 4298
20 26622 1669 4297
22 26687 1549 4298
20 26720 1435 4300
20 26733 1328 4298
22 26699 1242 4297
20 26671 1166 4298
21 26611 1095 4297
21 26553 1032 4300
21 26468 972 4299
19 26433 922 4297
21 26398 890 4294
19 26385 843 4301
20 26389 811 4303
19 26372 781 4299
21 26366 746 4300
19 26394 726 4298
20 26430 700 4296
20 26475 686 4302
20 26504 665 4297
19 26552 649 4296
20 26575 636 4298
20 26575 620 4298
