22 26714 8090
Delay= 19552
Source file: EDA_withMillis_noAccel_Final.ino
Millis PPG EDA T_Skin
21 26258 8017 14691
22 26279 8019 14597
22 26376 8022 14628
22 26572 8025 14726
21 26738 8029 14706
23 26863 8030 14712
21 26921 8027 14693
22 26888 8034 14696
21 26772 8028 14668
23 26652 8032 14709
21 26538 8029 14711
22 26413 8030 14674
22 26300 8031 14686
22 26191 8031 14695
21 26163 8031 14716
23 26152 8033 14684
21 26179 8034 14711
22 26201 8040 14579
22 26250 8045 14573
22 26313 8051 14574
21 26350 8053 14569
23 26379 8062 14582
21 26379 8075 14554
22 26348 8083 14579
22 26331 8091 14592
22 26303 8101 14585
21 26283 8112 14587
23 26344 8125 14585
21 26476 8118 14564
22 26632 8126 14574
22 26894 8141 14579
22 27044 8128 14657
21 27125 8135 14688
23 27072 8141 14708
21 26982 8146 14700
22 26814 8152 14710
22 26682 8159 14694
22 26523 8160 14710
21 26410 8164 14665
23 26296 8165 14686
21 26250 8162 14706
22 26256 8166 14686
23 26276 8164 14690
21 26310 8164 14704
22 26371 8166 14683
22 26406 8170 14705
22 26449 8186 14577
21 26450 8186 14562
23 26449 8193 14576
21 26405 8202 14557
22 26347 8203 14586
22 26387 8216 14573
22 26520 8233 14582
21 26690 8243 14566
23 26922 8257 14582
21 27056 8274 14594
22 27132 8296 14569
22 27128 8312 14591
22 27001 8326 14581
21 26822 8343 14576
23 26633 8355 14580
21 26537 8367 14717
22 26409 8373 14704
22 26338 8384 14710
22 26274 8392 14711
21 26210 8396 14708
23 26221 8399 14711
21 26256 8403 14696
22 26313 8408 14707
22 26375 8406 14701
22 26385 8406 14685
21 26363 8409 14692
22 26375 8401 14686
22 26366 8398 14708
22 26367 8395 14689
21 26380 8388 14566
23 26473 8385 14592
21 26679 8375 14584
22 26928 8366 14591
22 27139 8360 14562
22 27256 8354 14581
21 27240 8348 14583
23 27132 8340 14568
21 26965 8327 14573
22 26767 8310 14565
23 26620 8298 14586
21 26448 8279 14569
22 26332 8269 14584
22 26266 8260 14588
22 26247 8249 14586
21 26249 8247 14643
23 26326 8248 14700
21 26369 8244 14709
22 26424 8246 14681
22 26459 8267 14690
22 26462 8264 14702
21 26445 8276 14709
23 26384 8286 14717
21 26324 8305 14713
22 26273 8318 14687
22 26270 8337 14690
22 26383 8357 14708
21 26596 8370 14672
23 26871 8387 14686
21 27130 8403 14628
22 27294 8424 14563
22 27335 8439 14560
22 27267 8447 14581
21 27101 8465 14597
23 26888 8473 14579
21 26706 8480 14590
22 26529 8493 14575
22 26401 8504 14574
22 26300 8513 14568
21 26263 8515 14577
23 26236 8523 14579
21 26290 8528 14567
22 26331 8535 14564
22 26367 8539 14593
22 26400 8547 14724
21 26421 8556 14682
23 26377 8560 14685
21 26332 8567 14707
22 26261 8569 14706
22 26244 8579 14701
22 26250 8588 14707
21 26334 8589 14708
23 26530 8595 14708
22 26806 8605 14709
21 27105 8603 14719
23 27317 8609 14713
21 27440 8604 14707
22 27380 8608 14689
22 27224 8603 14696
22 26998 8601 14570
21 26813 8607 14573
22 26623 8594 14576
22 26470 8592 14573
22 26334 8590 14589
21 26259 8582 14574
23 26279 8579 14561
21 26334 8573 14582
22 26408 8572 14582
22 26465 8567 14556
22 26475 8558 14593
21 26480 8553 14575
23 26471 8546 14581
21 26413 8542 14568
22 26354 8529 14705
22 26313 8522 14717
22 26267 8510 14680
21 26249 8507 14718
23 26262 8498 14712
21 26388 8481 14708
22 26577 8471 14703
22 26842 8468 14710
22 27097 8446 14710
21 27268 8436 14681
23 27304 8427 14706
21 27218 8415 14714
22 27047 8403 14694
22 26854 8394 14690
22 26620 8382 14691
21 26388 8379 14572
23 26272 8369 14570
21 26159 8360 14586
22 26114 8349 14559
22 26129 8339 14571
22 26182 8333 14572
22 26238 8331 14583
22 26305 8325 14591
22 26342 8316 14574
21 26371 8314 14585
23 26370 8314 14571
21 26340 8315 14578
22 26293 8306 14579
22 26246 8306 14576
22 26188 8310 14554
21 26190 8296 14712
23 26255 8299 14707
21 26442 8309 14706
22 26670 8302 14711
22 26982 8308 14699
22 27241 8314 14714
21 27381 8321 14670
23 27379 8326 14689
21 27241 8333 14689
22 27086 8343 14701
22 26892 8345 14710
22 26705 8355 14703
21 26512 8362 14704
23 26380 8368 14712
21 26309 8385 14593
22 26317 8390 14582
22 26345 8400 14583
22 26391 8408 14578
21 26462 8415 14574
23 26573 8421 14564
21 26667 8431 14577
22 26792 8447 14564
21 27037 8447 14577
23 27322 8453 14590
21 27494 8457 14582
22 27474 8460 14566
22 27390 8464 14561
22 27306 8471 14584
21 27323 8472 14614
23 27430 8470 14688
21 27540 8470 14654
22 27695 8469 14710
23 27818 8471 14710
21 27895 8467 14697
22 27917 8463 14701
22 27799 8457 14714
22 27565 8452 14701
21 27285 8450 14711
23 26981 8441 14707
21 26737 8432 14711
22 26557 8426 14708
22 26447 8416 14703
22 26329 8401 14685
21 26213 8396 14574
23 26144 8392 14592
21 26152 8365 14580
22 26177 8354 14597
22 26295 8340 14573
22 26434 8327 14574
21 26621 8315 14561
23 27126 8304 14583
21 27876 8288 14575
22 28350 8276 14574
22 28394 8265 14567
22 28165 8256 14595
21 27911 8251 14576
23 27705 8244 14574
21 27533 8236 14582
22 27388 8230 14711
22 27230 8228 14695
22 27072 8228 14704
21 26897 8222 14708
23 26756 8219 14711
21 26649 8212 14674
22 26527 8201 14708
22 26320 8192 14707
22 25972 8186 14684
21 25600 8171 14690
23 25409 8167 14693
21 25343 8164 14689
22 25347 8168 14672
22 25373 8165 14709
22 25337 8168 14602
21 25237 8175 14572
23 25081 8180 14573
22 24922 8192 14584
21 24811 8202 14561
23 24785 8213 14587
21 24850 8226 14593
22 24939 8232 14575
22 25065 8242 14589
22 25197 8254 14583
21 25387 8263 14580
23 25667 8270 14567
21 26043 8274 14576
22 26459 8283 14577
21 26852 8289 14572
23 27138 8290 14582
21 27273 8294 14691
22 27223 8293 14678
22 27054 8301 14684
22 26838 8298 14707
21 26660 8302 14682
23 26493 8299 14665
21 26445 8297 14684
22 26449 8298 14691
22 26481 8300 14684
22 26577 8295 14703
21 26791 8290 14715
23 26916 8286 14700
21 27006 8280 14678
22 27038 8278 14617
22 27044 8269 14584
22 27004 8260 14568
21 26863 8249 14573
23 26680 8248 14581
21 26479 8225 14573
22 26281 8211 14594
22 26106 8204 14587
22 26012 8188 14580
21 25962 8184 14583
23 25940 8180 14578
21 25966 8173 14584
22 26126 8168 14587
22 26367 8167 14579
22 26623 8165 14589
21 26872 8159 14679
23 26982 8159 14712
22 26970 8156 14700
21 26871 8155 14715
23 26733 8148 14676
21 26570 8141 14686
22 26433 8136 14680
22 26278 8131 14700
22 26194 8131 14686
21 26146 8127 14704
23 26147 8125 14710
21 26179 8134 14670
22 26262 8131 14711
22 26344 8135 14690
22 26423 8140 14707
21 26465 8142 14556
23 26494 8140 14575
21 26448 8145 14569
22 26454 8149 14563
22 26410 8167 14590
22 26370 8190 14571
21 26297 8225 14569
23 26176 8265 14593
21 26071 8310 14589
22 26079 8355 14600
22 26231 8410 14591
22 26473 8467 14583
21 26780 8512 14584
23 26992 8553 14580
21 27136 8577 14711
22 27163 8602 14711
22 27025 8595 14704
22 26819 8593 14711
21 26606 8582 14701
22 26417 8553 14676
22 26267 8525 14715
22 26150 8489 14705
21 26096 8461 14703
23 26059 8424 14685
21 26147 8386 14680
22 26243 8353 14689
22 26319 8319 14667
22 26374 8282 14687
21 26519 8249 14721
23 26599 8224 14580
22 26706 8194 14582
21 26738 8171 14589
23 26720 8145 14578
21 26614 8124 14588
22 26505 8107 14574
22 26429 8093 14570
22 26427 8078 14584
21 26526 8071 14561
23 26756 8062 14590
21 27094 8039 14588
22 27393 8040 14592
22 27586 8034 14581
22 27633 8021 14574
21 27518 8017 14621
23 27274 8006 14692
21 27058 8008 14701
22 26788 8002 14703
22 26567 8002 14707
22 26377 8004 14691
21 26227 8013 14702
23 26097 8034 14711
21 26074 8063 14713
22 26056 8095 14711
22 26113 8137 14678
22 26177 8185 14687
21 26221 8245 14712
23 26273 8300 14683
21 26257 8369 14703
22 26248 8427 14570
22 26216 8489 14570
22 26192 8559 14567
21 26140 8613 14586
23 26151 8669 14575
21 26164 8729 14570
22 26183 8782 14556
22 26296 8829 14595
22 26568 8878 14589
21 26884 8925 14558
23 27209 8967 14583
21 27385 9007 14590
22 27455 9036 14588
23 27354 9066 14577
21 27151 9091 14601
22 26931 9112 14713
22 26671 9133 14705
22 26440 9151 14708
21 26262 9161 14696
23 26167 9174 14690
21 26127 9176 14698
22 26109 9185 14691
22 26144 9183 14694
22 26202 9181 14712
21 26250 9183 14715
22 26314 9173 14688
22 26343 9169 14692
22 26328 9163 14713
21 26272 9155 14702
23 26238 9154 14575
21 26209 9144 14577
22 26175 9138 14589
22 26138 9133 14557
22 26108 9128 14588
21 26085 9122 14587
23 26079 9120 14582
21 26083 9116 14563
22 26220 9117 14579
22 26450 9121 14577
22 26739 9127 14556
21 26969 9134 14579
23 27135 9144 14571
21 27174 9154 14574
22 27084 9170 14576
22 26893 9193 14703
22 26697 9201 14699
21 26504 9223 14699
23 26336 9245 14691
21 26186 9256 14690
22 26076 9275 14686
22 26044 9294 14706
22 26066 9316 14689
21 26117 9332 14684
23 26189 9352 14704
22 26253 9370 14719
21 26276 9391 14682
23 26290 9411 14690
21 26250 9426 14689
22 26190 9447 14610
22 26082 9465 14579
22 26053 9482 14570
21 26051 9493 14588
23 26045 9507 14563
21 26015 9514 14577
22 26010 9532 14589
22 26049 9545 14589
22 26189 9562 14568
21 26385 9569 14585
23 26623 9580 14588
21 26833 9589 14578
22 26935 9596 14579
22 26972 9604 14576
22 26907 9616 14569
21 26785 9620 14553
23 26634 9622 14719
21 26413 9623 14718
22 26261 9623 14694
22 26132 9624 14713
22 26091 9625 14714
21 26079 9622 14701
23 26073 9621 14708
21 26155 9616 14713
22 26228 9606 14710
22 26283 9582 14705
22 26337 9550 14716
21 26347 9514 14695
23 26321 9452 14699
21 26311 9394 14709
22 26287 9333 14590
21 26239 9263 14558
23 26188 9195 14582
21 26154 9135 14585
22 26209 9067 14556
22 26356 9001 14576
22 26542 8941 14562
21 26744 8880 14576
23 26866 8825 14574
22 26931 8769 14599
21 26911 8720 14588
23 26821 8676 14577
21 26688 8639 14567
22 26508 8603 14578
22 26415 8569 14714
22 26336 8540 14696
21 26250 8516 14689
23 26177 8491 14710
21 26165 8470 14717
22 26183 8453 14716
22 26239 8444 14713
22 26296 8413 14707
21 26341 8405 14711
23 26335 8393 14691
21 26371 8373 14680
22 26371 8362 14705
22 26354 8357 14708
22 26329 8349 14709
21 26314 8341 14705
23 26352 8335 14593
21 26537 8331 14589
22 26755 8326 14559
22 26941 8321 14589
22 27048 8318 14579
21 27072 8321 14573
23 27012 8325 14553
21 26895 8329 14579
22 26724 8333 14589
22 26539 8338 14555
22 26390 8347 14589
21 26278 8345 14585
