23 26454 24823 3924
21 26498 24820 3921
22 26538 24819 3925
22 26571 24825 3920
22 26604 24821 3921
21 26618 24819 3920
23 26605 24813 3917
21 26546 24817 3921
22 26493 24815 3924
22 26451 24812 3918
22 26405 24820 3925
21 26396 24811 3922
23 26389 24805 3923
22 26390 24810 3919
21 26412 24815 3922
23 26407 24816 3920
21 26420 24810 3917
22 26427 24811 3921
22 26442 24809 3923
22 26417 24808 3920
21 26441 24803 3920
23 26462 24807 3917
21 26464 24805 3920
22 26488 24805 3921
22 26512 24807 3918
22 26581 24801 3921
21 26806 24798 3917
23 27102 24799 3915
21 27326 24798 3921
22 27395 24798 3917
22 27306 24793 3916
22 27074 24791 3920
21 26807 24798 3919
23 26582 24795 3920
21 26450 24794 3921
22 26399 24793 3922
22 26410 24798 3921
22 26450 24790 3920
21 26478 24796 3918
23 26518 24791 3919
21 26548 24794 3918
22 26563 24790 3920
22 26597 24789 3923
22 26583 24790 3924
21 26547 24791 3919
23 26493 24794 3919
21 26428 24792 3918
22 26378 24788 3919
22 26348 24785 3919
22 26330 24792 3918
21 26341 24789 3916
23 26360 24792 3923
21 26396 24789 3919
22 26439 24794 3919
21 26462 24790 3921
23 26471 24790 3920
22 26447 24790 3919
21 26443 24793 3923
23 26547 24792 3921
21 26779 24789 3919
22 27040 24792 3917
22 27215 24787 3917
22 27246 24791 3918
21 27106 24796 3922
23 26864 24791 3921
21 26628 24794 3920
22 26441 24795 3916
22 26353 24790 3918
22 26326 24792 3920
21 26351 24784 3927
23 26385 24787 3921
21 26451 24790 3920
22 26508 24784 3920
22 26580 24787 3921
22 26627 24786 3918
21 26626 24787 3925
23 26585 24780 3921
21 26516 24790 3917
22 26447 24789 3922
22 26388 24789 3921
22 26346 24784 3919
21 26325 24786 3926
23 26356 24795 3922
21 26372 24787 3922
22 26400 24790 3924
22 26443 24783 3925
22 26454 24788 3921
21 26467 24791 3919
23 26485 24788 3919
21 26467 24787 3919
22 26444 24789 3918
22 26489 24789 3919
22 26667 24786 3916
21 26944 24789 3918
23 27194 24788 3916
21 27299 24787 3922
22 27201 24794 3920
23 27005 24791 3924
21 26777 24785 3927
22 26575 24793 3919
22 26441 24793 3922
22 26397 24792 3918
21 26417 24794 3920
23 26445 24790 3922
21 26465 24788 3920
22 26469 24790 3917
22 26498 24792 3923
22 26518 24787 3919
21 26567 24785 3920
23 26552 24789 3920
21 26528 24789 3918
22 26495 24784 3920
22 26484 24789 3924
22 26467 24786 3919
21 26445 24787 3919
23 26451 24784 3919
21 26451 24785 3919
22 26428 24784 3918
21 26462 24782 3919
23 26438 24778 3918
21 26459 24783 3922
22 26486 24785 3919
22 26484 24781 3920
22 26497 24782 3921
21 26492 24780 3921
23 26507 24784 3919
21 26645 24778 3919
22 26875 24783 3919
22 27112 24783 3920
22 27222 24779 3919
21 27184 24778 3919
23 27003 24782 3922
21 26777 24781 3920
22 26561 24781 3918
22 26432 24778 3920
22 26389 24788 3919
21 26389 24793 3919
23 26421 24783 3919
21 26432 24788 3920
22 26530 24789 3918
23 26668 24789 3919
21 26897 24795 3918
22 27023 24794 3919
22 27074 24793 3921
22 27071 24794 3919
21 26951 24788 3924
23 26840 24789 3917
21 26716 24785 3917
22 26622 24785 3918
22 26530 24785 3920
22 26439 24783 3918
21 26411 24783 3916
23 26409 24781 3919
21 26409 24785 3921
22 26428 24780 3916
22 26461 24781 3915
22 26516 24779 3917
21 26578 24781 3919
23 26615 24781 3917
21 26691 24779 3923
22 26803 24779 3919
22 26996 24784 3921
22 27178 24781 3918
21 27260 24786 3918
23 27246 24785 3918
21 27090 24790 3918
22 26871 24787 3920
22 26660 24788 3919
22 26483 24787 3918
21 26435 24785 3918
23 26447 24787 3919
21 26452 24786 3922
22 26438 24784 3918
22 26429 24788 3922
22 26422 24782 3918
21 26462 24778 3921
23 26476 24779 3918
21 26494 24775 3919
22 26503 24773 3917
22 26502 24770 3919
22 26510 24770 3917
22 26478 24768 3919
21 26401 24767 3921
23 26304 24767 3917
21 26220 24767 3917
22 26170 24770 3919
22 26165 24773 3917
22 26190 24777 3918
21 26243 24776 3919
23 26296 24779 3921
21 26338 24776 3917
22 26392 24781 3917
22 26497 24782 3925
22 26730 24779 3917
21 26985 24777 3919
23 27175 24776 3920
21 27202 24778 3921
22 27098 24776 3922
22 26901 24775 3920
22 26692 24772 3921
21 26531 24770 3921
23 26423 24764 3918
21 26389 24770 3920
22 26407 24765 3918
22 26380 24760 3921
22 26372 24764 3919
21 26382 24763 3918
23 26418 24763 3919
21 26456 24761 3920
22 26498 24756 3920
22 26521 24757 3919
22 26534 24757 3922
21 26496 24756 3917
23 26484 24756 3919
21 26461 24755 3917
22 26459 24756 3920
22 26448 24760 3917
22 26438 24756 3921
21 26421 24754 3923
23 26407 24755 3919
21 26405 24750 3918
22 26399 24752 3917
23 26457 24757 3918
21 26594 24752 3919
22 26864 24756 3917
22 27165 24758 3918
22 27351 24751 3921
21 27362 24757 3919
23 27210 24755 3922
21 26959 24752 3919
22 26699 24756 3918
22 26530 24756 3918
22 26450 24744 3918
21 26410 24754 3918
23 26410 24753 3919
21 26434 24758 3919
22 26462 24753 3918
22 26469 24753 3921
22 26512 24753 3917
21 26520 24751 3919
23 26505 24759 3918
21 26500 24757 3917
22 26480 24753 3918
22 26436 24761 3920
22 26396 24761 3918
21 26379 24765 3917
22 26397 24762 3920
22 26398 24767 3919
22 26447 24767 3918
21 26471 24766 3919
23 26472 24773 3919
21 26446 24771 3917
22 26457 24775 3919
22 26468 24778 3921
22 26580 24784 3917
21 26846 24781 3917
23 27100 24786 3919
21 27245 24782 3921
22 27222 24784 3921
22 27043 24792 3919
22 26821 24794 3922
21 26636 24796 3920
23 26528 24803 3922
21 26494 24802 3919
22 26484 24802 3919
23 26469 24799 3916
21 26462 24811 3919
22 26444 24818 3922
22 26452 24805 3915
22 26483 24813 3919
21 26517 24816 3920
23 26539 24818 3918
21 26531 24818 3917
22 26476 24822 3920
22 26439 24821 3919
22 26394 24822 3917
21 26367 24829 3919
23 26331 24825 3921
21 26326 24825 3921
22 26341 24828 3917
22 26361 24830 3921
22 26378 24833 3920
21 26396 24832 3919
23 26402 24835 3917
21 26415 24833 3922
22 26411 24837 3921
22 26472 24836 3917
22 26659 24839 3922
21 26952 24837 3919
23 27193 24842 3920
21 27299 24840 3917
22 27206 24843 3920
22 27023 24846 3919
22 26796 24844 3919
21 26585 24848 3920
23 26467 24848 3919
21 26447 24848 3921
22 26433 24847 3918
22 26449 24850 3921
22 26461 24845 3921
21 26488 24846 3920
23 26506 24851 3918
21 26533 24845 3919
22 26558 24854 3919
22 26578 24848 3917
22 26552 24850 3916
21 26498 24846 3917
23 26472 24843 3919
22 26440 24842 3918
21 26425 24842 3918
22 26397 24839 3924
22 26384 24838 3920
22 26372 24844 3917
21 26385 24844 3918
23 26367 24839 3920
21 26398 24843 3922
22 26404 24835 3919
22 26467 24842 3917
22 26637 24840 3920
21 26892 24844 3919
23 27127 24839 3922
21 27183 24840 3917
22 27081 24839 3921
22 26875 24839 3920
22 26679 24839 3917
21 26516 24831 3924
23 26414 24836 3920
21 26376 24840 3920
22 26391 24835 3920
22 26418 24831 3917
22 26419 24831 3918
21 26438 24840 3919
23 26472 24823 3923
21 26507 24832 3921
22 26530 24832 3920
22 26530 24834 3917
22 26527 24831 3918
21 26482 24829 3924
23 26455 24827 3920
21 26409 24833 3917
22 26389 24831 3925
22 26372 24826 3921
22 26361 24825 3918
21 26378 24827 3917
23 26386 24827 3921
21 26397 24823 3921
22 26416 24826 3917
22 26416 24827 3915
22 26433 24821 3920
21 26444 24823 3920
23 26474 24824 3914
22 26560 24817 3921
21 26764 24821 3918
23 26974 24824 3921
21 27148 24818 3919
22 27142 24824 3919
22 27050 24817 3920
22 26862 24819 3920
21 26667 24817 3918
23 26550 24815 3917
21 26469 24820 3918
22 26476 24818 3919
22 26497 24814 3917
22 26487 24813 3921
21 26481 24812 3919
23 26475 24811 3916
21 26484 24814 3918
22 26496 24808 3918
22 26526 24814 3917
22 26543 24811 3916
21 26527 24808 3921
23 26522 24806 3919
21 26485 24809 3918
22 26453 24808 3921
21 26416 24808 3919
23 26394 24804 3923
21 26396 24804 3919
22 26415 24805 3920
22 26421 24803 3921
22 26423 24799 3918
21 26432 24805 3921
23 26454 24795 3922
21 26441 24795 3922
22 26465 24800 3919
22 26470 24797 3918
22 26595 24800 3918
21 26792 24801 3914
23 26982 24798 3921
21 27073 24793 3920
22 27037 24796 3916
22 26916 24798 3916
22 26746 24798 3921
22 26597 24802 3917
22 26512 24787 3918
22 26489 24793 3914
21 26493 24794 3917
23 26512 24785 3920
21 26509 24792 3921
22 26486 24792 3918
22 26487 24794 3920
22 26492 24796 3917
21 26525 24793 3920
23 26532 24794 3915
21 26538 24794 3918
22 26508 24791 3918
22 26495 24792 3917
22 26481 24791 3920
21 26462 24789 3916
23 26453 24788 3917
21 26452 24788 3916
22 26459 24788 3916
22 26459 24786 3917
22 26468 24779 3915
21 26456 24783 3918
23 26464 24779 3914
21 26478 24776 3916
22 26472 24784 3916
22 26474 24775 3920
22 26471 24770 3920
21 26475 24769 3919
23 26536 24769 3917
21 26669 24768 3919
22 26853 24769 3921
22 27030 24769 3919
22 27087 24767 3917
21 27019 24764 3918
23 26872 24765 3919
21 26681 24763 3917
22 26541 24761 3917
22 26447 24765 3918
22 26414 24765 3915
21 26455 24761 3916
23 26463 24762 3919
22 26477 24760 3917
21 26506 24757 3919
23 26532 24760 3921
21 26560 24756 3920
22 26585 24762 3918
21 26567 24756 3917
23 26534 24757 3917
21 26494 24757 3917
22 26461 24753 3921
22 26421 24756 3919
22 26414 24751 3917
21 26392 24757 3919
23 26402 24751 3919
21 26416 24752 3920
22 26416 24754 3917
22 26433 24750 3917
22 26439 24755 3919
21 26465 24756 3914
23 26487 24750 3918
21 26486 24750 3918
22 26536 24745 3923
22 26659 24749 3922
22 26853 24752 3920
21 27016 24747 3916
23 27081 24738 3920
21 27017 24753 3919
22 26865 24747 3919
22 26718 24743 3916
22 26591 24746 3921
21 26551 24745 3924
23 26525 24746 3918
21 26523 24742 3918
22 26517 24742 3921
22 26490 24745 3922
22 26495 24746 3920
21 26501 24732 3916
23 26520 24746 3922
21 26532 24744 3921
22 26534 24743 3916
22 26539 24743 3916
22 26522 24742 3919
21 26503 24741 3916
23 26488 24740 3914
22 26453 24738 3921
21 26457 24739 3919
23 26457 24741 3914
21 26471 24737 3916
22 26484 24744 3917
22 26487 24742 3919
22 26485 24740 3918
21 26494 24746 3917
23 26474 24743 3918
21 26464 24740 3919
22 26469 24741 3920
22 26466 24741 3917
22 26491 24743 3916
21 26577 24741 3917
23 26765 24739 3917
21 27024 24735 3918
22 27212 24736 3918
22 27239 24736 3920
22 27084 24734 3918
21 26865 24733 3918
23 26645 24737 3917
21 26498 24731 3918
22 26441 24737 3918
22 26431 24731 3918
22 26461 24734 3916
21 26506 24735 3921
22 26545 24735 3918
22 26521 24730 3917
22 26514 24726 3912
21 26527 24733 3918
23 26526 24728 3919
21 26538 24731 3920
22 26538 24730 3920
22 26525 24733 3921
22 26501 24730 3916
21 26482 24731 3919
23 26476 24730 3918
21 26455 24729 3918
22 26458 24727 3918
22 26429 24729 3919
22 26467 24731 3919
21 26462 24723 3916
23 26496 24729 3919
22 26508 24731 3922
21 26490 24733 3921
23 26507 24725 3918
21 26510 24727 3915
22 26498 24722 3917
22 26495 24723 3914
22 26483 24731 3917
21 26499 24727 3916
23 26589 24729 3920
21 26815 24725 3920
22 27107 24728 3916
22 27257 24727 3921
22 27236 24726 3919
21 27047 24721 3918
23 26770 24725 3919
21 26544 24723 3914
22 26407 24725 3918
22 26364 24722 3917
22 26392 24724 3917
21 26449 24721 3916
23 26498 24725 3915
21 26506 24722 3919
22 26541 24724 3916
22 26554 24727 3915
22 26570 24722 3917
21 26599 24726 3916
23 26575 24731 3918
21 26569 24724 3919
22 26546 24724 3915
22 26506 24726 3917
22 26497 24725 3918
21 26484 24720 3914
23 26477 24722 3920
21 26452 24728 3920
22 26455 24724 3916
22 26490 24722 3917
22 26513 24716 3920
21 26497 24722 3918
23 26474 24723 3917
21 26461 24719 3918
22 26472 24720 3919
23 26471 24724 3921
21 26524 24721 3917
22 26698 24717 3920
22 26974 24718 3918
22 27192 24715 3917
21 27244 24723 3919
22 27136 24713 3921
22 26914 24715 3918
22 26712 24714 3919
21 26547 24718 3919
23 26477 24717 3913
21 26482 24713 3918
22 26485 24716 3915
22 26483 24712 3919
22 26493 24711 3917
21 26527 24714 3919
23 26552 24713 3918
21 26581 24709 3921
22 26601 24704 3917
22 26619 24708 3918
22 26607 24714 3917
21 26572 24709 3918
23 26532 24709 3917
21 26488 24707 3919
22 26432 24707 3921
22 26437 24702 3917
22 26409 24704 3918
21 26415 24706 3917
23 26419 24694 3915
21 26453 24704 3916
22 26433 24703 3918
22 26445 24703 3916
22 26432 24707 3915
21 26443 24704 3921
23 26447 24708 3918
21 26443 24705 3920
22 26443 24700 3914
22 26502 24702 3917
22 26721 24704 3921
21 27020 24701 3917
23 27273 24707 3920
21 27346 24710 3919
22 27225 24706 3917
23 26967 24709 3913
21 26720 24707 3920
22 26539 24707 3916
22 26461 24708 3912
22 26465 24707 3919
21 26511 24712 3919
23 26547 24714 3921
21 26580 24707 3918
22 26576 24711 3917
22 26595 24716 3916
22 26594 24711 3919
21 26603 24714 3918
23 26616 24715 3915
21 26565 24718 3920
22 26474 24713 3918
22 26409 24713 3922
22 26380 24715 3919
21 26367 24720 3918
23 26371 24713 3918
21 26357 24714 3916
22 26386 24718 3918
22 26409 24716 3919
22 26438 24718 3917
21 26453 24718 3916
23 26459 24723 3919
21 26457 24719 3917
22 26449 24716 3916
21 26472 24717 3917
23 26479 24718 3916
21 26594 24717 3918
22 26860 24716 3919
22 27159 24717 3920
22 27390 24721 3920
21 27387 24715 3918
23 27187 24715 3922
21 26866 24713 3916
22 26611 24717 3921
22 26422 24716 3920
22 26348 24710 3921
21 26380 24707 3920
23 26423 24715 3920
22 26466 24711 3918
21 26503 24709 3917
23 26548 24713 3918
21 26598 24712 3918
22 26648 24705 3923
22 26652 24705 3917
22 26629 24708 3916
21 26587 24703 3918
23 26542 24699 3917
21 26472 24715 3917
22 26440 24705 3916
22 26407 24710 3919
22 26378 24711 3915
21 26408 24705 3917
23 26457 24702 3920
21 26447 24709 3920
22 26458 24697 3917
22 26458 24704 3919
22 26454 24704 3920
21 26433 24704 3917
23 26520 24707 3917
21 26765 24707 3918
22 27085 24704 3915
22 27326 24704 3915
22 27366 24698 3919
21 27176 24704 3917
23 26938 24704 3914
21 26678 24701 3917
22 26469 24705 3915
22 26395 24706 3917
22 26394 24699 3916
21 26402 24704 3918
23 26424 24707 3918
21 26440 24705 3917
22 26473 24701 3919
22 26500 24706 3922
22 26530 24701 3920
21 26526 24700 3916
23 26515 24697 3918
21 26479 24697 3921
22 26439 24700 3917
23 26402 24700 3917
21 26368 24702 3916
22 26383 24696 3916
22 26377 24702 3916
22 26398 24701 3915
21 26453 24699 3911
23 26444 24700 3917
21 26469 24705 3915
22 26481 24700 3918
21 26494 24700 3922
23 26486 24705 3924
21 26482 24699 3914
22 26494 24701 3921
22 26583 24697 3919
22 26873 24705 3917
21 27215 24704 3918
23 27600 24702 3916
21 27659 24697 3918
22 27422 24696 3918
22 27025 24695 3919
22 26643 24690 3917
21 26377 24686 3914
23 26304 24682 3916
21 26338 24681 3919
22 26407 24678 3919
22 26449 24675 3916
22 26443 24671 3917
21 26450 24671 3917
23 26470 24666 3918
21 26461 24669 3920
22 26476 24665 3916
22 26488 24660 3918
22 26469 24670 3919
21 26443 24671 3919
23 26429 24671 3916
21 26389 24674 3918
22 26361 24673 3916
22 26348 24676 3917
22 26361 24678 3917
21 26385 24677 3917
23 26399 24681 3916
21 26412 24679 3919
22 26418 24685 3920
23 26414 24694 3916
21 26434 24694 3921
22 26447 24697 3918
22 26476 24699 3915
22 26613 24700 3917
21 26888 24708 3917
23 27176 24713 3916
21 27318 24711 3917
22 27235 24722 3917
22 27007 24728 3918
22 26772 24726 3919
21 26541 24734 3914
23 26427 24743 3917
21 26409 24745 3919
22 26418 24746 3911
22 26456 24752 3918
22 26476 24755 3917
21 26499 24763 3916
23 26533 24764 3918
21 26572 24768 3915
22 26590 24769 3918
22 26618 24772 3916
22 26607 24779 3915
21 26560 24783 3916
23 26507 24786 3914
21 26463 24788 3915
22 26442 24797 3919
22 26410 24798 3919
22 26408 24798 3916
21 26406 24802 3915
22 26420 24807 3920
22 26453 24806 3916
22 26449 24807 3918
21 26455 24809 3919
23 26438 24815 3919
21 26438 24818 3918
22 26503 24821 3917
22 26685 24825 3914
22 26948 24829 3917
21 27180 24828 3919
23 27231 24831 3918
21 27111 24835 3916
22 26881 24833 3918
23 26629 24838 3917
21 26454 24840 3918
22 26392 24841 3916
22 26401 24840 3919
22 26450 24845 3919
21 26461 24842 3918
23 26463 24843 3919
21 26487 24850 3918
22 26483 24846 3918
22 26492 24841 3915
22 26483 24847 3919
21 26476 24848 3916
23 26478 24855 3920
21 26452 24854 3919
22 26459 24852 3918
22 26431 24852 3914
22 26409 24855 3918
21 26395 24848 3918
23 26403 24858 3920
21 26406 24851 3918
22 26430 24854 3917
22 26451 24857 3913
22 26474 24854 3918
21 26483 24856 3918
23 26484 24855 3916
21 26464 24854 3916
22 26450 24853 3916
22 26460 24853 3914
22 26568 24852 3919
21 26822 24853 3917
23 27083 24856 3918
21 27194 24849 3917
22 27132 24848 3916
22 26935 24851 3919
22 26692 24849 3919
21 26528 24845 3919
23 26472 24851 3918
21 26477 24845 3916
22 26546 24850 3915
22 26595 24850 3921
22 26599 24843 3916
21 26573 24846 3916
23 26533 24841 3916
22 26494 24836 3916
21 26521 24839 3916
23 26502 24838 3920
21 26502 24838 3917
22 26473 24833 3919
22 26440 24837 3917
22 26432 24833 3916
21 26466 24824 3919
22 26451 24834 3920
22 26481 24828 3917
22 26497 24824 3916
21 26538 24825 3917
23 26563 24822 3917
21 26578 24824 3918
22 26576 24822 3919
22 26590 24817 3918
22 26580 24817 3916
21 26574 24818 3916
23 26549 24815 3918
21 26555 24813 3916
22 26694 24805 3918
22 26910 24808 3920
22 27101 24802 3917
21 27167 24803 3918
23 27059 24803 3919
21 26873 24802 3916
22 26663 24798 3920
22 26532 24793 3919
22 26460 24794 3917
21 26469 24787 3917
23 26479 24783 3915
21 26489 24791 3921
22 26489 24787 3919
22 26474 24787 3916
22 26491 24787 3920
21 26498 24782 3915
23 26504 24783 3916
21 26506 24779 3918
22 26502 24777 3915
22 26483 24776 3916
22 26457 24779 3916
22 26435 24774 3918
22 26416 24778 3921
22 26415 24773 3918
21 26423 24773 3917
23 26434 24773 3917
21 26441 24764 3919
22 26448 24768 3916
22 26450 24770 3916
22 26440 24765 3919
21 26436 24769 3916
23 26437 24767 3918
21 26533 24760 3920
22 26695 24762 3916
22 26912 24767 3917
22 27034 24763 3918
21 27035 24760 3915
23 26913 24759 3919
21 26719 24760 3918
22 26565 24759 3918
22 26465 24759 3918
22 26422 24761 3916
21 26423 24756 3919
23 26431 24759 3919
21 26448 24757 3915
22 26456 24758 3916
22 26456 24758 3915
22 26473 24756 3917
21 26493 24754 3923
23 26492 24757 3920
21 26492 24756 3915
22 26485 24751 3919
21 26460 24753 3917
23 26440 24750 3919
21 26436 24751 3915
22 26432 24750 3921
22 26415 24754 3921
22 26425 24753 3918
21 26467 24758 3915
23 26494 24748 3922
21 26477 24749 3916
22 26505 24751 3919
23 26498 24753 3919
21 26498 24752 3916
22 26499 24754 3919
22 26470 24747 3917
22 26533 24749 3920
21 26722 24760 3921
23 26975 24747 3919
21 27147 24747 3917
22 27168 24739 3919
22 27038 24736 3913
22 26841 24747 3918
21 26664 24739 3915
23 26533 24734 3919
21 26469 24744 3917
22 26479 24741 3921
22 26485 24742 3917
22 26505 24741 3918
21 26507 24738 3921
23 26838 24742 3921
21 27042 24736 3918
22 26991 24734 3920
22 26854 24727 3915
22 26679 24728 3916
21 26507 24721 3913
23 26404 24715 3919
21 26327 24712 3919
22 26301 24700 3919
22 26335 24693 3916
22 26347 24687 3916
21 26368 24684 3914
23 26397 24679 3915
21 26395 24672 3917
22 26386 24666 3918
22 26398 24671 3915
22 26391 24662 3918
21 26345 24668 3916
23 26288 24660 3916
21 26217 24662 3917
22 26243 24661 3917
22 26383 24661 3919
22 26641 24661 3917
21 26953 24665 3919
23 27167 24674 3921
22 27222 24661 3917
21 27104 24673 3918
23 26915 24681 3916
21 26710 24679 3913
22 26541 24678 3916
22 26448 24684 3918
22 26405 24683 3915
21 26399 24689 3914
23 26402 24695 3917
21 26417 24691 3915
22 26445 24689 3918
21 26465 24699 3916
23 26480 24701 3916
21 26491 24699 3916
22 26504 24703 3915
22 26493 24711 3917
22 26493 24713 3920
21 26463 24710 3921
23 26470 24713 3921
21 26448 24709 3916
22 26443 24717 3916
22 26410 24716 3914
22 26421 24712 3917
21 26410 24710 3919
23 26429 24718 3919
21 26457 24713 3918
22 26489 24711 3915
22 26519 24712 3920
22 26524 24715 3918
21 26548 24708 3917
23 26581 24703 3914
21 26690 24711 3913
22 26937 24707 3916
22 27172 24697 3913
22 27308 24704 3918
21 27287 24703 3920
23 27118 24705 3916
21 26866 24705 3918
22 26683 24698 3917
22 26548 24700 3913
22 26489 24705 3918
21 26489 24698 3918
23 26511 24699 3916
22 26503 24697 3917
21 26513 24694 3918
23 26539 24698 3913
21 26558 24692 3918
22 26547 24693 3918
22 26524 24692 3916
22 26482 24688 3919
21 26448 24690 3918
23 26422 24692 3912
21 26374 24686 3917
22 26332 24689 3919
22 26301 24694 3919
22 26300 24685 3921
21 26294 24690 3919
23 26346 24693 3920
21 26371 24692 3916
22 26411 24686 3918
22 26405 24693 3917
22 26443 24693 3917
21 26431 24690 3917
23 26429 24693 3917
21 26504 24693 3915
22 26701 24687 3915
22 26970 24693 3916
22 27167 24693 3914
21 27199 24690 3915
23 27084 24684 3921
21 26878 24690 3916
22 26661 24690 3917
22 26506 24688 3919
22 26451 24692 3916
21 26418 24690 3915
22 26445 24691 3916
22 26449 24689 3918
22 26464 24688 3915
21 26484 24685 3920
23 26487 24687 3919
21 26492 24686 3919
22 26502 24686 3917
22 26502 24687 3915
22 26513 24685 3913
21 26493 24690 3918
23 26462 24682 3919
22 26442 24681 3916
21 26410 24681 3919
23 26398 24683 3917
21 26395 24683 3916
22 26393 24677 3917
22 26387 24674 3916
22 26393 24681 3917
21 26386 24674 3918
23 26397 24674 3917
21 26406 24678 3915
22 26418 24672 3922
22 26431 24669 3919
22 26471 24675 3915
21 26559 24674 3920
23 26773 24677 3913
21 27010 24677 3918
22 27128 24675 3917
22 27098 24675 3915
22 26956 24675 3918
21 26741 24669 3916
23 26601 24669 3917
21 26489 24668 3917
22 26466 24668 3921
22 26471 24668 3917
22 26495 24671 3917
21 26518 24667 3915
23 26585 24666 3917
21 26618 24665 3915
22 26659 24668 3916
22 26668 24669 3912
22 26673 24665 3916
21 26672 24663 3918
23 26633 24672 3917
21 26593 24666 3918
22 26538 24663 3915
22 26501 24666 3914
22 26494 24664 3918
21 26481 24661 3910
23 26467 24660 3918
21 26455 24662 3918
22 26440 24660 3917
23 26457 24663 3919
21 26436 24658 3919
22 26447 24665 3916
22 26454 24661 3917
22 26437 24657 3915
21 26409 24656 3916
23 26411 24656 3915
21 26451 24655 3915
22 26596 24656 3917
22 26808 24654 3917
22 27034 24655 3914
21 27155 24657 3918
22 27132 24661 3919
22 26948 24656 3914
22 26763 24656 3917
21 26581 24654 3917
23 26442 24658 3919
21 26389 24657 3919
22 26385 24662 3916
22 26409 24657 3916
22 26447 24656 3918
21 26501 24657 3923
23 26592 24657 3915
21 26648 24658 3917
22 26683 24659 3917
22 26685 24657 3917
22 26655 24664 3917
21 26615 24661 3916
23 26565 24661 3919
21 26497 24655 3916
22 26453 24664 3921
22 26429 24650 3915
22 26404 24654 3914
21 26399 24652 3922
23 26370 24648 3917
21 26366 24654 3919
22 26348 24655 3916
22 26343 24656 3916
22 26373 24655 3916
21 26369 24655 3918
23 26370 24656 3918
22 26527 24659 3917
21 26906 24659 3919
23 26942 24654 3915
21 26941 24651 3917
22 26969 24649 3914
22 27062 24647 3914
22 27135 24642 3919
21 27099 24631 3913
23 26947 24629 3914
21 26738 24620 3915
22 26551 24619 3917
22 26422 24615 3914
22 26381 24607 3917
21 26361 24606 3916
23 26339 24606 3919
21 26336 24598 3914
22 26349 24593 3918
22 26400 24596 3913
22 26477 24592 3917
21 26535 24597 3912
23 26605 24600 3915
21 26637 24596 3916
22 26638 24600 3917
22 26600 24600 3921
22 26530 24602 3914
21 26480 24606 3917
23 26438 24614 3915
21 26431 24613 3917
22 26431 24626 3918
22 26449 24618 3917
22 26472 24629 3916
21 26491 24633 3917
23 26526 24638 3916
21 26524 24640 3916
22 26521 24642 3918
21 26511 24644 3920
23 26506 24651 3916
21 26501 24655 3915
22 26502 24656 3917
22 26489 24661 3918
22 26580 24666 3917
21 26803 24669 3916
23 27074 24677 3919
22 27299 24676 3918
21 27324 24679 3915
23 27191 24682 3914
21 26943 24688 3917
22 26692 24687 3916
22 26510 24694 3914
22 26419 24699 3916
21 26404 24703 3918
23 26427 24709 3918
21 26449 24712 3917
22 26482 24713 3917
22 26497 24712 3916
22 26529 24721 3914
21 26560 24730 3915
23 26581 24725 3918
21 26570 24739 3916
22 26561 24741 3921
22 26527 24745 3913
22 26499 24751 3917
21 26468 24755 3916
23 26452 24760 3916
21 26430 24759 3917
22 26421 24759 3916
22 26414 24766 3917
22 26441 24771 3915
21 26445 24771 3915
23 26459 24773 3915
21 26468 24776 3914
22 26469 24780 3913
22 26463 24781 3915
22 26453 24781 3917
21 26489 24785 3926
23 26651 24788 3914
21 26934 24790 3919
22 27204 24790 3917
22 27314 24796 3921
22 27239 24795 3916
21 27016 24797 3916
23 26743 24804 3919
21 26526 24810 3919
22 26404 24800 3912
23 26380 24805 3916
21 26397 24808 3917
22 26430 24806 3915
22 26459 24806 3917
22 26481 24809 3918
21 26528 24812 3915
23 26568 24811 3915
21 26596 24813 3914
22 26586 24812 3917
22 26565 24812 3918
22 26546 24814 3915
21 26507 24813 3915
23 26493 24808 3916
21 26468 24807 3914
22 26451 24813 3916
21 26441 24817 3915
23 26421 24816 3917
21 26437 24811 3914
22 26440 24811 3919
22 26446 24812 3917
22 26454 24811 3916
21 26470 24812 3918
23 26472 24809 3919
21 26475 24810 3918
22 26487 24813 3918
22 26484 24811 3919
22 26566 24812 3916
21 26803 24812 3916
23 27114 24813 3919
21 27358 24806 3917
22 27385 24804 3917
22 27227 24805 3916
22 26965 24805 3916
21 26690 24805 3915
23 26490 24796 3916
21 26415 24799 3915
22 26385 24806 3917
22 26421 24796 3915
22 26436 24799 3917
21 26456 24796 3919
23 26491 24797 3918
21 26497 24793 3919
22 26526 24795 3917
23 26539 24794 3918
21 26525 24791 3918
22 26511 24789 3915
22 26466 24789 3918
22 26440 24793 3916
21 26395 24785 3917
23 26383 24786 3918
21 26381 24786 3917
22 26370 24785 3913
22 26362 24783 3912
22 26361 24779 3918
21 26388 24781 3917
23 26396 24784 3915
21 26398 24775 3917
22 26399 24782 3915
22 26393 24778 3916
22 26411 24772 3917
21 26420 24774 3917
23 26426 24776 3915
21 26506 24773 3916
22 26725 24773 3915
22 27049 24771 3917
22 27336 24769 3916
21 27417 24769 3916
23 27296 24766 3919
21 27020 24768 3916
22 26754 24762 3913
22 26536 24763 3918
22 26419 24761 3913
21 26397 24759 3918
23 26420 24760 3919
21 26442 24755 3914
22 26471 24759 3916
22 26496 24752 3915
22 26525 24755 3915
21 26521 24749 3915
22 26543 24752 3915
22 26535 24747 3917
22 26538 24745 3915
21 26506 24745 3917
23 26485 24745 3919
21 26449 24745 3914
22 26432 24748 3922
23 26402 24738 3914
21 26389 24739 3918
22 26396 24738 3914
22 26407 24738 3916
22 26450 24738 3920
21 26508 24732 3917
23 26558 24736 3918
21 26601 24736 3920
22 26596 24731 3916
22 26607 24732 3915
22 26608 24729 3917
21 26728 24730 3917
23 26946 24721 3918
21 27214 24728 3921
22 27311 24728 3914
22 27238 24714 3921
22 27035 24720 3915
21 26785 24720 3917
23 26532 24718 3918
21 26389 24719 3917
22 26353 24720 3917
22 26384 24715 3917
22 26449 24715 3918
21 26482 24713 3915
23 26538 24710 3917
21 26543 24711 3918
22 26573 24714 3918
22 26578 24709 3917
22 26560 24708 3918
21 26510 24706 3916
23 26505 24706 3913
21 26481 24701 3918
22 26438 24707 3916
22 26447 24705 3912
22 26434 24701 3917
21 26427 24706 3914
23 26445 24706 3921
21 26463 24701 3919
22 26456 24699 3916
22 26456 24705 3913
22 26463 24696 3920
22 26465 24698 3918
22 26480 24700 3914
22 26482 24699 3920
21 26542 24699 3915
23 26722 24698 3917
21 27025 24701 3916
22 27297 24695 3914
22 27367 24699 3920
22 27240 24686 3914
21 26997 24693 3915
23 26732 24697 3916
21 26523 24695 3917
22 26429 24689 3918
22 26406 24694 3917
22 26433 24692 3916
21 26467 24694 3920
22 26512 24689 3921
22 26506 24690 3918
22 26541 24682 3915
21 26556 24688 3920
23 26559 24695 3917
21 26572 24692 3916
22 26526 24691 3916
22 26482 24693 3915
22 26452 24691 3915
21 26425 24694 3916
23 26412 24692 3918
21 26417 24692 3920
22 26403 24688 3914
22 26410 24690 3918
22 26424 24685 3917
21 26446 24690 3916
23 26449 24690 3918
21 26441 24689 3917
22 26454 24689 3921
22 26465 24683 3914
22 26490 24685 3916
21 26563 24683 3920
23 26768 24681 3914
21 27024 24689 3918
22 27247 24689 3916
23 27277 24685 3916
21 27137 24687 3918
22 26895 24685 3922
22 26643 24685 3916
22 26469 24684 3916
21 26385 24685 3918
23 26393 24688 3918
21 26429 24684 3916
22 26458 24680 3915
22 26485 24685 3917
22 26506 24681 3916
21 26546 24679 3913
23 26566 24683 3915
21 26570 24680 3915
22 26564 24677 3917
22 26537 24684 3917
22 26501 24680 3917
21 26472 24682 3913
23 26435 24681 3914
21 26413 24679 3914
22 26403 24681 3915
22 26390 24685 3915
22 26413 24682 3915
21 26404 24683 3915
23 26450 24684 3917
21 26481 24682 3918
22 26486 24685 3916
22 26520 24682 3916
22 26640 24686 3918
21 26864 24684 3916
23 27120 24686 3918
21 27254 24681 3914
22 27200 24679 3918
22 27011 24683 3922
22 26760 24682 3915
21 26536 24683 3920
23 26422 24681 3919
21 26366 24681 3914
22 26376 24682 3916
21 26397 24685 3913
23 26425 24681 3918
21 26464 24685 3914
22 26507 24681 3917
23 26516 24675 3913
21 26555 24677 3918
22 26550 24679 3916
22 26533 24680 3915
22 26506 24680 3917
21 26458 24683 3917
23 26428 24681 3919
21 26413 24680 3915
22 26392 24680 3916
22 26404 24684 3915
22 26443 24679 3916
21 26455 24683 3915
23 26493 24679 3915
21 26497 24681 3917
22 26474 24675 3915
22 26451 24669 3916
22 26449 24680 3914
21 26445 24679 3921
23 26506 24670 3918
21 26689 24682 3915
22 26998 24679 3918
22 27269 24679 3916
22 27386 24681 3915
21 27282 24674 3915
23 27043 24675 3918
21 26770 24678 3918
22 26560 24677 3913
22 26467 24675 3916
22 26491 24677 3918
21 26546 24674 3920
23 26594 24679 3920
21 26628 24670 3917
22 26622 24673 3919
22 26620 24677 3910
22 26638 24670 3914
21 26634 24670 3916
23 26613 24676 3916
21 26562 24670 3916
22 26511 24671 3915
22 26461 24668 3915
22 26420 24666 3918
21 26408 24668 3915
23 26383 24669 3915
22 26385 24669 3918
21 26400 24664 3915
23 26421 24671 3918
21 26422 24668 3919
22 26437 24664 3918
22 26433 24662 3915
22 26413 24665 3916
21 26409 24665 3916
23 26424 24668 3916
21 26466 24662 3916
22 26663 24666 3919
22 26928 24670 3915
22 27162 24668 3914
21 27202 24664 3917
23 27061 24668 3917
21 26861 24666 3916
22 26658 24662 3918
21 26528 24663 3917
23 26497 24667 3916
21 26503 24664 3915
22 26521 24662 3917
22 26532 24662 3919
22 26558 24662 3918
21 26534 24662 3917
23 26531 24658 3916
21 26545 24659 3918
22 26583 24673 3919
22 26609 24659 3913
22 26612 24660 3919
21 26589 24653 3915
23 26541 24661 3915
21 26493 24662 3916
22 26440 24655 3916
22 26424 24659 3917
22 26422 24654 3917
21 26435 24657 3915
23 26450 24647 3914
21 26457 24657 3918
22 26446 24651 3918
22 26463 24646 3915
22 26487 24649 3918
21 26617 24653 3914
23 26852 24656 3914
22 27075 24652 3915
21 27195 24653 3921
23 27128 24657 3912
21 26945 24653 3919
22 26749 24656 3917
22 26561 24656 3915
22 26465 24657 3915
21 26446 24651 3914
23 26458 24652 3917
21 26456 24654 3918
22 26468 24653 3915
22 26470 24654 3910
22 26496 24645 3916
21 26522 24649 3913
23 26552 24652 3913
21 26539 24646 3918
22 26512 24646 3918
22 26478 24652 3917
22 26453 24647 3917
21 26427 24650 3914
23 26399 24642 3916
21 26392 24650 3916
22 26385 24648 3919
22 26419 24642 3916
22 26435 24649 3916
21 26449 24654 3916
23 26438 24644 3914
21 26431 24647 3912
22 26425 24642 3915
22 26458 24645 3919
22 26589 24640 3915
21 26839 24642 3914
23 27101 24648 3917
21 27240 24644 3913
22 27213 24642 3917
22 27022 24649 3917
22 26784 24644 3915
21 26583 24647 3916
22 26494 24645 3916
22 26478 24646 3917
22 26512 24635 3911
22 26528 24642 3919
22 26492 24640 3916
22 26495 24642 3916
21 26494 24643 3915
23 26541 24641 3914
21 26570 24640 3916
22 26617 24643 3920
22 26621 24645 3918
22 26590 24645 3914
21 26540 24641 3913
23 26488 24642 3916
21 26433 24642 3919
22 26379 24642 3914
22 26359 24640 3915
22 26365 24642 3916
21 26364 24635 3915
23 26408 24634 3917
21 26418 24637 3913
22 26468 24637 3915
22 26479 24629 3914
22 26480 24631 3912
21 26485 24638 3915
23 26482 24634 3919
21 26534 24632 3918
22 26727 24633 3916
22 27014 24633 3914
22 27254 24635 3915
21 27271 24633 3916
23 27139 24634 3917
21 26917 24631 3919
22 26691 24633 3916
22 26495 24636 3917
22 26424 24634 3915
21 26407 24635 3912
23 26432 24640 3915
21 26424 24628 3919
22 26424 24632 3916
22 26424 24638 3912
22 26444 24631 3917
21 26474 24636 3916
23 26495 24635 3916
22 26480 24628 3916
21 26478 24634 3916
23 26448 24638 3917
21 26414 24629 3913
22 26376 24630 3914
22 26384 24633 3914
22 26364 24633 3916
21 26382 24633 3915
23 26398 24635 3917
21 26427 24635 3912
22 26464 24640 3915
22 26476 24636 3913
22 26484 24629 3915
21 26477 24631 3916
23 26519 24638 3914
21 26655 24640 3914
22 26890 24634 3918
22 27112 24634 3917
22 27230 24639 3914
21 27157 24637 3915
22 26969 24632 3915
22 26741 24634 3915
22 26585 24635 3916
21 26478 24636 3916
23 26447 24637 3920
21 26459 24633 3918
22 26457 24640 3917
22 26460 24631 3913
22 26513 24630 3916
21 26540 24630 3918
23 26595 24632 3919
21 26617 24628 3916
22 26587 24627 3913
22 26559 24629 3917
22 26483 24625 3916
21 26464 24622 3914
23 26432 24630 3917
21 26388 24628 3915
22 26393 24620 3920
22 26408 24621 3917
22 26411 24624 3917
21 26409 24630 3916
23 26403 24617 3916
22 26410 24626 3917
21 26411 24626 3921
23 26417 24627 3915
21 26405 24629 3916
22 26401 24629 3920
22 26431 24628 3916
22 26533 24627 3916
21 26786 24623 3917
23 27066 24625 3917
21 27247 24627 3917
22 27248 24628 3915
22 27109 24629 3913
22 26908 24630 3920
21 26663 24626 3914
23 26514 24626 3910
21 26437 24622 3915
22 26460 24624 3914
22 26497 24624 3911
22 26530 24622 3919
21 26537 24619 3915
23 26537 24624 3917
21 26537 24620 3914
22 26534 24623 3914
22 26562 24622 3916
22 26563 24623 3913
21 26526 24616 3917
23 26519 24618 3916
21 26474 24622 3917
22 26472 24627 3912
22 26438 24621 3920
22 26397 24621 3915
21 26385 24618 3916
23 26392 24624 3916
21 26416 24617 3913
22 26454 24619 3917
22 26473 24618 3919
22 26486 24615 3912
21 26508 24620 3916
23 26494 24617 3916
21 26447 24613 3914
22 26428 24611 3915
21 26456 24615 3916
23 26596 24611 3916
22 26883 24602 3913
21 27130 24613 3917
23 27218 24609 3918
21 27153 24611 3915
22 26949 24609 3914
22 26728 24606 3911
22 26544 24605 3919
21 26450 24602 3915
23 26455 24604 3917
21 26473 24602 3917
22 26497 24597 3914
22 26500 24600 3919
22 26501 24607 3915
21 26515 24594 3916
23 26523 24604 3915
21 26524 24601 3917
22 26513 24601 3914
22 26499 24589 3916
22 26457 24594 3916
21 26421 24600 3917
23 26394 24592 3916
21 26363 24602 3915
22 26367 24603 3914
22 26370 24602 3915
22 26383 24604 3914
21 26413 24604 3920
23 26460 24601 3917
21 26482 24609 3918
22 26508 24606 3915
22 26520 24611 3916
22 26535 24605 3914
21 26548 24606 3916
23 26646 24603 3915
21 26844 24608 3912
22 27095 24609 3913
22 27257 24607 3914
22 27224 24600 3917
21 27034 24605 3915
23 26805 24611 3910
21 26590 24600 3916
22 26462 24603 3916
23 26415 24605 3913
21 26424 24600 3917
22 26446 24600 3913
22 26442 24601 3918
22 26464 24604 3917
21 26486 24603 3913
23 26507 24599 3915
21 26518 24599 3919
22 26527 24601 3916
22 26507 24596 3916
22 26460 24594 3917
21 26433 24595 3915
23 26396 24594 3910
21 26388 24593 3913
22 26379 24591 3915
22 26389 24598 3914
22 26399 24594 3912
21 26410 24591 3916
23 26414 24591 3916
21 26425 24594 3913
22 26431 24593 3919
21 26434 24592 3918
23 26466 24591 3918
21 26618 24596 3913
22 26902 24595 3916
22 27202 24591 3916
22 27336 24595 3916
21 27240 24589 3913
23 27021 24588 3914
21 26748 24589 3915
22 26504 24591 3916
22 26403 24593 3914
22 26357 24596 3915
21 26390 24584 3917
23 26424 24590 3914
21 26441 24585 3916
22 26444 24589 3916
22 26437 24590 3914
22 26465 24594 3916
21 26476 24588 3915
23 26495 24583 3916
21 26511 24596 3915
22 26510 24590 3915
23 26478 24585 3914
21 26453 24594 3916
22 26425 24596 3915
22 26406 24596 3921
22 26407 24597 3915
21 26411 24594 3919
23 26423 24600 3917
21 26458 24602 3918
22 26468 24595 3914
22 26499 24599 3917
22 26477 24599 3918
21 26480 24601 3914
23 26473 24606 3915
21 26479 24603 3917
22 26574 24599 3912
22 26800 24601 3915
22 27097 24599 3919
21 27300 24602 3914
23 27291 24603 3914
21 27112 24599 3920
22 26836 24600 3914
22 26611 24605 3913
22 26457 24599 3916
21 26411 24606 3917
23 26437 24603 3917
21 26465 24608 3917
22 26478 24613 3917
22 26462 24609 3915
22 26446 24614 3916
21 26437 24612 3915
23 26444 24612 3916
21 26505 24615 3915
22 26506 24611 3916
22 26528 24616 3916
22 26505 24618 3915
21 26466 24620 3914
23 26398 24621 3916
21 26359 24628 3913
22 26359 24624 3917
22 26394 24629 3921
22 26454 24629 3915
22 26503 24628 3917
21 26550 24631 3918
23 26574 24628 3917
21 26597 24632 3913
22 26596 24632 3919
22 26562 24640 3917
22 26538 24637 3920
21 26515 24645 3915
23 26613 24639 3912
21 26858 24639 3916
22 27130 24645 3917
22 27272 24645 3916
22 27259 24640 3913
21 27061 24643 3917
23 26828 24645 3915
21 26607 24649 3917
22 26468 24645 3916
22 26448 24645 3912
22 26467 24643 3913
21 26487 24644 3919
23 26502 24639 3917
21 26503 24645 3913
22 26501 24651 3914
22 26540 24636 3915
22 26538 24650 3915
21 26535 24646 3914
23 26506 24649 3917
21 26497 24651 3917
22 26491 24646 3916
22 26445 24641 3920
22 26412 24648 3916
21 26396 24648 3913
23 26391 24646 3918
21 26418 24649 3917
22 26438 24645 3917
22 26440 24648 3915
22 26426 24645 3915
21 26442 24646 3913
23 26460 24648 3914
21 26599 24647 3917
22 26825 24649 3919
23 27049 24648 3910
21 27169 24643 3916
22 27091 24644 3915
22 26917 24652 3915
22 26702 24646 3920
21 26512 24651 3916
23 26412 24649 3914
21 26383 24650 3915
22 26384 24649 3914
22 26397 24649 3916
22 26431 24654 3917
21 26467 24650 3915
23 26494 24653 3912
21 26533 24651 3917
22 26554 24655 3916
22 26543 24644 3916
22 26495 24652 3916
21 26491 24650 3915
23 26464 24654 3914
21 26440 24648 3913
22 26423 24645 3915
22 26410 24649 3914
22 26428 24647 3917
21 26437 24652 3914
22 26444 24645 3919
22 26416 24645 3918
22 26416 24648 3909
21 26407 24644 3916
23 26391 24647 3914
21 26426 24646 3915
22 26526 24646 3913
22 26778 24643 3915
22 27031 24646 3916
21 27154 24647 3915
23 27120 24642 3915
21 27003 24648 3915
22 27051 24641 3916
22 26963 24648 3917
22 26838 24646 3915
21 26678 24640 3915
23 26546 24640 3918
21 26448 24636 3916
22 26383 24629 3915
23 26369 24622 3914
21 26387 24621 3918
22 26416 24622 3915
22 26462 24605 3917
22 26484 24609 3916
21 26518 24609 3915
23 26514 24607 3916
21 26504 24608 3914
22 26472 24603 3915
22 26427 24606 3913
22 26406 24602 3916
21 26402 24595 3915
23 26391 24605 3914
21 26390 24601 3915
22 26411 24602 3917
22 26431 24603 3918
22 26452 24603 3917
21 26467 24609 3915
23 26511 24608 3914
21 26658 24606 3917
22 26891 24608 3913
22 27079 24610 3911
22 27123 24609 3912
21 27012 24616 3914
23 26827 24617 3914
21 26665 24616 3915
22 26521 24624 3915
22 26444 24625 3914
22 26449 24627 3914
21 26479 24629 3912
23 26495 24632 3917
21 26486 24633 3917
22 26501 24637 3915
22 26511 24636 3914
22 26544 24642 3915
21 26533 24645 3914
23 26500 24649 3917
21 26459 24649 3916
22 26436 24654 3915
22 26425 24654 3913
22 26417 24660 3915
21 26424 24667 3916
23 26416 24667 3918
22 26440 24670 3913
21 26428 24670 3915
22 26475 24669 3916
22 26484 24676 3916
22 26498 24683 3908
21 26573 24677 3915
23 26741 24682 3916
21 26982 24682 3913
22 27124 24689 3918
22 27174 24690 3918
22 27050 24689 3918
21 26813 24689 3917
23 26599 24688 3913
21 26482 24688 3917
22 26441 24687 3916
22 26472 24695 3914
22 26494 24698 3915
21 26525 24694 3921
23 26562 24699 3917
21 26579 24702 3916
22 26596 24696 3915
22 26613 24699 3916
22 26585 24695 3911
21 26565 24701 3915
23 26536 24694 3918
21 26506 24705 3917
22 26497 24702 3920
22 26476 24706 3916
22 26458 24707 3916
21 26448 24703 3921
23 26439 24702 3915
21 26404 24706 3914
22 26400 24703 3916
22 26383 24699 3918
22 26361 24704 3916
21 26386 24702 3918
23 26407 24702 3916
21 26531 24702 3916
22 26766 24701 3924
22 27004 24702 3910
22 27105 24695 3913
21 27063 24701 3915
23 26905 24703 3910
22 26742 24696 3914
21 26599 24696 3913
23 26548 24697 3914
21 26543 24696 3920
22 26547 24695 3912
22 26565 24697 3914
22 26561 24694 3918
21 26560 24688 3912
23 26538 24693 3914
21 26514 24694 3913
22 26517 24689 3915
22 26527 24693 3914
22 26500 24687 3914
21 26512 24688 3915
23 26497 24688 3915
21 26491 24678 3913
22 26488 24684 3914
22 26485 24688 3915
22 26448 24686 3913
21 26436 24681 3918
23 26426 24680 3918
21 26435 24678 3914
22 26427 24678 3914
21 26423 24681 3917
23 26399 24674 3914
21 26410 24686 3913
22 26515 24676 3916
22 26684 24673 3915
22 26931 24677 3914
21 27102 24675 3918
23 27133 24674 3912
21 27017 24675 3917
22 26837 24672 3917
22 26699 24671 3919
22 26590 24670 3914
21 26537 24676 3917
23 26535 24672 3918
21 26569 24669 3918
22 26580 24676 3915
22 26588 24668 3915
22 26568 24661 3916
22 26604 24659 3919
22 26608 24656 3916
22 26565 24663 3913
21 26510 24661 3916
23 26456 24654 3915
21 26422 24665 3916
22 26380 24660 3913
22 26362 24661 3916
22 26346 24663 3915
21 26367 24662 3914
23 26390 24659 3914
21 26440 24657 3916
22 26458 24657 3920
22 26468 24657 3917
22 26457 24660 3913
21 26428 24657 3916
23 26455 24658 3916
21 26604 24659 3916
22 26813 24656 3913
22 27012 24660 3911
22 27108 24653 3916
21 27033 24659 3914
23 26863 24656 3910
21 26681 24652 3916
22 26572 24659 3916
22 26541 24660 3917
22 26550 24653 3919
21 26563 24661 3914
23 26567 24658 3913
21 26563 24660 3918
22 26563 24653 3914
22 26566 24656 3914
22 26588 24655 3914
21 26596 24652 3915
23 26566 24658 3915
21 26537 24658 3914
22 26506 24653 3915
22 26467 24662 3916
22 26477 24660 3914
21 26463 24655 3914
23 26464 24660 3914
22 26486 24653 3914
21 26483 24649 3917
23 26456 24658 3916
21 26441 24652 3913
22 26431 24655 3914
21 26429 24649 3915
23 26403 24652 3916
21 26420 24649 3915
22 26395 24649 3915
22 26383 24648 3918
22 26409 24645 3913
21 26501 24645 3918
23 26761 24645 3918
21 27076 24649 3914
22 27272 24649 3917
22 27294 24651 3917
22 27161 24651 3914
21 26940 24644 3918
23 26756 24647 3918
21 26609 24646 3918
22 26581 24645 3915
22 26576 24644 3915
22 26577 24646 3914
21 26550 24645 3913
23 26508 24640 3912
21 26499 24640 3912
22 26514 24648 3914
22 26546 24637 3915
22 26581 24645 3912
21 26577 24640 3920
23 26573 24641 3916
21 26546 24644 3916
22 26531 24641 3914
22 26486 24636 3919
22 26449 24643 3916
21 26435 24630 3916
23 26419 24638 3917
21 26458 24638 3917
22 26427 24633 3915
22 26450 24642 3916
22 26445 24629 3916
21 26447 24631 3912
23 26445 24634 3912
22 26426 24631 3916
21 26413 24632 3912
23 26421 24637 3914
21 26475 24626 3914
22 26651 24630 3914
22 26937 24632 3914
22 27172 24629 3916
21 27289 24631 3914
23 27198 24632 3914
21 26980 24633 3915
22 26730 24623 3914
22 26577 24632 3917
22 26491 24633 3918
21 26494 24636 3915
23 26522 24638 3915
21 26500 24638 3917
22 26518 24642 3914
22 26499 24639 3915
22 26514 24640 3914
21 26557 24640 3915
23 26564 24647 3915
21 26547 24644 3915
22 26527 24646 3916
22 26486 24654 3917
22 26448 24647 3912
21 26424 24651 3914
22 26411 24652 3917
22 26425 24649 3918
22 26421 24653 3914
21 26453 24649 3917
23 26462 24654 3916
21 26471 24657 3916
22 26469 24657 3915
22 26476 24651 3915
22 26452 24656 3917
21 26484 24654 3911
23 26601 24651 3911
21 26872 24659 3915
22 27137 24649 3917
22 27271 24653 3922
22 27196 24650 3918
21 26983 24653 3916
23 26731 24652 3916
22 26551 24646 3916
21 26457 24647 3913
23 26442 24640 3912
21 26483 24644 3916
22 26485 24644 3914
22 26478 24637 3916
22 26460 24651 3917
21 26473 24645 3913
23 26482 24647 3915
21 26491 24650 3915
22 26516 24644 3914
22 26496 24643 3916
22 26477 24644 3913
21 26464 24639 3918
23 26416 24641 3911
21 26397 24642 3916
22 26380 24640 3920
22 26366 24642 3917
22 26370 24644 3915
21 26378 24648 3913
23 26396 24639 3914
21 26393 24638 3916
22 26387 24643 3914
22 26423 24641 3911
22 26431 24637 3915
21 26445 24642 3914
23 26481 24641 3911
21 26485 24637 3915
22 26501 24636 3913
22 26583 24640 3913
22 26829 24639 3917
21 27150 24633 3911
23 27401 24639 3914
21 27419 24637 3918
22 27195 24637 3915
22 26882 24636 3917
22 26603 24636 3915
21 26409 24630 3916
23 26333 24633 3917
21 26372 24628 3914
22 26410 24628 3915
23 26446 24627 3914
21 26442 24626 3913
22 26440 24620 3914
22 26441 24629 3919
22 26448 24624 3913
21 26470 24618 3914
22 26492 24621 3918
22 26498 24614 3914
22 26508 24620 3918
21 26507 24617 3917
23 26498 24620 3917
21 26465 24623 3915
22 26451 24622 3917
22 26428 24615 3916
22 26409 24620 3915
21 26384 24613 3914
23 26381 24611 3918
21 26396 24613 3914
22 26381 24608 3915
22 26401 24613 3918
22 26436 24610 3917
21 26459 24607 3913
23 26482 24609 3914
21 26517 24608 3915
22 26653 24607 3915
22 26932 24599 3916
22 27257 24602 3915
21 27455 24603 3917
23 27393 24600 3912
21 27162 24605 3913
22 26878 24605 3913
22 26614 24605 3916
22 26466 24602 3918
21 26407 24602 3916
23 26440 24601 3912
21 26477 24594 3916
22 26487 24610 3913
22 26496 24600 3916
22 26509 24596 3915
21 26496 24600 3911
23 26533 24603 3912
21 26529 24597 3917
22 26519 24600 3912
23 26501 24593 3909
21 26442 24592 3913
22 26412 24596 3914
22 26367 24597 3908
22 26362 24594 3913
21 26353 24598 3914
23 26368 24593 3914
21 26380 24591 3915
22 26405 24596 3913
22 26471 24598 3916
22 26475 24598 3913
21 26491 24597 3914
23 26482 24596 3915
21 26489 24593 3915
22 26596 24593 3915
22 26868 24591 3914
22 27172 24594 3917
21 27323 24591 3915
23 27270 24596 3913
21 27053 24588 3915
22 26775 24593 3915
22 26556 24592 3917
22 26393 24593 3913
21 26349 24598 3916
23 26381 24590 3917
21 26440 24595 3913
22 26461 24596 3917
21 26490 24596 3918
23 26504 24596 3917
21 26508 24594 3913
22 26528 24592 3916
22 26506 24593 3914
22 26509 24595 3915
21 26463 24597 3914
23 26454 24595 3917
21 26429 24594 3916
22 26414 24595 3914
22 26406 24593 3915
22 26407 24598 3915
21 26421 24593 3919
23 26431 24596 3911
22 26453 24604 3915
21 26470 24591 3915
23 26475 24598 3912
21 26469 24595 3915
22 26477 24594 3915
22 26452 24585 3913
22 26466 24596 3917
21 26571 24588 3915
23 26836 24589 3915
21 27157 24595 3916
22 27357 24593 3916
22 27336 24596 3917
22 27116 24585 3913
21 26841 24593 3913
23 26596 24588 3912
21 26458 24593 3917
22 26398 24597 3918
22 26443 24588 3915
22 26475 24591 3915
21 26510 24586 3914
23 26524 24592 3914
21 26534 24594 3915
22 26554 24593 3917
22 26571 24595 3910
22 26558 24589 3913
21 26540 24591 3912
23 26534 24591 3910
21 26496 24590 3915
22 26450 24600 3916
22 26402 24595 3917
22 26385 24589 3914
21 26363 24599 3915
23 26358 24597 3917
21 26348 24596 3913
22 26357 24597 3915
22 26393 24597 3916
22 26396 24593 3917
21 26408 24599 3916
23 26406 24599 3915
21 26430 24601 3914
22 26541 24601 3913
23 26778 24599 3916
21 27066 24602 3913
22 27250 24599 3913
22 27246 24601 3916
22 27076 24604 3913
21 26842 24597 3917
23 26618 24604 3918
21 26444 24606 3912
22 26399 24603 3918
21 26416 24601 3918
23 26412 24605 3916
21 26442 24603 3912
22 26455 24606 3914
22 26482 24605 3917
22 26481 24602 3913
21 26491 24602 3920
23 26488 24603 3913
21 26497 24610 3916
22 26492 24604 3912
22 26496 24604 3913
22 26486 24606 3914
21 26465 24601 3913
23 26445 24608 3913
21 26426 24607 3914
22 26416 24603 3915
22 26401 24602 3916
22 26387 24604 3912
21 26377 24605 3915
23 26361 24601 3914
21 26394 24604 3912
22 26456 24604 3916
22 26645 24604 3913
22 26860 24603 3912
21 27014 24606 3917
23 27042 24606 3919
21 26958 24610 3915
22 26789 24607 3917
22 26609 24611 3917
22 26494 24613 3917
21 26474 24604 3915
23 26479 24606 3912
21 26514 24606 3912
22 26539 24607 3914
23 26551 24611 3916
21 26574 24610 3913
22 26567 24602 3914
22 26564 24607 3913
22 26543 24603 3914
21 26499 24606 3911
23 26468 24605 3915
21 26435 24600 3917
22 26409 24604 3913
22 26399 24606 3913
22 26378 24602 3914
21 26378 24603 3913
23 26385 24603 3913
21 26409 24606 3915
22 26410 24602 3915
22 26440 24605 3913
22 26470 24605 3916
21 26511 24600 3913
23 26538 24604 3915
21 26590 24599 3915
22 26710 24605 3915
22 26923 24601 3913
22 27096 24600 3912
21 27155 24598 3913
23 27073 24599 3915
21 26898 24596 3913
22 26712 24597 3915
22 26560 24594 3913
22 26467 24596 3914
21 26432 24589 3914
22 26409 24593 3914
22 26398 24589 3914
22 26403 24588 3907
21 26423 24588 3913
23 26432 24591 3913
21 26468 24593 3918
22 26489 24589 3914
22 26516 24588 3913
22 26511 24589 3918
21 26493 24595 3914
23 26481 24590 3912
21 26474 24589 3916
22 26454 24583 3917
23 26425 24593 3920
21 26427 24589 3912
22 26402 24582 3914
22 26398 24596 3915
22 26406 24587 3911
21 26404 24585 3912
23 26399 24580 3916
21 26398 24587 3914
22 26417 24579 3914
22 26533 24574 3914
22 26723 24583 3916
21 26899 24581 3913
23 26971 24580 3916
21 26875 24581 3914
22 26717 24583 3914
22 26527 24585 3912
22 26369 24587 3916
21 26282 24590 3913
23 26243 24595 3913
21 26281 24597 3920
22 26320 24601 3911
22 26374 24610 3914
22 26400 24613 3914
21 26465 24618 3912
23 26486 24623 3908
21 26533 24627 3915
22 26578 24638 3914
22 26606 24648 3910
22 26672 24649 3915
21 26768 24660 3913
23 27016 24670 3916
21 27219 24672 3915
22 27185 24681 3914
22 26976 24685 3913
22 26751 24685 3915
21 26567 24681 3910
23 26415 24684 3920
21 26346 24684 3915
22 26336 24683 3917
22 26432 24680 3915
22 26622 24678 3916
21 26775 24676 3914
23 26842 24675 3916
22 26763 24673 3911
21 26642 24671 3915
23 26482 24671 3913
21 26350 24667 3913
22 26286 24666 3915
22 26287 24671 3915
22 26330 24667 3913
21 26360 24667 3913
22 26386 24671 3913
22 26430 24663 3916
22 26484 24668 3914
21 26484 24673 3915
23 26486 24671 3915
21 26466 24677 3913
22 26445 24674 3917
22 26407 24674 3917
22 26354 24675 3912
21 26336 24673 3915
23 26329 24664 3917
21 26307 24671 3913
22 26309 24669 3912
22 26267 24665 3914
22 26285 24667 3914
21 26282 24660 3914
23 26287 24662 3912
21 26297 24658 3915
22 26309 24656 3916
22 26336 24645 3916
22 26493 24652 3916
21 26767 24653 3916
23 27029 24638 3916
21 27131 24642 3916
22 27016 24640 3912
22 26758 24636 3914
22 26489 24635 3913
21 26293 24630 3914
23 26236 24626 3914
21 26279 24626 3914
22 26405 24617 3914
22 26539 24616 3912
22 26612 24609 3914
22 26649 24605 3913
22 26665 24605 3913
22 26663 24602 3913
21 26619 24603 3913
23 26615 24602 3914
21 26566 24599 3916
22 26522 24598 3916
22 26503 24596 3910
22 26511 24593 3912
21 26511 24598 3915
23 26516 24602 3919
21 26511 24596 3914
22 26501 24602 3915
22 26494 24604 3916
22 26509 24602 3911
21 26509 24603 3915
23 26539 24600 3917
21 26589 24598 3914
22 26603 24601 3913
22 26630 24603 3913
22 26734 24600 3912
21 26935 24604 3912
23 27165 24603 3913
21 27293 24605 3912
22 27317 24600 3915
22 27179 24603 3914
22 27000 24599 3911
21 26830 24606 3913
23 26693 24607 3915
21 26613 24606 3910
22 26581 24610 3915
21 26562 24610 3916
23 26572 24605 3915
21 26558 24607 3911
22 26555 24614 3914
22 26558 24608 3915
22 26588 24612 3913
21 26623 24613 3913
23 26655 24613 3913
21 26643 24617 3915
22 26627 24615 3913
23 26599 24614 3913
21 26544 24615 3916
22 26501 24617 3916
22 26470 24613 3914
22 26480 24612 3915
21 26468 24613 3914
23 26482 24618 3914
21 26496 24618 3915
22 26485 24611 3914
22 26513 24611 3912
22 26590 24610 3913
21 26815 24611 3912
23 27069 24602 3915
21 27270 24611 3914
22 27294 24612 3915
22 27158 24607 3913
22 26940 24610 3914
21 26725 24605 3912
23 26550 24610 3913
21 26473 24611 3911
22 26470 24606 3911
22 26459 24608 3912
22 26452 24607 3915
21 26478 24603 3912
23 26510 24605 3913
21 26547 24607 3915
22 26558 24604 3911
22 26586 24601 3911
22 26564 24601 3916
21 26532 24597 3912
23 26496 24604 3913
21 26460 24598 3914
22 26444 24606 3914
22 26433 24603 3915
22 26422 24594 3913
21 26402 24599 3914
23 26412 24601 3915
21 26396 24597 3915
22 26415 24604 3913
22 26418 24601 3915
22 26427 24598 3912
21 26428 24600 3913
23 26471 24601 3911
22 26645 24604 3917
21 26945 24601 3913
23 27226 24599 3912
21 27357 24602 3913
22 27289 24598 3912
22 27081 24607 3916
22 26801 24604 3911
21 26554 24599 3917
23 26405 24605 3915
21 26336 24603 3911
22 26364 24600 3915
21 26441 24601 3916
23 26464 24595 3913
21 26492 24601 3914
22 26538 24609 3911
22 26577 24603 3915
22 26618 24599 3915
21 26607 24607 3912
23 26587 24595 3916
21 26528 24602 3915
22 26495 24608 3915
22 26431 24607 3916
22 26404 24599 3912
21 26378 24604 3915
23 26384 24612 3913
21 26389 24613 3916
22 26393 24621 3913
22 26421 24616 3915
22 26426 24618 3916
21 26434 24617 3917
23 26406 24610 3913
21 26397 24623 3912
22 26403 24630 3912
22 26404 24616 3916
22 26478 24625 3912
21 26663 24621 3918
23 26925 24626 3917
21 27078 24627 3913
22 27126 24627 3916
22 27030 24631 3913
22 26842 24633 3917
21 26661 24641 3911
23 26544 24635 3916
22 26510 24630 3914
21 26508 24632 3910
23 26512 24634 3917
21 26512 24636 3915
22 26518 24636 3911
22 26552 24631 3908
22 26562 24632 3912
21 26593 24633 3913
23 26584 24634 3907
21 26561 24629 3910
22 26520 24632 3912
22 26471 24630 3914
22 26423 24631 3913
21 26379 24632 3915
23 26374 24633 3915
21 26376 24633 3912
22 26341 24634 3919
22 26347 24628 3912
