22 26544 31543 4529
22 26582 31545 4512
22 26556 31542 4529
22 26442 31547 4512
22 26407 31542 4493
21 26335 31541 4509
23 26326 31543 4510
21 26409 31547 4495
23 26373 31541 4512
21 26400 31543 4512
22 26400 31545 4513
22 26449 31543 4511
22 26424 31539 4530
22 26399 31544 4529
22 26409 31547 4512
21 26363 31543 4477
23 26373 31544 4495
21 26311 31543 4528
23 26358 31542 4494
21 26323 31547 4495
23 26380 31542 4516
21 26406 31541 4512
22 26390 31545 4530
22 26466 31543 4512
22 26490 31540 4494
22 26549 31546 4530
22 26579 31545 4511
21 26556 31542 4496
23 26562 31541 4511
22 26579 31542 4495
22 26538 31547 4494
22 26425 31548 4512
21 26368 31548 4531
23 26335 31547 4512
21 26360 31541 4495
23 26420 31546 4514
21 26368 31548 4512
22 26413 31547 4509
22 26305 31548 4528
22 26333 31546 4494
22 26359 31545 4528
22 26393 31544 4495
21 26349 31547 4529
23 26345 31546 4533
21 26322 31544 4531
23 26345 31546 4495
21 26359 31545 4530
22 26403 31546 4514
22 26342 31546 4494
22 26196 31546 4512
22 26215 31549 4494
22 26132 31546 4513
21 26191 31545 4528
23 26295 31543 4513
21 26331 31538 4531
23 26425 31543 4532
21 26462 31543 4529
22 26556 31544 4529
22 26488 31544 4529
22 26407 31544 4511
22 26371 31544 4528
22 26320 31545 4512
22 26421 31546 4548
22 26339 31546 4496
21 26380 31546 4494
23 26363 31542 4549
22 26391 31541 4546
22 26440 31545 4530
22 26484 31549 4530
21 26473 31546 4512
23 26586 31550 4549
21 26535 31543 4529
23 26549 31547 4529
21 26514 31544 4549
22 26520 31545 4531
22 26458 31546 4511
22 26420 31540 4512
22 26403 31540 4512
22 26446 31546 4514
21 26430 31542 4530
23 26436 31541 4512
21 26521 31544 4494
23 26599 31543 4493
21 26625 31544 4513
22 26592 31542 4513
22 26598 31544 4513
22 26558 31547 4513
22 26472 31542 4512
22 26510 31545 4513
21 26397 31543 4531
23 26389 31545 4511
21 26329 31546 4530
23 26395 31542 4513
21 26482 31546 4530
22 26458 31546 4476
22 26470 31546 4512
22 26436 31546 4513
22 26378 31540 4513
22 26392 31542 4494
22 26366 31543 4511
22 26395 31544 4530
22 26363 31545 4511
22 26414 31544 4511
22 26310 31545 4513
22 26331 31542 4494
22 26396 31546 4512
21 26367 31543 4513
23 26474 31543 4512
21 26596 31543 4550
23 26597 31541 4511
21 26621 31543 4513
22 26511 31542 4529
22 26526 31544 4530
22 26429 31545 4530
22 26420 31544 4494
22 26401 31543 4510
21 26303 31543 4512
23 26372 31541 4512
21 26334 31541 4512
23 26440 31542 4497
21 26391 31545 4531
22 26450 31539 4530
22 26403 31543 4529
22 26449 31544 4548
22 26372 31546 4494
22 26358 31544 4493
21 26382 31545 4513
23 26411 31548 4546
21 26362 31543 4549
23 26357 31544 4495
21 26376 31545 4566
22 26459 31547 4512
22 26506 31547 4512
22 26605 31544 4513
22 26620 31543 4512
22 26510 31546 4512
21 26511 31546 4511
23 26482 31544 4494
22 26452 31542 4513
22 26409 31544 4529
22 26381 31545 4513
22 26385 31541 4529
22 26412 31546 4531
21 26426 31546 4514
23 26516 31541 4529
21 26402 31547 4508
23 26458 31542 4511
21 26523 31544 4528
22 26426 31540 4528
22 26466 31540 4531
22 26361 31546 4530
22 26391 31545 4512
22 26382 31545 4530
21 26295 31546 4547
23 26355 31542 4511
21 26325 31544 4530
23 26331 31545 4512
21 26318 31544 4493
22 26419 31542 4510
22 26414 31540 4495
22 26571 31544 4529
22 26574 31542 4513
22 26562 31541 4531
21 26495 31542 4527
23 26445 31543 4529
21 26405 31542 4531
23 26397 31541 4548
21 26304 31546 4511
22 26298 31543 4493
22 26316 31544 4512
22 26299 31546 4494
22 26418 31546 4513
22 26390 31542 4513
21 26412 31544 4529
23 26441 31542 4546
22 26369 31541 4546
22 26387 31540 4530
22 26358 31546 4531
22 26389 31543 4511
22 26309 31545 4530
21 26280 31542 4530
23 26349 31547 4495
21 26391 31544 4529
23 26452 31543 4530
21 26453 31542 4532
22 26605 31543 4512
22 26617 31544 4530
22 26619 31542 4511
22 26503 31544 4529
22 26553 31541 4530
21 26425 31546 4529
23 26378 31542 4512
21 26358 31542 4510
23 26379 31545 4528
21 26303 31542 4495
22 26344 31543 4532
22 26373 31543 4549
22 26503 31545 4546
22 26437 31545 4495
22 26399 31544 4493
21 26313 31546 4494
23 26340 31547 4495
21 26354 31547 4528
23 26391 31546 4530
21 26385 31544 4528
22 26308 31545 4530
22 26364 31548 4530
22 26362 31546 4513
22 26489 31547 4531
22 26535 31548 4531
21 26591 31543 4511
23 26609 31547 4494
22 26550 31542 4494
22 26548 31547 4527
22 26417 31546 4528
21 26442 31546 4532
23 26386 31540 4530
21 26400 31545 4547
23 26368 31545 4531
21 26356 31540 4513
23 26389 31542 4530
21 26387 31547 4512
22 26377 31544 4512
22 26423 31547 4495
22 26400 31543 4529
22 26353 31545 4510
22 26374 31545 4527
21 26424 31544 4548
23 26379 31546 4529
21 26310 31550 4513
23 26350 31545 4530
21 26433 31543 4530
22 26524 31543 4511
22 26641 31549 4513
22 26640 31544 4531
22 26600 31544 4494
22 26512 31537 4512
21 26492 31533 4547
23 26487 31525 4531
21 26444 31521 4548
23 26342 31512 4529
21 26330 31504 4547
22 26348 31495 4511
22 26231 31482 4513
22 26344 31472 4512
22 26369 31472 4531
22 26381 31465 4547
22 26389 31472 4531
22 26399 31476 4532
22 26413 31483 4514
22 26385 31494 4511
22 26337 31502 4528
21 26332 31512 4530
23 26244 31513 4511
21 26327 31520 4512
23 26355 31522 4511
21 26359 31523 4548
23 26480 31528 4513
21 26507 31527 4546
22 26608 31523 4527
22 26661 31523 4531
22 26563 31525 4511
22 26623 31523 4531
22 26517 31522 4512
21 26418 31521 4530
23 26419 31523 4528
21 26462 31531 4512
23 26454 31530 4512
21 26410 31535 4529
22 26343 31535 4531
22 26322 31535 4530
22 26314 31535 4513
22 26336 31542 4549
22 26334 31540 4530
21 26400 31538 4531
23 26451 31545 4529
21 26347 31538 4548
23 26420 31545 4495
21 26367 31546 4512
22 26350 31544 4529
22 26320 31543 4546
22 26353 31543 4527
23 26402 31547 4550
21 26357 31543 4512
22 26354 31542 4546
22 26321 31544 4531
22 26419 31544 4529
22 26443 31545 4512
22 26512 31544 4527
21 26579 31544 4513
23 26568 31546 4529
21 26590 31543 4513
23 26603 31544 4511
21 26504 31546 4513
22 26461 31545 4530
22 26414 31544 4531
22 26425 31545 4512
22 26368 31545 4512
22 26371 31544 4512
22 26350 31545 4528
22 26405 31545 4511
21 26399 31546 4512
23 26347 31546 4513
21 26416 31542 4513
23 26342 31544 4566
21 26414 31546 4531
22 26366 31546 4512
22 26381 31543 4514
22 26390 31546 4530
22 26347 31546 4476
22 26360 31543 4510
21 26403 31543 4528
23 26409 31547 4511
21 26404 31548 4513
23 26422 31548 4513
21 26491 31543 4545
22 26539 31542 4513
22 26620 31543 4546
22 26623 31542 4511
23 26563 31546 4529
21 26448 31544 4512
22 26474 31545 4529
22 26457 31546 4512
22 26444 31545 4513
22 26405 31543 4513
22 26367 31548 4550
21 26334 31543 4495
23 26335 31542 4495
21 26330 31544 4513
23 26422 31547 4511
21 26371 31544 4529
22 26453 31546 4529
22 26406 31543 4528
22 26441 31541 4477
22 26396 31543 4511
22 26383 31544 4530
22 26315 31542 4496
22 26397 31547 4528
21 26412 31544 4512
23 26390 31547 4511
21 26343 31547 4494
23 26415 31549 4511
21 26563 31552 4529
22 26578 31555 4529
22 26698 31549 4511
22 26621 31553 4528
22 26610 31548 4531
22 26504 31548 4534
21 26492 31548 4531
23 26415 31547 4512
21 26358 31547 4528
23 26356 31546 4511
21 26308 31543 4530
22 26328 31545 4529
22 26403 31547 4531
22 26366 31546 4528
23 26383 31547 4531
21 26402 31547 4547
22 26454 31547 4531
22 26369 31546 4530
22 26349 31544 4496
22 26327 31546 4529
22 26319 31546 4529
21 26293 31548 4512
23 26342 31545 4493
21 26381 31548 4512
23 26371 31545 4494
21 26414 31545 4511
22 26408 31548 4495
22 26448 31545 4550
22 26550 31546 4549
22 26576 31546 4529
22 26625 31546 4511
21 26557 31547 4512
23 26542 31547 4509
21 26507 31545 4510
23 26367 31547 4512
21 26354 31546 4512
23 26333 31542 4510
21 26396 31542 4496
22 26395 31546 4548
22 26389 31547 4529
22 26400 31545 4512
22 26353 31542 4512
22 26400 31546 4530
21 26379 31541 4510
23 26417 31544 4512
21 26392 31543 4493
23 26362 31543 4512
21 26375 31541 4512
22 26338 31541 4513
22 26313 31546 4546
22 26290 31546 4512
23 26415 31541 4512
21 26304 31544 4531
22 26270 31546 4530
22 26399 31542 4511
22 26450 31541 4512
22 26448 31546 4495
22 26551 31545 4495
21 26563 31545 4528
23 26543 31546 4532
21 26552 31546 4528
23 26455 31549 4513
21 26441 31545 4511
22 26384 31545 4511
22 26377 31545 4493
22 26429 31544 4513
22 26388 31546 4531
22 26331 31542 4493
21 26377 31540 4528
23 26398 31545 4512
21 26445 31539 4531
23 26385 31543 4546
21 26354 31542 4547
22 26370 31542 4511
22 26317 31544 4511
22 26404 31545 4512
22 26390 31545 4512
22 26325 31543 4495
22 26360 31545 4494
22 26404 31541 4529
21 26405 31544 4548
23 26398 31547 4496
21 26502 31548 4495
23 26514 31545 4512
21 26593 31541 4512
22 26517 31542 4511
23 26415 31543 4494
21 26451 31544 4513
23 26316 31542 4512
21 26388 31543 4493
22 26360 31546 4514
22 26338 31545 4514
22 26379 31545 4531
22 26364 31544 4530
22 26426 31545 4511
21 26441 31543 4532
23 26469 31543 4530
21 26455 31549 4528
23 26353 31544 4530
21 26392 31544 4493
22 26305 31547 4494
22 26312 31545 4493
22 26296 31548 4512
22 26328 31544 4512
22 26385 31543 4530
21 26425 31544 4549
23 26389 31543 4513
21 26500 31543 4511
23 26552 31541 4494
21 26591 31545 4528
22 26597 31541 4494
22 26566 31543 4527
22 26421 31547 4531
22 26350 31546 4547
22 26367 31545 4514
22 26346 31544 4512
22 26316 31547 4529
21 26353 31544 4532
23 26376 31544 4512
21 26419 31544 4512
23 26382 31544 4531
21 26394 31549 4495
22 26388 31543 4513
23 26359 31547 4530
21 26360 31543 4512
23 26406 31549 4549
21 26419 31548 4549
22 26369 31543 4511
22 26367 31541 4494
22 26331 31535 4510
22 26398 31533 4511
22 26424 31527 4510
21 26429 31527 4528
23 26523 31524 4548
21 26545 31529 4549
23 26583 31533 4531
21 26578 31531 4513
22 26472 31534 4513
22 26439 31536 4512
22 26428 31538 4495
22 26299 31539 4491
22 26407 31541 4494
21 26314 31543 4512
23 26356 31545 4492
21 26347 31544 4530
23 26383 31550 4531
21 26370 31546 4532
22 26377 31549 4528
22 26415 31543 4531
22 26434 31548 4530
22 26421 31545 4529
22 26354 31545 4493
21 26392 31548 4511
23 26370 31544 4513
21 26427 31541 4494
23 26417 31544 4495
21 26406 31544 4511
23 26338 31543 4513
21 26517 31547 4530
22 26477 31541 4512
23 26529 31539 4530
21 26564 31543 4511
23 26501 31542 4513
21 26472 31541 4512
22 26450 31544 4528
22 26438 31547 4512
22 26370 31546 4477
22 26346 31547 4510
22 26344 31545 4530
21 26386 31543 4530
23 26394 31545 4565
21 26332 31547 4513
23 26414 31547 4494
21 26395 31542 4546
22 26433 31540 4511
22 26397 31540 4495
22 26437 31545 4513
22 26417 31542 4513
22 26382 31542 4512
21 26362 31542 4514
23 26339 31544 4511
21 26337 31542 4530
23 26354 31543 4531
21 26424 31542 4531
22 26439 31543 4511
22 26479 31541 4546
22 26554 31546 4527
22 26546 31545 4514
22 26546 31543 4531
21 26526 31545 4529
23 26471 31543 4532
21 26502 31543 4511
23 26356 31541 4531
21 26387 31543 4530
23 26261 31546 4529
21 26300 31544 4511
22 26379 31542 4495
23 26428 31541 4529
21 26425 31542 4511
23 26429 31543 4509
21 26441 31544 4531
22 26447 31547 4531
22 26482 31546 4530
22 26405 31549 4512
22 26324 31547 4529
22 26373 31541 4512
21 26329 31545 4493
23 26378 31544 4512
21 26430 31543 4510
23 26376 31545 4530
21 26441 31544 4550
22 26515 31542 4510
22 26588 31544 4548
22 26567 31546 4531
22 26552 31540 4529
22 26504 31543 4531
21 26401 31543 4511
23 26366 31546 4510
21 26366 31547 4509
23 26378 31544 4493
21 26423 31542 4528
22 26377 31542 4532
22 26414 31547 4496
22 26416 31546 4564
22 26464 31545 4514
22 26493 31542 4546
21 26412 31544 4513
23 26389 31543 4477
21 26343 31543 4493
23 26391 31541 4512
21 26378 31544 4477
22 26396 31544 4513
23 26420 31543 4532
21 26378 31546 4530
23 26383 31542 4530
21 26494 31544 4530
23 26564 31544 4531
21 26608 31545 4511
22 26604 31543 4493
22 26598 31542 4494
22 26410 31544 4530
22 26417 31544 4511
22 26396 31541 4527
21 26376 31543 4513
23 26391 31545 4531
21 26322 31544 4530
23 26388 31543 4495
21 26400 31545 4529
22 26378 31540 4512
22 26437 31541 4511
22 26441 31542 4494
22 26434 31541 4512
22 26431 31541 4494
21 26363 31542 4531
23 26383 31543 4494
21 26418 31544 4514
23 26357 31542 4494
21 26378 31544 4529
22 26401 31543 4530
22 26405 31543 4529
22 26402 31543 4476
22 26439 31543 4511
22 26540 31547 4531
21 26612 31542 4492
23 26605 31539 4513
21 26555 31541 4531
23 26492 31541 4550
21 26423 31544 4530
22 26384 31542 4564
23 26388 31542 4494
21 26377 31539 4529
23 26348 31544 4494
21 26393 31539 4513
23 26436 31542 4530
21 26334 31538 4513
22 26448 31544 4512
22 26454 31545 4512
22 26376 31543 4529
22 26414 31543 4533
22 26366 31540 4548
21 26400 31544 4529
23 26356 31543 4529
21 26381 31543 4491
23 26367 31545 4495
21 26414 31547 4510
22 26354 31547 4530
22 26362 31544 4513
22 26425 31542 4531
22 26493 31545 4529
22 26484 31546 4532
21 26612 31541 4531
23 26560 31541 4531
21 26539 31543 4528
23 26448 31542 4510
21 26406 31542 4530
22 26396 31545 4528
22 26305 31544 4530
22 26381 31541 4529
22 26413 31543 4531
22 26430 31544 4529
21 26428 31542 4547
23 26454 31543 4530
21 26399 31539 4511
23 26407 31542 4511
21 26422 31544 4494
22 26401 31544 4530
23 26391 31543 4529
21 26398 31543 4515
23 26410 31542 4532
21 26362 31541 4529
22 26453 31547 4529
22 26310 31546 4531
22 26368 31542 4564
22 26401 31546 4511
22 26423 31546 4494
22 26483 31546 4493
22 26486 31547 4530
21 26548 31545 4510
23 26588 31543 4513
21 26574 31541 4510
23 26552 31542 4512
21 26492 31544 4545
22 26456 31543 4529
22 26382 31543 4531
22 26370 31543 4529
22 26395 31541 4493
22 26402 31540 4510
21 26366 31546 4529
23 26421 31544 4513
21 26433 31542 4530
23 26425 31547 4530
21 26448 31547 4513
22 26421 31543 4528
22 26386 31546 4547
22 26396 31545 4528
22 26389 31545 4529
22 26432 31542 4494
21 26377 31544 4510
23 26351 31541 4512
21 26359 31542 4510
23 26440 31543 4513
21 26515 31543 4529
22 26543 31541 4513
23 26601 31543 4511
21 26570 31545 4530
23 26549 31543 4529
21 26452 31544 4530
22 26428 31546 4494
22 26404 31546 4512
22 26366 31546 4494
22 26338 31544 4511
22 26295 31543 4531
22 26427 31546 4529
22 26456 31546 4532
21 26437 31548 4529
23 26399 31548 4547
21 26409 31546 4529
23 26371 31548 4494
21 26335 31545 4494
22 26327 31545 4493
22 26359 31543 4529
22 26392 31545 4531
22 26389 31543 4532
22 26425 31545 4511
21 26352 31544 4530
23 26385 31547 4549
21 26397 31543 4530
23 26429 31545 4511
21 26518 31547 4511
22 26579 31539 4511
22 26542 31546 4496
22 26590 31544 4529
22 26597 31546 4496
22 26528 31547 4511
21 26489 31541 4514
23 26390 31545 4532
21 26347 31546 4496
23 26378 31544 4547
22 26379 31547 4512
21 26321 31542 4512
23 26439 31546 4511
21 26463 31544 4512
23 26395 31546 4530
21 26392 31546 4530
22 26449 31547 4530
22 26439 31545 4514
22 26421 31545 4548
22 26334 31544 4530
22 26378 31543 4549
21 26404 31545 4511
23 26413 31543 4511
21 26429 31545 4493
23 26389 31545 4546
21 26363 31547 4495
23 26424 31544 4510
21 26370 31546 4531
22 26401 31546 4511
22 26505 31548 4547
22 26576 31547 4512
22 26591 31544 4548
22 26528 31544 4530
21 26531 31546 4511
23 26492 31546 4512
21 26480 31546 4512
23 26437 31544 4495
21 26374 31545 4512
22 26375 31545 4512
22 26367 31548 4530
22 26379 31545 4511
22 26457 31546 4532
22 26421 31546 4512
21 26465 31542 4530
23 26458 31543 4477
21 26441 31543 4511
23 26351 31543 4510
22 26366 31545 4529
21 26410 31544 4512
23 26368 31542 4531
21 26421 31547 4530
23 26395 31545 4493
21 26303 31544 4547
22 26377 31542 4530
22 26364 31544 4529
22 26319 31546 4511
22 26386 31548 4510
22 26443 31545 4512
21 26408 31550 4511
23 26532 31545 4514
21 26598 31548 4527
23 26599 31544 4530
21 26582 31544 4530
22 26501 31541 4547
22 26412 31540 4548
22 26418 31544 4493
22 26419 31541 4513
22 26374 31543 4512
22 26383 31540 4548
22 26391 31541 4529
21 26411 31544 4511
23 26413 31545 4512
21 26462 31544 4512
23 26429 31547 4495
21 26442 31543 4513
22 26464 31540 4531
22 26432 31546 4511
22 26352 31543 4511
22 26365 31543 4493
22 26351 31543 4530
21 26372 31541 4513
23 26382 31545 4531
21 26375 31541 4510
23 26353 31544 4513
22 26367 31546 4530
21 26374 31545 4547
23 26366 31542 4513
21 26460 31546 4477
23 26448 31546 4512
21 26510 31547 4495
22 26550 31544 4529
22 26572 31544 4513
22 26530 31545 4530
22 26477 31547 4530
22 26448 31539 4565
21 26403 31543 4565
23 26335 31541 4529
21 26346 31544 4512
23 26405 31541 4529
21 26434 31544 4512
22 26413 31544 4496
22 26416 31546 4532
22 26417 31545 4513
22 26386 31543 4531
22 26381 31545 4529
22 26393 31543 4547
22 26338 31545 4530
21 26359 31546 4495
23 26380 31544 4531
21 26397 31540 4513
23 26317 31544 4494
21 26322 31545 4511
22 26397 31543 4511
22 26326 31545 4512
22 26387 31545 4531
22 26424 31546 4530
22 26336 31543 4512
21 26356 31544 4529
23 26392 31544 4530
21 26390 31544 4529
23 26410 31545 4492
22 26421 31546 4494
21 26543 31544 4529
23 26564 31543 4529
21 26638 31542 4513
23 26604 31546 4513
21 26529 31545 4513
22 26451 31543 4544
22 26436 31543 4533
22 26368 31546 4512
22 26423 31547 4510
22 26387 31545 4476
21 26392 31545 4512
23 26484 31543 4530
21 26451 31543 4528
23 26392 31542 4531
21 26462 31544 4530
22 26388 31542 4513
22 26377 31546 4528
22 26384 31544 4566
22 26388 31543 4530
22 26377 31546 4531
21 26392 31546 4511
23 26377 31546 4493
21 26413 31543 4495
23 26397 31543 4511
21 26371 31545 4531
23 26412 31545 4494
21 26396 31545 4512
22 26398 31541 4511
22 26328 31542 4546
22 26375 31542 4545
22 26326 31543 4530
22 26367 31542 4512
21 26403 31539 4495
23 26379 31543 4497
22 26394 31542 4528
22 26421 31541 4512
22 26549 31542 4512
21 26617 31542 4513
23 26641 31542 4512
21 26561 31538 4513
23 26513 31540 4512
21 26502 31545 4511
22 26446 31544 4511
22 26369 31540 4513
22 26355 31543 4530
22 26319 31543 4528
22 26377 31542 4531
21 26345 31543 4530
23 26441 31539 4532
21 26456 31541 4530
23 26401 31546 4526
21 26446 31544 4512
22 26374 31543 4493
22 26344 31543 4511
22 26409 31541 4494
22 26354 31544 4512
22 26408 31542 4527
21 26362 31543 4530
23 26419 31540 4513
21 26354 31540 4513
23 26370 31542 4530
21 26345 31540 4546
23 26419 31541 4512
21 26387 31545 4511
22 26393 31542 4509
22 26392 31541 4512
22 26372 31541 4495
22 26444 31544 4531
22 26459 31545 4529
21 26499 31546 4494
23 26604 31540 4530
22 26597 31542 4514
22 26580 31542 4511
22 26589 31541 4512
21 26430 31544 4494
23 26434 31540 4493
21 26378 31543 4514
23 26354 31543 4496
21 26370 31542 4512
22 26416 31545 4530
22 26471 31543 4531
22 26435 31544 4529
22 26423 31546 4513
22 26424 31545 4511
21 26445 31547 4511
23 26432 31545 4511
21 26358 31543 4493
23 26350 31542 4529
21 26403 31541 4494
22 26331 31542 4510
22 26420 31544 4530
22 26411 31547 4512
22 26385 31541 4528
22 26390 31541 4530
21 26396 31545 4528
23 26386 31543 4493
21 26374 31541 4494
23 26405 31546 4494
21 26396 31543 4510
22 26497 31543 4512
22 26563 31543 4531
22 26625 31545 4530
22 26631 31543 4548
22 26580 31545 4528
22 26564 31541 4547
22 26465 31542 4512
21 26472 31542 4529
23 26345 31548 4511
22 26353 31546 4511
22 26331 31545 4512
22 26387 31547 4530
21 26393 31543 4531
23 26427 31547 4495
21 26455 31541 4527
23 26421 31545 4545
21 26418 31547 4546
22 26429 31545 4529
22 26422 31544 4529
22 26360 31545 4476
22 26373 31544 4476
22 26355 31548 4529
21 26349 31543 4513
23 26323 31547 4496
21 26375 31542 4531
23 26390 31543 4530
21 26402 31546 4530
22 26334 31547 4528
22 26365 31545 4546
22 26329 31544 4511
22 26369 31540 4493
22 26357 31542 4512
21 26457 31546 4530
23 26545 31546 4512
21 26582 31546 4532
23 26609 31541 4512
21 26619 31541 4531
22 26553 31547 4511
22 26508 31544 4546
22 26495 31542 4530
22 26391 31543 4531
22 26400 31545 4494
22 26448 31546 4512
22 26406 31544 4510
21 26358 31544 4513
23 26389 31546 4531
22 26414 31543 4513
22 26412 31541 4532
22 26426 31542 4495
21 26381 31544 4531
23 26443 31545 4511
21 26436 31543 4512
23 26308 31543 4494
21 26311 31544 4476
22 26366 31545 4510
22 26320 31545 4513
22 26368 31548 4512
22 26363 31542 4530
22 26422 31545 4548
21 26371 31546 4513
23 26365 31542 4530
21 26268 31539 4532
23 26415 31547 4547
21 26457 31547 4493
22 26467 31544 4494
22 26489 31547 4547
22 26463 31545 4531
22 26578 31545 4514
22 26536 31548 4494
21 26546 31539 4514
23 26447 31545 4548
21 26412 31547 4547
23 26424 31547 4494
21 26362 31545 4492
22 26366 31544 4493
22 26365 31545 4530
22 26368 31547 4514
22 26404 31548 4511
22 26432 31548 4530
21 26418 31548 4512
23 26421 31547 4548
22 26399 31544 4531
22 26383 31547 4528
22 26394 31548 4495
22 26363 31544 4494
22 26391 31547 4511
21 26366 31549 4494
23 26429 31544 4495
21 26356 31547 4532
23 26382 31548 4514
21 26383 31547 4513
22 26406 31549 4529
22 26375 31545 4529
22 26396 31549 4531
22 26461 31542 4530
22 26482 31542 4511
21 26560 31545 4529
23 26485 31541 4511
21 26480 31542 4528
23 26508 31547 4494
21 26415 31542 4496
22 26425 31544 4529
22 26435 31546 4529
22 26385 31545 4530
22 26325 31543 4530
22 26419 31544 4529
21 26396 31547 4526
23 26395 31543 4512
21 26452 31545 4530
23 26436 31547 4530
21 26451 31542 4513
22 26415 31546 4532
22 26378 31543 4530
22 26375 31546 4510
22 26365 31546 4530
22 26352 31543 4511
21 26396 31544 4511
23 26329 31544 4476
22 26334 31546 4510
22 26390 31545 4529
22 26379 31544 4528
22 26433 31542 4532
22 26566 31540 4531
21 26640 31542 4513
23 26628 31543 4545
21 26585 31545 4529
23 26484 31545 4529
21 26436 31545 4493
22 26414 31546 4510
22 26331 31545 4495
22 26363 31546 4530
22 26345 31545 4494
22 26383 31548 4529
21 26372 31540 4548
23 26457 31544 4532
21 26461 31546 4511
23 26357 31546 4530
21 26440 31543 4532
22 26391 31549 4511
22 26374 31544 4493
22 26371 31544 4513
22 26440 31544 4514
22 26381 31546 4529
21 26423 31540 4532
23 26370 31544 4513
21 26306 31546 4514
23 26403 31544 4548
21 26351 31548 4529
22 26347 31547 4530
22 26430 31548 4528
22 26474 31544 4476
22 26539 31546 4511
22 26616 31542 4495
21 26637 31543 4530
23 26535 31543 4512
22 26522 31542 4510
22 26473 31542 4514
22 26427 31541 4513
21 26434 31541 4547
23 26396 31543 4511
21 26423 31543 4529
23 26435 31545 4511
21 26396 31547 4514
23 26399 31545 4529
21 26410 31542 4511
22 26432 31544 4495
22 26433 31542 4495
22 26391 31544 4531
22 26374 31546 4513
22 26382 31542 4527
21 26371 31543 4529
23 26391 31540 4494
21 26352 31543 4511
23 26365 31542 4511
21 26388 31545 4493
22 26390 31542 4546
22 26395 31547 4512
22 26381 31544 4477
22 26390 31542 4548
22 26401 31546 4530
21 26549 31544 4495
23 26562 31546 4528
21 26580 31547 4512
23 26589 31544 4493
21 26625 31543 4530
22 26537 31546 4513
22 26437 31547 4533
22 26391 31547 4549
22 26361 31544 4529
22 26311 31545 4527
21 26394 31548 4513
23 26388 31544 4547
22 26432 31544 4495
22 26462 31544 4511
22 26397 31542 4511
21 26422 31543 4495
23 26412 31543 4495
21 26386 31542 4531
23 26341 31545 4512
21 26351 31545 4530
23 26398 31542 4529
21 26307 31546 4528
22 26343 31544 4547
22 26323 31544 4512
22 26506 31542 4529
22 26378 31542 4476
22 26347 31543 4513
21 26350 31547 4513
23 26372 31542 4515
21 26358 31540 4531
23 26433 31546 4531
21 26535 31548 4545
22 26634 31544 4548
22 26591 31546 4530
22 26576 31547 4529
22 26475 31545 4494
22 26447 31549 4494
21 26450 31546 4495
23 26369 31544 4515
21 26394 31543 4528
23 26358 31542 4511
21 26440 31548 4531
22 26366 31547 4529
22 26420 31542 4547
22 26445 31546 4530
22 26498 31544 4529
22 26442 31546 4493
22 26394 31543 4530
22 26370 31541 4529
22 26392 31544 4478
22 26366 31543 4512
22 26396 31543 4513
21 26317 31541 4532
23 26368 31544 4528
21 26369 31543 4546
23 26359 31543 4513
21 26300 31542 4529
22 26364 31542 4512
22 26455 31541 4494
22 26613 31541 4512
22 26632 31541 4512
22 26638 31544 4512
22 26558 31544 4512
22 26482 31545 4515
21 26443 31545 4511
23 26372 31546 4548
21 26406 31546 4546
23 26396 31542 4527
21 26387 31544 4528
22 26349 31546 4477
22 26400 31545 4510
22 26444 31547 4514
22 26414 31543 4511
22 26380 31546 4510
21 26406 31542 4531
23 26410 31543 4511
21 26397 31541 4546
23 26414 31543 4513
21 26369 31546 4530
22 26365 31544 4493
22 26333 31547 4513
22 26274 31544 4566
23 26383 31542 4528
21 26405 31544 4531
22 26381 31543 4512
22 26311 31547 4549
22 26363 31546 4511
22 26390 31544 4529
22 26396 31545 4512
21 26416 31541 4496
23 26519 31541 4494
21 26630 31547 4514
23 26649 31544 4529
21 26615 31547 4547
22 26503 31545 4529
22 26477 31545 4530
22 26470 31545 4548
22 26412 31540 4531
22 26409 31540 4512
21 26440 31541 4530
23 26409 31547 4511
21 26428 31541 4512
23 26422 31545 4512
21 26414 31544 4512
23 26363 31543 4528
21 26353 31541 4530
22 26427 31546 4533
22 26370 31542 4566
22 26398 31541 4531
22 26393 31545 4512
22 26398 31544 4529
21 26315 31541 4530
23 26373 31545 4511
21 26368 31546 4512
23 26303 31549 4514
21 26390 31542 4512
22 26365 31541 4511
22 26387 31542 4531
22 26295 31544 4528
23 26390 31543 4548
21 26349 31545 4530
22 26384 31543 4529
22 26358 31545 4494
22 26428 31545 4511
22 26452 31544 4529
22 26466 31546 4512
21 26566 31546 4530
23 26585 31542 4531
21 26589 31543 4532
23 26560 31544 4527
21 26507 31544 4530
22 26487 31542 4529
22 26431 31540 4494
22 26420 31545 4493
22 26339 31542 4493
22 26333 31540 4528
21 26351 31543 4495
23 26379 31546 4513
21 26403 31543 4530
23 26439 31547 4514
21 26407 31541 4527
23 26347 31544 4547
21 26389 31543 4530
22 26379 31545 4511
22 26384 31544 4492
22 26393 31545 4494
22 26405 31543 4513
22 26360 31545 4529
21 26380 31538 4531
23 26411 31534 4529
21 26386 31530 4515
23 26350 31523 4511
21 26298 31524 4512
22 26459 31513 4512
22 26439 31509 4529
22 26487 31504 4511
23 26639 31495 4494
21 26595 31490 4512
22 26520 31487 4529
22 26510 31477 4531
22 26383 31476 4512
22 26432 31467 4514
22 26405 31464 4530
21 26341 31464 4530
23 26448 31457 4529
21 26380 31451 4547
23 26374 31445 4527
21 26393 31439 4512
22 26435 31438 4510
22 26373 31437 4513
22 26381 31434 4478
22 26350 31432 4512
22 26353 31427 4548
21 26325 31428 4513
23 26384 31427 4547
21 26385 31426 4530
23 26411 31423 4494
21 26343 31424 4492
22 26334 31423 4529
22 26377 31422 4512
22 26387 31423 4548
22 26419 31424 4546
22 26429 31422 4513
22 26371 31428 4547
22 26385 31429 4532
21 26425 31431 4529
23 26475 31433 4495
21 26572 31435 4493
23 26581 31431 4494
21 26602 31437 4511
22 26565 31436 4514
22 26540 31437 4531
22 26369 31437 4529
23 26406 31436 4509
21 26418 31435 4529
22 26386 31439 4564
22 26365 31441 4548
22 26373 31440 4529
22 26400 31442 4509
22 26419 31443 4492
21 26397 31441 4513
23 26431 31442 4494
21 26405 31442 4513
23 26438 31444 4530
21 26433 31443 4529
22 26429 31446 4546
22 26371 31446 4566
22 26349 31448 4495
22 26383 31446 4512
22 26337 31444 4512
21 26390 31447 4530
23 26371 31450 4510
21 26344 31447 4495
23 26340 31452 4528
21 26379 31448 4530
22 26308 31452 4513
22 26399 31449 4529
22 26406 31451 4532
22 26398 31450 4529
22 26451 31446 4531
22 26456 31449 4494
22 26500 31449 4514
21 26588 31445 4513
23 26577 31444 4513
21 26555 31442 4530
23 26520 31442 4529
21 26471 31440 4532
22 26428 31439 4494
23 26365 31435 4511
21 26418 31436 4547
23 26354 31437 4530
21 26440 31438 4476
22 26428 31433 4514
22 26442 31431 4495
22 26417 31431 4529
22 26416 31433 4509
22 26450 31432 4528
21 26402 31434 4513
23 26389 31430 4530
21 26393 31436 4565
23 26422 31430 4548
21 26335 31434 4530
22 26345 31433 4512
22 26357 31439 4513
22 26443 31435 4529
22 26433 31437 4513
22 26402 31443 4528
21 26389 31444 4512
23 26378 31446 4532
21 26383 31447 4512
23 26442 31449 4530
21 26494 31448 4495
22 26600 31449 4529
22 26613 31459 4511
22 26585 31457 4512
22 26609 31458 4512
22 26495 31460 4527
21 26461 31462 4493
23 26459 31466 4510
21 26369 31465 4530
23 26393 31466 4565
21 26408 31466 4531
23 26362 31467 4510
21 26368 31469 4512
22 26415 31465 4512
23 26413 31471 4529
21 26413 31474 4513
23 26450 31469 4511
21 26389 31472 4545
22 26447 31468 4532
22 26431 31475 4546
22 26360 31468 4547
22 26298 31470 4548
22 26363 31472 4530
21 26366 31470 4510
23 26378 31471 4493
21 26439 31473 4528
23 26401 31472 4528
21 26397 31468 4493
22 26350 31471 4528
22 26351 31472 4513
22 26331 31470 4511
22 26392 31472 4512
22 26507 31468 4512
21 26531 31466 4529
23 26585 31472 4532
21 26686 31465 4494
23 26673 31467 4529
21 26564 31466 4513
22 26534 31467 4549
22 26444 31461 4495
22 26414 31463 4549
22 26348 31459 4527
22 26414 31459 4547
21 26361 31454 4510
23 26415 31450 4529
21 26343 31448 4512
23 26429 31451 4513
21 26433 31448 4531
23 26465 31444 4548
21 26442 31440 4511
22 26360 31439 4512
23 26399 31438 4514
21 26386 31433 4530
23 26389 31433 4527
21 26354 31429 4530
22 26378 31428 4530
22 26338 31430 4494
22 26411 31426 4478
22 26351 31426 4512
22 26304 31426 4514
21 26381 31430 4529
23 26354 31430 4510
21 26364 31432 4512
23 26344 31426 4531
21 26365 31432 4547
22 26410 31429 4511
22 26389 31430 4530
22 26425 31426 4493
22 26509 31432 4495
22 26605 31434 4528
21 26647 31433 4530
23 26619 31434 4528
21 26587 31433 4531
23 26551 31436 4546
21 26470 31435 4515
22 26384 31436 4530
22 26378 31442 4513
22 26400 31441 4493
22 26357 31445 4492
22 26417 31445 4530
21 26343 31447 4529
23 26338 31450 4547
21 26417 31446 4529
23 26436 31450 4530
21 26384 31453 4530
22 26416 31455 4531
22 26348 31456 4495
22 26395 31455 4529
23 26370 31453 4494
21 26328 31455 4493
23 26385 31457 4513
21 26389 31458 4479
22 26331 31455 4513
22 26389 31455 4530
22 26433 31457 4512
22 26404 31458 4530
22 26428 31456 4548
21 26342 31456 4510
23 26359 31452 4493
21 26374 31455 4511
23 26392 31454 4494
21 26390 31454 4529
22 26396 31454 4529
22 26450 31455 4494
22 26469 31455 4531
22 26515 31455 4495
22 26587 31461 4546
21 26590 31460 4547
23 26534 31460 4548
21 26450 31462 4511
23 26383 31467 4510
21 26396 31466 4493
22 26338 31471 4530
22 26420 31476 4530
22 26301 31478 4513
22 26333 31477 4549
22 26295 31484 4531
21 26458 31485 4511
23 26396 31491 4529
21 26370 31488 4530
23 26396 31492 4510
21 26444 31493 4509
22 26391 31499 4513
23 26426 31503 4529
21 26366 31501 4511
23 26289 31503 4493
21 26349 31502 4528
23 26368 31509 4532
21 26412 31505 4512
22 26413 31504 4510
22 26412 31508 4495
22 26332 31504 4492
22 26423 31506 4494
22 26371 31507 4513
21 26427 31508 4530
23 26476 31506 4531
21 26460 31505 4528
23 26523 31505 4510
21 26583 31505 4530
22 26560 31501 4531
22 26517 31501 4547
22 26438 31500 4512
22 26359 31501 4529
22 26400 31495 4511
21 26383 31501 4496
23 26361 31498 4495
21 26319 31501 4530
23 26402 31501 4510
21 26412 31498 4495
22 26398 31499 4530
22 26386 31502 4532
22 26412 31503 4529
22 26426 31501 4511
22 26384 31507 4529
21 26323 31509 4491
23 26331 31509 4548
21 26356 31508 4510
23 26369 31511 4495
21 26412 31512 4509
22 26390 31513 4510
23 26385 31516 4547
21 26351 31517 4549
23 26361 31520 4529
21 26456 31516 4511
22 26503 31520 4529
22 26537 31520 4512
22 26593 31519 4511
22 26611 31524 4495
22 26555 31522 4532
22 26457 31523 4530
22 26400 31522 4512
21 26321 31522 4548
23 26309 31523 4513
21 26348 31523 4513
23 26448 31519 4529
21 26456 31520 4528
22 26424 31520 4512
22 26466 31516 4529
22 26385 31515 4512
22 26406 31514 4531
22 26333 31516 4510
21 26420 31513 4528
23 26336 31512 4527
21 26418 31511 4528
23 26410 31512 4526
21 26367 31509 4510
22 26406 31508 4493
22 26395 31503 4494
22 26477 31504 4510
22 26402 31506 4527
22 26350 31506 4494
21 26336 31503 4514
23 26423 31506 4496
21 26559 31501 4529
23 26600 31504 4547
21 26633 31503 4528
22 26578 31503 4529
23 26525 31503 4513
21 26453 31506 4492
23 26364 31501 4529
21 26330 31500 4528
22 26348 31502 4512
22 26409 31501 4529
22 26337 31502 4550
22 26423 31498 4527
22 26386 31501 4564
21 26412 31500 4511
23 26410 31498 4513
21 26370 31498 4511
23 26375 31495 4512
21 26408 31497 4550
23 26334 31497 4495
21 26368 31496 4512
22 26382 31496 4531
22 26410 31498 4531
22 26389 31498 4513
22 26415 31505 4531
22 26376 31510 4511
21 26446 31518 4511
23 26423 31517 4511
21 26422 31522 4514
23 26551 31527 4531
21 26538 31531 4512
22 26610 31534 4510
22 26603 31536 4493
22 26534 31539 4532
22 26481 31538 4546
22 26397 31536 4547
21 26442 31539 4529
23 26411 31542 4511
21 26336 31542 4493
23 26380 31542 4478
21 26380 31542 4513
22 26323 31542 4531
23 26410 31542 4513
21 26429 31544 4510
23 26358 31545 4533
21 26364 31544 4531
22 26480 31544 4513
22 26429 31544 4529
22 26388 31543 4531
22 26389 31545 4510
22 26332 31543 4494
21 26384 31543 4532
23 26397 31542 4512
21 26415 31545 4512
23 26402 31542 4512
21 26435 31545 4529
23 26502 31543 4512
21 26577 31543 4531
22 26577 31543 4529
22 26562 31544 4529
22 26487 31542 4512
22 26406 31541 4528
22 26439 31547 4511
21 26353 31542 4532
23 26355 31543 4512
21 26379 31544 4513
23 26385 31545 4547
21 26398 31543 4530
22 26367 31544 4546
22 26422 31542 4529
22 26416 31545 4475
22 26434 31544 4512
22 26427 31544 4511
21 26441 31544 4510
23 26388 31544 4497
21 26397 31545 4514
23 26372 31545 4531
22 26374 31542 4545
21 26341 31542 4533
23 26347 31539 4532
21 26437 31546 4512
23 26473 31546 4510
21 26543 31539 4492
22 26595 31543 4529
22 26623 31543 4530
22 26550 31546 4513
22 26449 31544 4512
22 26501 31540 4530
21 26378 31543 4529
23 26397 31540 4529
21 26396 31546 4512
23 26359 31545 4529
21 26412 31543 4493
22 26401 31542 4512
22 26443 31542 4494
22 26432 31545 4528
22 26366 31545 4513
22 26394 31544 4510
22 26398 31543 4495
22 26379 31541 4546
21 26419 31541 4529
23 26364 31544 4511
21 26301 31542 4511
23 26392 31545 4476
21 26420 31544 4513
22 26387 31544 4549
22 26474 31546 4532
22 26525 31545 4546
22 26620 31545 4530
22 26627 31547 4551
21 26571 31546 4512
23 26554 31543 4513
21 26506 31543 4530
23 26458 31546 4512
22 26390 31545 4512
21 26390 31543 4528
23 26355 31544 4496
21 26319 31541 4510
23 26400 31544 4513
21 26418 31543 4513
22 26426 31543 4548
22 26433 31543 4549
22 26462 31545 4528
22 26434 31545 4513
22 26403 31547 4548
21 26381 31549 4512
23 26333 31546 4496
21 26400 31543 4529
23 26390 31544 4513
21 26385 31541 4513
22 26253 31542 4512
22 26344 31544 4530
22 26374 31541 4529
22 26389 31545 4531
22 26388 31541 4512
22 26480 31544 4530
22 26478 31543 4529
21 26612 31546 4528
23 26597 31545 4529
21 26667 31545 4511
23 26508 31546 4513
21 26521 31544 4530
22 26401 31544 4530
22 26431 31545 4531
22 26433 31544 4512
22 26401 31542 4512
22 26382 31541 4512
21 26407 31541 4478
23 26449 31542 4527
21 26461 31541 4545
23 26358 31543 4513
22 26456 31544 4530
21 26361 31543 4527
23 26346 31544 4546
21 26319 31543 4513
23 26387 31544 4530
21 26300 31544 4530
22 26346 31544 4511
22 26392 31544 4512
22 26426 31544 4529
22 26394 31544 4513
22 26368 31544 4547
21 26382 31545 4494
23 26374 31545 4511
21 26337 31544 4512
23 26354 31540 4531
21 26353 31542 4530
22 26343 31541 4512
22 26487 31543 4512
22 26504 31543 4511
22 26585 31546 4493
22 26601 31545 4513
21 26596 31545 4531
23 26554 31546 4530
21 26528 31544 4531
23 26470 31542 4546
21 26426 31543 4512
23 26392 31545 4512
21 26323 31544 4494
22 26402 31544 4493
22 26381 31543 4512
22 26406 31545 4513
22 26424 31544 4478
22 26324 31542 4510
21 26430 31542 4476
23 26435 31546 4548
21 26410 31542 4530
23 26352 31542 4527
22 26364 31538 4529
21 26309 31544 4511
23 26282 31547 4546
21 26311 31541 4511
23 26406 31543 4549
21 26409 31540 4530
22 26372 31542 4513
22 26342 31540 4493
22 26411 31544 4529
22 26369 31546 4529
22 26460 31541 4531
21 26553 31546 4513
23 26532 31545 4512
21 26550 31544 4492
23 26494 31546 4513
21 26540 31548 4512
22 26449 31545 4510
22 26410 31547 4548
22 26331 31546 4531
22 26399 31544 4549
22 26422 31543 4512
21 26435 31540 4530
23 26404 31545 4512
21 26417 31544 4496
23 26374 31545 4494
21 26403 31543 4532
23 26416 31548 4514
21 26345 31550 4510
22 26349 31546 4530
22 26341 31547 4513
22 26384 31546 4529
22 26354 31548 4531
22 26334 31548 4530
21 26318 31541 4512
23 26426 31547 4530
22 26409 31544 4512
22 26416 31545 4532
22 26353 31542 4531
21 26341 31540 4511
23 26395 31542 4513
21 26466 31545 4514
23 26601 31544 4512
21 26596 31543 4545
22 26559 31543 4496
22 26563 31544 4529
22 26470 31544 4512
22 26485 31547 4476
22 26453 31544 4529
21 26401 31546 4513
23 26400 31544 4530
21 26381 31544 4530
23 26351 31546 4531
21 26386 31547 4531
22 26444 31542 4512
22 26431 31543 4512
22 26297 31546 4530
22 26366 31543 4493
22 26389 31543 4510
21 26380 31543 4512
23 26387 31543 4493
21 26301 31543 4528
23 26422 31545 4512
21 26384 31545 4531
22 26367 31546 4512
22 26340 31546 4531
22 26426 31545 4548
22 26424 31543 4530
22 26398 31543 4514
22 26384 31545 4514
22 26394 31546 4512
21 26345 31544 4494
23 26371 31545 4493
22 26390 31544 4527
22 26351 31546 4514
22 26293 31549 4512
21 26270 31545 4546
23 26381 31546 4530
21 26466 31543 4511
23 26621 31546 4493
21 26636 31547 4494
22 26685 31548 4529
22 26642 31546 4532
22 26547 31545 4514
22 26402 31544 4513
22 26421 31550 4531
21 26401 31548 4530
23 26328 31545 4547
21 26344 31546 4512
23 26328 31542 4511
21 26353 31545 4493
22 26404 31547 4513
22 26439 31547 4529
22 26423 31547 4495
22 26417 31546 4512
22 26380 31541 4492
21 26386 31542 4530
23 26360 31541 4565
21 26379 31542 4546
23 26348 31543 4529
21 26366 31543 4530
22 26376 31543 4512
22 26371 31542 4512
22 26403 31544 4510
22 26391 31544 4528
22 26378 31545 4548
22 26409 31549 4512
22 26409 31545 4494
21 26344 31547 4513
23 26372 31545 4527
22 26355 31542 4530
22 26379 31545 4476
22 26396 31544 4494
21 26442 31547 4529
23 26548 31548 4511
21 26552 31543 4532
23 26561 31544 4513
21 26562 31544 4533
22 26505 31545 4545
22 26499 31545 4512
22 26487 31549 4529
22 26470 31544 4530
22 26369 31544 4475
21 26380 31544 4512
23 26316 31545 4495
21 26399 31546 4529
23 26387 31546 4530
21 26443 31549 4529
22 26402 31549 4512
22 26447 31551 4513
22 26499 31549 4546
22 26417 31546 4511
22 26350 31547 4511
21 26400 31547 4512
23 26400 31545 4493
21 26307 31546 4528
23 26431 31549 4494
21 26375 31545 4495
22 26386 31544 4513
22 26412 31543 4514
22 26406 31544 4529
22 26344 31545 4547
22 26462 31547 4529
21 26371 31543 4531
23 26425 31544 4529
21 26494 31544 4510
23 26526 31549 4494
22 26563 31549 4511
22 26523 31548 4494
22 26454 31546 4532
21 26435 31549 4531
23 26383 31549 4531
21 26369 31549 4547
23 26416 31547 4547
21 26397 31548 4510
22 26399 31545 4509
22 26427 31545 4547
22 26454 31547 4509
22 26434 31549 4513
22 26541 31546 4531
21 26371 31549 4531
23 26401 31547 4513
21 26371 31547 4514
23 26393 31547 4547
21 26384 31547 4531
22 26348 31543 4511
22 26369 31546 4494
22 26412 31546 4477
22 26361 31546 4529
22 26425 31549 4547
21 26400 31546 4512
23 26418 31550 4529
21 26459 31546 4527
23 26505 31546 4548
21 26634 31543 4512
22 26588 31546 4512
22 26565 31550 4512
22 26455 31545 4494
22 26428 31547 4528
22 26404 31551 4529
21 26362 31542 4531
23 26372 31544 4547
22 26294 31544 4530
22 26365 31543 4531
22 26444 31544 4532
21 26440 31545 4529
23 26443 31542 4511
21 26395 31541 4492
23 26422 31543 4494
21 26429 31543 4529
23 26440 31542 4496
21 26360 31547 4529
22 26397 31544 4531
22 26356 31549 4531
22 26294 31545 4545
22 26309 31544 4511
22 26374 31544 4531
21 26394 31543 4513
23 26384 31545 4494
21 26411 31544 4494
23 26428 31545 4530
21 26429 31546 4495
22 26406 31544 4512
22 26478 31545 4548
22 26553 31546 4548
22 26609 31543 4511
22 26594 31544 4565
21 26534 31547 4530
23 26502 31546 4510
21 26476 31543 4511
23 26419 31544 4494
21 26428 31545 4512
22 26374 31541 4511
22 26391 31546 4510
22 26462 31546 4495
22 26395 31542 4532
22 26396 31544 4512
21 26410 31547 4495
23 26448 31545 4530
22 26421 31547 4530
22 26386 31541 4476
22 26358 31545 4513
21 26392 31549 4493
23 26400 31548 4511
21 26373 31547 4495
23 26389 31543 4530
21 26367 31544 4567
23 26334 31546 4530
21 26442 31547 4530
22 26329 31543 4511
22 26361 31545 4512
22 26381 31547 4493
22 26434 31545 4514
22 26467 31548 4531
21 26557 31547 4529
23 26547 31547 4511
21 26560 31546 4513
23 26562 31546 4530
21 26472 31546 4495
22 26464 31542 4512
22 26404 31547 4529
22 26334 31546 4530
22 26357 31546 4531
22 26386 31546 4529
21 26428 31546 4529
23 26460 31547 4532
21 26397 31546 4513
23 26418 31544 4513
21 26402 31547 4530
22 26406 31545 4548
22 26350 31543 4565
22 26385 31544 4547
22 26319 31547 4511
22 26387 31543 4492
21 26398 31546 4511
23 26368 31545 4513
22 26371 31548 4530
22 26366 31547 4528
22 26338 31547 4530
21 26419 31545 4529
23 26399 31545 4513
21 26370 31547 4495
23 26416 31542 4512
21 26415 31546 4512
22 26498 31545 4493
22 26545 31543 4530
22 26572 31545 4529
22 26512 31546 4511
22 26496 31546 4531
22 26444 31548 4512
22 26394 31547 4528
21 26404 31548 4547
23 26363 31547 4531
21 26410 31547 4530
23 26381 31548 4530
21 26469 31548 4512
22 26420 31546 4510
22 26428 31545 4493
22 26379 31544 4509
22 26433 31548 4497
22 26397 31545 4495
21 26461 31544 4530
23 26414 31546 4512
21 26423 31550 4495
23 26393 31545 4507
21 26390 31545 4530
22 26350 31545 4494
22 26425 31545 4510
22 26422 31543 4492
22 26394 31546 4529
22 26395 31545 4532
21 26455 31546 4532
23 26530 31546 4529
22 26487 31545 4531
22 26498 31546 4530
22 26485 31543 4511
21 26487 31539 4476
23 26481 31546 4532
21 26371 31547 4493
23 26393 31545 4495
21 26451 31544 4547
22 26387 31546 4530
22 26361 31550 4531
22 26434 31547 4531
22 26390 31549 4547
22 26438 31546 4549
22 26441 31547 4529
22 26350 31548 4492
21 26426 31544 4495
23 26437 31547 4511
21 26383 31544 4528
23 26337 31543 4528
21 26357 31541 4513
22 26377 31545 4550
22 26437 31546 4530
22 26433 31545 4547
22 26416 31546 4530
22 26562 31546 4530
21 26562 31545 4513
23 26554 31545 4494
21 26505 31546 4546
23 26491 31547 4528
21 26438 31544 4528
22 26403 31548 4531
22 26383 31546 4514
22 26383 31547 4549
22 26400 31551 4546
22 26417 31548 4529
22 26396 31547 4512
22 26492 31547 4513
22 26449 31549 4529
22 26406 31547 4512
22 26452 31546 4514
21 26464 31545 4495
23 26383 31548 4529
21 26342 31545 4513
23 26386 31546 4511
21 26376 31546 4493
22 26439 31544 4513
22 26445 31544 4531
22 26417 31548 4494
22 26402 31544 4495
22 26400 31547 4495
21 26380 31546 4510
23 26529 31544 4531
21 26531 31544 4512
23 26605 31546 4564
21 26518 31547 4532
23 26517 31546 4512
21 26425 31547 4529
22 26393 31543 4512
22 26385 31546 4510
22 26415 31546 4527
22 26366 31547 4494
22 26398 31543 4513
21 26376 31545 4495
23 26414 31549 4495
21 26435 31548 4544
23 26439 31546 4529
21 26438 31545 4512
22 26355 31544 4529
22 26454 31545 4529
22 26397 31544 4493
23 26391 31549 4494
21 26371 31548 4531
22 26404 31544 4529
22 26333 31546 4494
22 26388 31545 4496
22 26400 31545 4511
22 26378 31548 4547
21 26414 31546 4512
23 26357 31545 4531
21 26420 31545 4512
23 26498 31545 4513
21 26527 31546 4528
22 26587 31547 4513
22 26588 31547 4511
22 26515 31545 4510
22 26502 31548 4531
22 26488 31548 4530
21 26395 31548 4495
23 26366 31547 4530
21 26384 31547 4529
23 26428 31547 4511
21 26416 31548 4495
23 26369 31548 4528
21 26448 31546 4514
22 26479 31548 4494
22 26423 31546 4510
22 26470 31549 4567
22 26395 31546 4529
22 26406 31545 4565
21 26387 31547 4511
23 26414 31548 4530
21 26328 31545 4513
23 26353 31546 4513
21 26350 31550 4512
22 26394 31547 4528
22 26426 31545 4510
22 26447 31550 4529
23 26393 31546 4531
21 26367 31548 4531
22 26388 31548 4530
22 26440 31546 4496
22 26396 31546 4548
22 26486 31545 4528
22 26502 31546 4528
21 26522 31543 4493
23 26501 31548 4494
21 26439 31547 4527
23 26524 31545 4495
21 26419 31547 4530
22 26434 31547 4530
22 26411 31548 4528
22 26424 31546 4530
22 26385 31547 4530
22 26411 31546 4511
21 26365 31547 4528
23 26378 31544 4528
21 26452 31547 4532
23 26458 31546 4496
21 26467 31545 4513
22 26376 31545 4544
22 26340 31545 4528
22 26421 31546 4531
22 26340 31544 4495
22 26373 31543 4495
22 26347 31543 4512
22 26421 31544 4511
21 26367 31549 4511
23 26384 31547 4512
21 26384 31545 4532
23 26414 31545 4512
21 26421 31546 4511
22 26408 31546 4531
22 26410 31547 4512
22 26550 31549 4530
23 26489 31549 4512
21 26600 31545 4511
22 26618 31543 4531
22 26550 31545 4513
22 26444 31546 4529
22 26406 31544 4513
22 26347 31548 4513
21 26361 31546 4545
23 26375 31547 4530
21 26363 31543 4529
23 26407 31544 4512
21 26428 31547 4490
22 26456 31546 4510
22 26407 31548 4530
22 26420 31545 4494
22 26434 31548 4495
22 26387 31547 4492
21 26346 31549 4532
23 26345 31547 4528
21 26351 31545 4530
23 26321 31544 4529
21 26376 31544 4532
22 26447 31545 4530
22 26392 31544 4513
22 26382 31549 4494
22 26444 31544 4510
22 26349 31550 4511
22 26364 31547 4513
22 26387 31546 4515
21 26356 31547 4548
23 26395 31549 4532
21 26532 31544 4512
23 26593 31549 4546
21 26592 31549 4512
22 26532 31545 4513
22 26523 31546 4513
22 26519 31550 4510
23 26429 31547 4529
21 26386 31547 4528
22 26387 31544 4534
22 26393 31548 4513
22 26379 31548 4547
22 26467 31545 4530
22 26365 31545 4529
21 26408 31550 4493
23 26401 31546 4496
21 26421 31548 4513
23 26394 31547 4493
21 26383 31543 4492
22 26387 31547 4511
22 26399 31543 4548
22 26324 31543 4531
22 26316 31544 4530
22 26427 31541 4511
21 26360 31542 4493
23 26391 31546 4476
21 26360 31542 4546
23 26409 31545 4528
21 26395 31543 4513
22 26428 31543 4512
22 26412 31546 4510
22 26318 31544 4530
22 26444 31544 4548
22 26366 31544 4528
21 26460 31544 4530
23 26499 31548 4511
21 26590 31545 4495
23 26590 31546 4529
21 26553 31548 4511
23 26461 31541 4511
21 26487 31548 4512
22 26387 31546 4531
23 26368 31547 4546
21 26436 31543 4531
23 26401 31543 4495
21 26469 31546 4529
22 26422 31547 4529
22 26380 31547 4493
22 26350 31546 4529
22 26370 31546 4510
22 26434 31542 4528
21 26419 31545 4496
23 26432 31549 4511
21 26363 31545 4511
23 26412 31547 4513
21 26336 31548 4549
22 26383 31546 4529
22 26365 31546 4511
22 26407 31552 4530
22 26389 31547 4513
22 26428 31548 4495
21 26324 31548 4532
23 26361 31549 4514
21 26411 31549 4513
23 26361 31547 4511
21 26374 31544 4548
22 26358 31546 4528
22 26389 31547 4494
22 26496 31547 4511
22 26475 31545 4513
22 26621 31546 4513
21 26580 31544 4493
23 26571 31542 4512
21 26465 31547 4531
23 26440 31546 4533
21 26423 31545 4529
22 26397 31544 4547
22 26416 31545 4546
22 26395 31541 4493
23 26382 31544 4493
21 26404 31546 4512
23 26413 31548 4529
21 26404 31547 4511
22 26401 31544 4529
22 26423 31544 4493
22 26370 31543 4532
22 26413 31543 4531
22 26453 31542 4532
21 26413 31543 4512
23 26387 31542 4530
21 26325 31547 4492
23 26346 31544 4513
21 26385 31545 4512
22 26353 31545 4493
22 26435 31546 4495
22 26394 31549 4531
22 26461 31549 4548
22 26511 31550 4529
21 26579 31546 4531
23 26614 31546 4530
21 26552 31546 4513
23 26489 31549 4529
21 26465 31544 4528
22 26376 31548 4512
22 26472 31548 4512
22 26396 31549 4512
22 26435 31547 4495
22 26399 31549 4528
21 26394 31541 4531
23 26369 31544 4512
21 26405 31547 4533
23 26444 31544 4513
21 26429 31546 4513
22 26450 31544 4530
22 26512 31550 4548
22 26498 31547 4513
23 26423 31544 4532
21 26408 31549 4531
23 26385 31546 4546
21 26393 31545 4531
22 26409 31546 4511
22 26412 31544 4495
22 26380 31544 4494
22 26374 31548 4511
22 26427 31546 4530
21 26585 31544 4512
23 26553 31545 4529
21 26527 31545 4530
23 26544 31547 4531
21 26384 31548 4545
22 26463 31544 4547
22 26444 31544 4511
22 26428 31546 4512
22 26422 31545 4510
22 26381 31548 4513
21 26297 31548 4547
23 26388 31545 4495
21 26407 31544 4478
23 26416 31548 4528
21 26372 31548 4497
22 26400 31547 4529
22 26395 31547 4533
22 26409 31547 4512
22 26420 31546 4510
22 26361 31540 4512
21 26423 31547 4513
23 26303 31543 4495
21 26341 31547 4494
23 26382 31546 4547
21 26413 31543 4530
22 26401 31545 4531
22 26409 31549 4512
22 26461 31550 4494
23 26541 31544 4495
21 26569 31544 4530
22 26580 31544 4511
22 26595 31546 4513
22 26488 31543 4530
22 26379 31542 4511
22 26410 31547 4528
22 26446 31548 4530
22 26368 31545 4548
21 26352 31544 4531
23 26406 31543 4512
21 26349 31544 4530
23 26413 31545 4511
21 26449 31546 4511
22 26453 31549 4529
22 26369 31547 4514
22 26433 31545 4530
22 26448 31545 4512
22 26381 31546 4512
21 26379 31543 4530
23 26348 31544 4531
21 26385 31543 4529
23 26417 31545 4545
21 26403 31544 4512
22 26355 31544 4511
22 26406 31547 4511
22 26415 31547 4495
22 26418 31549 4530
22 26341 31544 4494
21 26458 31543 4513
23 26482 31548 4528
21 26586 31547 4547
23 26600 31546 4511
21 26568 31545 4530
22 26545 31549 4510
23 26511 31545 4493
21 26470 31547 4495
23 26428 31548 4513
21 26361 31548 4514
22 26357 31547 4513
22 26393 31546 4532
22 26393 31546 4530
22 26410 31543 4529
22 26399 31547 4530
22 26400 31546 4529
22 26375 31542 4530
21 26422 31545 4512
23 26389 31546 4510
21 26375 31543 4527
23 26394 31544 4548
21 26438 31545 4513
22 26386 31548 4532
22 26391 31548 4495
22 26412 31547 4512
22 26391 31547 4530
22 26327 31546 4528
21 26397 31543 4511
23 26369 31547 4511
21 26381 31546 4513
23 26432 31543 4528
21 26439 31546 4512
22 26513 31542 4549
22 26576 31546 4548
22 26560 31546 4531
22 26468 31546 4545
22 26466 31545 4495
21 26417 31544 4510
23 26377 31543 4495
21 26396 31540 4477
23 26332 31546 4512
21 26357 31547 4510
22 26385 31546 4529
23 26388 31547 4531
21 26376 31548 4528
23 26473 31546 4512
21 26436 31543 4528
22 26364 31547 4531
22 26446 31548 4529
22 26405 31548 4511
22 26396 31547 4529
22 26370 31549 4478
21 26343 31548 4512
23 26319 31546 4514
21 26428 31547 4532
23 26417 31550 4545
21 26337 31544 4550
23 26346 31545 4531
21 26376 31545 4529
22 26327 31550 4511
22 26403 31544 4495
22 26459 31544 4512
22 26502 31549 4513
22 26597 31544 4510
21 26549 31548 4494
23 26511 31545 4514
21 26437 31546 4512
23 26439 31548 4547
21 26397 31544 4529
22 26378 31545 4511
22 26364 31544 4511
22 26391 31546 4512
22 26380 31547 4495
22 26357 31544 4495
21 26365 31546 4494
23 26408 31543 4549
21 26394 31542 4514
23 26389 31542 4531
21 26346 31544 4529
22 26415 31546 4530
23 26375 31545 4513
21 26379 31545 4496
23 26351 31544 4513
21 26352 31547 4494
22 26393 31549 4512
22 26407 31545 4514
22 26425 31547 4530
22 26402 31547 4548
22 26340 31549 4548
21 26412 31548 4512
23 26393 31544 4512
21 26485 31548 4494
23 26497 31547 4476
21 26560 31543 4530
23 26461 31542 4528
21 26515 31546 4494
22 26451 31546 4531
22 26379 31546 4513
22 26399 31544 4546
22 26341 31550 4530
22 26391 31547 4530
21 26355 31548 4494
23 26348 31549 4530
21 26455 31550 4512
23 26462 31547 4527
21 26436 31542 4513
22 26488 31547 4495
22 26421 31547 4512
22 26329 31548 4532
22 26333 31548 4511
