21 26419 9323 14653
22 26415 9354 14597
22 26424 9378 14684
22 26420 9400 14691
21 26393 9427 14672
23 26370 9440 14691
21 26358 9462 14645
22 26377 9477 14668
22 26408 9492 14690
22 26443 9514 14679
21 26467 9523 14667
23 26561 9534 14684
21 26631 9548 14682
22 26707 9554 14659
22 26726 9564 14657
22 26678 9573 14721
21 26643 9582 14636
23 26595 9590 14641
21 26587 9596 14636
22 26574 9603 14630
22 26545 9610 14630
22 26505 9626 14646
21 26481 9630 14674
23 26471 9644 14644
22 26448 9654 14645
21 26449 9662 14649
23 26440 9662 14647
21 26465 9657 14627
22 26491 9658 14631
21 26497 9641 14628
23 26500 9623 14591
21 26464 9598 14676
22 26464 9569 14694
22 26456 9540 14667
22 26432 9498 14667
21 26429 9450 14691
23 26418 9398 14653
21 26477 9337 14682
22 26588 9278 14683
22 26720 9213 14668
22 26830 9144 14677
21 26900 9080 14679
23 26894 9008 14697
21 26865 8939 14664
22 26789 8870 14709
22 26721 8801 14636
22 26616 8737 14645
21 26592 8673 14653
23 26603 8622 14629
21 26614 8562 14631
22 26591 8509 14639
22 26565 8469 14645
22 26560 8422 14649
21 26535 8383 14649
23 26519 8347 14647
21 26505 8317 14635
22 26477 8290 14610
22 26468 8263 14631
22 26486 8243 14643
21 26497 8229 14569
23 26525 8214 14567
21 26538 8198 14689
22 26472 8190 14698
22 26439 8177 14665
22 26458 8172 14672
21 26490 8165 14674
23 26566 8162 14656
22 26644 8158 14666
21 26721 8150 14684
23 26769 8147 14672
21 26787 8148 14640
22 26733 8143 14683
22 26657 8138 14693
22 26604 8148 14689
21 26554 8138 14693
23 26504 8141 14638
21 26481 8141 14633
22 26486 8146 14613
22 26496 8156 14648
22 26559 8171 14639
21 26607 8189 14626
23 26660 8224 14632
21 26693 8256 14645
22 26686 8295 14640
22 26701 8340 14648
22 26704 8387 14653
21 26675 8431 14650
23 26623 8482 14628
21 26579 8528 14596
22 26558 8572 14673
22 26539 8619 14679
22 26494 8662 14668
21 26439 8701 14694
22 26416 8739 14673
22 26462 8774 14698
22 26562 8794 14695
21 26667 8806 14684
23 26779 8815 14666
21 26821 8808 14668
22 26831 8802 14669
22 26830 8777 14646
22 26900 8752 14664
21 27069 8720 14672
23 27151 8686 14713
21 27103 8652 14630
22 27050 8616 14651
22 26986 8581 14636
22 26928 8545 14600
21 26852 8517 14649
23 26782 8487 14638
22 26766 8460 14627
21 26718 8433 14632
23 26704 8421 14643
21 26649 8401 14649
22 26610 8394 14638
22 26591 8393 14655
22 26552 8385 14647
21 26493 8390 14590
23 26453 8398 14671
21 26427 8404 14674
22 26397 8414 14684
22 26394 8427 14668
22 26419 8437 14671
21 26428 8448 14660
23 26491 8464 14679
21 26594 8479 14679
22 26674 8490 14675
22 26760 8505 14658
22 26782 8519 14674
21 26773 8529 14669
23 26760 8539 14676
21 26736 8552 14684
22 26734 8556 14686
22 26687 8569 14621
22 26642 8577 14635
21 26624 8575 14658
23 26629 8578 14649
21 26601 8581 14612
22 26606 8579 14632
22 26603 8585 14645
22 26589 8583 14626
21 26603 8592 14609
23 26583 8588 14634
21 26570 8585 14640
22 26493 8588 14630
22 26468 8588 14657
22 26443 8586 14651
21 26422 8587 14608
23 26438 8585 14692
21 26440 8583 14678
22 26442 8579 14691
23 26499 8583 14668
21 26557 8586 14662
22 26637 8593 14691
22 26648 8596 14672
22 26646 8599 14678
21 26603 8618 14678
22 26561 8627 14653
22 26510 8638 14672
22 26487 8656 14685
21 26433 8675 14687
23 26421 8694 14714
21 26414 8719 14637
22 26407 8738 14623
22 26527 8756 14612
22 26751 8777 14662
21 27045 8799 14640
23 27385 8819 14648
21 27760 8842 14619
22 28062 8866 14643
22 28097 8884 14632
22 27997 8900 14624
21 27721 8922 14629
23 27428 8936 14631
21 27123 8953 14631
22 26879 8968 14647
22 26686 8993 14616
22 26578 9005 14675
21 26530 9023 14694
23 26504 9051 14671
21 26541 9069 14667
22 26623 9094 14682
22 26724 9115 14688
22 26855 9135 14671
21 27009 9154 14660
23 27304 9173 14692
21 27598 9190 14677
22 27790 9200 14661
22 27837 9209 14692
22 27809 9210 14670
21 27625 9214 14717
23 27407 9208 14640
21 27180 9212 14627
22 27003 9209 14639
23 26894 9211 14620
21 26797 9205 14628
22 26755 9205 14647
22 26720 9207 14647
22 26708 9207 14628
21 26677 9204 14636
23 26675 9201 14638
21 26647 9201 14631
22 26645 9190 14611
22 26650 9184 14629
22 26661 9175 14635
21 26638 9171 14581
23 26633 9155 14685
21 26596 9149 14700
22 26566 9137 14673
22 26557 9135 14694
22 26572 9123 14664
21 26587 9114 14692
23 26620 9108 14691
21 26667 9097 14666
22 26676 9092 14669
22 26643 9086 14672
22 26617 9082 14695
21 26577 9080 14677
23 26544 9079 14674
21 26542 9075 14702
22 26528 9073 14693
21 26502 9074 14618
23 26483 9075 14626
21 26503 9072 14637
22 26517 9069 14632
22 26521 9070 14647
22 26522 9072 14656
21 26513 9071 14653
23 26515 9070 14633
21 26495 9071 14638
22 26495 9073 14648
22 26458 9069 14637
22 26452 9068 14630
21 26456 9064 14634
23 26486 9068 14586
22 26498 9060 14583
21 26495 9055 14694
23 26486 9056 14696
21 26445 9058 14697
22 26483 9051 14688
22 26482 9060 14671
22 26564 9056 14691
21 26602 9057 14690
23 26624 9069 14684
21 26630 9077 14660
22 26634 9082 14669
22 26630 9093 14664
22 26585 9105 14691
21 26528 9121 14672
23 26506 9137 14727
21 26448 9152 14637
22 26437 9159 14632
22 26471 9172 14635
22 26476 9171 14625
21 26514 9176 14632
23 26524 9176 14625
21 26515 9171 14628
22 26515 9163 14641
22 26487 9156 14639
22 26476 9153 14640
21 26473 9145 14635
23 26479 9141 14633
21 26493 9141 14630
22 26453 9140 14585
22 26464 9147 14693
22 26474 9154 14664
21 26466 9163 14669
23 26490 9179 14657
21 26494 9193 14699
22 26531 9216 14661
22 26558 9227 14683
22 26562 9240 14674
21 26565 9250 14669
23 26523 9263 14667
21 26515 9269 14693
22 26521 9273 14667
23 26508 9277 14667
21 26476 9277 14691
22 26451 9273 14719
22 26442 9277 14637
22 26447 9271 14644
21 26435 9266 14641
23 26436 9256 14645
21 26430 9239 14640
22 26439 9224 14631
21 26473 9213 14623
23 26465 9195 14633
21 26449 9187 14644
22 26401 9177 14633
22 26371 9164 14648
22 26356 9161 14623
21 26350 9156 14651
23 26364 9161 14572
21 26393 9154 14639
22 26413 9156 14673
22 26477 9156 14689
22 26509 9159 14673
21 26575 9161 14675
23 26603 9161 14690
21 26622 9160 14673
22 26597 9162 14682
22 26568 9155 14695
22 26537 9154 14688
21 26527 9155 14668
23 26472 9159 14679
21 26477 9144 14670
22 26479 9139 14668
22 26486 9132 14690
22 26510 9111 14632
21 26487 9090 14626
23 26503 9076 14652
21 26512 9050 14653
22 26522 9027 14634
22 26531 8997 14612
22 26529 8974 14633
21 26529 8943 14627
23 26510 8913 14613
21 26521 8888 14637
22 26490 8858 14641
23 26481 8835 14643
21 26443 8813 14653
22 26427 8791 14648
22 26418 8771 14582
22 26402 8755 14664
21 26416 8730 14672
23 26428 8718 14694
21 26477 8700 14644
22 26577 8692 14665
22 26683 8682 14672
22 26822 8671 14669
21 26917 8665 14669
23 26971 8663 14677
21 27022 8657 14697
22 27026 8653 14654
22 27035 8646 14691
22 26978 8634 14674
21 26979 8627 14691
23 26955 8617 14637
21 26882 8603 14640
22 26879 8591 14636
22 26936 8576 14645
22 26988 8568 14665
21 27028 8548 14644
23 27051 8542 14652
21 27062 8529 14646
22 27044 8518 14645
22 27123 8504 14636
22 27182 8495 14644
21 27169 8488 14636
22 27122 8476 14616
22 27064 8467 14645
22 26974 8460 14597
21 26911 8453 14693
23 26835 8447 14668
21 26734 8444 14673
22 26677 8442 14667
22 26638 8434 14647
22 26628 8435 14667
21 26648 8434 14670
23 26688 8438 14664
21 26699 8438 14677
22 26679 8440 14696
23 26671 8444 14679
21 26640 8449 14663
22 26635 8455 14690
22 26633 8457 14693
22 26573 8460 14637
21 26566 8473 14639
23 26565 8481 14633
21 26542 8474 14636
22 26528 8481 14635
22 26474 8491 14648
22 26368 8485 14639
21 26099 8487 14637
23 25922 8490 14645
21 25869 8493 14638
22 25878 8492 14634
22 25995 8500 14650
22 26134 8500 14638
21 26275 8504 14627
23 26364 8514 14605
21 26422 8521 14698
22 26450 8531 14675
22 26482 8543 14666
22 26515 8552 14690
21 26572 8561 14669
23 26614 8570 14658
21 26625 8590 14666
22 26688 8592 14673
22 26730 8601 14668
22 26752 8613 14660
21 26749 8618 14686
23 26746 8626 14695
21 26776 8642 14669
22 26765 8643 14688
22 26763 8652 14712
22 26717 8665 14624
21 26662 8675 14608
23 26600 8679 14642
21 26528 8682 14650
22 26457 8685 14629
22 26350 8689 14643
22 26236 8695 14645
21 26174 8699 14633
23 26166 8702 14642
22 26200 8707 14652
21 26277 8705 14639
23 26333 8715 14625
21 26435 8716 14632
22 26571 8724 14592
22 26681 8721 14586
22 26783 8724 14689
21 26836 8724 14678
22 26866 8723 14657
22 26888 8711 14675
22 26864 8703 14676
21 26875 8688 14684
23 26819 8661 14681
21 26777 8635 14667
22 26747 8605 14665
22 26717 8573 14652
22 26681 8541 14688
21 26651 8507 14684
23 26618 8482 14694
21 26606 8459 14707
22 26561 8441 14633
22 26557 8422 14637
22 26533 8403 14630
21 26485 8391 14645
23 26470 8382 14608
21 26428 8365 14636
22 26456 8355 14632
22 26459 8353 14639
22 26462 8337 14646
21 26474 8328 14634
23 26507 8321 14637
21 26541 8300 14613
22 26592 8294 14639
22 26609 8278 14588
22 26641 8263 14665
21 26659 8249 14665
23 26629 8235 14672
21 26603 8223 14669
22 26557 8210 14661
22 26534 8201 14696
22 26518 8191 14678
22 26480 8188 14689
22 26496 8185 14677
22 26508 8180 14669
21 26524 8176 14690
23 26560 8181 14656
21 26594 8182 14681
22 26622 8172 14683
22 26598 8173 14742
22 26577 8170 14630
21 26562 8164 14631
23 26525 8155 14658
21 26518 8149 14623
22 26494 8130 14628
22 26477 8117 14627
22 26492 8102 14638
21 26561 8090 14622
23 26635 8062 14620
21 26670 8045 14648
22 26668 8026 14632
22 26641 8010 14660
22 26660 7997 14655
21 26636 7986 14643
23 26580 7982 14611
21 26542 7978 14688
22 26486 7978 14667
22 26439 7983 14684
22 26433 7993 14671
21 26423 8000 14686
23 26437 7999 14671
21 26459 8005 14697
22 26467 8002 14694
21 26527 8005 14671
23 26547 7999 14667
21 26544 7992 14671
22 26553 7988 14679
22 26566 7984 14682
22 26565 7971 14666
21 26556 7971 14635
23 26520 7966 14622
21 26525 7962 14650
22 26513 7953 14646
23 26492 7953 14633
21 26481 7946 14616
22 26473 7946 14645
22 26488 7944 14627
22 26564 7943 14627
21 26612 7950 14624
23 26636 7940 14640
21 26670 7946 14637
22 26647 7938 14630
22 26602 7953 14648
22 26591 7949 14604
21 26558 7955 14676
23 26531 7961 14669
21 26506 7955 14670
22 26492 7961 14669
22 26493 7963 14677
22 26491 7972 14669
21 26511 7981 14684
23 26514 7986 14696
21 26544 8002 14694
22 26529 8006 14668
22 26521 8016 14689
22 26508 8028 14669
21 26501 8035 14691
23 26476 8044 14686
21 26483 8052 14632
22 26470 8063 14632
22 26482 8066 14617
22 26498 8067 14652
21 26518 8072 14645
23 26537 8070 14653
21 26562 8076 14627
22 26575 8071 14633
22 26573 8069 14614
22 26550 8068 14618
21 26523 8074 14630
23 26485 8069 14638
21 26499 8070 14625
22 26466 8072 14628
22 26465 8073 14594
22 26454 8067 14702
21 26460 8069 14674
23 26465 8067 14674
22 26460 8071 14689
21 26460 8066 14686
23 26475 8068 14664
21 26515 8064 14671
22 26502 8066 14684
22 26465 8062 14666
22 26376 8056 14695
21 26336 8059 14679
23 26316 8050 14677
21 26301 8047 14686
22 26372 8035 14671
21 26456 8030 14675
23 26571 8029 14631
21 26663 8017 14604
22 26743 8004 14610
22 26782 7997 14622
22 26778 7980 14638
21 26723 7970 14656
23 26651 7951 14637
21 26546 7936 14643
22 26474 7921 14626
22 26403 7896 14621
22 26363 7879 14628
21 26402 7854 14651
23 26406 7842 14633
21 26457 7825 14571
22 26464 7809 14697
22 26526 7798 14678
22 26575 7786 14676
21 26589 7784 14671
23 26614 7784 14672
21 26589 7774 14686
22 26591 7774 14668
22 26609 7771 14668
22 26628 7772 14685
21 26656 7778 14660
23 26644 7784 14678
21 26666 7790 14679
22 26678 7794 14686
22 26689 7803 14676
22 26639 7808 14718
21 26563 7814 14618
23 26470 7819 14631
22 26424 7823 14633
21 26397 7818 14620
23 26386 7817 14604
21 26364 7818 14625
22 26330 7814 14641
22 26303 7806 14644
22 26294 7803 14626
21 26262 7788 14638
23 26227 7780 14627
21 26186 7781 14604
22 26211 7763 14642
22 26248 7755 14586
22 26329 7754 14585
21 26406 7737 14661
23 26469 7731 14673
21 26511 7727 14678
22 26582 7725 14650
22 26631 7712 14695
22 26671 7709 14673
21 26709 7701 14687
23 26707 7700 14688
21 26741 7695 14684
22 26743 7688 14664
22 26726 7686 14662
22 26651 7682 14674
21 26578 7679 14672
23 26540 7678 14726
21 26506 7680 14661
22 26579 7677 14621
22 26624 7670 14636
22 26668 7670 14638
21 26735 7664 14630
22 26782 7662 14599
22 26833 7655 14636
22 26848 7652 14636
21 26844 7655 14637
23 26798 7649 14639
21 26731 7647 14651
22 26681 7650 14640
22 26665 7653 14606
22 26611 7662 14596
21 26591 7670 14640
23 26598 7677 14684
22 26600 7686 14647
21 26637 7697 14691
23 26641 7708 14696
21 26674 7719 14661
22 26692 7730 14702
22 26704 7732 14696
22 26712 7743 14668
21 26694 7746 14668
23 26631 7757 14667
21 26630 7756 14671
22 26606 7757 14684
22 26590 7768 14670
22 26573 7759 14729
21 26563 7761 14642
23 26548 7757 14639
21 26561 7756 14647
22 26567 7755 14641
22 26572 7749 14655
22 26557 7742 14634
21 26543 7735 14627
23 26515 7732 14628
21 26533 7730 14636
22 26538 7726 14614
22 26508 7724 14634
22 26495 7723 14650
21 26493 7723 14632
23 26516 7721 14617
21 26562 7719 14578
22 26607 7716 14690
22 26609 7716 14667
22 26600 7713 14648
21 26584 7721 14665
23 26568 7722 14686
21 26525 7717 14667
22 26516 7719 14696
22 26517 7723 14677
22 26516 7724 14688
21 26523 7726 14652
23 26538 7722 14673
21 26546 7728 14672
22 26537 7726 14670
23 26571 7727 14683
21 26559 7732 14639
22 26557 7734 14640
22 26557 7733 14647
22 26543 7736 14669
21 26542 7733 14643
23 26533 7734 14644
21 26540 7736 14648
22 26511 7730 14645
22 26534 7730 14639
22 26530 7733 14639
21 26547 7740 14635
22 26562 7734 14626
22 26568 7735 14645
22 26580 7732 14626
21 26572 7737 14584
23 26556 7738 14610
21 26535 7734 14683
22 26516 7735 14673
22 26507 7735 14671
22 26480 7736 14661
21 26481 7735 14667
23 26480 7732 14686
21 26485 7725 14664
22 26491 7724 14687
22 26499 7722 14695
22 26508 7719 14663
21 26521 7715 14690
23 26555 7711 14665
21 26535 7707 14696
22 26536 7705 14631
22 26517 7716 14616
22 26526 7710 14627
21 26514 7710 14643
23 26532 7722 14647
21 26535 7721 14642
22 26544 7721 14655
22 26570 7724 14645
22 26570 7731 14625
21 26560 7736 14632
23 26555 7743 14633
22 26538 7747 14631
21 26524 7749 14623
23 26536 7757 14646
21 26518 7764 14611
22 26515 7769 14683
22 26514 7777 14680
22 26515 7786 14689
21 26513 7796 14671
23 26473 7807 14662
21 26503 7819 14666
22 26516 7827 14684
22 26528 7835 14667
22 26536 7849 14665
21 26542 7849 14669
23 26543 7851 14696
21 26543 7862 14674
22 26527 7863 14665
22 26531 7864 14670
22 26538 7870 14709
21 26514 7876 14619
23 26535 7875 14609
21 26565 7874 14639
22 26572 7873 14657
22 26565 7874 14632
22 26552 7873 14650
21 26530 7872 14648
23 26553 7871 14640
21 26537 7869 14628
22 26543 7869 14642
22 26503 7865 14642
22 26506 7862 14623
21 26520 7861 14635
23 26501 7858 14587
21 26528 7855 14691
22 26497 7856 14678
21 26507 7856 14679
23 26509 7857 14692
21 26508 7859 14689
22 26520 7860 14661
22 26497 7861 14660
22 26512 7865 14689
21 26509 7868 14667
23 26509 7875 14637
22 26496 7877 14681
21 26511 7877 14675
23 26523 7886 14696
21 26556 7890 14681
22 26554 7893 14697
22 26532 7902 14638
22 26552 7903 14609
21 26556 7910 14647
23 26564 7911 14633
21 26566 7912 14627
22 26565 7915 14622
22 26550 7926 14639
22 26553 7920 14650
21 26552 7923 14630
23 26565 7930 14640
21 26573 7924 14644
22 26558 7925 14652
22 26582 7924 14631
22 26598 7925 14581
21 26582 7925 14643
23 26607 7919 14670
21 26634 7920 14686
22 26603 7916 14675
22 26601 7914 14693
22 26592 7907 14674
21 26604 7903 14690
23 26590 7898 14678
21 26563 7888 14668
22 26558 7880 14689
22 26569 7875 14658
22 26559 7877 14664
21 26549 7865 14663
23 26540 7864 14675
21 26541 7866 14704
22 26528 7866 14654
22 26553 7864 14663
22 26558 7864 14629
21 26573 7858 14617
23 26585 7862 14632
21 26583 7862 14627
22 26601 7873 14611
23 26600 7866 14622
21 26573 7869 14665
22 26559 7874 14642
22 26554 7876 14648
22 26568 7877 14646
21 26572 7877 14638
23 26580 7877 14625
21 26611 7881 14606
22 26643 7875 14691
22 26661 7877 14681
22 26666 7877 14687
21 26672 7879 14693
23 26639 7873 14673
21 26625 7874 14697
22 26642 7868 14687
21 26624 7868 14653
23 26610 7866 14681
21 26593 7863 14670
22 26583 7857 14660
22 26591 7856 14659
22 26596 7852 14669
21 26606 7849 14701
23 26605 7846 14620
21 26614 7846 14643
22 26613 7844 14672
22 26632 7841 14628
22 26633 7837 14632
21 26604 7838 14630
23 26631 7832 14646
21 26638 7830 14630
22 26656 7832 14637
22 26704 7833 14632
22 26712 7832 14638
21 26690 7834 14635
23 26677 7841 14632
21 26650 7841 14638
22 26595 7842 14600
22 26568 7846 14651
22 26513 7841 14690
21 26501 7845 14662
23 26480 7846 14665
21 26459 7850 14688
22 26459 7855 14659
23 26448 7862 14695
21 26489 7868 14677
22 26532 7874 14659
22 26529 7884 14681
22 26583 7893 14690
21 26561 7901 14676
23 26577 7914 14666
21 26599 7929 14671
22 26643 7943 14626
22 26647 7961 14616
22 26660 7980 14647
21 26675 7991 14638
23 26698 8007 14643
21 26740 8021 14610
22 26742 8034 14637
22 26744 8051 14635
22 26748 8068 14627
21 26797 8073 14627
23 26812 8089 14640
21 26829 8101 14630
22 26833 8116 14613
22 26784 8124 14646
22 26760 8134 14592
21 26703 8149 14599
23 26568 8162 14670
21 26498 8170 14690
22 26553 8184 14692
22 26746 8194 14687
22 26917 8209 14670
21 27070 8213 14668
23 27093 8223 14690
21 27065 8225 14681
22 26976 8231 14694
22 26858 8239 14675
22 26697 8239 14687
21 26573 8236 14671
22 26424 8238 14677
22 26352 8231 14700
22 26285 8233 14640
21 26321 8228 14602
23 26369 8223 14630
21 26468 8221 14662
22 26531 8218 14655
23 26597 8222 14621
21 26630 8222 14645
22 26693 8229 14644
22 26737 8237 14620
22 26647 8242 14624
21 26534 8248 14649
23 26418 8254 14635
21 26308 8252 14623
22 26192 8256 14591
22 26125 8259 14684
22 26085 8258 14685
21 26005 8267 14693
23 25886 8282 14688
21 25740 8285 14687
22 25633 8300 14669
22 25584 8323 14665
22 25517 8330 14671
21 25353 8353 14666
23 25213 8377 14676
21 25152 8403 14678
22 25146 8429 14667
22 25207 8451 14675
22 25319 8475 14668
21 25427 8496 14677
23 25564 8520 14621
21 25726 8539 14641
22 25890 8555 14626
22 26008 8578 14625
22 26061 8586 14653
21 26042 8601 14641
23 26028 8612 14647
21 26003 8623 14644
22 26017 8635 14642
22 26088 8645 14623
22 26137 8655 14630
21 26213 8659 14629
23 26292 8662 14627
21 26358 8664 14579
22 26419 8655 14669
22 26481 8641 14695
22 26512 8636 14695
22 26530 8626 14661
22 26523 8610 14673
22 26502 8595 14667
21 26486 8579 14674
23 26497 8565 14672
21 26518 8551 14670
22 26515 8532 14674
22 26473 8518 14667
22 26460 8504 14675
21 26451 8491 14699
23 26436 8475 14680
21 26434 8464 14700
22 26391 8454 14637
22 26377 8440 14629
22 26374 8428 14642
21 26418 8420 14641
22 26498 8404 14599
22 26558 8392 14637
22 26569 8386 14638
21 26562 8375 14620
23 26541 8364 14670
21 26532 8356 14638
22 26503 8348 14649
22 26492 8344 14611
22 26425 8334 14623
21 26433 8330 14597
23 26453 8322 14630
21 26490 8313 14670
22 26539 8307 14685
22 26563 8303 14672
22 26545 8299 14670
21 26559 8302 14684
23 26572 8289 14675
21 26551 8289 14684
22 26543 8281 14668
22 26497 8283 14666
22 26494 8275 14688
21 26468 8275 14665
23 26500 8276 14684
21 26519 8264 14691
22 26569 8262 14724
23 26591 8266 14646
21 26607 8262 14649
22 26592 8259 14630
22 26557 8256 14635
22 26528 8254 14639
21 26508 8251 14613
23 26474 8249 14627
21 26432 8245 14607
22 26359 8245 14631
22 26254 8243 14647
22 26153 8241 14638
21 26050 8237 14663
23 25888 8237 14619
21 25719 8231 14617
22 25610 8225 14587
22 25632 8219 14691
22 25745 8208 14648
21 25922 8207 14678
23 26164 8205 14673
21 26388 8206 14674
22 26639 8196 14670
22 26886 8194 14678
22 27093 8194 14674
21 27176 8188 14652
23 27164 8188 14668
21 27108 8180 14671
22 27065 8181 14672
22 27008 8183 14664
22 26959 8180 14721
21 26871 8179 14639
23 26791 8178 14632
21 26784 8180 14659
22 26799 8176 14648
22 26799 8178 14656
22 26739 8178 14633
21 26683 8170 14667
23 26745 8167 14647
21 26798 8152 14638
22 26787 8139 14650
21 26762 8116 14628
23 26737 8093 14666
21 26683 8067 14646
22 26601 8035 14635
23 26517 8010 14595
21 26525 7990 14673
22 26482 7973 14694
22 26429 7967 14655
22 26389 7967 14665
21 26400 7970 14668
23 26430 7982 14687
21 26437 7991 14657
22 26414 8012 14684
22 26435 8024 14682
22 26486 8038 14654
21 26531 8053 14668
23 26572 8068 14671
21 26639 8083 14688
22 26714 8095 14686
22 26749 8119 14627
22 26735 8123 14633
21 26669 8129 14638
23 26596 8154 14651
21 26483 8153 14648
22 26233 8163 14651
22 25956 8168 14622
22 25598 8173 14638
21 25154 8179 14630
23 24777 8187 14629
21 24426 8188 14636
22 24139 8192 14613
22 24041 8191 14639
22 24083 8191 14654
21 24223 8192 14598
23 24448 8190 14584
21 24731 8185 14695
22 25007 8187 14689
22 25247 8190 14659
22 25444 8195 14684
21 25631 8188 14670
23 25735 8187 14685
21 25801 8194 14648
22 25812 8183 14675
22 25769 8183 14680
22 25668 8180 14672
21 25582 8172 14683
23 25503 8169 14674
22 25509 8166 14683
21 25552 8152 14699
23 25581 8152 14623
21 25699 8142 14634
22 25815 8137 14624
22 25892 8137 14647
22 25807 8132 14643
21 25623 8128 14644
23 25577 8123 14640
21 25680 8112 14636
22 25881 8107 14635
22 26078 8106 14636
22 26254 8104 14630
21 26350 8109 14609
23 26384 8108 14631
21 26428 8109 14603
22 26487 8101 14698
21 26596 8093 14662
23 26680 8087 14672
21 26802 8071 14676
22 26905 8060 14664
22 26963 8040 14686
22 26975 8024 14671
21 26969 8005 14683
23 26981 7984 14648
21 26960 7957 14668
22 26928 7937 14698
22 26888 7908 14677
22 26817 7880 14684
21 26753 7851 14675
23 26700 7821 14704
21 26643 7791 14614
22 26612 7765 14640
22 26623 7732 14640
22 26734 7703 14640
21 26886 7675 14636
23 27082 7653 14637
21 27222 7626 14641
22 27352 7610 14632
22 27411 7598 14631
22 27410 7579 14640
21 27361 7574 14636
23 27263 7568 14633
22 27169 7564 14635
21 27058 7557 14574
23 26956 7559 14683
21 26883 7554 14693
22 26803 7554 14673
22 26724 7558 14693
22 26635 7557 14691
21 26569 7559 14688
23 26525 7561 14671
21 26493 7559 14688
22 26506 7560 14673
22 26487 7565 14657
22 26199 7573 14665
21 25640 7566 14685
23 25384 7568 14691
21 25402 7578 14656
22 25497 7572 14672
22 25594 7580 14628
22 25718 7589 14626
21 25844 7591 14624
23 25889 7603 14631
21 25919 7614 14633
22 25895 7630 14614
22 25849 7644 14627
22 25830 7660 14642
21 25852 7673 14648
23 25921 7691 14649
21 26050 7705 14635
22 26204 7719 14639
22 26432 7732 14646
22 26597 7745 14626
21 26753 7757 14602
23 26815 7776 14667
21 26827 7789 14665
22 26908 7810 14669
22 26964 7825 14689
22 27045 7850 14694
21 27143 7876 14674
22 27175 7898 14667
22 27205 7931 14647
22 27195 7966 14672
22 27220 7996 14662
22 27281 8031 14678
22 27318 8069 14683
21 27371 8107 14687
23 27358 8152 14701
21 27311 8196 14646
22 27215 8235 14662
22 27136 8274 14644
22 27075 8313 14629
21 27013 8351 14645
23 26964 8381 14619
21 26924 8413 14630
22 26904 8448 14639
22 26912 8471 14633
22 26878 8495 14644
21 26866 8518 14651
23 26859 8541 14650
21 26811 8546 14637
22 26762 8558 14629
22 26725 8577 14595
22 26684 8573 14692
21 26656 8584 14668
23 26667 8589 14672
21 26711 8593 14685
22 26771 8598 14685
22 26849 8604 14697
22 26902 8607 14694
21 26948 8610 14658
23 26902 8614 14688
21 26879 8614 14666
22 26777 8618 14661
22 26660 8622 14664
22 26492 8623 14671
21 26305 8624 14698
23 26167 8628 14615
21 25952 8642 14642
22 25791 8638 14636
22 25655 8641 14649
22 25598 8651 14612
21 25640 8651 14660
23 25773 8654 14625
22 25901 8660 14627
21 26024 8661 14633
23 26105 8662 14620
21 26169 8663 14644
22 26202 8667 14641
22 26252 8664 14663
22 26293 8667 14652
21 26301 8667 14598
23 26263 8664 14697
21 26011 8668 14691
22 25511 8664 14673
22 25041 8668 14670
22 24669 8671 14672
21 24472 8674 14672
23 24467 8674 14672
21 24567 8679 14679
22 24759 8686 14695
22 25005 8694 14675
22 25224 8699 14673
21 25366 8704 14673
22 25467 8713 14647
22 25511 8722 14675
22 25533 8724 14704
21 25562 8738 14621
23 25672 8743 14640
21 25748 8752 14640
22 25757 8764 14664
22 25726 8771 14629
22 25624 8776 14643
21 25557 8781 14646
23 25486 8787 14646
21 25532 8794 14615
22 25648 8800 14628
22 25790 8800 14636
22 25924 8800 14628
21 25998 8804 14652
23 26050 8799 14604
21 26084 8801 14595
22 26095 8793 14682
22 26057 8795 14670
22 26068 8781 14691
21 26023 8783 14672
23 26020 8780 14669
22 26010 8766 14671
21 26028 8759 14665
23 26015 8756 14694
21 25947 8748 14696
22 25948 8735 14690
22 26156 8728 14695
22 26372 8714 14652
21 26579 8700 14672
23 26719 8687 14715
21 26925 8673 14633
22 27018 8651 14618
22 26931 8627 14631
22 26790 8601 14639
21 26575 8574 14650
23 26402 8553 14642
21 26310 8525 14639
22 26290 8497 14646
22 26323 8471 14651
22 26363 8452 14614
21 26434 8422 14646
23 26535 8400 14625
21 26614 8379 14626
22 26680 8361 14574
22 26690 8340 14696
22 26700 8326 14682
21 26648 8306 14673
23 26577 8292 14675
21 26550 8280 14690
22 26543 8269 14672
22 26544 8263 14681
22 26597 8254 14675
21 26698 8245 14689
23 26911 8236 14689
21 27227 8235 14693
22 27477 8225 14678
22 27624 8218 14678
22 27668 8213 14694
21 27563 8208 14721
23 27390 8201 14626
21 27171 8187 14628
22 26969 8184 14639
21 26773 8172 14620
23 26592 8165 14632
22 26366 8160 14610
21 26208 8150 14638
23 26136 8148 14621
21 26253 8146 14650
22 26428 8154 14650
22 26609 8183 14604
22 26739 8228 14648
21 26959 8292 14633
23 27274 8377 14603
21 27625 8479 14627
22 27889 8592 14673
22 28021 8708 14675
22 28073 8830 14662
21 27984 8956 14676
23 27822 9078 14675
21 27573 9194 14678
22 27318 9310 14686
22 27117 9420 14689
22 27002 9513 14670
21 26989 9610 14682
23 27061 9700 14689
21 27157 9766 14677
22 27223 9834 14678
22 27300 9900 14675
22 27277 9955 14643
21 27175 10003 14626
24 26971 10051 14649
22 26726 10090 14640
23 26523 10126 14644
23 26384 10162 14647
23 26277 10183 14636
23 26283 10212 14650
23 26371 10225 14629
23 26411 10242 14663
22 26535 10258 14643
24 26613 10267 14641
22 26645 10276 14647
23 26689 10283 14602
23 26688 10288 14598
23 26658 10295 14695
23 26583 10298 14685
23 26559 10301 14676
22 26512 10305 14692
24 26509 10314 14697
23 26562 10317 14677
22 26684 10323 14651
24 26771 10335 14695
22 26861 10336 14683
23 26890 10340 14669
23 26829 10349 14696
23 26753 10356 14677
22 26661 10368 14717
24 26574 10378 14627
22 26490 10390 14638
23 26449 10403 14629
23 26456 10413 14646
23 26459 10429 14655
22 26477 10443 14639
24 26553 10464 14646
23 26674 10481 14625
22 26823 10496 14644
24 27055 10512 14638
22 27230 10517 14635
23 27297 10532 14650
23 27264 10539 14646
23 27166 10548 14595
22 27053 10550 14677
24 26975 10553 14684
22 26940 10556 14676
23 26947 10565 14672
23 26926 10570 14701
23 26900 10584 14654
24 26803 10591 14670
22 26685 10606 14695
23 26697 10618 14673
23 26786 10642 14672
23 26799 10665 14696
22 26696 10685 14685
24 26555 10714 14697
22 26438 10741 14722
23 26301 10778 14635
23 26284 10809 14628
23 26231 10853 14646
22 26134 10884 14654
24 26120 10926 14611
22 26173 10965 14646
23 26366 11001 14618
24 26734 11037 14645
22 27533 11074 14635
23 28457 11108 14671
23 29017 11140 14650
23 29299 11162 14649
22 29294 11183 14646
24 29083 11204 14602
22 28869 11194 14662
23 28531 11203 14675
23 28175 11186 14680
23 27846 11175 14679
22 27586 11155 14677
24 27356 11130 14668
23 27103 11105 14692
22 26888 11076 14663
24 25962 11051 14680
22 25482 11028 14677
24 25184 11000 14696
22 25072 10979 14674
23 25168 10956 14695
23 25434 10938 14733
23 25788 10924 14636
22 26233 10907 14631
24 26854 10894 14649
22 27629 10880 14606
23 28165 10877 14644
24 28463 10873 14630
22 28546 10870 14635
23 28455 10865 14621
23 28243 10868 14634
23 28011 10872 14665
22 27764 10877 14630
24 27579 10878 14629
22 27375 10882 14646
23 27207 10878 14593
23 27014 10875 14690
23 26801 10877 14703
22 26559 10875 14681
24 26373 10877 14692
22 25992 10874 14659
23 25782 10867 14692
24 25745 10870 14688
22 25713 10866 14695
23 25782 10867 14696
23 26070 10865 14671
23 26559 10862 14674
22 27076 10862 14655
24 27400 10859 14696
22 27585 10859 14678
24 27645 10859 14635
22 27677 10860 14653
23 27629 10864 14667
23 27518 10871 14645
23 27317 10881 14660
23 27112 10888 14643
23 26893 10904 14637
23 26726 10917 14650
22 26620 10932 14652
24 26572 10950 14633
22 26572 10972 14664
23 26610 10989 14637
23 26657 11007 14618
23 26729 11025 14653
22 26780 11041 14665
24 26816 11062 14699
22 26809 11074 14693
23 26796 11089 14690
24 26730 11094 14694
22 26684 11101 14697
23 26644 11099 14676
23 26604 11104 14683
23 26582 11100 14686
22 26555 11096 14665
24 26523 11098 14669
22 26551 11100 14691
23 26597 11101 14712
23 26628 11099 14639
23 26654 11102 14666
22 26708 11103 14632
24 26753 11102 14635
22 26728 11091 14642
24 26680 11082 14624
23 26640 11071 14641
22 26605 11056 14651
24 26563 11045 14649
22 26546 11029 14625
23 26514 11009 14629
23 26529 10995 14634
23 26541 10979 14634
22 26557 10956 14582
24 26532 10937 14702
22 26528 10913 14673
23 26436 10894 14674
23 26304 10877 14680
23 26100 10864 14676
23 25549 10847 14658
23 25384 10836 14694
23 25482 10832 14683
22 25991 10826 14689
24 26570 10824 14670
22 26998 10827 14689
23 27171 10834 14671
23 27227 10848 14691
23 27170 10849 14663
22 27035 10868 14642
24 26793 10882 14643
22 26496 10896 14629
23 25675 10912 14648
23 25254 10931 14649
23 25070 10942 14646
23 25048 10960 14652
23 25166 10973 14665
23 25334 10992 14636
23 25536 11001 14648
23 25748 11009 14645
22 25931 11012 14636
24 26067 11016 14649
22 26144 11016 14611
23 26187 11006 14578
23 26215 11000 14673
23 26138 10988 14666
22 26065 10973 14686
24 26045 10960 14674
23 26007 10935 14688
22 26001 10916 14700
24 26037 10898 14658
22 26052 10874 14689
23 26059 10850 14655
23 26069 10830 14674
23 26065 10811 14693
22 26071 10793 14679
24 26224 10785 14735
22 26516 10775 14633
23 26963 10766 14638
23 27382 10765 14647
23 27720 10757 14617
22 27872 10761 14649
24 27851 10766 14633
23 27717 10774 14666
22 27507 10786 14640
24 27291 10794 14633
22 27119 10808 14660
23 26950 10823 14634
23 26769 10839 14644
23 26593 10859 14652
23 26549 10875 14597
23 26629 10894 14679
22 26695 10916 14674
24 26798 10935 14670
22 26816 10956 14696
23 26829 10973 14658
24 26812 10991 14678
22 26764 11009 14683
23 26641 11023 14687
23 26450 11033 14671
23 25675 11043 14688
22 25127 11042 14698
24 24715 11047 14683
22 24499 11046 14695
23 24501 11043 14702
23 24632 11044 14628
23 24901 11030 14644
22 25279 11019 14657
24 25706 11003 14652
23 26136 10992 14638
22 26572 10975 14663
24 26917 10966 14628
22 27137 10941 14618
23 27341 10928 14663
23 27558 10916 14639
23 27681 10901 14623
22 27681 10895 14650
24 27581 10891 14631
22 27390 10890 14580
23 27205 10893 14657
23 27084 10902 14676
23 26982 10915 14696
23 26908 10927 14674
23 26890 10946 14681
23 26884 10960 14671
23 26886 10975 14669
23 26869 10994 14695
22 26839 11005 14655
24 26807 11018 14680
22 26731 11030 14676
23 26679 11034 14672
23 26545 11047 14684
23 25977 11059 14697
22 25613 11055 14644
24 25360 11056 14619
22 25214 11054 14649
23 25106 11051 14640
24 25159 11053 14644
22 25380 11045 14642
23 25850 11039 14644
23 26618 11032 14631
23 27363 11018 14635
22 27882 11003 14656
24 28049 10994 14631
22 28017 10978 14628
23 27843 10963 14649
23 27635 10955 14595
23 27415 10944 14689
22 27225 10939 14681
24 27057 10935 14697
22 26913 10934 14678
23 26818 10938 14652
24 26747 10939 14670
22 26698 10946 14676
24 26674 10952 14668
22 26638 10966 14681
23 26558 10974 14677
23 26501 10985 14695
23 26425 10996 14685
22 26286 11006 14673
24 25956 11020 14719
22 25618 11036 14633
23 25243 11049 14641
23 24923 11066 14648
23 24743 11082 14653
23 24717 11098 14649
23 24927 11112 14626
23 25439 11133 14643
22 26271 11151 14620
24 27154 11174 14658
22 27816 11200 14633
23 28083 11219 14641
23 28063 11243 14646
23 27911 11266 14648
22 27664 11286 14605
24 27435 11309 14659
22 27183 11323 14672
23 26974 11341 14695
24 26785 11355 14672
22 26609 11369 14673
23 26391 11385 14677
23 25851 11398 14670
23 25446 11411 14681
22 25116 11429 14655
24 24633 11445 14673
22 24032 11462 14683
24 23659 11477 14687
22 23667 11494 14695
23 23992 11511 14670
23 24444 11536 14653
23 25018 11554 14651
22 25604 11573 14637
24 26223 11590 14636
23 26944 11612 14645
22 27771 11627 14645
24 28416 11642 14644
22 28772 11660 14653
23 28839 11673 14633
23 28679 11688 14629
23 28331 11704 14645
22 27941 11712 14633
24 27543 11716 14599
22 27194 11722 14657
23 26924 11719 14683
23 26626 11724 14692
23 26334 11720 14676
23 25221 11717 14675
23 24397 11718 14675
23 23799 11705 14662
22 23421 11695 14685
24 23439 11678 14676
22 23733 11663 14672
23 24248 11647 14672
23 24826 11625 14666
23 25333 11603 14675
22 25706 11576 14688
24 25923 11557 14655
22 26078 11548 14646
24 26277 11536 14637
23 26556 11526 14609
22 27123 11526 14647
24 27873 11525 14629
22 28389 11531 14664
23 28595 11537 14637
23 28581 11552 14648
23 28394 11565 14637
22 28127 11578 14648
24 27851 11597 14643
22 27574 11614 14640
23 27309 11622 14602
23 27164 11637 14575
23 27009 11651 14675
22 26885 11663 14656
24 26781 11681 14674
23 26755 11689 14693
22 26723 11694 14677
24 26705 11704 14680
22 26741 11703 14678
23 26723 11709 14674
23 26715 11714 14673
23 26737 11706 14666
22 26709 11697 14672
24 26688 11695 14700
22 26631 11681 14724
23 26558 11674 14624
23 26471 11657 14634
23 26488 11636 14623
23 26465 11614 14610
23 26458 11590 14643
23 26410 11574 14648
23 26413 11551 14645
23 26441 11523 14646
22 26507 11497 14647
24 26619 11470 14639
22 26742 11443 14643
23 26861 11415 14640
23 26898 11390 14652
23 26938 11362 14593
22 26958 11329 14693
24 26973 11306 14695
22 27038 11275 14667
23 27052 11241 14690
24 27070 11217 14686
22 27058 11186 14692
23 27059 11159 14657
23 27021 11141 14683
23 26973 11114 14673
22 26894 11093 14670
24 26810 11076 14675
22 26701 11059 14684
23 26615 11046 14679
23 26470 11049 14723
23 26326 11041 14621
22 26067 11044 14636
24 26111 11053 14643
23 26419 11061 14645
22 26723 11078 14636
24 26933 11101 14648
22 27054 11121 14644
23 27131 11146 14636
23 27165 11176 14640
23 27069 11212 14645
23 26883 11232 14639
23 26551 11267 14652
22 25446 11292 14650
24 24643 11324 14603
22 24053 11347 14679
23 23913 11372 14652
24 24106 11400 14677
22 24623 11426 14679
23 25468 11448 14675
23 26406 11475 14694
23 27258 11495 14664
22 27821 11515 14673
24 28148 11529 14676
22 28213 11545 14681
23 28066 11557 14683
23 27871 11572 14679
23 27627 11577 14665
22 27418 11581 14673
24 27296 11585 14643
22 27223 11579 14632
23 27175 11574 14646
24 27085 11573 14664
22 27011 11559 14638
23 26935 11550 14646
23 26888 11540 14657
23 26891 11532 14632
22 26913 11521 14648
24 26911 11519 14656
22 26898 11512 14649
23 26870 11510 14609
23 26815 11507 14644
23 26721 11507 14605
23 26599 11503 14617
23 26356 11502 14701
23 25685 11506 14684
23 25171 11514 14696
23 24732 11521 14693
22 24442 11530 14651
24 24445 11544 14658
22 24754 11549 14686
23 25293 11562 14699
23 26112 11575 14702
23 27046 11587 14673
22 27709 11601 14676
24 28066 11616 14677
22 28169 11626 14716
23 28052 11638 14630
23 27852 11653 14649
23 27626 11660 14650
23 27407 11665 14654
23 27202 11671 14645
23 27024 11672 14639
22 26887 11665 14639
24 26782 11669 14643
22 26715 11654 14636
23 26695 11654 14655
23 26691 11647 14632
23 26623 11645 14648
22 26593 11646 14646
24 26565 11648 14591
22 26471 11648 14676
23 26254 11655 14659
24 25781 11668 14677
22 24942 11682 14672
24 24351 11686 14672
22 24106 11697 14693
23 24282 11715 14675
23 24936 11732 14703
23 26005 11747 14685
22 27108 11759 14654
24 27815 11776 14675
22 28109 11788 14667
23 28085 11802 14672
23 27932 11817 14715
23 27666 11833 14645
22 27415 11839 14648
24 27189 11850 14641
23 26949 11854 14651
22 26717 11859 14628
24 26548 11866 14646
22 26418 11871 14653
23 26350 11870 14650
23 26379 11874 14651
23 26421 11873 14637
22 26424 11879 14651
24 26438 11881 14642
22 26460 11874 14632
23 26470 11873 14615
23 26335 11864 14675
23 25920 11863 14691
23 25403 11858 14673
23 24925 11855 14670
23 24693 11853 14694
22 24810 11852 14670
24 25322 11850 14705
22 26282 11847 14659
24 27166 11851 14678
22 27764 11855 14698
23 27977 11863 14675
23 27968 11877 14691
23 27777 11889 14681
22 27559 11896 14658
24 27284 11913 14644
23 27093 11921 14627
22 26917 11929 14634
24 26783 11935 14635
22 26701 11945 14647
23 26613 11940 14655
23 26510 11949 14643
23 26404 11957 14647
22 26297 11960 14634
24 26000 11964 14646
22 25694 11966 14642
23 25448 11974 14643
23 25268 11979 14614
23 25155 11986 14651
22 25183 11984 14678
24 25364 11991 14664
23 25614 11981 14666
22 25940 11977 14672
24 26389 11967 14674
22 26799 11955 14678
23 27187 11952 14682
23 27549 11947 14685
23 27729 11939 14678
22 27761 11923 14653
24 27639 11916 14673
22 27447 11913 14678
24 27234 11904 14725
22 27081 11898 14645
23 26948 11900 14648
24 26901 11895 14647
22 26868 11891 14635
23 26839 11889 14616
23 26804 11886 14642
23 26771 11881 14632
22 26768 11882 14638
24 26791 11884 14647
22 26800 11894 14646
23 26749 11892 14639
23 26638 11898 14636
23 26427 11902 14659
22 25904 11913 14587
24 25350 11920 14677
23 24913 11922 14676
22 24615 11929 14672
24 24510 11936 14677
22 24612 11942 14695
23 24858 11952 14702
23 25206 11968 14677
23 25616 11968 14665
22 26096 11983 14692
24 26711 11986 14653
22 27369 11992 14690
23 27731 11999 14702
23 27863 12003 14692
23 27794 12007 14722
22 27624 12015 14622
24 27390 12021 14643
23 27204 12026 14633
23 27063 12023 14640
23 26955 12029 14642
22 26914 12025 14649
24 26900 12024 14634
22 26827 12020 14649
23 26769 12011 14631
23 26745 12006 14664
23 26694 12000 14647
22 26630 11991 14656
24 26605 11988 14648
22 26558 11989 14604
23 26487 11971 14679
24 26401 11969 14662
22 26000 11967 14690
23 25507 11959 14674
23 25093 11951 14700
23 24900 11937 14673
22 24916 11914 14690
24 25143 11883 14673
22 25668 11841 14693
23 26286 11799 14673
23 26799 11755 14684
23 27143 11687 14676
22 27311 11627 14679
24 27397 11561 14672
22 27413 11495 14656
23 27354 11428 14634
24 27281 11361 14645
22 27163 11293 14641
23 27025 11230 14635
23 26886 11167 14631
23 26719 11116 14648
23 26679 11059 14648
23 26593 11007 14641
22 26554 10958 14650
24 26502 10918 14672
22 26500 10880 14665
23 26522 10847 14626
23 26548 10830 14623
23 26562 10819 14590
23 26570 10823 14690
23 26530 10853 14685
23 26458 10896 14676
22 26409 10956 14673
24 26326 11014 14679
22 26235 11096 14668
23 26188 11177 14659
23 26125 11261 14673
23 26062 11348 14680
22 25990 11435 14656
24 25994 11523 14675
22 26060 11609 14691
23 26158 11689 14733
24 26256 11784 14650
22 26357 11847 14636
23 26405 11922 14656
23 26446 11982 14659
23 26469 12037 14633
22 26432 12086 14651
24 26480 12132 14650
22 26480 12176 14645
23 26472 12203 14649
23 26431 12229 14647
23 26395 12255 14650
23 26331 12278 14627
23 26212 12298 14629
22 26156 12321 14601
24 26033 12335 14699
23 25911 12360 14684
22 25815 12376 14657
24 25799 12392 14675
22 25813 12401 14682
23 25900 12404 14669
23 25970 12402 14696
23 26053 12396 14689
22 26275 12380 14704
24 26532 12364 14684
22 26746 12341 14675
23 26842 12308 14656
23 26853 12273 14667
23 26812 12225 14711
23 26653 12170 14663
23 26518 12109 14653
23 26419 12043 14647
22 26492 11977 14669
24 26686 11918 14651
22 27013 11842 14645
23 27290 11781 14646
23 27365 11713 14650
23 27299 11650 14643
22 27041 11589 14648
24 26782 11531 14629
22 26623 11473 14646
23 26576 11425 14617
23 26569 11377 14608
23 26600 11331 14686
24 26636 11298 14676
22 26671 11262 14672
23 26786 11243 14693
23 26975 11222 14676
23 27092 11209 14691
22 27154 11197 14661
24 27184 11191 14683
22 27192 11185 14670
23 27210 11186 14669
23 27204 11190 14675
23 27173 11194 14665
22 27105 11198 14679
24 26936 11205 14696
23 26758 11213 14651
22 26546 11217 14613
24 25853 11222 14644
22 25341 11230 14647
23 24925 11231 14643
23 24670 11250 14657
23 24683 11253 14660
22 25106 11268 14663
24 25866 11281 14641
22 26700 11284 14633
23 27371 11295 14646
23 27728 11299 14643
23 27840 11303 14649
22 27776 11315 14619
24 27636 11316 14657
23 27467 11322 14673
22 27297 11328 14669
24 27157 11333 14693
22 27053 11340 14697
24 26987 11343 14698
22 26962 11347 14700
23 26947 11351 14692
23 26923 11366 14694
23 26905 11382 14674
22 26881 11405 14654
24 26881 11439 14678
22 26819 11474 14682
23 26791 11510 14642
24 26716 11559 14632
22 26643 11602 14646
23 26544 11641 14644
23 26404 11683 14630
23 26266 11724 14659
22 26190 11763 14634
24 26121 11796 14655
22 26107 11825 14662
23 26174 11846 14636
23 26235 11856 14634
23 26333 11855 14647
22 26334 11849 14649
24 26309 11841 14604
23 25156 11815 14647
22 23882 11788 14678
24 22972 11761 14667
22 22614 11732 14692
23 22688 11696 14673
23 23157 11663 14697
23 23968 11633 14681
22 25080 11603 14655
24 26395 11570 14675
22 27944 11543 14683
24 29183 11506 14676
22 29685 11476 14698
23 29610 11442 14678
24 29157 11404 14715
22 28574 11366 14639
23 27955 11321 14623
23 27456 11288 14644
23 27069 11242 14645
22 26751 11203 14645
24 26572 11168 14648
22 26482 11139 14649
23 26480 11110 14635
23 26425 11087 14635
23 26320 11067 14649
22 26197 11050 14630
24 26008 11039 14648
22 25790 11032 14665
23 25534 11027 14596
24 25325 11035 14679
22 25178 11029 14671
23 25029 11047 14674
23 24899 11075 14691
23 24778 11088 14668
22 24760 11116 14675
24 24695 11145 14673
22 24495 11169 14672
23 24383 11191 14693
23 24352 11211 14660
23 24414 11228 14699
22 24530 11252 14659
24 24659 11279 14692
23 24759 11307 14692
23 24798 11336 14638
23 24868 11358 14635
22 24951 11378 14637
24 25046 11397 14649
22 25201 11412 14644
23 25390 11424 14624
23 25567 11431 14632
23 25719 11434 14639
22 25901 11431 14626
24 26021 11426 14668
22 26057 11408 14644
23 26139 11390 14648
23 26165 11366 14627
23 26156 11337 14608
23 26219 11298 14587
23 26396 11268 14677
23 26603 11233 14701
22 26864 11214 14696
24 27192 11203 14694
22 27483 11193 14670
23 27587 11202 14677
23 27559 11204 14670
23 27401 11214 14666
22 27162 11228 14694
24 26954 11250 14679
22 26760 11266 14690
23 26657 11283 14697
24 26581 11291 14706
22 26651 11304 14640
23 26751 11308 14655
23 26888 11311 14650
23 27071 11322 14644
23 27255 11337 14655
23 27369 11365 14663
22 27454 11399 14641
24 27523 11448 14665
22 27508 11504 14667
23 27443 11570 14640
23 27316 11644 14654
23 27197 11710 14636
22 27035 11772 14658
24 26941 11836 14616
23 26808 11890 14672
22 26649 11944 14682
24 26440 11995 14685
22 26267 12043 14677
23 26034 12084 14655
23 25846 12120 14675
23 25786 12153 14690
22 25872 12184 14674
24 25988 12208 14700
22 26259 12236 14701
23 26549 12254 14692
23 26868 12281 14694
23 27061 12272 14661
23 27157 12255 14731
23 27177 12206 14647
23 27096 12128 14665
22 27045 12022 14652
24 26960 11909 14634
22 26852 11773 14644
23 26792 11634 14631
23 26717 11493 14636
23 26653 11355 14649
23 26616 11224 14666
23 26630 11104 14650
22 26638 10989 14645
24 26659 10887 14636
23 26679 10797 14639
22 26643 10708 14573
24 26609 10636 14704
22 26572 10575 14674
23 26534 10518 14672
23 26490 10470 14696
23 26451 10431 14672
22 26428 10399 14694
24 26382 10371 14666
22 26315 10357 14698
23 26296 10350 14664
23 26371 10352 14668
23 26460 10365 14692
22 26583 10375 14666
24 26675 10393 14671
23 26721 10416 14722
22 26687 10437 14652
24 26575 10462 14647
22 26426 10478 14629
23 26291 10497 14656
23 26294 10507 14646
23 26374 10515 14643
22 26508 10530 14640
24 26658 10534 14663
22 26766 10536 14642
23 26813 10537 14626
23 26795 10530 14634
23 26745 10524 14620
24 26665 10508 14629
22 26550 10484 14623
23 26359 10455 14672
23 26240 10422 14673
23 26110 10391 14677
22 25982 10358 14654
24 25886 10330 14672
22 25816 10295 14692
23 25774 10269 14679
23 25826 10242 14693
23 25864 10224 14665
22 25876 10195 14679
24 25956 10174 14659
22 26023 10157 14684
23 26087 10136 14663
24 26122 10121 14733
22 26177 10111 14643
23 26217 10092 14631
23 26236 10077 14638
23 26297 10054 14649
22 26319 10034 14645
24 26282 10034 14649
22 26259 10000 14635
23 26227 9981 14643
22 26213 9970 14632
22 26173 9958 14629
21 26185 9948 14645
23 26185 9944 14633
21 26170 9934 14636
22 26190 9929 14595
22 26176 9929 14683
22 26184 9921 14682
21 26210 9915 14689
23 26242 9914 14675
21 26296 9912 14676
22 26350 9910 14664
23 26453 9910 14669
21 26518 9911 14673
22 26576 9916 14652
22 26601 9921 14663
22 26546 9932 14697
21 26465 9954 14700
23 26381 9972 14682
21 26287 9997 14693
22 26188 10028 14632
23 26077 10065 14637
23 26097 10095 14656
22 26203 10123 14619
24 26223 10154 14646
22 26276 10183 14649
23 26256 10208 14640
23 26280 10241 14645
23 26290 10254 14615
22 26319 10271 14652
24 26343 10285 14647
23 26330 10293 14633
22 26356 10307 14669
24 26395 10320 14584
22 26391 10322 14673
23 26356 10327 14667
23 26369 10330 14686
23 26315 10330 14695
22 26238 10329 14693
24 26177 10324 14697
22 26145 10321 14689
24 26090 10316 14674
22 26135 10311 14675
23 26157 10306 14691
23 26175 10306 14679
23 26233 10310 14684
23 26304 10317 14667
23 26369 10324 14690
23 26405 10327 14597
22 26443 10334 14637
24 26433 10336 14611
22 26380 10343 14651
23 26367 10344 14629
23 26370 10342 14650
23 26381 10342 14638
22 26385 10337 14633
24 26416 10335 14650
22 26438 10334 14651
23 26380 10329 14652
24 26355 10333 14647
22 26285 10323 14636
23 26244 10324 14589
23 26245 10316 14603
23 26282 10309 14683
22 26281 10304 14679
24 26312 10296 14658
22 26377 10291 14671
23 26492 10287 14677
23 26610 10280 14691
23 26776 10271 14687
22 26943 10268 14670
24 27012 10264 14698
22 27023 10260 14679
24 26983 10257 14672
23 26907 10256 14691
22 26782 10254 14724
24 26700 10258 14641
22 26570 10257 14642
23 26452 10249 14643
23 26340 10252 14650
23 26274 10250 14628
22 26223 10244 14629
24 26224 10241 14626
22 26228 10237 14640
23 26233 10232 14636
23 26211 10231 14641
23 26217 10227 14637
23 26220 10226 14655
23 26227 10227 14648
23 26284 10227 14598
22 26324 10223 14673
24 26360 10235 14702
22 26348 10232 14677
23 26363 10243 14675
23 26376 10242 14669
23 26368 10250 14664
22 26367 10263 14689
24 26354 10268 14676
22 26319 10278 14682
23 26323 10286 14694
24 26330 10299 14672
22 26318 10301 14668
23 26333 10308 14667
23 26348 10314 14731
23 26364 10322 14647
23 26331 10332 14651
23 26364 10348 14663
22 26351 10356 14643
24 26339 10375 14645
22 26358 10391 14639
23 26361 10410 14640
23 26334 10419 14623
23 26332 10428 14617
22 26341 10433 14614
24 26400 10439 14628
23 26433 10448 14645
22 26466 10442 14629
24 26488 10447 14608
22 26491 10440 14684
23 26489 10440 14692
23 26459 10439 14689
23 26430 10440 14670
22 26400 10437 14695
24 26406 10443 14689
22 26403 10434 14697
23 26402 10430 14699
23 26405 10428 14696
23 26431 10426 14676
23 26388 10427 14670
23 26415 10421 14647
23 26400 10411 14666
22 26403 10405 14693
24 26375 10397 14648
22 26387 10385 14647
23 26376 10369 14660
23 26383 10351 14651
23 26390 10331 14639
23 26425 10315 14656
23 26432 10291 14645
22 26468 10269 14650
24 26475 10249 14631
22 26484 10224 14647
23 26506 10200 14625
24 26516 10179 14652
22 26497 10158 14633
23 26445 10133 14605
23 26423 10113 14655
23 26414 10088 14671
22 26383 10071 14693
24 26402 10054 14670
22 26421 10037 14686
23 26420 10027 14688
23 26385 10016 14684
23 26409 10008 14670
22 26403 9995 14669
23 26399 9993 14671
21 26414 9984 14687
22 26434 9982 14664
23 26437 9977 14692
21 26449 9982 14721
22 26439 9987 14634
22 26423 9997 14647
22 26456 9999 14644
21 26502 10009 14617
24 26535 10011 14639
22 26528 10023 14643
23 26548 10027 14630
23 26545 10035 14642
23 26527 10039 14655
22 26491 10049 14647
24 26473 10053 14644
22 26435 10045 14642
23 26430 10043 14635
23 26443 10043 14597
23 26424 10038 14678
22 26441 10028 14686
24 26448 10025 14673
23 26431 10020 14675
22 26418 10018 14671
24 26433 10011 14685
22 26443 10010 14667
24 26444 10000 14678
22 26438 9989 14689
22 26461 9986 14697
22 26447 9974 14667
22 26491 9964 14670
21 26507 9961 14676
22 26549 9947 14700
22 26556 9939 14639
22 26551 9933 14628
21 26521 9914 14639
23 26470 9899 14638
21 26433 9879 14636
22 26443 9862 14649
22 26475 9842 14619
22 26486 9820 14638
21 26499 9794 14653
23 26542 9768 14655
21 26562 9745 14606
22 26577 9728 14639
22 26553 9701 14627
22 26513 9676 14617
21 26504 9659 14614
23 26511 9640 14702
22 26496 9616 14676
21 26495 9595 14691
23 26485 9584 14674
21 26496 9559 14673
22 26510 9541 14682
22 26545 9531 14672
22 26614 9517 14675
21 26659 9506 14690
23 26662 9495 14694
21 26684 9487 14697
22 26673 9482 14689
22 26634 9478 14663
22 26631 9479 14696
21 26586 9477 14607
23 26567 9483 14643
21 26548 9481 14640
22 26541 9485 14645
22 26532 9496 14632
22 26521 9507 14641
21 26496 9519 14649
23 26507 9541 14649
21 26503 9555 14641
22 26516 9574 14628
22 26487 9590 14632
22 26487 9614 14615
21 26492 9637 14647
23 26522 9663 14652
21 26515 9687 14571
22 26493 9709 14599
22 26524 9738 14684
22 26490 9769 14699
21 26532 9808 14674
23 26574 9830 14694
21 26636 9859 14674
22 26650 9886 14672
22 26695 9911 14675
22 26711 9933 14674
21 26730 9952 14671
23 26709 9968 14669
21 26684 9975 14682
22 26647 9979 14677
23 26628 9979 14691
21 26619 9970 14728
22 26578 9964 14628
22 26584 9947 14619
22 26610 9937 14635
21 26630 9922 14631
22 26626 9904 14627
22 26596 9891 14637
22 26568 9877 14653
21 26543 9860 14647
23 26500 9850 14613
21 26498 9839 14647
22 26530 9826 14635
22 26544 9816 14613
22 26593 9805 14643
21 26648 9795 14588
23 26672 9777 14668
21 26690 9758 14670
22 26723 9747 14696
22 26715 9727 14697
22 26702 9713 14661
21 26697 9693 14695
23 26671 9671 14692
21 26636 9652 14676
22 26596 9627 14677
22 26558 9611 14671
22 26523 9586 14687
21 26533 9572 14668
23 26500 9560 14679
21 26503 9535 14688
22 26534 9519 14721
22 26508 9513 14639
22 26536 9495 14644
21 26551 9481 14646
23 26541 9466 14644
21 26548 9446 14643
22 26542 9433 14611
22 26529 9414 14632
22 26505 9392 14637
21 26443 9375 14632
23 26446 9365 14633
21 26425 9353 14655
22 26430 9342 14650
23 26455 9340 14600
21 26486 9336 14586
22 26589 9337 14660
22 26637 9338 14691
22 26669 9342 14660
21 26678 9345 14672
23 26670 9352 14679
21 26650 9354 14672
22 26591 9355 14688
22 26600 9352 14673
22 26564 9348 14670
21 26528 9348 14657
23 26540 9339 14671
21 26539 9335 14670
22 26540 9326 14689
22 26557 9324 14694
22 26535 9316 14680
21 26514 9319 14639
23 26522 9318 14647
21 26510 9318 14644
22 26488 9319 14644
22 26474 9324 14643
22 26444 9325 14644
21 26455 9325 14652
23 26443 9326 14649
21 26440 9326 14635
22 26422 9331 14633
21 26414 9330 14639
23 26448 9333 14640
21 26485 9335 14652
22 26540 9332 14617
22 26610 9338 14591
22 26652 9337 14673
21 26717 9333 14689
23 26703 9338 14657
21 26703 9338 14688
22 26642 9336 14678
22 26612 9342 14689
22 26574 9340 14668
21 26571 9343 14696
23 26554 9343 14688
22 26531 9343 14661
21 26531 9353 14678
23 26546 9346 14674
21 26576 9345 14671
22 26602 9340 14715
22 26593 9344 14621
22 26554 9340 14642
21 26540 9330 14654
23 26539 9338 14657
21 26488 9323 14644
22 26480 9320 14641
22 26439 9317 14633
22 26447 9314 14641
21 26430 9314 14644
23 26445 9310 14644
21 26515 9314 14639
22 26568 9314 14634
22 26647 9320 14644
22 26715 9323 14654
21 26747 9327 14584
23 26781 9332 14667
21 26740 9334 14690
22 26711 9337 14669
22 26665 9341 14680
22 26625 9351 14671
21 26605 9354 14667
23 26577 9357 14678
21 26527 9369 14676
