23 28750 25763 3824
21 28821 25762 3823
22 28921 25765 3825
22 29028 25764 3827
22 29120 25760 3827
22 29272 25769 3827
21 29362 25760 3823
23 29384 25763 3813
21 29311 25762 3820
22 29204 25761 3815
22 29089 25763 3814
22 28936 25762 3817
21 28862 25767 3815
23 28841 25766 3813
21 28882 25763 3813
22 28969 25763 3815
22 29060 25764 3815
22 29150 25760 3813
21 29202 25763 3813
23 29196 25764 3815
21 29158 25763 3814
22 29167 25766 3822
22 29259 25764 3826
22 29262 25760 3827
21 29022 25763 3823
23 28684 25771 3826
21 28409 25761 3828
22 28464 25764 3825
22 28730 25764 3825
22 29024 25763 3823
21 29243 25760 3822
23 29374 25765 3823
21 29401 25764 3824
22 29302 25763 3823
22 29088 25765 3824
22 28894 25766 3825
21 28739 25770 3815
23 28644 25770 3813
21 28571 25777 3815
22 28524 25773 3810
22 28594 25775 3816
22 28724 25779 3812
21 28939 25780 3811
23 29132 25781 3820
21 29226 25781 3814
22 29235 25780 3820
23 29233 25781 3819
21 29142 25788 3813
22 29092 25780 3814
22 29003 25782 3817
22 28962 25786 3810
21 29034 25777 3825
23 29208 25779 3826
21 29444 25778 3822
22 29647 25777 3831
22 29729 25778 3822
22 29665 25782 3824
21 29507 25777 3819
23 29306 25777 3824
21 29119 25781 3827
22 29048 25777 3821
22 29012 25782 3825
22 28995 25779 3827
21 29008 25781 3826
23 29037 25783 3825
21 29068 25782 3818
22 29041 25789 3814
22 29022 25790 3816
22 28932 25788 3815
21 28827 25790 3815
22 28718 25788 3816
22 28665 25790 3814
22 28630 25795 3812
21 28636 25798 3813
23 28645 25795 3815
21 28667 25797 3815
22 28706 25798 3815
22 28909 25800 3816
22 29135 25799 3818
21 29316 25802 3814
23 29430 25799 3822
21 29416 25798 3826
22 29345 25796 3824
22 29274 25798 3823
22 29227 25803 3821
21 29187 25803 3822
23 29096 25798 3826
21 29011 25798 3822
22 28905 25799 3826
23 28853 25806 3822
21 28859 25799 3828
22 28843 25799 3826
22 28852 25803 3824
22 28854 25795 3826
21 28816 25796 3827
23 28776 25798 3814
21 28750 25798 3813
22 28713 25796 3815
22 28705 25798 3815
22 28697 25796 3812
21 28693 25795 3815
23 28687 25797 3815
21 28772 25794 3812
22 28908 25796 3813
22 29078 25798 3812
22 29200 25794 3815
21 29254 25795 3815
23 29280 25797 3819
21 29264 25799 3814
22 29163 25795 3815
22 29016 25799 3827
22 28880 25796 3823
21 28736 25797 3824
23 28638 25803 3824
21 28571 25808 3822
22 28593 25801 3821
22 28693 25807 3823
22 28761 25805 3821
21 28846 25805 3831
23 28932 25806 3821
21 28991 25807 3823
22 28983 25806 3817
22 28961 25806 3821
22 28964 25804 3824
21 28929 25806 3813
23 28895 25806 3812
21 28891 25800 3818
22 28952 25801 3812
22 29011 25802 3813
22 29076 25805 3818
21 29171 25801 3813
23 29282 25794 3815
22 29372 25796 3818
21 29397 25795 3815
22 29369 25791 3814
22 29315 25791 3814
22 29308 25784 3812
21 29330 25782 3811
23 29300 25777 3825
21 29262 25771 3823
22 29244 25770 3819
22 29191 25769 3822
22 29170 25766 3827
21 29073 25761 3823
23 28955 25762 3822
21 28843 25761 3824
22 28712 25760 3824
22 28595 25756 3823
22 28548 25761 3825
21 28553 25761 3824
23 28590 25757 3826
21 28592 25762 3824
22 28568 25764 3825
22 28572 25771 3815
22 28543 25770 3815
21 28516 25773 3815
23 28419 25783 3814
21 28450 25776 3811
22 28556 25776 3814
22 28691 25782 3814
22 28821 25785 3813
21 28941 25786 3813
23 29026 25789 3813
21 29028 25790 3814
22 28939 25789 3814
22 28852 25789 3814
22 28761 25784 3814
21 28685 25782 3812
23 28647 25779 3822
21 28645 25777 3823
22 28670 25776 3827
22 28750 25772 3829
22 28798 25773 3825
21 28826 25772 3821
23 28803 25766 3827
22 28757 25769 3822
21 28716 25763 3825
23 28663 25767 3825
21 28586 25769 3822
22 28497 25765 3823
22 28428 25762 3824
22 28415 25764 3823
21 28476 25772 3813
23 28547 25766 3815
21 28728 25764 3814
22 28923 25768 3812
22 29021 25767 3813
22 29037 25766 3812
21 28986 25762 3813
23 28906 25766 3814
21 28783 25761 3819
22 28692 25760 3813
22 28643 25757 3814
22 28616 25755 3816
21 28655 25761 3811
23 28794 25754 3814
21 28933 25755 3817
22 29067 25758 3815
21 29132 25752 3824
23 29118 25753 3825
21 29024 25760 3831
22 28918 25759 3821
22 28805 25758 3824
22 28729 25756 3822
21 28699 25757 3820
23 28661 25758 3823
21 28660 25758 3822
22 28670 25757 3823
22 28670 25754 3822
22 28720 25760 3825
21 28867 25756 3825
23 29041 25753 3819
21 29185 25754 3816
22 29262 25757 3815
22 29229 25753 3816
22 29109 25750 3817
22 28968 25751 3815
22 28816 25757 3812
22 28704 25753 3814
21 28632 25749 3813
23 28581 25753 3815
21 28561 25746 3813
22 28526 25743 3814
22 28503 25743 3815
22 28454 25744 3813
21 28315 25742 3815
23 28195 25742 3826
21 28168 25739 3825
22 28247 25739 3825
22 28360 25738 3824
22 28480 25737 3825
21 28576 25740 3823
23 28629 25742 3825
21 28711 25742 3824
22 28706 25744 3826
22 28578 25743 3831
22 28389 25749 3823
21 28300 25743 3830
23 28325 25746 3828
21 28360 25750 3821
22 28442 25740 3823
22 28525 25747 3816
22 28719 25752 3811
21 28896 25749 3814
23 28987 25750 3814
21 29030 25749 3812
22 29046 25756 3810
22 29000 25753 3813
22 28899 25753 3814
21 28787 25754 3813
23 28689 25756 3813
21 28620 25754 3813
22 28580 25758 3813
22 28586 25759 3814
22 28599 25758 3814
21 28620 25761 3826
23 28661 25761 3823
22 28663 25760 3826
21 28668 25766 3823
23 28631 25760 3824
21 28627 25757 3826
22 28616 25766 3824
21 28587 25762 3825
23 28579 25763 3825
21 28582 25759 3829
22 28617 25761 3822
22 28681 25761 3823
22 28717 25760 3823
21 28740 25760 3822
23 28775 25761 3823
21 28822 25760 3811
22 28939 25762 3814
22 29103 25763 3812
22 29167 25764 3816
21 29185 25765 3814
23 29184 25768 3815
21 29158 25765 3814
22 29064 25768 3816
22 28889 25770 3816
22 28711 25768 3816
21 28606 25775 3814
23 28584 25778 3814
21 28671 25772 3814
22 28785 25768 3814
22 28841 25774 3813
22 28855 25767 3825
21 28833 25764 3825
23 28781 25763 3824
21 28706 25762 3823
22 28633 25761 3823
22 28624 25762 3824
22 28633 25759 3823
21 28666 25759 3825
23 28705 25757 3824
21 28826 25756 3822
22 28914 25753 3823
22 28943 25755 3821
22 28888 25751 3823
21 28792 25754 3820
23 28690 25753 3820
22 28544 25763 3813
21 28377 25754 3818
23 28207 25754 3815
21 28119 25761 3812
22 28167 25756 3813
22 28382 25753 3814
22 28668 25755 3812
21 28960 25755 3811
23 29139 25756 3815
21 29207 25759 3812
22 29191 25754 3813
22 29069 25754 3815
22 28936 25752 3813
21 28806 25751 3816
23 28691 25753 3822
21 28609 25752 3826
22 28539 25755 3820
22 28512 25757 3823
22 28481 25754 3827
21 28479 25755 3822
23 28546 25757 3822
21 28611 25757 3827
22 28731 25757 3824
22 28795 25759 3823
22 28824 25763 3823
21 28817 25764 3824
22 28759 25761 3825
22 28701 25765 3823
22 28679 25763 3821
21 28643 25769 3812
23 28612 25770 3814
21 28629 25769 3814
22 28667 25773 3813
22 28680 25771 3813
22 28672 25768 3815
21 28669 25771 3815
23 28648 25767 3811
21 28608 25766 3813
22 28621 25769 3815
22 28707 25766 3814
22 28867 25761 3814
21 28967 25763 3814
23 29003 25760 3813
22 28968 25757 3822
21 28929 25760 3824
23 28805 25760 3822
21 28723 25749 3824
22 28663 25750 3824
22 28651 25749 3822
22 28675 25740 3824
21 28649 25737 3824
23 28664 25740 3827
21 28684 25738 3823
22 28703 25735 3826
22 28708 25735 3827
22 28674 25734 3824
21 28665 25728 3826
23 28671 25728 3826
21 28653 25731 3815
22 28651 25731 3815
22 28628 25730 3813
22 28622 25731 3817
21 28605 25732 3816
23 28611 25731 3815
21 28617 25735 3813
22 28664 25731 3818
22 28663 25729 3819
22 28627 25729 3813
21 28596 25726 3815
23 28576 25723 3815
21 28604 25721 3812
22 28709 25720 3812
22 28784 25713 3813
22 28856 25707 3823
21 28892 25708 3820
23 28873 25694 3822
21 28810 25693 3822
22 28737 25690 3822
22 28682 25691 3824
22 28622 25685 3825
21 28604 25687 3820
23 28613 25684 3822
21 28653 25686 3824
22 28665 25682 3823
23 28699 25681 3824
21 28724 25681 3827
22 28733 25682 3822
22 28715 25683 3815
22 28672 25682 3815
21 28647 25688 3812
22 28626 25684 3813
22 28601 25689 3814
22 28637 25685 3815
21 28699 25685 3811
23 28767 25687 3814
21 28809 25686 3814
22 28885 25688 3814
22 28959 25687 3814
22 29027 25686 3812
21 29069 25685 3814
23 29106 25685 3811
21 29135 25686 3819
22 29250 25683 3824
22 29394 25680 3822
22 29498 25680 3824
21 29508 25683 3823
23 29437 25683 3825
21 29254 25681 3824
22 29088 25683 3822
22 29000 25687 3822
22 28966 25681 3822
21 28988 25684 3825
23 29048 25689 3823
21 29124 25682 3820
22 29161 25686 3824
22 29228 25685 3824
22 29309 25684 3812
21 29341 25687 3812
23 29315 25687 3815
21 29248 25688 3812
22 29185 25688 3814
22 29150 25687 3813
22 29121 25688 3812
21 29130 25689 3814
23 29109 25691 3814
21 29139 25691 3814
22 29140 25693 3816
23 29122 25693 3815
21 29101 25703 3812
22 29049 25694 3818
22 29002 25694 3823
22 28987 25695 3822
21 28957 25694 3822
23 29001 25693 3823
21 29129 25694 3822
22 29233 25691 3822
22 29310 25695 3823
22 29302 25693 3820
21 29210 25704 3821
23 29058 25695 3825
21 28931 25692 3822
22 28859 25692 3820
22 28836 25692 3821
22 28815 25697 3824
21 28834 25696 3823
23 28968 25696 3812
21 29190 25702 3816
22 29484 25698 3814
22 29669 25702 3811
22 29641 25705 3813
21 29442 25706 3811
23 29123 25707 3813
21 28725 25707 3814
22 28382 25711 3812
21 28119 25712 3814
23 28024 25711 3815
21 28099 25716 3823
22 28246 25711 3811
22 28459 25714 3813
22 28578 25712 3812
21 28682 25714 3812
23 28738 25713 3822
21 28704 25711 3824
22 28681 25711 3823
22 28736 25714 3819
22 28826 25712 3826
21 28883 25713 3824
23 28899 25710 3822
22 28900 25708 3826
21 28838 25713 3822
23 28812 25713 3823
21 28767 25711 3822
22 28759 25709 3821
22 28725 25718 3822
22 28678 25710 3827
21 28607 25715 3813
23 28565 25726 3813
21 28629 25717 3813
22 28703 25719 3814
22 28776 25722 3815
22 28808 25721 3812
21 28807 25722 3814
23 28793 25728 3813
21 28804 25725 3813
22 28857 25726 3813
22 28922 25728 3814
22 28976 25728 3811
21 29057 25728 3809
23 29064 25729 3814
21 29019 25727 3822
22 28931 25725 3821
22 28947 25728 3829
22 29019 25733 3823
21 29061 25729 3824
23 29127 25730 3826
21 29160 25738 3826
22 29121 25730 3823
22 29026 25730 3822
22 28931 25738 3818
21 28882 25731 3824
23 28866 25731 3824
21 28862 25729 3822
22 28875 25734 3822
22 28846 25729 3825
22 28825 25730 3812
21 28861 25733 3811
23 28915 25732 3814
21 28914 25730 3813
22 28893 25734 3810
23 28886 25735 3813
21 28849 25735 3816
22 28817 25737 3812
22 28782 25737 3815
22 28880 25735 3815
21 28824 25739 3813
23 28771 25738 3814
21 28683 25733 3811
22 28629 25736 3811
21 28593 25734 3822
23 28514 25730 3825
21 28409 25725 3830
22 28368 25724 3822
22 28431 25727 3822
22 28550 25723 3823
21 28691 25725 3821
23 28815 25725 3823
21 28857 25720 3824
22 28859 25721 3825
22 28843 25721 3821
22 28779 25717 3823
21 28700 25721 3823
23 28631 25718 3822
21 28588 25718 3823
22 28521 25725 3814
22 28486 25720 3812
22 28448 25719 3813
21 28389 25725 3814
23 28304 25731 3813
21 28195 25719 3813
22 28118 25726 3813
22 28123 25725 3811
22 28183 25721 3813
21 28338 25721 3814
23 28505 25723 3815
21 28656 25721 3813
22 28842 25725 3814
22 28953 25726 3811
22 28983 25729 3811
21 28926 25730 3817
23 28852 25729 3826
21 28767 25735 3822
22 28699 25738 3823
23 28631 25744 3825
21 28564 25746 3826
22 28541 25751 3823
22 28617 25756 3828
22 28673 25767 3822
21 28657 25767 3829
23 28604 25775 3824
21 28568 25787 3822
22 28568 25785 3821
22 28560 25796 3820
22 28572 25810 3810
21 28562 25811 3812
23 28576 25817 3814
21 28540 25823 3812
22 28534 25830 3812
22 28516 25833 3812
22 28494 25839 3812
21 28497 25843 3811
23 28495 25850 3814
21 28475 25851 3814
22 28463 25858 3813
22 28496 25861 3813
22 28572 25863 3814
21 28631 25864 3813
23 28611 25869 3812
21 28591 25868 3824
22 28611 25873 3821
22 28710 25876 3820
22 28846 25879 3827
21 28891 25881 3823
22 28914 25879 3824
22 28865 25884 3823
22 28804 25889 3828
21 28738 25892 3821
23 28747 25892 3823
21 28721 25894 3821
22 28730 25901 3821
22 28745 25903 3824
22 28748 25906 3824
21 28808 25912 3821
23 28804 25915 3811
21 28841 25916 3811
22 28828 25919 3811
23 28814 25921 3812
21 28796 25922 3816
22 28760 25927 3813
22 28717 25922 3813
22 28693 25922 3814
21 28694 25930 3812
23 28667 25933 3813
21 28645 25926 3818
22 28610 25927 3813
22 28607 25933 3814
22 28654 25925 3814
21 28723 25923 3823
23 28774 25920 3823
21 28748 25923 3823
22 28693 25919 3821
22 28564 25918 3825
22 28461 25920 3822
21 28419 25918 3823
23 28413 25917 3821
21 28430 25918 3821
22 28438 25915 3824
22 28500 25916 3822
22 28565 25915 3821
21 28647 25917 3822
23 28652 25914 3826
21 28656 25914 3822
22 28683 25916 3817
22 28728 25917 3817
22 28760 25922 3812
21 28754 25920 3811
23 28732 25918 3813
21 28684 25922 3809
22 28632 25916 3814
22 28535 25918 3815
22 28460 25917 3812
21 28454 25917 3813
23 28472 25918 3813
21 28562 25917 3811
22 28668 25919 3811
22 28760 25919 3812
22 28795 25925 3819
21 28762 25918 3823
23 28691 25919 3823
22 28587 25922 3826
21 28517 25919 3821
23 28439 25924 3823
21 28387 25927 3827
22 28402 25929 3826
22 28478 25927 3823
22 28609 25929 3822
21 28761 25934 3824
22 28859 25933 3822
22 28911 25936 3822
22 28920 25938 3829
21 28913 25935 3819
23 28902 25941 3815
21 28854 25943 3813
22 28814 25943 3814
22 28774 25945 3813
22 28728 25945 3812
21 28684 25945 3814
23 28660 25945 3812
21 28677 25943 3814
22 28780 25947 3813
22 28907 25944 3815
22 29034 25945 3814
21 29065 25950 3814
23 29023 25950 3810
21 28945 25946 3814
22 28827 25949 3814
22 28724 25957 3822
22 28600 25950 3822
21 28585 25956 3823
23 28624 25957 3821
21 28700 25952 3824
22 28746 25955 3821
22 28790 25959 3822
22 28797 25958 3823
21 28801 25959 3820
23 28776 25962 3822
21 28747 25963 3821
22 28699 25966 3825
22 28634 25970 3824
22 28584 25966 3825
22 28581 25972 3810
22 28604 25975 3812
22 28625 25974 3813
21 28679 25975 3815
23 28720 25973 3816
21 28760 25979 3816
22 28809 25975 3817
22 28828 25979 3817
22 28826 25979 3813
21 28796 25977 3813
23 28762 25978 3811
21 28693 25978 3812
22 28635 25970 3813
22 28615 25972 3814
22 28631 25974 3810
21 28671 25966 3820
23 28714 25963 3822
21 28778 25959 3823
22 28776 25957 3819
22 28600 25956 3824
22 28391 25958 3824
21 28307 25949 3823
23 28306 25949 3826
21 28387 25947 3822
22 28493 25951 3821
22 28585 25943 3821
22 28647 25942 3824
21 28730 25944 3824
23 28964 25942 3822
21 29345 25941 3820
22 29499 25942 3813
21 29470 25943 3814
23 29403 25940 3814
21 29283 25936 3818
22 29065 25936 3812
22 28507 25935 3813
22 27975 25931 3817
21 27760 25930 3815
23 27807 25926 3812
21 28082 25926 3812
22 28505 25924 3815
23 29152 25921 3812
21 29658 25922 3810
22 29838 25919 3812
22 29587 25916 3813
22 29107 25913 3824
21 28435 25914 3825
23 27702 25911 3824
21 27292 25911 3822
22 27291 25902 3823
22 27556 25908 3824
22 27908 25903 3822
21 28277 25897 3822
23 28600 25902 3824
21 28758 25894 3823
22 28838 25888 3823
22 28803 25893 3824
22 28738 25889 3827
21 28677 25888 3825
23 28623 25898 3813
21 28649 25894 3813
22 28717 25895 3813
22 28780 25897 3816
22 28787 25900 3816
21 28783 25899 3813
23 28723 25902 3814
21 28635 25902 3818
22 28554 25901 3813
22 28505 25901 3818
22 28493 25907 3814
21 28541 25901 3814
23 28682 25899 3815
21 28884 25898 3816
22 29065 25899 3823
22 29129 25889 3826
22 29057 25888 3821
21 28938 25881 3821
23 28844 25883 3823
21 28777 25879 3819
22 28704 25881 3821
22 28613 25878 3823
22 28593 25875 3824
21 28585 25877 3817
23 28511 25873 3824
22 28390 25871 3820
21 28264 25871 3822
23 28182 25871 3824
21 28191 25870 3823
22 28292 25873 3813
22 28421 25870 3813
22 28558 25873 3809
21 28648 25872 3811
23 28690 25877 3815
21 28702 25873 3812
22 28692 25873 3810
21 28647 25868 3811
23 28611 25867 3816
21 28542 25862 3819
22 28485 25860 3811
22 28408 25860 3814
22 28369 25853 3814
21 28456 25854 3814
23 28659 25850 3813
21 28839 25847 3824
22 28700 25843 3824
22 28809 25838 3819
22 28920 25839 3821
21 29285 25836 3821
23 29667 25834 3824
21 29802 25829 3821
22 29637 25827 3822
22 29259 25824 3822
22 28745 25824 3822
21 28344 25827 3823
23 28133 25828 3823
21 28050 25828 3824
22 28074 25824 3820
22 28148 25833 3813
22 28322 25828 3814
21 28547 25828 3814
23 28743 25829 3813
21 28901 25827 3817
22 28967 25825 3816
22 28987 25828 3814
22 28915 25821 3813
21 28854 25823 3815
23 28775 25827 3812
22 28734 25824 3814
21 28643 25818 3815
23 28534 25817 3811
21 28449 25814 3813
22 28442 25812 3815
22 28509 25812 3816
22 28559 25806 3822
21 28602 25809 3820
23 28573 25810 3821
21 28539 25813 3822
22 28491 25811 3822
22 28444 25808 3822
22 28467 25809 3822
21 28479 25807 3822
23 28532 25810 3821
21 28598 25812 3821
22 28660 25817 3818
22 28690 25811 3823
22 28691 25812 3823
21 28682 25813 3812
23 28627 25819 3815
21 28637 25815 3813
22 28634 25817 3814
22 28653 25819 3812
22 28664 25816 3812
21 28707 25817 3812
23 28814 25822 3812
21 28925 25822 3811
22 29045 25817 3818
22 29065 25820 3813
22 29034 25821 3808
21 28956 25823 3818
22 28850 25818 3814
22 28735 25821 3816
22 28593 25822 3828
21 28515 25821 3821
23 28459 25825 3821
21 28438 25823 3825
22 28426 25822 3823
22 28381 25829 3820
22 28423 25829 3828
21 28523 25832 3822
23 28706 25833 3820
22 28875 25833 3820
21 29001 25838 3824
23 28995 25837 3821
21 28932 25839 3821
22 28778 25843 3822
22 28664 25848 3822
22 28530 25849 3816
21 28416 25849 3813
23 28379 25862 3813
21 28378 25855 3809
22 28416 25853 3814
22 28473 25866 3812
22 28564 25865 3812
21 28630 25864 3810
23 28710 25868 3815
21 28762 25876 3813
22 28719 25871 3814
22 28602 25875 3815
22 28467 25878 3815
21 28279 25876 3812
23 28080 25879 3821
21 27959 25880 3822
22 27848 25881 3820
22 27835 25883 3821
22 27935 25887 3825
21 28079 25891 3821
23 28280 25891 3823
21 28489 25896 3823
22 28714 25896 3820
22 28929 25903 3824
22 29058 25907 3824
21 29092 25907 3819
23 29018 25907 3824
21 28883 25913 3811
22 28821 25912 3820
22 28800 25916 3813
22 28815 25916 3811
21 28795 25921 3811
23 28717 25923 3812
21 28640 25926 3811
22 28578 25922 3811
23 28584 25925 3812
21 28601 25926 3813
22 28608 25926 3811
22 28563 25925 3811
22 28537 25929 3817
21 28535 25933 3812
23 28512 25932 3813
21 28467 25934 3815
22 28393 25937 3818
22 28375 25938 3821
22 28402 25933 3821
21 28420 25937 3821
22 28375 25936 3822
22 28340 25937 3822
22 28301 25943 3830
21 28366 25942 3821
23 28492 25943 3827
21 28608 25946 3824
22 28683 25947 3824
22 28714 25946 3824
22 28676 25947 3826
21 28621 25948 3821
23 28573 25951 3820
21 28500 25957 3815
22 28424 25955 3811
22 28391 25956 3811
22 28434 25960 3815
21 28485 25966 3813
23 28542 25959 3813
21 28568 25961 3813
22 28644 25963 3813
22 28734 25968 3814
22 28819 25965 3812
21 28820 25963 3811
23 28806 25972 3814
21 28784 25963 3815
22 28808 25963 3813
22 28836 25962 3811
22 28843 25964 3823
21 28840 25962 3823
23 28802 25959 3820
22 28722 25960 3824
21 28587 25960 3823
23 28556 25964 3822
21 28582 25963 3821
22 28661 25960 3820
22 28792 25958 3824
22 28915 25958 3822
21 29027 25962 3821
23 29054 25955 3826
21 29016 25963 3822
22 28936 25957 3820
22 28887 25953 3817
22 28838 25961 3811
21 28805 25952 3811
23 28768 25953 3813
21 28718 25954 3812
22 28698 25948 3812
22 28734 25948 3811
22 28743 25948 3812
21 28720 25952 3809
23 28685 25947 3814
21 28669 25949 3812
22 28653 25947 3814
22 28641 25944 3814
22 28604 25940 3813
21 28557 25945 3814
23 28519 25938 3823
21 28508 25937 3826
22 28497 25939 3826
22 28519 25934 3823
22 28563 25934 3819
21 28600 25937 3824
23 28598 25938 3824
21 28586 25932 3821
22 28609 25940 3823
21 28728 25932 3823
23 28914 25935 3823
21 29105 25933 3829
22 29202 25931 3824
22 29208 25937 3824
22 29117 25935 3826
21 28976 25937 3811
23 28897 25933 3813
22 28785 25932 3815
21 28744 25932 3813
23 28716 25928 3814
21 28739 25930 3813
22 28766 25926 3812
22 28802 25923 3814
22 28817 25921 3814
21 28799 25920 3815
23 28760 25916 3817
21 28709 25912 3813
22 28645 25912 3811
22 28666 25915 3813
22 28687 25906 3812
21 28703 25905 3820
23 28705 25905 3820
21 28651 25903 3823
22 28583 25893 3824
22 28573 25893 3823
22 28609 25890 3822
21 28666 25887 3822
23 28770 25886 3824
21 28881 25886 3824
22 29005 25883 3820
22 29109 25880 3823
22 29098 25882 3824
21 29007 25882 3824
23 28844 25882 3821
21 28734 25881 3815
22 28636 25878 3808
22 28599 25877 3816
22 28568 25878 3812
21 28531 25871 3815
23 28518 25873 3814
21 28568 25872 3812
22 28629 25866 3813
22 28731 25866 3813
22 28849 25865 3812
21 28871 25862 3812
23 28883 25861 3813
21 28841 25859 3812
22 28769 25861 3807
23 28701 25855 3813
21 28645 25857 3823
22 28597 25852 3817
22 28538 25854 3824
22 28479 25850 3821
21 28496 25849 3820
23 28488 25849 3821
21 28521 25851 3820
22 28547 25852 3827
22 28562 25849 3821
22 28613 25848 3820
21 28693 25853 3821
23 28807 25849 3823
21 28870 25849 3822
22 28857 25852 3826
21 28833 25853 3814
23 28789 25857 3813
21 28733 25857 3817
22 28709 25856 3812
22 28667 25857 3813
22 28615 25856 3818
21 28590 25857 3811
23 28587 25856 3813
21 28629 25855 3816
22 28670 25857 3813
22 28721 25852 3808
22 28766 25852 3813
21 28820 25852 3812
23 28846 25852 3813
21 28802 25849 3812
22 28640 25845 3824
22 28422 25846 3824
22 28171 25845 3819
21 28015 25848 3823
23 27975 25850 3822
21 28090 25844 3821
22 28329 25844 3822
22 28601 25853 3821
22 28827 25844 3822
21 28980 25842 3823
23 29050 25845 3824
21 29004 25843 3819
22 28921 25844 3823
23 28815 25848 3825
21 28741 25847 3813
22 28664 25850 3813
22 28745 25849 3815
22 28846 25848 3812
21 28899 25849 3809
23 28902 25852 3812
21 28851 25850 3813
22 28760 25852 3814
22 28696 25848 3812
22 28702 25850 3813
21 28770 25844 3815
23 28837 25847 3817
21 28835 25852 3812
22 28821 25847 3812
22 28759 25850 3813
22 28704 25855 3811
21 28686 25844 3820
23 28659 25842 3819
21 28618 25843 3818
22 28359 25840 3831
22 27979 25840 3822
22 27864 25838 3819
21 28024 25842 3814
23 28378 25842 3820
21 28882 25841 3824
22 29302 25843 3821
22 29563 25844 3820
22 29735 25846 3823
21 29745 25844 3820
23 29565 25847 3823
21 29251 25851 3814
22 29037 25855 3812
22 28968 25848 3812
22 28912 25855 3813
21 28754 25851 3814
22 28559 25847 3810
22 28440 25848 3814
22 28584 25849 3817
21 28899 25845 3809
23 29216 25844 3813
21 29412 25843 3812
22 29455 25840 3812
23 29369 25842 3810
21 29184 25837 3812
22 28984 25837 3821
22 28890 25827 3820
22 28846 25824 3821
21 28816 25824 3823
23 28724 25823 3820
21 28625 25820 3818
22 28617 25817 3822
22 28722 25820 3820
22 28861 25817 3820
21 28968 25824 3823
23 29005 25828 3821
21 28980 25820 3819
22 28901 25821 3824
22 28918 25829 3821
22 29044 25824 3822
21 29191 25828 3813
23 29237 25829 3814
21 29155 25832 3813
22 29027 25832 3811
22 28972 25835 3812
22 28997 25836 3813
21 29099 25836 3812
23 29306 25836 3810
21 29491 25840 3813
22 29601 25839 3811
22 29690 25840 3811
22 29736 25842 3813
21 29751 25844 3811
23 29760 25847 3815
21 29710 25853 3819
22 29659 25849 3822
22 29593 25852 3824
22 29561 25859 3823
21 29530 25860 3820
23 29437 25865 3821
21 29340 25862 3818
22 29220 25871 3823
22 29100 25870 3822
22 29010 25878 3819
22 28890 25883 3819
22 28837 25878 3823
22 28774 25878 3820
21 28768 25883 3817
23 28795 25883 3821
21 28820 25887 3813
22 28818 25886 3810
22 28859 25893 3811
22 28861 25890 3815
21 28850 25894 3811
23 28816 25898 3811
21 28775 25900 3811
22 28755 25901 3812
22 28742 25905 3809
22 28743 25908 3809
21 28762 25911 3811
22 28787 25910 3813
22 28828 25916 3812
22 28891 25919 3820
21 28999 25920 3811
23 29111 25923 3820
21 29155 25925 3822
22 29125 25930 3822
22 29032 25930 3824
22 28939 25932 3821
21 28839 25938 3823
23 28756 25934 3818
21 28652 25938 3822
22 28642 25944 3824
22 28627 25944 3822
22 28629 25943 3821
21 28635 25951 3823
23 28687 25945 3822
21 28726 25946 3821
22 28715 25950 3813
22 28690 25958 3811
22 28659 25955 3811
21 28630 25959 3811
23 28628 25963 3811
21 28623 25952 3811
22 28612 25951 3810
23 28605 25955 3813
21 28557 25952 3810
22 28543 25951 3811
22 28583 25954 3813
22 28733 25953 3811
21 28853 25948 3812
23 28944 25949 3815
21 28999 25948 3811
22 28994 25946 3817
22 28944 25944 3825
22 28848 25952 3821
21 28731 25946 3818
23 28653 25947 3827
21 28645 25946 3820
22 28691 25942 3824
22 28743 25946 3824
22 28792 25948 3821
21 28845 25941 3821
23 28892 25940 3824
21 28902 25942 3821
22 28886 25941 3821
22 28879 25939 3821
22 28857 25939 3824
21 28791 25941 3815
23 28734 25941 3813
21 28674 25939 3811
22 28574 25937 3813
22 28462 25935 3814
22 28322 25936 3812
21 28245 25935 3814
23 28275 25935 3813
21 28393 25933 3815
22 28475 25931 3814
22 28518 25931 3812
22 28515 25932 3807
21 28474 25931 3817
23 28597 25929 3811
21 28813 25925 3820
22 28972 25927 3821
21 29070 25919 3823
23 29097 25921 3823
21 29073 25923 3827
22 29050 25920 3819
23 28997 25920 3821
21 28912 25919 3820
22 28791 25919 3822
22 28687 25919 3821
22 28657 25916 3820
21 28745 25918 3822
23 28791 25920 3819
21 28803 25914 3822
22 28795 25915 3823
22 28735 25918 3812
22 28689 25916 3812
21 28639 25920 3813
23 28589 25915 3813
21 28606 25913 3815
22 28654 25913 3812
22 28792 25921 3812
22 28916 25910 3811
21 29002 25915 3813
23 29047 25915 3811
21 29064 25913 3810
22 29042 25907 3815
22 28976 25909 3813
22 28910 25907 3812
21 28857 25908 3820
23 28743 25903 3823
21 28697 25910 3820
22 28798 25901 3821
22 28980 25902 3823
22 28941 25900 3822
21 28816 25899 3813
23 28626 25899 3824
21 28467 25898 3821
22 28376 25897 3818
22 28399 25892 3824
22 28452 25894 3824
21 28515 25893 3821
23 28568 25892 3824
21 28644 25896 3822
22 28653 25894 3811
22 28624 25895 3811
22 28603 25901 3812
21 28660 25897 3810
23 28760 25899 3810
22 28902 25897 3811
21 29048 25900 3809
23 29105 25901 3811
21 29108 25904 3810
22 29023 25900 3811
22 28866 25901 3814
22 28696 25900 3812
21 28550 25901 3813
23 28456 25904 3815
21 28394 25905 3813
22 28438 25903 3824
22 28550 25908 3821
22 28661 25904 3823
21 28733 25914 3826
23 28707 25906 3823
21 28590 25904 3824
22 28474 25909 3826
21 28417 25910 3825
23 28423 25908 3820
21 28492 25908 3829
22 28648 25909 3821
22 28805 25910 3823
22 28881 25913 3817
21 28877 25911 3818
23 28782 25912 3812
21 28632 25917 3811
22 28547 25919 3815
22 28525 25925 3811
22 28603 25925 3809
21 28725 25931 3814
23 28792 25936 3813
21 28805 25937 3813
22 28770 25945 3814
22 28771 25944 3812
22 28735 25953 3814
21 28605 25960 3814
23 28442 25967 3813
21 28286 25966 3811
22 28222 25973 3811
22 28229 25981 3822
22 28229 25983 3820
21 28231 25985 3819
23 28296 25990 3823
22 28367 25998 3821
21 28431 26005 3822
23 28479 26013 3820
21 28503 26018 3825
22 28508 26022 3820
22 28525 26025 3820
22 28529 26029 3824
21 28536 26037 3821
23 28583 26042 3824
21 28610 26046 3823
22 28650 26053 3815
22 28671 26057 3817
22 28677 26068 3813
21 28676 26062 3811
23 28728 26066 3818
21 28809 26073 3812
22 28862 26069 3810
22 28918 26071 3812
22 28909 26081 3811
21 28897 26074 3811
23 28866 26075 3811
21 28891 26073 3813
22 28890 26085 3808
22 28956 26079 3811
22 28999 26078 3814
21 28980 26073 3812
23 28946 26078 3822
21 28901 26073 3825
22 28867 26071 3820
22 28851 26070 3821
22 28835 26071 3822
21 28811 26067 3822
23 28792 26063 3819
21 28798 26060 3823
22 28737 26063 3822
22 28660 26062 3823
22 28582 26058 3822
21 28503 26062 3824
22 28422 26055 3821
22 28345 26055 3821
22 28303 26059 3822
22 28320 26057 3809
22 28364 26053 3811
22 28443 26052 3814
21 28543 26052 3809
23 28658 26049 3811
21 28759 26050 3809
22 28822 26050 3814
22 28858 26045 3812
22 28840 26048 3811
21 28831 26043 3809
23 28783 26045 3814
21 28757 26041 3812
22 28742 26043 3812
22 28718 26041 3824
22 28707 26034 3821
21 28664 26032 3819
23 28676 26034 3820
21 28681 26031 3822
22 28691 26027 3822
22 28677 26034 3820
22 28696 26023 3824
21 28688 26023 3818
23 28696 26022 3824
21 28668 26020 3819
22 28583 26020 3823
22 28525 26021 3821
22 28490 26017 3823
21 28472 26013 3824
23 28505 26013 3812
21 28501 26011 3809
22 28525 26010 3811
22 28552 26008 3811
22 28617 26008 3811
21 28683 26003 3812
23 28777 26003 3814
21 28829 26002 3811
22 28836 25999 3815
22 28819 25998 3819
22 28779 26001 3811
21 28723 25995 3811
23 28661 25996 3813
22 28608 25996 3809
21 28587 25997 3812
23 28606 25990 3825
21 28608 25988 3817
22 28639 25990 3820
22 28619 25984 3819
22 28628 25986 3821
21 28618 25980 3816
23 28583 25985 3820
21 28561 25978 3823
22 28547 25982 3822
22 28523 25984 3822
22 28516 25980 3823
21 28507 25978 3824
23 28490 25980 3824
21 28499 25980 3822
22 28490 25988 3812
22 28487 25982 3813
22 28517 25982 3813
21 28627 25983 3809
22 28738 25979 3812
22 28827 25976 3813
22 28854 25973 3813
21 28843 25973 3810
23 28801 25971 3810
21 28734 25972 3812
22 28676 25966 3813
22 28619 25967 3811
22 28580 25969 3810
21 28547 25965 3811
23 28555 25964 3810
21 28582 25961 3813
22 28596 25961 3822
22 28644 25960 3821
22 28690 25959 3825
21 28707 25956 3822
23 28722 25962 3822
21 28705 25956 3818
22 28684 25961 3821
22 28690 25964 3820
22 28657 25956 3820
21 28643 25958 3821
23 28620 25965 3822
22 28617 25957 3822
21 28594 25955 3820
23 28585 25960 3813
21 28599 25960 3814
22 28640 25958 3811
22 28703 25962 3811
22 28770 25960 3814
21 28761 25960 3811
23 28750 25965 3812
21 28734 25960 3811
22 28686 25965 3807
22 28640 25957 3811
22 28567 25957 3811
21 28538 25957 3813
23 28493 25957 3816
21 28475 25959 3818
22 28481 25952 3811
22 28493 25947 3823
22 28532 25951 3822
21 28525 25944 3821
23 28547 25947 3817
21 28523 25952 3823
22 28526 25944 3823
22 28516 25947 3821
22 28504 25943 3820
21 28491 25950 3820
23 28495 25942 3822
21 28485 25941 3820
22 28485 25939 3820
22 28514 25945 3821
22 28559 25939 3821
21 28654 25941 3819
23 28800 25941 3813
21 28952 25939 3811
22 29046 25936 3813
22 29069 25937 3812
22 29032 25935 3813
21 28963 25936 3811
23 28845 25933 3813
21 28720 25927 3816
22 28584 25931 3813
21 28510 25925 3812
23 28485 25920 3812
22 28509 25925 3814
21 28544 25922 3811
23 28591 25919 3812
21 28617 25918 3821
22 28608 25917 3818
22 28609 25916 3820
22 28574 25913 3820
21 28537 25913 3821
23 28510 25910 3817
21 28499 25914 3821
22 28549 25912 3822
22 28640 25912 3819
22 28763 25910 3824
21 28778 25911 3821
23 28785 25907 3822
21 28759 25905 3820
22 28748 25906 3823
22 28759 25914 3821
22 28798 25906 3811
21 28831 25906 3812
23 28832 25913 3812
21 28791 25903 3813
22 28681 25904 3813
22 28554 25907 3811
22 28446 25903 3811
21 28366 25902 3812
23 28355 25904 3812
21 28380 25904 3812
22 28417 25903 3813
22 28480 25909 3811
22 28504 25908 3811
21 28486 25907 3807
23 28453 25909 3815
21 28420 25909 3824
22 28416 25909 3822
22 28415 25909 3827
22 28408 25910 3819
21 28412 25911 3821
23 28427 25916 3821
21 28425 25921 3820
22 28381 25918 3822
23 28336 25912 3820
21 28318 25919 3817
22 28287 25915 3819
22 28289 25917 3823
22 28385 25918 3821
21 28559 25920 3817
23 28797 25919 3812
21 28974 25922 3810
22 29062 25922 3811
22 29068 25923 3812
22 29022 25924 3812
21 28956 25927 3808
23 28842 25923 3811
21 28743 25926 3811
22 28625 25921 3812
22 28530 25925 3812
22 28477 25921 3813
21 28471 25923 3812
23 28513 25920 3812
21 28536 25920 3815
22 28569 25924 3812
21 28593 25917 3822
23 28611 25915 3819
21 28551 25919 3822
22 28500 25919 3817
22 28459 25916 3822
22 28446 25916 3822
21 28457 25916 3820
23 28466 25920 3820
21 28475 25918 3820
22 28522 25917 3822
22 28565 25916 3818
22 28578 25918 3821
21 28564 25921 3821
23 28531 25922 3823
21 28575 25922 3814
22 28645 25919 3811
22 28707 25922 3811
22 28738 25924 3812
21 28697 25923 3811
23 28677 25930 3814
21 28663 25927 3812
22 28612 25923 3810
23 28578 25936 3813
21 28531 25929 3812
22 28489 25925 3813
22 28470 25926 3812
22 28476 25927 3813
21 28460 25926 3810
23 28511 25925 3815
21 28536 25923 3820
22 28558 25924 3823
22 28514 25925 3821
22 28473 25924 3821
21 28455 25929 3821
23 28428 25925 3819
21 28392 25925 3821
22 28388 25925 3819
22 28420 25924 3825
22 28450 25925 3823
21 28516 25925 3823
23 28543 25929 3821
21 28582 25924 3823
22 28605 25928 3820
22 28679 25922 3819
22 28738 25930 3810
21 28820 25927 3810
23 28920 25927 3811
21 28957 25926 3810
22 28951 25928 3810
22 28854 25926 3813
22 28770 25924 3813
21 28622 25919 3809
23 28515 25921 3810
21 28442 25919 3811
22 28408 25919 3810
22 28388 25918 3813
22 28394 25920 3814
21 28411 25917 3810
23 28483 25917 3811
21 28519 25916 3821
22 28555 25916 3819
22 28566 25918 3822
22 28646 25920 3823
22 28672 25923 3822
21 28661 25919 3820
23 28625 25919 3821
21 28622 25921 3827
22 28612 25920 3819
22 28594 25924 3821
22 28626 25920 3820
21 28639 25925 3820
23 28643 25924 3822
21 28662 25928 3819
22 28680 25930 3814
22 28748 25929 3811
22 28814 25931 3813
21 28875 25936 3812
23 28880 25940 3811
21 28829 25943 3809
22 28761 25941 3813
22 28663 25943 3814
22 28581 25947 3812
21 28495 25944 3811
23 28453 25951 3810
21 28435 25944 3812
22 28432 25948 3813
22 28454 25949 3812
22 28502 25944 3819
21 28549 25940 3820
23 28578 25942 3822
21 28582 25942 3821
22 28560 25944 3821
22 28558 25944 3823
22 28547 25943 3824
21 28544 25941 3821
23 28532 25945 3823
21 28536 25943 3822
22 28503 25942 3818
22 28505 25943 3822
22 28524 25944 3821
21 28610 25940 3821
23 28687 25940 3830
21 28779 25948 3810
22 28837 25938 3814
23 28837 25940 3816
21 28803 25944 3810
22 28770 25936 3812
22 28732 25937 3813
22 28691 25942 3812
21 28650 25937 3812
23 28633 25934 3810
21 28634 25931 3812
22 28645 25936 3805
22 28654 25930 3811
22 28626 25931 3811
21 28619 25925 3808
23 28594 25924 3810
21 28549 25922 3822
22 28506 25918 3818
22 28486 25914 3820
22 28464 25917 3818
21 28444 25912 3821
23 28438 25916 3821
21 28465 25913 3822
22 28488 25913 3820
22 28501 25912 3823
22 28538 25910 3825
21 28566 25919 3818
22 28602 25914 3822
22 28702 25915 3820
22 28766 25913 3824
21 28824 25916 3809
23 28811 25916 3812
21 28793 25917 3810
22 28708 25920 3812
22 28662 25919 3810
22 28567 25922 3810
21 28551 25924 3813
23 28542 25922 3811
21 28543 25923 3813
22 28595 25926 3811
22 28633 25927 3811
22 28675 25924 3813
21 28676 25922 3814
23 28683 25924 3812
21 28661 25927 3813
22 28645 25928 3810
23 28592 25930 3822
21 28548 25924 3819
22 28523 25925 3820
22 28495 25934 3822
22 28478 25923 3822
21 28511 25924 3820
23 28581 25927 3819
21 28630 25925 3823
22 28686 25922 3819
22 28748 25926 3820
22 28793 25923 3819
21 28837 25920 3823
23 28878 25920 3818
21 28893 25918 3822
22 28830 25918 3809
22 28752 25917 3814
22 28649 25912 3810
21 28596 25913 3814
23 28516 25912 3818
21 28464 25916 3809
22 28426 25908 3813
22 28403 25909 3813
22 28456 25909 3810
21 28471 25908 3810
23 28496 25910 3810
21 28526 25915 3810
22 28519 25907 3810
22 28511 25910 3812
22 28498 25908 3819
21 28498 25913 3817
23 28485 25908 3819
21 28479 25906 3820
22 28455 25908 3815
22 28483 25908 3818
22 28517 25908 3821
21 28513 25913 3817
23 28527 25909 3821
21 28519 25910 3823
22 28529 25910 3820
22 28504 25909 3823
22 28519 25912 3822
21 28509 25917 3819
23 28516 25916 3821
22 28536 25912 3813
21 28625 25915 3811
22 28736 25909 3810
22 28814 25907 3812
22 28852 25905 3813
21 28818 25908 3811
23 28744 25904 3813
21 28658 25901 3813
22 28596 25899 3809
22 28541 25899 3812
22 28485 25895 3810
21 28458 25897 3811
23 28456 25893 3812
21 28460 25893 3812
22 28485 25893 3820
22 28523 25891 3820
22 28537 25893 3823
21 28548 25896 3820
23 28536 25889 3820
21 28540 25893 3818
22 28521 25892 3821
22 28508 25900 3821
22 28513 25900 3823
21 28494 25906 3818
23 28472 25903 3820
21 28485 25910 3819
22 28491 25905 3822
22 28475 25907 3823
22 28487 25910 3820
21 28504 25912 3809
23 28535 25915 3810
21 28572 25915 3812
22 28614 25916 3813
22 28677 25916 3811
22 28776 25920 3810
21 28848 25918 3809
23 28856 25920 3810
21 28850 25919 3811
22 28778 25918 3806
22 28713 25918 3813
22 28647 25926 3809
21 28573 25920 3814
23 28533 25919 3813
22 28502 25923 3811
21 28485 25916 3821
23 28529 25913 3821
21 28559 25915 3817
22 28592 25913 3819
22 28603 25914 3823
22 28598 25916 3820
21 28616 25917 3817
23 28614 25919 3820
21 28612 25918 3818
22 28614 25914 3819
22 28610 25915 3823
22 28628 25916 3818
21 28648 25914 3824
23 28666 25913 3820
21 28673 25914 3814
22 28656 25914 3812
22 28599 25910 3810
22 28539 25909 3817
21 28451 25911 3811
23 28388 25907 3813
21 28352 25902 3814
22 28364 25904 3814
21 28467 25897 3813
23 28602 25897 3812
21 28722 25895 3820
22 28819 25896 3810
22 28858 25895 3813
22 28817 25892 3811
21 28770 25892 3810
23 28744 25898 3822
21 28692 25894 3822
22 28665 25895 3821
22 28663 25895 3819
22 28621 25892 3822
21 28619 25893 3823
23 28617 25899 3818
21 28643 25897 3820
22 28736 25901 3822
22 29035 25899 3821
22 29333 25901 3823
22 29477 25896 3820
22 29477 25910 3822
22 29352 25904 3820
21 29147 25901 3820
23 28866 25907 3811
21 28578 25909 3813
22 28369 25902 3811
22 28284 25905 3811
22 28262 25907 3812
21 28241 25903 3811
23 28263 25904 3809
21 28303 25905 3810
22 28394 25907 3813
22 28545 25911 3812
22 28765 25912 3811
21 28985 25911 3811
23 29136 25911 3810
21 29239 25910 3810
22 29306 25912 3821
22 29320 25913 3824
22 29208 25914 3823
21 29063 25914 3820
23 28877 25914 3823
21 28789 25921 3823
22 28727 25917 3820
22 28681 25916 3819
22 28663 25921 3821
21 28689 25921 3821
23 28747 25922 3819
21 28815 25922 3818
22 28916 25930 3819
22 28914 25922 3821
22 28817 25928 3821
21 28692 25923 3806
23 28575 25929 3812
21 28498 25924 3811
22 28449 25925 3811
22 28417 25925 3811
22 28466 25927 3811
21 28477 25925 3809
23 28510 25928 3812
22 28527 25926 3812
21 28531 25926 3810
23 28510 25921 3813
21 28481 25925 3814
22 28396 25923 3814
21 28275 25918 3813
23 28128 25920 3811
21 28015 25914 3826
22 27976 25913 3820
22 27976 25912 3822
22 27976 25912 3815
21 27951 25913 3819
23 28028 25911 3820
21 28150 25910 3822
22 28279 25913 3822
22 28417 25911 3817
22 28473 25912 3821
21 28553 25913 3823
23 28666 25911 3820
21 28844 25915 3821
22 28987 25921 3820
22 29082 25923 3812
22 29026 25920 3812
21 28868 25920 3810
23 28675 25928 3811
21 28446 25920 3813
22 28266 25922 3811
22 28218 25925 3813
22 28234 25923 3811
21 28329 25917 3810
23 28386 25919 3812
21 28389 25921 3811
22 28356 25916 3812
22 28310 25914 3811
22 28299 25918 3812
21 28282 25921 3811
23 28303 25914 3820
21 28380 25920 3819
22 28490 25919 3817
22 28648 25922 3822
22 28826 25922 3822
21 28917 25920 3817
23 28911 25922 3825
22 28865 25931 3820
21 28796 25927 3819
23 28694 25924 3821
21 28627 25929 3821
22 28559 25926 3819
22 28479 25925 3819
22 28429 25931 3819
21 28416 25925 3811
23 28355 25931 3811
21 28356 25928 3809
22 28323 25933 3809
22 28306 25930 3813
22 28323 25928 3809
21 28357 25923 3812
23 28364 25922 3811
21 28411 25921 3813
22 28446 25919 3809
22 28464 25920 3813
22 28498 25919 3812
21 28515 25919 3810
23 28500 25915 3810
21 28471 25912 3815
22 28477 25911 3819
22 28483 25909 3822
22 28520 25906 3819
21 28589 25907 3824
22 28694 25903 3821
22 28775 25899 3821
22 28849 25901 3824
21 28850 25898 3815
23 28807 25894 3820
21 28717 25894 3819
22 28619 25889 3819
22 28528 25892 3819
22 28448 25888 3819
21 28444 25888 3825
23 28438 25885 3810
21 28460 25887 3812
22 28498 25885 3812
22 28534 25883 3811
22 28564 25878 3809
21 28571 25880 3813
23 28541 25875 3810
22 28521 25874 3811
21 28485 25871 3812
23 28419 25876 3812
21 28343 25862 3811
22 28253 25868 3810
22 28204 25864 3810
22 28177 25856 3813
21 28185 25849 3811
23 28219 25846 3811
21 28331 25843 3821
22 28458 25844 3820
22 28607 25840 3821
22 28829 25843 3820
21 29007 25840 3820
23 29052 25835 3822
21 29011 25836 3823
22 28890 25838 3813
22 28725 25833 3821
22 28588 25838 3820
21 28511 25837 3818
23 28447 25836 3825
21 28432 25838 3820
22 28427 25836 3820
22 28438 25839 3815
22 28455 25843 3810
21 28481 25843 3811
23 28507 25846 3811
21 28504 25851 3808
22 28503 25847 3808
22 28502 25851 3814
22 28460 25849 3809
21 28441 25853 3808
23 28443 25851 3811
21 28401 25847 3809
22 28414 25847 3809
22 28428 25845 3810
22 28447 25845 3811
21 28463 25844 3820
23 28481 25841 3821
21 28492 25845 3823
22 28531 25838 3820
23 28614 25842 3821
21 28689 25839 3823
22 28739 25841 3821
22 28733 25843 3819
22 28710 25843 3821
21 28654 25845 3821
22 28575 25842 3821
22 28547 25844 3822
22 28512 25849 3825
21 28522 25846 3817
23 28539 25850 3822
21 28588 25851 3811
22 28658 25856 3811
22 28720 25861 3810
22 28748 25859 3812
21 28731 25861 3811
23 28713 25864 3808
21 28676 25865 3810
22 28657 25873 3811
22 28589 25873 3812
22 28511 25875 3814
21 28456 25877 3810
23 28404 25879 3811
21 28380 25881 3814
22 28386 25886 3812
22 28399 25889 3813
22 28439 25886 3818
21 28496 25884 3819
23 28597 25896 3819
21 28703 25890 3820
22 28743 25889 3820
22 28733 25890 3820
22 28703 25891 3820
21 28635 25891 3822
23 28578 25894 3822
21 28532 25895 3819
22 28486 25892 3820
22 28455 25895 3823
22 28447 25890 3822
21 28495 25897 3815
23 28550 25898 3812
21 28586 25897 3812
22 28618 25896 3810
23 28618 25901 3815
21 28601 25900 3815
22 28594 25896 3811
22 28555 25898 3810
22 28518 25907 3811
21 28492 25902 3811
23 28480 25902 3811
21 28477 25904 3810
22 28453 25901 3809
22 28469 25903 3811
22 28491 25901 3809
21 28514 25910 3807
23 28595 25904 3816
21 28710 25903 3820
22 28799 25906 3818
22 28831 25904 3821
22 28813 25903 3822
21 28764 25903 3821
23 28671 25901 3819
21 28610 25905 3818
22 28579 25906 3824
22 28580 25904 3820
22 28603 25902 3818
21 28631 25905 3820
23 28651 25904 3822
21 28674 25904 3822
22 28690 25910 3810
21 28685 25908 3813
23 28671 25906 3810
21 28653 25910 3815
22 28610 25906 3809
22 28611 25907 3809
22 28598 25907 3809
21 28596 25905 3812
23 28561 25909 3809
21 28528 25903 3810
22 28511 25905 3811
22 28514 25903 3809
22 28575 25906 3810
21 28706 25901 3811
23 28841 25904 3812
22 28904 25902 3816
21 28909 25895 3820
23 28848 25893 3822
21 28743 25892 3819
22 28669 25895 3821
22 28564 25896 3818
22 28414 25889 3821
21 28326 25887 3823
23 28330 25891 3822
21 28357 25885 3822
22 28444 25885 3821
22 28526 25884 3822
22 28595 25884 3822
21 28655 25885 3820
23 28683 25886 3823
21 28657 25891 3810
22 28624 25886 3812
22 28567 25889 3812
22 28547 25895 3810
21 28511 25893 3807
23 28472 25889 3810
21 28439 25892 3809
22 28422 25887 3810
22 28460 25888 3817
22 28489 25889 3814
21 28601 25884 3816
23 28725 25884 3816
21 28832 25890 3808
22 28890 25888 3810
22 28879 25888 3820
22 28895 25889 3818
21 28821 25891 3819
23 28739 25885 3821
21 28675 25886 3819
22 28598 25887 3817
22 28532 25887 3822
22 28526 25886 3819
21 28523 25883 3817
23 28570 25884 3823
21 28597 25883 3820
22 28633 25877 3819
23 28618 25877 3822
21 28601 25875 3820
22 28579 25877 3817
22 28540 25875 3811
22 28517 25876 3814
21 28498 25875 3810
23 28479 25871 3810
21 28461 25873 3811
22 28431 25877 3811
21 28411 25872 3811
23 28427 25872 3811
21 28488 25870 3814
22 28584 25872 3807
22 28714 25871 3811
22 28811 25873 3810
21 28816 25876 3810
23 28832 25873 3808
21 28779 25872 3814
22 28726 25877 3820
22 28667 25875 3819
22 28624 25875 3819
21 28592 25874 3818
23 28586 25876 3820
21 28563 25875 3821
22 28595 25874 3820
22 28630 25876 3818
22 28635 25874 3818
21 28650 25871 3819
23 28640 25881 3820
21 28642 25878 3822
22 28635 25877 3821
22 28623 25881 3822
22 28616 25871 3810
21 28574 25872 3809
23 28582 25873 3812
21 28592 25866 3808
22 28547 25866 3812
22 28530 25864 3814
22 28523 25861 3811
21 28579 25858 3812
23 28649 25859 3812
21 28718 25853 3810
22 28717 25852 3809
23 28697 25852 3810
21 28603 25851 3809
22 28527 25848 3808
22 28421 25848 3812
22 28343 25853 3819
21 28292 25847 3821
23 28308 25848 3822
21 28357 25853 3819
22 28473 25848 3818
22 28571 25849 3819
22 28629 25856 3819
21 28681 25852 3819
23 28709 25850 3821
21 28763 25852 3819
22 28768 25860 3821
22 28765 25852 3820
22 28744 25852 3820
21 28707 25850 3816
23 28680 25853 3811
21 28649 25854 3811
22 28625 25851 3813
22 28633 25850 3812
22 28690 25851 3813
21 28814 25850 3810
23 28951 25849 3809
21 29060 25849 3813
22 29108 25849 3810
22 29055 25844 3809
22 28939 25844 3812
21 28828 25846 3809
22 28675 25841 3812
22 28547 25841 3810
22 28450 25839 3817
21 28384 25838 3818
23 28405 25833 3821
21 28408 25831 3818
22 28476 25834 3818
22 28536 25833 3819
22 28578 25831 3818
21 28618 25832 3820
23 28632 25833 3818
21 28629 25832 3820
22 28624 25833 3817
23 28611 25836 3820
21 28610 25833 3822
22 28587 25842 3820
22 28558 25837 3819
22 28519 25839 3820
21 28492 25846 3815
23 28503 25851 3810
21 28573 25850 3812
22 28679 25846 3811
22 28768 25855 3812
22 28851 25844 3811
21 28885 25846 3812
23 28863 25845 3813
21 28768 25845 3811
22 28688 25843 3810
22 28611 25846 3813
22 28580 25846 3811
21 28552 25842 3811
23 28552 25839 3809
21 28571 25839 3811
22 28620 25839 3816
22 28639 25838 3822
22 28667 25839 3822
21 28652 25837 3820
23 28623 25838 3825
21 28598 25842 3822
22 28569 25839 3819
22 28536 25841 3824
22 28548 25843 3821
21 28554 25840 3819
23 28571 25845 3818
21 28590 25845 3819
22 28605 25849 3818
22 28613 25850 3822
22 28649 25848 3809
21 28718 25858 3806
23 28808 25852 3810
21 28847 25856 3810
22 28825 25856 3809
22 28773 25852 3810
22 28750 25850 3810
21 28683 25847 3810
23 28616 25848 3810
22 28553 25848 3811
21 28530 25850 3813
23 28535 25847 3809
21 28541 25844 3814
22 28568 25846 3809
22 28601 25843 3817
22 28634 25838 3820
21 28667 25834 3821
22 28670 25840 3820
22 28646 25836 3822
22 28625 25841 3828
21 28601 25835 3819
23 28587 25834 3822
21 28592 25834 3823
22 28588 25836 3818
22 28645 25832 3820
22 28766 25834 3820
21 28924 25836 3821
23 29055 25837 3820
21 29113 25835 3820
22 29119 25840 3809
22 29038 25840 3808
22 28921 25844 3809
21 28786 25848 3810
23 28675 25847 3812
21 28591 25847 3811
22 28529 25850 3810
22 28526 25857 3809
22 28546 25849 3811
21 28564 25852 3811
23 28606 25856 3811
21 28652 25849 3810
22 28648 25849 3812
22 28650 25852 3811
22 28660 25853 3807
21 28651 25848 3820
23 28624 25850 3820
21 28601 25854 3823
22 28572 25848 3820
22 28555 25846 3819
22 28524 25849 3819
22 28571 25850 3817
22 28657 25849 3818
22 28772 25846 3819
21 28855 25845 3820
23 28905 25848 3823
21 28902 25848 3821
22 28846 25848 3818
22 28770 25844 3821
22 28685 25842 3810
21 28597 25846 3811
23 28539 25847 3809
21 28523 25849 3807
22 28537 25848 3809
22 28563 25847 3811
22 28622 25847 3809
21 28678 25853 3807
23 28695 25848 3810
21 28671 25850 3810
22 28642 25849 3808
22 28639 25850 3810
22 28601 25848 3809
21 28564 25844 3807
23 28558 25847 3809
21 28562 25846 3813
22 28547 25846 3819
22 28566 25842 3819
22 28582 25839 3821
21 28652 25843 3818
23 28757 25839 3821
21 28847 25837 3823
22 28900 25843 3818
21 28891 25836 3819
23 28825 25840 3819
21 28755 25842 3829
22 28714 25841 3819
22 28662 25841 3822
22 28622 25841 3820
21 28621 25839 3818
23 28621 25841 3812
21 28646 25842 3808
22 28712 25845 3811
23 28733 25845 3808
21 28738 25842 3810
22 28726 25843 3812
22 28705 25846 3810
22 28651 25845 3814
21 28612 25840 3808
23 28576 25846 3811
21 28581 25843 3811
22 28636 25844 3809
22 28681 25853 3810
22 28704 25839 3810
21 28730 25844 3818
23 28755 25844 3817
21 28805 25839 3821
22 28893 25836 3817
22 28963 25837 3819
22 28969 25836 3819
21 28953 25838 3821
23 28879 25840 3819
21 28777 25836 3818
22 28685 25836 3822
22 28587 25838 3819
22 28544 25838 3818
21 28553 25838 3816
23 28569 25839 3819
21 28622 25838 3819
22 28656 25840 3810
22 28692 25840 3812
22 28717 25846 3809
21 28685 25842 3807
23 28663 25845 3811
21 28600 25846 3810
22 28551 25842 3809
22 28478 25842 3808
22 28488 25846 3806
21 28486 25845 3811
23 28495 25844 3810
21 28494 25844 3808
22 28496 25844 3807
22 28513 25842 3809
22 28545 25842 3818
21 28645 25840 3815
23 28748 25842 3820
22 28909 25839 3819
21 29041 25838 3817
23 29075 25840 3818
21 29002 25838 3821
22 28884 25842 3819
22 28744 25840 3819
22 28634 25838 3824
21 28545 25841 3816
23 28471 25839 3820
21 28461 25840 3821
22 28494 25844 3819
21 28531 25839 3821
23 28580 25844 3809
21 28572 25838 3816
22 28544 25843 3808
22 28494 25843 3810
22 28444 25843 3809
21 28348 25840 3811
23 28306 25846 3810
21 28258 25841 3810
22 28241 25843 3809
22 28288 25842 3808
22 28375 25846 3809
21 28473 25843 3808
23 28582 25842 3809
21 28737 25838 3811
22 28905 25839 3809
22 29003 25839 3819
22 29043 25835 3819
21 28986 25829 3819
23 28902 25845 3817
21 28828 25840 3821
22 28739 25836 3817
22 28672 25842 3820
22 28623 25834 3821
21 28583 25839 3821
23 28624 25837 3820
21 28701 25833 3819
22 28804 25830 3820
22 28971 25833 3821
22 29115 25827 3822
21 29262 25826 3812
23 29312 25832 3811
22 29302 25830 3808
21 29200 25830 3808
23 29016 25832 3812
21 28835 25829 3809
22 28634 25828 3811
22 28439 25829 3815
22 28285 25836 3810
21 28194 25828 3810
23 28131 25829 3815
21 28122 25830 3809
22 28162 25827 3810
22 28246 25828 3810
22 28334 25833 3809
21 28382 25830 3817
23 28410 25827 3819
21 28411 25830 3819
22 28407 25832 3818
22 28397 25830 3819
22 28425 25833 3819
21 28459 25834 3815
23 28513 25835 3819
21 28531 25835 3818
22 28556 25837 3817
22 28560 25840 3819
22 28605 25839 3820
21 28739 25842 3819
23 28867 25843 3821
21 28968 25845 3814
22 28980 25855 3814
22 28970 25858 3811
22 28926 25856 3812
21 28847 25853 3812
22 28700 25858 3811
22 28523 25857 3810
22 28410 25859 3819
21 28400 25860 3810
23 28463 25862 3812
21 28551 25864 3815
22 28639 25866 3810
22 28742 25867 3810
22 28786 25867 3809
21 28844 25871 3813
23 28867 25872 3817
22 28832 25871 3820
21 28751 25872 3819
23 28681 25876 3817
21 28598 25878 3818
22 28594 25880 3820
22 28687 25884 3820
22 28989 25885 3815
21 29293 25889 3821
23 29480 25896 3822
21 29480 25889 3820
22 29381 25896 3822
22 29184 25901 3822
22 28986 25895 3819
21 28752 25892 3823
23 28562 25898 3810
21 28467 25897 3811
22 28493 25899 3808
22 28565 25899 3809
22 28585 25897 3809
21 28582 25897 3811
23 28574 25900 3811
21 28560 25901 3810
22 28553 25899 3809
22 28606 25897 3811
22 28576 25901 3811
21 28500 25901 3811
23 28510 25901 3813
21 28565 25901 3810
22 28633 25905 3807
22 28670 25902 3825
22 28688 25908 3820
21 28701 25905 3820
23 28732 25906 3820
21 28831 25910 3818
22 28898 25906 3819
22 28956 25909 3821
22 29007 25910 3818
21 29006 25914 3820
23 28948 25911 3818
21 28890 25909 3822
22 28818 25910 3814
23 28756 25910 3820
21 28725 25911 3820
22 28675 25909 3809
22 28634 25909 3810
22 28630 25911 3811
21 28645 25907 3810
23 28664 25911 3809
21 28687 25908 3812
22 28737 25913 3808
22 28819 25910 3809
22 28885 25906 3804
21 28861 25910 3811
22 28804 25906 3810
22 28740 25907 3811
22 28646 25909 3813
21 28594 25905 3809
23 28525 25904 3809
21 28510 25902 3820
22 28502 25903 3817
22 28512 25907 3820
22 28517 25902 3820
21 28527 25901 3822
23 28565 25901 3817
21 28621 25905 3823
22 28628 25904 3821
22 28623 25904 3819
22 28600 25901 3821
21 28614 25904 3819
23 28660 25901 3819
21 28656 25904 3817
22 28631 25905 3821
22 28579 25915 3807
22 28546 25905 3809
21 28536 25903 3810
23 28567 25912 3810
21 28653 25906 3810
22 28764 25907 3811
22 28889 25903 3810
22 28914 25904 3810
21 28863 25906 3808
23 28755 25905 3810
22 28658 25905 3809
21 28597 25902 3810
23 28581 25904 3810
21 28575 25901 3810
22 28606 25904 3806
22 28635 25897 3820
22 28633 25897 3818
21 28628 25895 3818
23 28612 25892 3822
21 28612 25893 3821
22 28622 25887 3822
22 28607 25890 3822
22 28603 25884 3819
21 28561 25880 3816
23 28567 25877 3821
21 28562 25879 3816
22 28553 25875 3816
22 28541 25872 3822
22 28536 25866 3817
21 28566 25875 3806
23 28588 25868 3812
21 28685 25867 3809
22 28751 25865 3809
22 28796 25864 3810
22 28806 25863 3809
21 28796 25860 3809
23 28770 25861 3810
21 28688 25857 3809
22 28643 25855 3811
22 28619 25855 3812
22 28609 25852 3806
21 28614 25854 3812
23 28637 25853 3810
21 28665 25848 3805
22 28687 25852 3810
21 28716 25845 3820
23 28736 25848 3820
21 28719 25849 3830
22 28713 25850 3818
22 28684 25852 3820
22 28674 25852 3819
21 28662 25855 3819
23 28670 25857 3819
22 28654 25857 3822
21 28630 25856 3821
23 28626 25860 3814
21 28629 25856 3820
22 28687 25855 3821
22 28754 25856 3820
22 28805 25857 3810
21 28838 25857 3813
23 28841 25857 3811
21 28817 25856 3811
22 28743 25861 3811
22 28679 25864 3810
22 28611 25855 3811
21 28556 25857 3811
23 28531 25862 3810
21 28509 25855 3811
22 28516 25852 3809
22 28526 25853 3811
22 28552 25852 3810
21 28557 25845 3810
23 28582 25848 3818
21 28590 25842 3819
22 28593 25843 3819
22 28558 25840 3823
22 28550 25840 3821
21 28541 25838 3818
