21 26367 31547 4494
23 26411 31545 4529
21 26367 31546 4494
23 26380 31546 4512
21 26404 31548 4530
22 26447 31548 4510
23 26464 31547 4530
21 26527 31545 4530
23 26556 31545 4532
21 26543 31546 4530
22 26522 31543 4495
22 26442 31542 4512
22 26408 31542 4548
22 26420 31544 4493
22 26328 31545 4477
21 26346 31542 4510
23 26375 31547 4529
21 26396 31544 4511
23 26444 31543 4512
21 26384 31547 4549
22 26384 31541 4495
22 26448 31544 4495
22 26349 31546 4494
22 26411 31546 4530
22 26397 31546 4513
22 26297 31547 4513
22 26398 31546 4512
21 26422 31546 4495
23 26376 31544 4528
21 26382 31542 4530
23 26431 31544 4548
21 26512 31546 4548
22 26544 31546 4528
22 26538 31545 4529
22 26590 31546 4530
22 26552 31539 4510
22 26482 31541 4527
21 26504 31545 4494
23 26416 31543 4529
21 26402 31543 4510
23 26296 31546 4550
22 26384 31541 4546
21 26453 31542 4564
23 26421 31542 4529
21 26429 31542 4529
23 26417 31544 4492
21 26425 31544 4511
22 26415 31542 4512
22 26416 31543 4530
22 26364 31544 4511
22 26393 31543 4513
22 26350 31541 4510
21 26389 31540 4530
23 26414 31536 4530
21 26437 31536 4528
23 26431 31534 4531
21 26489 31534 4512
22 26565 31531 4496
22 26555 31527 4510
22 26587 31526 4513
22 26443 31525 4510
22 26506 31522 4511
22 26427 31519 4532
22 26369 31515 4511
21 26462 31518 4530
23 26364 31517 4512
21 26441 31516 4511
23 26403 31520 4509
21 26369 31518 4512
22 26415 31518 4512
22 26459 31521 4531
22 26387 31524 4511
22 26368 31521 4531
22 26403 31525 4528
21 26387 31526 4514
23 26385 31526 4529
21 26372 31529 4530
23 26369 31532 4496
22 26388 31533 4528
21 26354 31532 4513
23 26383 31535 4528
21 26381 31537 4548
23 26516 31539 4511
21 26603 31537 4530
22 26619 31539 4547
22 26543 31540 4547
22 26490 31540 4511
22 26444 31543 4529
22 26432 31544 4530
21 26415 31545 4474
23 26431 31542 4493
21 26436 31549 4495
23 26391 31541 4511
21 26388 31543 4510
22 26388 31542 4531
22 26358 31542 4546
22 26459 31545 4514
22 26438 31544 4512
22 26375 31546 4529
21 26346 31541 4529
23 26450 31545 4512
21 26396 31545 4529
23 26441 31545 4512
21 26357 31548 4529
23 26336 31544 4529
21 26381 31549 4515
22 26371 31548 4528
22 26337 31548 4495
22 26355 31546 4512
22 26497 31546 4511
22 26554 31543 4510
21 26611 31547 4494
23 26612 31548 4512
21 26528 31547 4528
23 26499 31547 4510
22 26471 31546 4513
21 26419 31544 4513
23 26439 31545 4512
21 26391 31544 4547
23 26456 31543 4531
21 26378 31544 4513
22 26470 31544 4513
22 26429 31544 4496
22 26384 31544 4513
22 26377 31546 4530
22 26375 31542 4513
21 26420 31543 4510
23 26462 31543 4534
21 26344 31544 4531
23 26378 31542 4530
21 26318 31543 4548
22 26410 31540 4530
22 26386 31543 4475
22 26369 31543 4494
22 26373 31546 4529
22 26349 31542 4513
21 26447 31543 4530
23 26433 31547 4512
21 26571 31544 4548
23 26528 31544 4512
21 26599 31547 4529
22 26616 31546 4513
22 26505 31545 4512
22 26460 31544 4512
22 26433 31544 4529
22 26425 31544 4529
22 26388 31549 4529
22 26381 31548 4530
21 26410 31546 4530
23 26401 31548 4511
21 26399 31546 4528
23 26425 31544 4548
22 26403 31543 4530
21 26445 31545 4494
23 26406 31544 4529
21 26431 31546 4512
23 26362 31540 4512
21 26428 31547 4531
22 26449 31548 4531
22 26412 31543 4495
22 26429 31548 4546
22 26432 31547 4514
22 26475 31543 4529
21 26421 31547 4511
23 26348 31547 4475
21 26464 31548 4494
23 26543 31546 4515
21 26651 31546 4531
22 26536 31545 4513
22 26552 31544 4529
22 26488 31543 4513
22 26412 31542 4512
22 26344 31545 4530
21 26354 31543 4526
23 26334 31545 4475
21 26329 31547 4512
23 26354 31544 4498
21 26445 31546 4514
22 26379 31544 4529
22 26448 31544 4531
22 26392 31543 4495
22 26365 31541 4531
22 26279 31544 4550
22 26376 31543 4529
22 26370 31543 4530
21 26369 31545 4528
23 26386 31543 4475
22 26377 31543 4496
22 26303 31547 4548
22 26416 31546 4528
21 26344 31545 4512
23 26351 31547 4530
21 26399 31542 4567
23 26446 31549 4547
21 26388 31548 4528
22 26487 31543 4530
22 26443 31548 4494
22 26519 31545 4477
22 26553 31539 4530
22 26592 31541 4529
21 26546 31542 4532
23 26460 31548 4531
21 26421 31548 4530
23 26380 31545 4547
21 26314 31546 4529
22 26380 31545 4528
22 26362 31550 4495
22 26391 31548 4511
22 26436 31549 4513
22 26435 31546 4530
21 26378 31544 4547
23 26343 31546 4531
21 26411 31548 4512
23 26386 31548 4530
21 26422 31544 4546
22 26414 31543 4528
22 26377 31546 4546
22 26357 31544 4510
22 26354 31544 4493
22 26431 31545 4511
21 26442 31546 4550
23 26502 31546 4530
21 26558 31547 4547
23 26500 31545 4532
22 26596 31542 4494
22 26477 31548 4530
22 26541 31542 4530
21 26420 31545 4530
23 26366 31542 4495
21 26365 31545 4511
23 26314 31540 4511
21 26317 31543 4513
22 26402 31542 4513
22 26444 31545 4514
22 26369 31541 4512
22 26409 31539 4513
22 26467 31542 4513
21 26442 31541 4529
23 26470 31544 4511
21 26384 31539 4493
23 26292 31543 4512
21 26325 31541 4514
22 26370 31546 4513
22 26356 31543 4513
22 26375 31543 4547
22 26467 31544 4530
22 26555 31547 4531
21 26556 31545 4513
23 26522 31540 4512
21 26486 31546 4531
23 26477 31544 4512
21 26405 31544 4511
22 26393 31543 4510
22 26377 31543 4511
22 26314 31543 4514
22 26393 31544 4512
22 26470 31545 4514
21 26392 31545 4528
23 26402 31541 4513
21 26433 31546 4529
23 26399 31542 4530
22 26355 31541 4493
22 26400 31540 4511
22 26448 31542 4529
21 26426 31543 4512
23 26380 31544 4530
21 26349 31544 4496
23 26373 31541 4514
21 26454 31543 4494
22 26518 31543 4546
22 26564 31542 4529
22 26585 31542 4529
22 26575 31544 4512
22 26531 31546 4513
21 26515 31543 4531
23 26423 31546 4529
21 26375 31545 4513
23 26371 31544 4531
21 26427 31546 4531
22 26412 31543 4513
22 26330 31545 4513
22 26394 31543 4511
22 26330 31545 4528
22 26413 31545 4494
21 26395 31544 4493
23 26453 31546 4528
21 26398 31542 4529
23 26396 31542 4513
21 26374 31543 4513
22 26399 31544 4515
22 26419 31544 4530
22 26377 31546 4546
22 26427 31544 4530
22 26467 31545 4511
21 26553 31541 4493
23 26525 31539 4496
21 26526 31545 4532
23 26489 31542 4549
22 26416 31545 4530
21 26423 31545 4512
23 26312 31544 4530
21 26320 31542 4531
23 26369 31539 4530
21 26419 31541 4494
23 26388 31546 4510
21 26393 31545 4493
22 26442 31542 4529
22 26426 31545 4511
22 26417 31542 4531
22 26404 31546 4528
22 26382 31544 4530
21 26374 31545 4546
23 26358 31548 4565
21 26357 31542 4513
23 26425 31544 4511
21 26445 31546 4476
22 26369 31544 4511
22 26484 31547 4496
22 26568 31546 4529
22 26565 31549 4513
22 26651 31547 4513
21 26591 31545 4495
23 26568 31546 4545
21 26492 31543 4547
23 26403 31545 4528
21 26391 31550 4514
22 26398 31543 4511
22 26374 31549 4512
22 26410 31547 4511
22 26441 31546 4511
22 26419 31545 4513
21 26415 31546 4547
23 26345 31547 4530
22 26329 31548 4530
22 26343 31546 4551
22 26405 31548 4530
21 26335 31545 4529
23 26341 31543 4512
21 26401 31545 4512
23 26354 31546 4513
21 26380 31544 4530
23 26432 31544 4532
21 26486 31542 4532
22 26462 31544 4514
22 26607 31543 4512
22 26581 31542 4547
22 26517 31543 4530
22 26443 31543 4529
21 26387 31542 4492
23 26440 31545 4509
21 26392 31544 4528
23 26463 31547 4528
21 26406 31544 4529
22 26408 31544 4531
22 26401 31544 4530
22 26318 31541 4513
22 26416 31544 4530
22 26457 31544 4531
21 26429 31543 4512
23 26365 31543 4513
21 26372 31544 4513
23 26335 31540 4512
21 26321 31545 4496
22 26396 31543 4529
22 26429 31545 4530
22 26493 31540 4532
22 26456 31542 4531
22 26559 31545 4530
21 26576 31538 4528
23 26495 31544 4511
22 26444 31542 4512
22 26463 31545 4511
22 26400 31549 4510
21 26415 31546 4511
23 26334 31548 4531
21 26411 31545 4512
23 26364 31546 4528
21 26353 31542 4513
22 26318 31543 4495
22 26421 31541 4529
22 26406 31543 4512
22 26502 31543 4493
22 26384 31542 4511
22 26347 31541 4530
22 26308 31546 4529
21 26346 31544 4514
23 26298 31547 4531
21 26437 31544 4512
23 26505 31547 4546
21 26572 31543 4547
22 26588 31545 4529
22 26569 31545 4511
22 26476 31543 4494
22 26452 31544 4510
22 26399 31543 4529
21 26387 31542 4495
23 26402 31541 4530
21 26413 31542 4495
23 26438 31546 4532
21 26380 31544 4548
22 26368 31541 4530
22 26350 31543 4530
22 26361 31544 4494
22 26463 31545 4513
22 26328 31546 4510
21 26415 31541 4531
23 26397 31543 4532
22 26361 31543 4532
22 26357 31539 4550
22 26380 31543 4512
21 26374 31544 4543
23 26429 31545 4530
21 26503 31548 4513
23 26508 31542 4511
21 26584 31543 4493
22 26541 31544 4494
22 26504 31544 4495
22 26446 31543 4510
22 26363 31549 4531
22 26393 31544 4548
22 26358 31547 4531
22 26343 31544 4529
21 26317 31547 4531
23 26397 31546 4531
21 26302 31549 4495
23 26357 31546 4495
21 26424 31545 4547
22 26438 31544 4529
22 26397 31540 4547
22 26412 31542 4511
22 26392 31542 4547
22 26357 31543 4530
21 26384 31545 4547
23 26373 31541 4530
21 26421 31541 4511
23 26471 31542 4476
21 26521 31543 4494
22 26511 31545 4513
22 26530 31545 4528
22 26467 31548 4532
22 26445 31546 4513
22 26451 31543 4545
21 26382 31546 4530
23 26374 31544 4511
22 26309 31542 4528
22 26404 31543 4530
22 26377 31545 4512
21 26384 31542 4495
23 26401 31543 4526
21 26271 31547 4514
23 26343 31545 4528
21 26388 31545 4512
22 26418 31546 4545
22 26429 31547 4547
22 26357 31543 4530
22 26382 31545 4511
22 26366 31542 4492
21 26415 31542 4494
23 26437 31544 4513
21 26538 31545 4509
23 26518 31545 4512
21 26500 31542 4513
23 26498 31544 4550
21 26414 31543 4532
22 26403 31545 4513
22 26390 31542 4531
22 26413 31542 4513
22 26355 31546 4513
22 26326 31542 4512
21 26332 31542 4509
23 26305 31542 4512
21 26462 31541 4510
23 26417 31540 4512
21 26320 31544 4514
22 26382 31541 4514
22 26407 31538 4548
22 26311 31537 4565
22 26360 31537 4530
22 26364 31537 4511
22 26350 31533 4495
22 26407 31531 4512
22 26420 31529 4515
22 26512 31525 4549
22 26581 31518 4528
21 26489 31521 4547
23 26451 31520 4532
21 26424 31513 4531
23 26464 31514 4511
21 26350 31508 4511
22 26458 31509 4511
22 26354 31506 4515
22 26405 31497 4494
22 26327 31496 4511
22 26370 31495 4511
21 26370 31496 4512
23 26391 31497 4564
21 26372 31498 4513
23 26457 31499 4528
21 26422 31508 4511
23 26414 31505 4511
21 26435 31508 4511
22 26355 31513 4494
22 26387 31517 4528
22 26451 31522 4512
22 26504 31523 4513
22 26522 31528 4513
21 26566 31531 4528
23 26551 31531 4512
21 26422 31539 4544
23 26474 31535 4531
21 26445 31536 4529
22 26385 31542 4513
22 26360 31541 4529
22 26400 31543 4513
23 26352 31545 4529
21 26341 31545 4511
22 26348 31541 4513
22 26409 31548 4512
22 26327 31543 4531
22 26411 31545 4512
22 26423 31546 4529
21 26425 31543 4493
23 26391 31543 4513
21 26371 31547 4510
23 26380 31545 4494
21 26324 31544 4530
22 26422 31538 4530
22 26434 31542 4533
22 26486 31539 4548
22 26515 31529 4546
22 26493 31524 4529
21 26496 31513 4511
23 26512 31498 4545
21 26462 31485 4514
23 26397 31471 4529
21 26433 31461 4547
22 26416 31446 4495
22 26331 31430 4513
22 26357 31418 4567
22 26359 31407 4529
22 26357 31394 4509
22 26390 31381 4530
22 26425 31373 4530
21 26409 31360 4512
23 26376 31351 4477
21 26331 31337 4512
23 26374 31328 4495
21 26406 31323 4495
22 26443 31316 4512
22 26446 31311 4547
22 26345 31307 4529
23 26437 31298 4530
21 26503 31292 4530
22 26467 31290 4509
22 26500 31286 4476
22 26481 31279 4512
22 26424 31280 4513
22 26454 31276 4529
21 26337 31269 4529
23 26451 31266 4529
21 26388 31265 4545
23 26395 31260 4548
21 26327 31263 4531
22 26417 31262 4512
22 26418 31266 4493
22 26449 31270 4493
22 26359 31277 4528
22 26370 31286 4528
21 26375 31300 4510
23 26366 31317 4511
21 26404 31334 4531
23 26352 31355 4527
21 26398 31374 4530
22 26382 31394 4530
22 26501 31410 4530
22 26457 31429 4512
22 26536 31443 4512
22 26528 31460 4529
21 26528 31469 4510
23 26487 31481 4495
21 26441 31493 4493
23 26452 31500 4532
21 26457 31507 4511
23 26397 31511 4531
21 26407 31519 4511
22 26369 31521 4510
22 26399 31524 4510
22 26446 31525 4513
23 26394 31534 4528
21 26429 31534 4511
22 26354 31533 4496
22 26462 31536 4528
22 26404 31538 4531
22 26369 31540 4530
22 26409 31541 4528
21 26453 31542 4529
23 26373 31540 4510
21 26468 31538 4495
23 26487 31539 4495
21 26553 31540 4513
22 26457 31541 4529
22 26465 31543 4495
22 26485 31541 4530
22 26492 31541 4529
22 26457 31540 4531
21 26405 31540 4530
23 26482 31538 4530
21 26439 31537 4513
23 26441 31531 4511
21 26369 31524 4510
22 26324 31513 4496
22 26392 31498 4530
22 26274 31482 4513
22 26384 31468 4513
22 26463 31447 4495
21 26432 31436 4530
23 26458 31418 4528
21 26430 31401 4511
23 26362 31386 4531
21 26436 31369 4510
23 26422 31353 4508
21 26400 31342 4513
22 26464 31327 4512
22 26542 31314 4528
22 26549 31305 4513
23 26517 31295 4530
21 26547 31286 4547
22 26420 31275 4513
22 26408 31270 4512
22 26390 31263 4511
22 26448 31258 4494
22 26380 31250 4512
21 26390 31246 4510
23 26404 31244 4546
21 26424 31242 4548
23 26382 31236 4514
21 26366 31231 4513
22 26363 31224 4512
22 26428 31223 4531
22 26409 31222 4512
22 26489 31218 4511
22 26428 31215 4513
21 26341 31213 4494
23 26419 31213 4514
21 26350 31210 4529
23 26534 31211 4511
21 26507 31208 4549
22 26515 31207 4529
22 26498 31202 4545
22 26483 31206 4530
22 26432 31209 4529
22 26400 31201 4494
21 26400 31206 4513
23 26323 31204 4495
21 26374 31202 4528
23 26398 31206 4529
21 26420 31201 4496
22 26353 31199 4529
22 26399 31200 4530
22 26387 31201 4530
23 26388 31196 4529
21 26415 31199 4511
23 26440 31195 4511
21 26388 31197 4512
22 26381 31197 4528
22 26414 31194 4497
22 26373 31196 4510
22 26452 31189 4513
22 26475 31194 4512
21 26503 31194 4531
23 26548 31191 4528
21 26574 31192 4512
23 26471 31192 4476
21 26420 31191 4477
22 26435 31194 4494
22 26417 31189 4512
22 26389 31190 4513
22 26414 31192 4513
22 26349 31189 4514
21 26377 31189 4529
23 26461 31189 4512
21 26379 31188 4530
23 26408 31187 4529
21 26411 31185 4475
22 26420 31188 4513
22 26369 31184 4512
22 26411 31183 4510
22 26426 31182 4493
22 26419 31179 4512
21 26433 31179 4533
23 26453 31181 4529
21 26453 31181 4511
23 26476 31179 4532
21 26488 31180 4530
22 26520 31176 4511
22 26536 31179 4529
22 26504 31180 4511
23 26451 31179 4477
21 26398 31177 4513
23 26416 31178 4532
21 26359 31182 4548
22 26327 31182 4512
22 26311 31180 4512
22 26335 31182 4495
22 26429 31184 4511
22 26405 31187 4494
21 26459 31185 4494
23 26421 31184 4494
21 26424 31185 4510
23 26409 31184 4532
21 26433 31183 4531
22 26370 31187 4546
22 26350 31184 4549
22 26430 31185 4528
22 26371 31184 4512
22 26368 31183 4512
21 26391 31183 4493
23 26551 31185 4531
21 26558 31183 4494
23 26525 31178 4510
21 26496 31181 4496
22 26473 31180 4493
22 26444 31178 4494
22 26495 31177 4531
22 26479 31175 4530
22 26417 31175 4512
21 26383 31179 4511
23 26286 31175 4494
21 26422 31177 4510
23 26377 31177 4513
21 26399 31178 4532
22 26372 31177 4549
22 26413 31178 4531
22 26361 31176 4495
23 26399 31176 4546
21 26415 31180 4529
22 26405 31176 4510
22 26441 31175 4494
22 26419 31178 4512
22 26416 31172 4530
22 26437 31178 4530
22 26434 31174 4512
22 26399 31176 4512
21 26542 31173 4548
23 26475 31172 4530
21 26540 31172 4528
23 26517 31169 4511
21 26468 31166 4529
22 26401 31170 4512
22 26445 31167 4495
22 26370 31165 4513
22 26393 31164 4530
22 26352 31164 4528
21 26351 31159 4512
23 26412 31160 4511
21 26462 31156 4513
23 26434 31159 4531
21 26424 31158 4511
22 26443 31155 4511
22 26423 31152 4476
22 26381 31154 4510
22 26402 31156 4512
22 26360 31152 4495
21 26375 31147 4546
23 26408 31148 4514
21 26349 31147 4546
23 26397 31148 4512
21 26416 31146 4512
22 26491 31145 4511
22 26463 31143 4494
22 26452 31140 4512
23 26552 31143 4514
21 26465 31142 4529
22 26402 31139 4478
22 26460 31140 4531
22 26419 31140 4514
22 26331 31139 4530
22 26351 31138 4549
22 26354 31141 4528
22 26400 31143 4510
21 26365 31140 4494
23 26404 31139 4492
21 26352 31142 4528
23 26483 31142 4496
21 26374 31139 4511
22 26386 31143 4513
22 26417 31140 4549
22 26344 31140 4530
22 26378 31144 4530
22 26341 31138 4531
21 26365 31142 4531
23 26437 31140 4493
21 26391 31139 4495
23 26383 31144 4494
21 26502 31141 4514
22 26541 31139 4530
22 26547 31141 4514
22 26516 31140 4529
22 26496 31144 4512
22 26438 31145 4512
21 26407 31142 4513
23 26439 31145 4511
21 26339 31146 4513
23 26414 31151 4546
21 26474 31151 4478
22 26448 31153 4494
23 26415 31156 4546
21 26389 31155 4531
23 26416 31156 4510
21 26414 31157 4529
22 26435 31158 4511
22 26417 31165 4512
22 26390 31162 4492
22 26406 31166 4512
22 26427 31171 4512
21 26451 31171 4513
23 26435 31174 4531
21 26416 31173 4512
23 26511 31177 4533
21 26528 31184 4531
23 26482 31180 4513
21 26453 31189 4530
22 26488 31190 4530
22 26397 31193 4494
22 26420 31196 4510
22 26374 31195 4513
22 26404 31201 4510
21 26412 31203 4528
23 26390 31204 4529
21 26425 31210 4548
23 26479 31208 4548
21 26396 31208 4528
22 26441 31214 4529
22 26493 31213 4511
22 26412 31218 4493
22 26409 31216 4496
22 26418 31217 4511
21 26429 31217 4511
23 26430 31220 4494
21 26470 31223 4529
23 26463 31221 4529
21 26414 31219 4531
22 26523 31220 4548
23 26543 31223 4494
21 26501 31222 4493
23 26461 31221 4494
21 26433 31219 4510
22 26409 31217 4513
22 26490 31220 4528
22 26400 31214 4493
22 26432 31218 4528
22 26389 31215 4526
21 26424 31214 4513
23 26367 31212 4530
21 26391 31211 4494
23 26416 31212 4494
21 26485 31214 4493
22 26413 31211 4512
22 26408 31211 4513
22 26370 31212 4530
22 26396 31214 4549
22 26459 31223 4532
22 26456 31236 4529
22 26536 31253 4549
21 26483 31270 4511
23 26603 31288 4512
21 26516 31308 4512
23 26499 31320 4495
21 26435 31333 4513
22 26426 31340 4512
22 26414 31339 4494
22 26377 31338 4531
22 26410 31330 4530
22 26433 31326 4531
21 26404 31320 4530
23 26423 31311 4512
21 26380 31302 4530
23 26377 31290 4494
21 26419 31280 4528
22 26408 31272 4494
23 26483 31263 4494
21 26465 31255 4511
23 26423 31249 4532
21 26475 31241 4547
22 26496 31237 4531
22 26596 31231 4513
22 26582 31224 4530
22 26576 31223 4528
22 26591 31217 4511
21 26419 31216 4495
23 26525 31212 4512
21 26416 31214 4511
23 26441 31217 4511
21 26324 31219 4531
22 26418 31219 4545
22 26384 31222 4513
22 26408 31228 4512
22 26431 31231 4531
22 26479 31236 4513
22 26397 31240 4494
22 26443 31240 4478
21 26386 31242 4531
23 26440 31244 4513
21 26369 31248 4530
23 26448 31250 4533
21 26374 31249 4495
22 26557 31253 4530
22 26521 31251 4528
22 26548 31250 4511
22 26540 31251 4509
22 26543 31243 4513
21 26586 31243 4512
23 26522 31239 4511
21 26490 31234 4494
23 26431 31227 4513
21 26376 31215 4530
22 26291 31209 4514
23 26362 31201 4531
21 26308 31197 4531
23 26386 31192 4511
21 26434 31184 4526
22 26428 31178 4493
22 26382 31174 4495
22 26350 31166 4495
22 26387 31163 4531
22 26366 31162 4497
21 26399 31157 4529
23 26390 31155 4531
21 26450 31155 4528
23 26456 31151 4494
21 26583 31148 4512
22 26543 31148 4511
22 26589 31146 4510
22 26608 31146 4513
22 26546 31147 4529
22 26550 31147 4511
21 26512 31144 4547
23 26453 31147 4510
21 26421 31146 4530
23 26382 31146 4513
21 26375 31147 4530
23 26399 31149 4509
21 26430 31146 4494
22 26433 31149 4494
22 26449 31148 4512
22 26431 31149 4530
22 26346 31150 4529
22 26443 31148 4512
21 26416 31151 4496
23 26448 31153 4549
21 26334 31150 4529
23 26348 31151 4512
22 26291 31153 4492
21 26397 31154 4494
23 26366 31152 4528
21 26417 31155 4493
23 26383 31153 4496
21 26389 31157 4529
22 26407 31154 4566
22 26493 31157 4531
22 26487 31156 4531
22 26555 31161 4530
22 26585 31161 4512
21 26606 31164 4493
23 26571 31160 4510
21 26520 31160 4527
23 26505 31159 4512
21 26490 31161 4495
22 26439 31164 4529
22 26438 31164 4546
22 26436 31168 4513
22 26391 31162 4532
22 26347 31168 4512
21 26382 31169 4529
23 26406 31166 4510
21 26411 31173 4528
23 26405 31171 4495
21 26402 31175 4513
23 26383 31171 4513
21 26350 31173 4513
22 26409 31179 4528
22 26384 31180 4496
22 26446 31180 4529
22 26349 31180 4495
22 26306 31182 4494
21 26409 31183 4493
23 26384 31180 4511
21 26412 31181 4509
23 26314 31183 4513
22 26356 31183 4529
21 26355 31182 4515
23 26449 31183 4510
21 26498 31183 4513
23 26555 31183 4511
21 26606 31185 4510
22 26639 31186 4527
22 26546 31184 4495
22 26524 31187 4512
22 26532 31186 4477
22 26459 31185 4514
21 26370 31187 4530
23 26355 31189 4529
21 26455 31191 4530
23 26414 31185 4494
21 26388 31189 4512
22 26355 31193 4493
22 26416 31189 4494
22 26391 31196 4495
22 26427 31191 4477
22 26401 31194 4529
21 26397 31195 4514
23 26367 31192 4530
21 26403 31196 4528
23 26339 31200 4531
21 26417 31197 4493
22 26398 31200 4529
22 26331 31200 4529
22 26378 31197 4494
22 26365 31201 4510
22 26381 31198 4512
22 26359 31195 4511
22 26387 31195 4494
21 26349 31197 4513
23 26380 31196 4529
21 26361 31192 4513
23 26353 31196 4511
22 26350 31190 4494
21 26454 31191 4532
23 26471 31190 4495
21 26564 31187 4478
23 26650 31188 4530
21 26623 31186 4512
22 26581 31188 4531
22 26587 31184 4514
22 26496 31187 4511
22 26450 31184 4530
22 26466 31187 4494
21 26373 31184 4511
23 26381 31182 4494
21 26402 31188 4514
23 26444 31185 4512
21 26388 31185 4495
22 26406 31189 4513
22 26408 31190 4496
22 26390 31189 4514
22 26367 31187 4530
22 26365 31190 4547
21 26413 31190 4530
23 26384 31186 4531
21 26366 31185 4512
23 26385 31182 4494
21 26367 31185 4512
22 26340 31179 4529
22 26321 31181 4511
22 26400 31177 4531
22 26418 31177 4530
22 26369 31174 4512
22 26373 31174 4513
22 26265 31169 4511
21 26381 31172 4495
23 26402 31168 4513
21 26376 31168 4492
23 26413 31165 4494
22 26365 31168 4495
21 26426 31169 4528
23 26464 31168 4496
21 26537 31169 4494
23 26657 31170 4511
21 26572 31167 4531
22 26529 31169 4549
22 26550 31169 4529
22 26550 31170 4513
22 26442 31172 4477
22 26460 31170 4513
21 26393 31170 4529
23 26409 31169 4512
21 26415 31173 4531
23 26374 31168 4511
21 26412 31172 4513
22 26410 31168 4530
22 26379 31169 4512
22 26417 31166 4491
22 26370 31165 4512
22 26399 31168 4513
21 26355 31163 4495
23 26378 31160 4510
21 26314 31162 4510
23 26364 31158 4512
21 26333 31158 4514
22 26331 31157 4510
22 26379 31151 4511
22 26374 31155 4512
22 26404 31154 4512
22 26386 31149 4513
21 26370 31150 4495
23 26373 31150 4529
21 26405 31148 4510
23 26404 31150 4548
22 26373 31150 4529
22 26379 31149 4530
22 26394 31152 4530
21 26441 31153 4546
23 26375 31156 4548
21 26417 31156 4476
23 26497 31161 4529
21 26555 31163 4509
22 26625 31169 4513
22 26639 31170 4529
22 26578 31171 4531
22 26498 31174 4494
22 26423 31175 4512
21 26447 31180 4511
23 26398 31180 4530
21 26366 31180 4529
23 26470 31185 4529
21 26423 31180 4494
22 26413 31184 4514
22 26431 31183 4548
22 26415 31175 4529
22 26362 31180 4514
22 26439 31181 4529
21 26382 31178 4512
23 26437 31180 4531
21 26297 31180 4530
23 26376 31178 4530
21 26434 31181 4495
22 26366 31181 4512
22 26382 31177 4495
22 26360 31180 4495
22 26378 31178 4511
22 26405 31176 4514
21 26396 31176 4531
23 26359 31179 4531
21 26378 31177 4493
23 26344 31177 4512
22 26370 31182 4512
22 26368 31176 4530
22 26347 31179 4495
21 26375 31181 4494
23 26445 31183 4513
21 26389 31186 4512
23 26421 31184 4548
21 26444 31186 4530
22 26561 31186 4512
22 26586 31191 4512
22 26585 31189 4530
22 26565 31189 4512
22 26582 31190 4493
21 26409 31191 4495
23 26419 31188 4510
21 26434 31189 4495
23 26448 31191 4496
21 26387 31189 4530
22 26428 31191 4531
22 26397 31192 4531
22 26393 31191 4512
22 26389 31187 4512
22 26382 31189 4512
21 26404 31188 4494
23 26388 31188 4513
21 26435 31188 4511
23 26397 31186 4549
21 26420 31186 4549
22 26324 31186 4529
22 26405 31186 4512
22 26378 31186 4513
22 26383 31184 4529
22 26375 31182 4528
21 26349 31179 4510
23 26366 31182 4547
21 26419 31179 4529
23 26372 31177 4531
22 26409 31176 4513
21 26404 31175 4530
23 26394 31173 4531
21 26412 31173 4545
23 26413 31172 4511
21 26378 31174 4512
23 26387 31168 4494
21 26343 31167 4530
22 26410 31165 4495
22 26410 31165 4528
22 26431 31169 4530
22 26480 31164 4512
22 26539 31165 4546
21 26572 31165 4512
23 26601 31167 4512
21 26558 31164 4512
23 26567 31161 4531
21 26502 31161 4494
22 26419 31163 4494
22 26444 31162 4512
22 26399 31155 4529
22 26410 31159 4530
22 26353 31158 4513
21 26413 31159 4511
23 26372 31159 4514
21 26400 31158 4531
23 26446 31157 4494
21 26445 31158 4530
22 26432 31158 4494
22 26342 31160 4512
22 26421 31160 4494
22 26365 31161 4530
22 26315 31160 4531
21 26313 31162 4532
23 26365 31164 4512
21 26354 31169 4513
23 26375 31170 4512
22 26430 31170 4494
21 26387 31167 4493
23 26369 31171 4512
21 26366 31173 4510
23 26386 31170 4493
21 26456 31171 4511
23 26381 31174 4529
21 26346 31173 4530
22 26365 31172 4530
22 26403 31174 4530
22 26367 31170 4513
22 26400 31169 4511
22 26370 31168 4510
21 26439 31169 4494
23 26517 31163 4512
21 26522 31168 4531
23 26562 31163 4531
21 26613 31160 4531
22 26589 31155 4529
22 26503 31158 4512
22 26425 31158 4512
22 26401 31154 4531
22 26340 31151 4529
21 26441 31149 4494
23 26401 31143 4495
21 26416 31145 4494
23 26381 31142 4495
21 26420 31134 4493
22 26436 31132 4528
22 26438 31128 4528
22 26406 31126 4531
22 26405 31123 4512
22 26482 31120 4531
21 26367 31116 4511
23 26434 31112 4511
22 26425 31109 4509
22 26425 31106 4494
22 26409 31107 4512
21 26335 31101 4513
23 26394 31104 4531
21 26319 31099 4544
23 26374 31104 4530
21 26382 31103 4531
22 26399 31107 4511
22 26461 31112 4530
22 26553 31119 4528
22 26540 31121 4528
22 26623 31129 4547
22 26516 31138 4510
22 26545 31147 4547
21 26501 31153 4513
23 26414 31163 4530
21 26404 31169 4530
23 26397 31179 4530
21 26409 31184 4545
22 26423 31194 4513
22 26383 31196 4528
22 26347 31193 4512
22 26386 31188 4511
22 26338 31190 4513
21 26372 31184 4530
23 26479 31179 4533
21 26398 31168 4529
23 26385 31169 4513
21 26365 31159 4528
22 26334 31155 4530
22 26428 31152 4530
22 26419 31148 4511
22 26387 31150 4528
22 26351 31149 4496
21 26408 31150 4510
23 26346 31158 4514
22 26352 31166 4532
22 26459 31173 4530
22 26552 31184 4531
21 26603 31198 4510
23 26597 31209 4529
21 26493 31225 4492
23 26461 31241 4512
21 26502 31257 4528
22 26469 31271 4512
22 26449 31285 4494
22 26369 31294 4532
22 26400 31309 4545
22 26463 31324 4531
21 26381 31339 4513
23 26442 31357 4512
21 26369 31372 4510
23 26378 31390 4512
21 26455 31406 4494
23 26415 31421 4512
21 26378 31436 4513
22 26417 31452 4528
22 26422 31460 4531
22 26408 31469 4528
22 26347 31479 4529
22 26355 31484 4494
21 26340 31491 4511
23 26431 31491 4531
21 26545 31493 4495
23 26585 31489 4495
21 26582 31493 4513
22 26589 31491 4513
22 26566 31497 4532
22 26492 31500 4550
22 26410 31504 4529
22 26395 31510 4529
21 26403 31508 4528
23 26424 31516 4548
22 26496 31522 4512
22 26415 31523 4512
22 26427 31529 4513
21 26351 31528 4528
23 26422 31532 4529
21 26433 31531 4530
23 26384 31536 4548
21 26395 31537 4531
22 26396 31538 4512
22 26399 31538 4529
22 26327 31538 4530
22 26360 31543 4512
22 26331 31544 4496
21 26345 31544 4511
23 26397 31547 4511
21 26442 31544 4531
23 26521 31543 4513
21 26617 31542 4529
23 26626 31542 4512
21 26550 31539 4512
22 26493 31540 4545
22 26579 31540 4529
22 26515 31545 4493
22 26487 31541 4511
22 26461 31539 4512
21 26391 31542 4495
23 26375 31542 4511
21 26340 31544 4512
23 26361 31542 4528
21 26474 31544 4512
22 26445 31540 4531
22 26466 31541 4510
22 26452 31544 4494
22 26357 31541 4511
22 26376 31541 4512
21 26343 31547 4529
23 26399 31542 4531
22 26412 31547 4532
22 26438 31542 4531
22 26460 31547 4494
21 26514 31547 4513
23 26576 31542 4511
21 26603 31543 4530
23 26597 31541 4530
21 26582 31544 4494
22 26575 31543 4512
22 26549 31546 4528
22 26467 31543 4496
22 26480 31546 4512
22 26383 31547 4531
21 26323 31545 4511
23 26345 31543 4512
21 26364 31542 4512
23 26399 31542 4511
21 26444 31544 4492
22 26463 31548 4494
22 26426 31543 4477
22 26404 31546 4529
22 26430 31542 4530
22 26463 31539 4512
22 26364 31545 4532
22 26342 31545 4531
21 26399 31545 4495
23 26391 31543 4513
21 26521 31540 4495
23 26581 31542 4512
21 26668 31545 4513
22 26623 31539 4495
22 26551 31541 4512
22 26624 31544 4512
22 26510 31544 4529
22 26447 31544 4530
22 26463 31543 4529
22 26450 31544 4531
22 26473 31542 4531
22 26361 31544 4530
22 26381 31545 4491
21 26400 31544 4528
23 26385 31542 4494
21 26412 31541 4529
23 26439 31542 4530
21 26350 31542 4513
22 26422 31541 4546
22 26382 31541 4549
22 26396 31541 4545
22 26399 31542 4512
22 26395 31537 4512
21 26343 31541 4511
23 26316 31539 4512
21 26433 31543 4528
23 26489 31542 4531
21 26713 31541 4547
22 26670 31545 4511
22 26668 31547 4510
22 26628 31546 4530
22 26532 31545 4513
22 26517 31547 4494
22 26467 31545 4512
22 26447 31540 4530
21 26429 31542 4512
23 26382 31546 4510
21 26371 31542 4514
23 26427 31546 4531
21 26382 31542 4547
22 26368 31547 4529
22 26378 31544 4531
22 26311 31544 4512
23 26353 31539 4529
21 26351 31546 4512
22 26348 31542 4495
22 26345 31545 4491
22 26310 31544 4513
22 26315 31542 4513
22 26332 31543 4493
21 26340 31546 4547
23 26299 31542 4531
21 26454 31542 4513
23 26547 31542 4528
21 26568 31541 4530
22 26544 31542 4491
22 26628 31541 4512
22 26632 31545 4512
22 26540 31546 4549
22 26570 31545 4514
21 26437 31544 4513
23 26426 31544 4546
21 26391 31542 4529
23 26334 31544 4530
21 26326 31544 4530
22 26344 31543 4529
22 26309 31544 4513
22 26366 31543 4529
22 26328 31544 4493
22 26405 31541 4513
21 26392 31542 4511
23 26438 31544 4512
21 26325 31542 4527
23 26392 31543 4565
21 26384 31545 4547
23 26327 31541 4529
21 26350 31540 4529
22 26308 31542 4512
22 26414 31535 4512
22 26407 31529 4528
23 26525 31519 4511
21 26625 31506 4531
22 26622 31487 4531
22 26557 31463 4528
22 26498 31441 4530
22 26460 31421 4531
22 26447 31398 4512
21 26360 31376 4493
23 26389 31358 4513
21 26409 31340 4512
23 26343 31323 4530
21 26316 31303 4479
22 26375 31285 4513
22 26362 31275 4514
22 26449 31263 4509
22 26368 31246 4512
22 26413 31242 4513
21 26396 31234 4530
23 26338 31226 4513
21 26366 31215 4513
23 26344 31210 4513
21 26317 31206 4528
22 26334 31202 4511
22 26325 31197 4548
22 26418 31192 4548
22 26356 31190 4514
22 26421 31186 4511
21 26499 31181 4529
23 26599 31182 4512
21 26640 31175 4511
23 26559 31173 4477
21 26566 31174 4512
23 26509 31171 4529
21 26483 31172 4527
22 26386 31170 4515
22 26353 31171 4547
22 26413 31169 4547
23 26374 31168 4529
21 26394 31170 4531
22 26415 31171 4511
22 26432 31171 4511
22 26380 31170 4528
22 26385 31172 4512
22 26364 31174 4513
21 26338 31175 4531
23 26330 31177 4513
21 26323 31180 4546
23 26289 31179 4530
21 26355 31181 4529
22 26306 31184 4529
22 26337 31181 4529
22 26346 31182 4510
22 26385 31180 4477
22 26384 31182 4512
21 26511 31182 4529
23 26565 31178 4494
21 26584 31175 4532
23 26567 31175 4529
21 26466 31169 4495
22 26467 31171 4495
22 26423 31166 4494
22 26401 31164 4492
22 26325 31164 4494
22 26275 31159 4529
21 26266 31155 4528
23 26317 31153 4511
21 26327 31152 4532
23 26346 31151 4533
21 26409 31147 4529
22 26339 31142 4530
22 26304 31139 4530
22 26368 31138 4528
22 26267 31131 4513
22 26283 31126 4511
23 26291 31121 4511
21 26372 31113 4546
22 26270 31108 4512
22 26334 31104 4512
22 26466 31093 4512
22 26463 31091 4531
22 26533 31084 4530
21 26545 31079 4529
23 26497 31074 4512
21 26479 31069 4494
23 26430 31063 4529
21 26428 31057 4529
22 26312 31052 4510
22 26346 31046 4513
22 26343 31043 4514
22 26404 31040 4528
22 26348 31029 4513
21 26399 31028 4529
23 26391 31024 4512
21 26394 31017 4530
23 26395 31014 4494
21 26384 31012 4513
22 26441 31005 4528
22 26347 31005 4531
22 26385 31004 4529
22 26364 30999 4530
22 26319 30999 4546
21 26363 31004 4532
23 26385 31002 4531
21 26501 31000 4531
23 26576 31007 4509
21 26632 31005 4477
22 26605 31005 4511
22 26629 31008 4494
22 26540 31011 4513
23 26533 31012 4477
21 26421 31018 4512
23 26478 31019 4528
21 26409 31025 4531
22 26404 31028 4529
22 26352 31029 4530
22 26396 31031 4514
22 26362 31034 4531
22 26372 31035 4513
21 26368 31038 4528
23 26361 31041 4495
21 26316 31043 4493
23 26384 31043 4531
21 26407 31047 4531
22 26394 31051 4528
22 26350 31049 4511
22 26358 31051 4512
22 26360 31051 4495
22 26374 31059 4528
21 26505 31061 4478
23 26563 31069 4495
21 26629 31080 4530
23 26621 31095 4530
21 26663 31109 4565
22 26496 31122 4515
22 26475 31138 4530
22 26495 31159 4511
22 26412 31178 4529
22 26400 31205 4495
21 26388 31226 4529
23 26383 31252 4512
21 26402 31276 4511
23 26422 31298 4530
21 26418 31320 4527
22 26366 31343 4530
22 26389 31361 4531
22 26373 31386 4512
23 26349 31400 4496
21 26393 31412 4511
22 26366 31428 4511
22 26374 31440 4528
22 26394 31454 4512
22 26355 31463 4530
22 26317 31470 4550
22 26431 31483 4513
22 26506 31492 4528
21 26608 31496 4496
23 26659 31504 4512
21 26647 31502 4530
23 26615 31503 4531
21 26498 31512 4529
22 26469 31507 4528
22 26422 31513 4510
22 26469 31510 4528
22 26374 31509 4531
22 26380 31509 4496
21 26387 31510 4528
23 26365 31506 4530
21 26340 31506 4529
23 26409 31505 4496
21 26428 31505 4494
22 26391 31502 4494
22 26419 31499 4529
22 26387 31493 4529
22 26387 31481 4494
22 26368 31462 4549
21 26363 31445 4548
23 26403 31423 4531
21 26339 31401 4530
23 26281 31381 4548
21 26330 31359 4513
22 26377 31342 4527
22 26519 31329 4494
22 26589 31318 4513
23 26629 31315 4494
21 26601 31314 4510
22 26610 31322 4530
22 26510 31329 4530
22 26515 31337 4531
22 26427 31345 4530
22 26456 31361 4497
21 26414 31367 4512
23 26331 31376 4494
21 26331 31390 4547
23 26324 31398 4512
21 26416 31409 4528
23 26398 31415 4495
21 26279 31422 4531
22 26435 31433 4545
22 26397 31443 4549
22 26378 31447 4548
22 26371 31453 4530
22 26345 31455 4512
21 26356 31453 4493
23 26388 31453 4511
21 26335 31446 4528
23 26313 31443 4528
21 26361 31432 4533
22 26426 31421 4515
22 26502 31408 4530
22 26593 31397 4512
22 26654 31384 4531
22 26668 31374 4530
21 26546 31368 4511
23 26479 31360 4494
21 26443 31350 4529
23 26450 31354 4528
21 26344 31354 4531
22 26412 31350 4530
22 26411 31354 4549
22 26319 31356 4510
23 26378 31361 4528
21 26365 31370 4531
22 26361 31369 4530
22 26427 31374 4494
22 26336 31381 4531
22 26361 31383 4546
22 26350 31386 4532
21 26336 31383 4529
23 26370 31379 4531
21 26408 31371 4529
23 26357 31357 4531
21 26378 31343 4546
23 26363 31331 4494
21 26278 31314 4493
22 26425 31294 4511
22 26467 31278 4527
22 26617 31264 4494
22 26611 31248 4530
22 26590 31237 4531
21 26553 31224 4548
23 26472 31210 4511
21 26532 31202 4513
23 26509 31191 4513
21 26415 31187 4529
22 26364 31177 4512
22 26381 31169 4510
22 26339 31164 4529
22 26383 31156 4511
22 26376 31156 4511
21 26396 31151 4529
23 26356 31148 4532
21 26385 31147 4527
23 26418 31143 4531
21 26444 31141 4549
22 26341 31139 4511
23 26272 31142 4512
21 26302 31142 4494
23 26326 31141 4546
21 26324 31142 4531
22 26358 31142 4530
22 26413 31141 4512
22 26587 31143 4531
22 26616 31143 4511
22 26713 31142 4532
21 26594 31139 4511
23 26519 31136 4530
21 26463 31139 4494
23 26439 31139 4512
21 26387 31133 4495
22 26375 31135 4494
22 26341 31134 4510
22 26416 31141 4513
22 26332 31139 4549
22 26358 31140 4531
22 26393 31141 4529
22 26394 31141 4531
21 26371 31143 4530
23 26412 31139 4512
21 26393 31139 4513
23 26364 31142 4513
21 26344 31141 4529
22 26281 31142 4528
22 26364 31141 4495
22 26337 31141 4532
22 26361 31143 4530
22 26373 31147 4530
21 26487 31146 4495
23 26570 31146 4512
21 26648 31149 4511
23 26625 31154 4495
21 26598 31153 4495
22 26496 31154 4547
23 26456 31152 4531
21 26466 31157 4531
23 26434 31156 4545
21 26415 31155 4531
22 26407 31153 4512
22 26452 31158 4530
22 26353 31158 4512
22 26386 31158 4494
22 26332 31153 4529
21 26366 31152 4512
23 26409 31149 4531
21 26356 31149 4495
23 26333 31149 4529
21 26372 31149 4545
22 26333 31145 4527
22 26325 31144 4494
22 26362 31145 4493
22 26372 31143 4512
22 26390 31146 4513
22 26367 31144 4529
22 26416 31145 4494
21 26415 31141 4513
23 26468 31143 4512
21 26592 31139 4533
23 26584 31140 4529
21 26598 31142 4510
22 26575 31138 4512
22 26549 31138 4530
22 26512 31142 4493
22 26456 31141 4492
22 26413 31138 4511
21 26402 31139 4510
23 26336 31139 4510
21 26363 31139 4530
23 26382 31140 4548
21 26431 31142 4530
22 26406 31142 4530
23 26399 31147 4495
21 26374 31145 4495
23 26357 31150 4511
21 26304 31151 4528
22 26401 31154 4512
22 26348 31159 4511
22 26377 31156 4495
22 26344 31161 4512
22 26355 31159 4530
21 26380 31163 4513
23 26390 31161 4547
21 26339 31163 4510
23 26354 31159 4529
21 26359 31160 4511
22 26345 31157 4527
22 26401 31156 4512
22 26357 31158 4495
22 26390 31152 4529
22 26352 31151 4548
21 26466 31148 4546
23 26521 31150 4531
21 26660 31151 4529
23 26644 31147 4494
21 26558 31146 4511
23 26553 31148 4510
21 26520 31145 4531
22 26477 31147 4494
22 26408 31145 4514
22 26427 31144 4495
22 26406 31142 4529
22 26374 31140 4531
21 26360 31143 4531
23 26346 31143 4512
21 26411 31139 4529
23 26408 31142 4531
21 26465 31137 4530
22 26418 31138 4477
23 26382 31140 4512
21 26329 31143 4511
23 26316 31142 4495
21 26368 31145 4532
22 26386 31146 4511
22 26415 31143 4528
22 26373 31145 4530
22 26315 31143 4529
22 26337 31145 4512
21 26384 31142 4514
23 26365 31139 4528
21 26337 31133 4515
23 26337 31138 4512
21 26381 31133 4530
22 26417 31132 4529
22 26419 31129 4512
22 26403 31131 4530
22 26293 31129 4529
22 26387 31129 4531
21 26362 31125 4493
23 26409 31127 4494
21 26389 31123 4510
23 26357 31128 4528
21 26372 31124 4528
23 26375 31126 4531
21 26456 31130 4546
22 26535 31125 4513
22 26517 31130 4513
22 26569 31132 4511
22 26585 31131 4491
22 26594 31130 4510
21 26512 31134 4528
23 26452 31133 4529
21 26417 31137 4511
23 26303 31135 4531
22 26388 31139 4513
21 26381 31140 4547
23 26377 31142 4512
21 26363 31143 4511
23 26397 31143 4530
21 26384 31144 4494
22 26310 31145 4512
22 26404 31145 4511
22 26429 31146 4494
22 26421 31154 4530
22 26395 31155 4510
21 26412 31157 4513
23 26375 31159 4513
21 26380 31160 4529
23 26328 31165 4530
21 26375 31165 4512
22 26291 31173 4476
22 26369 31170 4494
22 26293 31168 4494
22 26388 31171 4510
22 26405 31173 4529
21 26388 31172 4532
23 26377 31172 4545
21 26297 31175 4531
23 26450 31177 4547
21 26344 31172 4527
22 26390 31173 4512
22 26420 31168 4511
22 26358 31175 4528
22 26370 31171 4528
22 26476 31174 4511
22 26482 31165 4527
22 26509 31167 4530
21 26554 31169 4548
23 26608 31169 4531
21 26598 31167 4513
23 26538 31167 4529
22 26456 31162 4494
21 26437 31164 4511
23 26418 31165 4494
21 26365 31163 4494
23 26343 31165 4494
21 26424 31165 4528
22 26373 31169 4530
22 26411 31172 4511
22 26383 31171 4547
22 26358 31170 4548
22 26336 31174 4511
21 26376 31173 4509
23 26431 31171 4511
21 26347 31174 4510
23 26332 31178 4511
21 26331 31179 4529
22 26399 31182 4531
22 26379 31183 4531
22 26416 31188 4511
22 26372 31191 4529
22 26377 31192 4512
21 26353 31191 4509
23 26329 31188 4529
21 26425 31190 4513
23 26392 31192 4528
21 26378 31190 4494
22 26394 31190 4532
22 26405 31186 4547
22 26390 31190 4531
22 26349 31189 4494
22 26376 31186 4530
22 26413 31187 4529
22 26424 31181 4529
21 26461 31182 4510
23 26538 31174 4546
21 26560 31174 4513
23 26633 31176 4529
22 26614 31171 4529
21 26549 31173 4548
23 26493 31170 4532
21 26436 31163 4512
23 26426 31164 4547
21 26453 31166 4530
22 26392 31167 4531
22 26370 31163 4512
22 26414 31162 4513
22 26450 31165 4510
22 26363 31156 4510
21 26464 31157 4492
23 26381 31154 4495
21 26406 31155 4530
23 26435 31150 4531
21 26442 31155 4530
22 26390 31153 4511
22 26367 31150 4511
22 26380 31155 4475
22 26361 31151 4494
22 26372 31154 4512
21 26387 31152 4513
23 26381 31153 4512
21 26427 31152 4511
23 26374 31158 4527
21 26370 31158 4513
22 26396 31154 4529
22 26401 31159 4509
22 26407 31161 4493
22 26398 31155 4512
22 26427 31161 4527
21 26373 31158 4528
23 26396 31160 4511
21 26441 31159 4495
23 26570 31158 4513
21 26540 31155 4512
23 26612 31155 4513
22 26570 31157 4544
21 26507 31153 4530
23 26563 31155 4512
21 26476 31149 4493
23 26446 31153 4494
21 26444 31148 4510
22 26374 31148 4493
22 26444 31148 4512
22 26401 31146 4547
22 26393 31144 4511
22 26407 31142 4512
21 26462 31140 4530
23 26407 31138 4529
21 26427 31134 4512
23 26397 31133 4513
21 26383 31134 4529
22 26403 31130 4511
22 26416 31131 4529
22 26392 31133 4530
22 26435 31127 4530
22 26415 31128 4530
21 26385 31131 4512
23 26412 31129 4530
21 26350 31129 4512
23 26398 31130 4495
21 26407 31130 4494
22 26389 31131 4512
22 26456 31129 4511
22 26451 31137 4510
22 26488 31131 4548
22 26582 31133 4547
21 26642 31138 4513
23 26537 31139 4547
21 26512 31144 4513
23 26482 31146 4529
22 26429 31144 4512
21 26417 31147 4510
23 26424 31149 4510
21 26365 31150 4511
23 26427 31148 4529
21 26393 31147 4530
23 26446 31152 4546
21 26429 31150 4547
22 26405 31148 4511
22 26397 31148 4514
22 26442 31151 4493
22 26434 31146 4511
22 26480 31145 4513
21 26446 31147 4493
23 26419 31140 4528
21 26332 31138 4531
23 26354 31135 4566
21 26352 31134 4546
22 26397 31136 4546
22 26367 31135 4545
22 26418 31132 4513
22 26419 31130 4512
22 26356 31130 4512
21 26321 31129 4495
23 26365 31130 4546
21 26412 31125 4515
23 26447 31128 4528
21 26494 31127 4532
22 26608 31127 4528
22 26582 31129 4547
22 26562 31128 4530
22 26559 31134 4513
22 26473 31135 4511
21 26483 31133 4513
23 26382 31138 4530
21 26426 31138 4513
23 26409 31141 4549
22 26410 31141 4494
21 26344 31143 4515
23 26366 31148 4530
21 26414 31146 4512
23 26447 31148 4531
21 26471 31143 4530
23 26439 31148 4511
21 26417 31145 4477
22 26449 31148 4531
22 26363 31143 4494
22 26319 31145 4528
22 26393 31143 4529
22 26375 31144 4531
21 26385 31140 4530
23 26355 31139 4529
21 26370 31136 4512
23 26361 31138 4511
21 26380 31135 4525
22 26408 31132 4513
22 26334 31130 4512
22 26410 31127 4511
22 26319 31128 4530
22 26372 31129 4512
21 26365 31126 4547
23 26402 31127 4547
21 26425 31126 4530
23 26500 31123 4512
21 26565 31124 4510
22 26559 31122 4512
22 26572 31122 4548
22 26525 31118 4513
22 26501 31122 4529
22 26460 31121 4495
21 26422 31124 4493
23 26370 31125 4529
21 26413 31126 4510
23 26424 31123 4530
22 26430 31126 4530
21 26432 31129 4493
23 26444 31134 4493
21 26376 31133 4495
23 26419 31136 4528
21 26413 31134 4528
22 26396 31138 4531
22 26431 31136 4497
22 26389 31140 4511
22 26342 31133 4530
22 26365 31131 4495
22 26419 31137 4510
22 26398 31132 4512
21 26367 31131 4511
23 26359 31127 4527
21 26370 31123 4495
23 26359 31124 4511
21 26348 31125 4512
22 26387 31119 4530
22 26391 31117 4531
22 26389 31114 4548
22 26444 31113 4530
22 26406 31110 4513
21 26440 31111 4494
23 26403 31107 4510
21 26413 31109 4512
23 26423 31105 4510
21 26480 31107 4511
22 26546 31099 4512
22 26581 31097 4532
22 26630 31102 4530
22 26575 31097 4531
22 26540 31099 4494
21 26457 31096 4530
23 26393 31092 4493
21 26391 31097 4495
23 26413 31095 4528
22 26379 31093 4510
21 26387 31095 4526
23 26416 31093 4509
21 26458 31091 4513
23 26444 31095 4532
21 26377 31095 4528
22 26405 31098 4494
22 26458 31100 4511
22 26477 31103 4511
22 26437 31101 4512
22 26437 31102 4529
22 26423 31106 4547
22 26328 31106 4529
21 26429 31112 4530
23 26376 31114 4547
21 26377 31116 4496
23 26310 31118 4529
21 26362 31118 4530
22 26425 31118 4529
22 26406 31121 4495
22 26435 31121 4530
22 26491 31118 4514
22 26475 31121 4527
21 26558 31122 4530
23 26623 31121 4531
21 26619 31120 4547
23 26522 31118 4548
21 26480 31117 4530
22 26333 31115 4531
22 26367 31111 4511
22 26422 31112 4512
22 26355 31110 4495
22 26442 31108 4513
21 26438 31112 4511
23 26391 31107 4511
22 26393 31106 4530
22 26432 31107 4528
22 26445 31108 4512
21 26425 31104 4494
23 26407 31102 4528
21 26401 31105 4495
23 26418 31103 4494
21 26399 31101 4528
22 26363 31098 4513
22 26365 31098 4528
22 26329 31103 4531
22 26418 31102 4514
22 26451 31102 4530
21 26328 31101 4547
23 26367 31101 4512
21 26336 31103 4548
23 26412 31101 4492
21 26450 31101 4514
23 26372 31102 4493
21 26375 31102 4512
22 26416 31105 4528
22 26370 31106 4531
22 26339 31102 4531
22 26342 31106 4549
22 26427 31106 4529
21 26507 31104 4530
23 26467 31106 4494
21 26551 31108 4494
23 26517 31109 4495
21 26562 31110 4495
22 26583 31109 4512
22 26503 31111 4493
22 26441 31111 4511
22 26459 31115 4548
22 26403 31110 4531
21 26417 31112 4530
23 26447 31114 4512
22 26457 31117 4511
22 26429 31113 4512
22 26400 31115 4530
21 26433 31115 4510
23 26409 31115 4510
21 26435 31115 4513
23 26438 31114 4514
21 26423 31112 4545
22 26437 31115 4513
22 26387 31114 4513
22 26382 31112 4512
22 26398 31114 4512
22 26445 31115 4493
21 26418 31112 4512
23 26419 31116 4528
21 26370 31116 4513
23 26372 31118 4532
21 26354 31116 4495
23 26322 31118 4530
21 26339 31117 4531
22 26366 31120 4530
22 26413 31122 4511
22 26340 31117 4509
22 26375 31121 4511
22 26445 31125 4513
21 26373 31124 4529
23 26372 31126 4493
21 26469 31128 4493
23 26486 31124 4513
21 26540 31125 4530
22 26552 31129 4531
22 26584 31126 4546
22 26517 31127 4512
22 26458 31128 4493
22 26454 31126 4493
21 26404 31130 4529
23 26351 31130 4495
22 26423 31129 4529
22 26383 31128 4513
22 26406 31134 4532
21 26429 31131 4531
23 26459 31131 4548
21 26390 31129 4528
23 26408 31133 4509
21 26360 31133 4513
22 26419 31132 4495
22 26392 31132 4530
22 26408 31130 4528
22 26409 31131 4550
22 26422 31130 4512
21 26407 31131 4549
23 26381 31133 4530
21 26447 31130 4496
23 26364 31129 4513
21 26458 31127 4530
22 26424 31129 4529
22 26414 31126 4513
22 26295 31124 4510
22 26384 31123 4547
22 26439 31125 4550
22 26447 31121 4513
22 26559 31120 4547
21 26573 31124 4565
23 26615 31120 4547
21 26533 31125 4511
23 26430 31123 4531
21 26489 31124 4492
22 26420 31121 4547
22 26452 31121 4494
22 26419 31125 4511
22 26358 31122 4510
22 26377 31126 4530
21 26360 31126 4548
23 26408 31126 4531
22 26444 31126 4530
22 26429 31131 4530
22 26429 31134 4512
21 26394 31129 4512
23 26376 31132 4494
21 26381 31130 4548
23 26289 31129 4496
21 26379 31128 4511
22 26376 31128 4532
22 26396 31129 4510
22 26365 31126 4531
22 26337 31124 4512
22 26393 31122 4512
21 26331 31119 4509
23 26426 31121 4513
21 26398 31121 4528
23 26418 31120 4513
21 26468 31118 4530
22 26409 31117 4532
22 26363 31113 4513
22 26358 31114 4513
22 26397 31113 4548
22 26422 31113 4528
22 26488 31112 4511
22 26549 31113 4476
21 26622 31109 4494
23 26522 31107 4529
21 26660 31109 4529
23 26538 31108 4530
21 26493 31105 4495
22 26393 31104 4548
22 26451 31103 4512
22 26436 31107 4496
22 26367 31103 4512
22 26389 31105 4545
22 26378 31103 4494
22 26429 31102 4528
22 26387 31107 4511
22 26411 31106 4529
22 26428 31108 4532
21 26432 31107 4565
23 26458 31109 4550
21 26306 31108 4514
23 26316 31110 4530
21 26381 31108 4511
22 26377 31111 4511
22 26375 31112 4511
22 26368 31113 4510
22 26383 31113 4511
22 26437 31115 4528
21 26407 31118 4548
23 26400 31116 4547
21 26412 31114 4545
23 26368 31116 4530
21 26387 31114 4528
22 26404 31116 4511
22 26345 31117 4530
22 26373 31115 4512
22 26382 31118 4530
22 26353 31115 4494
21 26374 31120 4495
23 26430 31121 4511
21 26508 31122 4550
23 26527 31127 4527
21 26586 31129 4513
23 26572 31125 4529
21 26670 31128 4511
22 26598 31131 4495
22 26465 31134 4477
22 26430 31134 4512
23 26425 31137 4513
21 26421 31136 4529
22 26402 31137 4530
22 26417 31136 4532
22 26438 31136 4530
22 26401 31137 4528
22 26410 31134 4512
21 26413 31134 4512
23 26443 31133 4511
21 26432 31130 4496
23 26406 31130 4530
21 26392 31128 4497
22 26337 31132 4496
22 26407 31129 4528
22 26375 31127 4532
22 26357 31133 4531
22 26353 31133 4512
21 26411 31134 4548
23 26462 31131 4513
21 26416 31138 4492
23 26373 31136 4495
21 26428 31139 4547
22 26520 31136 4512
22 26519 31135 4494
22 26520 31139 4528
22 26631 31138 4548
22 26569 31138 4514
21 26489 31137 4544
23 26501 31142 4512
21 26481 31140 4493
23 26486 31139 4511
21 26436 31138 4512
22 26369 31138 4529
22 26422 31136 4494
22 26488 31140 4528
22 26325 31135 4530
22 26385 31135 4528
23 26413 31136 4531
21 26402 31135 4532
22 26449 31133 4494
22 26374 31136 4512
22 26435 31133 4494
22 26387 31136 4527
22 26374 31137 4511
21 26345 31133 4529
23 26381 31132 4531
21 26409 31134 4531
23 26398 31133 4511
21 26403 31135 4549
22 26418 31133 4512
22 26425 31131 4512
22 26499 31130 4512
22 26550 31133 4493
22 26630 31128 4495
21 26664 31128 4528
23 26542 31129 4530
21 26562 31125 4549
23 26533 31125 4532
21 26504 31127 4512
22 26461 31126 4512
22 26371 31126 4513
22 26427 31126 4529
22 26401 31127 4512
22 26363 31125 4514
21 26361 31125 4514
23 26370 31127 4531
21 26419 31120 4511
23 26358 31123 4514
21 26348 31122 4548
22 26427 31121 4529
22 26388 31125 4528
22 26364 31125 4530
22 26349 31125 4512
22 26413 31122 4511
23 26390 31127 4529
21 26355 31126 4528
22 26417 31125 4512
22 26396 31128 4531
22 26359 31126 4513
22 26362 31128 4547
22 26359 31125 4546
21 26387 31124 4511
23 26387 31123 4530
21 26357 31120 4529
23 26307 31125 4512
21 26365 31121 4511
22 26434 31118 4495
22 26368 31117 4494
22 26408 31117 4495
22 26288 31116 4512
22 26407 31116 4528
21 26382 31115 4546
23 26368 31119 4495
21 26329 31121 4530
23 26375 31121 4511
21 26435 31124 4513
22 26502 31120 4512
22 26601 31125 4530
22 26619 31123 4511
22 26629 31124 4492
22 26582 31125 4495
21 26466 31126 4530
23 26542 31124 4514
21 26420 31126 4530
23 26397 31126 4511
21 26502 31126 4527
22 26454 31125 4512
22 26379 31124 4530
22 26467 31121 4513
22 26406 31122 4529
22 26363 31122 4513
22 26375 31123 4514
22 26417 31121 4512
22 26382 31121 4547
22 26356 31120 4529
22 26410 31121 4529
22 26357 31121 4494
22 26374 31119 4493
21 26388 31118 4512
23 26378 31117 4512
21 26309 31118 4528
23 26419 31116 4512
21 26312 31116 4532
22 26380 31114 4549
22 26404 31114 4547
22 26369 31116 4511
22 26355 31113 4493
22 26373 31115 4511
21 26391 31113 4493
23 26412 31112 4476
21 26279 31113 4548
23 26411 31111 4531
21 26447 31107 4514
22 26584 31113 4544
22 26535 31109 4531
22 26544 31109 4512
22 26567 31110 4529
22 26577 31110 4511
21 26452 31110 4511
23 26392 31110 4512
21 26371 31109 4477
23 26438 31108 4511
21 26436 31113 4511
22 26400 31111 4532
22 26382 31112 4511
22 26389 31114 4511
23 26394 31114 4511
21 26428 31111 4530
22 26319 31117 4493
22 26427 31117 4530
22 26402 31117 4512
22 26404 31118 4529
22 26424 31116 4529
22 26387 31110 4529
22 26365 31111 4532
21 26356 31112 4529
23 26387 31113 4511
21 26363 31110 4529
23 26356 31105 4531
21 26397 31111 4512
22 26389 31108 4493
22 26385 31109 4530
22 26374 31109 4547
22 26436 31105 4511
22 26425 31103 4527
21 26419 31104 4533
23 26395 31105 4531
21 26445 31102 4527
23 26509 31104 4530
21 26534 31102 4530
22 26638 31100 4512
22 26558 31100 4530
22 26567 31099 4512
22 26525 31105 4529
22 26501 31102 4529
21 26480 31103 4496
23 26466 31107 4529
21 26411 31103 4512
23 26308 31103 4529
21 26337 31108 4531
22 26330 31107 4493
22 26318 31105 4510
22 26388 31105 4510
23 26419 31105 4529
21 26398 31105 4528
22 26405 31103 4548
22 26411 31108 4549
22 26417 31102 4529
22 26421 31101 4529
22 26341 31097 4545
21 26304 31094 4513
23 26345 31095 4528
21 26406 31095 4513
23 26393 31085 4510
21 26412 31088 4531
23 26368 31086 4512
21 26375 31080 4513
22 26322 31080 4514
22 26337 31083 4531
22 26323 31079 4547
22 26388 31082 4529
22 26344 31082 4494
21 26396 31078 4493
23 26373 31077 4494
21 26366 31079 4493
23 26397 31077 4510
21 26384 31076 4528
22 26536 31081 4512
22 26661 31075 4532
22 26626 31077 4513
22 26619 31081 4548
22 26564 31081 4512
21 26495 31080 4494
23 26499 31076 4494
21 26422 31078 4514
23 26487 31075 4529
21 26418 31083 4513
22 26447 31080 4528
22 26417 31082 4531
22 26358 31082 4546
23 26398 31087 4531
21 26364 31088 4546
22 26325 31090 4494
22 26452 31088 4476
22 26340 31092 4494
22 26381 31094 4494
22 26437 31093 4494
21 26403 31099 4510
23 26401 31099 4510
21 26342 31099 4530
23 26345 31099 4563
21 26394 31099 4530
23 26326 31104 4532
21 26365 31102 4513
22 26365 31104 4511
22 26309 31105 4512
22 26308 31103 4547
22 26374 31102 4513
22 26404 31104 4548
21 26467 31102 4513
23 26572 31104 4530
21 26646 31103 4511
23 26673 31106 4509
21 26628 31108 4513
22 26451 31105 4513
22 26471 31107 4509
22 26400 31110 4512
22 26399 31111 4528
22 26433 31112 4477
21 26370 31114 4494
23 26391 31119 4529
21 26425 31116 4532
23 26420 31120 4510
21 26372 31121 4530
22 26354 31118 4530
22 26437 31121 4494
22 26427 31120 4513
23 26449 31121 4513
21 26395 31120 4530
22 26357 31120 4494
22 26366 31117 4493
22 26335 31119 4529
22 26351 31123 4550
22 26403 31117 4512
21 26419 31117 4514
23 26409 31116 4513
21 26423 31119 4496
23 26448 31114 4510
21 26596 31114 4495
22 26624 31117 4528
22 26671 31115 4529
22 26526 31112 4495
22 26534 31112 4530
22 26469 31105 4546
22 26453 31106 4513
22 26337 31108 4529
21 26342 31106 4547
23 26431 31106 4529
21 26429 31106 4528
23 26358 31102 4529
21 26411 31103 4513
22 26436 31106 4510
22 26421 31107 4512
22 26362 31104 4528
22 26402 31107 4546
22 26366 31110 4548
21 26357 31108 4531
23 26396 31108 4529
21 26379 31113 4511
23 26389 31113 4512
21 26362 31111 4547
22 26393 31114 4512
23 26338 31109 4529
21 26327 31111 4567
23 26383 31106 4532
21 26375 31106 4529
22 26442 31103 4547
22 26495 31102 4513
22 26489 31104 4494
22 26626 31102 4511
22 26567 31096 4496
21 26666 31100 4477
23 26551 31092 4478
21 26476 31095 4513
23 26487 31091 4548
21 26413 31091 4515
22 26413 31092 4532
22 26437 31095 4531
22 26347 31092 4530
22 26429 31093 4529
22 26373 31099 4494
22 26408 31101 4527
22 26413 31099 4528
21 26365 31102 4510
23 26311 31103 4495
21 26394 31104 4512
23 26421 31106 4548
21 26363 31107 4531
22 26449 31110 4528
22 26435 31109 4549
22 26351 31110 4529
22 26308 31106 4528
22 26350 31112 4512
21 26366 31109 4513
23 26408 31109 4529
21 26344 31110 4494
23 26362 31108 4547
21 26453 31105 4546
22 26436 31103 4530
23 26509 31100 4526
21 26590 31104 4530
23 26619 31101 4528
21 26591 31100 4512
22 26562 31098 4527
22 26480 31099 4477
22 26476 31098 4528
22 26427 31097 4530
22 26476 31095 4548
21 26466 31091 4527
23 26393 31094 4547
21 26394 31093 4495
23 26422 31095 4529
21 26368 31094 4510
22 26408 31091 4494
22 26426 31098 4477
22 26351 31097 4528
22 26381 31094 4529
22 26342 31099 4530
21 26423 31103 4550
23 26419 31104 4531
21 26377 31104 4530
23 26392 31110 4511
21 26352 31107 4513
23 26385 31107 4494
21 26369 31111 4511
22 26370 31115 4529
22 26363 31115 4547
22 26439 31117 4527
22 26461 31114 4513
22 26609 31117 4529
21 26657 31118 4513
23 26645 31121 4531
21 26559 31118 4512
23 26540 31116 4493
21 26500 31114 4511
22 26425 31114 4513
23 26408 31114 4512
21 26392 31110 4547
23 26368 31107 4530
21 26366 31106 4531
22 26450 31106 4546
22 26372 31102 4528
22 26368 31101 4512
22 26440 31099 4512
22 26398 31100 4513
21 26439 31094 4494
23 26302 31094 4514
21 26363 31094 4495
23 26337 31091 4512
21 26381 31089 4527
22 26370 31089 4530
22 26392 31088 4511
22 26439 31089 4546
22 26374 31086 4529
22 26310 31088 4529
21 26343 31090 4512
23 26442 31089 4511
21 26498 31091 4513
23 26525 31087 4513
21 26613 31086 4511
22 26657 31085 4529
22 26645 31089 4514
22 26537 31089 4510
22 26478 31091 4514
22 26453 31088 4512
22 26403 31084 4511
22 26419 31089 4512
21 26370 31086 4511
23 26355 31085 4528
21 26420 31082 4495
23 26374 31083 4529
21 26400 31083 4513
22 26401 31085 4552
23 26438 31082 4512
21 26432 31082 4513
23 26359 31082 4531
21 26301 31086 4510
22 26343 31083 4493
22 26314 31087 4531
22 26348 31086 4546
22 26343 31084 4494
22 26329 31084 4547
21 26363 31086 4531
23 26382 31084 4533
21 26484 31086 4533
23 26382 31087 4531
21 26356 31087 4530
22 26354 31084 4529
22 26403 31087 4493
22 26371 31084 4512
22 26338 31083 4496
22 26386 31084 4477
21 26389 31081 4495
23 26481 31084 4512
21 26534 31082 4511
23 26632 31081 4531
21 26611 31083 4510
22 26678 31081 4512
22 26563 31081 4511
22 26493 31077 4511
22 26470 31076 4528
22 26428 31078 4529
22 26470 31075 4529
22 26431 31073 4512
21 26395 31077 4512
23 26444 31077 4530
21 26383 31076 4531
23 26381 31074 4511
22 26371 31075 4528
21 26396 31074 4512
23 26420 31076 4495
21 26360 31071 4530
23 26417 31071 4493
21 26404 31069 4495
22 26389 31067 4494
22 26383 31062 4514
22 26328 31061 4510
22 26409 31064 4529
22 26380 31057 4530
21 26353 31059 4528
23 26346 31058 4513
21 26377 31054 4512
23 26335 31055 4510
21 26383 31053 4477
22 26343 31052 4514
22 26356 31052 4512
22 26389 31051 4551
22 26362 31051 4530
22 26425 31051 4547
21 26365 31047 4531
23 26356 31056 4529
21 26414 31053 4493
23 26586 31051 4513
21 26606 31053 4513
22 26615 31053 4512
22 26581 31059 4496
22 26598 31055 4529
22 26510 31056 4512
22 26412 31056 4531
21 26349 31057 4565
23 26393 31061 4529
21 26412 31060 4511
23 26351 31062 4527
21 26409 31057 4530
23 26399 31059 4512
22 26425 31060 4477
21 26420 31057 4478
23 26369 31056 4528
21 26410 31056 4547
23 26427 31055 4513
21 26355 31052 4512
22 26357 31054 4512
22 26323 31054 4511
22 26314 31053 4530
22 26396 31055 4529
22 26364 31052 4528
21 26415 31052 4529
23 26355 31053 4531
21 26357 31054 4530
23 26415 31051 4494
21 26410 31054 4531
22 26396 31050 4512
22 26458 31052 4510
22 26539 31048 4512
22 26627 31051 4476
22 26632 31047 4495
21 26522 31047 4495
23 26571 31044 4528
21 26479 31044 4530
23 26489 31041 4514
21 26421 31044 4530
22 26447 31045 4531
22 26374 31041 4529
22 26435 31039 4530
22 26423 31040 4528
22 26355 31039 4513
21 26326 31042 4510
23 26445 31039 4529
21 26366 31046 4530
23 26322 31042 4529
21 26381 31045 4547
23 26348 31047 4512
22 26321 31051 4510
21 26360 31050 4511
23 26361 31051 4512
21 26386 31054 4511
23 26387 31052 4512
21 26404 31052 4530
22 26369 31053 4529
22 26414 31049 4530
22 26367 31053 4513
22 26393 31051 4546
22 26385 31052 4549
21 26325 31051 4511
23 26337 31048 4512
21 26424 31045 4527
23 26376 31046 4493
21 26366 31042 4529
22 26411 31044 4528
22 26532 31040 4512
22 26586 31040 4492
22 26618 31042 4513
22 26664 31041 4545
21 26573 31034 4529
23 26520 31039 4546
21 26397 31042 4529
23 26401 31040 4510
21 26356 31043 4494
22 26448 31039 4512
22 26358 31041 4529
22 26353 31044 4529
22 26402 31044 4530
22 26431 31044 4531
21 26279 31043 4495
23 26473 31045 4513
21 26382 31042 4530
23 26390 31044 4512
21 26374 31041 4492
22 26324 31043 4512
23 26384 31043 4477
21 26391 31042 4493
23 26352 31042 4528
21 26414 31040 4513
23 26428 31037 4513
21 26312 31040 4529
22 26360 31041 4530
22 26326 31041 4511
22 26321 31039 4493
22 26354 31044 4493
22 26432 31043 4495
21 26412 31044 4510
23 26379 31043 4511
21 26384 31043 4530
23 26388 31041 4513
21 26398 31043 4530
22 26479 31047 4514
22 26621 31048 4514
22 26702 31046 4495
22 26633 31049 4494
22 26602 31051 4511
21 26488 31048 4530
23 26438 31045 4513
21 26371 31050 4513
23 26384 31044 4530
21 26351 31048 4513
22 26343 31048 4528
22 26372 31041 4550
22 26410 31042 4530
22 26376 31040 4512
22 26401 31042 4512
21 26401 31039 4493
23 26363 31042 4493
21 26404 31038 4529
23 26394 31040 4528
22 26480 31032 4511
21 26381 31038 4513
23 26391 31033 4529
21 26364 31035 4547
23 26285 31037 4530
21 26402 31036 4529
23 26404 31042 4509
21 26378 31041 4512
22 26383 31036 4512
22 26361 31040 4548
22 26450 31043 4547
22 26507 31046 4531
22 26531 31046 4550
21 26578 31048 4493
23 26579 31043 4530
21 26519 31047 4513
23 26497 31046 4511
21 26471 31041 4493
22 26362 31037 4513
22 26474 31042 4527
22 26414 31037 4530
22 26404 31035 4495
22 26412 31035 4513
21 26398 31034 4549
23 26397 31031 4531
21 26372 31029 4547
23 26422 31032 4530
21 26419 31030 4529
22 26424 31032 4512
22 26415 31029 4495
22 26396 31029 4512
22 26329 31027 4510
22 26367 31030 4495
21 26367 31030 4533
23 26334 31033 4565
21 26363 31031 4495
23 26339 31034 4514
22 26426 31032 4512
21 26379 31033 4508
23 26346 31034 4529
21 26439 31032 4510
23 26372 31034 4528
21 26471 31031 4512
22 26509 31033 4529
22 26560 31031 4529
22 26629 31034 4546
22 26532 31030 4530
22 26582 31028 4495
22 26489 31029 4530
22 26479 31028 4529
21 26440 31030 4512
23 26451 31025 4495
21 26374 31023 4494
23 26402 31027 4513
21 26357 31029 4511
22 26401 31029 4546
22 26343 31029 4512
22 26382 31034 4565
22 26375 31033 4547
22 26376 31035 4528
21 26390 31037 4512
23 26407 31037 4512
21 26367 31038 4495
23 26362 31038 4529
21 26355 31041 4512
22 26347 31041 4530
22 26359 31037 4531
22 26377 31039 4512
22 26394 31038 4530
22 26383 31039 4511
21 26390 31038 4510
23 26347 31036 4493
21 26363 31037 4495
23 26383 31040 4477
22 26467 31035 4513
21 26517 31039 4532
23 26652 31039 4531
21 26624 31037 4549
23 26644 31038 4513
21 26552 31036 4530
22 26488 31038 4548
22 26430 31041 4476
22 26372 31038 4495
22 26447 31039 4513
22 26484 31037 4512
22 26454 31038 4510
22 26421 31034 4493
21 26410 31036 4528
23 26377 31034 4547
21 26425 31035 4548
23 26413 31033 4529
21 26412 31033 4512
22 26387 31030 4529
22 26365 31027 4511
22 26375 31032 4509
22 26426 31030 4494
22 26432 31031 4495
21 26429 31027 4494
23 26425 31027 4532
21 26339 31028 4527
23 26351 31028 4528
21 26336 31027 4494
22 26393 31035 4529
22 26419 31033 4495
22 26474 31036 4494
22 26590 31040 4511
22 26620 31038 4477
21 26560 31041 4493
23 26484 31041 4494
21 26483 31037 4493
23 26489 31042 4511
22 26429 31040 4528
21 26388 31034 4512
23 26312 31037 4530
21 26371 31038 4509
23 26379 31039 4513
21 26388 31039 4512
22 26393 31038 4511
22 26418 31040 4531
22 26354 31037 4532
22 26403 31035 4530
22 26337 31037 4529
21 26343 31037 4529
23 26408 31038 4532
21 26343 31039 4511
23 26299 31042 4493
21 26375 31045 4479
23 26375 31048 4510
21 26345 31051 4510
22 26342 31054 4529
22 26355 31050 4515
22 26386 31053 4547
22 26400 31054 4549
22 26385 31055 4513
21 26539 31055 4529
23 26544 31055 4511
21 26565 31053 4493
23 26626 31053 4511
21 26622 31048 4511
22 26566 31049 4529
22 26449 31048 4512
22 26423 31049 4511
22 26387 31045 4547
22 26362 31044 4514
21 26428 31046 4529
23 26399 31044 4512
22 26447 31048 4511
22 26336 31047 4476
22 26396 31048 4513
21 26412 31051 4494
23 26389 31051 4530
21 26393 31053 4512
23 26413 31052 4531
21 26423 31053 4528
22 26353 31054 4512
22 26358 31053 4549
22 26388 31055 4512
22 26348 31053 4510
22 26365 31058 4512
21 26330 31058 4512
23 26402 31054 4477
21 26320 31057 4511
23 26382 31057 4513
21 26387 31051 4534
23 26372 31050 4512
21 26390 31052 4512
22 26456 31050 4512
22 26547 31047 4528
22 26586 31048 4510
22 26612 31046 4512
22 26587 31051 4513
21 26597 31052 4511
23 26527 31053 4529
21 26466 31057 4548
23 26387 31056 4547
21 26331 31060 4530
22 26393 31063 4511
22 26391 31064 4511
22 26385 31066 4548
22 26428 31067 4493
22 26372 31065 4510
21 26365 31066 4514
23 26421 31066 4513
22 26376 31066 4494
22 26362 31067 4513
22 26393 31067 4531
21 26333 31057 4530
23 26413 31062 4496
21 26356 31059 4510
23 26353 31055 4474
21 26325 31056 4512
22 26368 31054 4513
22 26416 31057 4512
22 26323 31058 4547
22 26488 31061 4512
22 26528 31063 4513
21 26576 31066 4527
23 26627 31067 4512
21 26587 31071 4546
23 26634 31076 4531
21 26555 31074 4511
22 26450 31078 4493
22 26399 31081 4477
22 26396 31079 4495
22 26414 31080 4510
22 26407 31077 4531
22 26424 31085 4496
22 26355 31082 4530
21 26435 31085 4546
23 26406 31088 4511
21 26403 31088 4528
23 26359 31085 4511
21 26334 31088 4494
22 26360 31089 4528
22 26370 31088 4547
22 26409 31091 4493
22 26363 31091 4512
22 26378 31094 4513
21 26370 31094 4514
23 26336 31094 4530
22 26358 31095 4531
22 26394 31094 4512
22 26403 31097 4512
21 26264 31097 4512
23 26357 31098 4478
21 26341 31098 4513
23 26459 31095 4513
21 26506 31096 4530
22 26620 31098 4512
22 26604 31096 4513
22 26606 31094 4513
22 26534 31095 4529
22 26548 31094 4529
21 26475 31091 4495
23 26508 31091 4478
21 26374 31090 4494
23 26412 31088 4510
21 26447 31088 4529
22 26411 31084 4548
22 26387 31080 4530
22 26405 31081 4532
22 26369 31081 4512
22 26366 31085 4530
21 26318 31079 4511
23 26438 31078 4494
21 26368 31083 4510
23 26387 31078 4513
21 26365 31077 4496
23 26387 31081 4512
21 26377 31078 4514
22 26333 31080 4529
22 26318 31076 4529
22 26338 31079 4529
22 26384 31076 4530
22 26402 31073 4493
21 26325 31075 4512
23 26402 31072 4512
22 26397 31076 4512
22 26284 31075 4511
22 26342 31071 4531
21 26315 31075 4514
23 26315 31071 4531
21 26391 31072 4565
23 26393 31074 4546
21 26320 31072 4512
22 26490 31068 4491
22 26543 31065 4532
22 26580 31067 4513
22 26624 31067 4494
22 26597 31070 4511
21 26535 31067 4530
23 26471 31066 4549
21 26484 31064 4531
23 26405 31065 4528
21 26431 31063 4532
22 26425 31060 4495
22 26418 31060 4513
22 26417 31058 4477
22 26416 31057 4513
22 26393 31050 4528
21 26437 31048 4511
23 26424 31046 4513
21 26344 31044 4544
23 26451 31043 4532
21 26459 31043 4512
23 26418 31041 4510
21 26322 31038 4512
22 26429 31039 4493
22 26413 31038 4531
22 26422 31036 4512
22 26401 31032 4513
22 26345 31031 4529
22 26332 31031 4531
22 26364 31028 4545
22 26283 31030 4529
22 26331 31030 4548
22 26414 31030 4529
21 26540 31032 4495
23 26562 31033 4495
21 26587 31033 4512
23 26622 31037 4513
21 26587 31043 4528
22 26490 31044 4512
22 26438 31051 4567
22 26442 31052 4529
22 26353 31052 4531
22 26357 31059 4530
21 26391 31058 4529
23 26398 31064 4476
21 26405 31063 4492
23 26395 31062 4513
21 26410 31064 4495
22 26370 31064 4529
22 26369 31062 4495
22 26406 31062 4512
22 26378 31061 4497
22 26322 31057 4531
21 26381 31059 4511
23 26358 31058 4530
21 26390 31054 4494
23 26329 31052 4493
21 26438 31054 4510
22 26373 31054 4529
22 26395 31048 4513
22 26360 31049 4532
22 26373 31046 4528
22 26415 31043 4495
23 26325 31040 4512
21 26379 31038 4530
22 26377 31035 4530
22 26421 31032 4492
22 26489 31029 4510
22 26568 31027 4529
22 26642 31027 4511
21 26634 31022 4495
23 26591 31020 4531
21 26583 31014 4545
23 26509 31015 4496
21 26452 31012 4530
22 26377 31009 4529
22 26365 31005 4494
22 26318 31008 4512
22 26370 31006 4513
22 26359 31009 4495
21 26390 31005 4493
23 26379 31006 4510
21 26366 31011 4511
23 26445 31011 4529
21 26453 31010 4513
22 26383 31011 4529
22 26368 31010 4529
22 26370 31008 4492
22 26349 31008 4493
22 26316 31008 4547
21 26368 31008 4529
23 26323 31007 4528
21 26304 31003 4512
23 26349 31002 4531
21 26373 31004 4531
22 26374 30998 4530
22 26418 31000 4495
22 26373 30999 4512
22 26360 31002 4494
22 26394 31003 4530
23 26385 31007 4477
21 26405 31005 4510
22 26368 31009 4528
22 26357 31004 4513
22 26412 31005 4547
22 26425 31007 4494
22 26403 31005 4531
21 26454 31003 4530
23 26499 31004 4529
21 26544 31002 4492
23 26650 31000 4512
21 26605 31002 4494
22 26499 30998 4528
22 26549 30995 4494
22 26437 30995 4512
22 26453 30995 4527
22 26347 30994 4531
21 26353 30988 4546
23 26411 30994 4531
21 26376 30995 4511
23 26366 30993 4511
21 26408 30998 4511
22 26395 31000 4513
22 26297 30998 4529
22 26366 31006 4512
22 26404 31007 4513
22 26474 31011 4527
21 26456 31008 4513
23 26424 31013 4547
21 26303 31011 4530
23 26327 31013 4494
21 26440 31014 4512
22 26362 31012 4494
22 26349 31017 4508
22 26384 31016 4530
22 26323 31018 4530
22 26392 31021 4514
21 26378 31021 4528
23 26336 31019 4530
22 26373 31023 4512
22 26387 31022 4528
22 26351 31022 4493
22 26367 31020 4513
22 26362 31016 4547
21 26371 31019 4528
23 26399 31016 4532
21 26423 31013 4513
23 26473 31010 4565
21 26528 31009 4529
22 26564 31004 4530
22 26609 31007 4511
22 26557 31003 4511
22 26571 30999 4495
22 26525 30998 4513
21 26413 30998 4495
23 26400 30994 4511
21 26320 30988 4495
23 26339 30992 4512
21 26429 30992 4531
22 26452 30991 4512
22 26409 30992 4529
22 26415 30995 4529
22 26425 30999 4511
22 26353 31005 4512
21 26384 31007 4529
23 26365 31009 4512
21 26419 31009 4495
23 26404 31014 4528
21 26376 31015 4509
22 26395 31020 4546
22 26346 31015 4529
22 26322 31019 4530
22 26361 31024 4530
22 26348 31026 4529
22 26407 31032 4493
22 26385 31032 4513
22 26346 31032 4495
22 26390 31037 4529
22 26425 31040 4512
22 26374 31038 4512
22 26457 31038 4511
21 26398 31045 4496
23 26488 31043 4512
21 26534 31043 4494
23 26561 31047 4493
21 26555 31046 4493
22 26594 31046 4528
22 26518 31049 4529
22 26473 31049 4547
22 26469 31047 4513
22 26417 31049 4513
21 26380 31052 4530
23 26372 31052 4529
21 26350 31050 4530
23 26427 31050 4494
21 26405 31047 4476
22 26412 31046 4513
22 26381 31046 4513
22 26415 31044 4547
22 26402 31042 4531
22 26389 31040 4531
21 26373 31039 4547
23 26352 31037 4531
21 26346 31037 4512
23 26332 31035 4528
21 26412 31031 4511
22 26364 31032 4511
22 26384 31030 4548
22 26389 31030 4494
23 26331 31027 4530
21 26360 31025 4529
22 26422 31030 4547
22 26358 31030 4548
22 26332 31027 4531
22 26367 31031 4546
22 26445 31033 4512
21 26452 31040 4510
23 26579 31041 4510
21 26566 31047 4529
23 26581 31049 4512
21 26609 31058 4514
23 26555 31062 4494
21 26525 31070 4513
22 26423 31075 4546
22 26466 31081 4551
22 26414 31089 4511
22 26452 31089 4495
22 26433 31097 4476
21 26371 31097 4493
23 26391 31106 4510
21 26368 31109 4512
23 26379 31110 4510
21 26394 31114 4514
22 26372 31117 4532
22 26412 31122 4530
22 26390 31126 4496
22 26352 31129 4529
22 26406 31130 4530
21 26400 31132 4495
23 26407 31131 4512
21 26337 31133 4529
23 26355 31131 4494
21 26399 31129 4511
22 26440 31135 4513
22 26386 31137 4535
22 26336 31133 4530
23 26365 31131 4530
21 26390 31134 4530
22 26449 31132 4493
22 26417 31136 4511
22 26311 31136 4513
22 26419 31137 4512
22 26409 31137 4495
21 26581 31138 4530
23 26604 31138 4549
21 26608 31136 4529
23 26542 31134 4494
21 26485 31134 4547
23 26426 31133 4530
21 26399 31137 4511
22 26482 31130 4494
22 26364 31132 4494
22 26399 31128 4528
22 26356 31127 4529
22 26335 31123 4527
21 26393 31122 4513
23 26418 31124 4545
21 26476 31119 4529
23 26372 31120 4531
21 26438 31118 4513
22 26330 31118 4513
22 26417 31116 4512
22 26395 31117 4510
22 26360 31117 4495
22 26363 31114 4529
21 26355 31112 4528
23 26356 31117 4532
21 26380 31119 4546
23 26328 31116 4547
21 26331 31118 4512
22 26388 31116 4512
22 26419 31115 4512
22 26407 31120 4512
23 26403 31118 4477
21 26420 31117 4530
22 26397 31116 4529
22 26479 31118 4530
22 26499 31119 4530
22 26603 31119 4512
22 26642 31122 4531
21 26601 31121 4529
23 26488 31120 4510
21 26476 31124 4493
23 26406 31126 4496
21 26387 31126 4492
22 26362 31128 4510
22 26404 31127 4513
22 26395 31130 4529
22 26343 31133 4548
22 26453 31130 4532
22 26475 31134 4547
22 26419 31129 4530
21 26406 31130 4529
23 26377 31135 4512
21 26319 31135 4512
23 26362 31130 4513
21 26355 31130 4510
22 26365 31131 4528
22 26376 31131 4531
22 26349 31127 4547
22 26413 31126 4530
22 26370 31128 4512
21 26332 31124 4512
23 26378 31123 4511
21 26451 31124 4513
23 26376 31123 4512
21 26470 31123 4512
22 26456 31125 4513
22 26589 31123 4529
22 26601 31127 4495
23 26574 31123 4512
21 26502 31127 4513
22 26469 31126 4512
22 26484 31128 4530
22 26445 31124 4511
22 26375 31130 4513
22 26420 31123 4530
21 26360 31123 4494
23 26327 31127 4494
21 26355 31126 4546
23 26420 31131 4531
21 26413 31131 4529
22 26341 31128 4495
22 26404 31132 4530
22 26407 31132 4495
22 26401 31133 4512
22 26395 31130 4513
21 26389 31134 4528
23 26383 31132 4530
21 26401 31136 4512
23 26335 31134 4532
21 26379 31133 4549
23 26362 31136 4530
21 26378 31139 4512
22 26392 31141 4512
22 26351 31141 4530
22 26344 31140 4530
22 26334 31142 4512
22 26331 31134 4494
21 26436 31136 4513
23 26464 31139 4530
21 26600 31135 4513
23 26654 31138 4566
21 26644 31134 4514
22 26593 31133 4513
23 26579 31133 4510
21 26452 31130 4511
23 26412 31126 4511
21 26426 31119 4494
22 26359 31122 4494
22 26443 31117 4529
22 26374 31117 4512
22 26415 31113 4514
22 26380 31108 4547
21 26393 31106 4532
23 26396 31102 4511
21 26469 31102 4493
23 26375 31097 4494
21 26407 31095 4493
22 26392 31091 4494
22 26450 31091 4494
22 26343 31091 4513
22 26385 31092 4495
22 26360 31093 4514
21 26328 31091 4510
23 26367 31091 4530
21 26316 31093 4530
23 26411 31095 4528
21 26345 31094 4476
23 26341 31096 4510
21 26381 31095 4495
22 26375 31096 4495
22 26434 31096 4529
22 26385 31094 4513
22 26434 31095 4514
22 26560 31095 4511
21 26640 31095 4513
23 26549 31097 4530
21 26519 31100 4530
23 26464 31096 4493
21 26498 31099 4512
22 26442 31098 4495
23 26368 31102 4513
21 26436 31102 4494
23 26367 31103 4494
21 26408 31104 4532
22 26392 31105 4530
22 26353 31108 4547
22 26404 31112 4545
22 26411 31113 4511
22 26344 31113 4512
21 26451 31115 4528
23 26372 31116 4511
21 26413 31116 4513
23 26298 31111 4510
21 26351 31111 4531
22 26374 31113 4545
22 26376 31114 4513
22 26317 31113 4512
22 26328 31108 4511
22 26419 31107 4548
21 26402 31104 4494
23 26402 31101 4529
21 26344 31099 4495
23 26421 31098 4528
21 26469 31094 4531
22 26533 31094 4530
22 26535 31088 4528
22 26588 31085 4513
22 26529 31085 4531
22 26474 31083 4510
22 26450 31079 4511
22 26363 31078 4494
21 26484 31080 4494
23 26414 31077 4533
21 26380 31078 4530
23 26392 31076 4513
21 26380 31080 4533
22 26396 31085 4494
23 26409 31087 4531
21 26437 31087 4530
23 26406 31093 4530
21 26445 31095 4494
22 26390 31098 4495
22 26335 31104 4528
22 26368 31108 4494
22 26401 31107 4530
22 26446 31111 4548
21 26432 31112 4511
23 26390 31116 4529
21 26372 31117 4530
23 26359 31117 4532
21 26424 31118 4512
22 26445 31118 4494
22 26541 31119 4511
22 26590 31120 4494
22 26621 31123 4512
22 26542 31121 4511
21 26485 31126 4531
23 26468 31123 4511
21 26445 31123 4531
23 26420 31129 4530
21 26451 31128 4512
22 26394 31123 4529
22 26367 31130 4493
22 26343 31126 4512
22 26329 31128 4529
22 26400 31125 4494
22 26343 31124 4511
22 26364 31123 4511
21 26390 31126 4512
23 26440 31120 4547
21 26454 31122 4547
23 26438 31118 4530
21 26368 31119 4530
22 26389 31116 4512
23 26336 31115 4529
21 26342 31113 4513
23 26375 31113 4494
21 26353 31114 4512
22 26420 31109 4531
22 26407 31106 4510
22 26358 31105 4547
22 26409 31101 4528
22 26454 31099 4530
21 26568 31100 4494
23 26598 31095 4495
21 26651 31093 4495
23 26565 31090 4496
21 26540 31091 4512
22 26474 31088 4529
22 26556 31088 4550
22 26552 31087 4531
22 26472 31087 4512
22 26439 31088 4529
21 26362 31091 4529
23 26357 31093 4511
21 26336 31092 4495
23 26394 31093 4531
21 26435 31093 4512
22 26406 31098 4528
22 26414 31094 4512
22 26362 31100 4512
22 26350 31099 4513
22 26387 31101 4545
21 26380 31106 4530
23 26413 31104 4492
21 26349 31107 4510
23 26347 31105 4511
21 26376 31107 4513
23 26358 31104 4529
22 26379 31107 4532
21 26321 31109 4513
23 26345 31110 4547
21 26319 31107 4513
23 26369 31108 4548
21 26365 31109 4511
22 26350 31114 4494
22 26338 31117 4494
22 26437 31115 4513
22 26427 31118 4512
22 26396 31124 4510
21 26482 31126 4513
23 26566 31122 4534
21 26545 31128 4512
23 26625 31130 4547
21 26579 31133 4528
22 26476 31134 4512
22 26542 31137 4511
22 26469 31136 4477
22 26344 31133 4476
22 26356 31132 4495
21 26384 31132 4513
23 26421 31131 4532
21 26419 31129 4549
23 26428 31127 4513
21 26390 31127 4512
22 26438 31121 4530
22 26408 31121 4545
22 26448 31114 4529
22 26378 31110 4510
22 26384 31109 4530
21 26386 31107 4531
23 26365 31102 4511
21 26434 31100 4528
23 26305 31100 4547
21 26351 31100 4532
23 26304 31095 4531
22 26377 31092 4511
21 26349 31086 4512
23 26370 31087 4493
21 26339 31084 4528
23 26427 31082 4494
21 26526 31079 4477
22 26602 31081 4528
22 26642 31077 4531
22 26626 31079 4528
22 26619 31075 4531
22 26538 31074 4530
21 26438 31079 4511
23 26431 31072 4512
21 26403 31070 4494
23 26412 31075 4510
21 26377 31072 4513
22 26316 31075 4495
22 26361 31072 4511
22 26369 31070 4531
22 26391 31072 4530
22 26380 31070 4529
21 26367 31065 4511
23 26434 31069 4529
21 26400 31066 4529
23 26446 31063 4512
21 26358 31062 4528
22 26314 31063 4513
22 26299 31060 4496
22 26345 31057 4530
22 26285 31055 4532
22 26312 31059 4529
21 26331 31053 4513
23 26351 31056 4530
21 26360 31057 4512
23 26353 31054 4512
21 26362 31055 4512
22 26351 31057 4493
23 26392 31054 4530
21 26427 31057 4511
23 26570 31055 4512
21 26664 31050 4531
23 26690 31059 4513
21 26672 31055 4546
22 26631 31054 4530
22 26536 31053 4494
22 26466 31055 4491
22 26421 31055 4494
22 26367 31054 4495
21 26348 31050 4531
23 26332 31049 4531
21 26369 31052 4532
23 26427 31048 4546
21 26473 31048 4513
22 26430 31042 4530
22 26414 31041 4511
22 26384 31043 4493
22 26415 31040 4511
22 26393 31040 4477
21 26379 31043 4513
23 26293 31042 4528
21 26403 31039 4532
23 26354 31039 4532
21 26349 31038 4546
22 26381 31040 4513
22 26365 31040 4531
22 26415 31038 4529
22 26357 31036 4513
22 26381 31037 4528
21 26355 31036 4494
23 26358 31038 4477
21 26365 31040 4514
23 26238 31039 4510
21 26322 31039 4533
22 26417 31043 4530
23 26474 31038 4513
21 26586 31039 4530
23 26638 31039 4530
21 26731 31040 4512
23 26672 31035 4493
21 26562 31032 4511
22 26442 31034 4529
22 26436 31034 4546
22 26419 31031 4512
22 26411 31033 4530
22 26413 31032 4513
21 26410 31028 4512
23 26422 31022 4510
21 26461 31027 4512
23 26432 31022 4512
21 26408 31020 4510
22 26359 31021 4529
22 26383 31019 4528
22 26394 31021 4529
22 26432 31021 4512
22 26343 31018 4531
21 26425 31018 4532
23 26356 31020 4531
21 26303 31019 4495
23 26358 31021 4511
21 26354 31023 4495
22 26371 31022 4528
22 26262 31025 4510
22 26389 31027 4493
22 26408 31027 4529
22 26383 31026 4531
21 26329 31031 4546
23 26443 31029 4548
21 26486 31032 4513
23 26558 31030 4547
22 26586 31034 4510
21 26576 31032 4513
23 26623 31034 4529
21 26486 31034 4494
23 26434 31030 4512
21 26404 31035 4513
22 26414 31032 4532
22 26380 31029 4511
22 26349 31032 4528
22 26398 31029 4528
22 26403 31030 4532
22 26413 31030 4494
22 26386 31030 4494
21 26398 31029 4511
23 26385 31029 4529
21 26378 31028 4529
23 26414 31027 4513
21 26344 31030 4548
22 26318 31031 4549
22 26319 31026 4545
22 26336 31033 4512
22 26408 31028 4530
22 26345 31025 4547
21 26341 31029 4494
23 26388 31027 4514
21 26435 31030 4514
23 26511 31033 4530
21 26464 31034 4495
22 26616 31033 4549
22 26639 31038 4530
22 26603 31037 4548
22 26594 31040 4511
22 26485 31043 4511
21 26512 31041 4477
23 26465 31043 4529
21 26421 31044 4514
23 26423 31047 4529
22 26306 31046 4512
21 26426 31048 4529
23 26314 31048 4510
21 26331 31048 4512
23 26378 31048 4512
21 26339 31048 4531
22 26402 31049 4530
22 26347 31047 4494
22 26325 31048 4495
22 26388 31046 4512
22 26364 31045 4546
21 26369 31043 4495
23 26407 31048 4512
21 26359 31044 4529
23 26338 31050 4546
21 26449 31051 4531
23 26365 31056 4511
21 26319 31057 4511
22 26310 31060 4476
22 26348 31065 4494
22 26386 31069 4531
22 26353 31076 4528
22 26389 31079 4566
21 26532 31079 4566
23 26561 31084 4512
21 26645 31091 4531
23 26694 31090 4530
21 26680 31094 4494
22 26613 31096 4477
22 26492 31100 4494
22 26485 31099 4514
22 26476 31098 4530
22 26371 31100 4528
21 26404 31099 4513
23 26361 31099 4530
21 26440 31104 4529
23 26378 31099 4530
22 26373 31098 4530
21 26402 31100 4512
23 26399 31098 4493
21 26391 31098 4511
23 26314 31101 4513
21 26352 31098 4511
22 26386 31101 4530
22 26423 31100 4529
22 26420 31102 4546
22 26302 31100 4514
22 26323 31104 4529
21 26432 31100 4529
23 26323 31104 4527
21 26361 31104 4493
23 26396 31105 4495
21 26362 31106 4513
23 26416 31107 4495
21 26350 31103 4529
22 26414 31108 4514
22 26484 31106 4512
22 26591 31109 4528
22 26632 31107 4512
22 26687 31107 4511
21 26643 31105 4530
23 26502 31109 4512
21 26480 31105 4510
23 26423 31108 4478
21 26465 31107 4494
22 26449 31106 4496
22 26434 31107 4533
22 26360 31101 4511
22 26301 31108 4531
22 26333 31107 4530
21 26341 31110 4529
23 26378 31103 4532
21 26430 31103 4510
23 26424 31108 4512
22 26398 31110 4493
21 26409 31108 4529
23 26392 31113 4494
21 26313 31110 4547
23 26348 31108 4532
21 26295 31108 4530
22 26301 31112 4529
22 26374 31114 4513
22 26347 31113 4494
22 26358 31114 4512
22 26426 31119 4494
21 26551 31119 4513
23 26562 31118 4514
21 26664 31115 4531
23 26607 31118 4510
21 26592 31119 4549
22 26519 31119 4513
22 26498 31114 4512
22 26373 31114 4493
22 26463 31118 4511
22 26409 31119 4495
22 26368 31118 4494
22 26364 31114 4529
21 26300 31117 4512
23 26246 31117 4531
21 26373 31122 4531
23 26413 31116 4512
21 26419 31123 4530
22 26329 31119 4531
22 26369 31120 4510
22 26343 31118 4494
22 26337 31120 4495
22 26329 31119 4514
21 26312 31116 4529
23 26297 31114 4512
22 26315 31117 4514
22 26364 31110 4547
22 26379 31114 4548
21 26354 31114 4495
23 26371 31109 4511
21 26388 31112 4511
23 26463 31110 4494
21 26487 31110 4494
22 26655 31104 4495
22 26651 31105 4529
22 26658 31103 4550
22 26645 31107 4548
22 26455 31103 4530
21 26530 31106 4510
23 26457 31105 4530
21 26433 31105 4530
23 26446 31106 4494
21 26400 31104 4529
22 26330 31104 4528
22 26349 31107 4529
22 26304 31104 4510
22 26386 31103 4511
22 26460 31105 4511
22 26318 31104 4549
22 26374 31104 4494
21 26324 31106 4529
23 26344 31104 4511
21 26336 31108 4512
23 26355 31105 4527
21 26404 31107 4494
22 26337 31108 4547
22 26362 31107 4529
22 26318 31110 4532
22 26304 31105 4494
22 26362 31107 4548
21 26365 31107 4494
23 26329 31104 4531
22 26315 31108 4530
22 26406 31103 4494
22 26416 31103 4493
21 26551 31103 4494
23 26643 31104 4495
21 26648 31104 4510
23 26607 31106 4513
21 26597 31104 4511
22 26509 31103 4529
22 26482 31104 4513
22 26433 31100 4530
22 26347 31101 4494
22 26375 31099 4513
21 26348 31099 4510
23 26356 31098 4511
21 26351 31097 4529
23 26312 31098 4546
21 26440 31102 4532
22 26368 31098 4530
22 26414 31092 4529
22 26382 31096 4512
22 26384 31098 4530
22 26411 31098 4512
21 26347 31091 4513
23 26400 31096 4477
21 26317 31095 4512
23 26335 31097 4510
21 26361 31094 4511
23 26358 31097 4530
21 26368 31092 4530
22 26379 31096 4512
22 26334 31096 4530
22 26474 31095 4512
22 26562 31095 4494
22 26629 31093 4546
21 26652 31098 4513
23 26621 31097 4511
22 26557 31094 4494
22 26532 31096 4531
22 26518 31095 4545
21 26521 31095 4529
23 26448 31095 4530
21 26338 31095 4529
23 26331 31096 4531
21 26443 31097 4512
22 26383 31099 4511
22 26341 31094 4494
22 26382 31097 4511
22 26380 31099 4529
22 26435 31100 4533
21 26461 31101 4529
23 26344 31100 4548
21 26288 31100 4549
23 26347 31100 4511
21 26321 31097 4493
22 26347 31097 4512
22 26355 31093 4511
22 26326 31092 4495
22 26288 31095 4494
22 26316 31094 4514
21 26466 31092 4513
23 26545 31092 4512
21 26697 31092 4528
23 26636 31091 4512
21 26654 31091 4511
23 26582 31091 4512
21 26451 31092 4513
22 26491 31093 4494
22 26526 31092 4514
22 26451 31092 4476
22 26415 31099 4513
22 26341 31094 4547
21 26339 31095 4512
23 26342 31097 4530
22 26319 31096 4530
22 26355 31098 4528
22 26419 31099 4512
21 26485 31102 4513
23 26423 31099 4512
21 26333 31099 4513
23 26360 31103 4492
21 26342 31100 4510
22 26279 31105 4546
22 26334 31101 4512
22 26271 31101 4530
22 26307 31104 4511
22 26330 31099 4494
21 26338 31104 4513
23 26362 31106 4529
21 26297 31104 4512
23 26297 31101 4495
21 26392 31105 4511
22 26470 31109 4495
22 26526 31109 4545
22 26648 31105 4529
22 26674 31108 4530
22 26687 31109 4546
21 26585 31108 4529
23 26547 31109 4511
21 26500 31107 4529
23 26448 31108 4511
21 26403 31105 4511
22 26432 31108 4511
22 26347 31107 4530
22 26352 31107 4512
22 26303 31106 4532
22 26362 31107 4530
22 26373 31103 4512
22 26405 31104 4511
22 26383 31105 4493
22 26387 31104 4528
22 26385 31104 4493
22 26343 31101 4513
22 26355 31098 4528
21 26357 31101 4530
23 26336 31097 4511
21 26309 31100 4530
23 26295 31099 4527
21 26357 31099 4494
22 26362 31102 4509
22 26271 31100 4528
22 26313 31101 4513
22 26329 31104 4513
22 26406 31103 4529
21 26465 31105 4509
23 26532 31108 4549
21 26630 31110 4515
23 26665 31113 4529
21 26590 31111 4512
22 26587 31115 4546
22 26483 31119 4512
22 26425 31118 4512
22 26406 31124 4513
22 26359 31124 4493
21 26398 31128 4529
23 26354 31132 4548
21 26384 31133 4547
23 26339 31133 4529
21 26325 31131 4530
22 26417 31138 4511
22 26417 31137 4510
22 26386 31140 4493
22 26393 31142 4512
22 26278 31139 4512
23 26401 31138 4513
21 26381 31141 4533
22 26329 31140 4529
22 26365 31142 4529
22 26359 31148 4529
22 26287 31150 4511
22 26236 31150 4530
21 26343 31151 4512
23 26456 31153 4494
21 26523 31158 4495
23 26656 31161 4494
21 26673 31164 4528
22 26654 31161 4514
22 26550 31165 4533
22 26459 31164 4531
22 26406 31165 4529
22 26390 31165 4529
21 26454 31165 4530
23 26423 31168 4493
21 26385 31167 4512
23 26364 31166 4511
21 26374 31165 4513
22 26384 31164 4495
22 26425 31167 4513
22 26396 31164 4548
22 26377 31169 4512
22 26353 31170 4531
21 26356 31171 4512
23 26322 31173 4511
21 26365 31171 4510
23 26316 31174 4495
21 26369 31172 4494
22 26396 31169 4510
22 26354 31169 4515
22 26337 31169 4530
22 26341 31168 4527
22 26283 31170 4531
21 26372 31167 4530
23 26494 31165 4512
22 26578 31165 4529
22 26601 31161 4530
22 26632 31161 4529
22 26605 31161 4495
22 26562 31159 4513
21 26465 31162 4531
23 26506 31160 4513
21 26480 31165 4529
23 26416 31162 4531
21 26457 31165 4512
22 26401 31167 4548
22 26330 31168 4530
22 26276 31170 4494
22 26322 31169 4512
22 26323 31170 4495
21 26448 31171 4513
23 26397 31171 4532
21 26383 31173 4515
23 26338 31173 4513
21 26360 31176 4546
22 26303 31175 4530
22 26370 31176 4529
22 26385 31176 4513
22 26362 31179 4495
22 26301 31175 4494
21 26296 31178 4530
23 26321 31184 4512
21 26330 31185 4512
23 26383 31188 4548
21 26395 31188 4514
22 26540 31190 4513
22 26668 31189 4511
22 26637 31186 4495
22 26662 31187 4494
22 26593 31187 4495
21 26498 31184 4512
23 26416 31184 4495
22 26375 31184 4494
22 26385 31182 4513
22 26411 31175 4495
21 26364 31180 4531
23 26439 31176 4512
21 26369 31176 4530
23 26436 31176 4549
21 26412 31174 4494
23 26400 31166 4492
21 26351 31166 4513
22 26365 31163 4529
22 26343 31162 4511
22 26399 31159 4529
22 26361 31154 4528
22 26349 31153 4531
21 26362 31157 4532
23 26376 31155 4512
21 26298 31152 4513
23 26378 31152 4494
21 26303 31153 4531
22 26337 31152 4513
22 26412 31153 4510
22 26451 31148 4509
22 26587 31151 4532
22 26637 31147 4548
21 26612 31149 4530
23 26566 31149 4530
21 26514 31147 4511
23 26483 31147 4512
21 26457 31148 4528
22 26388 31144 4547
22 26402 31145 4513
22 26423 31143 4533
22 26379 31143 4513
22 26331 31143 4532
22 26335 31143 4529
22 26346 31148 4528
22 26394 31147 4531
22 26405 31144 4528
22 26412 31146 4493
21 26332 31145 4530
23 26342 31147 4531
21 26317 31146 4511
23 26279 31145 4512
21 26390 31148 4530
23 26361 31146 4546
21 26344 31144 4531
22 26358 31144 4529
22 26382 31147 4530
22 26363 31145 4511
22 26460 31146 4513
22 26484 31143 4528
21 26557 31145 4512
23 26608 31142 4510
21 26671 31146 4528
23 26567 31146 4530
21 26500 31150 4530
22 26454 31152 4565
22 26464 31152 4513
22 26480 31147 4512
22 26434 31154 4493
22 26333 31154 4513
21 26305 31152 4495
23 26395 31155 4495
21 26398 31157 4528
23 26405 31153 4531
21 26392 31155 4530
22 26315 31154 4530
22 26379 31157 4528
22 26362 31156 4530
23 26378 31152 4511
21 26315 31154 4511
22 26293 31153 4495
22 26317 31152 4512
22 26360 31152 4529
22 26321 31147 4512
22 26331 31148 4529
21 26324 31151 4530
23 26381 31149 4513
21 26356 31152 4513
23 26368 31152 4531
21 26351 31151 4511
22 26333 31155 4511
22 26371 31153 4528
22 26392 31155 4513
22 26434 31153 4478
22 26598 31156 4528
22 26661 31149 4513
22 26662 31150 4544
21 26668 31150 4530
23 26560 31149 4550
21 26439 31149 4530
23 26415 31146 4495
21 26381 31145 4512
22 26417 31146 4514
22 26364 31142 4494
22 26375 31142 4510
22 26394 31142 4528
22 26396 31137 4532
21 26415 31136 4533
23 26379 31132 4547
21 26319 31133 4547
23 26401 31132 4530
21 26306 31133 4531
22 26351 31132 4495
22 26349 31131 4529
22 26337 31131 4528
23 26292 31134 4528
21 26346 31132 4530
22 26364 31135 4548
22 26333 31130 4531
22 26412 31135 4494
22 26353 31133 4512
22 26370 31131 4530
21 26273 31133 4512
23 26284 31133 4510
21 26349 31131 4533
23 26400 31130 4528
21 26544 31130 4510
22 26593 31131 4513
22 26607 31129 4529
22 26663 31131 4512
22 26592 31129 4512
22 26579 31128 4512
22 26401 31126 4530
22 26501 31126 4512
21 26460 31122 4495
23 26420 31122 4513
21 26449 31118 4511
23 26394 31121 4529
21 26335 31119 4531
22 26371 31115 4546
22 26387 31118 4547
22 26399 31124 4528
22 26408 31124 4512
22 26379 31125 4493
21 26364 31125 4494
23 26369 31127 4495
21 26410 31125 4495
23 26334 31127 4509
21 26378 31130 4494
22 26322 31129 4512
22 26348 31132 4531
22 26298 31129 4531
23 26337 31132 4511
21 26342 31132 4532
22 26410 31129 4511
22 26525 31127 4530
22 26585 31130 4511
22 26687 31124 4528
22 26635 31131 4513
21 26565 31129 4513
23 26502 31127 4531
21 26469 31123 4532
23 26435 31127 4529
21 26326 31125 4513
22 26321 31124 4529
22 26353 31117 4512
22 26325 31120 4478
22 26371 31113 4513
22 26424 31114 4510
21 26388 31114 4510
23 26376 31112 4531
21 26407 31114 4547
23 26418 31114 4532
21 26343 31112 4529
23 26373 31114 4530
21 26323 31111 4513
22 26311 31108 4494
22 26385 31105 4513
22 26343 31107 4513
22 26346 31108 4548
22 26378 31106 4512
21 26395 31104 4513
23 26263 31106 4546
21 26366 31102 4548
23 26397 31101 4513
21 26455 31100 4529
22 26550 31099 4512
22 26616 31102 4495
22 26630 31097 4528
23 26680 31098 4494
21 26586 31096 4511
22 26493 31098 4531
22 26452 31094 4532
22 26441 31099 4511
22 26404 31102 4528
22 26364 31101 4511
21 26359 31103 4527
23 26327 31103 4513
21 26349 31102 4495
23 26348 31103 4513
21 26397 31104 4494
22 26388 31102 4529
22 26401 31102 4492
22 26360 31101 4548
22 26366 31106 4533
22 26395 31102 4530
21 26389 31103 4512
23 26350 31102 4512
21 26336 31101 4511
23 26348 31102 4494
21 26299 31099 4477
23 26339 31103 4512
21 26349 31101 4529
22 26383 31099 4547
22 26323 31099 4547
22 26351 31102 4531
22 26321 31104 4530
22 26405 31102 4513
21 26538 31101 4512
23 26607 31099 4493
21 26681 31101 4528
23 26624 31098 4512
21 26550 31102 4479
22 26471 31102 4512
23 26465 31102 4510
21 26410 31100 4528
23 26482 31103 4528
21 26427 31102 4530
22 26416 31104 4510
22 26338 31101 4511
22 26431 31103 4513
22 26348 31104 4545
22 26373 31096 4510
21 26382 31100 4509
23 26418 31098 4494
21 26354 31099 4511
23 26373 31096 4494
21 26390 31094 4529
22 26355 31100 4512
22 26323 31098 4511
22 26362 31096 4529
22 26324 31095 4512
22 26326 31095 4528
21 26331 31095 4477
23 26389 31099 4529
21 26368 31097 4513
23 26402 31098 4567
21 26492 31097 4530
22 26561 31098 4513
22 26649 31101 4511
22 26601 31099 4495
22 26587 31100 4494
22 26543 31095 4495
22 26480 31100 4494
22 26397 31098 4510
21 26372 31101 4530
23 26396 31098 4529
21 26348 31094 4533
23 26370 31100 4532
21 26378 31097 4531
22 26345 31100 4530
23 26448 31096 4528
21 26350 31100 4512
23 26351 31097 4528
21 26439 31095 4494
22 26328 31101 4494
22 26416 31098 4528
22 26323 31101 4509
22 26382 31100 4530
22 26380 31098 4531
21 26284 31102 4512
23 26360 31104 4531
21 26398 31104 4530
23 26390 31104 4511
21 26425 31104 4529
22 26573 31108 4494
22 26634 31107 4529
22 26601 31104 4513
22 26603 31104 4531
22 26576 31105 4528
21 26477 31105 4529
23 26419 31107 4513
21 26394 31105 4530
23 26390 31108 4493
21 26335 31103 4477
22 26368 31109 4528
22 26351 31109 4548
22 26322 31106 4529
22 26366 31107 4510
22 26362 31107 4498
22 26364 31109 4530
22 26417 31111 4528
21 26329 31107 4511
23 26336 31108 4512
21 26322 31107 4494
23 26239 31112 4547
21 26320 31107 4528
22 26359 31109 4512
23 26451 31111 4527
21 26361 31110 4512
23 26318 31111 4548
21 26305 31111 4548
22 26344 31113 4514
22 26340 31113 4529
22 26340 31110 4529
22 26339 31112 4493
22 26351 31110 4510
21 26380 31106 4495
23 26376 31108 4514
21 26369 31104 4530
23 26492 31104 4529
21 26524 31101 4546
22 26579 31101 4533
22 26702 31103 4548
22 26554 31101 4529
22 26599 31102 4512
22 26564 31095 4512
21 26516 31098 4511
23 26439 31098 4494
21 26434 31093 4495
23 26384 31096 4511
21 26306 31092 4549
22 26368 31093 4545
22 26436 31091 4513
22 26425 31089 4512
22 26326 31088 4513
22 26410 31087 4511
21 26406 31087 4514
23 26390 31088 4512
21 26346 31088 4513
23 26299 31089 4529
21 26325 31088 4478
23 26380 31087 4533
21 26362 31086 4512
22 26327 31089 4546
23 26396 31089 4495
21 26419 31092 4511
23 26366 31094 4511
21 26425 31090 4494
22 26359 31090 4492
22 26398 31094 4529
22 26313 31095 4513
22 26322 31097 4530
22 26316 31098 4548
21 26345 31101 4514
23 26335 31101 4512
21 26339 31106 4512
23 26478 31108 4530
21 26504 31105 4510
22 26611 31107 4493
22 26690 31110 4529
22 26655 31111 4529
22 26588 31113 4529
22 26606 31113 4531
21 26522 31114 4527
23 26360 31114 4530
21 26364 31117 4530
23 26386 31113 4530
21 26442 31116 4512
22 26323 31111 4494
22 26332 31109 4528
22 26355 31109 4477
22 26358 31099 4527
22 26436 31098 4511
21 26385 31096 4531
23 26382 31092 4545
21 26351 31086 4513
23 26337 31083 4512
21 26366 31083 4530
22 26382 31074 4492
23 26368 31073 4492
21 26379 31068 4513
23 26340 31067 4495
21 26372 31066 4495
23 26340 31060 4532
21 26345 31062 4548
22 26322 31057 4494
22 26343 31060 4548
22 26355 31055 4528
22 26380 31059 4529
22 26378 31053 4511
21 26394 31052 4512
23 26415 31050 4513
21 26375 31057 4526
23 26539 31054 4492
21 26552 31054 4511
22 26648 31054 4529
22 26593 31054 4513
22 26647 31055 4528
22 26518 31055 4530
22 26449 31051 4530
21 26412 31055 4512
23 26329 31050 4510
21 26362 31048 4494
23 26369 31049 4510
21 26348 31052 4528
22 26352 31048 4547
22 26413 31051 4528
22 26377 31053 4547
22 26402 31049 4546
22 26346 31047 4546
21 26435 31050 4512
23 26433 31051 4493
21 26364 31052 4512
23 26376 31050 4529
21 26390 31049 4529
22 26323 31050 4510
23 26341 31050 4531
21 26333 31047 4527
23 26394 31051 4533
21 26366 31049 4546
23 26368 31049 4531
21 26385 31050 4494
22 26375 31053 4533
22 26485 31056 4477
22 26561 31055 4495
22 26610 31061 4512
22 26610 31058 4511
21 26552 31069 4513
23 26561 31065 4530
21 26476 31067 4512
23 26447 31067 4512
21 26371 31072 4530
22 26375 31070 4492
22 26378 31072 4495
22 26313 31074 4494
22 26354 31075 4495
22 26364 31077 4493
21 26328 31080 4530
23 26396 31079 4548
21 26440 31082 4512
23 26399 31081 4531
21 26352 31082 4531
22 26393 31081 4531
22 26375 31079 4513
22 26334 31084 4494
22 26346 31083 4495
22 26365 31088 4511
21 26321 31084 4512
23 26325 31088 4512
21 26343 31085 4527
23 26357 31088 4549
21 26387 31089 4531
22 26379 31094 4513
23 26409 31090 4531
21 26548 31096 4512
23 26538 31094 4510
21 26635 31095 4494
22 26684 31099 4528
22 26637 31099 4529
22 26479 31098 4530
22 26456 31097 4511
22 26452 31100 4532
22 26429 31100 4531
22 26385 31097 4512
21 26416 31098 4492
23 26345 31097 4495
21 26310 31097 4532
23 26431 31097 4531
21 26455 31097 4529
22 26429 31095 4512
22 26438 31095 4534
22 26374 31100 4529
22 26397 31097 4549
22 26301 31100 4530
21 26363 31102 4512
23 26308 31100 4493
21 26292 31103 4514
23 26325 31102 4512
21 26319 31106 4527
22 26402 31103 4510
22 26406 31106 4530
22 26392 31105 4530
22 26394 31110 4532
