21 26400 24628 3913
23 26423 24630 3911
21 26461 24626 3914
22 26585 24625 3914
22 26805 24623 3916
22 27021 24623 3911
21 27166 24630 3913
23 27163 24625 3914
21 27037 24623 3910
22 26875 24620 3918
22 26641 24618 3913
22 26501 24618 3911
21 26420 24612 3916
22 26380 24610 3916
22 26387 24606 3915
22 26417 24604 3913
21 26464 24610 3911
23 26519 24598 3914
21 26567 24603 3912
22 26604 24594 3916
22 26605 24597 3916
22 26596 24595 3915
21 26560 24590 3912
23 26499 24582 3915
22 26449 24591 3916
21 26417 24582 3916
23 26411 24590 3914
21 26407 24590 3915
22 26407 24580 3910
22 26412 24587 3916
22 26443 24581 3914
21 26433 24577 3912
23 26444 24571 3917
21 26487 24577 3915
22 26669 24580 3914
22 26950 24568 3915
22 27160 24575 3916
21 27252 24576 3914
23 27150 24578 3914
21 26940 24573 3912
22 26690 24577 3912
22 26526 24575 3911
22 26441 24576 3915
21 26409 24572 3914
23 26395 24577 3914
21 26425 24574 3912
22 26417 24575 3915
22 26426 24576 3916
22 26448 24577 3913
21 26489 24578 3913
23 26528 24575 3912
21 26536 24572 3915
22 26525 24579 3913
22 26499 24578 3909
22 26474 24571 3913
21 26434 24574 3914
23 26404 24579 3911
21 26390 24574 3915
22 26395 24579 3913
22 26383 24578 3914
22 26390 24581 3916
21 26393 24579 3914
23 26418 24581 3914
21 26438 24585 3916
22 26508 24576 3914
23 26702 24582 3913
21 26965 24585 3913
22 27173 24577 3912
22 27237 24586 3912
22 27145 24582 3911
21 26938 24584 3912
23 26717 24583 3914
21 26546 24585 3911
22 26450 24589 3911
22 26432 24587 3913
22 26398 24592 3910
21 26428 24588 3913
22 26443 24591 3918
22 26466 24592 3914
22 26486 24594 3912
21 26516 24594 3916
23 26508 24600 3914
21 26535 24601 3911
22 26515 24602 3915
22 26493 24600 3910
22 26475 24601 3912
21 26452 24603 3915
23 26442 24605 3913
21 26402 24611 3914
22 26406 24609 3913
22 26393 24613 3913
22 26369 24619 3914
21 26372 24617 3914
23 26383 24620 3911
21 26403 24623 3915
22 26393 24623 3915
22 26434 24618 3911
22 26525 24626 3912
21 26740 24630 3912
23 26993 24627 3913
21 27172 24638 3912
22 27191 24639 3915
22 27072 24644 3916
22 26869 24652 3915
21 26641 24648 3912
23 26499 24649 3916
22 26435 24655 3914
21 26414 24652 3913
23 26422 24660 3912
21 26455 24660 3910
22 26487 24660 3909
22 26519 24666 3914
22 26544 24668 3914
21 26577 24672 3911
23 26584 24672 3911
21 26565 24673 3916
22 26552 24674 3912
22 26499 24680 3913
22 26470 24678 3917
21 26440 24681 3911
23 26406 24685 3912
21 26398 24679 3913
22 26394 24687 3911
22 26409 24688 3911
22 26407 24691 3915
21 26421 24692 3904
23 26426 24695 3917
21 26458 24693 3915
22 26590 24697 3913
22 26797 24697 3914
22 27016 24694 3916
21 27101 24698 3911
23 27084 24699 3914
21 26937 24702 3911
22 26747 24703 3913
22 26582 24705 3910
22 26459 24700 3911
21 26410 24706 3911
23 26397 24704 3914
21 26432 24704 3911
22 26443 24703 3915
21 26479 24707 3918
23 26529 24705 3913
21 26556 24707 3912
22 26554 24710 3916
22 26541 24709 3912
22 26512 24712 3912
21 26501 24712 3913
23 26482 24710 3912
22 26450 24707 3914
21 26430 24712 3915
23 26418 24711 3913
21 26415 24714 3915
22 26429 24713 3915
22 26444 24711 3914
22 26469 24711 3913
21 26495 24720 3912
23 26514 24706 3910
21 26539 24707 3915
22 26657 24703 3911
22 26908 24698 3915
22 27170 24707 3912
21 27338 24702 3912
23 27351 24695 3912
21 27158 24696 3913
22 26911 24701 3918
22 26679 24698 3913
22 26528 24697 3912
21 26464 24695 3914
23 26468 24694 3915
21 26477 24691 3910
22 26484 24699 3912
22 26513 24689 3912
22 26535 24687 3912
21 26574 24687 3910
23 26596 24689 3913
21 26590 24685 3915
22 26580 24683 3911
22 26535 24687 3908
22 26506 24676 3915
21 26466 24683 3915
23 26442 24683 3908
21 26431 24674 3915
22 26447 24682 3913
22 26438 24676 3914
22 26441 24671 3912
21 26442 24673 3912
23 26438 24676 3917
21 26436 24663 3914
22 26426 24667 3904
23 26486 24665 3916
21 26660 24662 3915
22 26927 24662 3914
22 27178 24664 3917
22 27286 24661 3915
21 27227 24659 3913
23 27032 24655 3914
21 26805 24658 3910
22 26621 24652 3913
22 26526 24650 3913
22 26482 24653 3910
21 26474 24649 3916
23 26473 24647 3912
21 26504 24646 3917
22 26518 24646 3914
21 26539 24647 3913
23 26571 24639 3917
21 26592 24631 3912
22 26614 24639 3914
22 26594 24638 3910
22 26585 24638 3911
21 26534 24638 3916
23 26473 24635 3912
21 26433 24634 3912
22 26404 24636 3913
22 26417 24634 3915
22 26427 24633 3912
21 26458 24631 3911
23 26478 24631 3915
21 26478 24631 3913
22 26449 24625 3914
22 26412 24628 3911
22 26392 24631 3912
21 26539 24625 3913
23 26826 24617 3913
21 27115 24625 3914
22 27274 24623 3913
22 27235 24615 3912
22 27027 24619 3915
21 26763 24622 3917
23 26527 24622 3916
21 26358 24626 3915
22 26304 24622 3913
23 26295 24626 3914
21 26314 24622 3914
22 26358 24616 3910
22 26428 24620 3914
22 26505 24625 3914
21 26578 24622 3912
23 26629 24627 3913
21 26644 24624 3914
22 26607 24626 3911
22 26548 24631 3907
22 26483 24626 3914
21 26454 24629 3915
23 26435 24634 3910
21 26437 24628 3915
22 26425 24633 3911
22 26402 24634 3912
22 26436 24629 3915
21 26448 24632 3913
23 26452 24637 3914
21 26478 24633 3915
22 26624 24630 3912
22 26887 24631 3912
22 27131 24625 3911
21 27304 24627 3910
23 27276 24624 3917
21 27104 24626 3913
22 26849 24625 3913
22 26617 24626 3911
22 26450 24623 3909
21 26352 24621 3912
23 26319 24622 3916
21 26326 24623 3910
22 26380 24624 3915
22 26436 24618 3912
22 26500 24620 3911
21 26570 24619 3912
22 26607 24618 3913
22 26592 24618 3913
22 26572 24614 3911
21 26508 24615 3917
23 26442 24616 3911
21 26410 24615 3912
22 26368 24615 3914
23 26342 24620 3913
21 26365 24618 3913
22 26406 24615 3913
22 26432 24616 3911
22 26472 24614 3915
21 26512 24609 3916
23 26516 24616 3911
21 26514 24617 3914
22 26517 24609 3912
22 26629 24614 3915
22 26819 24612 3914
21 27091 24609 3919
23 27319 24604 3913
21 27373 24611 3911
22 27292 24605 3915
22 27095 24603 3914
22 26893 24608 3910
21 26705 24604 3914
23 26603 24602 3915
21 26551 24603 3913
22 26554 24602 3913
22 26561 24598 3913
22 26582 24602 3912
21 26595 24592 3912
23 26623 24599 3914
21 26631 24602 3913
22 26603 24601 3911
22 26591 24602 3908
22 26530 24601 3911
21 26491 24606 3912
23 26478 24607 3911
21 26459 24603 3915
22 26449 24603 3913
22 26424 24607 3908
22 26435 24604 3913
21 26428 24611 3913
23 26390 24611 3916
21 26396 24610 3913
22 26373 24611 3914
22 26373 24614 3913
22 26392 24617 3915
22 26530 24615 3907
22 26808 24621 3916
22 27066 24619 3913
21 27197 24621 3910
23 27091 24630 3912
21 26829 24627 3915
22 26437 24634 3915
22 26209 24640 3915
22 26283 24647 3912
21 26496 24647 3911
23 26552 24651 3917
21 26551 24653 3911
22 26489 24657 3914
22 26540 24661 3914
22 26494 24671 3912
21 26780 24666 3913
22 26826 24673 3915
22 26695 24665 3913
22 26538 24667 3908
21 26422 24675 3914
23 26407 24667 3917
21 26354 24677 3913
22 26320 24683 3911
22 26515 24683 3912
22 26694 24687 3913
21 26699 24694 3915
23 26623 24696 3915
21 26364 24695 3914
22 26252 24695 3914
22 26331 24699 3915
22 26550 24699 3911
21 26864 24701 3913
23 27105 24706 3910
21 27193 24711 3914
22 27271 24708 3911
22 26936 24708 3910
22 26600 24719 3915
21 26275 24731 3912
23 26049 24721 3915
21 26088 24732 3912
22 26302 24737 3913
23 26538 24740 3913
21 26688 24741 3913
22 26788 24745 3915
22 26812 24748 3914
22 26786 24755 3915
21 26736 24755 3918
23 26653 24758 3912
21 26590 24752 3912
22 26624 24759 3913
22 26494 24761 3913
22 26371 24767 3916
21 26283 24765 3910
23 26337 24765 3910
21 26600 24766 3913
22 26666 24772 3912
22 26587 24776 3907
22 26461 24767 3912
21 26355 24770 3912
23 26284 24765 3911
21 26218 24762 3915
22 26292 24760 3913
22 26446 24761 3915
22 26533 24755 3914
21 26691 24750 3910
23 26835 24752 3914
21 26881 24749 3911
22 26827 24749 3912
22 26734 24751 3910
22 26660 24751 3912
21 26618 24748 3913
23 26601 24753 3916
21 26566 24753 3910
22 26539 24752 3911
22 26517 24755 3912
22 26524 24762 3910
21 26550 24760 3912
23 26620 24762 3912
21 26656 24765 3912
22 26688 24768 3912
21 26681 24763 3911
23 26655 24763 3912
21 26595 24763 3912
22 26578 24768 3919
23 26543 24761 3913
21 26532 24765 3913
22 26535 24759 3912
22 26525 24760 3911
22 26509 24762 3914
21 26500 24761 3912
23 26490 24757 3913
21 26470 24751 3912
22 26482 24755 3911
22 26508 24758 3912
22 26679 24758 3910
21 26890 24751 3915
23 27092 24751 3915
21 27150 24754 3915
22 27064 24754 3914
22 26894 24750 3912
22 26713 24753 3914
21 26563 24748 3912
23 26497 24747 3914
21 26452 24750 3915
22 26464 24748 3911
22 26460 24751 3913
22 26470 24746 3912
21 26480 24744 3912
23 26514 24745 3914
21 26533 24742 3913
22 26544 24736 3911
22 26549 24738 3914
22 26528 24734 3912
21 26502 24732 3911
23 26473 24738 3912
21 26464 24732 3916
22 26443 24731 3913
22 26441 24728 3910
22 26429 24721 3915
21 26431 24725 3913
23 26436 24722 3909
21 26451 24719 3912
22 26433 24718 3909
22 26406 24718 3912
22 26433 24716 3913
21 26570 24717 3914
23 26771 24716 3910
22 26921 24716 3913
21 26963 24714 3912
23 26868 24719 3911
21 26685 24715 3913
22 26522 24713 3912
22 26373 24719 3913
22 26315 24715 3915
21 26313 24710 3912
23 26299 24713 3915
21 26320 24712 3911
22 26321 24711 3909
22 26345 24720 3911
22 26385 24713 3909
21 26396 24714 3912
23 26403 24718 3913
21 26407 24715 3910
22 26385 24718 3912
21 26364 24714 3911
23 26344 24715 3914
21 26345 24714 3911
22 26343 24714 3912
22 26345 24713 3913
22 26372 24712 3913
21 26384 24714 3912
23 26387 24711 3910
21 26420 24712 3914
22 26435 24711 3915
22 26450 24709 3909
22 26450 24709 3913
21 26529 24711 3912
23 26715 24713 3916
21 26922 24710 3911
22 27024 24714 3911
22 27040 24714 3912
22 26917 24709 3913
21 26779 24710 3912
23 26633 24706 3913
21 26542 24708 3912
22 26512 24709 3910
22 26493 24699 3913
22 26499 24710 3915
21 26496 24703 3911
23 26483 24709 3913
22 26480 24707 3916
21 26482 24706 3912
23 26511 24706 3914
21 26518 24705 3909
22 26544 24705 3916
22 26525 24701 3914
22 26497 24699 3911
21 26477 24701 3913
23 26459 24701 3913
21 26442 24696 3914
22 26429 24699 3912
22 26416 24695 3910
22 26416 24692 3915
21 26418 24692 3915
23 26439 24695 3908
21 26445 24688 3913
22 26441 24682 3914
22 26452 24690 3911
22 26562 24685 3914
21 26753 24686 3914
23 26957 24690 3916
21 27052 24688 3914
22 27022 24689 3913
22 26890 24683 3913
22 26709 24679 3911
21 26560 24678 3912
23 26482 24684 3910
21 26459 24682 3913
22 26469 24682 3913
22 26486 24679 3912
22 26487 24681 3910
21 26497 24679 3912
23 26518 24676 3909
21 26526 24675 3911
22 26517 24678 3913
22 26514 24674 3913
22 26518 24675 3909
21 26496 24675 3912
22 26449 24673 3914
22 26409 24672 3911
22 26387 24673 3909
22 26391 24673 3914
22 26404 24669 3915
22 26421 24667 3915
21 26432 24676 3914
23 26455 24667 3913
21 26432 24670 3914
22 26457 24667 3912
22 26454 24668 3913
22 26480 24664 3912
21 26535 24667 3915
23 26709 24670 3911
21 26945 24669 3912
22 27104 24668 3912
22 27159 24664 3914
22 27050 24666 3914
21 26872 24660 3913
23 26688 24658 3913
21 26566 24663 3915
22 26489 24657 3915
22 26471 24656 3910
22 26483 24660 3915
21 26484 24657 3912
23 26498 24659 3914
21 26525 24654 3913
22 26559 24658 3915
22 26587 24658 3916
22 26591 24653 3911
21 26582 24657 3913
23 26570 24652 3911
21 26539 24649 3913
22 26513 24653 3912
22 26474 24654 3913
22 26468 24648 3911
21 26466 24650 3914
23 26485 24652 3912
21 26487 24646 3912
22 26501 24647 3911
22 26474 24650 3908
22 26485 24643 3913
21 26540 24643 3912
23 26699 24647 3913
22 26925 24641 3916
21 27095 24647 3910
23 27115 24649 3912
21 26996 24644 3913
22 26795 24649 3910
22 26589 24647 3912
22 26444 24648 3915
21 26388 24648 3911
23 26370 24650 3911
21 26366 24648 3911
22 26381 24648 3911
22 26422 24652 3911
22 26455 24652 3911
21 26501 24652 3911
23 26547 24653 3913
21 26541 24651 3911
22 26542 24656 3912
22 26532 24657 3913
22 26490 24655 3910
21 26438 24659 3913
22 26426 24655 3914
22 26409 24655 3914
22 26417 24650 3913
21 26400 24656 3916
23 26425 24657 3911
21 26427 24649 3906
22 26427 24656 3911
22 26461 24651 3912
22 26583 24651 3910
21 26844 24653 3912
23 27113 24648 3911
21 27273 24654 3913
22 27270 24646 3915
22 27104 24654 3913
22 26862 24650 3915
21 26646 24650 3914
23 26490 24649 3911
21 26440 24653 3915
22 26449 24654 3913
22 26476 24650 3910
22 26504 24657 3913
21 26508 24660 3913
23 26522 24650 3912
22 26534 24657 3914
21 26546 24658 3912
23 26557 24663 3911
21 26541 24667 3910
22 26518 24665 3912
22 26501 24670 3915
22 26468 24676 3913
21 26435 24677 3909
23 26450 24683 3909
21 26436 24682 3913
22 26444 24685 3910
22 26467 24694 3909
22 26461 24696 3913
21 26466 24698 3915
23 26564 24705 3907
21 26800 24703 3910
22 27104 24711 3912
22 27313 24721 3911
22 27334 24723 3911
21 27175 24727 3912
23 26918 24734 3913
21 26686 24739 3910
22 26509 24745 3910
22 26445 24748 3911
22 26418 24758 3915
21 26444 24759 3910
23 26460 24768 3916
21 26479 24771 3912
22 26487 24777 3910
22 26500 24783 3911
22 26539 24792 3914
21 26556 24793 3909
23 26575 24799 3911
21 26541 24805 3910
22 26489 24809 3911
22 26438 24821 3913
22 26413 24820 3912
21 26387 24829 3911
23 26373 24834 3913
21 26367 24835 3909
22 26382 24840 3910
21 26384 24848 3913
23 26416 24852 3914
22 26465 24848 3909
21 26650 24861 3913
23 26902 24863 3913
21 27123 24868 3912
22 27181 24876 3914
22 27092 24876 3911
22 26894 24882 3913
21 26683 24883 3914
23 26515 24881 3911
21 26414 24891 3911
22 26398 24893 3909
22 26396 24900 3911
22 26403 24903 3911
21 26427 24903 3910
23 26411 24913 3915
21 26440 24914 3912
22 26422 24914 3911
22 26459 24911 3916
22 26459 24923 3912
21 26469 24929 3914
23 26486 24919 3915
21 26458 24931 3912
22 26452 24932 3911
22 26434 24941 3913
22 26433 24939 3913
21 26414 24938 3913
23 26398 24940 3912
21 26418 24942 3912
22 26408 24948 3910
22 26410 24947 3914
22 26500 24949 3916
21 26639 24952 3912
23 26856 24949 3912
21 26995 24950 3909
22 27029 24950 3909
22 26966 24952 3908
22 26787 24952 3914
21 26636 24957 3906
23 26528 24957 3908
21 26489 24953 3911
22 26476 24956 3911
23 26463 24957 3913
21 26454 24951 3912
22 26446 24955 3911
22 26458 24957 3909
22 26477 24958 3911
21 26491 24951 3905
23 26530 24955 3914
21 26532 24958 3912
22 26502 24952 3910
22 26474 24956 3912
22 26461 24956 3914
21 26423 24952 3911
23 26425 24953 3911
21 26432 24951 3909
22 26420 24951 3913
22 26411 24950 3912
22 26403 24945 3912
21 26412 24940 3911
23 26441 24945 3914
21 26527 24943 3911
22 26711 24945 3912
21 26860 24941 3912
23 26944 24942 3912
21 26936 24937 3909
22 26824 24934 3910
22 26672 24934 3914
22 26547 24933 3912
21 26468 24929 3912
23 26449 24927 3912
21 26457 24930 3914
22 26451 24926 3912
22 26458 24922 3912
22 26458 24924 3912
21 26466 24922 3916
23 26476 24923 3914
21 26478 24918 3912
22 26485 24918 3913
22 26490 24911 3911
22 26486 24912 3912
21 26495 24905 3914
23 26480 24903 3913
21 26465 24904 3912
22 26455 24898 3911
23 26452 24894 3913
21 26461 24899 3913
22 26459 24891 3912
22 26441 24899 3915
22 26455 24893 3912
21 26528 24890 3914
23 26655 24888 3912
21 26780 24892 3913
22 26824 24887 3911
22 26811 24881 3915
22 26724 24879 3911
21 26644 24876 3910
23 26531 24877 3914
21 26482 24874 3914
22 26448 24872 3909
22 26430 24872 3911
22 26449 24870 3914
21 26441 24871 3914
23 26473 24873 3908
21 26496 24869 3914
22 26525 24873 3911
22 26550 24874 3912
22 26563 24874 3913
21 26542 24880 3913
23 26533 24884 3915
21 26511 24887 3912
22 26486 24887 3911
22 26489 24890 3914
22 26489 24891 3914
21 26491 24896 3911
23 26485 24900 3912
21 26484 24904 3914
22 26503 24900 3912
22 26560 24910 3913
22 26631 24905 3910
21 26719 24912 3913
23 26797 24912 3910
21 26779 24910 3911
22 26744 24914 3908
22 26642 24915 3913
22 26583 24917 3911
22 26538 24911 3910
21 26485 24912 3910
23 26468 24913 3914
21 26454 24909 3909
22 26462 24911 3912
22 26493 24908 3915
22 26555 24915 3912
21 26558 24909 3912
23 26583 24909 3913
21 26559 24910 3912
22 26531 24908 3912
22 26510 24910 3914
22 26481 24907 3914
21 26481 24905 3914
23 26475 24908 3912
21 26482 24908 3912
22 26465 24908 3913
22 26484 24911 3913
22 26474 24905 3912
21 26478 24912 3912
23 26532 24902 3911
21 26620 24907 3910
22 26693 24905 3912
22 26718 24904 3914
22 26692 24905 3914
21 26629 24901 3912
23 26546 24902 3913
21 26502 24905 3913
22 26459 24900 3912
22 26454 24899 3913
22 26437 24902 3911
21 26450 24895 3912
23 26471 24902 3915
21 26472 24898 3912
22 26485 24894 3911
22 26516 24897 3911
22 26511 24895 3912
21 26513 24889 3910
23 26483 24895 3912
21 26461 24885 3913
22 26452 24888 3908
23 26463 24887 3907
21 26446 24883 3911
22 26455 24888 3912
22 26457 24880 3910
22 26459 24880 3912
21 26472 24882 3911
23 26484 24882 3914
21 26539 24881 3911
22 26644 24880 3911
22 26718 24877 3910
22 26742 24877 3915
21 26718 24874 3913
23 26647 24875 3916
21 26582 24876 3913
22 26534 24871 3911
22 26503 24872 3915
22 26507 24869 3910
21 26498 24873 3912
23 26494 24871 3908
21 26493 24868 3910
22 26480 24874 3910
22 26504 24869 3914
22 26513 24877 3910
21 26482 24873 3911
22 26499 24871 3913
22 26495 24875 3912
22 26480 24872 3909
21 26494 24876 3912
23 26477 24882 3915
21 26470 24882 3911
22 26470 24882 3914
22 26486 24884 3912
22 26495 24884 3912
21 26483 24891 3913
23 26481 24889 3911
21 26560 24894 3914
22 26635 24898 3913
22 26700 24896 3911
22 26726 24905 3913
21 26709 24902 3912
23 26644 24906 3911
21 26573 24912 3914
22 26521 24912 3911
23 26499 24910 3912
21 26509 24917 3908
22 26520 24919 3913
22 26515 24915 3912
22 26534 24927 3910
21 26521 24927 3912
23 26503 24934 3911
21 26523 24936 3912
22 26539 24942 3912
22 26564 24946 3910
22 26544 24946 3912
21 26510 24942 3911
23 26506 24950 3913
21 26481 24953 3913
22 26508 24956 3909
22 26564 24960 3914
22 26482 24966 3912
21 26423 24966 3910
23 26406 24970 3910
21 26418 24968 3912
22 26451 24973 3913
22 26508 24972 3905
22 26598 24971 3912
21 26632 24978 3912
23 26638 24981 3912
21 26608 24979 3913
22 26551 24982 3909
22 26521 24984 3911
22 26512 24986 3911
21 26520 24988 3909
23 26532 24990 3911
21 26535 24984 3911
22 26520 24990 3910
22 26540 24990 3911
22 26527 24986 3909
21 26543 24992 3911
23 26530 24988 3910
21 26536 24991 3908
22 26514 24986 3910
22 26503 24988 3909
22 26507 24986 3909
21 26682 24989 3910
23 26761 24986 3913
22 26717 24990 3908
21 26627 24991 3911
22 26527 24983 3911
22 26442 24983 3915
22 26402 24979 3904
21 26385 24975 3913
23 26387 24976 3912
21 26461 24974 3911
22 26513 24970 3910
22 26545 24968 3909
22 26551 24969 3911
21 26517 24964 3913
23 26510 24961 3911
21 26520 24962 3912
22 26524 24957 3912
22 26528 24960 3910
22 26541 24958 3915
21 26571 24958 3913
23 26565 24960 3911
21 26560 24958 3913
22 26538 24957 3910
22 26532 24949 3910
22 26542 24947 3914
21 26537 24959 3909
23 26537 24947 3913
21 26528 24953 3912
22 26528 24953 3912
22 26535 24953 3914
22 26520 24955 3915
21 26523 24948 3911
23 26543 24953 3910
21 26521 24949 3913
22 26526 24948 3911
22 26546 24946 3910
22 26580 24942 3913
21 26612 24942 3913
23 26637 24942 3913
21 26625 24941 3912
22 26593 24939 3910
22 26554 24938 3910
22 26537 24935 3911
21 26511 24933 3914
23 26533 24932 3910
22 26527 24925 3910
21 26525 24927 3911
23 26543 24924 3910
21 26554 24924 3915
22 26549 24921 3912
22 26556 24926 3911
22 26546 24921 3913
21 26546 24914 3909
23 26547 24915 3911
21 26556 24916 3910
22 26558 24911 3911
22 26532 24909 3912
22 26529 24907 3915
21 26523 24909 3912
23 26541 24906 3913
21 26538 24904 3911
22 26542 24904 3911
22 26523 24904 3913
22 26547 24898 3909
21 26594 24898 3915
23 26620 24898 3912
21 26611 24893 3911
22 26593 24891 3913
21 26545 24896 3914
23 26527 24890 3911
21 26533 24889 3909
22 26542 24888 3913
22 26542 24887 3914
22 26548 24888 3913
21 26538 24884 3911
23 26552 24884 3911
21 26561 24883 3911
22 26569 24882 3913
22 26561 24879 3912
22 26583 24883 3910
21 26566 24875 3912
23 26542 24877 3912
21 26561 24878 3916
22 26546 24872 3916
22 26546 24871 3912
22 26544 24873 3913
22 26539 24871 3912
22 26535 24862 3911
22 26535 24867 3913
21 26554 24870 3911
23 26554 24861 3909
21 26560 24865 3910
22 26610 24863 3911
22 26631 24862 3911
22 26621 24863 3914
21 26601 24861 3911
23 26563 24862 3911
21 26525 24862 3909
22 26540 24858 3915
22 26525 24859 3913
22 26538 24853 3911
21 26546 24855 3910
23 26555 24856 3910
21 26572 24854 3915
22 26575 24848 3908
22 26567 24849 3906
22 26569 24841 3910
21 26569 24845 3912
23 26563 24843 3904
21 26571 24836 3912
22 26562 24839 3911
22 26580 24840 3908
22 26591 24834 3911
21 26605 24837 3911
23 26598 24838 3909
21 26592 24830 3915
22 26581 24832 3913
22 26565 24834 3913
22 26577 24835 3912
21 26613 24829 3911
23 26653 24832 3913
21 26669 24824 3913
22 26674 24826 3912
22 26641 24838 3909
22 26612 24830 3910
21 26572 24826 3913
23 26561 24827 3911
22 26532 24821 3908
21 26520 24823 3910
23 26512 24823 3911
21 26511 24823 3910
22 26499 24827 3912
21 26515 24824 3914
23 26547 24821 3913
21 26566 24820 3916
22 26618 24820 3912
22 26621 24822 3913
22 26625 24818 3911
21 26618 24817 3911
23 26614 24817 3913
21 26608 24817 3911
22 26598 24814 3912
22 26571 24812 3914
22 26575 24815 3913
21 26607 24809 3908
23 26644 24812 3909
21 26679 24812 3911
22 26687 24807 3910
22 26705 24806 3911
22 26656 24805 3912
21 26630 24801 3912
23 26586 24796 3911
21 26545 24802 3914
22 26523 24800 3910
22 26512 24793 3910
22 26525 24798 3912
21 26554 24805 3914
23 26589 24804 3912
21 26587 24808 3914
22 26581 24803 3912
22 26587 24803 3914
22 26590 24802 3913
21 26577 24798 3911
23 26580 24804 3913
21 26582 24801 3912
22 26570 24802 3911
22 26590 24803 3911
22 26573 24803 3912
21 26569 24801 3909
23 26576 24796 3909
22 26607 24794 3911
21 26589 24799 3914
23 26601 24800 3909
21 26642 24795 3912
22 26657 24797 3909
22 26669 24797 3912
22 26632 24796 3910
21 26592 24802 3911
23 26530 24804 3915
21 26507 24801 3910
22 26497 24805 3912
22 26517 24805 3910
22 26519 24805 3912
21 26525 24804 3912
23 26534 24806 3916
21 26558 24803 3909
22 26583 24808 3911
22 26582 24808 3914
22 26576 24805 3910
21 26562 24809 3912
23 26564 24809 3913
21 26558 24807 3911
22 26549 24807 3910
22 26554 24813 3911
22 26537 24802 3910
21 26533 24810 3909
22 26521 24810 3914
22 26503 24812 3911
22 26499 24810 3912
21 26483 24817 3912
23 26497 24812 3913
21 26486 24818 3909
22 26489 24815 3912
22 26494 24812 3913
22 26512 24819 3909
21 26567 24820 3912
23 26634 24816 3911
21 26654 24818 3908
22 26648 24818 3911
22 26574 24820 3910
22 26546 24817 3913
21 26533 24816 3912
23 26524 24814 3912
22 26526 24815 3916
21 26527 24813 3911
23 26539 24811 3912
21 26559 24814 3911
22 26579 24813 3912
22 26574 24804 3913
22 26581 24816 3910
21 26595 24814 3910
23 26584 24817 3911
21 26567 24813 3911
22 26565 24816 3912
22 26567 24817 3912
22 26558 24815 3914
21 26563 24815 3909
23 26576 24823 3909
21 26584 24820 3914
22 26579 24818 3914
22 26566 24817 3912
22 26566 24822 3912
21 26576 24824 3909
23 26576 24823 3908
21 26574 24821 3910
22 26580 24825 3907
22 26632 24826 3908
22 26686 24822 3910
21 26711 24829 3910
23 26685 24830 3910
21 26658 24830 3912
22 26604 24835 3912
22 26513 24838 3909
22 26473 24838 3911
21 26433 24843 3911
23 26418 24841 3911
21 26425 24842 3913
22 26479 24847 3909
22 26538 24847 3913
22 26587 24851 3912
21 26617 24844 3910
23 26644 24847 3913
21 26672 24848 3911
22 26689 24843 3909
23 26762 24845 3915
21 26815 24844 3909
22 26814 24849 3911
22 26745 24847 3910
22 26656 24848 3909
21 26579 24854 3913
22 26465 24857 3910
22 26365 24855 3914
22 26273 24859 3908
21 26219 24864 3911
23 26255 24862 3912
21 26422 24872 3910
22 26612 24864 3911
22 26755 24864 3911
22 26840 24868 3912
21 26874 24868 3913
23 26773 24866 3913
21 26688 24862 3909
22 26604 24858 3911
22 26576 24861 3910
22 26695 24863 3910
21 26761 24858 3912
23 26761 24855 3911
21 26718 24857 3912
22 26621 24858 3911
22 26507 24853 3909
22 26351 24861 3913
21 26182 24861 3910
23 26161 24858 3910
21 26251 24870 3911
22 26495 24866 3910
22 26654 24868 3914
22 26679 24865 3910
21 26673 24860 3911
23 26632 24859 3912
21 26567 24857 3914
22 26697 24850 3910
22 26980 24850 3913
22 27018 24845 3910
21 26955 24846 3912
23 26875 24850 3909
21 26750 24853 3913
22 26635 24853 3908
23 26505 24856 3909
21 26676 24860 3911
22 26839 24863 3909
22 26762 24866 3911
22 26486 24864 3911
21 26122 24868 3912
23 26011 24867 3908
21 26104 24857 3912
22 26242 24856 3911
22 26429 24851 3910
22 26587 24846 3910
21 26695 24835 3911
23 26740 24826 3911
21 26734 24820 3910
22 26707 24808 3910
22 26653 24806 3911
22 26602 24792 3912
21 26658 24782 3912
23 26662 24777 3911
21 26595 24768 3914
22 27061 24762 3911
22 27266 24760 3911
22 27259 24756 3911
21 27122 24752 3910
23 26900 24751 3913
21 26705 24747 3909
22 26564 24750 3912
21 26443 24756 3915
23 26354 24756 3913
21 26331 24759 3912
22 26336 24760 3911
22 26362 24765 3913
22 26419 24762 3910
21 26442 24764 3912
23 26422 24765 3911
21 26312 24763 3913
22 26145 24769 3911
22 26161 24763 3910
22 26320 24765 3909
21 26488 24764 3910
23 26659 24762 3912
22 26763 24760 3912
21 26794 24750 3911
23 26769 24752 3914
21 26691 24750 3912
22 26634 24750 3910
22 26669 24737 3911
22 26974 24735 3910
21 26979 24734 3912
23 26783 24727 3909
21 26440 24732 3909
22 26130 24729 3911
22 26076 24730 3910
22 26236 24730 3911
21 26506 24729 3910
23 26746 24729 3912
21 26888 24724 3911
22 26886 24723 3910
22 26808 24725 3908
22 26714 24719 3913
21 26619 24712 3913
23 26715 24714 3913
21 27142 24716 3912
22 27164 24709 3905
22 26993 24708 3909
22 26752 24706 3910
21 26530 24707 3908
23 26365 24714 3909
21 26249 24705 3910
22 26204 24713 3912
22 26220 24714 3911
22 26281 24709 3912
21 26349 24715 3909
23 26426 24716 3912
21 26462 24715 3910
22 26500 24719 3907
22 26530 24716 3910
22 26540 24714 3911
21 26545 24716 3912
23 26572 24712 3910
21 26646 24711 3912
22 26765 24707 3909
23 26843 24707 3914
21 26875 24703 3908
22 26818 24701 3911
22 26739 24703 3911
22 26663 24700 3911
21 26588 24701 3912
23 26503 24702 3912
21 26470 24702 3909
22 26454 24704 3911
21 26509 24697 3913
23 26543 24698 3912
21 26609 24692 3905
22 26657 24697 3914
22 26687 24695 3912
22 26701 24697 3910
21 26697 24696 3912
23 26644 24693 3914
21 26641 24694 3910
22 26620 24695 3910
22 26619 24694 3913
22 26591 24696 3909
21 26520 24690 3910
23 26572 24692 3912
21 26654 24692 3910
22 26731 24688 3911
22 26848 24689 3910
22 26932 24685 3913
21 26998 24687 3912
23 27007 24675 3910
21 26964 24678 3911
22 26889 24675 3912
22 26809 24659 3911
22 26753 24660 3912
21 26726 24656 3916
23 26613 24652 3912
21 26504 24652 3910
22 26441 24647 3913
22 26467 24647 3910
22 26851 24645 3911
21 26947 24641 3909
23 26906 24642 3910
21 26678 24644 3913
22 26388 24644 3909
23 26217 24645 3909
21 26316 24649 3914
22 26519 24648 3911
22 26686 24651 3908
22 26784 24645 3911
21 26831 24646 3907
23 26783 24639 3907
21 26771 24635 3908
22 26769 24629 3912
22 26868 24628 3911
22 26932 24615 3910
21 27013 24612 3911
23 26993 24605 3911
21 26916 24599 3913
22 26875 24597 3911
22 26897 24595 3913
22 26658 24592 3911
21 26454 24591 3911
23 26305 24590 3914
21 26323 24592 3913
22 26458 24597 3910
22 26582 24595 3913
22 26728 24597 3908
21 26829 24600 3911
23 26857 24601 3915
21 26833 24601 3910
22 26778 24600 3912
22 26702 24605 3910
22 26617 24599 3908
21 26556 24604 3910
22 26520 24598 3910
22 26469 24599 3910
22 26470 24590 3911
21 26491 24598 3912
23 26530 24591 3911
21 26715 24596 3912
22 26886 24598 3912
22 27308 24594 3910
22 27417 24594 3912
21 27156 24599 3915
23 26706 24598 3912
21 26362 24600 3910
22 26287 24594 3913
23 26361 24602 3914
21 26479 24601 3911
22 26597 24600 3911
22 26684 24599 3905
22 26726 24597 3912
21 26712 24593 3915
23 26704 24583 3908
21 26725 24591 3911
22 27114 24588 3911
22 27123 24578 3909
22 26873 24589 3909
21 26553 24585 3915
23 26297 24592 3910
21 26249 24590 3910
22 26389 24594 3913
22 26583 24591 3913
22 26735 24597 3913
21 26863 24597 3910
23 27020 24597 3910
21 27187 24599 3912
22 27321 24599 3912
22 27320 24599 3913
22 27227 24603 3912
21 27204 24599 3909
23 26765 24600 3909
21 26411 24598 3913
22 26210 24609 3914
22 26191 24609 3908
22 26342 24609 3915
21 26557 24613 3910
23 26757 24615 3911
21 26871 24612 3913
22 26907 24618 3911
22 26841 24621 3911
22 26772 24628 3911
21 26883 24619 3911
23 26703 24631 3909
21 26440 24627 3913
22 26176 24637 3910
22 26023 24642 3909
22 26114 24646 3914
21 26242 24651 3908
23 26368 24656 3911
22 26581 24658 3909
21 26867 24662 3910
23 27156 24670 3913
21 27519 24675 3910
22 27250 24678 3910
22 27249 24689 3910
22 26807 24688 3910
21 26329 24700 3908
22 25999 24704 3917
22 25935 24710 3913
22 26129 24718 3905
21 26462 24717 3909
23 26765 24727 3914
21 27001 24732 3911
22 27052 24729 3914
22 27002 24732 3913
22 26900 24736 3913
21 26691 24737 3914
23 26732 24737 3911
21 26574 24738 3912
22 26265 24741 3908
22 26071 24740 3910
22 25963 24736 3913
21 26125 24744 3911
23 26402 24747 3913
21 26648 24751 3908
22 26813 24750 3911
22 26981 24747 3909
22 27158 24752 3911
21 27249 24749 3910
23 27313 24745 3908
21 27107 24745 3911
22 26631 24747 3912
22 26277 24747 3912
22 26053 24748 3910
21 25980 24744 3913
23 26163 24745 3911
21 26405 24745 3911
22 26658 24737 3910
22 26791 24738 3911
22 26841 24736 3910
22 26834 24733 3908
22 26832 24731 3913
22 26774 24725 3915
21 26475 24721 3909
23 26401 24716 3909
21 26128 24707 3914
22 25929 24711 3910
22 25932 24709 3907
22 26113 24707 3911
21 26365 24710 3911
23 26577 24716 3909
21 26711 24715 3912
22 26840 24712 3912
22 27012 24716 3909
22 27118 24715 3912
21 27205 24716 3909
23 27179 24718 3914
21 26784 24722 3915
22 26378 24722 3910
22 26037 24728 3912
22 25966 24731 3912
21 26072 24733 3910
23 26348 24741 3912
21 26577 24745 3909
22 26755 24743 3911
22 26822 24745 3911
22 26806 24749 3911
21 26753 24749 3912
23 26833 24750 3910
21 26529 24748 3913
22 26150 24757 3910
21 25788 24754 3914
23 25524 24754 3910
21 25519 24762 3913
22 25811 24764 3911
22 26210 24764 3911
22 26585 24771 3912
21 26781 24765 3913
23 26866 24769 3913
21 26893 24767 3910
22 26846 24766 3910
23 26837 24766 3911
21 26986 24771 3911
22 26880 24766 3908
22 26653 24765 3909
22 26406 24765 3912
21 26227 24760 3909
23 26101 24769 3912
21 26044 24768 3913
22 26053 24766 3909
22 26097 24763 3911
22 26190 24773 3910
21 26287 24775 3912
23 26369 24762 3913
21 26449 24771 3912
22 26482 24771 3912
22 26505 24772 3912
22 26473 24775 3911
21 26432 24771 3911
23 26445 24772 3908
21 26405 24771 3908
22 26419 24769 3913
22 26385 24768 3909
22 26364 24773 3911
21 26357 24769 3909
23 26394 24770 3909
21 26447 24767 3912
22 26525 24767 3909
22 26632 24763 3907
22 26710 24759 3907
21 26721 24765 3911
23 26681 24762 3905
21 26618 24761 3909
22 26554 24766 3911
22 26502 24766 3913
22 26493 24760 3913
21 26489 24765 3911
23 26489 24769 3911
21 26498 24768 3909
22 26514 24770 3902
22 26527 24766 3913
22 26524 24760 3911
21 26514 24770 3911
23 26504 24769 3913
22 26507 24765 3911
21 26528 24765 3911
23 26545 24768 3913
21 26525 24764 3907
22 26522 24764 3910
22 26520 24768 3912
22 26497 24766 3912
21 26464 24764 3911
23 26470 24763 3911
21 26542 24760 3908
22 26660 24760 3912
21 26749 24762 3911
23 26788 24751 3910
21 26753 24754 3907
22 26693 24752 3912
22 26626 24751 3911
22 26563 24747 3913
21 26502 24746 3913
23 26493 24746 3914
21 26452 24745 3910
22 26457 24746 3912
22 26488 24737 3912
22 26507 24736 3913
21 26550 24735 3913
23 26564 24737 3907
21 26546 24736 3913
22 26540 24730 3911
22 26506 24733 3911
22 26500 24735 3912
21 26507 24729 3911
23 26535 24727 3908
21 26546 24732 3911
22 26565 24731 3910
22 26550 24722 3909
22 26560 24732 3909
21 26606 24729 3909
23 26687 24731 3910
21 26781 24732 3911
22 26836 24727 3910
22 26824 24731 3910
22 26785 24726 3910
21 26713 24727 3911
23 26657 24731 3911
22 26602 24728 3915
21 26559 24727 3909
23 26521 24723 3910
21 26511 24726 3911
22 26523 24726 3907
22 26542 24730 3905
22 26580 24719 3910
21 26586 24725 3911
23 26608 24721 3907
21 26576 24719 3911
22 26555 24721 3910
22 26548 24717 3916
22 26529 24717 3911
21 26539 24720 3910
23 26546 24720 3910
21 26547 24723 3913
22 26540 24718 3907
22 26537 24723 3910
22 26547 24718 3912
21 26620 24718 3912
23 26729 24720 3911
21 26829 24714 3910
22 26877 24717 3911
22 26876 24719 3912
22 26846 24719 3909
21 26786 24715 3909
23 26722 24717 3908
21 26642 24716 3907
22 26612 24718 3912
22 26561 24714 3910
22 26537 24716 3909
21 26545 24718 3911
22 26565 24719 3913
22 26583 24714 3910
22 26577 24720 3906
21 26554 24716 3910
23 26517 24713 3912
21 26495 24719 3909
22 26481 24714 3911
22 26472 24712 3910
22 26490 24717 3909
21 26454 24716 3911
23 26441 24713 3913
22 26443 24705 3910
21 26470 24710 3911
23 26485 24705 3911
21 26545 24710 3910
22 26652 24712 3910
22 26823 24698 3911
22 26956 24706 3911
21 27004 24703 3908
23 26954 24696 3910
21 26847 24702 3908
22 26740 24698 3912
22 26626 24698 3910
22 26558 24705 3913
21 26505 24702 3910
23 26500 24705 3907
21 26516 24704 3909
22 26524 24702 3910
22 26572 24703 3912
22 26600 24701 3912
21 26649 24701 3909
23 26627 24703 3912
21 26615 24702 3909
22 26574 24701 3910
22 26546 24704 3913
22 26508 24705 3912
21 26494 24702 3902
23 26501 24705 3905
21 26508 24703 3909
22 26528 24706 3910
22 26538 24707 3906
22 26620 24703 3912
21 26778 24707 3909
23 26937 24712 3908
21 26984 24704 3909
22 26947 24710 3907
22 26826 24712 3906
22 26695 24713 3912
21 26574 24707 3909
23 26500 24712 3907
21 26462 24711 3912
22 26434 24707 3912
23 26447 24710 3908
21 26471 24708 3909
22 26519 24712 3910
22 26558 24714 3907
22 26563 24712 3907
21 26575 24711 3908
23 26558 24713 3908
21 26515 24712 3910
22 26475 24706 3914
22 26456 24712 3910
22 26436 24709 3908
21 26434 24711 3911
22 26431 24713 3909
22 26425 24709 3910
22 26446 24710 3912
21 26477 24712 3909
23 26621 24707 3912
21 26778 24711 3909
22 26880 24710 3909
22 26919 24704 3910
22 26864 24708 3911
21 26757 24706 3909
23 26649 24699 3911
21 26540 24703 3910
22 26476 24702 3911
22 26435 24704 3912
22 26447 24704 3912
21 26486 24699 3912
23 26532 24703 3910
21 26572 24704 3913
22 26603 24699 3911
22 26621 24698 3909
22 26605 24701 3908
21 26557 24694 3909
23 26528 24698 3912
21 26491 24697 3911
22 26482 24699 3912
22 26476 24698 3912
22 26476 24697 3911
21 26476 24700 3913
23 26467 24699 3910
22 26453 24700 3912
21 26510 24685 3911
23 26624 24695 3910
21 26798 24700 3910
22 26913 24695 3911
22 26948 24694 3907
22 26903 24699 3912
21 26803 24695 3910
23 26686 24698 3909
21 26588 24694 3911
22 26549 24694 3910
22 26524 24694 3905
22 26492 24695 3912
21 26486 24699 3908
23 26489 24701 3910
21 26507 24697 3913
22 26540 24705 3908
22 26552 24706 3910
22 26561 24711 3911
21 26527 24713 3910
23 26487 24714 3911
21 26462 24717 3910
22 26450 24714 3910
22 26432 24719 3909
22 26445 24720 3910
21 26464 24723 3909
23 26482 24728 3908
21 26503 24731 3908
22 26531 24733 3911
22 26535 24741 3911
22 26637 24740 3909
21 26814 24745 3908
23 26951 24747 3910
21 27005 24748 3908
22 26954 24753 3912
21 26829 24752 3912
23 26685 24756 3915
21 26575 24758 3911
22 26496 24767 3910
22 26444 24766 3911
22 26411 24771 3912
21 26433 24771 3908
23 26451 24771 3911
22 26502 24777 3911
21 26542 24784 3912
23 26584 24778 3909
21 26580 24782 3909
22 26593 24781 3909
22 26576 24785 3909
22 26543 24788 3910
21 26521 24786 3911
23 26489 24791 3913
21 26477 24793 3913
22 26461 24791 3912
22 26459 24789 3907
22 26448 24800 3910
21 26460 24798 3910
23 26467 24796 3907
21 26488 24803 3911
22 26582 24804 3909
22 26741 24807 3911
22 26891 24806 3909
21 26973 24810 3912
23 26924 24811 3909
21 26810 24811 3909
22 26624 24812 3909
22 26502 24814 3909
22 26435 24813 3912
21 26395 24816 3914
23 26400 24817 3911
21 26434 24819 3913
22 26480 24818 3908
22 26532 24820 3904
22 26575 24816 3914
21 26599 24819 3917
23 26578 24821 3904
21 26551 24815 3908
22 26524 24823 3910
22 26498 24822 3907
22 26480 24816 3912
21 26473 24818 3909
23 26496 24823 3915
21 26510 24825 3911
22 26514 24824 3912
23 26511 24822 3910
21 26503 24822 3908
22 26496 24824 3910
22 26533 24819 3914
22 26595 24822 3908
21 26743 24816 3907
23 26919 24823 3911
21 26995 24821 3906
22 26967 24817 3910
22 26864 24816 3912
22 26718 24814 3908
21 26577 24816 3912
23 26487 24815 3911
21 26445 24817 3909
22 26444 24809 3910
21 26450 24814 3913
23 26481 24807 3913
21 26532 24811 3907
22 26590 24811 3914
22 26616 24810 3910
22 26584 24811 3912
21 26570 24806 3912
23 26527 24805 3910
21 26493 24803 3910
22 26477 24804 3912
22 26477 24797 3912
22 26445 24803 3912
21 26458 24795 3909
23 26465 24793 3912
21 26472 24801 3906
22 26494 24791 3910
22 26476 24793 3909
22 26503 24794 3913
21 26605 24798 3909
23 26759 24787 3910
21 26919 24787 3911
22 27003 24787 3910
22 26963 24780 3913
22 26850 24788 3910
21 26716 24786 3910
23 26602 24787 3910
21 26505 24783 3909
22 26466 24785 3911
23 26427 24784 3909
21 26448 24783 3912
22 26472 24779 3910
22 26516 24780 3911
22 26574 24783 3910
21 26600 24778 3913
23 26588 24778 3912
21 26563 24777 3911
22 26529 24776 3908
22 26469 24775 3907
22 26455 24772 3910
21 26430 24774 3911
23 26444 24777 3905
21 26453 24766 3912
22 26471 24768 3911
22 26477 24771 3908
22 26491 24765 3912
21 26474 24770 3912
23 26474 24769 3915
21 26484 24766 3912
22 26621 24762 3912
22 26813 24763 3910
22 26955 24764 3911
21 27016 24761 3907
23 26961 24765 3907
21 26854 24764 3909
22 26738 24761 3909
22 26626 24763 3908
22 26545 24760 3909
21 26483 24759 3909
23 26475 24763 3909
21 26471 24764 3907
22 26502 24759 3908
22 26528 24760 3913
22 26576 24761 3907
21 26598 24757 3910
22 26606 24758 3911
22 26580 24756 3912
22 26546 24761 3904
21 26544 24755 3909
23 26511 24759 3911
21 26505 24755 3911
22 26479 24758 3908
23 26485 24758 3908
21 26467 24752 3910
22 26453 24754 3911
22 26486 24756 3911
22 26471 24753 3911
21 26481 24746 3915
23 26533 24752 3909
21 26640 24751 3909
22 26801 24750 3911
22 26930 24750 3908
22 26994 24750 3909
21 26973 24744 3911
23 26885 24738 3908
21 26758 24748 3908
22 26652 24737 3909
22 26566 24740 3913
22 26511 24747 3912
21 26473 24745 3910
23 26497 24744 3909
21 26518 24743 3912
22 26570 24743 3914
22 26609 24743 3907
22 26620 24745 3909
21 26602 24739 3913
23 26579 24741 3910
21 26546 24739 3911
22 26494 24739 3908
22 26439 24740 3909
22 26420 24738 3911
21 26421 24738 3912
23 26438 24744 3903
21 26428 24735 3909
22 26435 24738 3907
22 26433 24737 3906
22 26448 24733 3912
21 26448 24736 3909
23 26484 24739 3912
21 26551 24734 3912
22 26695 24735 3910
22 26851 24741 3910
22 26964 24739 3913
22 26983 24730 3911
22 26903 24740 3910
22 26779 24740 3910
21 26651 24737 3910
23 26531 24741 3910
21 26465 24743 3912
22 26444 24734 3909
22 26444 24740 3909
22 26479 24739 3909
21 26530 24733 3907
23 26574 24737 3910
21 26605 24735 3908
22 26613 24737 3911
22 26589 24740 3911
22 26542 24735 3908
21 26485 24735 3911
22 26458 24734 3911
22 26438 24737 3911
22 26448 24733 3908
21 26460 24731 3916
23 26475 24736 3911
21 26489 24731 3910
22 26478 24735 3910
22 26488 24734 3911
22 26503 24731 3909
21 26520 24735 3911
23 26639 24731 3913
21 26780 24733 3912
22 26909 24728 3913
22 27002 24728 3914
22 26962 24733 3910
21 26869 24728 3911
23 26721 24727 3914
21 26610 24734 3912
22 26511 24724 3909
22 26471 24726 3913
22 26457 24731 3910
21 26457 24732 3909
23 26483 24719 3911
21 26525 24727 3912
22 26573 24726 3913
23 26567 24727 3910
21 26566 24720 3908
22 26543 24724 3911
22 26526 24728 3911
22 26491 24727 3911
21 26474 24727 3911
23 26472 24725 3910
21 26461 24721 3910
22 26460 24720 3909
22 26490 24728 3910
22 26489 24721 3911
21 26480 24721 3907
23 26488 24719 3909
21 26472 24715 3911
22 26516 24716 3912
22 26611 24718 3904
22 26697 24713 3909
21 26812 24722 3909
23 26857 24720 3910
21 26867 24713 3914
22 26835 24716 3908
22 26798 24713 3909
22 26734 24712 3910
21 26676 24712 3911
23 26606 24714 3913
21 26556 24715 3913
22 26516 24713 3909
22 26520 24706 3908
22 26529 24713 3910
21 26537 24711 3909
23 26581 24706 3910
21 26572 24713 3906
22 26590 24709 3908
22 26565 24714 3912
22 26533 24709 3907
21 26536 24710 3910
23 26505 24712 3911
21 26492 24710 3908
22 26487 24710 3908
21 26461 24706 3910
23 26472 24706 3911
21 26477 24708 3908
22 26467 24710 3909
23 26490 24706 3912
21 26546 24708 3911
22 26593 24706 3907
22 26685 24709 3911
22 26750 24703 3909
21 26780 24705 3912
23 26817 24704 3910
21 26797 24703 3912
22 26755 24703 3914
22 26727 24707 3911
22 26687 24710 3908
21 26629 24698 3910
23 26567 24704 3910
21 26525 24699 3911
22 26518 24698 3910
22 26531 24692 3907
22 26548 24702 3912
21 26562 24695 3914
23 26568 24692 3912
21 26551 24699 3913
22 26511 24697 3910
22 26499 24701 3909
22 26479 24701 3910
21 26442 24698 3911
23 26441 24698 3913
21 26471 24703 3909
22 26484 24694 3908
22 26494 24704 3911
22 26505 24692 3908
21 26502 24697 3910
23 26502 24698 3912
21 26525 24697 3910
22 26560 24695 3911
22 26641 24697 3906
22 26702 24691 3909
21 26754 24696 3911
23 26798 24694 3908
21 26815 24691 3911
22 26819 24693 3910
22 26792 24701 3909
22 26748 24694 3912
21 26691 24696 3907
23 26618 24697 3910
22 26567 24693 3910
21 26540 24692 3903
23 26569 24693 3910
21 26589 24693 3912
22 26606 24693 3907
22 26605 24700 3913
22 26599 24695 3906
21 26565 24690 3910
23 26518 24694 3910
21 26505 24694 3908
22 26477 24691 3911
22 26472 24690 3911
22 26479 24696 3907
21 26482 24690 3912
23 26505 24692 3911
21 26521 24690 3907
22 26498 24691 3911
21 26485 24692 3915
23 26503 24686 3910
21 26599 24688 3908
22 26754 24688 3910
22 26910 24686 3910
22 26999 24688 3908
21 26981 24689 3911
23 26905 24685 3909
21 26755 24690 3908
22 26635 24686 3911
22 26540 24687 3909
22 26465 24688 3909
21 26462 24689 3910
23 26460 24686 3912
21 26489 24689 3909
22 26537 24681 3910
22 26597 24687 3908
22 26628 24681 3912
21 26632 24681 3911
23 26594 24680 3908
21 26549 24685 3911
22 26513 24680 3908
22 26455 24681 3907
22 26454 24687 3910
21 26441 24684 3907
23 26440 24683 3911
22 26454 24687 3904
21 26470 24684 3915
23 26475 24686 3908
21 26468 24686 3909
22 26479 24682 3908
22 26487 24687 3911
22 26575 24685 3909
21 26725 24682 3908
23 26864 24680 3908
21 26926 24681 3909
22 26936 24680 3908
22 26879 24680 3907
22 26788 24679 3913
21 26678 24681 3907
23 26595 24680 3903
21 26518 24676 3911
22 26459 24681 3909
22 26457 24682 3909
22 26463 24676 3914
21 26502 24675 3907
23 26528 24681 3909
21 26573 24678 3909
22 26590 24674 3909
22 26579 24682 3909
22 26562 24681 3910
21 26517 24679 3910
23 26468 24678 3909
21 26470 24677 3910
22 26452 24680 3909
22 26425 24679 3911
22 26430 24678 3907
21 26448 24679 3910
23 26451 24683 3909
21 26464 24678 3908
22 26457 24680 3913
22 26477 24680 3911
22 26475 24679 3908
21 26509 24676 3909
22 26569 24679 3911
22 26664 24677 3908
22 26772 24674 3906
22 26867 24673 3910
22 26885 24676 3912
22 26863 24674 3907
21 26809 24673 3911
23 26747 24671 3912
21 26646 24672 3905
22 26573 24677 3912
22 26539 24674 3913
22 26487 24676 3910
21 26490 24677 3908
23 26490 24668 3911
21 26508 24672 3912
22 26547 24670 3908
22 26552 24674 3910
22 26578 24672 3910
21 26548 24667 3909
23 26512 24667 3910
21 26482 24670 3905
22 26479 24669 3909
22 26471 24664 3910
22 26450 24669 3911
21 26458 24668 3911
23 26463 24668 3909
21 26472 24670 3911
22 26468 24666 3912
22 26476 24669 3906
22 26474 24666 3912
21 26493 24665 3912
23 26496 24669 3912
21 26519 24670 3909
22 26550 24664 3910
22 26659 24664 3910
22 26777 24664 3910
21 26840 24665 3908
23 26889 24664 3908
21 26875 24662 3912
22 26826 24663 3909
22 26779 24662 3905
22 26715 24659 3909
21 26637 24665 3910
23 26567 24666 3914
22 26527 24658 3911
21 26478 24662 3908
23 26524 24664 3910
21 26537 24665 3912
22 26546 24663 3902
22 26583 24662 3911
22 26580 24665 3910
21 26582 24666 3908
23 26543 24665 3912
21 26499 24659 3911
22 26471 24662 3910
22 26465 24664 3913
22 26467 24661 3906
21 26464 24662 3910
23 26449 24660 3909
21 26438 24660 3905
22 26453 24661 3910
22 26457 24660 3912
22 26454 24650 3907
21 26449 24659 3910
22 26477 24658 3909
22 26517 24656 3912
22 26622 24652 3907
21 26771 24652 3911
23 26866 24655 3911
21 26922 24655 3910
22 26869 24653 3911
22 26776 24654 3912
22 26667 24656 3911
21 26564 24657 3910
23 26512 24655 3909
21 26483 24655 3908
22 26461 24653 3910
22 26462 24655 3908
22 26504 24657 3911
21 26536 24657 3909
23 26584 24656 3908
21 26614 24654 3911
22 26618 24656 3914
22 26589 24651 3911
22 26546 24655 3913
21 26521 24665 3908
23 26487 24653 3909
22 26463 24659 3911
21 26432 24655 3909
23 26435 24655 3912
21 26440 24655 3908
22 26450 24653 3912
22 26459 24656 3909
22 26464 24654 3909
21 26456 24652 3907
23 26457 24652 3909
21 26511 24652 3909
22 26649 24652 3913
22 26730 24653 3912
22 26807 24655 3911
21 26842 24656 3904
23 26825 24652 3905
21 26801 24651 3911
22 26749 24652 3905
22 26665 24656 3904
22 26602 24649 3911
21 26547 24651 3910
23 26486 24656 3911
21 26462 24649 3910
22 26470 24651 3909
22 26499 24651 3911
22 26545 24651 3911
21 26560 24649 3906
23 26556 24653 3911
21 26551 24655 3909
22 26519 24650 3909
22 26524 24647 3907
22 26496 24653 3909
21 26475 24650 3910
23 26468 24653 3911
21 26452 24648 3904
22 26475 24647 3906
22 26478 24650 3908
22 26490 24656 3907
21 26484 24648 3907
23 26482 24649 3912
21 26527 24651 3905
22 26594 24646 3911
21 26702 24649 3908
23 26772 24646 3908
22 26801 24645 3910
21 26823 24651 3911
23 26818 24644 3911
21 26826 24644 3912
22 26776 24644 3908
22 26697 24643 3911
22 26586 24644 3908
21 26493 24643 3909
23 26418 24650 3912
21 26377 24646 3906
22 26378 24648 3906
22 26416 24648 3912
22 26437 24646 3910
21 26471 24641 3908
23 26493 24645 3911
21 26490 24646 3911
22 26486 24642 3911
22 26499 24644 3909
22 26499 24651 3907
21 26504 24646 3911
23 26512 24639 3911
21 26529 24650 3912
22 26526 24645 3910
22 26518 24649 3909
22 26516 24649 3909
21 26495 24647 3913
23 26515 24647 3908
21 26585 24643 3910
22 26664 24644 3910
22 26760 24648 3907
22 26786 24639 3907
21 26800 24646 3906
23 26794 24649 3907
21 26767 24651 3910
22 26729 24645 3909
22 26683 24642 3907
22 26623 24642 3911
21 26572 24646 3908
23 26521 24646 3910
21 26515 24642 3908
22 26524 24643 3908
23 26575 24645 3909
21 26602 24644 3910
22 26598 24640 3908
22 26585 24643 3907
22 26558 24640 3911
21 26514 24642 3908
23 26496 24643 3911
21 26498 24637 3908
22 26524 24637 3909
22 26537 24636 3909
22 26573 24636 3908
21 26592 24635 3907
23 26577 24632 3912
21 26549 24633 3907
22 26535 24634 3909
22 26596 24631 3913
22 26715 24630 3906
21 26877 24634 3909
23 26980 24630 3909
21 27008 24630 3908
22 26948 24630 3910
21 26827 24628 3907
23 26705 24629 3911
21 26599 24632 3909
22 26506 24632 3910
22 26482 24630 3908
22 26477 24631 3909
21 26480 24631 3912
23 26547 24629 3910
21 26582 24629 3910
22 26611 24630 3909
22 26628 24627 3912
22 26599 24630 3909
21 26546 24630 3912
23 26499 24630 3908
21 26439 24632 3910
22 26416 24626 3913
22 26423 24630 3911
22 26441 24627 3910
21 26473 24627 3909
23 26472 24623 3910
21 26489 24628 3908
22 26510 24629 3915
23 26539 24618 3909
21 26595 24623 3911
22 26661 24625 3912
22 26724 24626 3909
22 26758 24630 3910
21 26757 24626 3910
23 26752 24632 3910
21 26740 24628 3911
22 26713 24625 3907
22 26690 24624 3912
22 26643 24630 3912
21 26577 24629 3911
23 26541 24627 3912
21 26524 24627 3909
22 26533 24623 3905
22 26567 24623 3907
22 26571 24621 3909
21 26579 24624 3907
23 26558 24627 3905
21 26522 24622 3914
22 26505 24625 3908
22 26482 24624 3909
22 26474 24622 3911
21 26464 24627 3907
23 26451 24623 3910
21 26454 24629 3911
22 26454 24623 3907
22 26441 24625 3909
22 26473 24623 3909
21 26574 24626 3906
23 26648 24624 3907
21 26719 24628 3909
22 26771 24623 3906
22 26797 24628 3910
22 26786 24624 3907
21 26765 24623 3909
23 26737 24624 3911
21 26700 24628 3907
22 26652 24627 3909
22 26615 24623 3914
22 26581 24621 3907
22 26572 24625 3908
21 26565 24620 3911
23 26572 24625 3910
21 26590 24622 3911
22 26598 24620 3910
22 26572 24621 3910
22 26522 24621 3910
21 26519 24623 3909
23 26508 24621 3910
21 26501 24620 3907
22 26517 24627 3909
22 26502 24624 3910
22 26482 24621 3910
21 26455 24627 3910
23 26457 24617 3909
21 26447 24622 3909
22 26514 24618 3906
22 26626 24619 3911
22 26739 24622 3909
21 26824 24615 3914
23 26829 24612 3908
21 26798 24623 3910
22 26717 24615 3910
22 26641 24610 3909
22 26588 24618 3908
21 26553 24620 3909
23 26521 24622 3908
21 26498 24622 3911
22 26499 24619 3908
22 26531 24621 3908
22 26580 24623 3909
21 26605 24621 3908
23 26634 24623 3912
21 26620 24620 3909
22 26592 24618 3911
22 26549 24620 3910
22 26507 24618 3912
21 26479 24618 3907
23 26483 24621 3907
21 26484 24615 3909
22 26505 24618 3909
23 26510 24617 3907
21 26528 24617 3908
22 26582 24618 3910
22 26682 24619 3908
22 26827 24616 3909
21 26927 24619 3909
23 26956 24619 3910
21 26906 24617 3909
22 26800 24620 3909
22 26711 24619 3909
22 26624 24618 3907
21 26562 24619 3909
23 26531 24621 3910
21 26512 24621 3909
22 26519 24619 3906
22 26542 24621 3907
22 26589 24622 3912
21 26606 24618 3908
23 26629 24621 3908
21 26605 24623 3905
22 26580 24625 3910
22 26535 24622 3908
22 26520 24621 3904
21 26512 24625 3908
22 26487 24622 3911
22 26494 24622 3908
22 26494 24621 3912
21 26499 24622 3908
23 26483 24622 3910
21 26503 24623 3909
22 26561 24623 3908
22 26680 24622 3911
22 26814 24620 3907
21 26895 24622 3908
23 26921 24623 3909
21 26877 24623 3911
22 26795 24616 3910
22 26719 24622 3909
22 26644 24625 3913
21 26573 24621 3909
23 26542 24628 3907
21 26493 24624 3910
22 26469 24624 3912
23 26486 24620 3907
21 26503 24622 3910
22 26543 24620 3909
22 26561 24614 3909
22 26563 24620 3908
21 26550 24625 3908
23 26507 24629 3910
21 26483 24629 3908
22 26493 24626 3908
22 26462 24627 3906
22 26469 24632 3910
21 26456 24628 3908
23 26441 24629 3908
21 26437 24633 3908
22 26432 24625 3908
22 26454 24632 3908
22 26503 24632 3910
21 26637 24628 3908
23 26764 24631 3907
21 26855 24627 3910
22 26893 24633 3907
22 26851 24632 3908
22 26776 24627 3912
21 26668 24634 3908
23 26578 24632 3906
21 26523 24636 3909
22 26484 24635 3908
22 26456 24632 3908
22 26466 24632 3911
21 26512 24632 3906
23 26546 24632 3909
21 26587 24632 3910
22 26598 24633 3909
22 26589 24632 3907
22 26564 24634 3911
21 26521 24633 3908
23 26483 24634 3910
21 26444 24633 3907
22 26438 24630 3908
22 26413 24632 3906
22 26426 24631 3908
21 26419 24639 3909
23 26426 24632 3909
22 26442 24634 3906
21 26490 24634 3909
22 26610 24632 3909
22 26770 24632 3908
22 26921 24634 3908
21 26967 24633 3907
23 26899 24635 3909
21 26799 24632 3909
22 26667 24636 3909
22 26539 24634 3910
22 26471 24636 3908
21 26447 24633 3911
23 26449 24637 3909
21 26483 24634 3909
22 26522 24634 3908
22 26574 24634 3909
22 26596 24632 3907
21 26592 24634 3908
23 26560 24638 3911
21 26499 24637 3908
22 26444 24635 3910
22 26414 24632 3908
22 26410 24637 3909
21 26414 24630 3908
23 26414 24631 3910
21 26461 24634 3910
22 26467 24639 3909
22 26473 24639 3911
22 26475 24634 3907
21 26485 24632 3908
23 26523 24634 3908
21 26628 24632 3911
22 26716 24632 3908
22 26734 24633 3912
22 26724 24632 3907
21 26657 24634 3912
23 26594 24635 3911
21 26553 24632 3913
22 26536 24634 3909
22 26517 24632 3907
22 26504 24627 3907
21 26517 24628 3904
23 26526 24629 3905
22 26561 24626 3909
21 26577 24631 3906
23 26564 24635 3909
21 26562 24623 3910
22 26528 24627 3909
22 26504 24629 3911
22 26468 24620 3910
21 26489 24627 3905
23 26494 24631 3910
21 26514 24626 3908
22 26514 24620 3909
22 26521 24629 3908
22 26501 24630 3908
21 26483 24622 3910
23 26462 24628 3909
21 26479 24627 3908
22 26534 24622 3909
22 26626 24626 3909
22 26739 24620 3906
21 26803 24622 3911
23 26812 24621 3910
21 26771 24622 3907
22 26730 24621 3911
21 26673 24622 3907
23 26607 24624 3911
21 26553 24620 3910
22 26508 24622 3912
22 26484 24623 3908
22 26477 24618 3911
21 26477 24622 3908
23 26498 24619 3908
21 26515 24617 3908
22 26521 24619 3909
22 26532 24621 3911
22 26518 24619 3910
21 26507 24618 3909
23 26479 24619 3910
21 26476 24623 3911
22 26457 24620 3911
22 26455 24614 3911
22 26444 24622 3912
22 26467 24619 3909
22 26459 24615 3909
22 26447 24621 3909
21 26436 24620 3908
23 26493 24609 3907
21 26620 24621 3907
22 26748 24618 3907
22 26829 24621 3907
22 26824 24616 3908
21 26753 24614 3908
23 26663 24616 3908
21 26574 24616 3911
22 26491 24617 3908
22 26430 24616 3908
22 26408 24620 3911
21 26417 24615 3907
23 26453 24616 3906
21 26507 24614 3914
22 26569 24615 3907
22 26600 24615 3903
22 26619 24609 3910
21 26613 24611 3907
23 26581 24613 3904
21 26516 24610 3909
22 26502 24615 3910
22 26492 24620 3909
22 26489 24611 3907
21 26486 24613 3908
23 26506 24617 3909
21 26513 24617 3911
22 26510 24613 3908
22 26519 24614 3910
22 26542 24616 3910
21 26606 24610 3908
23 26692 24615 3909
21 26763 24610 3908
22 26783 24609 3909
22 26765 24613 3907
22 26701 24611 3906
21 26619 24609 3908
23 26577 24613 3910
22 26525 24611 3907
21 26511 24613 3906
23 26455 24614 3910
21 26448 24609 3907
22 26438 24614 3908
21 26484 24612 3910
23 26511 24610 3912
21 26548 24609 3906
22 26585 24611 3910
22 26565 24609 3914
22 26555 24608 3909
21 26535 24608 3912
23 26520 24604 3908
21 26488 24608 3906
22 26472 24607 3906
22 26464 24607 3908
22 26498 24608 3907
21 26485 24609 3909
23 26476 24604 3911
21 26481 24605 3908
22 26525 24610 3908
22 26649 24606 3912
22 26732 24608 3909
21 26788 24606 3908
23 26807 24596 3905
21 26809 24607 3907
22 26762 24612 3912
22 26700 24594 3910
22 26629 24606 3907
21 26568 24604 3911
23 26531 24611 3908
21 26500 24596 3909
22 26506 24602 3912
22 26519 24604 3912
22 26550 24606 3910
21 26572 24605 3908
23 26568 24602 3910
21 26578 24606 3912
22 26560 24599 3907
22 26497 24603 3911
22 26479 24605 3911
21 26477 24602 3907
23 26482 24599 3905
22 26501 24599 3912
21 26497 24602 3907
23 26498 24604 3908
21 26488 24599 3909
22 26505 24605 3908
22 26528 24602 3912
22 26606 24599 3905
21 26729 24599 3908
23 26843 24610 3910
21 26882 24602 3910
22 26858 24599 3908
22 26766 24605 3909
22 26673 24604 3909
21 26604 24601 3908
23 26538 24603 3911
21 26489 24602 3906
22 26451 24605 3907
22 26429 24606 3911
22 26446 24600 3904
21 26498 24600 3909
23 26551 24605 3906
21 26594 24603 3904
22 26594 24605 3909
22 26588 24602 3909
22 26562 24608 3905
21 26534 24603 3908
22 26519 24604 3909
22 26524 24602 3910
22 26535 24599 3905
21 26539 24605 3911
23 26562 24604 3908
21 26580 24608 3908
22 26601 24610 3911
22 26684 24606 3905
22 26840 24611 3909
21 26978 24608 3912
23 27083 24606 3910
21 27051 24607 3908
22 26945 24603 3908
22 26795 24607 3908
22 26646 24606 3906
21 26544 24607 3908
23 26495 24606 3909
22 26457 24609 3909
21 26458 24610 3909
23 26491 24605 3907
21 26546 24615 3904
22 26597 24612 3907
22 26616 24609 3910
22 26626 24611 3909
21 26590 24614 3910
23 26555 24618 3905
21 26507 24617 3910
22 26476 24614 3909
22 26447 24616 3908
22 26457 24618 3908
21 26474 24617 3908
23 26464 24620 3905
21 26492 24617 3910
22 26491 24616 3912
22 26541 24620 3905
22 26652 24619 3908
21 26793 24617 3911
23 26916 24623 3906
21 26960 24620 3910
22 26943 24620 3906
22 26870 24620 3904
22 26775 24615 3910
21 26676 24621 3908
23 26598 24621 3910
21 26544 24617 3910
22 26501 24620 3907
22 26474 24626 3912
22 26487 24623 3909
21 26532 24623 3906
23 26606 24620 3909
21 26622 24624 3908
22 26622 24621 3907
22 26582 24622 3909
22 26547 24620 3908
21 26493 24623 3910
23 26444 24626 3910
21 26427 24621 3906
22 26432 24623 3906
23 26439 24619 3912
21 26463 24616 3906
22 26482 24619 3909
22 26520 24618 3912
22 26645 24621 3905
21 26831 24619 3912
22 26993 24618 3908
22 27052 24620 3909
22 27022 24616 3909
21 26901 24623 3911
23 26752 24619 3908
21 26647 24619 3908
22 26532 24614 3909
22 26472 24620 3906
22 26446 24621 3909
21 26460 24621 3908
23 26499 24615 3909
21 26576 24617 3909
22 26616 24616 3909
22 26637 24616 3907
22 26634 24613 3911
21 26577 24616 3908
23 26507 24618 3910
21 26455 24616 3910
22 26436 24617 3908
22 26422 24608 3905
22 26435 24616 3903
21 26442 24620 3910
23 26460 24606 3911
21 26464 24616 3911
22 26513 24614 3907
22 26598 24613 3909
22 26776 24610 3912
21 26953 24614 3912
23 27017 24612 3908
21 26976 24609 3907
22 26848 24612 3912
22 26693 24613 3911
22 26549 24609 3911
21 26453 24611 3908
23 26387 24611 3908
21 26372 24611 3910
22 26415 24607 3907
23 26444 24613 3903
21 26524 24607 3909
22 26562 24608 3907
22 26599 24608 3905
22 26578 24606 3909
21 26549 24609 3907
23 26464 24614 3911
21 26439 24604 3911
22 26424 24606 3908
22 26408 24613 3909
22 26411 24606 3912
21 26436 24608 3907
23 26461 24607 3908
21 26477 24602 3907
22 26509 24604 3907
22 26610 24605 3909
22 26760 24603 3909
21 26871 24598 3905
23 26927 24607 3908
21 26916 24606 3905
22 26835 24603 3908
22 26754 24601 3907
22 26638 24601 3905
21 26581 24607 3907
23 26536 24598 3909
21 26488 24599 3906
22 26460 24602 3906
21 26465 24599 3910
23 26495 24602 3910
21 26521 24594 3906
22 26534 24601 3907
22 26520 24598 3907
22 26497 24594 3911
21 26463 24599 3910
23 26459 24597 3912
21 26454 24594 3910
22 26451 24597 3911
22 26442 24596 3913
22 26445 24594 3910
21 26428 24595 3910
23 26398 24594 3909
22 26419 24594 3909
21 26473 24591 3907
23 26611 24598 3908
21 26775 24598 3909
22 26893 24591 3914
22 26934 24590 3910
22 26852 24594 3904
21 26776 24595 3907
23 26646 24587 3910
21 26562 24598 3909
22 26517 24595 3906
22 26479 24597 3906
22 26466 24595 3909
21 26496 24592 3909
23 26526 24597 3909
21 26563 24594 3907
22 26599 24595 3910
22 26614 24598 3907
22 26615 24595 3910
21 26581 24590 3908
23 26538 24592 3908
21 26519 24593 3910
22 26511 24589 3907
22 26498 24592 3905
22 26488 24586 3909
21 26469 24590 3908
23 26469 24596 3903
21 26459 24585 3909
22 26516 24589 3908
22 26642 24591 3909
22 26802 24583 3909
21 26908 24587 3907
23 26924 24589 3909
21 26848 24588 3911
22 26733 24587 3908
22 26595 24585 3908
22 26493 24590 3912
21 26411 24591 3907
23 26427 24587 3906
21 26437 24588 3908
22 26454 24589 3908
23 26501 24586 3908
21 26542 24584 3906
22 26564 24588 3910
22 26565 24588 3908
22 26539 24586 3907
21 26505 24586 3909
23 26480 24587 3912
21 26477 24590 3909
22 26471 24586 3909
21 26468 24583 3909
23 26460 24581 3910
21 26456 24582 3908
22 26458 24581 3908
22 26468 24581 3910
22 26556 24583 3909
21 26708 24582 3914
23 26854 24582 3909
21 26952 24581 3909
22 26962 24580 3907
22 26858 24582 3910
22 26760 24580 3906
21 26632 24580 3905
23 26550 24580 3908
21 26509 24578 3908
22 26472 24575 3909
22 26479 24581 3908
22 26493 24580 3908
21 26538 24587 3908
23 26585 24572 3907
21 26603 24579 3906
22 26595 24585 3908
22 26562 24569 3909
22 26513 24580 3909
21 26486 24577 3907
23 26448 24576 3911
21 26450 24579 3910
22 26448 24576 3909
22 26443 24577 3910
22 26460 24581 3909
21 26476 24576 3906
23 26481 24577 3908
21 26528 24577 3908
22 26667 24577 3907
23 26829 24577 3907
21 26930 24576 3910
22 26946 24573 3905
22 26874 24575 3904
22 26748 24572 3910
21 26618 24574 3909
23 26511 24574 3907
21 26469 24571 3908
22 26460 24575 3909
22 26455 24572 3908
22 26469 24571 3907
21 26500 24573 3909
23 26568 24574 3912
21 26602 24573 3909
22 26625 24568 3900
22 26611 24571 3908
22 26600 24576 3907
21 26577 24569 3908
23 26530 24572 3909
21 26472 24572 3910
22 26443 24573 3906
22 26425 24568 3910
22 26415 24569 3906
21 26420 24571 3906
23 26413 24575 3908
21 26440 24571 3905
22 26546 24573 3908
22 26711 24568 3908
22 26891 24571 3906
21 26963 24569 3911
22 26924 24570 3907
22 26806 24573 3908
22 26655 24569 3908
21 26553 24572 3910
23 26472 24569 3909
21 26428 24574 3908
22 26431 24571 3909
22 26466 24569 3908
22 26500 24573 3907
21 26568 24569 3909
23 26604 24567 3909
21 26618 24566 3907
22 26598 24568 3909
23 26570 24564 3910
21 26548 24567 3911
22 26528 24562 3907
22 26525 24563 3908
22 26527 24568 3911
21 26529 24563 3908
23 26516 24560 3908
21 26515 24562 3906
22 26504 24561 3909
22 26500 24559 3906
22 26575 24568 3909
21 26728 24565 3907
23 26905 24560 3909
21 27034 24562 3911
22 27033 24560 3909
22 26919 24565 3907
22 26742 24561 3907
21 26559 24563 3908
23 26459 24558 3909
21 26384 24563 3908
22 26375 24560 3909
22 26378 24563 3908
22 26444 24565 3909
21 26522 24558 3909
23 26599 24559 3902
21 26663 24558 3906
22 26654 24561 3906
22 26597 24564 3903
22 26580 24557 3909
21 26534 24561 3908
23 26495 24562 3907
21 26467 24558 3909
22 26475 24559 3907
22 26468 24557 3908
22 26481 24561 3910
21 26491 24556 3906
23 26480 24561 3906
21 26519 24562 3909
22 26646 24558 3907
22 26880 24561 3909
22 27098 24550 3907
21 27173 24559 3904
23 27077 24554 3906
22 26886 24557 3906
21 26687 24555 3906
23 26543 24556 3910
21 26447 24560 3904
22 26426 24557 3906
22 26464 24557 3909
22 26499 24556 3903
21 26585 24559 3909
22 26666 24557 3908
22 26693 24552 3905
22 26722 24555 3906
21 26686 24560 3910
23 26613 24556 3911
21 26572 24554 3906
22 26478 24557 3908
22 26445 24561 3909
22 26400 24563 3909
21 26376 24555 3910
23 26398 24561 3907
21 26403 24553 3907
22 26417 24552 3910
22 26413 24556 3908
22 26438 24556 3908
21 26568 24554 3907
23 26790 24552 3908
21 26998 24557 3910
22 27091 24559 3906
22 27042 24547 3909
22 26859 24559 3907
21 26660 24558 3906
23 26482 24553 3909
21 26382 24560 3907
22 26341 24554 3908
22 26339 24561 3909
22 26378 24562 3907
21 26450 24558 3909
23 26526 24561 3908
21 26614 24561 3909
22 26679 24562 3907
22 26668 24560 3907
22 26625 24564 3909
22 26562 24560 3909
22 26494 24561 3909
22 26441 24561 3908
21 26418 24560 3905
23 26412 24559 3903
21 26419 24555 3909
22 26445 24557 3904
22 26459 24560 3901
22 26489 24556 3910
21 26488 24556 3907
23 26582 24555 3906
21 26803 24556 3908
22 27004 24556 3907
22 27104 24557 3907
22 27032 24558 3910
21 26828 24558 3908
23 26611 24564 3908
21 26445 24558 3909
22 26364 24561 3908
22 26347 24563 3908
22 26366 24565 3909
21 26418 24566 3907
23 26500 24562 3907
21 26562 24564 3905
22 26629 24563 3906
22 26644 24560 3904
22 26607 24563 3906
21 26572 24564 3908
23 26490 24564 3908
21 26462 24566 3905
22 26455 24566 3910
21 26437 24564 3910
23 26468 24565 3907
21 26510 24561 3908
22 26516 24569 3909
22 26530 24564 3906
22 26532 24561 3907
21 26589 24565 3910
23 26757 24562 3908
21 27002 24567 3905
22 27204 24564 3907
23 27209 24564 3909
21 27055 24565 3904
22 26827 24558 3909
22 26592 24565 3909
22 26460 24566 3908
21 26343 24561 3907
23 26364 24564 3908
21 26381 24559 3911
22 26448 24563 3907
22 26533 24554 3909
22 26586 24566 3909
21 26630 24566 3908
23 26625 24553 3909
21 26579 24564 3909
22 26530 24563 3907
22 26461 24562 3907
22 26407 24562 3905
21 26381 24559 3909
23 26382 24566 3907
21 26390 24565 3909
22 26417 24564 3908
22 26450 24560 3908
22 26490 24565 3908
21 26499 24558 3910
23 26574 24560 3908
21 26769 24562 3908
22 27017 24560 3900
22 27209 24559 3902
22 27221 24558 3905
21 27077 24561 3904
23 26801 24563 3903
21 26511 24557 3907
22 26293 24565 3908
22 26186 24562 3905
22 26157 24558 3909
21 26208 24561 3907
23 26270 24566 3912
21 26350 24567 3909
22 26404 24572 3907
22 26433 24572 3905
22 26467 24570 3907
21 26474 24569 3907
23 26453 24573 3907
22 26446 24577 3909
21 26471 24572 3906
23 26499 24578 3907
21 26521 24573 3904
22 26547 24573 3909
22 26548 24576 3906
22 26528 24575 3904
21 26518 24578 3908
23 26497 24570 3906
21 26498 24568 3905
22 26610 24568 3907
21 26795 24567 3906
23 26994 24567 3906
21 27123 24565 3905
22 27102 24564 3909
22 26964 24567 3908
22 26794 24566 3908
21 26639 24562 3908
23 26491 24566 3909
21 26388 24560 3907
22 26336 24562 3906
22 26376 24561 3909
22 26448 24565 3907
21 26543 24563 3908
23 26629 24564 3908
21 26659 24561 3908
22 26670 24568 3906
22 26627 24568 3907
22 26556 24571 3909
21 26506 24566 3909
23 26449 24563 3908
21 26433 24571 3905
22 26392 24576 3906
22 26400 24566 3907
22 26385 24576 3901
21 26376 24574 3909
23 26421 24576 3909
21 26557 24578 3910
22 26745 24579 3906
22 26873 24578 3910
22 26875 24582 3910
21 26777 24580 3906
23 26588 24586 3908
22 26443 24588 3906
21 26372 24588 3909
23 26319 24592 3907
21 26309 24591 3910
22 26298 24593 3906
22 26351 24595 3901
22 26427 24593 3908
21 26512 24597 3909
23 26546 24596 3903
21 26541 24596 3906
22 26544 24594 3907
22 26548 24601 3908
22 26542 24596 3906
21 26528 24596 3904
23 26548 24602 3905
21 26556 24600 3907
22 26559 24594 3905
22 26562 24597 3905
22 26538 24596 3909
21 26529 24598 3905
23 26575 24597 3907
21 26727 24598 3906
22 26950 24596 3905
22 27194 24599 3908
22 27264 24597 3904
21 27169 24592 3906
23 26964 24594 3904
21 26762 24597 3904
22 26614 24594 3907
22 26480 24595 3906
22 26402 24595 3904
21 26347 24599 3905
22 26335 24593 3906
22 26345 24595 3908
22 26389 24594 3904
21 26460 24593 3908
23 26493 24592 3910
21 26503 24599 3907
22 26497 24600 3908
22 26464 24599 3906
22 26463 24601 3909
21 26465 24601 3909
23 26454 24600 3907
22 26479 24601 3908
21 26507 24599 3908
23 26574 24605 3909
21 26588 24608 3907
22 26576 24610 3911
22 26627 24611 3909
22 26721 24615 3908
21 26869 24617 3910
23 27005 24614 3905
21 27023 24626 3907
22 26927 24621 3911
22 26771 24626 3907
22 26593 24635 3909
21 26461 24644 3906
23 26392 24643 3909
21 26367 24643 3909
22 26364 24649 3906
22 26415 24652 3905
22 26495 24657 3903
21 26590 24653 3907
23 26635 24666 3907
21 26649 24672 3906
22 26645 24674 3905
22 26610 24682 3907
22 26600 24684 3907
21 26576 24693 3905
23 26561 24695 3905
21 26528 24697 3907
22 26515 24707 3908
22 26496 24718 3902
22 26495 24716 3909
21 26488 24726 3907
23 26488 24734 3909
21 26526 24734 3910
22 26684 24746 3907
22 26898 24753 3905
22 27066 24760 3908
21 27069 24760 3909
23 26964 24774 3908
21 26770 24779 3907
22 26554 24790 3906
23 26371 24797 3906
21 26245 24800 3906
22 26242 24804 3907
22 26274 24815 3908
22 26359 24825 3904
21 26510 24831 3906
23 26667 24841 3903
21 26763 24847 3905
22 26762 24858 3908
22 26704 24866 3905
22 26660 24876 3907
21 26656 24884 3907
22 26693 24892 3904
22 26697 24902 3905
22 26704 24909 3905
21 26665 24921 3907
23 26563 24925 3911
21 26461 24929 3907
22 26371 24935 3906
22 26363 24940 3910
22 26463 24946 3907
21 26659 24945 3906
23 26895 24945 3906
21 27013 24942 3907
22 26987 24937 3907
22 26848 24942 3910
22 26638 24938 3910
21 26486 24931 3906
23 26372 24933 3909
21 26309 24931 3909
22 26239 24922 3908
22 26200 24920 3905
22 26213 24924 3905
21 26255 24912 3907
23 26320 24912 3903
21 26416 24918 3907
22 26512 24916 3906
22 26559 24915 3907
22 26574 24913 3906
21 26591 24916 3906
23 26560 24915 3910
22 26521 24910 3906
21 26471 24910 3904
23 26463 24911 3908
21 26425 24907 3908
22 26412 24904 3904
22 26433 24907 3908
22 26566 24910 3908
21 26863 24905 3908
23 27137 24901 3905
21 27288 24902 3905
22 27251 24909 3913
22 27098 24899 3903
22 26877 24899 3906
21 26675 24901 3904
23 26505 24902 3907
21 26388 24899 3906
22 26328 24902 3904
22 26335 24897 3905
22 26395 24897 3906
21 26454 24892 3906
23 26529 24900 3909
21 26542 24894 3909
22 26529 24889 3907
22 26501 24887 3908
22 26430 24877 3905
21 26372 24869 3907
23 26342 24866 3906
21 26320 24858 3904
22 26338 24853 3905
22 26392 24852 3904
22 26429 24847 3903
21 26454 24849 3904
23 26461 24840 3908
21 26469 24839 3905
22 26558 24834 3905
21 26704 24833 3909
23 26810 24831 3906
21 26850 24831 3903
22 26807 24833 3908
22 26719 24831 3909
22 26606 24832 3908
21 26520 24828 3910
23 26448 24825 3905
22 26403 24828 3904
21 26377 24829 3907
23 26349 24832 3908
21 26355 24831 3909
22 26381 24831 3903
22 26443 24828 3907
22 26539 24826 3909
21 26587 24825 3903
23 26594 24828 3905
21 26572 24833 3906
22 26527 24821 3911
22 26493 24819 3908
22 26449 24824 3906
21 26394 24821 3909
23 26349 24817 3905
21 26330 24815 3907
22 26355 24815 3905
22 26428 24811 3906
22 26506 24809 3909
21 26643 24803 3907
23 26793 24802 3905
21 26888 24797 3904
22 26917 24795 3908
22 26862 24792 3907
22 26761 24789 3907
21 26661 24787 3908
23 26584 24786 3904
21 26512 24783 3908
22 26490 24779 3903
22 26462 24779 3904
22 26455 24773 3907
21 26444 24776 3909
23 26481 24781 3904
21 26510 24772 3907
22 26563 24774 3904
22 26575 24776 3905
22 26596 24769 3905
21 26576 24770 3905
23 26546 24773 3910
21 26505 24776 3908
22 26493 24765 3908
23 26502 24773 3906
21 26511 24769 3904
22 26511 24768 3905
22 26501 24767 3907
22 26548 24766 3906
21 26665 24768 3906
23 26827 24764 3909
21 26957 24762 3904
22 26924 24762 3905
22 26825 24762 3906
22 26668 24756 3906
21 26534 24755 3907
23 26452 24752 3908
21 26425 24753 3905
22 26440 24751 3906
21 26457 24748 3906
23 26486 24750 3907
21 26542 24752 3907
22 26565 24751 3906
22 26590 24749 3905
22 26611 24749 3908
21 26597 24748 3909
23 26565 24746 3905
21 26533 24743 3906
22 26511 24747 3906
22 26472 24743 3906
22 26449 24743 3906
21 26428 24743 3903
23 26446 24742 3906
21 26471 24740 3908
22 26515 24738 3906
22 26582 24737 3906
22 26706 24738 3906
21 26851 24741 3910
23 26972 24730 3907
21 26982 24735 3905
22 26907 24734 3906
22 26823 24723 3907
22 26684 24728 3905
21 26595 24728 3908
23 26533 24725 3905
21 26511 24724 3905
22 26476 24723 3905
23 26477 24721 3905
21 26496 24716 3909
22 26547 24713 3907
22 26602 24714 3906
22 26633 24711 3908
21 26644 24710 3903
23 26616 24713 3907
21 26598 24711 3906
22 26568 24708 3905
22 26573 24706 3901
22 26551 24702 3906
21 26521 24703 3904
23 26528 24703 3904
21 26507 24700 3906
22 26505 24700 3905
22 26549 24706 3905
22 26652 24700 3905
21 26819 24701 3905
23 26942 24702 3907
21 26949 24702 3905
22 26885 24701 3904
22 26772 24699 3905
22 26678 24699 3909
21 26594 24699 3906
23 26535 24699 3905
21 26480 24698 3908
22 26468 24700 3906
22 26454 24697 3905
22 26490 24696 3903
21 26530 24698 3906
23 26571 24697 3908
21 26603 24697 3902
22 26617 24697 3907
22 26589 24703 3906
22 26551 24695 3903
21 26493 24699 3905
22 26457 24693 3908
22 26413 24697 3907
22 26387 24696 3902
21 26392 24696 3909
23 26400 24692 3909
21 26444 24695 3908
22 26560 24693 3905
23 26745 24689 3906
21 26942 24692 3907
22 27064 24693 3907
22 27072 24694 3905
22 26983 24691 3907
21 26849 24692 3907
23 26703 24695 3909
21 26597 24699 3905
22 26523 24694 3906
22 26497 24689 3907
22 26473 24691 3906
21 26477 24694 3907
23 26502 24687 3903
21 26541 24689 3904
22 26570 24694 3909
22 26586 24683 3906
22 26542 24692 3906
21 26517 24693 3905
23 26505 24693 3905
21 26455 24691 3908
22 26446 24692 3906
22 26472 24693 3905
22 26504 24690 3908
21 26593 24692 3908
23 26619 24693 3906
21 26701 24690 3906
22 26876 24687 3904
22 27082 24687 3908
22 27221 24687 3905
21 27237 24689 3905
23 27117 24684 3903
21 26904 24682 3907
22 26722 24681 3908
22 26584 24682 3904
22 26492 24675 3907
21 26457 24676 3907
23 26451 24677 3905
21 26476 24669 3909
22 26520 24673 3904
22 26582 24671 3904
22 26643 24669 3907
22 26691 24664 3906
22 26694 24665 3907
22 26666 24659 3904
21 26605 24657 3905
23 26556 24657 3908
21 26515 24654 3907
22 26482 24656 3902
22 26449 24652 3906
22 26436 24653 3903
21 26459 24648 3907
23 26490 24651 3905
21 26581 24646 3903
22 26774 24646 3906
22 26971 24645 3907
22 27095 24643 3903
21 27066 24645 3905
22 26911 24642 3906
22 26720 24644 3908
22 26535 24644 3906
21 26386 24641 3907
23 26350 24644 3906
21 26341 24648 3907
22 26353 24644 3910
22 26370 24647 3907
22 26444 24645 3904
21 26507 24649 3905
23 26596 24648 3905
21 26646 24649 3911
22 26657 24648 3905
22 26623 24652 3908
22 26539 24653 3908
21 26473 24655 3907
23 26383 24650 3906
21 26359 24653 3908
22 26354 24656 3907
22 26376 24652 3907
22 26422 24656 3904
21 26483 24655 3906
23 26620 24652 3903
21 26860 24659 3905
22 27072 24660 3905
23 27176 24660 3904
21 27118 24658 3906
22 26945 24660 3906
22 26734 24658 3907
22 26551 24660 3908
21 26458 24660 3907
23 26410 24662 3905
21 26402 24663 3904
22 26412 24658 3905
22 26445 24661 3907
22 26462 24660 3905
21 26512 24663 3907
23 26537 24664 3902
21 26563 24662 3908
22 26575 24666 3908
22 26566 24663 3904
22 26536 24660 3907
21 26514 24665 3907
23 26487 24667 3906
21 26482 24666 3906
22 26483 24669 3906
22 26472 24667 3906
22 26464 24667 3906
21 26547 24664 3906
23 26756 24669 3907
21 27027 24669 3905
22 27216 24669 3909
22 27245 24674 3905
22 27107 24670 3908
21 26876 24669 3905
23 26687 24672 3906
21 26539 24674 3905
22 26506 24671 3904
22 26479 24674 3909
22 26493 24668 3905
21 26513 24674 3908
23 26556 24667 3906
21 26584 24670 3903
22 26614 24673 3905
21 26630 24674 3905
23 26632 24669 3906
21 26599 24666 3903
22 26587 24668 3908
23 26539 24668 3906
21 26511 24666 3906
22 26476 24665 3907
22 26432 24663 3909
22 26392 24665 3905
21 26362 24667 3908
23 26392 24661 3909
21 26478 24663 3904
22 26698 24664 3906
22 26876 24666 3908
22 26974 24670 3909
21 26933 24663 3908
23 26796 24670 3906
21 26579 24669 3909
22 26389 24669 3905
22 26249 24666 3905
22 26199 24672 3907
21 26200 24675 3909
23 26228 24672 3906
21 26282 24674 3908
22 26325 24677 3907
22 26381 24682 3908
22 26384 24681 3904
21 26355 24678 3905
23 26326 24681 3907
21 26281 24681 3908
22 26276 24692 3907
22 26292 24685 3901
22 26320 24689 3905
21 26358 24683 3907
23 26391 24683 3907
21 26405 24689 3906
22 26404 24686 3907
22 26441 24690 3904
22 26528 24680 3905
21 26653 24686 3904
23 26765 24690 3904
21 26820 24680 3906
22 26813 24683 3904
22 26744 24685 3905
22 26638 24685 3908
21 26533 24684 3908
23 26487 24685 3907
22 26453 24683 3907
21 26451 24683 3904
23 26478 24684 3906
21 26495 24682 3907
22 26552 24680 3903
22 26564 24685 3910
22 26566 24679 3905
21 26554 24682 3905
23 26531 24680 3903
21 26496 24679 3903
22 26463 24678 3905
22 26453 24676 3906
22 26405 24684 3902
21 26364 24676 3905
23 26342 24677 3907
21 26345 24677 3907
22 26326 24680 3907
21 26373 24683 3908
23 26395 24675 3907
21 26424 24675 3904
22 26438 24673 3904
22 26420 24675 3905
22 26421 24679 3907
21 26374 24678 3905
23 26368 24679 3905
21 26389 24680 3905
22 26405 24683 3907
22 26428 24681 3907
22 26454 24681 3906
21 26484 24682 3906
23 26517 24682 3906
21 26528 24681 3906
22 26531 24683 3906
22 26537 24680 3907
22 26529 24678 3906
21 26524 24673 3908
23 26517 24671 3906
21 26519 24674 3908
22 26504 24677 3904
22 26509 24663 3902
22 26479 24669 3909
21 26469 24669 3905
23 26485 24669 3910
22 26503 24666 3904
21 26531 24667 3907
23 26577 24669 3909
21 26613 24667 3909
22 26639 24668 3906
22 26639 24670 3904
22 26619 24668 3909
21 26583 24667 3906
23 26561 24669 3906
21 26551 24668 3906
22 26544 24667 3903
22 26542 24671 3900
22 26588 24663 3904
21 26577 24668 3902
23 26598 24669 3900
21 26622 24664 3907
22 26594 24666 3904
22 26570 24662 3906
22 26550 24663 3908
21 26534 24664 3904
23 26500 24669 3904
21 26485 24667 3906
22 26457 24664 3902
22 26476 24668 3907
22 26454 24664 3905
21 26469 24671 3906
23 26505 24668 3906
21 26573 24669 3906
22 26625 24668 3905
22 26680 24670 3906
22 26700 24670 3904
21 26706 24665 3904
23 26689 24668 3907
21 26658 24667 3904
22 26623 24668 3904
22 26592 24666 3908
22 26549 24664 3905
21 26521 24664 3906
22 26549 24663 3907
22 26564 24663 3904
22 26590 24664 3905
22 26573 24662 3905
22 26564 24664 3909
22 26551 24664 3905
21 26546 24666 3905
23 26517 24661 3904
21 26490 24662 3908
22 26482 24662 3906
22 26496 24661 3904
22 26485 24664 3906
21 26474 24659 3906
23 26485 24664 3905
21 26501 24660 3904
22 26540 24663 3905
22 26575 24665 3905
22 26603 24664 3908
21 26618 24664 3905
23 26615 24661 3906
21 26641 24663 3906
22 26642 24660 3908
22 26630 24655 3904
22 26616 24665 3906
21 26602 24668 3905
23 26565 24664 3906
21 26549 24664 3904
22 26548 24663 3906
22 26546 24664 3902
22 26548 24663 3904
21 26568 24663 3904
23 26562 24662 3908
21 26558 24664 3905
22 26552 24661 3902
22 26558 24660 3902
22 26557 24661 3903
21 26568 24660 3904
23 26564 24660 3902
21 26577 24659 3905
22 26563 24661 3908
22 26574 24663 3899
22 26585 24656 3905
21 26601 24659 3903
23 26639 24657 3905
22 26629 24655 3905
21 26647 24657 3904
23 26632 24658 3906
21 26624 24658 3906
22 26618 24657 3904
22 26606 24659 3905
22 26596 24659 3904
21 26592 24657 3906
23 26586 24659 3907
21 26586 24655 3903
22 26587 24657 3906
22 26594 24656 3903
22 26585 24656 3903
21 26583 24661 3904
23 26574 24655 3907
21 26554 24658 3904
22 26538 24662 3906
22 26523 24657 3905
22 26524 24659 3905
21 26539 24661 3904
22 26537 24658 3906
22 26515 24657 3907
22 26548 24655 3903
21 26566 24657 3905
23 26595 24659 3906
21 26607 24661 3905
22 26615 24659 3905
22 26627 24660 3907
22 26620 24660 3905
21 26608 24661 3908
23 26601 24661 3907
21 26581 24655 3904
22 26588 24654 3904
22 26566 24658 3905
22 26576 24659 3907
21 26553 24655 3906
23 26576 24662 3907
21 26584 24659 3908
22 26592 24654 3903
22 26582 24652 3906
22 26580 24655 3905
21 26559 24657 3905
23 26556 24653 3903
22 26540 24653 3906
21 26535 24655 3906
23 26536 24654 3904
21 26521 24658 3904
22 26522 24654 3906
22 26540 24656 3907
22 26561 24655 3908
21 26639 24651 3910
23 26709 24656 3907
21 26801 24655 3906
22 26849 24658 3906
22 26905 24656 3909
22 26897 24661 3902
21 26855 24659 3904
23 26815 24656 3904
21 26753 24653 3908
22 26685 24657 3910
22 26624 24656 3902
22 26555 24653 3907
21 26527 24658 3905
23 26542 24658 3904
21 26567 24659 3907
22 26594 24657 3905
22 26609 24657 3905
22 26599 24659 3907
21 26574 24658 3904
23 26576 24658 3906
21 26546 24653 3904
22 26539 24657 3906
22 26524 24659 3907
22 26518 24658 3906
21 26502 24657 3903
23 26518 24654 3908
21 26580 24655 3904
22 26730 24655 3906
22 26882 24655 3907
22 27015 24655 3904
21 27032 24654 3907
23 26982 24652 3905
21 26883 24647 3903
22 26773 24649 3905
21 26672 24652 3909
23 26581 24650 3905
22 26532 24651 3906
21 26502 24649 3907
23 26494 24652 3908
21 26514 24647 3907
22 26548 24647 3908
22 26584 24645 3908
22 26588 24645 3907
21 26600 24645 3905
23 26584 24638 3905
21 26564 24640 3908
22 26546 24640 3905
22 26519 24643 3908
22 26505 24642 3908
21 26517 24642 3904
23 26493 24645 3907
21 26494 24643 3909
22 26523 24640 3905
22 26624 24636 3907
22 26779 24645 3901
21 26923 24638 3904
23 26991 24631 3906
21 27004 24642 3904
22 26953 24638 3905
22 26871 24637 3908
22 26766 24638 3905
21 26664 24638 3906
23 26611 24638 3907
21 26564 24639 3905
22 26514 24639 3904
22 26496 24640 3905
22 26508 24635 3907
21 26521 24634 3901
23 26564 24635 3906
21 26606 24634 3904
22 26603 24634 3902
22 26578 24633 3904
22 26553 24627 3905
21 26514 24631 3904
23 26495 24629 3899
21 26469 24627 3906
22 26465 24635 3904
23 26451 24631 3908
21 26472 24626 3906
22 26510 24629 3904
22 26619 24630 3903
22 26783 24628 3906
21 26933 24628 3904
23 27020 24627 3904
21 27048 24627 3908
22 26972 24625 3907
22 26881 24624 3908
22 26782 24624 3904
21 26693 24621 3904
23 26592 24625 3904
21 26541 24621 3903
22 26479 24616 3904
22 26475 24620 3905
22 26481 24617 3904
21 26509 24619 3904
23 26564 24620 3906
21 26568 24617 3902
22 26569 24617 3908
21 26542 24611 3909
23 26510 24618 3906
21 26510 24612 3903
22 26479 24614 3906
22 26462 24613 3907
22 26458 24620 3904
21 26447 24615 3908
23 26450 24614 3905
21 26507 24616 3909
22 26649 24620 3906
22 26859 24616 3908
22 27020 24614 3905
21 27082 24621 3901
23 27048 24614 3906
21 26939 24615 3906
22 26804 24611 3904
22 26669 24617 3905
22 26602 24613 3907
21 26517 24612 3905
23 26457 24608 3905
21 26431 24616 3908
22 26443 24613 3909
23 26471 24605 3905
21 26493 24614 3906
22 26546 24616 3910
22 26541 24617 3904
22 26536 24619 3909
21 26493 24610 3906
23 26435 24614 3907
21 26403 24616 3904
22 26392 24608 3906
22 26405 24614 3908
22 26396 24611 3905
21 26414 24612 3903
23 26424 24616 3906
21 26464 24615 3905
22 26586 24611 3902
22 26783 24614 3903
22 26964 24609 3905
21 27073 24613 3905
23 27043 24610 3901
21 26900 24609 3906
22 26737 24612 3903
22 26594 24612 3904
22 26490 24608 3907
21 26442 24611 3904
23 26409 24613 3904
21 26388 24610 3906
22 26388 24612 3905
22 26415 24613 3908
22 26428 24611 3908
21 26471 24610 3907
23 26474 24613 3906
21 26479 24613 3905
22 26452 24611 3906
22 26433 24617 3907
22 26446 24612 3903
21 26455 24615 3903
23 26457 24611 3902
21 26438 24611 3902
22 26430 24615 3909
22 26423 24611 3909
22 26435 24615 3903
22 26552 24616 3904
21 26711 24612 3906
23 26850 24614 3904
21 26919 24607 3901
22 26884 24616 3907
22 26801 24615 3904
22 26696 24612 3904
21 26581 24614 3908
23 26495 24614 3907
21 26443 24615 3907
22 26399 24615 3907
22 26375 24617 3905
22 26369 24614 3905
21 26402 24616 3903
23 26426 24615 3905
21 26475 24619 3905
22 26483 24618 3905
22 26470 24619 3905
22 26451 24623 3905
21 26440 24620 3904
23 26461 24617 3906
21 26454 24623 3902
22 26470 24626 3905
22 26469 24613 3906
22 26465 24622 3906
21 26476 24624 3905
23 26466 24623 3906
21 26498 24627 3905
22 26602 24622 3904
22 26737 24622 3904
22 26846 24623 3907
21 26910 24618 3910
23 26880 24619 3906
21 26764 24621 3904
22 26676 24621 3911
22 26626 24621 3906
22 26589 24621 3906
21 26565 24619 3902
23 26531 24622 3899
21 26530 24617 3901
22 26530 24620 3904
23 26529 24619 3903
21 26513 24612 3907
22 26501 24614 3905
22 26501 24620 3907
22 26490 24617 3906
21 26493 24618 3905
23 26478 24623 3905
21 26461 24618 3904
22 26471 24614 3902
22 26478 24624 3908
22 26470 24610 3905
21 26457 24619 3905
23 26457 24618 3903
21 26448 24620 3906
22 26454 24617 3905
22 26507 24618 3903
22 26616 24622 3901
21 26722 24620 3904
23 26794 24617 3906
21 26784 24617 3905
22 26751 24619 3904
22 26692 24620 3906
22 26670 24618 3905
21 26654 24618 3905
22 26632 24622 3909
22 26624 24617 3907
22 26591 24614 3902
21 26541 24615 3906
23 26524 24613 3905
21 26509 24617 3905
22 26504 24616 3905
22 26503 24618 3907
22 26521 24618 3906
21 26514 24614 3905
23 26495 24614 3908
21 26477 24620 3906
22 26460 24617 3904
22 26455 24620 3903
22 26440 24621 3905
21 26461 24621 3909
23 26476 24622 3905
21 26475 24628 3907
22 26473 24620 3906
23 26463 24623 3911
21 26477 24633 3904
22 26521 24628 3906
22 26639 24623 3903
22 26731 24633 3905
21 26802 24635 3905
23 26790 24635 3904
21 26738 24636 3907
22 26657 24639 3907
22 26577 24645 3907
22 26543 24645 3905
21 26537 24645 3902
23 26535 24650 3901
21 26519 24649 3905
22 26507 24648 3906
22 26507 24654 3904
22 26505 24657 3904
21 26515 24655 3902
23 26529 24661 3898
21 26513 24658 3904
22 26511 24662 3905
22 26499 24670 3902
22 26490 24667 3905
21 26475 24669 3903
23 26483 24676 3905
21 26471 24669 3904
22 26486 24677 3905
22 26503 24680 3906
22 26493 24678 3906
21 26485 24679 3905
23 26469 24682 3908
21 26485 24685 3904
22 26568 24685 3903
22 26670 24688 3902
22 26754 24689 3903
21 26805 24690 3904
23 26786 24697 3905
21 26739 24693 3903
22 26667 24690 3904
22 26625 24695 3905
22 26572 24696 3901
21 26555 24697 3906
23 26540 24696 3906
22 26538 24698 3904
21 26542 24704 3902
22 26527 24700 3905
22 26523 24698 3905
22 26513 24701 3904
21 26531 24708 3905
23 26519 24703 3905
21 26517 24702 3904
22 26518 24704 3905
22 26526 24706 3904
22 26501 24706 3908
21 26498 24708 3908
23 26487 24706 3906
21 26490 24707 3904
22 26503 24703 3906
22 26498 24705 3907
22 26529 24706 3906
21 26515 24705 3904
23 26499 24700 3907
21 26496 24705 3906
22 26489 24707 3906
22 26512 24696 3905
22 26584 24704 3905
21 26668 24698 3905
23 26771 24697 3906
21 26811 24702 3904
22 26795 24701 3904
22 26748 24709 3904
22 26685 24707 3904
21 26634 24704 3907
23 26620 24702 3908
21 26606 24707 3907
22 26579 24702 3900
22 26555 24706 3901
22 26539 24702 3904
21 26526 24702 3908
23 26531 24706 3906
21 26536 24705 3905
22 26549 24704 3905
22 26554 24705 3902
22 26555 24698 3902
21 26535 24704 3901
23 26540 24707 3900
22 26518 24701 3907
21 26525 24701 3903
23 26509 24705 3906
21 26491 24700 3906
22 26517 24706 3906
22 26492 24702 3906
22 26485 24706 3905
21 26484 24705 3905
23 26500 24703 3905
21 26491 24709 3904
22 26482 24707 3903
22 26474 24705 3903
22 26469 24707 3905
21 26502 24704 3904
23 26602 24708 3901
21 26741 24706 3905
22 26879 24710 3904
22 26930 24715 3902
22 26899 24709 3901
21 26810 24715 3905
23 26718 24713 3907
21 26648 24713 3901
22 26625 24714 3905
21 26610 24712 3907
23 26605 24716 3907
21 26575 24717 3902
22 26568 24715 3904
22 26557 24717 3904
22 26588 24720 3903
21 26590 24718 3904
23 26610 24718 3904
21 26598 24722 3903
22 26573 24717 3903
22 26528 24718 3904
22 26515 24723 3904
21 26494 24727 3907
23 26490 24723 3905
21 26489 24724 3904
22 26495 24725 3904
22 26514 24724 3907
22 26511 24725 3906
22 26518 24719 3903
22 26504 24715 3908
22 26492 24721 3903
21 26499 24726 3905
23 26485 24714 3905
21 26539 24721 3907
22 26649 24721 3905
22 26806 24728 3906
22 26923 24728 3904
21 26949 24723 3903
23 26896 24727 3905
21 26800 24723 3905
22 26710 24721 3906
22 26641 24722 3905
22 26613 24721 3907
21 26576 24722 3906
23 26559 24726 3902
21 26527 24722 3905
22 26529 24720 3904
22 26532 24721 3903
22 26556 24717 3906
21 26569 24721 3908
23 26581 24724 3900
21 26593 24716 3907
22 26559 24723 3904
22 26531 24719 3907
22 26501 24714 3906
21 26485 24721 3903
23 26473 24720 3905
21 26468 24720 3904
22 26457 24719 3899
22 26480 24717 3903
22 26482 24718 3905
21 26493 24716 3904
23 26507 24716 3908
21 26510 24719 3905
22 26507 24714 3904
22 26484 24719 3907
22 26481 24716 3901
21 26493 24713 3905
23 26533 24712 3903
22 26671 24712 3904
21 26854 24713 3906
23 26997 24714 3907
21 27056 24714 3902
22 27022 24713 3905
21 26906 24706 3908
23 26786 24710 3908
21 26702 24707 3902
22 26648 24711 3907
22 26607 24702 3906
22 26591 24701 3907
21 26570 24703 3907
23 26561 24700 3903
21 26541 24702 3904
22 26555 24704 3910
22 26543 24702 3907
22 26559 24700 3905
21 26546 24695 3904
23 26510 24700 3905
21 26479 24698 3907
22 26464 24694 3904
22 26432 24694 3909
22 26443 24698 3903
21 26447 24697 3905
23 26438 24691 3903
21 26450 24692 3903
22 26480 24691 3906
22 26491 24686 3905
22 26493 24695 3907
21 26507 24697 3904
23 26519 24693 3903
21 26513 24694 3907
22 26505 24694 3907
22 26527 24694 3907
22 26603 24687 3906
21 26785 24685 3903
23 26993 24688 3903
21 27099 24687 3906
22 27061 24689 3902
22 26921 24686 3906
22 26767 24685 3904
21 26629 24684 3901
23 26567 24682 3899
22 26531 24680 3906
21 26563 24681 3903
23 26534 24685 3899
21 26552 24679 3904
22 26574 24681 3905
22 26600 24689 3907
22 26622 24684 3904
21 26624 24692 3905
23 26627 24686 3906
21 26587 24687 3905
22 26556 24688 3905
22 26530 24686 3906
22 26510 24685 3904
21 26485 24690 3906
23 26480 24688 3907
21 26493 24687 3904
22 26485 24687 3905
22 26476 24686 3908
22 26476 24685 3901
21 26467 24687 3904
23 26461 24682 3907
21 26449 24680 3902
22 26460 24687 3904
22 26569 24685 3906
22 26794 24677 3904
21 27031 24683 3906
22 27147 24679 3904
22 27133 24677 3907
22 26977 24674 3904
21 26808 24677 3904
23 26633 24676 3909
21 26549 24677 3904
22 26492 24676 3907
22 26499 24672 3906
22 26497 24673 3904
21 26488 24670 3905
23 26505 24673 3904
21 26516 24668 3905
22 26534 24671 3906
22 26547 24667 3906
22 26556 24668 3905
21 26554 24664 3904
23 26507 24670 3907
22 26495 24669 3905
21 26448 24667 3904
23 26445 24663 3904
21 26412 24663 3905
22 26413 24661 3904
22 26413 24657 3906
22 26433 24665 3907
21 26418 24664 3906
23 26443 24665 3902
21 26437 24666 3904
22 26442 24662 3905
22 26464 24666 3908
22 26464 24664 3904
21 26452 24660 3903
23 26474 24666 3902
21 26586 24663 3904
22 26812 24663 3902
22 27069 24662 3904
22 27221 24662 3907
21 27187 24661 3903
23 27033 24664 3899
21 26843 24657 3905
22 26666 24660 3904
22 26557 24662 3899
22 26532 24655 3904
21 26529 24660 3904
23 26534 24658 3904
21 26522 24657 3906
22 26502 24660 3905
22 26508 24665 3905
22 26528 24655 3906
21 26537 24665 3895
23 26548 24659 3903
21 26547 24660 3907
22 26515 24666 3903
22 26467 24666 3906
22 26445 24662 3905
21 26420 24669 3904
23 26387 24666 3903
21 26391 24666 3901
22 26389 24665 3904
23 26383 24663 3903
21 26414 24664 3903
22 26437 24669 3903
22 26441 24666 3905
22 26456 24665 3902
21 26456 24672 3907
22 26454 24666 3905
22 26466 24670 3907
22 26455 24670 3901
21 26474 24667 3906
23 26558 24668 3903
21 26754 24670 3906
22 26994 24674 3906
22 27173 24675 3906
22 27196 24671 3907
21 27065 24674 3904
23 26874 24671 3904
21 26705 24671 3903
22 26585 24668 3909
22 26519 24671 3905
22 26492 24678 3904
21 26507 24673 3903
23 26488 24679 3905
21 26483 24674 3905
22 26473 24678 3904
22 26496 24666 3905
22 26537 24678 3899
21 26543 24673 3904
23 26540 24674 3902
21 26518 24673 3903
22 26495 24680 3907
22 26468 24680 3904
22 26446 24683 3905
21 26423 24684 3902
23 26420 24684 3906
21 26406 24686 3907
22 26415 24682 3901
22 26430 24686 3904
22 26443 24682 3904
21 26462 24685 3907
23 26486 24685 3906
21 26491 24691 3906
22 26486 24685 3900
23 26526 24689 3903
21 26668 24681 3908
22 26880 24681 3901
22 27099 24687 3900
22 27207 24683 3903
21 27161 24684 3906
23 27008 24689 3904
21 26829 24680 3907
22 26684 24681 3905
22 26608 24690 3904
22 26583 24683 3906
21 26541 24690 3903
23 26502 24684 3904
21 26486 24687 3906
22 26486 24688 3905
22 26512 24688 3902
22 26520 24684 3903
21 26533 24684 3903
23 26516 24686 3903
21 26509 24683 3903
22 26477 24683 3903
22 26473 24686 3905
22 26436 24687 3902
21 26417 24688 3906
23 26419 24688 3909
21 26427 24685 3902
22 26420 24685 3904
21 26424 24681 3905
23 26427 24682 3904
21 26455 24681 3904
22 26433 24689 3906
22 26440 24683 3905
22 26461 24683 3904
21 26471 24685 3907
23 26466 24678 3906
21 26484 24683 3905
22 26600 24680 3904
22 26809 24683 3905
22 26984 24676 3903
21 27066 24680 3907
23 27052 24678 3906
22 26921 24678 3903
21 26787 24679 3908
23 26668 24681 3906
21 26602 24676 3904
22 26585 24678 3905
22 26591 24668 3900
22 26573 24675 3901
21 26557 24687 3903
23 26550 24669 3906
21 26550 24673 3906
22 26542 24675 3904
22 26543 24676 3907
22 26538 24672 3903
21 26552 24668 3906
23 26555 24665 3905
21 26491 24665 3906
22 26476 24664 3904
22 26451 24662 3903
22 26428 24668 3907
21 26407 24665 3906
23 26414 24664 3906
21 26406 24667 3906
22 26436 24665 3903
22 26438 24664 3900
22 26455 24657 3906
21 26442 24659 3903
23 26446 24660 3901
21 26437 24657 3904
22 26423 24661 3904
22 26420 24663 3906
22 26505 24656 3903
21 26697 24661 3903
23 26873 24664 3903
21 27001 24660 3904
22 27014 24654 3904
22 26928 24659 3904
22 26813 24660 3906
21 26677 24657 3904
23 26600 24659 3905
21 26569 24655 3905
22 26562 24654 3905
23 26555 24659 3905
21 26521 24654 3901
22 26534 24651 3903
22 26516 24658 3903
22 26537 24659 3902
21 26560 24655 3904
23 26565 24655 3905
21 26561 24653 3903
22 26552 24654 3905
21 26507 24654 3905
23 26504 24657 3904
21 26506 24654 3901
22 26501 24653 3908
22 26490 24657 3900
22 26473 24655 3902
21 26456 24661 3908
23 26447 24648 3902
21 26468 24648 3906
22 26467 24643 3904
22 26461 24648 3904
22 26465 24648 3906
21 26488 24642 3906
23 26548 24649 3904
21 26690 24646 3904
22 26859 24646 3903
22 27002 24646 3904
22 27037 24645 3903
21 26968 24643 3907
23 26857 24638 3906
21 26721 24644 3900
22 26650 24644 3906
22 26601 24636 3903
22 26585 24639 3906
21 26578 24640 3905
23 26562 24641 3905
21 26527 24636 3902
22 26540 24636 3906
22 26539 24635 3908
22 26545 24637 3903
21 26532 24626 3905
23 26522 24639 3906
21 26509 24630 3906
22 26482 24634 3905
23 26468 24635 3903
21 26450 24639 3903
22 26458 24632 3903
22 26444 24635 3901
22 26455 24630 3903
21 26443 24632 3901
23 26437 24636 3900
21 26447 24628 3906
22 26445 24634 3904
22 26436 24636 3904
22 26448 24630 3907
21 26448 24631 3903
23 26478 24634 3908
21 26481 24630 3903
22 26483 24634 3898
22 26574 24635 3904
22 26740 24632 3903
21 26919 24632 3904
23 27019 24631 3908
21 27055 24635 3904
22 26955 24632 3902
22 26845 24631 3905
22 26745 24631 3902
21 26669 24629 3902
23 26646 24636 3905
21 26619 24629 3901
22 26607 24636 3905
22 26581 24630 3906
22 26547 24624 3901
21 26500 24632 3905
22 26488 24634 3905
22 26510 24632 3907
22 26525 24632 3903
21 26520 24631 3906
23 26512 24630 3904
21 26462 24629 3905
22 26449 24635 3904
22 26453 24630 3905
22 26424 24632 3904
21 26423 24631 3904
23 26411 24633 3904
21 26421 24630 3904
22 26445 24628 3905
23 26452 24637 3905
21 26443 24632 3903
22 26456 24633 3904
22 26474 24630 3906
22 26466 24632 3905
21 26477 24631 3904
23 26451 24622 3905
21 26433 24634 3904
22 26498 24626 3910
22 26627 24622 3905
22 26810 24627 3906
21 26956 24628 3903
23 27037 24629 3907
21 27018 24623 3905
22 26951 24627 3905
22 26859 24625 3904
22 26783 24624 3902
21 26725 24623 3903
23 26700 24624 3906
21 26664 24623 3904
22 26650 24623 3907
22 26602 24625 3902
22 26552 24624 3906
21 26531 24624 3902
23 26534 24620 3900
21 26542 24619 3907
22 26553 24622 3904
22 26545 24623 3901
22 26529 24621 3903
21 26528 24624 3903
