21 28546 25837 3819
22 28552 25836 3816
22 28547 25837 3824
22 28542 25837 3821
21 28596 25832 3822
23 28665 25833 3820
21 28750 25834 3818
22 28814 25827 3818
22 28811 25829 3810
22 28791 25830 3808
21 28756 25826 3810
23 28696 25831 3808
21 28637 25828 3811
22 28583 25827 3809
23 28550 25826 3813
21 28524 25825 3813
22 28519 25823 3808
22 28529 25829 3811
22 28530 25823 3809
21 28527 25824 3809
23 28536 25826 3811
21 28541 25825 3814
22 28531 25823 3814
22 28525 25820 3820
22 28528 25821 3821
21 28525 25827 3817
23 28514 25824 3817
21 28551 25827 3825
22 28560 25827 3818
21 28550 25823 3819
23 28553 25824 3818
21 28555 25823 3824
22 28586 25827 3817
22 28628 25820 3819
22 28713 25820 3823
21 28789 25821 3821
23 28808 25820 3820
21 28796 25823 3809
22 28734 25825 3809
22 28664 25825 3806
22 28599 25826 3810
21 28551 25828 3813
23 28519 25830 3808
21 28504 25829 3809
22 28492 25829 3811
22 28486 25831 3809
22 28494 25833 3810
21 28528 25836 3810
23 28548 25838 3807
21 28590 25835 3810
22 28561 25838 3808
22 28546 25846 3808
22 28562 25837 3817
21 28572 25841 3821
23 28570 25839 3818
21 28547 25839 3819
22 28549 25838 3819
23 28536 25840 3819
21 28556 25838 3819
22 28599 25838 3818
22 28671 25839 3818
22 28754 25840 3818
21 28813 25843 3819
23 28848 25843 3821
21 28838 25844 3819
22 28775 25844 3819
22 28710 25848 3815
22 28629 25853 3810
21 28595 25846 3814
23 28561 25846 3813
21 28547 25853 3808
22 28555 25844 3807
22 28557 25847 3807
22 28597 25848 3807
21 28582 25848 3810
23 28613 25844 3809
21 28590 25845 3810
22 28587 25844 3805
22 28551 25838 3810
22 28549 25843 3809
21 28564 25841 3806
23 28571 25842 3820
21 28564 25835 3818
22 28563 25836 3818
22 28556 25837 3820
22 28539 25836 3820
21 28563 25839 3817
23 28633 25838 3820
21 28719 25833 3823
22 28762 25832 3819
22 28782 25830 3821
22 28768 25832 3819
21 28720 25832 3820
22 28705 25830 3822
22 28650 25828 3820
22 28602 25829 3825
21 28555 25826 3808
23 28545 25827 3812
21 28522 25826 3809
22 28541 25827 3810
23 28567 25829 3809
21 28581 25829 3809
22 28586 25827 3811
22 28595 25831 3808
22 28599 25828 3809
21 28583 25831 3811
23 28587 25828 3810
21 28565 25828 3812
22 28564 25827 3811
22 28568 25829 3808
22 28567 25826 3818
21 28575 25827 3819
23 28549 25833 3818
21 28555 25823 3820
22 28538 25830 3820
22 28576 25834 3819
22 28627 25825 3821
21 28685 25826 3820
23 28732 25827 3820
21 28777 25827 3820
22 28788 25824 3820
22 28808 25824 3819
22 28794 25831 3820
21 28767 25826 3821
23 28751 25826 3819
21 28697 25831 3811
22 28671 25831 3809
22 28647 25832 3808
22 28655 25834 3809
21 28623 25833 3808
23 28604 25838 3813
21 28581 25844 3809
22 28572 25836 3809
22 28550 25839 3814
22 28486 25845 3810
21 28473 25844 3808
23 28474 25844 3810
21 28499 25849 3808
22 28503 25844 3807
22 28499 25845 3811
22 28498 25839 3820
22 28487 25845 3814
22 28431 25838 3821
22 28349 25837 3818
21 28245 25833 3816
23 28157 25838 3819
21 28121 25833 3820
22 28173 25831 3820
22 28295 25836 3818
22 28477 25833 3823
21 28650 25830 3819
23 28741 25834 3819
21 28787 25833 3820
22 28753 25838 3820
22 28664 25837 3810
22 28549 25840 3812
21 28450 25839 3811
22 28419 25840 3807
22 28473 25841 3810
22 28552 25840 3811
21 28637 25844 3809
23 28697 25841 3810
21 28724 25843 3809
22 28691 25842 3809
22 28668 25840 3808
22 28602 25848 3809
21 28553 25845 3812
23 28495 25843 3808
21 28464 25840 3808
22 28488 25839 3818
22 28513 25838 3819
22 28562 25837 3819
21 28612 25838 3818
23 28672 25838 3822
21 28682 25838 3819
22 28655 25840 3819
22 28645 25844 3818
22 28623 25835 3819
21 28611 25836 3818
23 28623 25840 3822
21 28671 25839 3820
22 28741 25837 3818
23 28815 25841 3819
21 28854 25836 3809
22 28859 25838 3808
22 28814 25843 3811
22 28728 25840 3806
21 28679 25839 3808
23 28644 25840 3810
21 28645 25841 3810
22 28627 25835 3809
22 28625 25835 3811
22 28596 25835 3809
21 28571 25833 3811
23 28572 25837 3814
21 28523 25837 3809
22 28450 25829 3813
22 28414 25832 3817
22 28394 25832 3819
21 28347 25832 3820
23 28328 25833 3822
21 28363 25834 3815
22 28401 25832 3817
22 28491 25836 3823
22 28616 25832 3818
21 28731 25838 3824
23 28823 25832 3818
21 28878 25837 3818
22 28896 25833 3814
22 28890 25840 3818
22 28875 25839 3817
21 28830 25835 3816
23 28778 25840 3819
21 28692 25840 3811
22 28535 25842 3807
22 28468 25841 3810
22 28399 25839 3813
21 28395 25844 3808
23 28457 25841 3811
21 28549 25838 3813
22 28690 25840 3808
21 28792 25837 3809
23 28849 25834 3810
21 28842 25836 3819
22 28851 25832 3807
23 28817 25832 3810
21 28777 25830 3811
22 28767 25829 3808
22 28802 25822 3822
22 28848 25825 3821
21 28947 25825 3820
23 29056 25818 3816
21 29065 25817 3820
22 29030 25817 3815
22 28935 25815 3819
22 28868 25813 3819
21 28781 25812 3819
23 28745 25807 3820
21 28672 25805 3819
22 28597 25806 3817
22 28569 25811 3817
22 28618 25808 3817
21 28615 25810 3806
23 28657 25818 3809
21 28710 25809 3810
22 28752 25810 3809
22 28818 25813 3809
22 28899 25813 3807
21 28886 25812 3809
23 28836 25813 3811
21 28784 25822 3811
22 28713 25818 3810
22 28641 25818 3810
22 28614 25820 3807
21 28580 25816 3807
23 28614 25815 3810
21 28730 25818 3815
22 28979 25817 3820
22 29149 25817 3822
22 29201 25824 3819
21 29149 25814 3820
23 29043 25815 3823
21 28894 25819 3820
22 28723 25817 3818
22 28667 25821 3819
22 28674 25822 3816
21 28767 25821 3817
23 28834 25825 3820
22 28852 25821 3819
21 28861 25824 3815
23 28802 25823 3821
21 28778 25828 3809
22 28712 25826 3809
22 28657 25831 3810
22 28610 25830 3807
21 28564 25831 3810
23 28510 25833 3809
21 28466 25832 3810
22 28471 25834 3809
22 28481 25838 3810
22 28503 25841 3811
21 28589 25845 3811
23 28677 25842 3811
21 28763 25850 3809
22 28828 25850 3811
21 28857 25849 3808
23 28893 25855 3821
21 28883 25854 3821
22 28910 25857 3819
22 28932 25861 3818
22 28938 25865 3821
21 28926 25869 3817
23 28909 25876 3819
21 28877 25878 3819
22 28837 25884 3823
22 28790 25893 3817
22 28750 25894 3818
21 28715 25897 3820
23 28695 25901 3819
21 28688 25905 3820
22 28700 25914 3810
22 28710 25913 3811
22 28757 25914 3808
21 28800 25916 3810
23 28861 25929 3807
21 28917 25919 3809
22 28969 25922 3810
22 29011 25933 3810
22 29054 25928 3809
21 29057 25925 3806
23 29038 25926 3809
22 29013 25922 3807
21 28967 25921 3809
23 28903 25920 3810
21 28834 25918 3810
22 28774 25914 3810
22 28739 25915 3820
22 28713 25910 3816
21 28724 25905 3822
23 28696 25902 3818
21 28688 25903 3818
22 28707 25903 3820
22 28711 25899 3822
22 28717 25904 3821
21 28736 25899 3822
23 28750 25902 3822
21 28758 25902 3818
22 28725 25894 3817
22 28723 25895 3818
22 28743 25899 3814
21 28779 25894 3808
23 28841 25893 3808
21 28887 25891 3808
22 28926 25896 3806
22 28915 25894 3808
22 28913 25891 3809
21 28871 25891 3807
23 28832 25892 3810
21 28775 25893 3807
22 28745 25894 3807
22 28704 25892 3812
22 28700 25891 3812
21 28714 25890 3807
23 28692 25890 3807
21 28701 25885 3819
22 28705 25885 3821
22 28711 25883 3822
22 28720 25882 3821
21 28710 25889 3820
22 28690 25888 3818
22 28718 25883 3820
22 28690 25885 3826
22 28694 25881 3820
22 28678 25884 3818
22 28683 25882 3820
21 28684 25883 3819
23 28698 25880 3820
21 28718 25877 3817
22 28792 25877 3819
22 28828 25879 3808
22 28873 25879 3809
21 28888 25880 3810
23 28871 25878 3811
21 28839 25876 3811
22 28797 25879 3809
22 28747 25874 3809
22 28725 25872 3810
21 28724 25871 3810
23 28710 25876 3808
21 28724 25865 3809
22 28717 25867 3809
22 28725 25873 3811
22 28729 25862 3810
21 28742 25858 3819
23 28722 25855 3821
21 28701 25850 3820
22 28676 25847 3819
22 28657 25844 3820
22 28660 25844 3819
21 28639 25843 3820
23 28633 25842 3817
21 28649 25840 3817
22 28644 25835 3815
22 28650 25838 3820
22 28664 25837 3819
21 28687 25836 3812
23 28720 25832 3825
21 28746 25839 3817
22 28772 25834 3814
22 28779 25830 3809
22 28779 25836 3809
21 28763 25830 3807
23 28751 25830 3808
22 28730 25831 3807
21 28710 25828 3810
23 28725 25825 3812
21 28759 25825 3806
22 28810 25824 3804
22 28861 25822 3809
22 28895 25821 3810
21 28909 25817 3807
23 28883 25821 3809
21 28848 25818 3811
22 28813 25816 3817
22 28788 25814 3817
22 28752 25812 3821
21 28751 25811 3817
23 28755 25814 3820
21 28770 25811 3821
22 28800 25814 3821
22 28790 25811 3821
22 28811 25811 3820
21 28806 25812 3819
22 28792 25810 3821
22 28767 25812 3819
22 28750 25815 3825
21 28708 25811 3819
23 28698 25812 3811
21 28651 25814 3809
22 28623 25816 3810
22 28640 25821 3811
22 28626 25820 3810
21 28618 25821 3809
23 28641 25823 3807
21 28654 25822 3806
22 28676 25821 3810
22 28667 25820 3810
22 28670 25820 3810
21 28695 25827 3809
23 28752 25824 3808
21 28826 25826 3809
22 28886 25823 3808
22 28913 25832 3820
22 28908 25826 3819
21 28860 25824 3820
23 28847 25835 3819
22 28798 25826 3819
21 28754 25825 3819
23 28721 25830 3819
21 28703 25828 3818
22 28684 25830 3816
22 28701 25830 3822
22 28701 25832 3818
21 28699 25829 3817
23 28690 25829 3818
21 28720 25830 3818
22 28735 25829 3807
22 28739 25831 3810
22 28741 25831 3809
21 28740 25828 3809
23 28753 25827 3813
21 28771 25829 3808
22 28824 25822 3816
22 28875 25823 3812
22 28912 25821 3810
21 28914 25821 3809
23 28920 25820 3810
21 28888 25813 3809
22 28865 25812 3808
22 28813 25813 3808
22 28804 25814 3811
21 28854 25811 3817
23 28873 25810 3819
21 28920 25808 3817
22 28961 25809 3815
22 28970 25812 3820
22 28983 25809 3818
21 28922 25810 3818
23 28833 25807 3822
21 28706 25812 3819
22 28618 25811 3819
22 28585 25811 3819
22 28587 25810 3816
21 28608 25813 3820
23 28675 25811 3818
21 28740 25808 3822
22 28732 25817 3809
21 28765 25814 3810
23 28725 25812 3808
22 28678 25812 3817
21 28656 25812 3811
23 28636 25810 3810
21 28640 25810 3810
22 28667 25811 3810
22 28675 25808 3809
22 28699 25807 3808
21 28702 25811 3810
23 28694 25806 3807
21 28678 25807 3810
22 28661 25810 3811
22 28641 25807 3808
22 28641 25803 3816
21 28654 25796 3821
23 28687 25804 3816
21 28726 25802 3818
22 28771 25800 3820
22 28816 25806 3820
22 28834 25801 3816
21 28851 25802 3819
23 28838 25806 3819
21 28818 25801 3818
22 28757 25801 3817
22 28730 25800 3821
22 28725 25802 3819
21 28697 25800 3818
23 28699 25805 3809
21 28715 25807 3807
22 28739 25805 3808
22 28748 25803 3810
22 28764 25806 3809
21 28757 25807 3811
23 28744 25807 3809
21 28709 25807 3807
22 28698 25807 3810
22 28694 25810 3810
22 28671 25814 3809
21 28659 25806 3813
23 28663 25813 3812
21 28725 25814 3809
22 28798 25809 3810
23 28877 25810 3817
21 28881 25814 3818
22 28857 25806 3817
22 28833 25809 3818
22 28796 25809 3815
21 28796 25809 3817
23 28788 25804 3817
21 28821 25803 3819
22 28805 25799 3813
22 28786 25802 3819
22 28757 25799 3818
21 28706 25806 3818
23 28675 25804 3816
21 28658 25808 3822
22 28636 25805 3807
22 28623 25809 3809
22 28638 25812 3810
21 28706 25818 3809
23 28728 25814 3811
21 28743 25817 3803
22 28736 25827 3811
21 28712 25821 3810
23 28693 25829 3810
21 28632 25829 3807
22 28615 25831 3806
22 28593 25833 3810
22 28582 25836 3808
21 28568 25838 3806
23 28526 25837 3810
21 28534 25838 3821
22 28530 25843 3820
22 28545 25847 3814
22 28567 25846 3818
21 28630 25855 3820
23 28684 25857 3817
21 28765 25858 3819
22 28816 25863 3821
22 28859 25865 3821
22 28847 25874 3817
21 28833 25873 3819
23 28772 25887 3821
21 28671 25876 3816
22 28552 25884 3818
23 28475 25891 3808
21 28400 25887 3808
22 28373 25890 3811
22 28395 25896 3809
22 28476 25894 3809
21 28534 25899 3811
23 28612 25898 3809
21 28716 25902 3808
22 28787 25906 3811
22 28834 25912 3809
22 28830 25912 3808
21 28779 25913 3808
23 28689 25917 3809
21 28608 25918 3809
22 28544 25920 3807
22 28478 25920 3811
22 28442 25923 3818
21 28444 25921 3823
23 28429 25925 3822
21 28463 25933 3817
22 28524 25931 3820
22 28583 25933 3819
22 28639 25937 3818
21 28692 25944 3816
23 28736 25943 3818
21 28721 25942 3816
22 28714 25950 3816
22 28673 25949 3818
22 28629 25949 3821
21 28592 25952 3815
23 28560 25955 3808
21 28514 25959 3808
22 28483 25958 3807
22 28496 25961 3812
22 28502 25967 3803
21 28493 25964 3809
23 28515 25964 3808
21 28522 25963 3809
22 28523 25966 3811
22 28533 25965 3809
22 28545 25964 3809
22 28544 25965 3811
21 28537 25965 3811
23 28541 25966 3810
21 28526 25966 3822
22 28522 25963 3819
22 28528 25963 3820
22 28532 25965 3818
21 28556 25963 3820
23 28603 25966 3823
21 28655 25969 3819
22 28682 25969 3819
22 28684 25970 3814
22 28641 25970 3817
21 28612 25969 3814
23 28604 25974 3818
21 28579 25972 3820
22 28558 25975 3817
22 28550 25968 3818
22 28526 25969 3810
21 28514 25974 3809
23 28514 25984 3807
21 28534 25964 3809
22 28522 25967 3807
22 28507 25977 3809
22 28494 25960 3810
21 28511 25961 3811
23 28509 25955 3809
21 28518 25956 3808
22 28502 25954 3811
22 28495 25959 3809
22 28462 25955 3808
21 28464 25954 3809
23 28454 25953 3818
21 28472 25948 3823
22 28494 25946 3817
22 28545 25941 3819
22 28603 25943 3823
21 28657 25937 3820
23 28705 25937 3824
21 28667 25939 3819
22 28656 25934 3819
23 28619 25938 3820
21 28606 25936 3821
22 28570 25932 3818
22 28557 25932 3820
22 28552 25938 3820
21 28551 25928 3817
23 28561 25934 3809
21 28574 25933 3810
22 28559 25938 3805
22 28546 25933 3809
22 28496 25932 3810
21 28464 25931 3808
23 28431 25931 3809
21 28418 25929 3809
22 28440 25932 3807
22 28458 25932 3808
22 28510 25932 3810
21 28544 25932 3807
23 28545 25931 3809
21 28593 25929 3811
22 28679 25936 3810
22 28743 25931 3816
22 28780 25928 3821
21 28746 25926 3818
22 28719 25927 3820
22 28689 25925 3818
22 28660 25928 3824
21 28613 25925 3815
23 28541 25927 3817
21 28491 25925 3819
22 28425 25925 3817
22 28360 25925 3818
22 28287 25920 3817
21 28098 25922 3818
23 27981 25920 3813
21 27946 25920 3810
22 27960 25922 3809
22 28104 25919 3807
22 28246 25919 3811
21 28362 25917 3810
23 28424 25921 3809
21 28430 25916 3811
22 28400 25919 3809
23 28363 25921 3808
21 28352 25915 3809
22 28330 25911 3808
22 28342 25919 3809
22 28356 25907 3807
21 28358 25912 3809
23 28380 25909 3809
21 28373 25906 3822
22 28354 25903 3816
22 28344 25902 3817
22 28371 25904 3819
21 28325 25900 3818
23 28330 25902 3819
21 28350 25901 3817
22 28405 25901 3816
22 28549 25901 3814
22 28914 25896 3819
21 29031 25897 3819
23 28990 25896 3822
21 28912 25900 3819
22 28788 25894 3817
22 28695 25895 3822
22 28552 25900 3806
21 28483 25896 3809
23 28473 25894 3808
21 28566 25895 3806
22 28662 25891 3807
22 28735 25889 3809
22 28789 25885 3808
21 28807 25888 3808
23 28767 25881 3809
21 28755 25877 3807
22 28717 25873 3804
22 28717 25871 3809
22 28681 25869 3808
21 28674 25865 3809
23 28657 25862 3818
21 28618 25861 3820
22 28588 25857 3817
22 28588 25855 3819
22 28603 25850 3821
21 28603 25851 3818
23 28618 25848 3817
22 28636 25849 3823
21 28652 25849 3817
22 28686 25850 3821
22 28727 25849 3818
22 28696 25849 3824
21 28662 25847 3819
23 28618 25849 3817
21 28571 25851 3819
22 28509 25852 3808
22 28429 25851 3807
22 28361 25847 3809
21 28330 25845 3810
23 28338 25850 3808
21 28389 25845 3808
22 28441 25846 3809
22 28460 25847 3810
22 28500 25845 3810
21 28531 25850 3810
23 28604 25848 3810
21 28644 25844 3811
22 28653 25847 3809
22 28609 25856 3807
22 28536 25843 3814
21 28447 25848 3816
23 28418 25851 3820
21 28361 25838 3816
22 28359 25841 3816
22 28358 25841 3819
22 28415 25839 3816
21 28466 25837 3819
23 28516 25841 3816
21 28552 25839 3819
22 28565 25837 3814
22 28543 25837 3819
22 28517 25835 3818
21 28477 25839 3816
23 28438 25836 3817
21 28445 25836 3807
22 28433 25834 3804
22 28458 25837 3811
22 28443 25840 3809
21 28423 25834 3811
23 28390 25836 3809
22 28352 25843 3807
21 28327 25836 3807
23 28351 25838 3808
21 28411 25843 3806
22 28485 25841 3809
22 28527 25842 3807
22 28534 25840 3808
21 28503 25851 3807
23 28390 25842 3809
21 28297 25837 3819
22 28251 25835 3814
22 28241 25834 3821
22 28314 25833 3814
21 28392 25829 3817
23 28488 25830 3819
21 28589 25827 3821
22 28650 25822 3816
22 28630 25821 3818
22 28545 25819 3818
21 28434 25820 3820
23 28330 25816 3814
21 28261 25814 3822
22 28226 25813 3822
21 28265 25810 3809
23 28383 25816 3808
21 28549 25815 3816
22 28653 25816 3806
22 28670 25819 3809
22 28595 25814 3808
21 28395 25817 3808
23 28148 25817 3807
21 28014 25817 3810
22 27982 25818 3809
22 28046 25818 3809
22 28149 25820 3809
21 28286 25817 3805
23 28373 25820 3807
21 28462 25817 3809
22 28533 25819 3820
22 28577 25819 3817
22 28654 25819 3817
22 28700 25817 3818
22 28707 25824 3817
22 28701 25819 3821
21 28678 25812 3817
23 28626 25825 3820
21 28566 25817 3818
22 28512 25818 3820
22 28485 25819 3818
22 28460 25822 3818
21 28427 25816 3817
23 28411 25823 3819
21 28396 25820 3814
22 28382 25822 3808
22 28379 25825 3808
22 28383 25823 3809
21 28405 25823 3809
23 28423 25824 3811
21 28422 25825 3809
22 28418 25827 3809
22 28414 25825 3813
22 28395 25830 3808
21 28372 25827 3814
23 28347 25825 3811
21 28317 25835 3808
22 28349 25828 3808
22 28375 25827 3808
22 28449 25832 3805
21 28548 25828 3818
23 28611 25830 3816
21 28640 25831 3816
22 28639 25830 3818
22 28597 25829 3819
22 28527 25833 3816
21 28504 25827 3814
23 28443 25827 3820
21 28406 25826 3820
22 28372 25827 3819
22 28380 25828 3817
22 28376 25829 3824
21 28400 25828 3819
23 28416 25829 3815
22 28400 25832 3810
21 28386 25835 3808
23 28357 25832 3807
21 28353 25833 3809
22 28360 25835 3809
21 28351 25832 3810
23 28347 25830 3810
21 28339 25831 3814
22 28368 25832 3806
22 28365 25830 3809
22 28380 25832 3808
21 28452 25834 3808
23 28521 25837 3807
21 28598 25837 3807
22 28641 25839 3820
22 28663 25842 3816
22 28621 25840 3818
21 28574 25848 3820
23 28519 25847 3819
21 28468 25854 3819
22 28420 25855 3819
22 28401 25857 3819
22 28383 25858 3816
21 28382 25862 3816
23 28408 25868 3818
21 28437 25863 3820
22 28462 25871 3819
22 28443 25879 3818
22 28447 25869 3820
21 28430 25873 3808
23 28409 25877 3811
21 28391 25877 3808
22 28388 25877 3809
22 28364 25879 3809
22 28358 25876 3809
21 28351 25880 3808
23 28359 25882 3808
21 28356 25878 3809
22 28350 25879 3810
22 28393 25875 3808
22 28487 25875 3808
21 28577 25869 3810
23 28647 25869 3811
22 28655 25870 3809
21 28680 25865 3822
23 28645 25862 3822
21 28555 25868 3817
22 28484 25860 3817
22 28415 25861 3817
22 28383 25867 3816
21 28361 25862 3818
23 28377 25867 3819
21 28395 25864 3816
22 28434 25868 3816
22 28442 25868 3816
22 28448 25867 3818
21 28443 25866 3813
23 28421 25865 3817
21 28408 25872 3809
22 28378 25868 3808
22 28381 25871 3809
22 28378 25871 3810
21 28375 25870 3807
23 28373 25870 3807
21 28384 25870 3814
22 28366 25872 3807
22 28395 25870 3809
22 28441 25869 3809
21 28521 25876 3806
22 28589 25871 3808
22 28662 25872 3806
22 28666 25880 3812
21 28651 25873 3808
23 28621 25873 3808
21 28541 25874 3815
22 28493 25877 3816
22 28441 25873 3817
22 28366 25874 3819
21 28338 25874 3818
23 28294 25877 3817
21 28314 25874 3818
22 28323 25878 3816
22 28355 25879 3817
22 28360 25878 3816
21 28375 25881 3819
23 28382 25877 3819
22 28348 25878 3816
21 28296 25878 3808
23 28245 25888 3808
21 28240 25877 3807
22 28232 25885 3810
22 28259 25891 3808
22 28308 25882 3810
21 28349 25881 3809
23 28375 25883 3809
21 28418 25881 3809
22 28497 25883 3808
22 28599 25882 3809
22 28661 25880 3809
21 28709 25882 3809
23 28704 25882 3809
21 28689 25880 3807
22 28637 25879 3815
22 28609 25879 3820
22 28550 25873 3817
21 28532 25874 3814
23 28510 25875 3822
21 28460 25875 3824
22 28427 25867 3818
22 28377 25863 3821
22 28365 25872 3818
21 28339 25865 3817
23 28342 25863 3817
21 28330 25866 3813
22 28311 25860 3818
22 28275 25856 3818
22 28257 25854 3815
21 28230 25857 3813
23 28234 25854 3807
21 28234 25855 3808
22 28240 25855 3808
22 28219 25854 3808
22 28201 25850 3809
21 28163 25852 3805
23 28154 25850 3812
21 28180 25853 3807
22 28211 25852 3807
23 28303 25848 3808
21 28383 25849 3809
22 28435 25850 3808
22 28452 25847 3808
22 28425 25849 3818
21 28382 25848 3816
22 28374 25847 3816
22 28372 25848 3820
22 28363 25846 3822
21 28373 25847 3814
23 28398 25852 3816
21 28437 25847 3818
22 28452 25851 3815
22 28471 25851 3817
22 28489 25849 3818
21 28512 25854 3818
23 28501 25855 3815
21 28538 25855 3815
22 28532 25856 3818
22 28516 25854 3808
22 28465 25854 3809
21 28442 25854 3808
23 28406 25859 3810
21 28387 25856 3809
22 28378 25857 3807
22 28382 25864 3807
22 28411 25853 3807
21 28470 25859 3810
23 28568 25859 3809
21 28659 25848 3810
22 28720 25849 3808
22 28704 25848 3808
22 28651 25847 3808
21 28572 25847 3808
23 28480 25844 3817
21 28419 25842 3816
22 28316 25840 3818
22 28241 25839 3819
22 28185 25838 3816
21 28137 25839 3816
23 28107 25835 3816
21 28114 25838 3818
22 28122 25835 3818
23 28155 25838 3820
21 28130 25833 3816
22 28160 25833 3818
22 28209 25831 3817
22 28306 25833 3816
21 28408 25834 3808
23 28495 25835 3809
21 28545 25835 3805
22 28553 25832 3808
22 28563 25831 3808
22 28579 25830 3805
21 28588 25836 3806
23 28542 25826 3808
21 28462 25826 3807
22 28403 25823 3805
22 28358 25825 3806
22 28335 25820 3809
21 28314 25821 3808
23 28363 25821 3809
21 28411 25819 3807
22 28489 25816 3815
22 28544 25814 3817
22 28587 25811 3818
21 28604 25814 3821
23 28579 25810 3818
21 28535 25807 3820
22 28503 25809 3817
21 28438 25805 3816
23 28429 25807 3819
21 28415 25804 3825
22 28424 25805 3816
22 28443 25803 3820
22 28464 25804 3817
21 28490 25808 3816
23 28494 25807 3808
21 28474 25808 3805
22 28447 25809 3808
22 28420 25808 3807
22 28391 25807 3807
21 28357 25812 3810
23 28336 25808 3808
22 28342 25808 3808
21 28343 25810 3809
23 28365 25809 3807
21 28379 25807 3810
22 28369 25806 3806
22 28378 25811 3806
22 28392 25804 3807
21 28393 25796 3807
23 28440 25809 3819
21 28495 25804 3817
22 28554 25796 3820
22 28608 25797 3817
22 28607 25799 3817
21 28553 25794 3816
23 28526 25794 3818
21 28484 25798 3817
22 28433 25797 3818
22 28399 25799 3817
22 28378 25800 3815
21 28375 25801 3815
23 28373 25805 3816
21 28383 25806 3817
22 28382 25805 3815
22 28396 25808 3810
22 28388 25817 3807
21 28372 25809 3804
23 28357 25812 3813
21 28334 25814 3808
22 28324 25809 3808
22 28318 25810 3808
22 28288 25818 3809
21 28296 25811 3811
23 28290 25809 3809
21 28285 25806 3806
22 28300 25813 3805
22 28265 25809 3808
22 28264 25804 3806
21 28275 25803 3803
23 28328 25800 3818
21 28374 25796 3817
22 28460 25796 3818
23 28493 25796 3818
21 28500 25792 3821
22 28476 25791 3816
22 28444 25790 3818
22 28409 25788 3821
21 28377 25787 3815
23 28323 25786 3819
21 28315 25783 3820
22 28300 25787 3818
21 28284 25786 3817
23 28286 25789 3821
21 28256 25787 3808
22 28229 25790 3806
22 28171 25791 3810
22 28129 25790 3806
21 28107 25793 3809
23 28175 25793 3807
21 28295 25792 3809
22 28459 25792 3807
22 28624 25795 3806
22 28645 25796 3808
21 28604 25797 3808
23 28507 25801 3807
21 28405 25800 3809
22 28318 25803 3807
22 28287 25804 3816
22 28267 25803 3814
21 28251 25808 3817
23 28297 25812 3819
21 28384 25803 3816
22 28476 25805 3815
22 28543 25809 3819
22 28613 25803 3817
21 28664 25807 3816
23 28657 25806 3816
21 28603 25802 3816
22 28512 25807 3817
22 28425 25806 3817
22 28368 25803 3817
21 28378 25805 3818
23 28391 25807 3807
21 28358 25804 3809
22 28362 25804 3806
23 28366 25803 3807
21 28381 25804 3807
22 28345 25801 3810
22 28342 25800 3809
22 28322 25803 3812
21 28330 25798 3811
23 28350 25798 3813
21 28346 25802 3807
22 28351 25793 3808
22 28372 25796 3806
22 28389 25800 3806
21 28413 25793 3807
23 28445 25787 3818
21 28442 25791 3815
22 28416 25792 3818
22 28417 25791 3819
22 28408 25792 3818
21 28425 25790 3813
23 28525 25791 3818
21 28595 25793 3818
22 28614 25790 3815
22 28606 25794 3817
22 28569 25794 3821
21 28480 25795 3815
23 28397 25798 3818
21 28318 25800 3820
22 28270 25801 3807
22 28233 25805 3809
22 28223 25807 3811
21 28233 25810 3808
22 28263 25807 3807
22 28282 25807 3808
22 28306 25810 3817
21 28296 25813 3806
23 28282 25816 3807
21 28249 25816 3810
22 28214 25818 3807
22 28222 25818 3807
22 28230 25816 3807
21 28252 25819 3808
23 28281 25819 3807
21 28264 25819 3808
22 28314 25813 3819
23 28306 25815 3816
21 28297 25814 3818
22 28296 25814 3818
22 28300 25813 3817
22 28323 25810 3819
21 28387 25814 3818
23 28476 25813 3818
21 28524 25803 3817
22 28519 25803 3819
22 28509 25808 3818
22 28461 25799 3819
21 28421 25798 3818
23 28371 25800 3816
21 28293 25799 3809
22 28257 25800 3807
22 28252 25799 3809
22 28269 25798 3809
21 28285 25795 3809
23 28292 25797 3808
21 28344 25795 3808
22 28364 25796 3807
22 28347 25798 3808
22 28298 25797 3808
21 28253 25799 3808
23 28197 25800 3810
21 28169 25807 3806
22 28170 25800 3811
22 28138 25801 3822
22 28147 25807 3815
21 28143 25801 3816
23 28132 25804 3820
21 28156 25807 3815
22 28159 25802 3816
22 28168 25804 3816
22 28151 25804 3813
21 28205 25808 3816
23 28282 25806 3817
21 28367 25806 3817
22 28420 25803 3814
22 28452 25803 3817
22 28458 25805 3817
21 28436 25809 3816
23 28424 25804 3808
22 28409 25805 3810
21 28400 25804 3809
23 28383 25806 3806
21 28406 25805 3808
22 28398 25809 3808
22 28381 25806 3810
22 28379 25803 3810
21 28388 25806 3807
22 28399 25806 3808
22 28364 25805 3808
22 28356 25807 3819
21 28338 25804 3808
23 28321 25805 3808
21 28317 25803 3814
22 28317 25803 3814
22 28311 25799 3818
22 28277 25802 3815
21 28270 25798 3817
23 28247 25800 3815
21 28223 25800 3817
22 28229 25801 3815
22 28217 25801 3817
22 28191 25802 3819
21 28179 25805 3819
23 28235 25801 3819
21 28332 25801 3817
22 28379 25808 3818
22 28411 25807 3819
22 28401 25808 3805
21 28340 25801 3808
23 28309 25808 3810
21 28281 25802 3807
22 28240 25802 3808
22 28188 25800 3809
22 28165 25802 3806
21 28192 25802 3807
23 28220 25801 3811
21 28258 25799 3807
22 28308 25801 3808
22 28322 25805 3807
22 28327 25801 3806
22 28308 25800 3805
22 28295 25800 3806
22 28271 25799 3815
21 28281 25799 3818
23 28291 25796 3821
21 28298 25799 3818
22 28305 25794 3822
22 28313 25793 3822
22 28303 25800 3818
21 28292 25793 3817
23 28282 25791 3817
21 28254 25789 3814
22 28249 25789 3815
22 28324 25792 3815
22 28362 25787 3814
21 28413 25792 3815
23 28477 25793 3807
21 28498 25793 3809
22 28511 25797 3807
22 28465 25797 3806
22 28438 25798 3807
21 28412 25799 3806
23 28387 25799 3808
21 28344 25802 3811
22 28311 25799 3805
22 28310 25801 3806
22 28290 25803 3808
21 28286 25807 3805
23 28219 25802 3809
21 28182 25798 3810
22 28130 25801 3807
21 28121 25795 3817
23 28145 25791 3817
21 28173 25792 3826
22 28233 25791 3815
22 28285 25793 3819
22 28299 25787 3818
21 28303 25791 3815
23 28306 25789 3819
21 28261 25788 3815
22 28255 25789 3819
23 28262 25791 3814
21 28309 25785 3818
22 28368 25785 3818
22 28409 25784 3817
22 28401 25783 3821
21 28395 25789 3809
23 28392 25781 3806
21 28369 25782 3809
22 28335 25783 3810
22 28300 25791 3806
22 28284 25779 3807
21 28258 25785 3807
23 28255 25787 3807
21 28263 25776 3806
22 28265 25778 3808
22 28284 25776 3807
22 28305 25773 3808
21 28277 25772 3808
23 28242 25772 3807
21 28187 25768 3820
22 28100 25766 3818
22 28028 25767 3816
22 27997 25767 3817
21 27933 25765 3817
23 27908 25765 3816
21 27898 25763 3818
22 27942 25760 3816
22 28019 25763 3821
22 28119 25769 3815
21 28197 25763 3820
23 28254 25767 3824
21 28277 25769 3816
22 28265 25767 3817
22 28244 25768 3819
22 28217 25773 3806
21 28231 25768 3808
23 28246 25772 3806
21 28275 25774 3807
22 28287 25775 3806
22 28320 25773 3809
22 28353 25769 3805
21 28373 25770 3805
23 28397 25771 3806
22 28405 25767 3809
21 28415 25767 3806
23 28392 25768 3809
21 28353 25766 3808
22 28351 25765 3806
22 28330 25763 3814
22 28310 25761 3822
21 28305 25764 3817
23 28283 25758 3820
21 28285 25758 3816
22 28276 25762 3819
21 28309 25757 3817
23 28360 25761 3819
21 28395 25758 3825
22 28463 25754 3813
22 28441 25756 3819
22 28425 25753 3818
21 28365 25754 3818
23 28320 25755 3818
21 28256 25757 3816
22 28216 25760 3808
22 28213 25761 3807
22 28205 25760 3809
21 28251 25760 3810
23 28264 25764 3807
21 28296 25759 3809
22 28351 25766 3809
22 28370 25763 3808
22 28394 25760 3810
21 28378 25763 3810
23 28363 25770 3811
21 28352 25764 3808
22 28330 25754 3808
22 28300 25769 3808
22 28248 25760 3808
21 28266 25759 3818
23 28265 25756 3818
21 28253 25758 3816
22 28298 25756 3816
22 28373 25759 3817
22 28402 25756 3816
21 28449 25756 3819
23 28443 25755 3819
22 28450 25755 3817
21 28421 25756 3812
23 28412 25754 3815
21 28379 25756 3818
22 28361 25755 3815
22 28346 25755 3824
22 28307 25763 3808
21 28298 25759 3812
23 28295 25755 3810
21 28293 25764 3807
22 28291 25758 3806
22 28289 25759 3808
22 28279 25765 3804
21 28275 25759 3807
23 28278 25758 3806
21 28266 25758 3806
22 28272 25764 3804
22 28248 25757 3809
22 28252 25754 3807
21 28251 25755 3804
23 28256 25757 3808
21 28265 25754 3817
22 28256 25753 3814
22 28244 25751 3819
22 28247 25757 3820
21 28252 25751 3816
23 28317 25749 3818
21 28392 25753 3822
22 28463 25756 3816
22 28485 25756 3815
22 28463 25761 3822
21 28445 25765 3819
22 28406 25765 3817
22 28379 25769 3817
22 28345 25768 3822
21 28333 25766 3815
23 28283 25772 3807
21 28281 25772 3807
22 28293 25774 3807
22 28292 25778 3804
22 28290 25772 3806
21 28290 25773 3807
23 28278 25771 3806
22 28266 25772 3805
21 28244 25770 3808
23 28246 25769 3806
21 28235 25767 3805
22 28230 25772 3808
22 28243 25767 3811
22 28234 25763 3809
21 28245 25768 3806
23 28254 25765 3816
21 28250 25759 3825
22 28263 25763 3820
22 28253 25766 3819
22 28250 25755 3815
21 28250 25754 3818
23 28247 25754 3816
21 28247 25752 3817
22 28251 25754 3818
22 28247 25750 3818
22 28252 25751 3815
21 28289 25748 3816
23 28353 25750 3818
21 28419 25749 3819
22 28451 25749 3809
22 28480 25752 3807
22 28463 25751 3807
21 28433 25747 3810
23 28375 25748 3813
21 28345 25753 3807
22 28331 25747 3810
22 28293 25745 3812
22 28295 25749 3804
21 28271 25742 3807
23 28287 25742 3806
21 28303 25745 3808
22 28289 25743 3808
22 28301 25741 3808
22 28292 25739 3815
21 28288 25740 3814
23 28260 25735 3820
21 28255 25735 3816
22 28248 25733 3814
23 28252 25732 3816
21 28248 25733 3816
22 28241 25732 3818
22 28247 25734 3816
22 28257 25738 3817
21 28267 25733 3816
23 28240 25733 3816
21 28237 25731 3817
22 28232 25736 3816
22 28215 25730 3817
22 28223 25734 3810
21 28241 25740 3810
22 28273 25734 3808
22 28345 25735 3805
22 28369 25732 3809
21 28425 25734 3806
23 28410 25735 3809
21 28368 25732 3809
22 28365 25736 3807
22 28324 25735 3808
22 28278 25735 3805
21 28268 25736 3809
23 28242 25738 3805
21 28253 25736 3806
22 28257 25736 3809
22 28290 25733 3816
22 28294 25729 3819
21 28282 25735 3818
23 28288 25731 3817
21 28279 25727 3819
22 28284 25728 3816
22 28253 25737 3815
22 28247 25726 3821
21 28247 25724 3815
23 28252 25736 3817
21 28260 25725 3816
22 28256 25727 3815
22 28247 25725 3815
22 28258 25729 3815
21 28227 25731 3808
23 28195 25731 3808
22 28185 25732 3805
21 28188 25733 3808
23 28184 25733 3808
21 28239 25734 3807
22 28303 25733 3805
22 28371 25735 3808
22 28408 25739 3809
21 28405 25733 3809
23 28390 25731 3810
21 28353 25739 3809
22 28323 25728 3811
22 28272 25732 3809
22 28268 25737 3808
21 28243 25724 3810
23 28249 25723 3818
21 28244 25723 3815
22 28252 25722 3817
22 28294 25718 3817
22 28280 25715 3816
21 28274 25717 3822
23 28263 25715 3816
21 28275 25715 3819
22 28248 25712 3813
22 28232 25713 3818
22 28236 25712 3817
21 28222 25711 3814
23 28223 25713 3816
21 28228 25711 3807
22 28214 25710 3804
22 28211 25710 3808
22 28210 25714 3809
21 28223 25716 3807
23 28225 25713 3808
21 28237 25710 3804
22 28254 25716 3810
21 28338 25714 3807
23 28382 25715 3807
21 28415 25711 3814
22 28418 25714 3806
22 28400 25714 3808
22 28355 25714 3805
21 28332 25715 3808
23 28312 25711 3816
22 28303 25713 3817
21 28287 25712 3818
23 28284 25715 3813
21 28280 25714 3816
22 28300 25715 3815
22 28306 25715 3816
22 28311 25710 3818
21 28303 25720 3818
23 28303 25714 3817
21 28292 25711 3818
22 28278 25710 3817
22 28266 25722 3817
22 28249 25713 3819
21 28221 25717 3819
23 28227 25725 3807
21 28218 25719 3805
22 28228 25719 3810
22 28226 25720 3807
22 28229 25720 3806
21 28214 25720 3808
23 28218 25721 3807
21 28207 25722 3806
22 28200 25719 3807
22 28208 25720 3806
22 28254 25717 3807
21 28320 25716 3807
23 28380 25721 3809
21 28427 25717 3809
22 28441 25714 3820
22 28450 25713 3822
22 28425 25714 3817
21 28394 25709 3817
23 28360 25710 3821
21 28322 25717 3817
22 28307 25707 3817
22 28314 25705 3816
22 28294 25709 3814
21 28301 25703 3816
23 28289 25707 3814
21 28277 25702 3815
22 28249 25710 3814
23 28243 25702 3816
21 28241 25704 3817
22 28206 25704 3805
22 28208 25708 3809
22 28198 25706 3808
21 28191 25704 3806
23 28179 25704 3807
21 28172 25705 3810
22 28174 25705 3804
22 28178 25704 3806
22 28184 25707 3808
21 28187 25711 3809
23 28180 25705 3808
21 28166 25710 3804
22 28175 25713 3811
21 28177 25710 3807
23 28154 25706 3810
21 28187 25709 3822
22 28250 25710 3814
22 28327 25708 3818
22 28377 25709 3818
21 28411 25708 3815
23 28413 25708 3815
21 28381 25713 3819
22 28382 25714 3816
22 28346 25711 3814
22 28335 25709 3817
21 28320 25711 3818
23 28291 25715 3815
21 28294 25712 3812
22 28293 25714 3816
22 28301 25715 3810
22 28281 25718 3805
21 28275 25719 3809
23 28257 25725 3806
21 28256 25720 3803
22 28250 25720 3807
22 28237 25731 3807
22 28223 25727 3808
21 28204 25719 3810
23 28199 25724 3806
21 28218 25725 3808
22 28202 25722 3808
23 28221 25723 3808
21 28204 25722 3806
22 28203 25721 3807
22 28220 25721 3817
22 28232 25714 3817
21 28237 25715 3817
23 28222 25716 3817
21 28220 25713 3816
22 28252 25717 3813
22 28308 25718 3817
22 28374 25718 3818
21 28416 25712 3820
23 28436 25715 3821
21 28423 25717 3815
22 28409 25715 3816
22 28366 25716 3817
22 28330 25723 3814
21 28285 25718 3806
23 28243 25720 3805
21 28251 25720 3807
22 28255 25726 3805
22 28241 25725 3807
22 28265 25724 3809
21 28256 25720 3804
23 28267 25723 3806
21 28291 25720 3807
22 28251 25721 3804
22 28233 25722 3806
22 28221 25720 3810
21 28211 25719 3809
23 28195 25721 3807
21 28197 25719 3809
22 28197 25722 3817
22 28204 25717 3817
22 28231 25715 3818
21 28229 25721 3815
22 28250 25712 3813
22 28250 25713 3816
22 28243 25712 3815
21 28258 25716 3816
23 28239 25712 3816
21 28237 25709 3816
22 28240 25712 3817
23 28273 25708 3816
21 28324 25710 3815
22 28395 25713 3817
22 28428 25711 3813
22 28424 25714 3807
21 28405 25718 3804
23 28362 25715 3807
21 28333 25716 3810
22 28290 25715 3808
22 28273 25718 3806
22 28252 25717 3805
21 28273 25715 3807
23 28271 25726 3808
21 28288 25720 3811
22 28279 25721 3808
22 28278 25725 3807
22 28272 25717 3809
21 28269 25719 3808
23 28241 25716 3807
21 28235 25715 3819
22 28257 25714 3817
22 28258 25716 3817
22 28264 25718 3818
21 28259 25714 3816
23 28258 25712 3818
21 28239 25714 3819
22 28235 25714 3815
22 28228 25715 3818
22 28215 25716 3815
21 28223 25717 3816
23 28223 25714 3822
21 28221 25718 3819
22 28229 25716 3821
22 28259 25714 3810
22 28323 25714 3805
21 28368 25709 3806
23 28399 25707 3805
21 28382 25715 3806
22 28387 25709 3805
22 28366 25705 3807
22 28312 25704 3805
22 28263 25705 3804
22 28218 25702 3806
22 28208 25704 3809
21 28200 25700 3806
23 28224 25699 3809
21 28258 25700 3807
22 28293 25696 3816
22 28304 25696 3818
22 28329 25694 3815
21 28355 25693 3817
23 28356 25694 3815
21 28344 25695 3817
22 28323 25705 3816
22 28286 25697 3818
22 28300 25692 3818
21 28274 25701 3817
22 28246 25693 3818
22 28230 25692 3820
22 28269 25692 3823
21 28307 25694 3815
23 28358 25696 3816
21 28378 25697 3806
22 28377 25702 3805
22 28386 25701 3807
22 28401 25706 3806
21 28398 25704 3806
23 28363 25698 3807
21 28298 25702 3807
22 28259 25702 3808
22 28200 25696 3806
22 28140 25700 3808
21 28146 25704 3808
23 28212 25700 3807
21 28296 25697 3805
22 28372 25699 3810
22 28348 25708 3805
22 28315 25695 3816
21 28254 25693 3819
23 28209 25700 3818
21 28175 25694 3817
22 28136 25692 3816
23 28154 25696 3816
21 28157 25691 3817
22 28214 25694 3817
22 28300 25691 3816
22 28393 25693 3820
21 28442 25693 3817
23 28394 25695 3819
21 28325 25694 3818
22 28205 25693 3814
22 28102 25694 3810
22 28019 25694 3808
21 28095 25699 3808
23 28142 25701 3809
21 28284 25696 3805
22 28337 25696 3813
22 28290 25698 3811
22 28368 25703 3804
21 28428 25698 3808
23 28442 25700 3808
21 28383 25699 3805
22 28330 25695 3807
22 28281 25697 3806
22 28244 25693 3804
21 28264 25701 3805
23 28256 25694 3807
21 28196 25690 3817
22 28110 25688 3812
22 28030 25691 3817
22 27988 25694 3820
21 27923 25694 3817
23 27901 25691 3817
21 27915 25695 3820
22 27953 25696 3816
22 28031 25692 3819
22 28081 25694 3817
21 28141 25697 3817
23 28204 25697 3818
21 28251 25697 3818
22 28328 25706 3817
21 28347 25703 3808
23 28396 25706 3804
21 28407 25709 3817
22 28373 25707 3807
23 28340 25709 3807
21 28287 25711 3810
22 28218 25707 3807
22 28165 25706 3805
22 28152 25704 3808
21 28244 25704 3807
23 28303 25707 3805
21 28388 25709 3805
22 28435 25706 3805
22 28469 25706 3808
22 28468 25701 3815
21 28477 25703 3816
23 28494 25700 3820
21 28517 25696 3816
22 28525 25695 3817
22 28542 25706 3817
22 28549 25698 3817
21 28493 25700 3817
23 28419 25697 3818
21 28286 25696 3817
22 28200 25695 3817
22 28192 25695 3816
22 28245 25692 3821
21 28348 25696 3817
23 28380 25693 3816
21 28366 25697 3810
22 28336 25696 3806
22 28270 25701 3807
22 28238 25698 3809
21 28265 25695 3808
23 28299 25700 3808
21 28298 25699 3807
22 28233 25696 3805
22 28222 25699 3810
22 28247 25698 3809
21 28308 25703 3804
23 28274 25701 3811
21 28182 25703 3804
22 28070 25702 3807
22 28015 25704 3813
22 28009 25706 3815
21 28048 25706 3814
23 28081 25712 3819
22 28161 25713 3818
21 28206 25716 3818
23 28239 25720 3816
21 28263 25728 3815
22 28289 25732 3813
22 28289 25740 3817
22 28331 25744 3816
21 28363 25751 3819
23 28371 25759 3817
21 28307 25764 3817
22 28198 25767 3816
22 28171 25776 3808
22 28164 25782 3809
21 28168 25790 3808
23 28163 25790 3808
21 28141 25794 3806
22 28154 25802 3807
21 28197 25805 3810
23 28305 25806 3807
21 28360 25810 3811
22 28344 25812 3806
22 28290 25816 3806
22 28233 25822 3808
21 28166 25829 3808
23 28142 25834 3807
21 28131 25835 3807
22 28137 25843 3814
22 28166 25846 3816
22 28161 25846 3816
21 28187 25849 3818
23 28215 25851 3815
21 28420 25852 3817
22 28705 25858 3817
22 28924 25855 3819
22 28967 25857 3813
21 28816 25860 3818
23 28527 25864 3817
21 28241 25859 3818
22 28027 25857 3816
22 27883 25864 3817
22 27818 25858 3806
21 27746 25859 3808
23 27799 25860 3805
22 28011 25863 3809
21 28231 25861 3805
23 28385 25865 3808
21 28460 25863 3808
22 28423 25860 3807
22 28331 25859 3809
22 28265 25860 3809
21 28231 25858 3806
23 28229 25859 3807
21 28161 25859 3807
22 28113 25858 3803
22 28085 25856 3811
22 28072 25855 3814
21 28071 25851 3819
23 28088 25850 3815
21 28122 25855 3818
22 28176 25847 3818
22 28241 25846 3815
22 28351 25848 3815
21 28482 25846 3815
23 28587 25844 3817
21 28648 25840 3814
22 28631 25846 3814
22 28552 25841 3817
22 28426 25843 3816
21 28246 25844 3811
23 28131 25839 3813
21 28073 25843 3805
22 28057 25840 3804
22 28125 25841 3806
22 28279 25840 3806
21 28461 25841 3803
23 28562 25846 3809
21 28578 25842 3803
22 28540 25846 3807
22 28461 25845 3806
22 28394 25841 3804
21 28275 25847 3807
22 28148 25843 3807
22 28068 25841 3806
22 28005 25838 3813
22 27980 25840 3813
22 28021 25837 3815
22 28083 25840 3817
21 28183 25837 3817
23 28303 25840 3815
21 28424 25838 3817
22 28539 25837 3815
22 28621 25835 3814
22 28607 25832 3815
21 28551 25833 3818
23 28483 25829 3817
21 28428 25831 3817
22 28386 25829 3817
22 28353 25826 3816
22 28266 25823 3819
21 28177 25828 3806
23 28096 25832 3805
21 28016 25823 3809
22 27924 25821 3807
22 27840 25824 3808
22 27719 25819 3807
21 27689 25817 3808
23 27688 25822 3805
21 27790 25820 3808
22 28007 25817 3806
22 28241 25814 3806
22 28427 25816 3810
21 28478 25813 3806
23 28395 25816 3806
21 28274 25813 3812
22 28185 25807 3813
22 28177 25805 3816
22 28256 25810 3817
21 28395 25805 3815
23 28594 25803 3820
21 28749 25806 3815
22 28781 25802 3818
22 28787 25799 3820
22 28705 25803 3818
21 28572 25795 3814
23 28471 25793 3818
22 28333 25789 3814
21 28244 25791 3816
23 28186 25789 3815
21 28159 25786 3805
22 28148 25790 3802
22 28119 25788 3805
22 28107 25781 3804
21 28112 25783 3804
23 28087 25780 3806
21 28040 25777 3806
22 27973 25776 3805
22 27939 25776 3809
22 27909 25772 3809
21 27876 25773 3806
23 27858 25772 3806
21 27894 25769 3808
22 27919 25769 3806
22 27995 25767 3807
22 28108 25764 3815
21 28248 25763 3818
22 28443 25761 3819
22 28640 25758 3817
22 28740 25756 3820
21 28739 25753 3815
23 28664 25756 3815
21 28558 25758 3815
22 28416 25754 3814
22 28262 25754 3816
22 28100 25753 3815
21 27996 25752 3814
23 27863 25753 3813
21 27745 25753 3815
22 27648 25753 3805
22 27585 25757 3806
22 27625 25756 3807
21 27699 25759 3808
23 27794 25755 3810
21 27937 25761 3812
22 28074 25755 3808
22 28238 25770 3806
22 28326 25760 3807
21 28358 25763 3808
23 28285 25771 3808
22 28238 25764 3808
21 28162 25766 3809
23 28145 25764 3806
21 28179 25763 3805
22 28248 25763 3814
22 28314 25762 3816
22 28368 25761 3820
21 28389 25762 3818
23 28375 25767 3817
21 28291 25767 3817
22 28220 25764 3815
22 28207 25759 3815
22 28236 25761 3818
21 28244 25758 3816
23 28196 25759 3822
21 28143 25762 3814
22 28127 25757 3816
22 28124 25756 3814
22 28146 25760 3806
21 28165 25760 3806
23 28161 25763 3809
21 28142 25761 3808
22 28151 25760 3806
22 28121 25759 3806
22 28093 25759 3805
21 28091 25771 3803
23 28102 25765 3807
21 28071 25765 3809
22 28055 25763 3804
22 28034 25765 3808
22 28061 25761 3809
21 28128 25760 3807
23 28227 25765 3809
21 28300 25760 3810
22 28344 25758 3817
22 28327 25755 3817
22 28201 25757 3817
21 27911 25754 3817
23 26920 25752 3816
21 25531 25755 3819
22 24817 25758 3817
21 24884 25752 3818
23 25479 25757 3819
22 26326 25758 3823
21 27156 25762 3814
23 27869 25765 3818
21 28391 25768 3817
22 28707 25770 3816
22 28853 25780 3809
22 28941 25781 3806
21 29004 25786 3806
23 29068 25787 3804
21 29108 25791 3806
22 29176 25786 3808
22 29168 25788 3806
22 29101 25791 3809
21 28947 25787 3808
23 28714 25786 3807
21 28406 25782 3807
22 28132 25780 3805
22 27961 25786 3808
22 27924 25777 3806
21 28004 25773 3816
23 28137 25777 3817
21 28230 25765 3819
22 28288 25760 3816
22 28308 25758 3815
22 28300 25759 3818
21 28251 25758 3816
23 28215 25757 3814
21 28187 25754 3817
22 28147 25753 3814
22 28107 25755 3817
22 28107 25751 3817
21 28127 25747 3814
23 28143 25749 3818
21 28171 25745 3817
22 28175 25747 3806
22 28150 25747 3814
22 28170 25750 3807
21 28166 25749 3807
23 28141 25749 3810
21 28108 25753 3806
22 28080 25742 3807
23 28062 25741 3805
21 28059 25743 3805
22 28073 25738 3807
22 28080 25735 3808
22 28095 25731 3809
21 28093 25737 3803
23 28159 25729 3807
21 28271 25729 3807
22 28362 25723 3811
22 28440 25721 3817
22 28480 25722 3816
21 28445 25721 3818
23 28412 25718 3816
21 28349 25724 3816
22 28230 25718 3820
22 28122 25718 3816
22 28029 25725 3819
21 27958 25725 3818
23 27975 25723 3816
21 28013 25724 3817
22 28078 25729 3817
21 28221 25726 3818
23 28367 25729 3806
21 28408 25736 3808
22 28395 25731 3805
22 28296 25736 3806
22 28200 25734 3808
21 28125 25738 3805
23 28093 25734 3810
21 28040 25737 3809
22 28023 25729 3807
22 28014 25729 3808
22 28048 25731 3809
21 28084 25728 3808
23 28126 25725 3804
21 28174 25724 3806
22 28198 25730 3805
22 28218 25723 3815
22 28371 25725 3813
21 28630 25721 3814
23 28932 25728 3819
21 29120 25718 3818
22 29131 25721 3816
23 28945 25727 3817
21 28695 25712 3817
22 28505 25714 3817
22 28382 25715 3817
22 28295 25719 3816
21 28252 25716 3817
23 28222 25716 3815
21 28274 25715 3819
22 28331 25717 3810
22 28400 25718 3807
22 28509 25720 3807
21 28591 25719 3805
23 28640 25720 3805
21 28597 25721 3807
22 28518 25726 3805
22 28445 25724 3810
22 28369 25734 3809
21 28300 25733 3810
23 28261 25733 3814
21 28181 25742 3805
22 28150 25741 3807
22 28104 25744 3806
22 28111 25750 3806
21 28154 25752 3817
23 28264 25755 3814
21 28349 25757 3816
22 28424 25763 3815
22 28445 25765 3816
22 28432 25769 3815
21 28381 25773 3810
23 28324 25777 3814
21 28296 25784 3817
22 28223 25786 3814
22 28117 25789 3816
22 28019 25792 3818
21 27960 25800 3818
23 27904 25800 3817
21 27797 25805 3821
22 27818 25810 3805
22 27835 25808 3807
22 27866 25813 3806
22 27969 25812 3806
21 27982 25818 3806
23 27927 25822 3808
21 27773 25822 3813
22 27647 25822 3810
22 27561 25825 3806
22 27649 25825 3805
21 27797 25823 3806
23 27910 25825 3808
21 27871 25819 3805
22 27797 25819 3807
22 27771 25817 3813
22 27871 25809 3816
21 28054 25811 3817
23 28210 25806 3815
21 28309 25807 3815
22 28239 25802 3817
22 28085 25799 3816
22 27932 25798 3818
21 27807 25800 3815
23 27746 25805 3817
21 27778 25798 3819
22 27883 25799 3817
22 28057 25801 3814
22 28194 25795 3819
21 28224 25796 3817
23 28183 25796 3809
21 28148 25794 3809
22 28092 25793 3807
22 28051 25794 3808
22 28031 25797 3810
21 28014 25792 3806
23 27982 25789 3807
21 27894 25791 3809
22 27830 25791 3804
22 27803 25787 3809
22 27805 25789 3805
21 27828 25786 3800
23 27845 25787 3811
21 27897 25794 3805
22 27961 25786 3818
23 28025 25785 3816
21 28124 25787 3814
22 28178 25789 3816
22 28219 25789 3816
22 28259 25787 3813
21 28267 25789 3816
23 28284 25795 3817
21 28252 25794 3814
22 28181 25795 3813
22 28127 25799 3815
22 28088 25796 3819
21 28079 25799 3814
23 28094 25797 3813
21 28133 25803 3815
22 28149 25803 3805
22 28128 25808 3806
22 28107 25816 3803
21 28091 25814 3808
23 28067 25816 3806
21 28070 25823 3804
22 28041 25824 3809
22 27965 25826 3806
22 27914 25827 3810
21 27896 25830 3807
22 27875 25836 3805
22 27827 25836 3806
22 27762 25839 3806
21 27743 25841 3805
23 27771 25842 3806
21 27901 25842 3814
22 28111 25844 3815
22 28385 25847 3818
22 28640 25849 3814
21 28795 25852 3815
23 28686 25852 3810
21 28414 25851 3816
22 28245 25854 3815
22 28129 25851 3815
22 28165 25854 3817
21 28473 25852 3817
23 28591 25852 3816
21 28540 25854 3811
22 28353 25855 3819
23 28137 25864 3806
21 28026 25856 3805
22 27966 25866 3806
22 27979 25866 3806
22 28048 25858 3805
21 28196 25858 3806
23 28239 25859 3805
21 28210 25856 3808
22 28076 25857 3808
22 27934 25857 3807
22 27840 25859 3807
21 27844 25860 3807
23 27975 25860 3806
21 28115 25859 3806
22 28033 25861 3805
22 27856 25863 3813
22 27694 25863 3815
21 27575 25866 3811
23 27556 25870 3817
21 27560 25874 3814
22 27710 25876 3815
22 27943 25881 3818
22 28080 25888 3814
21 28199 25889 3815
23 28295 25895 3817
21 28512 25904 3816
22 28704 25904 3815
22 28811 25913 3816
22 28848 25912 3815
21 28728 25920 3814
23 28534 25924 3807
21 28258 25925 3804
22 27980 25926 3803
22 27899 25924 3807
22 28003 25929 3807
21 28107 25929 3804
23 28170 25928 3807
21 28174 25931 3810
22 28157 25925 3804
22 28138 25929 3808
22 28034 25928 3807
21 27948 25930 3805
23 27917 25929 3804
22 27954 25925 3808
21 27996 25923 3807
22 28005 25927 3817
22 28003 25925 3814
22 27986 25928 3821
21 27958 25924 3811
23 27955 25928 3814
21 27951 25932 3817
22 27992 25931 3815
22 28023 25928 3816
22 28051 25931 3815
21 28147 25931 3813
23 28202 25932 3812
21 28238 25934 3815
22 28108 25931 3817
22 27994 25933 3819
22 27903 25933 3807
21 27866 25936 3807
23 27842 25929 3807
21 27839 25929 3804
22 27874 25935 3804
22 27959 25936 3806
22 28020 25929 3806
21 28042 25931 3809
23 28122 25938 3809
21 28226 25927 3808
22 28353 25928 3808
22 28406 25928 3809
22 28342 25927 3806
21 28145 25923 3804
23 28014 25924 3810
21 28011 25921 3814
22 28111 25915 3812
22 28227 25919 3813
22 28401 25922 3813
21 28592 25915 3809
23 28721 25918 3818
21 28735 25917 3816
22 28736 25918 3817
22 28754 25913 3822
22 28769 25910 3816
21 28789 25912 3815
23 28793 25914 3815
22 28748 25914 3815
21 28603 25910 3812
23 28295 25911 3805
21 27848 25917 3802
22 27901 25917 3805
22 28088 25918 3805
22 28109 25918 3803
21 27795 25921 3802
23 27386 25923 3806
21 27243 25919 3805
22 27365 25920 3802
22 27595 25923 3805
22 27779 25923 3806
21 27932 25919 3806
23 27998 25921 3806
21 28018 25924 3806
22 27958 25919 3805
22 27912 25917 3814
22 27943 25921 3819
21 27993 25914 3816
23 28071 25917 3815
21 28198 25917 3816
22 28260 25921 3818
21 28232 25921 3814
23 28191 25926 3814
21 28144 25925 3820
22 28057 25929 3816
22 27915 25931 3818
22 27776 25932 3817
21 27692 25938 3812
23 27680 25936 3816
21 27756 25947 3805
22 27861 25949 3808
22 27923 25949 3804
22 27992 25951 3803
21 28063 25957 3805
23 28090 25959 3806
21 28100 25957 3806
22 28111 25963 3807
22 28112 25965 3806
22 28083 25966 3806
22 28069 25972 3806
22 28070 25975 3804
22 28036 25974 3803
21 27982 25973 3806
23 27939 25977 3805
21 27997 25969 3806
22 28081 25965 3817
22 28148 25972 3816
22 28209 25970 3815
21 28218 25968 3814
23 28176 25968 3814
21 28117 25969 3815
22 28079 25966 3815
22 28045 25965 3815
22 28024 25966 3817
21 28014 25965 3811
23 28030 25964 3815
21 28077 25963 3817
22 28114 25960 3816
22 28168 25963 3821
22 28208 25971 3806
21 28230 25965 3808
23 28225 25968 3809
21 28176 25969 3803
22 28147 25963 3806
22 28113 25968 3806
22 28098 25974 3802
21 28079 25967 3805
23 28044 25965 3805
21 28028 25965 3807
22 28040 25967 3803
22 28131 25966 3807
22 28210 25960 3806
21 28247 25958 3801
23 28262 25958 3814
21 28312 25954 3813
22 28331 25954 3811
22 28325 25956 3814
22 28291 25952 3818
21 28255 25952 3813
23 28253 25951 3814
22 28199 25946 3816
21 28174 25953 3812
23 28091 25947 3812
21 28004 25947 3819
22 27815 25953 3815
21 27669 25947 3815
23 27656 25944 3816
21 27721 25948 3821
22 27751 25945 3803
22 27810 25945 3807
22 27771 25944 3807
21 27727 25944 3804
23 27708 25943 3807
21 27629 25941 3803
22 27608 25941 3807
22 27811 25940 3804
22 27894 25936 3808
21 27867 25938 3806
23 27884 25935 3806
21 27987 25935 3806
22 28085 25932 3806
22 28088 25931 3808
22 28037 25936 3813
21 27951 25929 3816
23 27852 25936 3816
21 27794 25931 3816
22 27789 25923 3815
22 27802 25932 3815
22 27849 25921 3816
21 27925 25917 3817
23 27999 25915 3813
21 28046 25912 3814
22 28041 25906 3815
22 28048 25911 3813
22 28032 25903 3814
21 28024 25896 3816
23 28002 25900 3816
21 27991 25898 3803
22 27949 25892 3804
22 27954 25893 3803
22 27965 25890 3806
21 28009 25886 3804
23 28065 25887 3809
22 28102 25890 3807
21 28135 25881 3805
23 28109 25878 3806
21 28113 25881 3805
22 28097 25874 3805
22 28058 25871 3804
22 28055 25874 3804
21 28027 25865 3806
23 28037 25866 3806
21 28061 25862 3812
22 28087 25862 3813
22 28082 25859 3816
22 28052 25856 3814
21 28018 25849 3813
23 28009 25852 3814
21 28001 25849 3816
22 28018 25844 3811
22 28011 25841 3818
22 28049 25844 3817
21 28083 25838 3813
23 28100 25837 3814
21 28095 25835 3812
22 28062 25834 3812
22 28018 25832 3805
22 28044 25831 3806
21 28106 25833 3806
22 28209 25827 3804
22 28268 25824 3807
22 28305 25822 3810
21 28320 25823 3806
23 28293 25818 3807
21 28227 25820 3808
22 28168 25816 3805
22 28083 25813 3805
22 28029 25810 3805
21 28005 25809 3805
23 28000 25807 3806
21 28026 25807 3806
22 28036 25804 3814
22 28034 25799 3814
22 28010 25798 3815
21 27966 25798 3816
23 27915 25793 3814
22 27869 25793 3811
21 27853 25795 3815
23 27837 25798 3813
21 27866 25791 3818
22 27905 25791 3817
22 27971 25794 3814
22 28014 25789 3814
21 28063 25788 3815
23 28139 25791 3810
21 28197 25787 3807
22 28209 25793 3806
22 28231 25791 3805
22 28203 25788 3802
21 28173 25792 3805
23 28123 25793 3805
21 28073 25793 3806
22 28038 25792 3803
22 28003 25794 3803
22 27992 25794 3806
21 28022 25794 3805
23 28025 25794 3806
21 28026 25798 3806
22 28038 25797 3804
22 28039 25799 3809
22 28042 25800 3813
21 28066 25798 3815
23 28064 25798 3815
21 28068 25803 3811
22 28070 25801 3812
22 28035 25802 3815
22 27996 25803 3811
21 27983 25810 3813
23 27998 25806 3815
21 28063 25806 3811
22 28154 25806 3809
22 28216 25813 3814
22 28242 25815 3814
21 28222 25813 3813
23 28199 25814 3816
21 28143 25816 3807
22 28092 25818 3804
23 28040 25818 3806
21 28000 25820 3808
22 27979 25824 3805
22 27965 25822 3806
22 27967 25821 3807
21 27988 25824 3803
22 28012 25821 3806
22 28038 25823 3805
22 28028 25822 3811
21 28038 25824 3803
23 28019 25819 3807
21 28025 25821 3803
22 28017 25820 3804
22 28014 25825 3815
22 28017 25817 3817
21 28011 25823 3816
23 28029 25816 3811
21 28098 25823 3812
22 28209 25819 3813
22 28263 25816 3816
22 28287 25818 3813
21 28268 25821 3814
23 28214 25818 3814
21 28178 25817 3815
22 28099 25820 3813
22 28046 25825 3817
22 27985 25818 3813
21 27939 25821 3805
23 27941 25834 3807
21 27960 25822 3803
22 27991 25825 3806
22 28006 25823 3805
22 28024 25824 3806
21 28017 25823 3804
23 28009 25824 3804
21 27993 25825 3805
22 27949 25825 3803
22 27945 25825 3805
22 27947 25826 3804
21 27931 25823 3804
23 27943 25823 3804
21 27979 25819 3806
22 28059 25817 3813
23 28131 25818 3815
21 28201 25824 3816
22 28241 25810 3822
22 28244 25814 3816
22 28215 25817 3817
21 28164 25810 3814
23 28141 25807 3813
21 28112 25814 3810
22 28091 25809 3813
22 28052 25808 3814
22 28047 25806 3812
21 28062 25807 3811
23 28077 25802 3816
21 28082 25807 3804
22 28070 25804 3803
22 28043 25806 3805
22 28028 25804 3806
21 28019 25802 3805
23 28014 25801 3804
21 27991 25802 3807
22 27968 25800 3803
22 27922 25798 3805
22 27901 25798 3807
21 27872 25799 3804
23 27869 25791 3806
21 27892 25792 3808
22 27899 25795 3806
21 27941 25787 3805
23 27978 25782 3815
21 28001 25783 3818
22 28004 25781 3814
22 27996 25780 3814
22 28002 25781 3814
21 27989 25776 3813
23 27993 25776 3814
21 28048 25774 3813
22 28126 25774 3815
22 28247 25773 3812
22 28315 25772 3815
21 28377 25776 3816
23 28380 25777 3814
22 28335 25770 3815
21 28277 25770 3806
23 28190 25778 3805
21 28148 25778 3808
22 28095 25783 3806
22 28033 25790 3806
22 28006 25776 3802
21 28024 25779 3804
23 28073 25785 3805
21 28135 25779 3803
22 28174 25776 3803
22 28206 25780 3805
22 28204 25778 3804
21 28166 25780 3806
23 28122 25782 3805
21 28089 25782 3803
22 28035 25782 3805
22 28024 25782 3815
22 27997 25781 3815
21 27994 25784 3811
23 27946 25788 3815
21 27927 25782 3814
22 27902 25782 3814
22 27878 25785 3816
22 27881 25786 3813
21 27901 25783 3811
23 27928 25785 3815
21 27937 25785 3814
22 27961 25783 3813
22 28004 25780 3813
22 28021 25782 3813
21 28052 25781 3802
23 28118 25778 3804
21 28159 25777 3804
22 28188 25778 3801
22 28209 25774 3808
22 28176 25774 3804
21 28145 25769 3802
23 28135 25771 3805
21 28137 25770 3805
22 28138 25772 3805
23 28109 25769 3806
21 28078 25770 3808
22 28040 25766 3804
22 28055 25771 3803
22 28054 25769 3816
21 28047 25768 3814
23 28050 25765 3814
21 28028 25763 3818
22 28020 25769 3814
21 28027 25763 3813
23 28059 25760 3816
21 28067 25764 3819
22 28088 25758 3815
22 28074 25761 3814
22 28075 25759 3813
21 28073 25758 3813
23 28037 25762 3816
21 28017 25758 3814
22 28008 25761 3815
22 28027 25764 3803
22 28045 25764 3803
21 28033 25767 3803
23 28023 25767 3807
21 28015 25768 3806
22 28000 25771 3805
22 28025 25765 3806
22 28022 25765 3805
21 28028 25767 3805
23 28043 25773 3806
21 28063 25765 3802
22 28062 25768 3804
22 28061 25769 3804
22 28075 25756 3802
21 28116 25758 3811
23 28184 25757 3816
21 28238 25751 3815
22 28257 25751 3813
22 28243 25751 3816
22 28210 25748 3815
21 28184 25751 3815
23 28133 25747 3814
21 28126 25742 3814
22 28094 25743 3812
23 28046 25747 3814
21 28036 25744 3814
22 28010 25741 3817
22 28012 25743 3815
22 28046 25750 3817
21 28108 25749 3807
23 28167 25752 3810
21 28219 25758 3804
22 28231 25757 3804
22 28201 25758 3805
22 28141 25766 3804
21 28047 25758 3804
23 27999 25760 3806
21 27962 25758 3805
22 27938 25761 3800
22 27940 25758 3805
22 27926 25758 3804
21 27935 25758 3801
23 27953 25757 3803
21 27962 25756 3803
22 27980 25754 3811
22 27992 25752 3816
22 27997 25753 3815
21 27998 25752 3812
23 27967 25753 3811
21 27923 25752 3815
22 27875 25756 3814
22 27872 25754 3816
22 27934 25753 3815
21 28042 25757 3815
22 28170 25757 3816
22 28261 25756 3817
22 28281 25757 3822
21 28273 25759 3812
23 28215 25759 3803
21 28167 25762 3804
22 28112 25763 3803
22 28057 25763 3805
22 28024 25762 3806
21 27999 25763 3804
23 27982 25762 3806
21 27977 25762 3802
22 27982 25766 3806
23 27968 25764 3804
21 27954 25764 3803
22 27953 25764 3804
22 27960 25763 3805
22 27949 25761 3806
21 27962 25760 3805
23 27949 25766 3815
21 27973 25763 3812
22 27932 25751 3814
22 27916 25757 3813
22 27911 25748 3814
21 27911 25746 3814
23 27927 25748 3816
21 27914 25747 3812
22 27918 25746 3811
22 27920 25748 3814
22 27933 25749 3814
21 27948 25748 3813
23 27974 25751 3814
21 28056 25747 3814
22 28147 25748 3811
22 28193 25756 3804
22 28244 25748 3806
21 28229 25746 3805
23 28165 25749 3804
21 28125 25751 3804
22 28084 25743 3804
22 28020 25743 3807
22 27986 25746 3805
21 27972 25744 3804
23 27949 25743 3806
21 27946 25743 3800
22 27987 25742 3807
22 27990 25742 3804
22 27998 25742 3804
21 27981 25749 3813
23 27997 25743 3814
21 27985 25743 3811
22 27977 25740 3810
22 27943 25750 3815
22 27947 25748 3813
21 27946 25748 3816
23 27953 25750 3816
22 27968 25750 3817
21 27956 25749 3814
23 27962 25749 3814
21 27955 25748 3817
22 27941 25754 3813
22 27926 25750 3814
22 27949 25755 3815
21 27947 25757 3804
22 28002 25752 3805
22 28104 25751 3805
22 28205 25752 3806
21 28266 25755 3804
23 28265 25753 3803
21 28242 25752 3803
22 28167 25753 3802
22 28119 25751 3805
22 28094 25752 3804
21 28042 25750 3806
23 28005 25754 3803
21 27974 25748 3804
22 27963 25753 3803
22 27970 25750 3812
22 27964 25748 3814
21 27997 25748 3813
23 27982 25749 3816
21 27995 25747 3813
22 27974 25749 3818
22 27953 25754 3814
22 27939 25747 3814
21 27920 25744 3814
23 27927 25753 3814
21 27919 25743 3811
22 27926 25742 3813
22 27932 25745 3815
22 27914 25746 3814
21 27915 25745 3815
23 27900 25749 3804
21 27903 25749 3805
22 27911 25750 3802
22 27894 25752 3804
22 27896 25753 3803
22 27899 25755 3802
22 27911 25755 3805
22 27908 25756 3804
21 27909 25752 3803
23 27911 25753 3807
21 27973 25757 3802
22 28077 25754 3801
22 28172 25755 3805
22 28258 25761 3804
21 28300 25757 3803
23 28304 25756 3813
21 28246 25758 3810
22 28191 25750 3812
22 28140 25752 3812
22 28098 25750 3811
21 28041 25756 3811
23 28029 25751 3815
21 28002 25746 3813
22 28012 25746 3812
22 28008 25751 3815
22 27994 25748 3814
21 28016 25747 3815
23 28021 25747 3816
21 28025 25746 3816
22 28010 25743 3803
22 27978 25747 3804
22 27963 25749 3805
21 27971 25749 3802
23 27948 25745 3806
21 27940 25742 3804
22 27936 25746 3804
21 27934 25743 3802
23 27938 25743 3804
21 27949 25741 3813
22 27957 25738 3804
22 27969 25739 3805
22 27969 25736 3804
21 27991 25738 3801
23 27978 25737 3803
21 27969 25740 3814
22 27964 25738 3814
23 27951 25737 3809
21 27957 25739 3814
22 27939 25742 3816
22 27935 25743 3814
22 27919 25741 3819
21 27925 25746 3815
23 27940 25745 3813
21 27945 25746 3813
22 27946 25746 3816
22 27952 25752 3816
22 27968 25750 3811
21 28020 25746 3811
23 28114 25759 3812
21 28183 25748 3802
22 28246 25750 3804
22 28262 25749 3804
22 28253 25748 3802
21 28209 25744 3804
23 28157 25744 3805
21 28119 25742 3804
22 28091 25743 3806
22 28074 25741 3804
22 28048 25741 3806
21 28018 25743 3804
23 28054 25739 3805
21 28050 25739 3806
22 28061 25735 3807
22 28097 25737 3806
22 28106 25737 3814
21 28105 25733 3816
23 28099 25731 3816
21 28066 25735 3815
22 28019 25729 3812
22 27982 25726 3812
22 27937 25733 3812
21 27889 25729 3813
23 27852 25727 3813
21 27852 25724 3810
22 27858 25737 3811
22 27902 25726 3814
22 27945 25726 3813
21 27987 25725 3808
23 27962 25724 3803
22 27978 25724 3803
21 27975 25720 3803
23 27966 25723 3803
21 27982 25723 3807
22 28003 25722 3802
22 28010 25722 3805
22 28031 25722 3807
21 28056 25726 3804
23 28040 25720 3804
21 28037 25720 3803
22 28096 25724 3805
21 28191 25720 3805
23 28265 25722 3806
21 28297 25716 3818
22 28318 25720 3809
22 28267 25712 3815
22 28241 25711 3813
21 28171 25714 3812
23 28117 25711 3813
21 28066 25711 3814
22 28026 25711 3814
22 28027 25709 3810
22 27997 25707 3813
21 27960 25708 3812
23 27954 25704 3812
21 27959 25702 3815
22 27981 25704 3812
22 28013 25704 3815
22 27969 25707 3809
21 27903 25711 3802
23 27869 25721 3803
21 27871 25707 3804
22 27858 25707 3803
22 27872 25715 3802
22 27915 25705 3803
21 27920 25705 3805
23 27987 25705 3802
21 28050 25703 3804
22 28078 25703 3804
22 28090 25702 3803
22 28043 25698 3803
21 27991 25695 3805
23 27948 25696 3805
22 27955 25692 3813
21 27892 25689 3809
23 27815 25689 3813
21 27736 25691 3814
22 27707 25688 3816
22 27716 25691 3819
22 27756 25697 3816
21 27821 25692 3812
23 27896 25694 3816
21 28021 25703 3812
22 28160 25700 3811
22 28301 25700 3814
22 28404 25702 3811
21 28424 25700 3813
23 28397 25701 3804
21 28312 25701 3802
22 28229 25699 3801
22 28153 25698 3803
22 28086 25698 3803
21 28013 25697 3801
23 27966 25696 3804
21 27959 25695 3804
22 27970 25693 3803
22 27958 25693 3804
22 27965 25693 3804
21 27958 25687 3804
23 27942 25687 3803
21 27911 25688 3805
22 27877 25689 3802
22 27852 25681 3805
22 27811 25678 3814
21 27772 25681 3814
22 27749 25673 3812
22 27764 25674 3813
22 27787 25668 3817
21 27831 25667 3812
23 27875 25667 3814
21 27923 25663 3813
22 27918 25665 3813
22 27922 25661 3812
22 27938 25663 3817
21 27936 25662 3814
23 27925 25662 3814
22 27921 25661 3805
21 27883 25667 3804
23 27909 25664 3804
21 27978 25665 3804
22 28043 25666 3804
22 28145 25665 3803
22 28199 25660 3804
21 28198 25664 3804
23 28160 25668 3804
21 28098 25656 3803
22 28047 25654 3806
22 27984 25661 3804
22 27955 25653 3803
21 27925 25650 3802
23 27912 25653 3805
21 27934 25650 3814
22 27943 25648 3814
22 27969 25651 3812
22 27977 25655 3813
21 27993 25652 3815
23 27993 25652 3815
21 27984 25655 3815
22 27953 25656 3810
22 27943 25656 3814
22 27921 25658 3815
21 27916 25666 3817
23 27906 25662 3818
21 27889 25662 3819
22 27880 25669 3816
22 27906 25666 3815
22 27871 25670 3805
21 27869 25671 3803
23 27884 25674 3804
21 27883 25676 3801
22 27872 25674 3801
22 27882 25678 3803
22 27896 25677 3804
21 27937 25680 3799
23 27989 25677 3804
21 28084 25680 3804
22 28144 25677 3801
23 28199 25677 3805
21 28196 25679 3802
22 28132 25683 3802
22 28094 25680 3814
22 28073 25679 3814
21 28019 25676 3810
23 27979 25682 3812
21 27941 25680 3816
22 27917 25682 3813
22 27928 25679 3813
22 27944 25683 3816
21 27984 25680 3814
22 28002 25684 3813
22 28004 25687 3813
22 27998 25686 3820
21 27986 25687 3814
23 27981 25687 3813
21 27948 25696 3814
22 27927 25691 3804
22 27891 25696 3804
22 27889 25696 3807
21 27907 25694 3803
23 27901 25695 3803
21 27881 25692 3804
22 27899 25696 3803
22 27906 25690 3801
22 27902 25694 3805
21 27928 25696 3804
23 27927 25690 3804
21 27925 25690 3807
22 27930 25693 3805
22 27938 25697 3806
22 27979 25688 3804
21 28008 25695 3811
23 28135 25700 3816
21 28204 25687 3812
22 28253 25687 3815
22 28265 25689 3813
22 28238 25690 3814
21 28175 25686 3814
23 28112 25690 3815
22 28060 25691 3816
21 28013 25687 3815
23 27981 25689 3814
21 27932 25688 3814
22 27958 25689 3811
22 27977 25691 3814
22 28022 25694 3803
21 28041 25694 3805
23 28019 25693 3807
21 28024 25702 3805
22 28006 25697 3809
22 27970 25697 3806
22 27958 25705 3802
21 27959 25694 3802
23 27936 25702 3802
21 27932 25704 3801
22 27904 25696 3805
22 27916 25694 3804
22 27897 25697 3805
21 27881 25704 3802
23 27859 25698 3802
21 27857 25694 3815
22 27864 25699 3809
22 27854 25694 3814
22 27852 25698 3812
21 27867 25697 3813
23 27920 25700 3812
21 28016 25702 3812
22 28131 25701 3814
22 28208 25703 3816
22 28259 25705 3818
21 28246 25700 3812
23 28219 25703 3814
21 28160 25702 3818
22 28116 25706 3812
21 28055 25705 3802
23 28007 25710 3803
21 27970 25712 3810
22 27951 25709 3804
22 27952 25711 3805
22 27945 25715 3806
21 27963 25715 3804
23 27975 25716 3803
22 27967 25719 3805
21 27943 25722 3806
23 27953 25719 3802
21 27932 25719 3806
22 27925 25719 3803
22 27938 25721 3802
22 27898 25715 3804
21 27878 25713 3815
23 27897 25713 3813
21 27889 25712 3813
22 27886 25714 3813
22 27899 25717 3816
22 27907 25709 3814
21 27903 25706 3815
23 27908 25713 3815
21 27927 25704 3814
22 27939 25702 3815
22 27944 25702 3815
22 27958 25701 3813
21 28044 25700 3815
23 28136 25703 3812
21 28195 25703 3815
22 28203 25702 3802
22 28190 25699 3803
22 28160 25705 3804
21 28110 25701 3802
23 28066 25705 3802
21 28024 25708 3802
22 27985 25702 3806
22 27954 25704 3807
22 27954 25711 3805
21 27955 25704 3803
23 27993 25705 3809
21 27990 25710 3803
22 28014 25704 3802
22 28018 25705 3803
22 28013 25707 3800
21 28016 25699 3814
23 28023 25702 3814
21 28040 25702 3811
22 28052 25705 3811
23 28025 25699 3812
21 28000 25698 3814
22 27972 25699 3813
22 27931 25697 3815
22 27917 25693 3813
21 27919 25690 3816
23 27903 25690 3812
21 27906 25691 3809
22 27917 25689 3811
22 27929 25692 3815
22 27960 25688 3806
21 28030 25692 3803
23 28104 25686 3804
21 28151 25687 3806
22 28177 25685 3803
21 28157 25685 3805
23 28102 25678 3803
21 28054 25680 3808
22 28025 25679 3803
22 27995 25675 3804
22 27938 25674 3802
21 27883 25672 3803
23 27843 25670 3803
21 27817 25667 3807
22 27820 25667 3806
22 27851 25664 3809
22 27889 25665 3815
21 27894 25663 3812
23 27894 25662 3813
21 27906 25663 3811
22 27877 25666 3813
22 27894 25663 3815
22 27878 25665 3811
21 27901 25665 3815
23 27875 25670 3813
21 27896 25671 3811
22 27896 25670 3813
22 27932 25676 3813
22 27948 25670 3813
21 27948 25673 3803
23 27930 25674 3802
21 27922 25676 3804
22 27915 25671 3803
23 27930 25674 3803
21 27974 25671 3802
22 28062 25672 3804
22 28151 25673 3804
22 28221 25674 3804
21 28223 25675 3802
23 28154 25669 3803
21 28103 25670 3804
22 28028 25665 3802
22 27954 25666 3804
22 27913 25669 3802
21 27887 25666 3814
23 27861 25664 3815
21 27860 25660 3811
22 27888 25663 3813
22 27909 25659 3813
22 27925 25658 3809
21 27946 25659 3813
23 27941 25655 3815
21 27979 25659 3811
22 27937 25662 3810
22 27932 25658 3814
22 27907 25657 3813
21 27889 25655 3813
23 27891 25652 3811
21 27901 25655 3806
22 27879 25655 3808
22 27890 25656 3803
22 27883 25653 3807
21 27892 25651 3802
23 27881 25654 3802
21 27889 25654 3807
22 27864 25659 3803
22 27876 25653 3805
22 27876 25654 3807
21 27935 25653 3805
22 28041 25653 3807
22 28120 25654 3806
22 28182 25656 3808
21 28188 25653 3801
23 28161 25654 3801
21 28107 25653 3812
22 28044 25653 3813
23 27987 25651 3816
21 27942 25653 3812
22 27915 25651 3814
22 27903 25650 3809
22 27908 25652 3813
21 27920 25649 3813
23 27934 25652 3811
21 27955 25651 3813
22 27960 25654 3815
22 27961 25653 3814
22 27923 25657 3807
21 27918 25662 3816
23 27912 25669 3805
21 27898 25663 3803
22 27890 25664 3803
22 27857 25673 3803
22 27856 25666 3802
21 27856 25668 3802
23 27851 25667 3805
21 27847 25665 3805
22 27853 25665 3804
22 27834 25665 3803
22 27848 25664 3808
21 27860 25662 3804
23 27851 25663 3805
21 27875 25662 3803
22 27920 25657 3812
22 28028 25654 3812
22 28134 25652 3816
21 28198 25651 3813
23 28212 25650 3818
21 28165 25651 3816
22 28104 25649 3816
22 28050 25646 3814
22 27976 25650 3813
21 27951 25646 3812
23 27910 25644 3811
21 27891 25651 3811
22 27893 25644 3810
22 27925 25642 3813
22 27933 25643 3811
22 27928 25657 3799
22 27928 25646 3803
22 27924 25643 3803
21 27925 25643 3800
23 27921 25644 3804
21 27901 25643 3802
22 27882 25642 3803
22 27879 25644 3802
22 27856 25647 3807
21 27862 25647 3804
23 27851 25646 3803
21 27835 25643 3807
22 27838 25650 3802
22 27856 25647 3802
22 27866 25648 3813
21 27893 25655 3811
22 27893 25647 3813
22 27882 25644 3813
22 27891 25645 3817
21 27963 25643 3810
23 28031 25645 3812
21 28131 25640 3815
22 28169 25637 3811
22 28169 25641 3814
22 28147 25645 3812
21 28077 25644 3812
23 28019 25641 3811
21 27970 25642 3813
22 27907 25648 3812
22 27892 25651 3804
22 27868 25650 3806
21 27866 25655 3801
23 27881 25651 3801
21 27920 25648 3802
22 27936 25648 3800
22 27953 25655 3804
22 27941 25653 3801
21 27931 25651 3802
23 27903 25657 3802
21 27908 25649 3802
22 27875 25645 3802
23 27867 25650 3805
21 27840 25648 3803
22 27848 25646 3804
22 27864 25650 3809
22 27873 25642 3811
21 27870 25642 3813
23 27866 25645 3813
21 27864 25643 3813
22 27848 25641 3809
22 27853 25639 3813
22 27853 25641 3812
21 27904 25641 3809
23 27993 25639 3819
21 28071 25642 3812
22 28159 25640 3814
22 28169 25639 3810
22 28153 25647 3813
21 28093 25646 3803
23 28001 25647 3803
21 27926 25649 3801
22 27877 25645 3802
22 27850 25646 3803
22 27845 25645 3802
21 27838 25652 3802
23 27853 25647 3802
21 27888 25649 3803
22 27923 25646 3800
22 27918 25650 3804
22 27923 25646 3803
21 27920 25651 3801
23 27893 25652 3801
21 27876 25653 3807
22 27861 25653 3816
22 27864 25655 3814
22 27863 25658 3815
21 27876 25664 3812
23 27860 25660 3811
21 27860 25665 3815
22 27876 25665 3814
21 27865 25667 3810
23 27873 25670 3812
21 27873 25674 3821
22 27872 25677 3813
23 27877 25678 3815
21 27932 25680 3811
22 28016 25677 3809
22 28095 25682 3812
22 28110 25681 3802
21 28093 25686 3802
23 28048 25683 3800
21 28014 25683 3805
22 27946 25685 3805
22 27897 25688 3802
22 27861 25687 3803
21 27835 25685 3806
23 27835 25685 3801
21 27850 25687 3802
22 27889 25691 3804
22 27910 25694 3802
22 27917 25686 3802
21 27911 25691 3805
23 27915 25687 3811
21 27925 25683 3812
22 27896 25684 3812
22 27877 25685 3814
22 27872 25686 3812
21 27843 25688 3813
23 27835 25691 3813
21 27833 25690 3815
22 27845 25688 3813
22 27840 25692 3813
22 27832 25690 3813
21 27863 25694 3808
23 27878 25689 3811
21 27950 25693 3815
22 28028 25692 3810
22 28080 25693 3808
22 28090 25690 3804
21 28090 25694 3802
23 28041 25693 3808
21 27970 25695 3800
22 27920 25691 3803
22 27890 25690 3801
22 27843 25691 3802
21 27843 25687 3801
23 27821 25689 3801
22 27867 25687 3802
21 27902 25689 3803
23 27902 25682 3803
21 27912 25677 3803
22 27912 25675 3807
22 27903 25675 3813
22 27896 25673 3811
21 27889 25671 3811
23 27854 25672 3812
21 27838 25667 3810
22 27844 25663 3812
22 27832 25665 3814
22 27840 25658 3813
21 27846 25664 3812
23 27846 25662 3812
21 27813 25660 3813
22 27814 25665 3812
21 27842 25656 3811
23 27880 25659 3812
21 27959 25660 3807
22 28032 25662 3803
22 28111 25660 3805
22 28134 25662 3802
21 28136 25658 3804
23 28090 25660 3804
21 28027 25659 3802
22 27957 25661 3806
22 27908 25660 3800
22 27893 25660 3806
21 27852 25657 3805
23 27835 25659 3801
21 27854 25660 3805
22 27873 25654 3804
22 27902 25658 3802
22 27922 25656 3813
21 27919 25660 3814
23 27902 25665 3813
21 27881 25655 3812
22 27871 25652 3814
22 27853 25663 3813
22 27857 25660 3812
21 27833 25658 3812
23 27823 25661 3814
22 27822 25662 3811
21 27860 25665 3813
23 27848 25666 3811
21 27862 25668 3812
22 27846 25672 3810
22 27845 25672 3803
22 27823 25677 3803
21 27830 25678 3799
23 27869 25678 3801
21 27951 25678 3803
22 28042 25679 3803
22 28130 25685 3806
22 28160 25685 3803
21 28126 25680 3804
23 28068 25683 3806
21 28020 25682 3806
22 27946 25686 3801
22 27891 25682 3805
22 27862 25680 3801
21 27828 25682 3804
23 27848 25676 3812
21 27886 25680 3812
22 27893 25683 3810
22 27905 25676 3812
22 27912 25677 3812
21 27913 25676 3807
23 27892 25674 3813
21 27899 25675 3811
22 27872 25674 3811
22 27839 25678 3810
22 27845 25678 3810
21 27835 25678 3810
23 27835 25677 3809
21 27845 25679 3813
22 27835 25679 3811
22 27827 25685 3803
22 27820 25680 3807
21 27824 25692 3804
22 27824 25680 3802
22 27820 25683 3803
22 27829 25677 3809
22 27812 25684 3802
22 27821 25681 3803
22 27871 25678 3803
21 27901 25677 3799
23 27989 25679 3802
21 28062 25681 3803
22 28108 25678 3801
22 28131 25678 3802
22 28105 25679 3801
21 28048 25674 3811
23 28002 25676 3812
21 27961 25672 3816
22 27909 25679 3812
22 27885 25674 3811
22 27863 25667 3817
21 27860 25660 3815
23 27878 25670 3813
21 27915 25662 3814
22 27896 25661 3812
22 27912 25657 3811
22 27907 25653 3815
21 27909 25653 3814
23 27861 25651 3813
21 27875 25652 3805
22 27843 25651 3803
22 27820 25651 3801
22 27815 25650 3803
21 27806 25652 3804
23 27807 25648 3802
21 27825 25650 3803
22 27786 25650 3804
22 27801 25651 3804
22 27826 25652 3804
21 27839 25652 3800
23 27843 25651 3805
21 27841 25655 3801
22 27817 25658 3802
22 27829 25653 3813
22 27839 25656 3815
21 27886 25655 3809
23 27937 25658 3813
22 28019 25665 3810
21 28099 25662 3810
23 28132 25658 3812
21 28117 25656 3812
22 28078 25661 3811
22 28022 25662 3814
22 27952 25659 3812
21 27906 25663 3809
23 27870 25664 3813
21 27846 25667 3814
22 27837 25665 3814
22 27848 25677 3801
22 27871 25674 3798
21 27903 25677 3806
23 27898 25676 3801
21 27895 25675 3806
22 27885 25675 3802
22 27862 25675 3805
22 27851 25673 3802
21 27841 25670 3803
22 27819 25670 3801
22 27823 25668 3805
22 27833 25668 3807
21 27834 25667 3802
23 27840 25663 3802
21 27841 25665 3805
22 27885 25662 3811
22 27902 25660 3810
22 27885 25659 3812
21 27861 25659 3812
23 27817 25662 3808
21 27759 25664 3816
22 27700 25663 3809
22 27696 25665 3812
22 27696 25665 3815
21 27792 25670 3813
23 27883 25668 3811
21 27996 25674 3809
22 28045 25673 3813
22 28063 25682 3811
22 28032 25676 3801
21 27962 25681 3804
23 27920 25691 3801
22 27857 25687 3802
21 27850 25683 3803
23 27828 25682 3805
21 27813 25682 3802
22 27831 25680 3802
22 27859 25679 3801
22 27874 25678 3804
21 27913 25678 3801
23 27955 25674 3802
21 27966 25672 3802
22 27978 25669 3803
22 27974 25666 3801
22 27988 25665 3808
21 27992 25664 3810
23 27953 25660 3814
21 27921 25658 3808
22 27899 25658 3808
22 27860 25658 3811
22 27854 25658 3811
21 27837 25659 3812
23 27836 25656 3814
21 27841 25665 3810
22 27833 25659 3813
22 27807 25659 3814
22 27802 25662 3808
21 27833 25669 3809
23 27886 25664 3801
21 27957 25666 3804
22 28035 25668 3800
22 28079 25672 3801
22 28072 25672 3803
21 28039 25669 3802
23 27994 25668 3803
21 27942 25669 3803
22 27886 25666 3802
22 27834 25667 3802
22 27811 25671 3802
21 27801 25670 3803
23 27822 25669 3801
21 27869 25667 3799
22 27920 25671 3803
21 27933 25670 3813
23 27957 25663 3815
22 27957 25669 3821
21 27942 25664 3810
23 27911 25668 3813
21 27877 25665 3814
22 27842 25666 3809
22 27842 25665 3812
22 27842 25666 3813
21 27848 25663 3811
23 27858 25664 3808
21 27882 25667 3811
22 27909 25663 3813
22 27903 25665 3810
22 27906 25666 3815
21 27875 25665 3802
23 27883 25671 3802
21 27923 25669 3799
22 27960 25671 3802
22 27974 25681 3804
22 28007 25673 3800
21 27983 25678 3800
23 27962 25687 3805
21 27926 25677 3801
22 27886 25679 3804
22 27852 25676 3800
22 27828 25679 3806
21 27830 25677 3802
23 27826 25678 3805
21 27837 25679 3809
22 27872 25675 3811
22 27883 25671 3813
22 27909 25672 3812
21 27915 25671 3808
23 27905 25667 3812
21 27860 25670 3811
22 27834 25667 3811
22 27783 25669 3813
22 27741 25671 3814
21 27727 25672 3809
23 27715 25669 3815
21 27724 25669 3811
22 27752 25672 3812
23 27765 25670 3808
21 27784 25677 3799
22 27788 25672 3804
22 27796 25671 3802
22 27842 25676 3798
21 27900 25676 3799
23 27976 25674 3802
21 28014 25675 3803
22 28052 25674 3799
22 28043 25669 3801
22 28030 25672 3801
21 28004 25672 3802
23 27983 25672 3802
21 27982 25672 3806
22 27934 25674 3801
22 27898 25677 3802
22 27887 25668 3809
21 27912 25677 3812
23 27900 25669 3811
21 27888 25667 3808
22 27882 25667 3813
21 27865 25669 3811
23 27835 25672 3814
21 27796 25668 3812
22 27747 25669 3812
22 27737 25668 3809
22 27730 25668 3815
21 27706 25672 3811
23 27737 25671 3814
21 27762 25676 3809
22 27832 25675 3803
22 27881 25675 3800
22 27913 25672 3803
21 27950 25672 3801
23 28020 25675 3802
21 28094 25677 3804
22 28128 25674 3801
22 28121 25678 3803
22 28072 25672 3803
21 27995 25676 3802
23 27924 25676 3801
21 27875 25669 3802
22 27842 25668 3801
23 27859 25675 3800
21 27848 25666 3803
22 27872 25662 3814
22 27878 25665 3810
22 27904 25662 3815
21 27932 25660 3813
23 27953 25662 3811
21 27927 25662 3813
22 27934 25659 3811
22 27903 25665 3813
22 27890 25663 3811
21 27852 25664 3808
23 27815 25663 3812
21 27786 25662 3811
22 27769 25665 3809
22 27781 25659 3817
22 27778 25661 3802
21 27754 25659 3807
23 27770 25663 3806
21 27823 25664 3804
22 27885 25663 3802
22 27935 25662 3800
22 27938 25662 3801
21 27947 25667 3801
23 27924 25664 3802
21 27898 25666 3803
22 27861 25673 3800
22 27854 25668 3805
22 27829 25668 3802
21 27802 25667 3802
23 27815 25669 3804
21 27834 25666 3812
22 27869 25667 3811
22 27878 25665 3815
22 27874 25670 3817
21 27882 25671 3811
23 27881 25665 3810
21 27903 25666 3807
22 27900 25669 3814
22 27897 25665 3815
22 27884 25668 3811
22 27885 25682 3812
21 27866 25672 3811
23 27859 25673 3814
21 27839 25674 3820
22 27853 25670 3809
22 27883 25675 3802
22 27944 25676 3800
21 28022 25680 3802
23 28069 25678 3802
21 28071 25676 3800
22 28065 25679 3802
22 28013 25678 3802
22 27910 25679 3803
21 27830 25680 3800
23 27747 25681 3803
21 27672 25681 3809
22 27626 25681 3801
22 27626 25684 3803
22 27659 25683 3800
21 27713 25681 3803
23 27785 25683 3811
21 27805 25679 3809
22 27803 25677 3812
22 27811 25683 3814
22 27800 25680 3812
21 27806 25678 3809
23 27794 25678 3814
21 27792 25677 3812
22 27781 25676 3810
22 27793 25677 3811
22 27786 25677 3811
21 27807 25676 3813
23 27842 25674 3811
21 27907 25676 3812
22 27928 25676 3804
22 27972 25677 3803
22 27980 25678 3801
21 27973 25675 3802
23 27930 25676 3804
21 27887 25675 3801
22 27851 25675 3801
23 27819 25677 3805
21 27784 25680 3802
22 27790 25675 3802
22 27807 25673 3802
22 27827 25678 3800
21 27853 25671 3798
23 27862 25670 3799
21 27899 25676 3809
22 27884 25675 3810
22 27848 25666 3811
22 27869 25663 3811
21 27863 25668 3807
23 27877 25663 3813
21 27850 25662 3811
22 27834 25659 3812
22 27813 25662 3815
22 27808 25663 3805
21 27834 25660 3810
23 27839 25663 3812
21 27860 25658 3812
22 27898 25671 3810
22 27915 25662 3811
22 27928 25664 3804
21 27895 25672 3801
22 27861 25668 3801
22 27856 25666 3803
22 27851 25666 3810
21 27867 25667 3802
23 27870 25668 3803
21 27865 25668 3801
22 27869 25671 3801
22 27928 25672 3801
22 27923 25670 3801
21 27932 25673 3801
23 27902 25671 3802
21 27889 25672 3801
22 27851 25674 3800
22 27831 25669 3813
22 27801 25673 3811
21 27768 25672 3813
23 27744 25673 3814
21 27763 25673 3810
22 27763 25670 3810
23 27837 25680 3810
21 27893 25673 3811
22 27964 25675 3813
22 27986 25673 3810
22 28002 25675 3812
21 27982 25671 3811
23 27927 25672 3811
21 27907 25668 3813
22 27853 25669 3803
22 27801 25669 3801
22 27793 25670 3801
21 27808 25670 3801
23 27825 25671 3802
21 27822 25669 3801
22 27845 25668 3802
22 27859 25668 3804
22 27845 25669 3802
21 27826 25664 3797
23 27788 25664 3806
21 27818 25671 3801
22 27826 25662 3804
22 27846 25658 3806
22 27874 25662 3803
21 27894 25658 3802
23 27891 25653 3810
21 27907 25657 3808
22 27947 25652 3811
22 28035 25650 3814
22 28116 25652 3809
21 28173 25657 3807
23 28158 25651 3811
21 28101 25653 3810
22 28049 25655 3812
22 27950 25651 3812
22 27881 25657 3811
21 27848 25651 3810
23 27787 25652 3813
21 27785 25655 3813
22 27755 25653 3800
22 27758 25656 3803
22 27772 25658 3800
21 27778 25656 3803
23 27782 25652 3802
22 27799 25655 3802
21 27794 25662 3804
22 27780 25653 3801
22 27773 25654 3803
22 27771 25656 3807
21 27760 25653 3801
23 27755 25651 3803
21 27783 25650 3800
22 27858 25648 3799
22 27963 25644 3811
22 28071 25641 3809
21 28115 25636 3813
23 28109 25634 3808
21 28081 25635 3813
22 28038 25641 3811
22 27971 25638 3807
22 27904 25637 3811
21 27865 25640 3812
23 27823 25641 3814
21 27814 25646 3811
22 27816 25643 3810
22 27824 25651 3812
22 27839 25645 3810
21 27861 25647 3813
23 27839 25653 3802
21 27825 25644 3800
22 27791 25645 3802
22 27777 25643 3803
22 27773 25637 3801
21 27752 25637 3803
23 27750 25636 3801
21 27747 25631 3803
22 27772 25630 3801
22 27842 25626 3802
22 27949 25628 3801
21 28037 25622 3803
23 28079 25621 3801
21 28091 25625 3802
22 28051 25623 3809
22 28003 25621 3813
22 27954 25625 3810
21 27901 25623 3810
23 27856 25625 3806
22 27792 25628 3811
21 27774 25625 3811
23 27790 25628 3811
21 27805 25634 3810
22 27819 25628 3811
22 27853 25628 3811
22 27835 25631 3808
21 27842 25632 3807
23 27833 25630 3810
21 27833 25636 3811
22 27807 25633 3801
22 27779 25634 3801
22 27774 25635 3804
21 27749 25634 3800
23 27770 25636 3803
21 27815 25635 3796
22 27918 25636 3800
22 28019 25640 3805
22 28073 25641 3805
21 28122 25639 3801
23 28066 25638 3801
21 28004 25639 3805
22 27936 25642 3801
21 27875 25642 3803
23 27826 25643 3803
21 27779 25641 3816
22 27777 25642 3808
22 27795 25643 3812
22 27811 25645 3810
21 27836 25647 3808
23 27846 25647 3813
21 27861 25649 3811
22 27852 25652 3811
22 27842 25651 3807
22 27818 25649 3811
21 27798 25653 3812
23 27762 25650 3809
21 27752 25653 3812
22 27752 25654 3811
22 27795 25651 3801
22 27867 25650 3803
22 27970 25648 3801
22 28065 25661 3803
22 28130 25651 3804
21 28122 25649 3803
23 28065 25658 3802
21 28020 25647 3800
22 27936 25649 3800
22 27876 25646 3803
22 27825 25650 3802
21 27804 25648 3801
23 27795 25649 3802
21 27802 25647 3805
22 27825 25647 3804
22 27857 25645 3812
22 27853 25644 3806
21 27822 25643 3810
23 27804 25639 3812
21 27778 25642 3813
22 27754 25648 3807
22 27766 25643 3813
22 27764 25645 3809
21 27750 25642 3811
23 27747 25646 3809
21 27800 25652 3814
22 27909 25646 3810
22 28012 25645 3809
22 28093 25648 3809
21 28103 25649 3810
23 28075 25647 3802
21 28013 25644 3800
22 27957 25647 3798
22 27874 25639 3803
22 27823 25638 3800
21 27745 25632 3802
23 27733 25630 3803
21 27720 25625 3803
22 27731 25622 3801
22 27743 25619 3802
22 27765 25619 3800
21 27787 25614 3799
23 27780 25611 3800
22 27746 25607 3801
21 27724 25605 3812
23 27687 25601 3812
21 27671 25599 3813
22 27664 25599 3811
21 27679 25596 3810
23 27694 25593 3812
21 27768 25595 3819
22 27881 25590 3810
22 27971 25594 3813
22 28032 25589 3812
21 28028 25588 3810
23 27993 25587 3812
21 27911 25588 3811
22 27855 25588 3812
22 27806 25590 3808
22 27778 25589 3801
21 27786 25592 3805
23 27820 25590 3801
21 27843 25590 3800
22 27849 25595 3802
22 27874 25595 3803
22 27873 25592 3801
21 27816 25598 3801
23 27799 25607 3801
21 27751 25596 3800
22 27725 25603 3801
22 27678 25604 3803
22 27660 25600 3802
21 27636 25598 3804
23 27604 25602 3806
21 27594 25599 3810
22 27642 25599 3812
22 27752 25603 3811
22 27860 25601 3812
21 27948 25603 3809
23 27991 25604 3811
21 27964 25603 3813
22 27923 25608 3808
22 27865 25608 3810
22 27814 25610 3812
21 27787 25607 3814
23 27753 25609 3814
22 27757 25613 3810
21 27759 25617 3811
23 27812 25619 3804
21 27816 25620 3801
22 27830 25621 3799
22 27847 25623 3801
22 27862 25627 3799
21 27861 25623 3799
23 27830 25623 3800
21 27817 25625 3800
22 27801 25629 3797
22 27777 25628 3802
22 27798 25623 3801
21 27868 25626 3802
23 27949 25622 3801
21 28011 25621 3803
22 28021 25619 3800
22 28032 25618 3812
22 28009 25616 3809
21 27975 25612 3807
23 27908 25612 3809
21 27843 25611 3807
22 27827 25616 3810
22 27781 25609 3814
22 27800 25610 3810
21 27806 25613 3811
22 27814 25610 3811
22 27830 25609 3812
22 27850 25608 3817
21 27868 25607 3811
23 27841 25608 3809
21 27829 25606 3805
22 27792 25614 3801
22 27786 25611 3800
22 27782 25612 3800
21 27777 25610 3800
23 27761 25611 3801
21 27788 25612 3802
22 27876 25612 3801
22 27949 25613 3801
22 28022 25613 3799
21 28061 25616 3800
23 28071 25618 3804
22 28036 25615 3802
21 28012 25618 3802
23 27949 25631 3800
21 27909 25619 3811
22 27856 25626 3813
22 27820 25630 3812
22 27829 25622 3811
21 27843 25623 3811
23 27872 25628 3812
21 27885 25625 3811
22 27860 25626 3811
22 27866 25627 3809
22 27847 25627 3812
21 27853 25627 3811
23 27822 25628 3812
21 27807 25628 3814
22 27713 25632 3809
22 27488 25632 3802
22 27287 25632 3801
21 27212 25630 3802
23 27259 25632 3805
21 27392 25637 3801
22 27556 25633 3807
22 27652 25632 3804
22 27703 25638 3803
21 27715 25633 3801
23 27714 25634 3801
21 27660 25638 3802
22 27632 25633 3801
22 27549 25637 3803
22 27504 25634 3802
21 27459 25639 3799
23 27457 25633 3801
21 27517 25636 3812
22 27547 25635 3809
22 27532 25637 3811
22 27496 25635 3814
21 27486 25640 3810
23 27507 25640 3811
21 27534 25647 3812
22 27563 25644 3809
23 27573 25650 3810
21 27587 25653 3810
22 27585 25657 3810
22 27551 25660 3812
22 27557 25665 3812
21 27542 25675 3810
22 27558 25680 3803
22 27610 25687 3802
22 27666 25692 3806
21 27709 25701 3802
23 27724 25705 3803
21 27740 25712 3800
22 27755 25724 3802
22 27771 25729 3803
22 27789 25732 3803
21 27816 25739 3803
23 27837 25750 3801
21 27843 25755 3803
22 27876 25763 3801
22 27901 25776 3802
22 27904 25784 3813
21 27936 25791 3809
23 27942 25802 3811
21 27957 25807 3808
22 27949 25815 3812
22 27933 25829 3809
22 27895 25830 3807
21 27965 25831 3811
23 28047 25842 3811
21 28150 25840 3812
22 28183 25840 3809
22 28179 25843 3813
22 28104 25846 3812
21 28028 25841 3811
23 27986 25844 3810
21 28059 25848 3802
22 28226 25846 3802
22 28428 25845 3802
22 28757 25845 3800
21 29164 25848 3800
23 29588 25846 3798
21 30041 25847 3799
22 30175 25844 3801
23 29948 25850 3805
21 29431 25848 3799
22 28937 25844 3801
22 28489 25848 3799
22 28142 25846 3799
21 27904 25845 3800
23 27785 25842 3802
21 27746 25841 3811
22 27804 25840 3808
22 27861 25839 3811
22 27903 25840 3811
21 27958 25836 3810
23 27981 25840 3809
21 27974 25840 3811
22 27950 25839 3806
22 27917 25849 3811
22 27881 25846 3809
21 27889 25845 3809
23 27972 25852 3809
21 28053 25848 3811
22 28146 25851 3812
22 28185 25853 3801
22 28171 25852 3803
21 28136 25858 3802
23 28065 25855 3801
21 28002 25861 3803
22 27940 25864 3802
21 27899 25857 3801
23 27830 25859 3801
21 27831 25859 3805
22 27823 25858 3802
22 27863 25864 3803
22 27870 25860 3805
21 27893 25859 3802
23 27880 25863 3804
21 27871 25859 3800
22 27879 25859 3809
22 27873 25855 3810
22 27854 25856 3813
21 27854 25856 3812
23 27832 25851 3811
22 27820 25855 3813
21 27812 25856 3810
23 27866 25856 3811
21 27937 25854 3808
22 28042 25854 3811
22 28131 25862 3810
22 28155 25856 3808
21 28159 25858 3812
23 28119 25863 3811
21 28037 25861 3803
22 27944 25863 3801
22 27882 25864 3803
22 27820 25867 3801
21 27785 25867 3799
23 27761 25871 3801
21 27775 25869 3800
22 27816 25872 3800
22 27855 25872 3802
22 27869 25873 3802
21 27902 25873 3797
23 27872 25872 3801
21 27869 25874 3801
22 27851 25871 3802
22 27830 25872 3803
22 27813 25870 3810
21 27792 25870 3813
23 27780 25869 3813
21 27755 25877 3812
22 27781 25870 3809
22 27818 25877 3809
22 27915 25875 3806
21 28026 25876 3809
23 28058 25880 3809
21 28052 25882 3808
22 28001 25889 3809
22 27917 25886 3812
22 27851 25885 3810
21 27776 25884 3808
23 27737 25886 3809
21 27507 25889 3799
22 27311 25890 3801
23 27240 25890 3799
21 27282 25890 3801
22 27401 25892 3800
22 27577 25893 3801
22 27705 25892 3800
21 27773 25894 3802
23 27781 25893 3800
21 27710 25896 3804
22 27615 25895 3800
21 27485 25892 3801
23 27334 25892 3801
21 27158 25891 3807
22 27043 25893 3810
22 27024 25888 3810
22 27065 25889 3811
21 27156 25892 3811
23 27303 25891 3809
21 27498 25887 3807
22 27714 25891 3811
22 27862 25893 3809
22 27895 25890 3810
21 27902 25891 3808
23 27819 25889 3811
21 27724 25886 3813
22 27665 25890 3813
22 27622 25885 3809
22 27593 25884 3808
21 27579 25887 3799
23 27575 25892 3801
21 27606 25882 3801
22 27612 25878 3800
22 27647 25887 3800
22 27655 25876 3802
21 27657 25871 3798
23 27662 25870 3802
21 27690 25867 3804
22 27683 25863 3801
22 27665 25862 3801
22 27662 25865 3803
21 27678 25856 3802
23 27700 25855 3802
21 27781 25852 3803
22 27862 25849 3806
23 27953 25848 3813
21 27979 25841 3810
22 27976 25834 3808
22 27938 25829 3814
22 27845 25827 3810
21 27791 25816 3810
23 27780 25814 3811
21 27738 25810 3810
22 27734 25805 3809
22 27745 25806 3812
22 27767 25802 3806
21 27757 25798 3808
23 27792 25796 3812
21 27822 25794 3800
22 27801 25798 3797
22 27783 25793 3802
22 27753 25794 3800
21 27738 25789 3797
23 27716 25787 3801
21 27704 25788 3801
22 27684 25785 3799
22 27670 25784 3802
22 27643 25782 3804
21 27642 25782 3800
23 27727 25781 3799
21 27820 25779 3800
22 27942 25779 3798
22 27988 25775 3802
22 28030 25769 3810
21 28009 25769 3812
22 27924 25768 3813
22 27854 25764 3812
22 27785 25764 3816
21 27733 25759 3809
23 27692 25761 3810
21 27696 25760 3810
22 27681 25756 3808
22 27686 25762 3809
22 27718 25762 3811
21 27724 25758 3810
23 27727 25764 3808
21 27726 25766 3810
22 27728 25762 3803
23 27725 25765 3801
21 27712 25768 3801
22 27689 25767 3802
22 27673 25766 3800
22 27685 25767 3799
21 27732 25767 3803
23 27815 25776 3800
21 27932 25769 3804
22 28003 25772 3800
22 28027 25774 3799
22 28009 25766 3801
21 27940 25763 3799
23 27867 25764 3801
21 27822 25761 3803
22 27768 25759 3809
22 27731 25757 3810
22 27741 25755 3810
21 27762 25752 3810
23 27784 25753 3812
21 27803 25752 3810
22 27807 25755 3808
22 27818 25752 3809
22 27818 25753 3812
21 27809 25746 3807
23 27787 25747 3815
21 27751 25744 3811
22 27770 25744 3808
22 27760 25743 3811
22 27739 25740 3810
21 27722 25736 3800
23 27725 25736 3801
21 27741 25734 3798
22 27808 25729 3801
22 27930 25725 3798
22 28051 25727 3798
21 28099 25723 3799
23 28119 25716 3803
21 28077 25713 3803
22 28030 25708 3801
22 27932 25701 3801
22 27854 25697 3802
21 27796 25696 3801
23 27760 25691 3800
22 27737 25687 3799
21 27763 25681 3809
23 27795 25677 3812
21 27810 25676 3808
22 27859 25675 3808
22 27873 25669 3812
22 27879 25669 3809
21 27852 25679 3810
22 27822 25667 3814
22 27779 25668 3811
22 27756 25668 3817
21 27721 25668 3808
23 27686 25667 3811
21 27678 25667 3811
22 27659 25668 3810
22 27664 25672 3800
22 27715 25670 3799
21 27827 25669 3802
23 27955 25669 3800
21 28062 25667 3803
22 28088 25671 3802
22 28079 25668 3800
22 28007 25669 3801
21 27936 25669 3803
23 27889 25666 3803
21 27826 25667 3807
22 27802 25672 3803
22 27796 25673 3801
22 27801 25660 3804
21 27825 25663 3811
23 27852 25668 3813
21 27851 25662 3812
22 27851 25656 3814
22 27853 25657 3813
22 27815 25660 3810
21 27803 25653 3811
23 27767 25658 3812
21 27764 25657 3812
22 27726 25652 3809
22 27706 25654 3812
22 27708 25654 3810
22 27713 25651 3808
22 27720 25651 3810
22 27743 25650 3810
21 27719 25653 3802
23 27733 25655 3803
21 27737 25656 3800
22 27725 25653 3799
22 27713 25651 3800
22 27714 25655 3801
21 27703 25653 3801
23 27711 25653 3800
21 27717 25663 3799
22 27716 25653 3801
22 27731 25658 3799
22 27791 25657 3800
21 27906 25666 3797
23 28045 25662 3799
21 28155 25657 3802
22 28213 25657 3808
22 28182 25656 3812
22 28132 25659 3813
21 28027 25658 3811
23 27947 25661 3813
21 27884 25662 3807
22 27831 25658 3809
22 27814 25662 3810
22 27773 25661 3813
21 27824 25667 3811
23 27816 25662 3809
21 27842 25661 3805
22 27838 25668 3811
21 27839 25659 3811
23 27842 25663 3801
21 27812 25664 3809
22 27794 25661 3801
22 27771 25659 3801
22 27759 25658 3798
21 27759 25658 3800
23 27752 25656 3800
21 27743 25655 3800
22 27750 25655 3801
23 27743 25657 3798
21 27747 25651 3798
22 27754 25654 3802
22 27739 25655 3800
22 27745 25652 3804
21 27743 25658 3803
23 27758 25649 3800
21 27769 25648 3807
22 27795 25648 3811
22 27829 25652 3811
22 27913 25642 3809
21 28036 25638 3810
23 28109 25652 3810
21 28147 25640 3812
22 28127 25636 3813
22 28071 25636 3810
22 27997 25637 3809
21 27904 25634 3810
23 27858 25633 3810
21 27836 25629 3809
22 27789 25627 3811
22 27776 25629 3798
22 27799 25631 3801
21 27842 25628 3798
23 27839 25626 3798
21 27869 25627 3800
22 27883 25627 3801
22 27855 25626 3804
22 27815 25627 3800
21 27788 25627 3793
23 27751 25628 3806
21 27739 25633 3803
22 27724 25631 3799
22 27737 25630 3801
22 27723 25637 3798
21 27718 25631 3810
23 27762 25635 3812
21 27762 25639 3808
22 27787 25644 3807
22 27787 25639 3810
22 27767 25643 3809
21 27745 25642 3805
23 27754 25644 3808
22 27729 25644 3809
21 27760 25642 3809
23 27790 25641 3811
21 27880 25644 3814
22 28008 25647 3808
22 28100 25644 3811
22 28120 25644 3812
21 28093 25651 3802
23 28043 25652 3802
21 27953 25653 3802
22 27878 25656 3803
21 27808 25654 3802
23 27767 25652 3802
21 27732 25657 3806
22 27735 25651 3800
22 27763 25651 3800
22 27781 25650 3799
21 27825 25652 3800
23 27832 25651 3799
21 27832 25651 3802
22 27816 25656 3802
22 27798 25654 3806
22 27792 25656 3810
21 27783 25655 3811
23 27754 25655 3812
21 27747 25654 3814
22 27744 25658 3812
22 27740 25659 3810
22 27751 25661 3807
21 27741 25659 3810
23 27742 25665 3809
21 27745 25657 3816
22 27754 25671 3810
22 27737 25668 3808
22 27739 25663 3810
21 27734 25664 3812
23 27733 25664 3802
21 27759 25670 3800
22 27815 25667 3800
22 27924 25668 3800
22 28020 25669 3804
21 28080 25671 3803
23 28086 25671 3803
22 28059 25675 3799
21 27975 25672 3795
23 27905 25677 3803
21 27838 25677 3798
22 27795 25679 3798
22 27750 25681 3803
22 27746 25683 3801
21 27730 25677 3803
23 27754 25679 3809
21 27812 25682 3809
22 27836 25674 3806
22 27840 25671 3810
22 27819 25680 3807
21 27808 25668 3809
23 27782 25669 3812
21 27767 25666 3808
22 27758 25669 3807
22 27728 25662 3810
22 27721 25659 3810
21 27719 25656 3807
23 27721 25658 3809
21 27715 25654 3809
22 27710 25656 3800
22 27705 25652 3799
22 27724 25650 3797
21 27729 25651 3798
23 27726 25649 3800
21 27716 25652 3804
22 27730 25653 3801
22 27752 25651 3801
22 27838 25647 3800
21 27935 25654 3801
22 28038 25650 3802
22 28090 25651 3802
22 28100 25656 3808
21 28049 25645 3800
23 27976 25642 3801
21 27912 25638 3813
22 27836 25637 3809
22 27778 25635 3810
22 27717 25635 3811
21 27708 25637 3811
23 27720 25635 3808
22 27745 25633 3813
21 27799 25630 3811
23 27830 25633 3811
21 27849 25631 3813
22 27889 25629 3809
22 27929 25625 3809
22 27986 25625 3806
21 28049 25622 3809
23 28106 25625 3803
21 28114 25619 3801
22 28153 25620 3801
22 28224 25624 3802
22 28312 25612 3801
21 28352 25612 3800
23 28332 25614 3801
21 28280 25610 3804
22 28258 25610 3803
22 28299 25613 3800
22 28307 25611 3801
21 28387 25606 3802
23 28466 25611 3801
21 28590 25612 3800
22 28785 25614 3797
22 28955 25615 3811
22 29000 25616 3809
21 28851 25617 3802
23 28581 25620 3814
21 28314 25623 3809
22 28109 25622 3810
22 27967 25622 3808
22 27905 25628 3808
21 27885 25626 3808
23 27910 25629 3811
21 27955 25632 3808
22 28006 25633 3811
22 28065 25632 3810
22 28086 25631 3811
21 28110 25638 3807
23 28017 25635 3799
21 27985 25635 3800
22 27945 25637 3802
23 27914 25639 3800
21 27879 25637 3800
22 27893 25633 3801
22 27899 25632 3800
22 27913 25633 3801
21 27927 25634 3798
23 27937 25635 3801
21 27946 25635 3796
22 27936 25641 3800
22 27927 25639 3801
22 27956 25638 3805
