22 26531 9373 14674
22 26550 9382 14670
21 26535 9379 14669
23 26540 9385 14673
21 26540 9389 14697
22 26542 9397 14625
22 26547 9410 14631
22 26557 9419 14650
21 26516 9421 14665
23 26467 9427 14645
21 26437 9436 14654
22 26414 9443 14634
23 26412 9443 14650
21 26410 9449 14644
22 26481 9446 14643
22 26557 9451 14633
22 26644 9450 14639
21 26699 9451 14658
23 26721 9446 14653
21 26733 9447 14596
22 26724 9453 14703
21 26698 9451 14655
23 26655 9458 14652
21 26615 9456 14673
22 26594 9463 14661
22 26578 9460 14666
22 26580 9463 14663
21 26566 9467 14672
23 26566 9474 14657
21 26539 9488 14681
22 26568 9508 14676
22 26584 9532 14697
22 26588 9558 14676
21 26600 9584 14669
23 26608 9615 14724
21 26615 9648 14627
22 26642 9678 14627
22 26646 9710 14646
22 26650 9730 14631
21 26635 9755 14652
23 26604 9783 14642
21 26586 9799 14647
22 26612 9819 14647
22 26667 9825 14622
22 26749 9820 14643
21 26885 9813 14620
23 26980 9787 14645
21 27045 9755 14646
22 27042 9720 14604
22 26962 9679 14604
22 26902 9629 14698
21 26843 9588 14678
23 26763 9548 14692
21 26685 9507 14691
22 26622 9475 14672
23 26595 9442 14660
21 26561 9411 14670
22 26528 9383 14671
22 26493 9363 14658
22 26381 9348 14667
21 26275 9333 14697
23 26179 9324 14697
21 26130 9325 14649
22 26095 9331 14703
22 26066 9352 14646
22 26094 9378 14632
21 26118 9418 14609
23 26139 9462 14639
21 26159 9510 14617
22 26154 9561 14619
22 26148 9611 14651
22 26136 9657 14662
21 26152 9700 14648
23 26176 9747 14638
21 26228 9789 14635
22 26255 9823 14647
22 26313 9858 14634
22 26368 9889 14604
21 26425 9918 14688
23 26445 9938 14691
21 26427 9959 14674
22 26406 9978 14678
22 26404 9985 14676
22 26401 9988 14674
21 26416 9989 14677
22 26401 9983 14651
22 26404 9979 14671
22 26413 9973 14676
21 26456 9963 14666
23 26459 9953 14689
21 26464 9947 14678
22 26435 9940 14678
22 26443 9930 14688
22 26456 9927 14650
21 26455 9924 14642
23 26426 9929 14636
21 26426 9930 14612
22 26449 9938 14650
23 26433 9945 14650
21 26430 9955 14611
22 26418 9971 14633
22 26399 9981 14673
22 26426 9998 14639
21 26439 10012 14657
24 26497 10033 14648
22 26511 10048 14636
23 26570 10071 14590
23 26608 10093 14658
23 26593 10118 14683
22 26561 10149 14671
24 26506 10179 14671
22 26499 10208 14691
23 26463 10240 14671
23 26474 10274 14669
23 26487 10302 14674
24 26481 10339 14677
22 26488 10368 14680
23 26494 10398 14687
23 26483 10426 14679
23 26517 10460 14670
22 26550 10484 14671
24 26522 10507 14646
22 26481 10532 14636
23 26496 10547 14660
23 26476 10569 14624
23 26456 10587 14645
22 26451 10592 14641
24 26463 10604 14627
22 26497 10613 14655
23 26531 10624 14633
24 26576 10635 14663
22 26641 10645 14648
23 26667 10653 14651
23 26703 10666 14645
23 26701 10667 14607
22 26671 10675 14601
24 26644 10691 14702
22 26588 10717 14657
23 26526 10751 14697
23 26512 10788 14655
23 26514 10831 14672
22 26507 10880 14672
24 26502 10931 14674
23 26516 10981 14680
22 26519 11025 14653
24 26498 11072 14674
22 26517 11115 14689
24 26521 11161 14692
22 26512 11194 14740
23 26479 11238 14649
23 26470 11272 14640
23 26479 11301 14657
22 26463 11323 14632
24 26484 11335 14659
22 26528 11335 14632
23 26543 11328 14655
24 26630 11310 14634
22 26710 11287 14642
23 26732 11259 14646
23 26758 11230 14652
23 26749 11195 14657
22 26714 11160 14655
24 26666 11125 14609
22 26626 11092 14698
23 26593 11060 14672
23 26524 11039 14692
23 26500 11001 14670
22 26508 10983 14696
24 26489 10955 14684
22 26477 10928 14685
23 26484 10910 14689
24 26484 10890 14654
22 26458 10871 14673
23 26459 10854 14672
23 26451 10836 14674
23 26419 10823 14685
22 26404 10807 14729
24 26360 10807 14640
22 26372 10800 14637
24 26365 10789 14645
22 26401 10785 14636
23 26399 10777 14646
23 26419 10776 14653
23 26513 10769 14646
23 26576 10760 14648
23 26663 10752 14643
23 26700 10741 14625
22 26716 10729 14641
24 26663 10716 14609
22 26597 10706 14654
23 26536 10699 14583
23 26514 10689 14670
23 26468 10684 14672
22 26473 10676 14669
24 26472 10673 14673
22 26456 10667 14680
23 26461 10655 14678
23 26480 10654 14695
23 26467 10634 14692
23 26491 10625 14674
23 26479 10609 14678
23 26473 10588 14675
22 26456 10571 14700
24 26428 10555 14655
22 26404 10531 14708
23 26371 10511 14610
23 26383 10493 14626
23 26388 10469 14632
22 26373 10451 14659
24 26374 10432 14651
22 26410 10416 14649
24 26478 10400 14648
23 26553 10380 14644
22 26705 10366 14640
24 26757 10354 14662
22 26784 10339 14646
23 26742 10323 14643
23 26730 10319 14639
23 26675 10309 14577
22 26619 10303 14672
24 26592 10296 14661
22 26532 10290 14677
23 26470 10288 14679
23 26466 10281 14673
23 26481 10278 14670
22 26474 10273 14666
24 26530 10270 14675
23 26563 10274 14679
22 26570 10270 14676
24 26549 10278 14682
22 26545 10281 14676
23 26536 10303 14691
23 26494 10322 14714
23 26504 10344 14627
22 26527 10372 14633
24 26531 10395 14641
22 26535 10419 14653
23 26580 10446 14622
23 26650 10471 14635
23 26724 10496 14637
23 26839 10519 14629
23 26965 10533 14644
23 26989 10550 14647
23 26959 10548 14650
23 26932 10550 14664
22 26849 10536 14633
24 26796 10529 14613
22 26751 10504 14677
23 26680 10485 14672
23 26616 10468 14697
23 26591 10451 14662
22 26561 10433 14664
24 26535 10409 14666
23 26536 10391 14666
22 26569 10372 14691
24 26530 10346 14695
22 26508 10321 14684
23 26467 10300 14665
23 26429 10277 14676
23 26394 10257 14703
22 26378 10229 14630
24 26353 10218 14638
22 26329 10199 14650
23 26346 10186 14647
23 26428 10174 14637
23 26504 10163 14628
22 26577 10157 14630
24 26652 10151 14627
23 26654 10151 14639
22 26617 10148 14639
24 26556 10153 14644
22 26507 10160 14645
23 26422 10166 14658
23 26393 10167 14595
23 26359 10167 14662
23 26352 10162 14702
23 26338 10157 14679
22 26358 10145 14677
24 26386 10135 14669
22 26386 10126 14692
23 26425 10117 14664
24 26474 10101 14676
22 26459 10097 14677
23 26455 10080 14673
23 26460 10072 14663
23 26484 10060 14670
22 26711 10048 14690
24 27054 10038 14696
22 27794 10027 14650
23 28916 10024 14648
23 29641 10017 14634
23 29873 10014 14644
22 29695 10010 14633
24 29328 10008 14652
22 28819 10006 14642
23 28275 10010 14645
24 27843 10019 14651
22 27498 10027 14610
23 27266 10038 14661
23 27127 10050 14607
23 27073 10060 14644
22 27063 10066 14586
24 27052 10073 14592
22 27124 10066 14705
23 27131 10065 14666
23 27099 10068 14679
23 27090 10054 14673
23 27078 10063 14674
23 27030 10065 14679
23 26975 10084 14678
23 26923 10097 14699
23 26883 10120 14673
22 26861 10143 14663
24 26848 10168 14670
22 26813 10194 14662
23 26809 10213 14737
23 26821 10240 14629
23 26881 10259 14646
22 26944 10271 14645
24 26956 10284 14629
22 26931 10294 14631
23 26740 10292 14630
24 26457 10285 14645
22 26157 10276 14648
23 25738 10259 14618
23 25418 10243 14663
23 25212 10209 14654
22 25171 10178 14634
24 25180 10143 14658
22 25201 10109 14605
23 25268 10069 14685
23 25391 10035 14650
23 25488 10000 14673
22 25629 9965 14671
23 25741 9936 14665
21 25854 9909 14685
22 25998 9883 14692
22 26167 9862 14675
22 26356 9839 14665
21 26574 9820 14695
23 26743 9802 14673
22 26944 9787 14669
21 27086 9764 14668
23 27280 9749 14670
21 27513 9736 14691
22 27752 9725 14629
22 28039 9718 14630
22 28511 9700 14643
21 28926 9697 14667
23 28921 9693 14648
21 28670 9678 14652
22 28351 9677 14630
22 28083 9674 14636
22 27828 9668 14639
21 27585 9665 14633
23 27418 9665 14635
21 27334 9665 14646
22 27302 9666 14633
22 27274 9670 14609
22 27275 9669 14701
21 27282 9670 14695
23 27241 9675 14678
21 27217 9676 14673
22 27140 9684 14674
22 27143 9684 14664
22 27119 9695 14656
21 27103 9690 14675
23 27135 9690 14698
21 27212 9690 14662
22 27284 9691 14696
22 27329 9693 14677
22 27339 9695 14688
21 27324 9693 14689
23 27266 9692 14692
21 27169 9697 14644
22 27122 9702 14620
22 27048 9704 14648
22 26975 9701 14634
21 26918 9708 14635
23 26841 9715 14645
21 26749 9724 14644
22 26667 9728 14648
23 26644 9743 14647
21 26645 9750 14643
22 26678 9758 14631
22 26704 9768 14642
22 26782 9780 14643
21 26821 9790 14608
23 26841 9793 14616
21 26884 9800 14681
22 26933 9811 14703
21 26917 9815 14652
23 26905 9811 14686
21 26870 9814 14696
22 26890 9819 14688
22 26959 9817 14684
22 27018 9818 14672
21 27060 9817 14672
23 27098 9820 14659
21 27058 9820 14679
22 27002 9825 14680
22 26924 9827 14674
22 26864 9835 14691
21 26762 9839 14627
23 26704 9848 14647
21 26666 9847 14636
22 26646 9855 14642
22 26623 9854 14632
22 26636 9854 14657
21 26620 9856 14644
23 26618 9865 14626
21 26631 9863 14651
22 26628 9860 14629
22 26599 9859 14639
22 26522 9854 14634
21 26454 9845 14658
23 26375 9840 14635
21 26305 9834 14612
22 26236 9826 14690
22 26145 9819 14679
22 26130 9817 14701
21 26101 9812 14661
23 26114 9812 14674
21 26192 9814 14672
22 26287 9813 14670
23 26392 9815 14674
21 26449 9818 14673
22 26464 9822 14692
22 26480 9833 14656
22 26465 9841 14676
21 26417 9852 14680
23 26382 9862 14705
21 26332 9880 14624
22 26212 9882 14645
22 26067 9885 14656
22 25978 9898 14624
21 25908 9896 14633
23 25884 9908 14624
21 25911 9908 14634
22 25965 9910 14630
22 26018 9910 14661
22 26180 9910 14651
21 26483 9908 14663
23 26754 9910 14637
21 26869 9910 14646
22 26891 9903 14639
22 26935 9902 14601
22 26969 9891 14687
21 26912 9883 14673
23 26782 9877 14694
21 26654 9866 14694
22 26609 9859 14680
22 26543 9846 14674
22 26485 9828 14670
21 26405 9819 14669
22 26310 9798 14657
22 26037 9783 14689
22 25711 9769 14665
21 25377 9746 14667
23 25025 9734 14666
21 24696 9716 14696
22 24466 9706 14635
22 24363 9697 14632
22 24365 9682 14659
21 24466 9667 14634
23 24605 9654 14627
21 24786 9637 14622
22 24967 9624 14659
23 25090 9606 14640
21 25143 9591 14618
22 25069 9574 14644
22 24976 9569 14655
22 24938 9557 14649
21 24951 9546 14649
23 25005 9551 14656
21 25070 9529 14601
22 25238 9517 14595
22 25496 9520 14674
22 25823 9507 14691
21 26194 9495 14672
23 26399 9493 14651
21 26444 9480 14697
22 26364 9471 14670
22 26169 9464 14671
22 25913 9456 14670
21 25616 9447 14652
23 25415 9439 14685
21 25436 9432 14684
22 25572 9428 14689
22 25775 9420 14682
22 25967 9424 14651
21 26132 9427 14646
23 26277 9435 14641
21 26413 9445 14647
22 26517 9457 14625
22 26639 9475 14644
22 26811 9496 14628
21 27085 9515 14640
23 27393 9530 14637
21 27637 9554 14641
22 27900 9571 14621
22 28143 9589 14627
22 28416 9610 14648
21 28732 9629 14621
23 28917 9642 14595
21 28926 9661 14678
22 28662 9670 14691
22 28355 9684 14687
22 28024 9694 14674
21 27732 9697 14671
23 27405 9705 14677
22 27169 9714 14697
21 26985 9724 14682
23 26872 9722 14694
21 26845 9726 14695
22 26860 9725 14673
22 26891 9722 14667
22 26970 9721 14688
21 27057 9723 14691
22 27101 9711 14696
22 27131 9714 14627
22 27128 9709 14642
21 27098 9708 14630
23 27067 9702 14643
21 26914 9697 14643
22 26796 9693 14661
22 26699 9690 14622
22 26645 9682 14658
21 26615 9679 14645
23 26584 9669 14629
21 26575 9659 14604
22 26567 9655 14642
22 26532 9648 14644
22 26554 9636 14581
21 26534 9624 14693
23 26534 9605 14696
21 26519 9590 14690
22 26505 9574 14673
22 26501 9561 14690
22 26509 9538 14689
21 26480 9522 14666
23 26495 9512 14693
21 26455 9495 14698
22 26440 9485 14679
22 26461 9477 14678
22 26525 9466 14693
21 26577 9459 14666
23 26570 9454 14671
21 26543 9447 14681
22 26542 9444 14603
22 26616 9444 14643
22 26786 9444 14638
22 26932 9443 14625
22 26950 9437 14618
22 26889 9439 14650
21 26643 9431 14648
23 26341 9433 14630
21 26046 9426 14629
22 25809 9416 14639
22 25710 9410 14648
22 25625 9398 14619
21 25621 9388 14645
23 25693 9383 14588
21 25782 9372 14666
22 25891 9354 14677
22 26022 9345 14676
22 26096 9333 14674
21 26089 9328 14654
23 25969 9315 14689
21 25804 9304 14673
22 25537 9292 14669
22 25308 9283 14668
22 25143 9275 14698
21 25045 9264 14677
23 25037 9253 14671
21 25059 9242 14699
22 25105 9229 14670
22 25212 9214 14714
22 25363 9206 14634
21 25533 9184 14641
23 25734 9175 14628
21 25911 9156 14644
22 26060 9141 14637
21 26187 9136 14640
23 26369 9128 14650
21 26670 9121 14648
22 27134 9115 14638
22 27634 9114 14634
22 27986 9108 14645
21 28167 9107 14648
23 28116 9106 14627
21 27928 9100 14629
22 27681 9099 14590
23 27456 9095 14691
21 27250 9095 14673
22 27113 9093 14696
22 27000 9089 14675
22 26954 9088 14662
21 26889 9083 14694
23 26854 9081 14673
21 26848 9081 14686
22 26826 9075 14668
22 26851 9079 14692
22 26856 9068 14673
21 26841 9064 14672
23 26825 9073 14679
21 26836 9066 14738
22 26813 9067 14619
22 26788 9065 14645
22 26773 9062 14636
21 26780 9060 14623
23 26791 9057 14641
21 26801 9055 14635
22 26800 9055 14632
22 26806 9057 14648
22 26797 9058 14652
21 26797 9057 14638
23 26782 9059 14635
21 26738 9055 14648
22 26731 9057 14641
22 26714 9055 14620
22 26678 9060 14576
21 26670 9048 14669
23 26678 9047 14692
21 26623 9047 14659
22 26649 9044 14677
22 26738 9041 14677
22 26819 9037 14669
21 26861 9045 14681
23 26832 9050 14670
21 26757 9054 14670
22 26676 9070 14652
22 26584 9073 14675
22 26508 9080 14685
21 26473 9091 14696
23 26479 9105 14715
22 26510 9113 14652
21 26513 9129 14632
23 26549 9139 14642
21 26557 9153 14640
22 26595 9159 14630
22 26623 9170 14631
22 26603 9179 14643
21 26597 9188 14640
23 26560 9197 14634
21 26530 9205 14651
22 26508 9209 14645
21 26480 9214 14612
23 26476 9216 14636
21 26497 9220 14642
22 26564 9225 14584
22 26638 9233 14579
22 26712 9229 14673
21 26785 9237 14693
23 26849 9235 14660
21 26883 9242 14697
22 26850 9246 14679
22 26782 9251 14677
22 26673 9251 14682
21 26555 9253 14672
23 26452 9261 14673
21 26405 9263 14664
22 26515 9268 14672
22 26627 9272 14668
22 26608 9278 14660
21 26211 9287 14709
23 25576 9307 14638
21 24969 9304 14640
22 24550 9319 14640
22 24368 9319 14648
22 24382 9319 14639
21 24523 9324 14649
23 24741 9327 14644
21 24937 9329 14627
22 25121 9326 14631
22 25307 9330 14639
22 25425 9331 14651
21 25456 9333 14618
23 25491 9342 14638
22 25519 9341 14602
21 25565 9342 14690
23 25666 9343 14660
21 25812 9341 14673
22 26036 9339 14685
22 26352 9334 14665
22 26736 9335 14673
21 27063 9323 14680
23 27235 9318 14677
21 27306 9312 14658
22 27279 9300 14673
22 27154 9289 14692
22 26976 9280 14670
21 26872 9264 14667
23 26784 9256 14694
21 26755 9241 14702
22 26775 9242 14624
22 26985 9233 14647
22 27348 9224 14653
21 27590 9219 14635
23 27651 9216 14629
21 27545 9211 14658
22 27343 9205 14638
22 27157 9204 14632
22 27002 9201 14648
21 26910 9198 14635
23 26825 9201 14645
21 26788 9199 14643
22 26752 9201 14652
22 26761 9201 14609
22 26745 9199 14670
21 26766 9200 14671
22 26747 9192 14671
22 26705 9196 14690
22 26682 9193 14684
21 26681 9189 14662
23 26687 9181 14667
21 26689 9170 14696
22 26669 9165 14694
22 26663 9159 14659
22 26576 9143 14673
21 26389 9135 14689
23 26168 9126 14686
22 26014 9119 14663
21 25950 9106 14670
23 25935 9095 14622
21 25979 9079 14622
22 26043 9071 14635
22 26123 9056 14669
22 26184 9046 14643
21 26257 9035 14639
23 26288 9030 14639
21 26325 9014 14646
22 26331 9012 14633
22 26331 9005 14624
22 26309 8991 14641
21 26261 8983 14634
23 26184 8976 14641
21 26058 8972 14664
22 26183 8969 14608
22 26382 8960 14676
22 26544 8958 14673
21 26646 8963 14656
23 26666 8971 14668
21 26686 8972 14670
22 26666 8982 14676
22 26713 8993 14656
22 26815 9007 14664
21 26983 9016 14677
23 27102 9035 14672
21 27220 9050 14694
22 27293 9060 14688
22 27354 9072 14690
22 27372 9090 14685
21 27350 9099 14619
23 27283 9105 14642
21 27270 9117 14645
22 27191 9120 14629
22 27095 9131 14647
22 26962 9133 14658
21 26809 9137 14627
23 26630 9138 14639
21 26186 9139 14636
22 25761 9137 14645
23 25438 9137 14640
21 25168 9131 14642
22 24913 9130 14644
22 24689 9125 14645
22 24428 9126 14608
21 24182 9117 14697
23 24004 9120 14676
21 23916 9124 14697
22 23956 9126 14690
22 24290 9125 14663
22 24907 9133 14674
21 25682 9135 14674
22 26496 9140 14653
22 27198 9145 14685
22 28023 9152 14672
21 28790 9160 14672
23 29226 9169 14661
21 29277 9172 14681
22 29000 9178 14715
22 28588 9182 14622
22 28110 9189 14627
21 27653 9194 14642
23 27234 9206 14627
21 26892 9213 14604
22 26613 9234 14633
22 26428 9250 14667
22 26250 9266 14631
21 26102 9281 14636
23 26000 9286 14662
21 25858 9293 14649
22 25602 9299 14622
22 25289 9308 14642
22 25085 9296 14641
21 24964 9289 14596
23 24948 9288 14674
21 24990 9267 14682
22 25075 9259 14676
22 25220 9247 14685
22 25462 9232 14677
21 25832 9217 14657
23 26276 9206 14671
22 26693 9195 14694
21 27125 9180 14651
23 27424 9176 14665
21 27570 9160 14693
22 27570 9151 14694
22 27496 9136 14679
22 27308 9129 14714
21 26998 9122 14680
23 26698 9116 14600
21 26534 9123 14632
22 26445 9112 14639
22 26483 9121 14634
22 26521 9129 14610
21 26539 9127 14650
23 26527 9137 14640
21 26488 9142 14635
22 26425 9158 14635
22 26373 9175 14652
22 26349 9190 14645
21 26314 9212 14609
23 26248 9227 14643
21 26259 9245 14578
22 26309 9270 14578
22 26403 9287 14671
22 26466 9310 14695
21 26515 9331 14678
23 26552 9355 14695
21 26575 9376 14680
22 26575 9395 14673
22 26538 9414 14670
22 26489 9427 14676
21 26481 9437 14693
23 26458 9454 14687
21 26434 9469 14689
22 26422 9481 14691
21 26389 9497 14657
23 26364 9512 14723
21 26410 9522 14646
22 26477 9535 14621
22 26561 9544 14636
22 26652 9551 14634
21 26729 9559 14632
23 26811 9569 14624
22 26821 9570 14644
21 26810 9572 14648
23 26745 9573 14621
21 26705 9568 14637
22 26673 9565 14644
22 26695 9559 14633
22 26701 9545 14628
21 26728 9539 14586
23 26761 9530 14676
21 26840 9522 14687
22 26880 9517 14672
22 26895 9522 14688
22 26947 9506 14687
21 26976 9512 14674
23 26972 9515 14696
21 26935 9511 14676
22 26903 9511 14686
22 26870 9512 14672
22 26805 9511 14676
21 26757 9510 14665
23 26710 9508 14672
21 26649 9498 14667
22 26612 9489 14684
22 26563 9482 14662
22 26546 9470 14664
21 26523 9456 14633
23 26515 9442 14636
21 26482 9430 14632
22 26447 9411 14645
22 26424 9390 14630
22 26422 9375 14626
21 26422 9351 14636
23 26399 9332 14627
21 26428 9312 14635
22 26419 9290 14649
22 26467 9268 14641
22 26476 9247 14592
21 26493 9222 14647
23 26493 9195 14662
21 26466 9181 14670
22 26455 9170 14651
23 26438 9150 14685
21 26410 9133 14683
22 26385 9121 14679
22 26400 9116 14699
22 26396 9107 14682
21 26396 9101 14676
23 26435 9094 14690
21 26457 9097 14691
22 26484 9092 14683
22 26507 9087 14690
22 26543 9087 14688
21 26566 9091 14625
23 26547 9090 14646
21 26530 9095 14669
22 26518 9100 14651
21 26505 9105 14633
23 26483 9109 14647
21 26456 9117 14641
22 26413 9123 14633
22 26403 9132 14641
22 26394 9147 14628
21 26438 9158 14664
23 26449 9176 14628
21 26467 9190 14668
22 26498 9207 14647
22 26513 9216 14588
22 26491 9227 14685
21 26497 9234 14685
23 26415 9246 14676
21 26393 9250 14660
22 26383 9263 14671
22 26362 9268 14691
22 26334 9278 14674
21 26334 9289 14674
23 26313 9306 14677
21 26333 9315 14700
22 26346 9335 14694
22 26392 9363 14668
22 26385 9375 14689
21 26374 9400 14721
23 26388 9430 14637
21 26388 9456 14635
22 26383 9486 14636
23 26399 9515 14635
21 26432 9544 14643
22 26466 9573 14636
22 26515 9606 14656
22 26543 9630 14651
21 26578 9660 14638
23 26602 9687 14618
21 26600 9708 14646
22 26585 9732 14644
22 26552 9758 14635
22 26505 9783 14652
21 26444 9797 14592
23 26435 9815 14684
21 26419 9833 14657
22 26419 9845 14689
22 26427 9850 14694
22 26434 9853 14667
21 26463 9843 14689
23 26482 9831 14688
21 26502 9812 14667
22 26499 9795 14657
22 26483 9774 14681
22 26436 9750 14698
21 26424 9728 14678
23 26436 9711 14673
21 26420 9700 14698
22 26394 9692 14647
22 26410 9688 14635
22 26466 9699 14641
21 26514 9716 14633
23 26527 9741 14654
21 26549 9768 14637
22 26514 9801 14651
22 26512 9838 14650
22 26539 9870 14631
21 26547 9910 14645
22 26529 9933 14634
22 26568 9955 14639
22 26579 9968 14620
21 26588 9977 14629
23 26567 9980 14602
21 26527 9961 14676
22 26512 9944 14686
23 26499 9910 14667
21 26498 9875 14691
22 26488 9835 14676
22 26496 9785 14665
22 26489 9735 14661
21 26494 9680 14695
23 26533 9629 14673
21 26525 9581 14661
22 26516 9533 14680
22 26485 9494 14699
22 26501 9465 14679
21 26495 9450 14675
23 26543 9450 14728
21 26535 9453 14638
22 26531 9465 14634
22 26553 9487 14649
22 26586 9501 14641
21 26565 9529 14636
23 26549 9555 14641
21 26524 9583 14646
22 26507 9613 14644
22 26505 9646 14644
22 26510 9677 14638
21 26501 9707 14617
23 26480 9740 14646
21 26474 9762 14638
22 26510 9781 14579
22 26533 9794 14583
22 26545 9799 14671
21 26532 9794 14681
23 26481 9785 14687
21 26465 9753 14692
22 26457 9712 14673
22 26453 9669 14673
22 26454 9622 14648
21 26465 9563 14664
23 26527 9511 14671
21 26608 9466 14664
22 26673 9413 14668
22 26705 9369 14680
22 26681 9328 14678
22 26678 9302 14705
22 26632 9268 14629
22 26593 9241 14647
21 26564 9227 14644
23 26537 9223 14658
21 26533 9222 14642
22 26565 9230 14634
22 26555 9246 14651
22 26538 9256 14649
21 26533 9272 14651
23 26563 9287 14636
21 26578 9298 14647
22 26642 9315 14641
22 26653 9323 14649
22 26666 9329 14604
21 26656 9325 14685
22 26646 9307 14645
22 26607 9282 14661
22 26550 9233 14671
21 26517 9170 14689
23 26490 9089 14686
21 26493 8999 14691
22 26548 8901 14692
22 26597 8787 14651
22 26627 8678 14664
21 26673 8565 14692
23 26682 8452 14677
21 26685 8337 14666
22 26615 8233 14690
22 26584 8129 14723
22 26526 8035 14613
21 26509 7945 14651
23 26520 7858 14638
21 26550 7782 14647
22 26541 7716 14651
22 26581 7651 14649
22 26581 7593 14649
21 26589 7545 14639
23 26600 7500 14633
21 26593 7456 14648
22 26593 7419 14636
23 26594 7388 14643
21 26578 7360 14651
22 26531 7335 14634
22 26466 7322 14603
22 26472 7312 14671
21 26534 7303 14647
23 26593 7307 14670
21 26715 7307 14671
22 26805 7317 14687
22 26825 7329 14679
22 26824 7335 14676
21 26771 7351 14693
23 26730 7360 14654
21 26655 7371 14684
22 26604 7376 14668
22 26545 7386 14681
22 26527 7387 14662
21 26498 7392 14666
23 26489 7390 14642
21 26475 7389 14615
22 26504 7386 14649
22 26549 7380 14642
22 26540 7370 14644
21 26512 7356 14621
23 26465 7343 14623
21 26458 7328 14650
22 26445 7314 14607
22 26454 7297 14632
22 26465 7286 14655
21 26477 7265 14649
23 26482 7258 14634
21 26511 7246 14643
22 26537 7226 14601
22 26583 7215 14681
22 26636 7202 14693
21 26650 7200 14690
23 26666 7187 14681
21 26696 7179 14684
22 26648 7177 14672
21 26629 7175 14655
23 26590 7175 14696
21 26567 7178 14695
22 26521 7185 14682
23 26527 7193 14666
21 26509 7203 14685
22 26518 7214 14683
22 26552 7226 14699
22 26578 7233 14653
21 26596 7248 14627
23 26620 7248 14640
21 26603 7253 14637
22 26565 7255 14653
22 26496 7252 14620
22 26433 7247 14628
21 26444 7239 14626
23 26500 7226 14632
21 26702 7213 14633
22 27005 7198 14646
22 27332 7187 14641
22 27610 7168 14627
21 27778 7145 14668
23 27813 7133 14593
21 27709 7107 14698
22 27521 7093 14666
22 27301 7078 14672
22 27104 7076 14692
21 26966 7083 14662
23 26835 7101 14668
21 26730 7127 14684
22 26625 7165 14656
22 26542 7215 14675
22 26516 7266 14694
21 26489 7323 14673
23 26422 7376 14675
21 26333 7429 14674
22 26257 7484 14709
22 26270 7532 14700
22 26321 7593 14639
21 26539 7626 14611
23 26938 7672 14651
21 27245 7712 14626
22 27407 7743 14647
22 27423 7776 14662
22 27359 7809 14650
21 27243 7835 14631
23 27121 7860 14636
22 27024 7881 14665
21 26908 7905 14629
23 26813 7923 14634
21 26645 7938 14627
22 26499 7953 14586
22 26333 7967 14684
22 26243 7977 14696
21 26195 7989 14679
23 26199 7999 14672
21 26229 8007 14678
22 26207 8016 14688
22 26215 8026 14668
22 26201 8039 14690
21 26189 8053 14685
23 26179 8070 14668
21 26195 8086 14697
22 26227 8109 14684
21 26254 8124 14656
23 26320 8141 14672
21 26359 8155 14720
22 26388 8170 14620
22 26450 8180 14623
22 26541 8187 14637
21 26649 8197 14631
23 26740 8198 14623
21 26819 8202 14649
22 26831 8205 14657
22 26831 8208 14637
22 26811 8208 14637
21 26788 8209 14640
23 26743 8205 14639
21 26671 8211 14623
22 26577 8222 14619
22 26536 8236 14595
22 26498 8254 14595
21 26446 8278 14696
23 26465 8318 14693
21 26467 8340 14697
22 26422 8375 14674
22 26340 8411 14667
22 26226 8433 14672
21 26124 8465 14683
23 26080 8487 14671
22 26078 8510 14672
21 26072 8528 14663
23 26090 8540 14677
21 26122 8542 14696
22 26203 8535 14675
22 26254 8524 14721
22 26300 8507 14647
21 26345 8482 14616
23 26348 8442 14632
21 26345 8403 14649
22 26340 8355 14630
22 26310 8308 14611
22 26280 8258 14634
21 26225 8211 14644
23 26215 8162 14655
21 26164 8122 14631
22 26148 8077 14644
22 26159 8046 14639
22 26142 8010 14635
21 26155 7981 14585
23 26186 7957 14681
21 26196 7933 14675
22 26202 7920 14646
22 26165 7905 14674
22 26157 7893 14697
21 26188 7889 14673
23 26203 7886 14671
21 26230 7884 14674
22 26253 7883 14672
22 26291 7885 14684
22 26327 7893 14685
21 26365 7897 14681
23 26381 7902 14685
21 26364 7917 14690
22 26318 7934 14735
22 26291 7937 14639
22 26271 7943 14618
21 26272 7956 14638
22 26281 7964 14631
22 26298 7969 14623
22 26405 7979 14646
22 26498 7984 14612
22 26537 7995 14626
22 26553 8005 14641
21 26560 8013 14638
23 26610 8023 14640
21 26678 8032 14643
22 26758 8042 14657
22 26843 8049 14637
22 26904 8058 14572
21 27009 8061 14672
23 27081 8066 14690
21 27116 8072 14659
22 27054 8069 14675
22 26982 8079 14695
22 26936 8081 14686
21 26908 8077 14694
23 26879 8082 14673
21 26885 8080 14671
22 26883 8075 14664
22 27017 8088 14689
22 27196 8073 14666
21 27263 8074 14660
23 27176 8073 14665
21 27069 8071 14649
22 26975 8072 14638
22 26970 8072 14641
22 26971 8071 14631
21 26962 8068 14614
23 26923 8068 14626
21 26879 8067 14638
22 26852 8063 14629
22 26803 8065 14616
22 26780 8063 14631
21 26763 8060 14662
23 26759 8061 14645
21 26742 8062 14628
22 26729 8061 14636
22 26727 8058 14591
22 26700 8063 14637
21 26692 8055 14666
23 26642 8056 14669
22 26637 8055 14665
21 26636 8053 14660
23 26666 8054 14673
21 26679 8052 14701
22 26784 8048 14662
22 26871 8052 14679
22 26942 8047 14689
21 26963 8048 14692
23 26965 8046 14689
21 26999 8044 14689
22 26950 8042 14707
22 26891 8043 14634
22 26823 8043 14639
21 26769 8041 14643
23 26724 8038 14644
21 26705 8032 14641
22 26664 8030 14644
22 26633 8023 14632
22 26612 8024 14651
21 26599 8012 14651
22 26601 8016 14614
22 26613 8009 14651
22 26662 8006 14653
21 26666 8003 14642
23 26685 8005 14636
21 26688 8001 14614
22 26685 8000 14693
22 26680 7993 14642
22 26636 7994 14686
21 26610 7992 14690
23 26601 7995 14671
21 26591 7997 14654
22 26620 7997 14672
22 26629 7999 14691
22 26630 7998 14671
21 26662 8002 14699
23 26707 8005 14691
21 26740 8003 14688
22 26777 8007 14685
22 26792 8010 14672
22 26821 8004 14707
21 26830 8014 14626
23 26796 8015 14633
22 26770 8015 14650
21 26770 8014 14674
23 26760 8015 14651
21 26759 8010 14649
22 26728 8013 14632
22 26726 8013 14632
22 26717 8014 14631
21 26722 8009 14615
23 26735 8009 14639
21 26745 8011 14624
22 26785 8007 14624
22 26775 8011 14598
22 26815 8004 14681
21 26839 8004 14681
23 26815 8001 14656
21 26787 8000 14683
22 26766 7998 14673
22 26761 7999 14671
22 26719 8000 14641
21 26692 7997 14667
23 26660 7997 14690
21 26649 8000 14668
22 26617 7998 14673
22 26638 7997 14697
22 26615 7999 14693
21 26618 8006 14658
23 26590 8003 14706
21 26605 8007 14636
22 26595 8004 14633
22 26605 8007 14625
22 26607 8008 14651
21 26585 8003 14636
23 26541 8003 14654
21 26511 8007 14646
22 26492 8005 14646
22 26469 8003 14644
22 26464 8007 14648
21 26458 8004 14625
23 26436 8006 14634
21 26467 8006 14631
22 26472 8012 14577
21 26470 8006 14638
23 26523 8007 14702
22 26561 8007 14676
21 26577 8005 14675
23 26626 8008 14668
21 26652 8006 14689
22 26646 8005 14684
22 26712 8010 14636
22 26751 8009 14681
21 26831 8010 14663
23 26953 8007 14670
21 27026 8007 14666
22 27008 8010 14697
22 26915 8013 14674
22 26851 8012 14691
21 26761 8017 14647
23 26694 8014 14638
21 26658 8016 14636
22 26652 8019 14628
22 26665 8026 14634
22 26672 8015 14624
21 26657 8021 14644
23 26599 8034 14658
21 26586 8028 14660
22 26526 8028 14650
22 26455 8033 14632
22 26385 8034 14637
21 26273 8036 14664
23 26172 8039 14640
21 26034 8043 14604
22 25854 8040 14661
22 25657 8049 14674
22 25567 8052 14697
21 25645 8048 14696
23 25806 8050 14661
21 25896 8049 14672
22 25974 8047 14692
22 26055 8050 14664
22 26128 8050 14664
21 26177 8045 14685
23 26203 8039 14689
21 26219 8039 14666
22 26237 8035 14690
23 26216 8028 14724
21 26178 8030 14638
22 26148 8024 14632
22 26129 8022 14632
22 26113 8017 14635
21 26146 8013 14610
23 26185 8015 14621
21 26217 8010 14638
22 26261 8008 14632
22 26284 8005 14647
22 26321 8002 14634
21 26347 7997 14645
23 26347 8000 14644
21 26334 7996 14629
22 26285 7991 14626
22 26251 7984 14589
22 26273 7974 14690
21 26248 7969 14666
23 26267 7962 14667
21 26287 7954 14675
22 26284 7946 14680
21 26324 7932 14672
23 26359 7921 14669
21 26364 7917 14672
22 26356 7897 14664
22 26324 7892 14686
22 26325 7879 14670
21 26298 7872 14669
23 26322 7863 14649
21 26324 7854 14686
22 26326 7845 14647
22 26301 7846 14646
22 26293 7843 14621
21 26288 7843 14644
23 26270 7843 14628
21 26234 7843 14631
22 26200 7849 14625
22 26231 7851 14632
22 26239 7852 14632
21 26290 7860 14641
23 26340 7869 14657
21 26361 7881 14651
22 26382 7885 14636
23 26372 7903 14653
21 26345 7904 14596
22 26366 7915 14598
22 26349 7921 14666
22 26372 7930 14690
21 26387 7933 14682
23 26381 7940 14689
21 26365 7944 14694
22 26354 7952 14680
22 26346 7958 14674
22 26326 7960 14672
21 26351 7967 14688
23 26335 7974 14655
21 26324 7979 14666
22 26327 7977 14677
22 26333 7989 14692
22 26365 7992 14671
21 26382 8002 14646
23 26384 8007 14644
21 26415 8018 14636
22 26433 8025 14641
22 26449 8034 14637
22 26435 8041 14631
21 26462 8048 14632
23 26470 8053 14656
21 26484 8063 14640
22 26486 8068 14618
22 26473 8074 14651
22 26433 8075 14647
21 26434 8076 14626
23 26399 8080 14602
21 26379 8078 14694
22 26387 8079 14668
22 26340 8082 14684
22 26348 8080 14691
21 26362 8078 14675
23 26386 8085 14667
21 26378 8085 14671
22 26387 8087 14696
22 26375 8091 14678
22 26355 8093 14674
22 26360 8093 14682
21 26346 8097 14654
23 26352 8096 14671
21 26372 8099 14691
22 26417 8098 14713
22 26462 8093 14631
22 26508 8095 14652
21 26507 8090 14648
23 26513 8088 14627
21 26508 8088 14642
22 26488 8087 14650
22 26469 8088 14645
22 26441 8086 14654
21 26422 8086 14637
23 26437 8083 14632
21 26432 8079 14623
22 26411 8083 14647
22 26412 8081 14641
22 26414 8082 14596
21 26401 8085 14700
23 26411 8094 14679
21 26400 8086 14671
22 26377 8087 14669
22 26366 8090 14649
22 26365 8078 14689
21 26375 8080 14663
23 26373 8076 14671
21 26393 8076 14673
22 26344 8072 14690
22 26363 8065 14691
22 26398 8065 14677
21 26404 8057 14675
23 26434 8057 14664
21 26440 8051 14675
22 26468 8051 14617
22 26483 8055 14621
22 26489 8049 14619
21 26475 8053 14640
23 26405 8053 14640
21 26376 8063 14619
22 26373 8062 14657
23 26398 8070 14656
21 26407 8077 14626
22 26383 8076 14634
22 26395 8085 14637
22 26361 8094 14636
21 26351 8096 14620
23 26366 8102 14579
21 26356 8109 14654
22 26359 8124 14665
22 26398 8120 14698
22 26383 8131 14691
21 26372 8134 14672
23 26350 8140 14692
21 26359 8147 14673
22 26386 8156 14667
22 26421 8162 14667
22 26469 8171 14690
21 26444 8171 14674
23 26466 8175 14677
21 26493 8182 14700
22 26472 8188 14693
22 26452 8186 14715
22 26456 8200 14626
21 26425 8199 14631
22 26420 8202 14588
22 26407 8203 14640
22 26382 8199 14627
21 26353 8198 14611
23 26353 8198 14637
21 26359 8193 14648
22 26368 8193 14649
22 26376 8192 14602
22 26390 8187 14625
21 26355 8187 14644
23 26338 8187 14618
21 26382 8185 14619
22 26435 8179 14596
22 26473 8177 14675
22 26501 8166 14662
21 26510 8159 14697
23 26516 8154 14677
21 26487 8145 14676
22 26471 8140 14687
23 26431 8134 14672
21 26442 8119 14686
22 26468 8113 14665
22 26498 8112 14672
22 26501 8096 14669
21 26476 8096 14675
23 26457 8090 14679
21 26452 8088 14716
22 26448 8090 14621
22 26439 8088 14640
22 26445 8085 14641
21 26442 8082 14618
23 26442 8079 14634
21 26443 8076 14629
22 26438 8074 14631
22 26429 8074 14654
22 26397 8070 14653
21 26389 8066 14642
23 26403 8066 14629
21 26408 8068 14639
22 26448 8067 14652
22 26448 8063 14628
22 26501 8063 14583
21 26537 8054 14673
23 26553 8049 14689
21 26528 8045 14665
22 26501 8041 14691
22 26485 8035 14698
22 26482 8028 14693
21 26459 8017 14659
23 26462 8020 14672
21 26426 8011 14678
22 26486 8009 14668
22 26509 8007 14665
22 26552 7999 14685
21 26574 8001 14691
23 26562 8002 14714
21 26599 8003 14650
22 26621 8004 14652
22 26699 8005 14643
22 26846 8010 14640
21 27090 8012 14635
23 27370 8018 14635
22 27522 8028 14620
21 27513 8042 14628
22 27416 8041 14625
22 27265 8045 14650
22 27131 8045 14633
21 27062 8041 14630
23 27025 8036 14643
21 26961 8025 14635
22 26913 8012 14586
22 26892 8003 14575
22 26841 7985 14689
21 26775 7969 14655
23 26707 7965 14671
21 26592 7957 14662
22 26531 7948 14701
22 26529 7951 14678
22 26616 7950 14665
21 26676 7950 14691
23 26771 7958 14666
21 26835 7968 14691
22 26863 7971 14683
22 26876 7983 14691
22 26860 7990 14672
21 26810 7999 14729
23 26733 8011 14648
21 26697 8017 14663
22 26679 8025 14650
22 26649 8038 14648
22 26645 8042 14636
21 26652 8048 14631
23 26733 8055 14634
21 26817 8063 14635
22 26873 8069 14626
22 26897 8078 14639
22 26890 8081 14642
21 26880 8088 14632
23 26858 8093 14629
21 26830 8097 14594
22 26800 8099 14692
22 26790 8102 14664
22 26824 8113 14666
21 26813 8118 14666
23 26809 8122 14673
22 26804 8133 14649
21 26766 8139 14671
23 26726 8154 14696
21 26682 8168 14673
22 26610 8176 14666
22 26589 8183 14669
22 26555 8192 14672
21 26563 8204 14656
23 26554 8218 14688
21 26441 8223 14715
22 26308 8233 14635
22 26285 8242 14649
22 26320 8252 14633
21 26365 8257 14642
23 26416 8264 14633
21 26486 8275 14634
22 26540 8281 14633
22 26544 8289 14645
22 26558 8297 14637
21 26625 8305 14642
23 26686 8314 14652
21 26683 8315 14641
22 26654 8322 14648
21 26590 8317 14592
23 26515 8315 14683
21 26409 8315 14672
22 26313 8310 14671
22 26273 8309 14685
22 26329 8310 14670
21 26462 8309 14672
23 26610 8316 14652
21 26710 8320 14666
22 26714 8325 14677
22 26747 8339 14675
22 26832 8351 14679
21 26931 8364 14673
23 27010 8380 14672
21 27057 8394 14653
22 27058 8418 14666
22 26950 8437 14630
22 26811 8451 14643
22 26669 8470 14630
22 26517 8499 14664
22 26356 8505 14647
21 26238 8527 14639
23 26162 8552 14636
21 26150 8562 14634
22 26172 8578 14629
22 26221 8593 14633
22 26270 8608 14632
21 26310 8623 14635
23 26377 8636 14645
21 26432 8649 14647
22 26468 8661 14589
22 26525 8671 14699
22 26615 8678 14684
21 26672 8684 14676
23 26685 8690 14673
21 26648 8693 14686
22 26534 8699 14686
22 26316 8707 14669
22 26066 8707 14686
21 25832 8718 14676
23 25664 8729 14680
21 25561 8734 14656
22 25521 8739 14691
22 25579 8744 14673
22 25692 8751 14679
21 25846 8755 14626
23 26008 8760 14634
21 26153 8764 14637
22 26277 8770 14614
22 26347 8773 14650
22 26358 8771 14638
21 26348 8773 14620
23 26369 8780 14650
21 26381 8778 14643
22 26494 8776 14636
22 26705 8776 14624
22 26912 8778 14645
21 27008 8775 14625
23 26996 8775 14616
22 26880 8770 14596
21 26773 8768 14690
23 26649 8767 14694
21 26565 8768 14674
22 26497 8761 14676
21 26450 8759 14668
23 26395 8760 14662
21 26336 8756 14693
22 26246 8753 14667
22 26202 8753 14680
22 26135 8748 14688
21 26098 8746 14678
23 26088 8741 14659
21 26053 8738 14696
22 26096 8740 14722
22 26145 8737 14628
22 26201 8734 14634
21 26270 8731 14646
23 26365 8731 14636
21 26406 8722 14629
22 26442 8726 14630
22 26407 8723 14659
22 26383 8721 14644
21 26359 8728 14663
23 26346 8735 14647
21 26350 8736 14633
22 26370 8733 14645
22 26372 8753 14644
22 26370 8743 14640
21 26411 8748 14585
23 26416 8750 14674
21 26398 8753 14689
22 26365 8758 14687
22 26341 8767 14680
22 26327 8768 14677
21 26314 8780 14657
23 26301 8779 14680
21 26298 8780 14689
22 26306 8788 14689
22 26299 8790 14658
22 26307 8790 14669
21 26285 8789 14674
23 26277 8795 14683
22 26256 8796 14689
21 26280 8796 14709
23 26283 8798 14645
21 26283 8805 14620
22 26304 8800 14648
22 26317 8804 14637
22 26356 8804 14614
21 26379 8802 14642
23 26381 8794 14639
21 26376 8798 14643
22 26388 8800 14641
22 26397 8794 14644
22 26452 8796 14634
21 26463 8791 14633
23 26477 8792 14634
21 26486 8786 14595
22 26476 8781 14596
22 26509 8780 14683
22 26494 8778 14677
21 26464 8770 14671
23 26466 8768 14676
21 26469 8761 14681
22 26480 8757 14689
22 26492 8759 14682
22 26498 8752 14669
21 26487 8749 14690
22 26475 8747 14661
22 26478 8743 14688
22 26513 8739 14690
21 26500 8742 14682
23 26480 8739 14721
21 26452 8739 14650
22 26461 8732 14646
22 26440 8735 14609
22 26422 8730 14635
21 26387 8728 14633
23 26419 8728 14605
21 26434 8720 14629
22 26488 8722 14645
22 26504 8718 14644
22 26521 8713 14641
21 26516 8716 14646
23 26521 8713 14661
22 26521 8707 14646
21 26515 8711 14592
23 26477 8719 14674
21 26483 8705 14691
22 26473 8706 14669
22 26458 8712 14689
22 26475 8705 14692
21 26454 8704 14673
23 26466 8706 14678
21 26470 8708 14692
22 26468 8704 14670
22 26478 8708 14672
22 26480 8702 14685
21 26476 8699 14655
23 26482 8698 14689
21 26465 8696 14671
22 26494 8695 14703
22 26474 8691 14632
22 26474 8691 14645
21 26492 8684 14643
23 26506 8683 14635
21 26522 8687 14645
22 26530 8679 14624
22 26538 8677 14624
22 26539 8678 14627
21 26543 8679 14642
23 26561 8681 14630
21 26560 8688 14630
22 26525 8687 14638
22 26517 8689 14653
22 26509 8697 14607
21 26503 8700 14646
23 26505 8703 14696
21 26472 8707 14671
22 26492 8709 14688
22 26485 8713 14667
22 26527 8722 14691
21 26500 8726 14692
23 26498 8725 14690
21 26494 8734 14660
22 26489 8735 14697
23 26495 8737 14671
21 26488 8746 14689
22 26477 8740 14692
22 26490 8750 14683
22 26521 8747 14663
21 26538 8757 14633
22 26552 8755 14620
22 26580 8755 14647
22 26570 8754 14632
21 26578 8750 14637
23 26580 8752 14645
21 26569 8751 14627
22 26555 8749 14636
22 26542 8742 14624
22 26517 8739 14635
21 26527 8737 14616
23 26538 8730 14637
21 26524 8728 14639
22 26494 8724 14651
22 26497 8717 14593
22 26490 8707 14659
21 26518 8700 14653
23 26508 8698 14666
21 26477 8687 14674
22 26491 8684 14687
22 26496 8685 14669
22 26493 8672 14671
21 26488 8672 14688
23 26472 8669 14696
21 26491 8664 14697
22 26508 8663 14679
22 26545 8658 14675
22 26566 8661 14690
21 26573 8660 14713
23 26599 8667 14635
21 26606 8669 14623
22 26619 8667 14630
22 26601 8669 14656
22 26605 8673 14664
21 26559 8676 14645
23 26555 8682 14664
21 26552 8684 14618
22 26522 8689 14645
23 26510 8690 14613
21 26481 8695 14605
22 26489 8693 14658
22 26534 8700 14619
22 26522 8705 14617
21 26528 8701 14595
23 26525 8705 14684
21 26521 8702 14672
22 26511 8705 14685
22 26494 8708 14666
22 26495 8712 14689
21 26503 8710 14675
23 26500 8714 14667
21 26517 8710 14672
22 26522 8711 14690
22 26556 8715 14691
22 26558 8712 14681
21 26582 8706 14677
23 26621 8710 14677
21 26660 8703 14697
22 26671 8703 14642
22 26642 8703 14629
22 26657 8701 14652
21 26642 8695 14629
23 26615 8688 14627
21 26590 8685 14646
22 26554 8679 14646
21 26545 8679 14633
23 26542 8676 14646
21 26518 8678 14661
22 26544 8678 14627
22 26521 8676 14621
22 26517 8671 14660
21 26545 8673 14644
23 26543 8673 14568
21 26545 8671 14670
22 26540 8677 14677
22 26520 8679 14695
22 26503 8686 14663
21 26496 8689 14685
23 26497 8691 14691
22 26480 8697 14660
21 26498 8699 14669
23 26543 8701 14670
21 26589 8702 14664
22 26619 8709 14682
22 26635 8712 14673
22 26647 8708 14678
21 26673 8710 14675
23 26646 8715 14725
21 26619 8709 14632
22 26618 8708 14653
22 26577 8702 14617
22 26564 8705 14639
21 26566 8698 14622
23 26579 8693 14632
21 26562 8691 14637
22 26556 8687 14626
22 26542 8684 14645
22 26539 8678 14632
21 26526 8675 14641
23 26531 8667 14621
21 26516 8664 14644
22 26529 8662 14593
22 26548 8658 14572
22 26557 8651 14666
21 26560 8646 14673
23 26563 8647 14698
21 26589 8648 14679
22 26631 8640 14695
22 26690 8646 14692
22 26725 8646 14662
21 26751 8642 14687
23 26796 8639 14690
21 26766 8641 14688
22 26744 8649 14660
22 26727 8645 14680
22 26657 8650 14698
21 26608 8647 14720
23 26539 8654 14653
21 26502 8657 14649
22 26502 8657 14644
23 26505 8665 14639
21 26535 8667 14636
22 26547 8665 14635
22 26589 8669 14622
22 26582 8672 14665
21 26579 8679 14652
23 26559 8678 14640
21 26563 8675 14649
22 26546 8679 14646
21 26536 8681 14629
23 26526 8682 14587
21 26513 8679 14658
22 26562 8676 14688
22 26645 8673 14684
22 26735 8666 14690
21 26787 8667 14680
23 26872 8663 14657
21 26887 8660 14677
22 26892 8655 14680
22 26842 8649 14670
22 26794 8641 14675
21 26758 8638 14676
23 26716 8630 14684
21 26663 8622 14677
22 26624 8620 14692
22 26625 8613 14710
22 26578 8612 14638
21 26595 8606 14669
23 26601 8612 14662
21 26580 8609 14632
22 26607 8604 14636
22 26579 8612 14633
22 26605 8598 14623
21 26579 8597 14621
23 26575 8597 14632
21 26548 8596 14655
22 26534 8594 14633
22 26548 8594 14663
22 26607 8589 14674
21 26698 8584 14615
23 26799 8581 14600
21 26910 8575 14676
22 26936 8575 14681
23 26987 8568 14660
21 26955 8568 14667
22 26914 8566 14676
22 26842 8562 14665
22 26758 8567 14679
21 26696 8566 14681
23 26635 8565 14678
21 26610 8572 14672
22 26586 8573 14671
22 26591 8581 14672
22 26618 8584 14664
21 26600 8586 14663
23 26622 8599 14651
21 26607 8603 14658
22 26613 8615 14637
22 26625 8616 14647
22 26623 8618 14648
21 26607 8617 14637
23 26598 8626 14632
21 26577 8629 14631
22 26591 8627 14633
22 26644 8629 14650
22 26753 8634 14634
21 26851 8632 14645
23 26956 8633 14653
21 26981 8628 14652
22 26958 8631 14598
22 26901 8627 14653
22 26840 8619 14674
21 26765 8619 14669
22 26700 8614 14660
22 26632 8616 14686
22 26583 8609 14671
21 26561 8611 14661
23 26543 8605 14672
21 26521 8610 14696
22 26565 8609 14676
22 26599 8613 14655
22 26668 8613 14689
21 26666 8613 14674
23 26696 8618 14707
21 26712 8617 14621
22 26693 8622 14650
23 26687 8622 14634
21 26659 8627 14645
22 26629 8630 14658
22 26639 8629 14647
22 26732 8634 14648
21 26825 8631 14645
23 26944 8641 14635
21 26974 8637 14626
22 26995 8631 14661
22 26940 8652 14629
22 26882 8636 14633
21 26771 8640 14659
23 26662 8642 14615
21 26578 8638 14702
22 26500 8638 14670
22 26475 8643 14672
22 26439 8645 14667
21 26441 8646 14653
23 26467 8650 14684
21 26481 8650 14683
22 26545 8645 14684
22 26565 8649 14676
22 26546 8649 14671
21 26533 8647 14677
23 26502 8647 14670
21 26469 8651 14667
22 26430 8653 14693
22 26393 8649 14679
22 26399 8658 14611
21 26484 8654 14632
23 26600 8656 14634
21 26706 8665 14632
22 26756 8658 14655
22 26767 8658 14644
22 26759 8659 14651
21 26692 8666 14626
23 26605 8665 14632
21 26543 8664 14643
22 26492 8665 14628
22 26463 8670 14634
22 26436 8671 14649
21 26443 8671 14585
23 26467 8668 14681
22 26486 8673 14685
21 26503 8678 14678
23 26500 8678 14676
21 26498 8682 14670
22 26481 8686 14692
22 26439 8689 14664
22 26461 8695 14640
21 26444 8697 14672
22 26434 8702 14670
22 26429 8710 14690
22 26447 8711 14691
21 26473 8720 14687
23 26520 8723 14688
21 26618 8726 14700
22 26654 8731 14618
22 26672 8735 14624
22 26658 8734 14633
21 26629 8732 14635
23 26587 8738 14640
21 26544 8738 14623
22 26466 8739 14647
22 26442 8740 14655
22 26438 8741 14652
21 26426 8737 14642
23 26427 8737 14641
21 26424 8735 14630
22 26438 8738 14647
22 26450 8736 14594
22 26468 8721 14578
21 26470 8710 14689
23 26471 8715 14679
21 26460 8694 14680
22 26444 8689 14676
22 26463 8678 14673
22 26442 8671 14671
21 26455 8655 14669
23 26473 8646 14683
21 26563 8629 14688
22 26643 8619 14666
22 26678 8611 14665
22 26695 8599 14699
22 26669 8594 14701
22 26654 8588 14703
22 26591 8581 14633
21 26562 8575 14636
23 26539 8570 14615
21 26514 8568 14618
22 26496 8557 14635
22 26487 8555 14644
22 26478 8555 14620
21 26485 8539 14633
23 26474 8537 14643
21 26473 8530 14622
22 26461 8526 14640
22 26473 8523 14640
22 26472 8516 14640
21 26449 8516 14571
23 26452 8509 14650
21 26451 8503 14675
22 26455 8502 14688
22 26453 8500 14685
22 26440 8501 14698
21 26447 8499 14678
23 26489 8499 14696
21 26547 8502 14695
22 26591 8496 14691
22 26615 8496 14687
22 26625 8497 14671
21 26628 8493 14673
23 26597 8493 14667
21 26593 8492 14690
22 26546 8490 14726
21 26513 8493 14635
23 26492 8489 14637
21 26483 8488 14625
22 26485 8486 14625
22 26457 8487 14647
22 26442 8488 14654
21 26476 8489 14634
23 26481 8488 14594
21 26477 8492 14638
22 26478 8494 14654
23 26443 8496 14652
21 26449 8497 14635
22 26442 8499 14640
22 26443 8502 14627
22 26440 8502 14569
21 26434 8501 14674
23 26445 8509 14690
21 26429 8510 14652
22 26454 8512 14666
22 26441 8518 14678
22 26430 8523 14681
21 26433 8521 14693
23 26425 8537 14678
21 26439 8526 14691
22 26440 8535 14689
22 26458 8534 14688
22 26534 8536 14671
21 26582 8538 14661
23 26662 8541 14669
21 26666 8543 14643
22 26664 8544 14619
22 26642 8544 14649
22 26612 8546 14652
21 26589 8544 14636
23 26570 8542 14621
21 26520 8539 14650
22 26506 8536 14629
22 26475 8534 14614
22 26496 8532 14634
21 26482 8526 14629
23 26483 8523 14644
21 26489 8523 14644
22 26491 8515 14650
22 26517 8513 14590
22 26511 8507 14644
21 26498 8503 14678
23 26477 8496 14672
21 26496 8492 14663
22 26452 8492 14643
22 26484 8486 14668
22 26473 8475 14678
21 26451 8476 14675
23 26440 8472 14677
22 26460 8472 14695
21 26476 8467 14682
23 26463 8465 14668
21 26470 8464 14673
22 26469 8457 14697
22 26508 8459 14632
22 26512 8455 14633
21 26511 8459 14658
23 26497 8453 14640
21 26516 8450 14642
22 26554 8449 14635
21 26597 8447 14621
23 26611 8448 14642
21 26617 8445 14630
22 26605 8444 14608
22 26622 8442 14631
22 26614 8446 14653
21 26575 8448 14639
23 26559 8452 14626
21 26535 8457 14610
22 26511 8461 14683
22 26511 8469 14688
22 26502 8479 14656
21 26498 8494 14687
23 26498 8504 14685
21 26518 8514 14681
22 26524 8526 14671
22 26518 8538 14670
22 26522 8547 14698
21 26520 8557 14698
23 26503 8571 14675
21 26498 8579 14688
22 26491 8589 14690
22 26462 8601 14653
22 26497 8603 14716
21 26490 8616 14626
23 26481 8620 14632
21 26516 8622 14646
22 26500 8628 14639
22 26482 8632 14643
22 26500 8631 14650
21 26493 8634 14607
23 26538 8634 14638
22 26553 8635 14634
21 26581 8633 14633
23 26601 8633 14633
21 26634 8631 14628
22 26609 8626 14651
22 26609 8624 14587
22 26559 8627 14679
21 26570 8615 14680
23 26535 8611 14675
21 26510 8613 14670
22 26509 8610 14688
22 26495 8609 14677
22 26498 8614 14679
21 26495 8605 14653
23 26522 8601 14689
21 26528 8603 14670
22 26527 8605 14660
22 26510 8597 14675
22 26527 8602 14676
21 26519 8597 14669
23 26485 8603 14689
21 26482 8605 14631
22 26478 8603 14639
22 26523 8604 14638
22 26522 8605 14632
21 26528 8605 14641
23 26505 8610 14646
21 26499 8613 14649
22 26478 8622 14641
22 26488 8611 14617
22 26516 8615 14634
21 26490 8623 14645
22 26567 8618 14645
22 26604 8617 14638
22 26628 8611 14595
21 26658 8611 14649
23 26647 8604 14682
21 26621 8598 14678
22 26604 8598 14696
22 26583 8589 14659
22 26553 8586 14690
21 26524 8582 14689
23 26539 8573 14668
22 26548 8567 14674
21 26547 8562 14684
23 26545 8556 14672
21 26531 8550 14666
22 26528 8544 14697
22 26534 8536 14697
22 26512 8529 14735
21 26506 8533 14636
23 26528 8531 14639
21 26522 8518 14655
22 26532 8517 14632
22 26518 8519 14627
22 26537 8509 14626
21 26525 8505 14653
23 26516 8507 14639
21 26527 8507 14667
22 26520 8507 14628
22 26501 8507 14641
22 26521 8507 14643
21 26491 8508 14615
23 26487 8508 14638
21 26518 8507 14600
22 26573 8501 14665
22 26608 8500 14662
22 26645 8500 14696
21 26634 8493 14695
23 26652 8489 14665
21 26637 8490 14687
22 26621 8487 14666
22 26581 8484 14674
22 26570 8486 14665
21 26562 8479 14690
23 26582 8482 14670
21 26560 8481 14668
22 26568 8481 14674
22 26536 8482 14724
22 26543 8489 14655
21 26531 8490 14613
23 26550 8492 14646
21 26551 8494 14639
22 26546 8494 14644
23 26559 8498 14635
21 26558 8498 14627
22 26554 8497 14641
22 26539 8499 14640
22 26505 8501 14649
21 26504 8505 14660
23 26498 8504 14639
21 26496 8502 14634
22 26508 8505 14629
22 26446 8505 14590
22 26472 8501 14687
21 26484 8507 14678
22 26472 8509 14646
22 26460 8508 14674
22 26475 8511 14681
21 26522 8515 14691
23 26590 8520 14673
21 26656 8520 14665
22 26698 8517 14692
22 26715 8524 14657
22 26696 8524 14665
21 26671 8531 14681
23 26643 8538 14688
21 26605 8541 14655
22 26566 8546 14647
22 26550 8550 14649
22 26559 8557 14627
21 26556 8567 14619
23 26530 8560 14648
21 26530 8562 14657
22 26535 8564 14634
22 26563 8573 14653
22 26567 8567 14631
21 26553 8569 14627
23 26544 8569 14672
21 26512 8567 14657
22 26519 8568 14649
22 26502 8573 14639
22 26485 8573 14582
21 26485 8576 14602
23 26477 8574 14674
22 26509 8577 14689
21 26487 8575 14653
23 26480 8580 14666
21 26495 8580 14669
22 26475 8587 14698
22 26507 8588 14663
22 26534 8594 14670
21 26591 8596 14678
23 26669 8599 14661
21 26694 8605 14668
22 26700 8607 14673
22 26710 8611 14702
22 26685 8622 14655
21 26645 8621 14646
23 26616 8629 14650
21 26598 8634 14649
22 26562 8638 14606
22 26557 8643 14639
22 26521 8647 14637
21 26506 8655 14611
23 26491 8652 14647
21 26494 8654 14639
22 26515 8650 14637
22 26523 8649 14649
22 26506 8646 14669
21 26505 8645 14640
23 26505 8641 14589
21 26489 8637 14680
22 26494 8632 14689
22 26482 8627 14671
22 26500 8627 14690
21 26494 8632 14688
23 26494 8626 14681
21 26491 8628 14670
22 26489 8634 14682
21 26477 8635 14657
23 26531 8637 14698
21 26562 8643 14676
22 26622 8646 14662
22 26664 8654 14663
22 26733 8653 14687
21 26729 8662 14713
23 26709 8667 14608
22 26686 8663 14640
21 26618 8664 14640
23 26601 8665 14640
21 26553 8669 14639
22 26529 8675 14651
22 26497 8674 14619
22 26499 8675 14592
21 26490 8679 14639
23 26485 8677 14635
21 26501 8680 14638
22 26488 8690 14626
22 26525 8696 14646
22 26516 8694 14604
21 26500 8699 14679
23 26527 8707 14676
21 26485 8703 14690
22 26510 8704 14669
22 26472 8714 14669
22 26482 8711 14692
21 26482 8715 14662
23 26483 8719 14687
21 26488 8721 14692
22 26493 8722 14656
22 26483 8729 14678
22 26519 8728 14677
21 26560 8733 14689
23 26617 8739 14672
21 26670 8742 14674
22 26746 8745 14624
22 26797 8748 14624
22 26785 8745 14627
21 26776 8751 14630
23 26725 8756 14622
21 26642 8751 14635
22 26596 8755 14660
22 26571 8752 14638
22 26536 8754 14644
21 26491 8751 14635
23 26500 8757 14640
21 26515 8754 14630
22 26510 8761 14614
23 26528 8760 14583
21 26515 8761 14666
22 26521 8759 14684
22 26532 8753 14676
22 26529 8753 14695
21 26513 8748 14666
23 26483 8749 14672
21 26503 8742 14691
22 26501 8735 14671
22 26516 8724 14689
22 26495 8719 14668
21 26505 8713 14676
23 26490 8706 14676
21 26479 8698 14697
22 26482 8693 14698
21 26472 8689 14699
23 26483 8683 14641
21 26516 8677 14627
22 26599 8673 14624
22 26706 8666 14631
22 26819 8664 14656
21 26842 8661 14635
23 26812 8661 14626
21 26776 8660 14651
22 26720 8664 14643
22 26646 8667 14642
22 26585 8664 14629
21 26530 8664 14636
23 26522 8665 14652
21 26506 8667 14615
22 26507 8670 14583
22 26519 8668 14691
22 26520 8670 14681
21 26518 8677 14698
23 26534 8686 14674
21 26554 8683 14684
22 26536 8685 14671
22 26530 8692 14673
22 26562 8685 14682
21 26567 8690 14667
23 26565 8691 14673
21 26559 8691 14691
22 26533 8690 14666
23 26502 8694 14666
21 26482 8692 14723
22 26489 8689 14608
22 26478 8686 14626
22 26461 8679 14636
21 26464 8673 14634
23 26477 8668 14630
21 26515 8667 14637
22 26572 8660 14648
22 26636 8658 14627
22 26703 8660 14644
21 26764 8656 14650
23 26782 8659 14646
21 26771 8663 14629
22 26713 8663 14634
22 26648 8662 14645
22 26582 8673 14580
21 26556 8668 14685
23 26496 8671 14688
21 26431 8679 14695
22 26391 8685 14675
22 26409 8689 14675
22 26433 8694 14694
21 26466 8698 14665
23 26481 8707 14690
21 26484 8709 14675
22 26507 8708 14692
22 26529 8710 14690
22 26529 8717 14665
21 26535 8711 14673
23 26510 8710 14713
21 26505 8710 14658
22 26455 8704 14636
22 26477 8701 14636
22 26459 8690 14643
21 26449 8693 14630
22 26468 8680 14627
22 26475 8675 14644
22 26550 8670 14642
21 26611 8662 14636
23 26691 8660 14642
21 26764 8655 14667
22 26777 8651 14644
23 26757 8651 14622
21 26732 8643 14626
22 26650 8647 14602
22 26601 8643 14575
22 26584 8642 14657
21 26524 8646 14672
23 26501 8646 14670
21 26469 8646 14671
22 26454 8653 14679
22 26452 8651 14701
22 26475 8652 14676
21 26506 8655 14669
23 26520 8665 14691
21 26509 8655 14670
22 26527 8664 14681
22 26536 8667 14684
22 26537 8658 14673
21 26519 8658 14727
23 26497 8660 14633
21 26508 8657 14650
22 26494 8655 14651
22 26467 8651 14646
22 26464 8646 14631
21 26456 8641 14607
23 26502 8640 14634
21 26585 8632 14620
22 26665 8627 14620
22 26739 8624 14634
22 26771 8617 14646
21 26778 8614 14646
23 26772 8607 14612
21 26677 8608 14599
22 26627 8600 14668
22 26575 8592 14672
22 26551 8592 14645
21 26511 8590 14666
23 26500 8591 14673
21 26472 8588 14670
22 26483 8592 14671
22 26484 8603 14679
22 26521 8601 14677
22 26525 8616 14654
22 26525 8619 14672
22 26510 8628 14674
21 26527 8637 14672
23 26532 8645 14688
21 26527 8657 14725
22 26511 8660 14639
22 26492 8671 14634
22 26481 8678 14650
21 26481 8683 14645
23 26467 8691 14623
21 26478 8699 14635
22 26459 8697 14640
22 26482 8705 14646
22 26530 8708 14632
21 26616 8713 14645
22 26710 8709 14608
22 26794 8707 14638
22 26841 8709 14645
21 26853 8710 14586
23 26815 8707 14658
21 26764 8704 14682
22 26698 8704 14673
22 26613 8707 14657
22 26585 8706 14683
21 26545 8707 14690
23 26522 8711 14669
21 26513 8708 14681
22 26496 8714 14695
22 26521 8715 14696
22 26526 8719 14669
21 26528 8725 14690
23 26542 8720 14676
21 26532 8724 14691
22 26527 8727 14668
22 26539 8731 14635
22 26538 8726 14658
21 26522 8729 14658
23 26492 8735 14647
21 26477 8724 14651
22 26466 8723 14620
23 26470 8727 14649
21 26450 8722 14643
22 26421 8719 14628
22 26427 8715 14662
22 26473 8712 14635
21 26493 8706 14615
23 26565 8710 14640
21 26651 8703 14662
22 26718 8702 14611
22 26787 8701 14664
22 26817 8696 14689
21 26769 8698 14673
23 26710 8698 14660
21 26653 8696 14683
22 26601 8699 14672
22 26567 8704 14690
22 26515 8702 14661
21 26475 8699 14673
23 26459 8705 14700
21 26477 8704 14675
22 26467 8704 14662
22 26475 8707 14690
22 26496 8709 14713
21 26498 8715 14597
23 26515 8712 14647
21 26532 8713 14668
22 26533 8711 14631
22 26500 8705 14651
22 26460 8708 14661
21 26467 8705 14645
23 26461 8709 14647
21 26450 8713 14658
22 26427 8712 14657
22 26426 8717 14642
22 26432 8720 14643
21 26435 8720 14636
23 26423 8727 14652
21 26407 8732 14603
22 26443 8730 14685
21 26449 8743 14656
23 26507 8751 14677
21 26542 8759 14690
22 26641 8764 14657
23 26652 8771 14666
21 26700 8773 14688
22 26677 8781 14670
22 26676 8782 14650
22 26630 8786 14687
21 26558 8793 14700
23 26531 8793 14681
21 26517 8798 14678
22 26490 8800 14704
22 26468 8796 14630
22 26415 8803 14601
21 26455 8804 14639
23 26477 8802 14644
21 26511 8801 14624
22 26520 8802 14640
22 26495 8802 14641
22 26513 8796 14649
21 26501 8792 14647
23 26490 8796 14630
21 26465 8789 14651
22 26427 8787 14625
22 26411 8784 14638
22 26439 8780 14657
21 26451 8776 14582
23 26458 8771 14694
21 26444 8773 14698
22 26417 8772 14665
22 26433 8778 14701
22 26451 8780 14694
21 26484 8781 14663
23 26527 8784 14660
21 26596 8790 14688
22 26634 8785 14669
22 26670 8788 14675
22 26649 8796 14688
21 26652 8790 14691
23 26617 8791 14694
21 26578 8793 14669
22 26559 8787 14699
22 26519 8787 14615
22 26507 8795 14640
21 26465 8788 14633
23 26491 8794 14636
22 26467 8796 14640
21 26493 8803 14609
23 26511 8800 14652
21 26501 8801 14649
22 26490 8805 14643
22 26507 8810 14648
22 26505 8808 14649
21 26498 8809 14626
23 26466 8813 14636
21 26454 8813 14595
22 26479 8812 14596
22 26485 8811 14691
22 26460 8808 14673
21 26462 8804 14696
23 26438 8802 14674
21 26438 8799 14697
22 26474 8801 14690
21 26502 8794 14651
23 26521 8789 14692
21 26584 8779 14655
22 26647 8769 14664
22 26686 8768 14664
22 26694 8763 14690
21 26668 8762 14675
23 26629 8763 14707
21 26587 8763 14649
22 26573 8767 14652
22 26560 8765 14630
22 26502 8767 14627
21 26488 8771 14626
23 26507 8777 14638
21 26495 8779 14624
22 26514 8785 14659
22 26499 8790 14655
22 26505 8795 14645
21 26507 8802 14649
23 26523 8813 14620
21 26519 8809 14647
22 26510 8824 14589
22 26488 8828 14689
22 26502 8829 14684
21 26511 8826 14678
23 26500 8835 14649
22 26491 8839 14691
21 26479 8841 14669
23 26486 8839 14696
21 26502 8842 14700
22 26487 8835 14659
22 26506 8837 14689
22 26476 8834 14675
21 26474 8833 14669
23 26496 8830 14676
21 26533 8831 14669
22 26568 8833 14707
22 26599 8839 14624
22 26658 8842 14642
21 26717 8837 14648
23 26726 8840 14630
21 26703 8840 14627
22 26645 8840 14622
22 26612 8840 14638
22 26611 8841 14624
21 26578 8839 14631
23 26540 8836 14636
21 26497 8835 14633
22 26494 8833 14626
22 26489 8826 14625
22 26497 8826 14607
21 26502 8823 14636
23 26501 8817 14667
21 26527 8815 14675
22 26519 8811 14671
22 26531 8803 14670
22 26550 8807 14688
21 26514 8800 14700
23 26490 8796 14680
21 26485 8799 14676
22 26495 8796 14691
22 26479 8797 14666
22 26501 8797 14672
21 26482 8798 14685
22 26490 8799 14669
22 26505 8801 14673
22 26515 8809 14635
22 26490 8808 14637
22 26490 8815 14635
22 26498 8823 14649
21 26531 8827 14637
23 26555 8830 14618
21 26595 8834 14652
22 26655 8838 14641
22 26707 8845 14628
22 26736 8842 14632
21 26735 8844 14636
23 26681 8844 14641
21 26623 8842 14638
22 26574 8847 14645
22 26528 8841 14598
22 26508 8838 14676
21 26512 8829 14666
23 26459 8827 14692
21 26473 8820 14677
22 26475 8817 14664
22 26515 8817 14672
22 26505 8812 14671
21 26522 8812 14689
23 26516 8810 14692
21 26521 8817 14697
22 26530 8819 14687
22 26525 8822 14686
22 26489 8829 14670
21 26487 8833 14687
23 26511 8843 14637
21 26521 8843 14615
22 26513 8843 14621
22 26502 8851 14635
22 26493 8853 14641
21 26494 8856 14650
23 26477 8863 14631
21 26481 8860 14632
22 26494 8859 14643
22 26501 8861 14649
22 26528 8856 14620
21 26611 8849 14633
23 26684 8852 14634
22 26693 8843 14647
21 26690 8842 14591
23 26698 8833 14701
21 26653 8826 14675
22 26606 8831 14672
22 26577 8827 14688
22 26516 8824 14673
21 26514 8819 14684
23 26512 8819 14685
21 26487 8823 14690
22 26502 8823 14672
22 26505 8828 14676
22 26511 8831 14698
21 26496 8830 14678
23 26507 8838 14682
21 26517 8844 14704
22 26504 8849 14629
22 26518 8856 14632
22 26544 8852 14630
21 26543 8859 14639
22 26552 8859 14630
22 26525 8861 14644
22 26504 8855 14656
21 26493 8858 14648
23 26489 8860 14637
21 26496 8857 14636
22 26475 8857 14645
22 26499 8855 14620
22 26509 8856 14618
21 26584 8859 14647
23 26643 8859 14594
21 26686 8858 14673
22 26703 8863 14703
22 26701 8870 14701
22 26669 8870 14662
21 26641 8877 14688
23 26608 8876 14689
21 26557 8882 14672
22 26542 8883 14671
22 26540 8890 14689
22 26544 8884 14671
21 26499 8881 14688
23 26508 8888 14696
22 26521 8883 14678
21 26499 8882 14691
23 26519 8879 14703
21 26511 8883 14648
22 26498 8883 14632
22 26530 8880 14648
22 26522 8879 14640
21 26528 8878 14620
23 26521 8884 14659
21 26507 8889 14642
22 26487 8891 14624
22 26484 8897 14633
22 26492 8904 14631
21 26468 8906 14644
23 26439 8912 14624
21 26465 8918 14632
22 26475 8928 14597
22 26511 8922 14586
22 26560 8934 14648
21 26589 8933 14696
23 26653 8939 14681
21 26688 8938 14668
22 26721 8935 14692
22 26745 8935 14675
22 26710 8932 14691
21 26654 8930 14657
23 26629 8918 14669
21 26592 8913 14688
22 26568 8905 14671
22 26528 8899 14676
22 26516 8902 14699
21 26509 8900 14714
23 26484 8901 14647
21 26487 8897 14652
22 26505 8896 14645
22 26539 8897 14636
22 26550 8899 14656
21 26547 8903 14623
23 26532 8899 14638
21 26541 8900 14635
22 26516 8905 14637
21 26511 8907 14631
23 26498 8907 14648
22 26480 8910 14630
21 26490 8908 14597
23 26471 8909 14592
21 26461 8904 14664
22 26482 8900 14689
22 26476 8894 14650
22 26468 8883 14690
21 26467 8875 14700
23 26506 8871 14676
21 26542 8865 14680
22 26643 8862 14695
22 26730 8855 14674
22 26746 8855 14664
21 26775 8860 14672
23 26777 8860 14671
21 26745 8864 14668
22 26683 8870 14691
22 26633 8879 14736
22 26564 8882 14650
21 26540 8888 14646
23 26515 8899 14642
21 26509 8898 14635
22 26490 8899 14645
22 26462 8900 14635
22 26488 8905 14621
21 26516 8899 14633
23 26502 8899 14640
21 26504 8891 14647
22 26507 8882 14640
22 26506 8878 14646
22 26506 8862 14653
21 26498 8857 14632
23 26485 8846 14597
21 26479 8835 14688
22 26475 8827 14685
22 26470 8822 14659
22 26446 8820 14666
21 26423 8820 14673
23 26439 8820 14698
21 26437 8822 14677
22 26454 8822 14693
23 26480 8828 14669
21 26558 8831 14664
22 26638 8831 14681
22 26712 8836 14686
22 26765 8840 14683
21 26798 8849 14650
23 26790 8850 14635
21 26723 8847 14650
22 26652 8846 14661
22 26622 8851 14652
22 26570 8842 14627
21 26526 8836 14639
23 26471 8830 14632
21 26448 8823 14640
22 26462 8814 14646
22 26476 8809 14653
22 26485 8809 14653
21 26483 8806 14636
23 26485 8806 14635
21 26509 8808 14646
22 26512 8812 14596
21 26498 8812 14663
23 26490 8814 14686
21 26469 8824 14669
22 26459 8822 14665
22 26450 8831 14665
22 26455 8834 14666
21 26466 8840 14676
23 26488 8843 14654
21 26468 8850 14671
22 26516 8853 14673
22 26614 8852 14671
22 26682 8849 14655
21 26792 8846 14668
23 26862 8835 14718
21 26894 8826 14612
22 26879 8823 14618
22 26863 8813 14644
22 26833 8803 14650
21 26825 8794 14651
23 26757 8797 14635
21 26686 8782 14634
22 26640 8775 14634
23 26598 8778 14643
21 26612 8766 14636
22 26621 8764 14640
22 26631 8759 14643
22 26611 8760 14644
21 26587 8758 14646
23 26540 8754 14615
21 26510 8755 14686
22 26455 8751 14656
22 26401 8752 14683
22 26341 8752 14690
21 26307 8749 14671
23 26279 8743 14677
21 26290 8744 14669
22 26304 8741 14695
22 26296 8742 14667
22 26308 8739 14695
21 26368 8740 14675
23 26452 8740 14693
21 26546 8746 14653
22 26621 8745 14699
22 26670 8744 14688
22 26670 8748 14625
21 26648 8746 14616
23 26609 8749 14634
21 26521 8747 14645
22 26437 8751 14643
22 26350 8745 14646
22 26310 8742 14633
21 26262 8739 14634
23 26227 8743 14628
21 26223 8741 14642
22 26232 8732 14639
22 26281 8735 14632
22 26303 8735 14651
21 26329 8730 14612
23 26316 8726 14685
21 26312 8730 14683
22 26296 8729 14675
22 26242 8738 14669
22 26250 8744 14673
22 26229 8747 14671
21 26251 8748 14668
23 26295 8752 14669
21 26302 8755 14670
22 26338 8754 14692
22 26352 8746 14674
22 26371 8735 14679
21 26466 8725 14680
23 26586 8711 14654
21 26710 8696 14698
22 26858 8683 14630
22 27027 8663 14616
22 27097 8636 14626
21 26968 8608 14638
23 26724 8585 14644
21 26499 8551 14616
22 26357 8517 14652
22 26251 8484 14667
22 26125 8443 14643
21 25993 8405 14630
23 25936 8368 14642
21 25981 8322 14630
22 26087 8278 14610
22 26172 8261 14585
22 26322 8225 14581
21 26493 8193 14697
23 26697 8174 14676
21 26800 8150 14677
22 26778 8136 14665
22 26748 8126 14661
22 26692 8115 14671
21 26636 8107 14657
23 26560 8103 14685
21 26508 8103 14660
22 26403 8103 14687
22 26349 8111 14661
22 26328 8116 14671
21 26365 8128 14660
23 26377 8140 14713
21 26286 8154 14633
22 26228 8164 14626
23 26141 8180 14640
21 26078 8192 14604
22 26021 8200 14640
22 26021 8209 14651
22 26024 8217 14637
21 25974 8227 14640
23 26016 8231 14656
21 26068 8239 14647
22 26126 8242 14631
22 26106 8250 14652
22 26052 8256 14636
21 26067 8254 14608
23 26006 8260 14625
21 26040 8260 14693
22 26033 8262 14670
22 26009 8264 14697
22 26023 8270 14677
21 26019 8275 14695
23 25999 8282 14662
21 25995 8287 14652
22 25945 8296 14691
22 25961 8300 14662
22 26016 8314 14681
21 26065 8330 14684
22 26146 8337 14665
22 26254 8345 14692
22 26366 8354 14712
21 26471 8368 14629
23 26552 8379 14626
21 26569 8384 14646
22 26548 8392 14648
22 26495 8396 14615
22 26457 8401 14627
21 26425 8407 14632
23 26404 8407 14637
21 26350 8416 14625
22 26348 8419 14650
22 26342 8422 14650
22 26365 8429 14625
21 26405 8432 14637
23 26429 8444 14630
21 26436 8448 14593
22 26428 8453 14666
23 26451 8476 14690
21 26493 8485 14683
22 26491 8498 14694
22 26484 8532 14681
22 26489 8541 14692
21 26484 8561 14675
23 26454 8581 14670
21 26430 8604 14683
22 26426 8620 14657
22 26479 8644 14672
22 26569 8657 14672
21 26662 8669 14652
23 26731 8682 14667
21 26769 8695 14666
22 26780 8708 14642
22 26766 8716 14648
22 26725 8724 14650
21 26664 8732 14646
23 26549 8738 14602
21 26512 8752 14639
22 26454 8757 14657
22 26414 8766 14632
22 26340 8776 14610
21 26297 8785 14640
23 26283 8791 14651
21 26295 8801 14622
22 26295 8806 14659
22 26322 8811 14587
22 26335 8812 14637
21 26379 8818 14656
23 26358 8816 14671
21 26287 8813 14670
22 26229 8806 14688
22 26197 8805 14680
22 26183 8791 14699
21 26159 8786 14696
23 26080 8777 14693
21 25998 8770 14676
22 25908 8763 14676
22 25794 8763 14690
22 25765 8759 14691
21 25754 8760 14687
23 25780 8760 14626
22 25821 8775 14641
21 25907 8787 14639
22 26014 8792 14624
22 26180 8802 14649
22 26355 8813 14645
21 26472 8826 14622
23 26532 8829 14639
21 26576 8837 14637
22 26605 8843 14611
22 26630 8842 14621
22 26622 8836 14629
21 26615 8832 14652
23 26609 8822 14644
21 26606 8809 14586
22 26619 8797 14678
22 26582 8783 14672
22 26560 8769 14661
21 26562 8767 14676
23 26555 8751 14671
21 26532 8738 14670
22 26531 8731 14672
22 26491 8730 14697
22 26453 8715 14678
21 26491 8704 14694
23 26563 8706 14694
21 26663 8688 14671
22 26740 8684 14671
22 26834 8677 14691
22 26893 8670 14716
21 26884 8660 14621
23 26850 8656 14646
21 26829 8651 14643
22 26739 8651 14637
22 26663 8656 14650
22 26595 8655 14641
21 26523 8665 14614
23 26473 8675 14632
21 26463 8681 14643
22 26468 8692 14621
22 26482 8708 14611
22 26475 8720 14627
21 26480 8729 14653
23 26462 8746 14589
22 26477 8764 14679
21 26478 8772 14677
23 26471 8785 14672
21 26468 8807 14684
22 26419 8814 14664
22 26425 8820 14682
22 26438 8833 14671
21 26469 8836 14654
23 26533 8842 14680
21 26606 8842 14696
22 26679 8840 14695
22 26762 8845 14676
22 26826 8844 14678
21 26813 8840 14663
23 26759 8839 14686
21 26726 8843 14630
22 26665 8836 14632
22 26655 8837 14637
22 26615 8831 14654
21 26523 8829 14656
23 26490 8817 14647
21 26452 8811 14650
22 26449 8809 14636
21 26415 8802 14598
23 26405 8792 14615
21 26387 8788 14632
22 26420 8783 14631
22 26422 8772 14630
22 26431 8764 14590
21 26442 8764 14646
23 26477 8754 14664
21 26468 8750 14695
22 26449 8741 14675
22 26487 8739 14691
22 26497 8732 14660
21 26554 8730 14686
23 26615 8725 14672
21 26668 8713 14660
22 26688 8711 14688
22 26706 8706 14672
22 26683 8699 14697
22 26664 8693 14696
22 26622 8695 14677
22 26595 8681 14715
21 26547 8684 14656
23 26494 8679 14631
21 26518 8669 14636
22 26524 8665 14632
22 26526 8665 14642
22 26524 8659 14645
21 26514 8654 14655
23 26484 8655 14652
21 26505 8651 14647
22 26513 8648 14632
22 26508 8650 14634
22 26473 8651 14643
21 26497 8651 14648
23 26501 8650 14634
21 26524 8655 14613
22 26535 8646 14677
22 26525 8650 14665
22 26533 8648 14691
21 26596 8639 14696
23 26670 8633 14672
21 26694 8633 14648
22 26672 8610 14689
22 26688 8602 14689
22 26680 8582 14664
21 26631 8572 14660
23 26628 8554 14670
21 26591 8539 14697
22 26580 8530 14677
22 26558 8510 14720
22 26553 8496 14656
21 26522 8480 14619
23 26518 8460 14631
21 26546 8448 14631
22 26558 8437 14627
22 26557 8425 14642
22 26551 8413 14638
21 26539 8400 14644
23 26517 8388 14651
22 26517 8377 14634
21 26520 8363 14648
23 26508 8363 14645
21 26511 8352 14650
22 26555 8341 14648
21 26595 8336 14583
23 26647 8325 14685
21 26661 8322 14691
22 26633 8323 14690
22 26629 8319 14675
22 26615 8317 14695
21 26581 8313 14696
23 26573 8315 14672
21 26534 8316 14684
22 26501 8312 14673
22 26518 8308 14688
22 26514 8306 14675
21 26496 8303 14671
23 26507 8308 14676
21 26494 8304 14685
22 26499 8306 14645
22 26496 8317 14651
22 26507 8319 14616
21 26528 8327 14641
23 26507 8331 14617
21 26516 8332 14637
22 26523 8339 14621
22 26574 8354 14635
22 26603 8354 14644
21 26616 8360 14640
23 26660 8372 14653
21 26685 8384 14659
22 26702 8393 14656
22 26672 8406 14624
22 26640 8417 14583
21 26647 8426 14585
23 26638 8431 14689
21 26602 8431 14690
22 26566 8436 14686
22 26572 8434 14685
22 26560 8436 14695
21 26560 8434 14677
23 26559 8435 14664
22 26541 8431 14683
21 26510 8426 14673
23 26512 8425 14691
21 26507 8424 14664
22 26518 8416 14689
22 26522 8415 14698
22 26552 8410 14698
21 26539 8411 14632
23 26564 8411 14648
21 26609 8408 14631
22 26669 8404 14609
22 26709 8412 14641
22 26715 8411 14633
21 26707 8407 14625
23 26709 8408 14631
21 26703 8408 14639
22 26674 8403 14625
22 26610 8405 14655
22 26594 8402 14663
21 26590 8401 14649
23 26549 8402 14592
21 26549 8396 14695
22 26526 8400 14693
22 26508 8399 14676
22 26548 8398 14684
21 26551 8401 14668
22 26534 8401 14662
22 26548 8403 14671
22 26551 8405 14679
21 26547 8408 14673
23 26551 8411 14685
21 26551 8410 14673
22 26542 8415 14672
22 26615 8415 14651
22 26681 8419 14665
21 26722 8424 14703
23 26752 8429 14637
21 26751 8430 14623
22 26726 8431 14663
22 26713 8428 14632
22 26673 8427 14629
21 26658 8429 14644
23 26607 8424 14638
22 26574 8424 14635
21 26563 8426 14636
23 26571 8429 14632
21 26584 8429 14635
22 26549 8420 14637
22 26542 8421 14635
22 26564 8417 14600
21 26555 8414 14671
23 26573 8409 14691
21 26567 8413 14667
22 26525 8410 14662
22 26536 8410 14670
22 26529 8414 14691
21 26528 8410 14656
23 26543 8411 14692
21 26556 8415 14691
22 26620 8417 14693
22 26681 8419 14660
22 26741 8414 14672
21 26752 8414 14692
23 26740 8408 14659
21 26719 8405 14665
22 26687 8405 14639
22 26690 8406 14637
22 26664 8405 14635
21 26610 8403 14653
23 26581 8408 14668
21 26558 8407 14634
22 26542 8411 14632
22 26539 8416 14641
22 26524 8423 14636
21 26536 8428 14617
23 26527 8432 14640
21 26553 8436 14640
22 26531 8442 14637
22 26529 8452 14605
22 26522 8458 14670
21 26504 8462 14696
23 26497 8465 14669
21 26489 8478 14663
22 26467 8480 14677
23 26480 8492 14690
21 26491 8497 14689
22 26516 8504 14683
22 26590 8508 14667
22 26603 8512 14695
21 26677 8530 14694
22 26714 8526 14656
22 26715 8531 14673
22 26696 8542 14669
21 26678 8543 14709
23 26634 8552 14631
21 26588 8552 14637
22 26599 8556 14611
22 26569 8557 14626
22 26568 8554 14642
21 26531 8554 14646
23 26534 8553 14636
21 26524 8553 14622
22 26518 8551 14627
22 26535 8552 14632
22 26510 8549 14600
21 26506 8552 14631
23 26518 8544 14631
21 26512 8543 14647
22 26489 8544 14599
22 26485 8537 14683
22 26469 8524 14701
21 26446 8524 14695
23 26444 8522 14674
21 26427 8511 14694
22 26412 8503 14667
22 26442 8498 14668
22 26494 8489 14668
21 26527 8475 14667
23 26556 8466 14693
21 26580 8456 14692
22 26579 8443 14666
22 26589 8436 14690
22 26581 8429 14696
21 26587 8425 14634
23 26537 8426 14641
21 26560 8420 14633
22 26555 8422 14629
23 26538 8420 14620
21 26509 8421 14631
22 26519 8421 14651
22 26498 8426 14663
22 26492 8437 14644
21 26482 8441 14657
23 26486 8448 14624
21 26472 8458 14628
22 26495 8466 14633
22 26520 8476 14640
22 26533 8486 14596
21 26544 8492 14662
23 26512 8498 14678
21 26511 8504 14698
22 26514 8514 14679
22 26505 8523 14671
22 26532 8528 14674
21 26545 8532 14672
23 26536 8534 14689
21 26584 8536 14671
22 26615 8533 14690
22 26647 8527 14685
22 26637 8522 14694
21 26605 8513 14678
23 26576 8507 14689
21 26581 8499 14643
22 26536 8490 14634
21 26540 8472 14632
23 26495 8458 14636
21 26518 8447 14643
22 26526 8434 14616
22 26535 8419 14626
22 26523 8411 14646
21 26492 8399 14646
23 26511 8388 14624
21 26516 8383 14622
22 26516 8376 14641
22 26536 8374 14638
22 26485 8363 14615
21 26494 8360 14600
23 26509 8356 14578
22 26520 8346 14661
21 26524 8347 14690
23 26504 8341 14691
21 26496 8337 14679
22 26534 8336 14674
22 26569 8341 14672
22 26604 8333 14665
21 26592 8328 14673
23 26607 8335 14664
21 26639 8329 14689
22 26620 8330 14685
22 26603 8324 14672
22 26572 8331 14693
21 26556 8334 14720
23 26532 8338 14640
21 26528 8340 14647
22 26542 8344 14617
22 26544 8345 14645
22 26539 8349 14638
21 26552 8358 14625
23 26545 8367 14625
21 26543 8372 14627
22 26539 8379 14645
22 26528 8393 14635
22 26527 8408 14637
21 26517 8413 14650
23 26528 8423 14637
21 26507 8434 14580
22 26496 8439 14668
22 26525 8448 14668
22 26527 8466 14661
21 26535 8469 14663
23 26526 8474 14694
21 26511 8483 14697
22 26534 8497 14674
22 26544 8493 14697
22 26583 8495 14690
21 26603 8492 14672
23 26585 8493 14670
21 26628 8488 14672
22 26621 8481 14690
23 26631 8475 14689
21 26621 8472 14726
22 26582 8464 14655
22 26569 8460 14650
22 26586 8454 14651
21 26574 8450 14638
23 26563 8447 14647
21 26556 8444 14654
22 26533 8442 14637
21 26544 8435 14619
23 26566 8430 14633
21 26570 8431 14625
22 26554 8427 14628
22 26510 8420 14642
22 26531 8415 14648
21 26534 8409 14592
23 26530 8407 14667
21 26490 8395 14673
22 26497 8392 14678
22 26523 8388 14682
22 26525 8381 14671
21 26553 8376 14690
23 26518 8366 14675
21 26518 8365 14665
22 26522 8360 14678
22 26524 8355 14693
22 26503 8344 14690
21 26534 8345 14668
23 26526 8347 14672
21 26556 8338 14667
22 26559 8340 14666
22 26611 8351 14651
22 26626 8346 14658
21 26629 8351 14637
23 26647 8358 14631
21 26632 8365 14650
22 26620 8371 14644
22 26606 8383 14637
22 26563 8394 14656
21 26574 8398 14613
23 26562 8408 14615
21 26570 8412 14633
22 26552 8419 14645
23 26513 8429 14658
21 26552 8437 14652
22 26544 8442 14610
22 26536 8451 14670
22 26556 8459 14667
21 26517 8465 14673
23 26528 8476 14691
21 26534 8484 14646
22 26547 8486 14688
22 26552 8497 14673
22 26544 8506 14671
21 26525 8505 14694
23 26541 8513 14679
21 26535 8517 14670
22 26554 8525 14650
22 26521 8525 14691
22 26521 8525 14708
21 26546 8535 14621
23 26573 8537 14636
21 26591 8543 14660
22 26622 8540 14642
22 26617 8544 14653
22 26611 8550 14654
21 26606 8553 14627
23 26583 8556 14641
21 26575 8561 14640
22 26546 8562 14629
22 26549 8563 14633
22 26564 8574 14628
21 26557 8578 14650
22 26560 8585 14628
22 26549 8592 14622
22 26557 8598 14683
21 26539 8605 14674
23 26527 8618 14670
21 26529 8624 14690
22 26510 8634 14696
22 26536 8640 14654
22 26523 8654 14687
21 26541 8656 14673
23 26549 8658 14670
21 26535 8665 14681
22 26551 8670 14696
23 26539 8670 14697
21 26545 8666 14671
22 26554 8668 14736
22 26552 8667 14626
22 26556 8667 14638
21 26609 8664 14644
23 26635 8670 14623
21 26645 8664 14656
22 26621 8663 14644
22 26601 8675 14649
22 26575 8671 14637
21 26572 8678 14646
23 26564 8683 14647
21 26553 8689 14637
22 26543 8692 14640
22 26528 8700 14653
22 26544 8710 14615
21 26537 8707 14577
23 26548 8707 14699
21 26526 8713 14682
22 26510 8711 14675
22 26532 8715 14678
22 26549 8719 14688
21 26553 8714 14671
23 26539 8718 14652
21 26552 8715 14667
22 26563 8718 14684
22 26563 8717 14672
22 26543 8716 14655
21 26506 8719 14680
23 26539 8719 14680
21 26579 8725 14690
22 26616 8721 14705
22 26641 8722 14636
22 26672 8723 14638
21 26707 8719 14604
23 26685 8714 14631
21 26665 8708 14631
22 26644 8709 14646
22 26607 8706 14650
22 26572 8701 14643
21 26564 8698 14658
23 26548 8694 14638
22 26552 8696 14638
21 26522 8695 14639
23 26522 8693 14644
21 26536 8689 14597
22 26550 8692 14584
22 26566 8687 14689
22 26538 8690 14681
21 26521 8697 14678
22 26522 8697 14657
22 26508 8701 14689
22 26507 8701 14667
21 26517 8704 14670
23 26500 8707 14686
21 26511 8707 14672
22 26518 8707 14667
22 26525 8709 14671
22 26507 8711 14673
21 26515 8709 14693
23 26546 8707 14723
21 26566 8706 14624
22 26626 8703 14653
22 26672 8698 14643
22 26714 8693 14626
21 26717 8696 14641
23 26719 8683 14645
21 26704 8683 14634
22 26674 8683 14639
22 26607 8687 14649
22 26584 8676 14648
21 26562 8679 14648
23 26544 8687 14627
21 26531 8676 14628
22 26522 8679 14604
22 26507 8681 14671
22 26535 8678 14671
21 26543 8679 14680
23 26554 8688 14668
21 26527 8693 14677
22 26528 8692 14660
22 26503 8703 14674
22 26484 8705 14665
22 26500 8711 14671
22 26490 8715 14658
22 26505 8718 14665
21 26511 8725 14685
23 26539 8725 14662
21 26505 8730 14688
22 26513 8731 14701
22 26494 8742 14648
22 26536 8746 14631
21 26601 8746 14630
23 26666 8753 14632
21 26696 8761 14622
22 26741 8758 14632
22 26736 8766 14636
22 26729 8767 14638
21 26688 8773 14605
23 26650 8775 14630
21 26585 8776 14652
22 26569 8773 14653
22 26547 8777 14647
22 26507 8782 14605
21 26503 8778 14628
23 26513 8776 14666
21 26546 8778 14674
22 26560 8774 14691
22 26560 8771 14689
22 26543 8775 14697
21 26565 8782 14681
23 26551 8785 14691
21 26568 8787 14695
22 26562 8799 14670
21 26534 8793 14647
23 26514 8802 14664
21 26516 8803 14689
22 26550 8807 14681
22 26595 8811 14682
22 26640 8811 14649
21 26687 8814 14641
23 26738 8812 14633
21 26774 8803 14637
22 26756 8796 14655
23 26721 8781 14620
21 26653 8768 14617
22 26630 8748 14636
22 26592 8729 14629
22 26564 8714 14632
21 26522 8699 14636
23 26511 8682 14645
21 26486 8670 14662
22 26510 8653 14642
22 26519 8651 14592
22 26538 8633 14673
21 26531 8617 14690
23 26531 8619 14676
21 26544 8608 14689
22 26529 8604 14665
22 26505 8599 14691
22 26515 8594 14672
21 26504 8594 14689
23 26528 8594 14694
21 26522 8593 14692
22 26557 8588 14654
22 26593 8592 14666
22 26684 8585 14673
21 26737 8584 14721
23 26796 8586 14611
21 26764 8586 14657
22 26750 8587 14643
22 26710 8587 14622
22 26663 8591 14661
21 26622 8587 14632
23 26565 8586 14650
21 26507 8583 14611
22 26494 8584 14644
22 26483 8582 14633
22 26489 8575 14618
21 26512 8572 14631
23 26511 8573 14646
21 26509 8568 14651
22 26542 8568 14578
22 26543 8561 14674
22 26555 8559 14691
21 26527 8559 14689
23 26528 8561 14691
22 26516 8561 14676
21 26520 8563 14666
23 26514 8565 14666
21 26482 8565 14679
22 26473 8563 14696
22 26503 8568 14694
22 26599 8566 14678
21 26692 8570 14693
23 26751 8575 14665
21 26796 8573 14710
22 26807 8585 14637
21 26781 8581 14607
23 26748 8576 14636
21 26687 8576 14647
22 26624 8575 14635
22 26580 8570 14645
22 26549 8564 14651
21 26524 8562 14640
23 26492 8558 14626
21 26470 8553 14639
22 26499 8547 14644
22 26540 8541 14618
22 26540 8537 14618
21 26578 8533 14657
23 26551 8532 14605
21 26537 8518 14681
22 26516 8524 14679
22 26485 8521 14691
22 26491 8517 14682
21 26457 8518 14674
23 26457 8526 14670
21 26483 8522 14672
22 26503 8526 14681
22 26520 8536 14663
22 26485 8527 14697
21 26496 8527 14673
23 26544 8529 14677
21 26617 8526 14680
22 26702 8529 14682
22 26746 8526 14718
22 26764 8526 14634
21 26756 8527 14624
23 26724 8526 14633
22 26683 8522 14640
21 26615 8525 14638
23 26557 8528 14642
21 26539 8532 14645
22 26521 8535 14639
22 26481 8542 14617
22 26493 8547 14630
21 26470 8549 14638
23 26494 8557 14632
21 26526 8563 14625
22 26530 8567 14580
22 26531 8575 14596
22 26544 8582 14693
21 26531 8581 14693
23 26513 8586 14675
21 26512 8591 14672
22 26479 8604 14655
22 26452 8598 14690
22 26444 8603 14666
21 26459 8602 14691
23 26443 8606 14669
21 26419 8609 14694
22 26430 8609 14692
22 26480 8609 14694
22 26551 8615 14695
21 26635 8611 14709
23 26673 8615 14623
21 26707 8620 14644
22 26724 8616 14637
22 26713 8623 14625
22 26675 8622 14659
21 26630 8625 14634
22 26554 8628 14615
22 26525 8628 14655
22 26479 8632 14632
21 26466 8629 14631
23 26473 8635 14631
21 26478 8637 14640
22 26516 8639 14639
22 26560 8643 14581
22 26564 8648 14657
21 26613 8649 14693
23 26589 8650 14679
22 26569 8652 14667
21 26560 8660 14676
23 26514 8659 14669
21 26514 8663 14676
22 26482 8669 14674
22 26486 8668 14671
22 26494 8668 14665
21 26519 8671 14667
23 26587 8674 14668
21 26659 8670 14673
22 26714 8676 14698
22 26775 8683 14718
22 26776 8679 14640
21 26773 8682 14635
23 26717 8682 14631
21 26625 8688 14630
22 26585 8690 14638
22 26547 8694 14630
22 26523 8694 14620
21 26490 8696 14615
23 26470 8698 14640
21 26488 8700 14645
22 26527 8701 14610
22 26531 8702 14636
22 26554 8702 14648
21 26537 8701 14628
23 26546 8700 14583
21 26553 8698 14691
22 26545 8692 14685
22 26530 8691 14670
22 26490 8686 14657
21 26495 8683 14695
23 26494 8679 14700
21 26472 8677 14669
22 26494 8671 14665
22 26510 8663 14673
22 26581 8663 14689
21 26655 8657 14646
23 26702 8651 14668
21 26710 8643 14691
22 26691 8641 14697
23 26642 8636 14629
21 26600 8633 14650
22 26564 8625 14653
22 26548 8616 14645
22 26533 8610 14634
21 26492 8598 14639
23 26503 8594 14652
21 26505 8587 14635
22 26510 8579 14641
22 26494 8567 14634
22 26503 8556 14651
21 26507 8540 14643
22 26517 8530 14634
22 26521 8516 14646
22 26507 8503 14583
21 26468 8489 14648
23 26483 8475 14678
21 26486 8459 14671
22 26482 8449 14684
22 26477 8438 14677
22 26452 8426 14695
21 26453 8420 14693
23 26480 8415 14673
21 26500 8399 14685
22 26576 8391 14689
22 26597 8384 14676
22 26638 8374 14680
21 26626 8373 14690
23 26625 8367 14716
21 26608 8360 14634
22 26538 8362 14652
22 26500 8368 14656
22 26492 8362 14652
21 26460 8354 14648
23 26445 8361 14637
21 26434 8355 14643
22 26466 8352 14653
22 26491 8351 14637
22 26518 8353 14641
21 26526 8353 14633
23 26513 8357 14629
22 26475 8355 14646
21 26489 8360 14621
23 26490 8364 14592
21 26504 8360 14675
22 26484 8364 14674
22 26460 8365 14653
22 26456 8367 14671
21 26489 8365 14667
23 26511 8368 14666
21 26521 8367 14689
22 26559 8364 14671
22 26616 8368 14700
22 26638 8365 14658
21 26660 8361 14662
23 26647 8361 14692
21 26631 8363 14668
22 26604 8361 14689
22 26570 8362 14712
22 26554 8360 14638
21 26528 8370 14629
23 26496 8367 14661
21 26482 8365 14641
22 26502 8365 14657
22 26534 8372 14632
22 26502 8368 14655
21 26510 8374 14646
23 26526 8375 14656
21 26535 8377 14658
22 26530 8377 14639
22 26509 8381 14632
22 26502 8390 14654
21 26498 8399 14604
23 26491 8393 14693
21 26491 8400 14676
22 26495 8406 14675
21 26495 8413 14649
23 26548 8416 14668
21 26588 8417 14667
22 26640 8423 14684
22 26667 8426 14679
22 26658 8427 14678
21 26627 8427 14697
23 26607 8425 14660
22 26587 8424 14664
21 26580 8418 14683
23 26558 8420 14692
21 26531 8416 14692
22 26506 8416 14637
22 26531 8414 14630
22 26535 8408 14614
21 26519 8404 14627
23 26515 8409 14653
21 26523 8408 14637
22 26528 8410 14651
22 26509 8416 14639
22 26507 8409 14657
21 26492 8407 14638
23 26505 8416 14640
21 26474 8415 14620
22 26515 8412 14634
22 26521 8416 14606
22 26536 8411 14604
21 26605 8409 14674
23 26678 8408 14677
21 26707 8410 14689
22 26736 8402 14655
22 26683 8395 14684
22 26667 8394 14686
21 26644 8387 14670
23 26612 8383 14672
21 26578 8379 14675
22 26519 8374 14697
22 26498 8377 14663
22 26471 8377 14692
21 26481 8378 14672
23 26508 8381 14700
21 26501 8381 14599
22 26517 8379 14630
22 26542 8379 14637
22 26563 8386 14603
21 26550 8382 14631
23 26521 8381 14649
21 26510 8383 14659
22 26493 8386 14618
23 26477 8384 14661
21 26471 8385 14608
22 26451 8381 14624
22 26453 8378 14638
22 26513 8377 14639
21 26559 8371 14591
23 26665 8366 14644
21 26713 8363 14680
22 26737 8356 14678
22 26722 8359 14694
22 26692 8357 14694
21 26638 8358 14674
23 26588 8361 14667
21 26542 8360 14689
22 26534 8361 14673
21 26510 8366 14646
23 26510 8369 14685
21 26499 8370 14694
22 26500 8379 14666
22 26516 8378 14673
22 26528 8382 14721
21 26529 8390 14613
23 26523 8393 14626
21 26503 8395 14632
22 26503 8392 14633
22 26529 8389 14612
22 26506 8391 14617
21 26504 8385 14662
23 26479 8386 14639
21 26482 8382 14636
22 26472 8380 14634
22 26475 8374 14645
22 26453 8369 14627
21 26430 8366 14658
23 26467 8372 14631
21 26510 8357 14578
22 26585 8350 14666
22 26665 8353 14671
22 26731 8342 14695
21 26712 8335 14670
23 26716 8331 14679
21 26680 8328 14691
22 26647 8321 14677
23 26564 8312 14667
21 26542 8308 14674
22 26536 8300 14651
22 26513 8293 14686
22 26510 8292 14683
21 26487 8289 14692
23 26510 8283 14680
21 26509 8286 14643
22 26501 8287 14645
22 26532 8283 14620
22 26540 8289 14630
21 26524 8278 14637
23 26543 8279 14625
21 26527 8290 14627
22 26494 8281 14650
22 26469 8288 14657
22 26457 8294 14644
21 26467 8288 14634
23 26459 8293 14642
21 26453 8298 14649
22 26463 8308 14619
22 26445 8308 14592
22 26447 8309 14610
21 26465 8312 14690
23 26482 8315 14673
21 26468 8320 14690
22 26477 8325 14696
22 26546 8330 14700
22 26617 8331 14695
21 26667 8327 14675
23 26681 8334 14671
21 26659 8334 14675
22 26625 8343 14664
22 26612 8343 14664
22 26570 8345 14669
21 26540 8351 14711
22 26502 8350 14630
22 26482 8357 14647
22 26483 8362 14648
21 26490 8357 14619
23 26492 8356 14612
21 26484 8354 14634
22 26495 8352 14638
23 26518 8347 14622
21 26528 8341 14632
22 26518 8341 14642
22 26499 8340 14649
22 26473 8340 14632
21 26477 8339 14649
23 26479 8335 14664
21 26470 8336 14565
22 26413 8339 14688
22 26447 8334 14670
22 26437 8330 14687
21 26468 8330 14668
23 26473 8336 14682
21 26521 8329 14679
22 26557 8329 14693
22 26627 8340 14674
22 26650 8335 14674
21 26666 8336 14665
23 26645 8336 14673
21 26614 8340 14664
22 26607 8335 14663
22 26583 8338 14686
22 26570 8337 14710
21 26514 8337 14609
23 26488 8338 14635
21 26516 8334 14648
22 26498 8332 14629
22 26493 8329 14634
22 26498 8330 14634
21 26478 8327 14640
23 26469 8326 14611
21 26512 8329 14611
22 26510 8328 14632
22 26499 8332 14638
22 26495 8335 14639
21 26490 8334 14647
23 26497 8340 14600
21 26481 8347 14673
22 26495 8339 14675
22 26453 8349 14671
22 26492 8348 14670
22 26543 8352 14651
22 26623 8353 14671
22 26644 8354 14689
21 26673 8350 14673
23 26664 8355 14675
21 26654 8356 14678
22 26640 8353 14673
22 26606 8351 14668
22 26563 8351 14673
21 26522 8351 14670
23 26522 8348 14685
21 26505 8352 14629
22 26517 8342 14645
22 26517 8343 14661
22 26506 8341 14642
21 26529 8341 14657
22 26507 8345 14633
22 26515 8344 14643
22 26502 8346 14618
21 26476 8347 14623
23 26508 8348 14631
21 26495 8350 14620
22 26508 8355 14635
22 26490 8356 14614
22 26464 8359 14610
21 26478 8361 14654
23 26462 8356 14680
21 26483 8364 14664
22 26501 8361 14670
22 26518 8361 14690
22 26581 8364 14654
21 26645 8361 14687
23 26703 8362 14671
21 26699 8361 14690
22 26679 8360 14679
22 26629 8369 14680
22 26612 8366 14693
21 26558 8365 14684
23 26539 8375 14672
21 26494 8370 14716
22 26486 8374 14620
23 26491 8374 14649
21 26517 8370 14629
22 26539 8364 14646
22 26538 8364 14625
22 26519 8366 14639
21 26497 8357 14629
23 26518 8354 14638
21 26501 8349 14649
22 26478 8352 14618
22 26484 8347 14635
22 26497 8343 14630
21 26514 8341 14642
23 26505 8342 14638
21 26487 8341 14600
22 26482 8343 14675
22 26462 8344 14677
22 26475 8342 14656
21 26453 8339 14662
23 26457 8336 14673
21 26479 8337 14665
22 26521 8331 14662
22 26586 8326 14671
22 26624 8326 14683
21 26682 8326 14656
23 26710 8322 14698
21 26730 8319 14682
22 26690 8317 14668
22 26660 8316 14722
22 26619 8323 14634
21 26564 8317 14641
23 26558 8320 14659
21 26527 8317 14644
22 26521 8317 14637
22 26502 8321 14638
22 26492 8322 14650
21 26486 8318 14648
23 26480 8328 14639
21 26502 8330 14648
22 26513 8336 14644
21 26497 8331 14613
23 26507 8344 14636
21 26520 8349 14651
22 26499 8349 14565
23 26521 8352 14664
21 26498 8357 14673
22 26486 8367 14694
22 26471 8374 14658
22 26471 8379 14670
21 26464 8384 14691
23 26466 8392 14686
21 26476 8396 14671
22 26493 8402 14685
22 26501 8408 14671
22 26523 8412 14655
21 26532 8412 14679
23 26576 8420 14698
21 26615 8425 14676
22 26683 8428 14644
22 26704 8445 14643
22 26695 8443 14639
21 26695 8444 14630
23 26667 8456 14634
21 26624 8452 14629
22 26584 8455 14638
22 26527 8459 14648
22 26472 8467 14652
21 26474 8471 14641
23 26481 8469 14646
21 26464 8471 14639
22 26479 8476 14611
22 26484 8471 14645
22 26517 8468 14589
21 26526 8466 14585
23 26543 8463 14655
21 26529 8461 14674
22 26512 8459 14682
22 26530 8458 14662
22 26491 8453 14673
21 26486 8456 14690
23 26493 8452 14670
21 26468 8454 14641
22 26470 8459 14670
22 26504 8461 14673
22 26535 8457 14682
21 26582 8452 14667
23 26625 8453 14706
22 26672 8453 14723
21 26707 8453 14618
23 26729 8453 14639
21 26709 8450 14632
22 26646 8444 14619
22 26600 8448 14644
22 26582 8444 14628
21 26556 8442 14636
23 26543 8439 14636
21 26508 8438 14651
22 26490 8437 14642
22 26496 8431 14654
22 26496 8430 14648
21 26510 8431 14644
23 26495 8423 14598
21 26511 8420 14675
22 26509 8417 14671
21 26523 8408 14643
23 26516 8408 14688
21 26495 8403 14696
22 26470 8400 14686
22 26488 8397 14675
22 26478 8394 14694
21 26493 8396 14684
23 26497 8395 14658
21 26505 8391 14687
22 26578 8389 14683
22 26655 8388 14667
22 26743 8392 14657
21 26785 8392 14722
23 26753 8401 14641
21 26749 8399 14622
22 26701 8399 14645
22 26656 8401 14634
22 26597 8400 14621
21 26558 8402 14645
23 26531 8402 14652
21 26521 8399 14612
22 26490 8396 14626
22 26495 8402 14637
22 26494 8393 14637
21 26489 8396 14633
23 26512 8394 14647
22 26532 8398 14600
21 26527 8396 14667
23 26510 8395 14689
21 26515 8400 14673
22 26513 8396 14651
22 26503 8402 14684
22 26515 8396 14672
21 26504 8401 14676
23 26465 8399 14661
21 26457 8397 14695
22 26471 8397 14695
22 26484 8395 14662
22 26479 8387 14665
21 26490 8385 14664
23 26569 8385 14690
21 26658 8384 14644
22 26736 8383 14635
22 26813 8383 14645
22 26835 8386 14635
21 26801 8375 14641
23 26752 8375 14622
21 26686 8370 14638
22 26630 8378 14613
22 26556 8364 14640
22 26522 8362 14640
21 26508 8362 14624
23 26468 8360 14625
21 26471 8357 14632
22 26499 8354 14665
22 26507 8354 14607
22 26521 8352 14630
21 26525 8347 14662
23 26516 8341 14691
21 26480 8341 14672
22 26483 8338 14667
22 26497 8330 14680
22 26508 8329 14688
21 26481 8330 14693
22 26471 8325 14672
22 26453 8324 14679
22 26452 8324 14677
22 26469 8325 14663
22 26456 8327 14663
22 26420 8326 14690
21 26467 8326 14715
23 26466 8330 14621
21 26469 8330 14637
22 26481 8334 14635
22 26465 8329 14631
22 26473 8332 14638
21 26547 8333 14649
23 26655 8338 14629
21 26728 8341 14630
22 26754 8345 14632
22 26772 8348 14632
22 26763 8347 14636
21 26723 8358 14630
23 26666 8363 14635
21 26599 8362 14651
22 26540 8368 14606
22 26524 8373 14673
22 26501 8370 14692
21 26453 8378 14687
23 26478 8378 14672
21 26471 8382 14684
22 26495 8388 14664
22 26505 8391 14671
22 26538 8402 14682
21 26538 8402 14666
23 26522 8411 14694
21 26532 8412 14699
22 26527 8416 14694
22 26517 8416 14660
22 26502 8420 14715
21 26493 8424 14640
23 26478 8430 14623
21 26482 8433 14650
22 26504 8433 14612
22 26507 8438 14645
22 26484 8437 14627
21 26530 8433 14668
23 26594 8434 14639
22 26655 8434 14634
21 26726 8430 14627
23 26729 8431 14647
21 26730 8424 14640
22 26683 8415 14600
22 26634 8411 14623
22 26595 8405 14591
21 26557 8395 14693
23 26528 8395 14673
21 26484 8391 14694
22 26442 8381 14675
22 26445 8380 14663
22 26437 8376 14674
21 26484 8369 14690
23 26499 8361 14685
21 26529 8353 14680
22 26549 8349 14671
22 26524 8343 14676
22 26523 8342 14686
21 26525 8340 14697
22 26505 8339 14670
22 26503 8338 14629
22 26473 8340 14610
21 26473 8335 14648
23 26479 8343 14623
21 26499 8344 14615
22 26508 8350 14637
22 26556 8353 14613
22 26617 8362 14658
21 26676 8372 14647
23 26697 8389 14651
21 26693 8395 14630
22 26653 8409 14637
22 26612 8422 14662
22 26583 8431 14631
21 26549 8439 14600
23 26496 8453 14574
21 26492 8457 14678
22 26440 8465 14698
22 26413 8476 14696
22 26414 8473 14698
21 26460 8476 14667
23 26478 8488 14694
22 26494 8480 14671
21 26535 8477 14664
23 26545 8478 14665
21 26539 8481 14671
22 26554 8483 14668
22 26547 8479 14675
22 26523 8478 14697
21 26508 8478 14711
23 26461 8484 14626
21 26469 8484 14648
22 26445 8486 14635
22 26453 8487 14632
22 26456 8491 14650
21 26482 8497 14651
23 26485 8499 14621
21 26489 8500 14621
22 26536 8499 14653
22 26613 8506 14661
22 26651 8505 14629
21 26702 8505 14640
23 26695 8504 14633
21 26672 8509 14573
22 26638 8505 14684
22 26588 8505 14692
22 26570 8511 14671
21 26519 8512 14659
23 26502 8513 14679
21 26487 8511 14697
22 26480 8511 14677
22 26487 8513 14669
22 26516 8510 14694
21 26502 8505 14672
23 26516 8503 14672
21 26534 8497 14672
22 26541 8491 14668
22 26545 8488 14673
22 26516 8483 14734
21 26489 8482 14645
23 26467 8473 14629
21 26499 8469 14631
22 26494 8460 14644
21 26486 8456 14623
23 26511 8450 14646
22 26498 8441 14639
21 26510 8438 14608
23 26487 8433 14620
21 26449 8425 14663
22 26435 8419 14648
22 26426 8416 14622
22 26459 8415 14649
21 26467 8409 14591
23 26492 8410 14658
21 26574 8408 14663
22 26635 8405 14692
22 26683 8407 14690
22 26706 8408 14657
21 26674 8405 14675
23 26671 8402 14674
21 26631 8404 14674
22 26597 8403 14693
22 26559 8409 14673
22 26518 8401 14672
21 26477 8403 14667
23 26493 8402 14665
21 26510 8391 14692
22 26517 8380 14684
22 26495 8385 14634
22 26493 8375 14645
21 26529 8369 14643
23 26521 8364 14632
21 26529 8359 14648
22 26510 8361 14610
22 26497 8360 14638
22 26490 8359 14632
21 26508 8360 14598
23 26516 8361 14633
21 26507 8364 14642
22 26477 8365 14650
22 26471 8372 14626
22 26468 8380 14636
21 26453 8376 14594
23 26461 8377 14657
21 26475 8377 14649
22 26485 8372 14672
23 26532 8376 14666
21 26611 8380 14656
22 26669 8375 14668
22 26695 8376 14679
22 26708 8374 14695
21 26671 8379 14653
