Delay= 19552
Source file: EDA_withMillis_noAccel_Final__1_.ino
Millis PPG EDA T_Skin
25 32767 31338 4488
22 32767 31330 4524
22 32767 31325 4511
22 32767 31317 4497
21 32767 31321 4520
23 32767 31317 4523
21 32767 31314 4523
22 32767 31312 4487
22 32767 31308 4491
22 32767 31305 4564
21 32767 31305 4594
23 32767 31302 4573
21 32767 31304 4517
22 32767 31302 4503
22 32767 31304 4506
22 32767 31305 4525
21 32767 31305 4504
23 32767 31303 4470
21 32767 31304 4487
22 32767 31302 4529
21 32767 31304 4601
23 32767 31303 4577
21 32767 31302 4537
22 32767 31302 4517
22 32767 31303 4504
22 32767 31302 4525
21 32767 31303 4521
23 32767 31304 4505
21 32767 31305 4468
22 32767 31303 4525
22 32767 31305 4598
22 32767 31305 4596
21 32767 31304 4554
23 32767 31304 4518
22 32767 31305 4503
21 32767 31304 4523
23 32767 31303 4504
21 32767 31305 4522
22 32767 31303 4487
22 32767 31303 4504
22 32767 31301 4561
21 32767 31301 4580
23 32767 31301 4576
21 32767 31301 4519
22 32767 31299 4534
22 32767 31299 4489
22 32767 31299 4543
21 32767 31299 4504
23 32767 31299 4504
21 32767 31300 4503
22 32767 31301 4513
22 32767 31300 4598
22 32767 31301 4595
21 32767 31300 4537
23 32767 31299 4519
21 32767 31300 4504
22 32767 31299 4541
22 32767 31300 4522
22 32767 31301 4486
21 32767 31299 4487
23 32767 31297 4507
21 32767 31298 4582
22 32767 31297 4579
22 32767 31299 4540
22 32767 31299 4519
21 32767 31296 4505
23 32767 31296 4522
21 32767 31294 4542
22 32767 31294 4505
22 32767 31296 4505
22 32767 31297 4489
21 32767 31298 4566
23 32767 31298 4581
21 32767 31299 4575
22 32767 31299 4537
23 32767 31297 4500
21 32767 31299 4523
22 32767 31302 4541
22 32767 31301 4506
22 32767 31302 4504
21 32767 31300 4485
23 32767 31300 4532
21 32767 31301 4583
22 32767 31299 4576
21 32767 31299 4575
23 32767 31299 4518
21 32767 31298 4522
22 32767 31299 4522
22 32767 31298 4521
22 32767 31297 4487
21 32767 31298 4483
23 32767 31298 4507
21 32767 31300 4565
22 32767 31298 4577
22 32767 31299 4573
22 32767 31300 4534
21 32767 31299 4500
23 32767 31300 4490
21 32767 31299 4539
22 32767 31297 4504
22 32767 31299 4522
22 32767 31297 4503
21 32767 31298 4565
23 32767 31296 4598
21 32767 31298 4574
22 32767 31298 4537
22 32767 31299 4534
22 32767 31299 4505
21 32767 31298 4505
23 32767 31298 4522
21 32767 31297 4502
22 32767 31297 4503
22 32767 31297 4510
22 32767 31298 4598
21 32767 31299 4578
23 32767 31299 4557
21 32767 31299 4516
22 32767 31298 4502
23 32767 31298 4539
21 32767 31296 4539
22 32767 31295 4503
22 32767 31297 4521
22 32767 31295 4505
21 32767 31295 4581
23 32767 31296 4578
21 32767 31295 4574
22 32767 31297 4535
22 32767 31297 4503
22 32767 31297 4506
21 32767 31295 4542
23 32767 31294 4490
21 32767 31294 4486
22 32767 31294 4505
22 32767 31294 4547
22 32767 31296 4581
21 32767 31293 4576
23 32767 31293 4551
21 32767 31294 4498
22 32767 31295 4503
22 32767 31295 4526
22 32767 31293 4540
21 32767 31293 4521
23 32767 31292 4487
21 32767 31294 4528
22 32767 31295 4582
22 32767 31294 4580
22 32767 31296 4570
21 32767 31296 4500
22 32767 31295 4504
22 32767 31295 4541
22 32767 31295 4541
21 32767 31295 4522
23 32767 31296 4488
21 32767 31296 4521
22 32767 31296 4562
22 32767 31295 4580
22 32767 31299 4574
21 32767 31300 4534
23 32767 31299 4520
21 32767 31301 4508
22 32767 31298 4544
23 32767 31298 4522
21 32767 31298 4502
22 32767 31298 4520
22 32767 31297 4549
22 32767 31296 4596
21 32767 31296 4575
23 32767 31295 4572
21 32767 31296 4515
22 32767 31293 4503
22 32767 31295 4524
22 32767 31294 4521
21 32767 31295 4487
23 32767 31295 4487
21 32767 31294 4510
22 32767 31296 4615
22 32767 31296 4578
22 32767 31292 4557
21 32767 31285 4500
23 32767 31277 4485
21 32767 31263 4542
22 32767 31250 4521
22 32767 31236 4506
22 32767 31221 4504
21 32767 31206 4502
23 32767 31192 4561
21 32767 31178 4582
22 32767 31170 4573
22 32767 31159 4536
22 32767 31152 4499
21 32767 31145 4506
23 32767 31142 4522
21 32767 31135 4525
22 32767 31131 4487
22 32767 31129 4503
22 32767 31124 4531
21 32767 31120 4599
23 32767 31120 4576
21 32767 31118 4555
22 32767 31115 4537
22 32767 31113 4500
22 32767 31109 4523
21 32767 31106 4541
23 32767 31104 4505
22 32767 31101 4521
21 32767 31097 4509
23 32767 31095 4567
21 32767 31093 4563
22 32767 31094 4558
22 32767 31092 4519
22 32767 31093 4536
21 32767 31090 4523
22 32767 31090 4543
22 32767 31088 4505
22 32767 31087 4488
21 32767 31087 4505
23 32767 31085 4548
21 32767 31084 4598
22 32767 31084 4575
22 32767 31082 4536
22 32767 31083 4501
21 32767 31082 4505
23 32767 31084 4526
21 32767 31082 4507
22 32767 31084 4505
22 32767 31083 4490
22 32767 31085 4526
21 32767 31083 4582
23 32767 31085 4594
21 32767 31085 4553
22 32767 31087 4537
22 32767 31089 4503
22 32767 31089 4522
21 32767 31088 4541
23 32767 31088 4504
21 32767 31087 4504
22 32767 31084 4507
22 32767 31083 4564
22 32767 31080 4579
21 32767 31080 4573
23 32767 31078 4535
21 32767 31075 4536
22 32767 31075 4523
22 32767 31075 4522
22 32767 31074 4504
22 32767 31070 4491
22 32767 31068 4508
22 32767 31066 4564
21 32767 31065 4593
23 32767 31065 4574
21 32767 31063 4534
22 32767 31063 4503
22 32767 31063 4523
22 32767 31061 4525
21 32767 31062 4524
23 32767 31064 4503
21 32767 31065 4504
22 32767 31065 4533
22 32767 31066 4581
22 32767 31066 4578
21 32767 31065 4537
23 32767 31068 4518
21 32767 31067 4504
22 32767 31065 4523
22 32767 31067 4522
22 32767 31066 4491
21 32767 31065 4469
23 32767 31064 4507
21 32767 31065 4578
22 32767 31063 4598
22 32767 31063 4555
22 32767 31063 4533
21 32767 31062 4502
23 32767 31062 4490
21 32767 31061 4524
22 32767 31058 4523
21 32767 31058 4503
23 32767 31057 4503
21 32767 31055 4545
22 32767 31053 4597
22 32767 31051 4575
22 32767 31049 4555
21 32767 31048 4517
23 32767 31046 4506
21 32767 31045 4539
22 32767 31043 4504
23 32767 31042 4507
21 32767 31042 4472
22 32767 31040 4532
22 32767 31039 4580
22 32767 31037 4593
21 32767 31037 4570
23 32767 31034 4516
21 32767 31033 4504
22 32767 31030 4524
22 32767 31027 4521
22 32767 31027 4488
21 32767 31025 4489
23 32767 31022 4508
21 32767 31022 4547
22 32767 31020 4578
22 32767 31020 4573
22 32767 31021 4517
21 32767 31020 4521
23 32767 31022 4541
21 32767 31021 4525
22 32767 31021 4524
22 32767 31021 4487
22 32767 31023 4503
21 32767 31022 4546
23 32767 31021 4598
21 32767 31021 4593
22 32767 31022 4551
22 32767 31021 4498
22 32767 31023 4521
21 32767 31023 4544
23 32767 31024 4522
21 32767 31023 4522
22 32767 31024 4504
22 32767 31026 4512
22 32767 31028 4600
21 32767 31031 4577
23 32767 31031 4554
21 32767 31033 4516
22 32767 31031 4503
22 32767 31033 4542
22 32767 31034 4523
21 32767 31033 4486
23 32767 31032 4486
22 32767 31031 4522
21 32767 31032 4583
23 32767 31032 4582
21 32767 31032 4573
22 32767 31031 4517
22 32767 31034 4502
22 32767 31033 4521
21 32767 31036 4526
23 32767 31036 4523
21 32767 31038 4488
22 32767 31040 4471
21 32767 31040 4545
23 32767 31041 4598
21 32767 31040 4574
22 32767 31040 4553
22 32767 31040 4499
22 32767 31040 4505
21 32767 31039 4525
23 32767 31039 4504
21 32767 31037 4486
22 32767 31037 4503
22 32767 31036 4528
22 32767 31038 4580
21 32767 31035 4579
23 32767 31036 4573
21 32767 31036 4514
22 32767 31036 4502
22 32767 31040 4524
22 32767 31042 4521
21 32767 31044 4503
23 32767 31046 4503
21 32767 31047 4488
22 32767 31049 4583
22 32767 31051 4596
22 32767 31052 4574
21 32767 31054 4518
23 32767 31055 4517
21 32767 31059 4527
22 32767 31062 4542
22 32767 31069 4506
22 32767 31076 4485
21 32767 31085 4486
23 32767 31092 4563
22 32767 31099 4599
21 32767 31104 4593
23 32767 31109 4554
21 32767 31114 4501
22 32767 31118 4504
22 32767 31119 4538
22 32767 31125 4504
21 32767 31127 4500
23 32767 31132 4468
21 32767 31136 4512
22 32767 31143 4583
22 32767 31147 4562
22 32767 31149 4557
21 32767 31152 4501
23 32767 31154 4504
21 32767 31156 4541
22 32767 31154 4505
22 32767 31157 4521
22 32767 31160 4506
21 32767 31164 4524
23 32767 31172 4565
21 32767 31178 4581
22 32767 31187 4572
22 32767 31190 4554
22 32767 31192 4501
21 32767 31193 4526
23 32767 31193 4525
21 32767 31191 4508
22 32767 31191 4488
22 32767 31188 4505
22 32767 31184 4564
21 32767 31182 4580
22 32767 31177 4592
22 32767 31173 4552
22 32767 31169 4515
21 32767 31166 4503
23 32767 31161 4525
21 32767 31157 4503
22 32767 31154 4507
22 32767 31150 4523
22 32767 31148 4512
21 32767 31145 4600
23 32767 31144 4598
22 32767 31142 4535
21 32767 31140 4536
23 32767 31139 4521
21 32767 31139 4521
22 32767 31140 4523
22 32767 31144 4503
22 32767 31149 4505
21 32767 31152 4505
23 32767 31154 4563
21 32767 31154 4578
22 32767 31155 4556
22 32767 31155 4553
22 32767 31155 4485
21 32767 31151 4507
23 32767 31152 4544
21 32767 31148 4504
22 32767 31146 4504
22 32767 31144 4486
22 32767 31144 4549
21 32767 31142 4598
23 32767 31142 4591
21 32767 31142 4553
22 32767 31144 4521
22 32767 31144 4505
22 32767 31146 4544
21 32767 31145 4520
23 32767 31146 4488
21 32767 31147 4469
22 32767 31150 4526
22 32767 31151 4617
22 32767 31154 4595
21 32767 31154 4572
23 32767 31154 4534
21 32767 31155 4503
22 32767 31155 4509
22 32767 31154 4540
22 32767 31154 4505
21 32767 31154 4486
23 32767 31155 4522
21 32767 31154 4563
22 32767 31154 4578
23 32767 31155 4590
21 32767 31155 4535
22 32767 31155 4502
22 32767 31156 4507
22 32767 31156 4525
21 32767 31155 4504
23 32767 31157 4488
21 32767 31158 4487
22 32767 31161 4548
22 32767 31160 4579
22 32767 31161 4575
21 32767 31159 4555
22 32767 31160 4537
22 32767 31159 4504
22 32767 31158 4522
21 32767 31159 4541
23 32767 31157 4521
21 32767 31157 4521
22 32767 31155 4508
22 32767 31153 4583
22 32767 31153 4577
21 32767 31151 4557
23 32767 31149 4520
21 32767 31148 4486
22 32767 31147 4522
22 32767 31148 4523
22 32767 31148 4503
21 32767 31147 4505
23 32767 31149 4504
21 32767 31150 4558
22 32767 31149 4580
22 32767 31151 4555
22 32767 31151 4536
21 32767 31150 4501
23 32767 31151 4506
21 32767 31150 4544
22 32767 31148 4525
22 32767 31147 4521
22 32767 31148 4504
21 32767 31147 4547
23 32767 31146 4583
