Delay= 19552
Source file: EDA_withMillis_noAccel_Final.ino
Millis PPG EDA T_Skin
20 26111 31565 4443
21 26294 31561 4513
23 26395 31551 4530
22 26486 31545 4546
22 26537 31542 4530
22 26668 31536 4513
21 26759 31528 4529
23 26690 31527 4545
21 26697 31528 4494
23 26610 31527 4566
21 26547 31528 4533
23 26460 31525 4530
21 26526 31525 4545
22 26453 31524 4528
22 26410 31525 4510
22 26400 31520 4547
22 26392 31523 4511
22 26410 31522 4495
21 26399 31520 4512
23 26345 31520 4498
21 26371 31518 4530
23 26344 31519 4549
21 26316 31519 4513
22 26331 31516 4531
22 26265 31519 4532
22 26111 31518 4511
22 26155 31518 4529
22 26085 31521 4531
21 26025 31516 4494
23 25913 31520 4513
21 26044 31519 4497
23 25945 31519 4551
21 26110 31515 4548
22 26016 31516 4512
22 26113 31515 4530
22 26151 31516 4547
22 26270 31510 4530
22 26431 31507 4512
21 26519 31503 4531
23 26586 31496 4529
22 26716 31492 4494
22 26649 31490 4549
22 26613 31486 4566
21 26482 31488 4548
23 26531 31487 4513
21 26504 31482 4514
23 26442 31484 4513
21 26443 31488 4528
22 26411 31491 4513
22 26364 31494 4528
22 26415 31498 4509
22 26289 31503 4512
22 26311 31510 4550
22 26311 31508 4532
22 26401 31507 4530
21 26332 31507 4547
23 26289 31512 4513
21 26319 31509 4495
23 26277 31512 4547
21 26343 31514 4547
22 26238 31513 4512
22 26260 31513 4513
22 26195 31519 4479
22 26209 31519 4532
22 26157 31514 4548
21 26246 31514 4547
23 26216 31515 4512
21 26140 31521 4533
23 26151 31519 4531
21 26267 31518 4549
22 26269 31518 4567
22 26399 31518 4493
22 26544 31523 4512
22 26528 31518 4517
22 26680 31521 4550
22 26688 31518 4548
22 26712 31522 4548
22 26653 31523 4513
22 26616 31520 4531
22 26518 31521 4548
21 26387 31521 4528
23 26379 31519 4515
21 26432 31519 4512
23 26350 31523 4513
21 26363 31516 4514
22 26301 31521 4532
22 26361 31520 4548
22 26351 31516 4548
22 26245 31520 4533
22 26351 31516 4529
22 26247 31514 4530
22 26323 31518 4546
21 26230 31519 4513
23 26237 31519 4495
21 26234 31517 4528
23 26216 31516 4549
21 26194 31518 4549
22 26291 31516 4532
22 26207 31519 4548
22 26180 31521 4513
22 26137 31519 4513
22 26153 31519 4529
21 26145 31520 4547
23 26123 31516 4528
21 26176 31521 4495
23 26292 31522 4514
21 26370 31524 4533
22 26479 31524 4566
22 26566 31522 4548
22 26655 31521 4548
23 26606 31522 4532
21 26575 31520 4513
22 26506 31521 4530
22 26515 31522 4547
22 26425 31521 4494
22 26388 31518 4511
22 26421 31521 4533
21 26353 31521 4549
23 26335 31520 4549
21 26302 31519 4530
23 26363 31517 4495
21 26312 31520 4549
22 26233 31522 4530
22 26245 31520 4547
22 26269 31521 4547
22 26295 31519 4511
22 26316 31516 4510
21 26334 31521 4533
23 26346 31518 4531
21 26311 31519 4531
23 26273 31521 4548
21 26292 31522 4512
23 26182 31520 4528
21 26266 31518 4547
22 26247 31519 4531
22 26237 31518 4494
22 26245 31522 4496
22 26194 31517 4496
22 26357 31523 4530
21 26401 31517 4548
23 26455 31518 4530
21 26558 31520 4548
23 26603 31519 4532
21 26616 31517 4548
22 26571 31519 4530
22 26527 31518 4530
22 26527 31521 4528
23 26543 31520 4495
21 26454 31518 4515
22 26493 31520 4568
22 26500 31521 4530
22 26420 31520 4530
22 26355 31519 4513
22 26300 31519 4548
21 26262 31520 4548
23 26390 31519 4566
21 26344 31520 4514
23 26373 31519 4494
21 26344 31519 4477
22 26437 31521 4531
22 26342 31521 4532
22 26460 31519 4532
22 26402 31520 4513
22 26379 31519 4548
21 26356 31516 4547
23 26315 31521 4548
21 26263 31520 4548
23 26232 31519 4529
21 26297 31517 4513
22 26289 31519 4495
22 26210 31519 4549
22 26248 31523 4514
22 26165 31519 4566
22 26324 31518 4514
22 26382 31519 4530
22 26427 31521 4529
21 26566 31523 4549
23 26574 31520 4548
21 26648 31520 4531
23 26602 31523 4495
21 26533 31520 4512
22 26551 31519 4549
22 26563 31521 4551
22 26487 31521 4548
23 26472 31515 4514
21 26360 31514 4532
22 26435 31515 4513
22 26298 31520 4531
22 26392 31515 4548
22 26429 31514 4529
22 26370 31516 4494
21 26388 31519 4532
23 26324 31514 4549
21 26344 31520 4530
23 26314 31519 4550
21 26354 31514 4531
22 26328 31518 4548
22 26299 31517 4530
22 26285 31519 4548
22 26265 31519 4531
22 26281 31516 4513
21 26238 31517 4495
23 26300 31515 4532
21 26291 31519 4549
23 26236 31518 4546
21 26254 31519 4548
22 26253 31520 4547
22 26294 31520 4529
22 26466 31521 4549
22 26484 31520 4548
22 26583 31518 4530
22 26610 31519 4512
22 26615 31520 4512
21 26604 31520 4568
23 26544 31519 4531
21 26524 31520 4514
23 26399 31519 4513
21 26470 31521 4495
22 26327 31519 4513
22 26408 31518 4547
22 26317 31521 4529
23 26363 31521 4529
21 26390 31522 4514
22 26381 31523 4499
22 26378 31521 4550
22 26326 31521 4548
22 26309 31517 4548
22 26351 31519 4511
21 26336 31519 4548
23 26369 31520 4533
21 26333 31521 4530
23 26302 31521 4530
21 26276 31520 4478
22 26229 31520 4511
22 26275 31522 4550
22 26279 31519 4550
22 26245 31518 4548
22 26229 31519 4531
21 26288 31518 4512
23 26279 31519 4549
21 26294 31515 4566
23 26279 31516 4530
21 26398 31495 4529
22 26426 31440 4511
22 26549 31360 4495
22 26598 31255 4514
22 26594 31143 4515
22 26613 31031 4567
21 26541 30920 4548
23 26595 30809 4548
21 26547 30708 4547
23 26523 30609 4548
21 26480 30513 4531
23 26409 30425 4529
21 26435 30337 4511
22 26442 30259 4529
23 26399 30185 4531
21 26403 30121 4548
23 26397 30058 4547
21 26401 30001 4531
22 26399 29945 4511
22 26389 29901 4532
22 26291 29856 4533
22 26310 29824 4513
22 26303 29795 4528
21 26341 29769 4529
23 26336 29752 4531
21 26315 29742 4551
23 26228 29728 4514
21 26356 29719 4509
22 26259 29705 4529
22 26292 29696 4549
22 26336 29684 4515
22 26276 29679 4514
22 26334 29668 4530
21 26221 29659 4496
23 26413 29654 4513
21 26457 29645 4550
23 26525 29636 4547
21 26642 29630 4531
22 26645 29619 4549
22 26649 29612 4513
22 26634 29611 4530
22 26569 29617 4531
22 26534 29611 4514
21 26619 29612 4513
23 26493 29611 4495
21 26568 29610 4478
23 26512 29607 4533
21 26541 29608 4531
23 26425 29611 4514
21 26402 29616 4514
22 26382 29627 4513
23 26428 29637 4528
21 26396 29648 4529
23 26505 29659 4531
21 26388 29669 4513
22 26373 29684 4495
22 26316 29704 4530
22 26302 29725 4530
22 26315 29746 4550
22 26350 29768 4530
21 26306 29779 4532
23 26357 29780 4531
21 26342 29771 4513
23 26316 29755 4548
21 26365 29723 4551
22 26357 29677 4513
22 26324 29623 4513
22 26321 29565 4515
22 26339 29498 4515
22 26387 29428 4549
21 26440 29366 4529
23 26611 29298 4511
21 26609 29233 4530
23 26666 29177 4531
21 26712 29119 4513
22 26657 29072 4513
22 26632 29023 4529
22 26605 28983 4494
22 26541 28944 4550
22 26586 28911 4532
21 26556 28881 4533
23 26627 28853 4529
21 26561 28827 4494
23 26559 28802 4530
21 26503 28779 4495
22 26457 28763 4514
22 26441 28743 4510
22 26393 28724 4513
23 26398 28711 4494
21 26378 28696 4496
23 26385 28687 4530
21 26376 28675 4567
22 26297 28667 4532
22 26365 28666 4514
22 26397 28662 4529
22 26390 28664 4531
22 26344 28660 4528
21 26445 28655 4510
23 26344 28653 4496
21 26365 28648 4498
23 26374 28649 4532
21 26324 28648 4530
22 26365 28651 4513
22 26342 28662 4547
22 26312 28669 4496
22 26522 28686 4513
22 26586 28696 4530
21 26650 28714 4529
23 26714 28727 4514
21 26724 28738 4510
23 26739 28748 4497
21 26715 28758 4513
22 26627 28761 4549
22 26595 28760 4531
22 26569 28757 4514
22 26512 28753 4529
22 26521 28737 4512
21 26497 28727 4529
23 26529 28713 4529
21 26492 28697 4528
23 26522 28685 4513
21 26498 28671 4514
22 26460 28657 4514
22 26502 28644 4530
22 26366 28637 4511
23 26410 28631 4511
21 26370 28633 4494
23 26416 28631 4513
21 26330 28626 4512
22 26354 28620 4496
22 26408 28608 4531
22 26467 28602 4513
22 26371 28587 4512
22 26356 28571 4531
21 26349 28557 4531
23 26301 28545 4511
21 26335 28536 4514
23 26354 28530 4496
21 26415 28531 4511
22 26484 28534 4548
22 26684 28544 4510
22 26773 28555 4513
22 26751 28568 4515
22 26758 28585 4531
21 26697 28601 4531
23 26618 28620 4531
21 26592 28630 4511
23 26528 28641 4532
21 26431 28638 4513
22 26508 28634 4513
22 26428 28622 4529
22 26548 28605 4513
22 26526 28588 4513
22 26456 28569 4515
21 26442 28552 4529
23 26416 28531 4514
21 26484 28514 4529
23 26351 28495 4529
21 26511 28476 4495
22 26387 28466 4530
23 26470 28452 4532
21 26409 28443 4530
23 26336 28432 4514
21 26308 28426 4495
22 26313 28430 4531
22 26355 28434 4548
22 26360 28435 4514
22 26321 28431 4532
22 26424 28422 4531
22 26384 28410 4529
22 26481 28394 4548
21 26567 28376 4530
23 26633 28355 4528
21 26711 28335 4494
23 26691 28312 4529
21 26767 28294 4531
22 26691 28274 4514
22 26660 28259 4514
22 26641 28243 4529
22 26633 28234 4530
22 26569 28222 4531
21 26544 28208 4548
23 26539 28197 4511
21 26468 28185 4496
23 26534 28190 4513
21 26495 28201 4515
22 26479 28211 4513
22 26480 28219 4529
22 26406 28221 4511
22 26387 28216 4530
22 26370 28205 4532
21 26378 28190 4530
23 26352 28175 4513
21 26316 28154 4514
23 26361 28139 4511
21 26307 28116 4492
22 26315 28098 4498
23 26389 28084 4513
21 26325 28067 4513
23 26330 28048 4549
21 26428 28028 4510
22 26333 28013 4530
22 26322 27999 4495
22 26367 27979 4532
22 26473 27962 4510
22 26477 27951 4513
22 26609 27945 4477
22 26718 27940 4496
21 26789 27931 4512
23 26767 27929 4531
21 26722 27920 4529
23 26733 27911 4495
21 26652 27902 4530
22 26640 27889 4530
22 26584 27882 4512
22 26618 27870 4513
22 26500 27857 4514
22 26538 27841 4513
21 26472 27832 4532
23 26466 27821 4532
21 26411 27816 4533
23 26428 27815 4477
21 26420 27815 4511
22 26428 27817 4513
22 26442 27817 4533
22 26379 27819 4495
22 26342 27825 4494
22 26381 27825 4494
21 26343 27832 4515
23 26288 27832 4531
21 26310 27836 4498
23 26312 27837 4530
21 26271 27840 4531
22 26265 27841 4512
23 26215 27837 4514
21 26218 27831 4532
23 26240 27829 4509
21 26374 27823 4478
22 26388 27819 4477
22 26417 27817 4533
22 26507 27814 4531
22 26655 27812 4549
22 26718 27808 4565
21 26756 27813 4511
23 26635 27813 4529
21 26668 27810 4548
23 26699 27810 4548
21 26700 27816 4530
23 26659 27826 4513
21 26539 27839 4511
22 26558 27850 4515
22 26477 27863 4511
22 26443 27873 4514
22 26469 27884 4513
22 26452 27895 4513
21 26340 27909 4547
23 26450 27918 4528
21 26409 27927 4531
23 26376 27937 4530
21 26366 27946 4495
22 26472 27951 4495
22 26320 27960 4530
22 26246 27966 4531
22 26220 27975 4549
22 26306 27980 4493
21 26374 27985 4513
23 26310 27988 4511
21 26241 27994 4566
23 26226 27994 4495
21 26180 27994 4514
22 26229 27994 4495
23 26326 27994 4532
21 26257 27987 4531
23 26320 27986 4533
21 26388 27982 4532
22 26337 27980 4530
22 26382 27974 4531
22 26500 27976 4515
22 26577 27981 4532
22 26705 27982 4529
21 26727 27989 4531
23 26788 27989 4528
21 26725 27998 4514
23 26738 28001 4513
21 26691 28006 4548
22 26604 28007 4510
22 26554 28009 4529
22 26529 28007 4529
22 26489 28009 4512
22 26472 28010 4495
22 26390 28007 4478
22 26437 28005 4494
21 26424 28003 4495
23 26436 28000 4531
21 26427 27998 4532
23 26439 27999 4514
21 26387 27997 4530
22 26431 27995 4513
22 26389 28001 4530
22 26353 28003 4550
22 26229 28007 4513
22 26268 28008 4513
21 26254 28011 4510
23 26193 28012 4496
21 26264 28005 4531
23 26287 28000 4534
22 26228 27999 4533
21 26275 27994 4531
23 26194 27989 4512
21 26277 27987 4495
23 26306 27985 4529
21 26289 27983 4528
22 26259 27976 4477
22 26177 27973 4495
22 26334 27962 4499
22 26380 27956 4549
22 26484 27958 4548
21 26554 27952 4528
23 26673 27946 4512
21 26721 27943 4514
23 26707 27936 4531
21 26620 27931 4532
22 26596 27921 4493
22 26442 27911 4495
22 26489 27897 4494
22 26479 27883 4495
22 26399 27879 4529
22 26374 27869 4512
22 26330 27864 4497
21 26395 27863 4494
23 26411 27862 4531
21 26399 27863 4515
23 26381 27865 4510
21 26368 27861 4512
22 26330 27863 4494
22 26398 27868 4495
22 26370 27868 4550
22 26331 27871 4512
22 26240 27871 4531
21 26290 27864 4495
23 26212 27864 4530
21 26194 27852 4513
23 26236 27845 4514
22 26230 27839 4530
21 26219 27833 4512
23 26274 27822 4515
21 26283 27820 4498
23 26273 27815 4513
21 26286 27813 4530
22 26322 27811 4530
22 26474 27805 4546
22 26621 27805 4531
22 26594 27810 4515
22 26624 27813 4549
21 26581 27809 4495
