22 32767 31348 4487
21 32767 31349 4504
23 32767 31348 4559
21 32767 31348 4574
22 32767 31346 4554
21 32767 31347 4533
23 32767 31346 4497
21 32767 31345 4524
22 32767 31347 4524
22 32767 31343 4503
22 32767 31343 4488
21 32767 31345 4503
23 32767 31346 4530
21 32767 31347 4577
22 32767 31345 4591
22 32767 31346 4536
22 32767 31343 4515
21 32767 31342 4502
23 32767 31343 4525
21 32767 31339 4508
22 32767 31343 4518
22 32767 31344 4503
22 32767 31343 4507
21 32767 31346 4561
23 32767 31347 4573
21 32767 31347 4551
22 32767 31348 4498
23 32767 31347 4500
21 32767 31347 4525
22 32767 31345 4537
22 32767 31344 4504
22 32767 31345 4488
21 32767 31346 4485
23 32767 31346 4562
21 32767 31346 4576
22 32767 31343 4554
22 32767 31346 4517
22 32767 31344 4500
21 32767 31347 4522
23 32767 31347 4520
21 32767 31345 4503
22 32767 31346 4489
22 32767 31347 4484
22 32767 31349 4563
21 32767 31351 4581
23 32767 31353 4558
21 32767 31352 4536
22 32767 31349 4499
22 32767 31352 4520
22 32767 31352 4521
21 32767 31352 4523
23 32767 31352 4500
21 32767 31352 4488
22 32767 31351 4506
22 32767 31352 4579
22 32767 31350 4575
21 32767 31347 4535
23 32767 31347 4500
21 32767 31345 4483
22 32767 31344 4489
22 32767 31346 4507
22 32767 31346 4519
21 32767 31346 4467
23 32767 31347 4485
21 32767 31347 4562
22 32767 31346 4593
22 32767 31344 4541
22 32767 31345 4532
22 32767 31342 4518
21 32767 31341 4504
23 32767 31343 4538
21 32767 31342 4522
22 32767 31347 4483
22 32767 31346 4503
22 32767 31345 4544
21 32767 31346 4560
23 32767 31346 4541
21 32767 31345 4537
22 32767 31344 4515
22 32767 31344 4485
22 32767 31343 4506
21 32767 31344 4504
23 32767 31344 4470
21 32767 31345 4507
22 32767 31347 4523
22 32767 31347 4578
22 32767 31346 4557
21 32767 31348 4554
23 32767 31349 4517
21 32767 31349 4503
22 32767 31348 4523
22 32767 31346 4521
22 32767 31348 4502
21 32767 31348 4501
23 32767 31349 4507
21 32767 31349 4544
22 32767 31348 4592
22 32767 31348 4577
22 32767 31346 4535
21 32767 31346 4496
23 32767 31345 4521
21 32767 31343 4504
22 32767 31344 4505
22 32767 31343 4488
22 32767 31342 4502
21 32767 31344 4528
23 32767 31344 4559
21 32767 31344 4573
22 32767 31344 4519
23 32767 31343 4513
21 32767 31347 4501
22 32767 31346 4505
22 32767 31345 4521
22 32767 31343 4506
21 32767 31344 4486
23 32767 31342 4507
21 32767 31341 4580
22 32767 31343 4574
22 32767 31343 4553
22 32767 31343 4550
21 32767 31340 4501
23 32767 31342 4489
21 32767 31341 4538
22 32767 31341 4520
22 32767 31340 4486
22 32767 31341 4470
21 32767 31339 4544
23 32767 31342 4593
21 32767 31341 4572
22 32767 31341 4535
22 32767 31344 4497
22 32767 31345 4486
21 32767 31346 4520
22 32767 31344 4503
22 32767 31343 4471
22 32767 31344 4485
21 32767 31345 4509
23 32767 31346 4577
21 32767 31344 4573
22 32767 31345 4570
22 32767 31343 4535
22 32767 31343 4501
21 32767 31347 4524
23 32767 31346 4519
21 32767 31344 4503
22 32767 31345 4504
22 32767 31344 4506
22 32767 31342 4559
21 32767 31346 4592
23 32767 31347 4553
21 32767 31346 4499
22 32767 31346 4484
23 32767 31347 4525
21 32767 31345 4506
22 32767 31347 4503
22 32767 31343 4486
22 32767 31345 4488
21 32767 31346 4566
23 32767 31346 4576
21 32767 31346 4538
22 32767 31347 4518
22 32767 31346 4500
22 32767 31344 4504
21 32767 31348 4507
23 32767 31347 4504
21 32767 31345 4505
22 32767 31342 4519
22 32767 31344 4543
22 32767 31345 4546
21 32767 31346 4572
23 32767 31347 4567
21 32767 31348 4499
22 32767 31345 4519
22 32767 31347 4518
22 32767 31349 4519
21 32767 31346 4488
23 32767 31346 4486
21 32767 31348 4505
22 32767 31343 4578
22 32767 31344 4593
22 32767 31343 4538
21 32767 31344 4517
23 32767 31342 4483
21 32767 31342 4519
22 32767 31338 4520
22 32767 31341 4502
22 32767 31342 4501
21 32767 31342 4501
23 32767 31345 4545
21 32767 31348 4576
22 32767 31348 4558
22 32767 31349 4519
22 32767 31347 4482
21 32767 31345 4503
23 32767 31347 4503
22 32767 31347 4520
21 32767 31349 4506
22 32767 31349 4486
22 32767 31351 4527
22 32767 31352 4578
21 32767 31351 4558
23 32767 31352 4551
21 32767 31348 4516
22 32767 31351 4501
22 32767 31350 4539
22 32767 31348 4523
21 32767 31351 4520
23 32767 31351 4500
21 32767 31350 4504
22 32767 31350 4578
22 32767 31351 4593
22 32767 31350 4556
21 32767 31349 4499
23 32767 31348 4483
21 32767 31347 4523
22 32767 31350 4519
22 32767 31349 4520
22 32767 31349 4503
21 32767 31353 4482
23 32767 31349 4562
21 32767 31351 4575
22 32767 31350 4557
22 32767 31351 4536
22 32767 31348 4532
21 32767 31347 4503
23 32767 31348 4540
21 32767 31346 4520
22 32767 31345 4488
22 32767 31349 4519
22 32767 31349 4545
21 32767 31349 4576
23 32767 31348 4556
21 32767 31346 4536
22 32767 31346 4500
22 32767 31347 4502
22 32767 31346 4525
21 32767 31346 4490
23 32767 31347 4487
22 32767 31349 4468
21 32767 31347 4506
23 32767 31346 4544
21 32767 31346 4573
22 32767 31346 4537
22 32767 31347 4535
22 32767 31344 4501
21 32767 31344 4507
23 32767 31346 4507
21 32767 31344 4502
22 32767 31343 4486
22 32767 31344 4504
22 32767 31345 4562
21 32767 31342 4557
23 32767 31343 4554
21 32767 31345 4532
22 32767 31344 4499
22 32767 31348 4505
22 32767 31344 4523
21 32767 31344 4520
23 32767 31345 4520
21 32767 31345 4489
22 32767 31344 4544
21 32767 31345 4595
23 32767 31346 4572
21 32767 31346 4536
22 32767 31347 4515
22 32767 31347 4520
22 32767 31347 4521
21 32767 31349 4506
23 32767 31349 4503
21 32767 31347 4488
22 32767 31347 4525
22 32767 31349 4561
22 32767 31348 4574
21 32767 31348 4536
23 32767 31350 4535
21 32767 31348 4502
22 32767 31350 4505
22 32767 31347 4537
22 32767 31346 4501
22 32767 31348 4518
22 32767 31345 4506
22 32767 31344 4579
21 32767 31344 4592
23 32767 31343 4557
21 32767 31344 4518
22 32767 31344 4499
22 32767 31344 4524
22 32767 31343 4520
21 32767 31343 4519
23 32767 31343 4470
21 32767 31343 4503
22 32767 31340 4529
22 32767 31343 4595
22 32767 31343 4572
21 32767 31341 4532
23 32767 31342 4515
21 32767 31340 4521
22 32767 31340 4540
22 32767 31340 4520
22 32767 31341 4500
21 32767 31341 4484
23 32767 31340 4524
21 32767 31341 4577
22 32767 31341 4557
22 32767 31344 4570
22 32767 31344 4515
21 32767 31341 4501
23 32767 31342 4506
21 32767 31340 4523
22 32767 31341 4503
22 32767 31344 4487
22 32767 31342 4520
21 32767 31341 4559
23 32767 31345 4593
21 32767 31345 4558
22 32767 31344 4533
22 32767 31345 4519
22 32767 31346 4505
21 32767 31342 4538
23 32767 31345 4522
22 32767 31342 4505
21 32767 31343 4502
23 32767 31343 4548
21 32767 31343 4594
22 32767 31344 4572
21 32767 31343 4554
23 32767 31345 4531
21 32767 31342 4503
22 32767 31344 4523
22 32767 31343 4502
22 32767 31344 4500
21 32767 31344 4487
23 32767 31344 4511
21 32767 31344 4577
22 32767 31344 4572
22 32767 31344 4519
22 32767 31343 4513
21 32767 31344 4519
23 32767 31344 4505
21 32767 31341 4540
22 32767 31345 4501
22 32767 31343 4487
22 32767 31344 4504
21 32767 31344 4578
23 32767 31346 4559
21 32767 31347 4554
22 32767 31347 4518
22 32767 31345 4502
22 32767 31349 4525
21 32767 31348 4524
23 32767 31349 4522
21 32767 31346 4502
22 32767 31344 4500
22 32767 31344 4544
22 32767 31342 4577
21 32767 31341 4555
23 32767 31342 4533
21 32767 31340 4531
22 32767 31341 4490
22 32767 31343 4538
22 32767 31340 4519
21 32767 31340 4537
23 32767 31340 4485
22 32767 31340 4529
21 32767 31339 4594
23 32767 31339 4574
21 32767 31340 4569
22 32767 31340 4532
22 32767 31338 4502
22 32767 31339 4520
21 32767 31339 4539
23 32767 31341 4502
21 32767 31340 4488
22 32767 31342 4504
22 32767 31344 4561
22 32767 31343 4574
21 32767 31341 4572
23 32767 31343 4519
21 32767 31342 4520
22 32767 31342 4488
22 32767 31342 4521
22 32767 31342 4523
21 32767 31341 4487
23 32767 31340 4502
21 32767 31339 4549
22 32767 31341 4575
22 32767 31343 4542
22 32767 31345 4533
21 32767 31346 4496
22 32767 31346 4504
22 32767 31343 4520
22 32767 31344 4505
21 32767 31345 4471
23 32767 31344 4502
21 32767 31340 4542
22 32767 31342 4595
22 32767 31341 4559
22 32767 31339 4568
21 32767 31339 4518
23 32767 31341 4502
21 32767 31337 4520
22 32767 31341 4521
22 32767 31340 4520
22 32767 31336 4472
21 32767 31340 4504
23 32767 31338 4561
22 32767 31336 4593
21 32767 31338 4552
23 32767 31333 4517
21 32767 31335 4517
22 32767 31338 4505
22 32767 31339 4540
22 32767 31338 4504
21 32767 31338 4502
23 32767 31338 4503
21 32767 31340 4541
22 32767 31340 4574
22 32767 31340 4554
22 32767 31338 4516
21 32767 31339 4500
23 32767 31342 4503
21 32767 31343 4520
22 32767 31341 4486
22 32767 31343 4499
22 32767 31342 4521
21 32767 31341 4545
23 32767 31341 4577
21 32767 31341 4572
22 32767 31341 4533
22 32767 31343 4516
22 32767 31343 4519
21 32767 31342 4503
23 32767 31341 4525
21 32767 31342 4484
22 32767 31340 4487
22 32767 31341 4505
22 32767 31340 4559
21 32767 31341 4593
23 32767 31341 4572
21 32767 31342 4518
22 32767 31339 4519
22 32767 31340 4538
22 32767 31340 4521
21 32767 31340 4502
23 32767 31342 4500
21 32767 31342 4502
22 32767 31340 4558
23 32767 31342 4576
21 32767 31340 4590
22 32767 31338 4533
22 32767 31342 4533
22 32767 31342 4486
21 32767 31339 4538
22 32767 31342 4505
22 32767 31343 4518
22 32767 31342 4500
21 32767 31343 4526
23 32767 31342 4595
21 32767 31340 4554
22 32767 31343 4536
22 32767 31345 4535
22 32767 31342 4502
21 32767 31344 4523
23 32767 31344 4524
21 32767 31341 4520
22 32767 31342 4487
22 32767 31343 4523
22 32767 31339 4561
21 32767 31342 4575
23 32767 31342 4557
21 32767 31341 4535
22 32767 31340 4501
22 32767 31341 4524
22 32767 31339 4538
21 32767 31341 4502
23 32767 31340 4520
21 32767 31342 4502
22 32767 31345 4563
22 32767 31345 4576
22 32767 31344 4558
21 32767 31344 4518
23 32767 31345 4501
21 32767 31342 4503
22 32767 31344 4538
22 32767 31343 4538
22 32767 31342 4519
21 32767 31340 4504
23 32767 31340 4528
21 32767 31338 4576
22 32767 31338 4589
23 32767 31339 4535
21 32767 31341 4516
22 32767 31340 4519
22 32767 31341 4519
22 32767 31344 4519
21 32767 31344 4488
23 32767 31342 4520
21 32767 31342 4505
22 32767 31342 4561
22 32767 31340 4574
22 32767 31343 4571
21 32767 31340 4517
23 32767 31341 4519
21 32767 31342 4522
22 32767 31339 4537
22 32767 31341 4503
22 32767 31341 4487
21 32767 31341 4485
23 32767 31343 4578
21 32767 31343 4594
22 32767 31341 4558
22 32767 31344 4534
22 32767 31343 4500
21 32767 31342 4503
23 32767 31341 4521
21 32767 31339 4505
22 32767 31341 4487
21 32767 31342 4501
23 32767 31343 4527
21 32767 31342 4576
22 32767 31343 4589
22 32767 31343 4569
22 32767 31340 4516
21 32767 31340 4503
23 32767 31340 4521
21 32767 31336 4537
22 32767 31339 4501
22 32767 31339 4506
22 32767 31340 4506
21 32767 31341 4561
23 32767 31339 4592
22 32767 31338 4553
21 32767 31338 4516
23 32767 31340 4502
21 32767 31337 4524
22 32767 31339 4502
22 32767 31340 4501
22 32767 31338 4503
21 32767 31340 4520
23 32767 31339 4561
21 32767 31338 4556
22 32767 31340 4575
22 32767 31338 4518
22 32767 31339 4515
21 32767 31338 4502
23 32767 31338 4520
21 32767 31335 4521
22 32767 31335 4500
22 32767 31337 4488
22 32767 31339 4527
21 32767 31339 4596
23 32767 31339 4559
21 32767 31339 4536
22 32767 31337 4499
22 32767 31341 4519
22 32767 31339 4503
21 32767 31338 4507
23 32767 31338 4502
21 32767 31341 4519
22 32767 31336 4488
22 32767 31340 4579
22 32767 31339 4557
21 32767 31341 4572
23 32767 31341 4500
21 32767 31341 4502
22 32767 31339 4505
22 32767 31340 4504
22 32767 31341 4501
21 32767 31340 4502
23 32767 31342 4483
21 32767 31343 4544
22 32767 31343 4576
23 32767 31342 4558
21 32767 31342 4534
22 32767 31339 4500
22 32767 31343 4504
22 32767 31343 4524
21 32767 31343 4521
23 32767 31343 4521
21 32767 31344 4499
22 32767 31342 4528
21 32767 31344 4596
23 32767 31347 4571
21 32767 31344 4536
22 32767 31346 4513
22 32767 31346 4502
22 32767 31344 4506
21 32767 31345 4506
23 32767 31346 4522
21 32767 31347 4469
22 32767 31347 4488
22 32767 31349 4559
22 32767 31346 4575
21 32767 31347 4554
23 32767 31349 4535
21 32767 31348 4522
22 32767 31348 4489
22 32767 31346 4506
22 32767 31346 4501
21 32767 31346 4487
23 32767 31345 4522
21 32767 31343 4544
22 32767 31343 4575
22 32767 31341 4576
22 32767 31341 4551
21 32767 31342 4497
23 32767 31342 4504
21 32767 31339 4539
22 32767 31340 4522
22 32767 31341 4502
22 32767 31342 4502
21 32767 31340 4545
23 32767 31342 4578
21 32767 31341 4572
22 32767 31341 4555
23 32767 31342 4535
21 32767 31343 4519
22 32767 31344 4538
22 32767 31342 4519
22 32767 31340 4502
21 32767 31344 4485
23 32767 31345 4523
21 32767 31343 4578
22 32767 31344 4592
22 32767 31346 4554
22 32767 31348 4500
21 32767 31346 4498
23 32767 31348 4506
21 32767 31346 4521
22 32767 31347 4503
22 32767 31346 4488
22 32767 31347 4503
21 32767 31348 4546
23 32767 31348 4594
21 32767 31352 4559
22 32767 31349 4553
22 32767 31350 4515
22 32767 31350 4504
21 32767 31351 4520
23 32767 31352 4522
21 32767 31352 4487
22 32767 31350 4484
22 32767 31351 4524
22 32767 31350 4577
21 32767 31348 4572
22 32767 31349 4570
22 32767 31347 4499
22 32767 31348 4484
21 32767 31348 4539
23 32767 31351 4538
21 32767 31350 4502
22 32767 31350 4487
22 32767 31352 4504
22 32767 31350 4561
21 32767 31353 4575
23 32767 31354 4574
21 32767 31350 4516
22 32767 31353 4519
23 32767 31354 4524
21 32767 31351 4521
22 32767 31355 4520
22 32767 31356 4487
22 32767 31353 4507
21 32767 31354 4543
23 32767 31354 4576
21 32767 31350 4559
22 32767 31351 4534
22 32767 31347 4499
22 32767 31347 4503
21 32767 31349 4538
23 32767 31348 4507
21 32767 31349 4507
22 32767 31350 4501
22 32767 31351 4510
22 32767 31349 4560
21 32767 31346 4592
23 32767 31347 4552
21 32767 31346 4515
22 32767 31345 4490
22 32767 31346 4520
22 32767 31346 4505
21 32767 31346 4486
23 32767 31345 4484
21 32767 31344 4504
22 32767 31345 4557
22 32767 31344 4592
22 32767 31344 4553
21 32767 31345 4518
23 32767 31343 4501
21 32767 31344 4523
22 32767 31343 4521
22 32767 31344 4486
22 32767 31345 4485
21 32767 31345 4484
23 32767 31346 4547
21 32767 31345 4576
22 32767 31345 4557
22 32767 31347 4534
22 32767 31349 4533
21 32767 31348 4503
23 32767 31350 4522
22 32767 31350 4523
21 32767 31348 4501
23 32767 31350 4499
21 32767 31347 4540
22 32767 31348 4577
22 32767 31347 4574
22 32767 31349 4568
21 32767 31345 4532
22 32767 31347 4503
22 32767 31348 4487
22 32767 31346 4522
21 32767 31346 4486
23 32767 31348 4487
21 32767 31345 4523
22 32767 31345 4578
22 32767 31345 4574
22 32767 31343 4555
21 32767 31346 4518
23 32767 31347 4481
21 32767 31344 4523
22 32767 31344 4539
22 32767 31345 4523
22 32767 31344 4488
21 32767 31345 4486
23 32767 31346 4527
21 32767 31345 4594
22 32767 31345 4558
22 32767 31344 4552
22 32767 31341 4514
21 32767 31346 4521
23 32767 31347 4520
21 32767 31346 4504
22 32767 31346 4522
22 32767 31345 4507
22 32767 31345 4510
21 32767 31345 4561
23 32767 31345 4573
21 32767 31344 4552
22 32767 31345 4500
22 32767 31343 4502
22 32767 31343 4523
22 32767 31340 4522
22 32767 31342 4503
22 32767 31341 4503
21 32767 31341 4500
23 32767 31343 4542
21 32767 31340 4559
22 32767 31341 4539
22 32767 31345 4515
22 32767 31344 4500
21 32767 31344 4522
23 32767 31343 4522
21 32767 31345 4503
22 32767 31344 4504
22 32767 31345 4520
22 32767 31344 4527
21 32767 31342 4580
23 32767 31344 4541
21 32767 31345 4552
22 32767 31343 4515
22 32767 31344 4520
22 32767 31343 4522
21 32767 31340 4521
23 32767 31344 4470
21 32767 31342 4505
22 32767 31342 4526
22 32767 31342 4578
22 32767 31342 4573
21 32767 31345 4552
23 32767 31343 4499
21 32767 31340 4485
22 32767 31341 4525
21 32767 31344 4522
23 32767 31343 4519
21 32767 31339 4503
22 32767 31343 4485
22 32767 31343 4547
22 32767 31342 4575
21 32767 31345 4541
23 32767 31347 4519
21 32767 31345 4514
22 32767 31350 4522
23 32767 31352 4524
21 32767 31349 4504
22 32767 31348 4487
22 32767 31347 4502
22 32767 31343 4546
21 32767 31344 4594
23 32767 31345 4542
21 32767 31342 4537
22 32767 31345 4512
22 32767 31341 4503
22 32767 31344 4522
21 32767 31344 4506
23 32767 31343 4502
21 32767 31342 4487
22 32767 31342 4506
22 32767 31342 4561
22 32767 31343 4556
21 32767 31344 4553
23 32767 31344 4536
21 32767 31344 4484
22 32767 31347 4523
22 32767 31344 4520
22 32767 31344 4502
21 32767 31343 4489
23 32767 31345 4503
21 32767 31345 4544
22 32767 31345 4594
22 32767 31345 4557
22 32767 31347 4534
21 32767 31347 4481
23 32767 31346 4504
21 32767 31346 4489
22 32767 31347 4522
22 32767 31349 4507
22 32767 31349 4470
21 32767 31347 4526
23 32767 31349 4577
21 32767 31347 4558
22 32767 31348 4534
22 32767 31347 4499
22 32767 31348 4485
21 32767 31346 4538
23 32767 31347 4524
22 32767 31347 4501
21 32767 31345 4486
23 32767 31345 4489
21 32767 31344 4578
22 32767 31344 4592
22 32767 31346 4554
22 32767 31347 4530
21 32767 31346 4500
23 32767 31346 4489
21 32767 31348 4502
22 32767 31346 4504
21 32767 31347 4486
23 32767 31344 4502
21 32767 31346 4545
22 32767 31347 4577
22 32767 31348 4555
22 32767 31348 4519
21 32767 31348 4481
23 32767 31347 4502
21 32767 31346 4520
22 32767 31346 4502
22 32767 31346 4506
22 32767 31346 4488
21 32767 31348 4545
23 32767 31349 4595
21 32767 31349 4573
22 32767 31350 4536
22 32767 31346 4478
22 32767 31344 4503
21 32767 31349 4520
23 32767 31345 4524
21 32767 31347 4502
22 32767 31348 4520
22 32767 31344 4506
22 32767 31347 4579
21 32767 31347 4592
23 32767 31346 4536
21 32767 31344 4536
22 32767 31344 4484
22 32767 31344 4506
22 32767 31343 4502
21 32767 31346 4502
23 32767 31345 4485
22 32767 31344 4503
21 32767 31343 4563
23 32767 31345 4576
21 32767 31343 4555
22 32767 31341 4536
22 32767 31342 4480
22 32767 31344 4504
21 32767 31343 4520
23 32767 31342 4520
21 32767 31343 4486
22 32767 31341 4503
22 32767 31342 4543
22 32767 31341 4579
21 32767 31341 4574
23 32767 31342 4551
21 32767 31341 4516
22 32767 31341 4520
22 32767 31339 4538
22 32767 31339 4503
21 32767 31340 4484
23 32767 31340 4501
21 32767 31341 4522
22 32767 31343 4597
22 32767 31344 4593
22 32767 31343 4558
21 32767 31342 4533
23 32767 31343 4501
21 32767 31343 4518
22 32767 31341 4519
22 32767 31344 4504
22 32767 31342 4486
21 32767 31340 4502
22 32767 31343 4543
22 32767 31344 4594
22 32767 31342 4590
21 32767 31341 4534
23 32767 31341 4518
21 32767 31339 4503
22 32767 31342 4520
22 32767 31343 4505
22 32767 31343 4520
21 32767 31341 4501
23 32767 31341 4545
22 32767 31339 4577
21 32767 31341 4573
23 32767 31342 4551
21 32767 31340 4484
22 32767 31339 4484
22 32767 31341 4521
22 32767 31339 4520
21 32767 31341 4520
23 32767 31340 4501
21 32767 31340 4505
22 32767 31341 4578
22 32767 31339 4594
22 32767 31341 4555
21 32767 31341 4518
23 32767 31343 4501
21 32767 31339 4523
22 32767 31346 4520
22 32767 31346 4521
22 32767 31346 4502
21 32767 31343 4521
23 32767 31346 4562
21 32767 31345 4562
22 32767 31345 4577
22 32767 31348 4533
22 32767 31346 4500
21 32767 31346 4505
23 32767 31346 4536
21 32767 31347 4489
22 32767 31345 4489
22 32767 31348 4486
22 32767 31347 4526
21 32767 31345 4595
23 32767 31347 4573
21 32767 31345 4552
22 32767 31348 4515
22 32767 31349 4503
22 32767 31348 4525
21 32767 31344 4519
23 32767 31346 4503
21 32767 31345 4488
22 32767 31346 4522
23 32767 31345 4578
21 32767 31346 4573
22 32767 31345 4536
22 32767 31345 4518
22 32767 31344 4500
21 32767 31343 4506
23 32767 31344 4521
21 32767 31346 4486
22 32767 31343 4488
22 32767 31345 4487
22 32767 31345 4542
21 32767 31343 4575
22 32767 31344 4559
22 32767 31346 4533
22 32767 31344 4534
21 32767 31347 4503
23 32767 31345 4522
21 32767 31345 4505
22 32767 31346 4507
22 32767 31345 4487
22 32767 31343 4524
21 32767 31342 4594
23 32767 31342 4574
21 32767 31340 4570
22 32767 31339 4516
22 32767 31337 4519
22 32767 31336 4520
21 32767 31340 4523
23 32767 31340 4522
21 32767 31339 4489
22 32767 31339 4521
22 32767 31338 4561
22 32767 31337 4574
21 32767 31339 4571
23 32767 31340 4518
21 32767 31339 4520
22 32767 31340 4505
22 32767 31340 4521
22 32767 31338 4520
21 32767 31339 4483
23 32767 31341 4488
22 32767 31340 4560
21 32767 31342 4575
23 32767 31342 4590
21 32767 31341 4515
22 32767 31343 4499
22 32767 31342 4504
22 32767 31338 4538
21 32767 31338 4490
23 32767 31340 4487
21 32767 31341 4520
22 32767 31341 4546
22 32767 31340 4577
22 32767 31342 4573
21 32767 31341 4551
23 32767 31342 4516
21 32767 31343 4502
22 32767 31341 4521
22 32767 31343 4520
22 32767 31341 4503
21 32767 31342 4503
23 32767 31344 4505
21 32767 31344 4562
22 32767 31343 4575
22 32767 31345 4554
22 32767 31343 4518
21 32767 31342 4502
23 32767 31343 4507
21 32767 31343 4523
22 32767 31340 4502
22 32767 31340 4503
22 32767 31338 4487
21 32767 31340 4578
23 32767 31337 4575
21 32767 31338 4538
22 32767 31336 4515
21 32767 31337 4500
23 32767 31338 4502
21 32767 31338 4539
22 32767 31337 4504
22 32767 31338 4502
22 32767 31336 4506
21 32767 31337 4530
23 32767 31338 4578
22 32767 31337 4573
21 32767 31339 4571
23 32767 31338 4515
21 32767 31338 4500
22 32767 31340 4521
22 32767 31341 4520
22 32767 31339 4500
21 32767 31340 4486
23 32767 31341 4504
21 32767 31338 4599
22 32767 31341 4576
22 32767 31339 4539
22 32767 31340 4498
21 32767 31338 4501
23 32767 31336 4506
21 32767 31337 4521
22 32767 31335 4501
22 32767 31334 4489
22 32767 31335 4504
21 32767 31335 4561
23 32767 31334 4559
21 32767 31337 4558
22 32767 31334 4534
22 32767 31338 4482
22 32767 31337 4487
21 32767 31340 4520
23 32767 31340 4505
21 32767 31340 4506
22 32767 31338 4500
22 32767 31338 4542
22 32767 31337 4559
21 32767 31337 4572
23 32767 31338 4536
21 32767 31341 4518
22 32767 31339 4485
22 32767 31338 4507
22 32767 31339 4520
21 32767 31337 4489
23 32767 31339 4501
21 32767 31338 4503
22 32767 31336 4561
23 32767 31338 4574
21 32767 31338 4570
22 32767 31338 4500
22 32767 31339 4501
22 32767 31340 4506
21 32767 31337 4520
23 32767 31337 4503
21 32767 31337 4487
22 32767 31335 4504
22 32767 31336 4580
22 32767 31335 4593
21 32767 31334 4558
23 32767 31336 4519
21 32767 31335 4480
22 32767 31332 4503
21 32767 31335 4505
23 32767 31336 4505
21 32767 31332 4501
22 32767 31333 4489
22 32767 31335 4530
22 32767 31333 4576
21 32767 31336 4557
23 32767 31337 4571
21 32767 31336 4535
22 32767 31336 4502
22 32767 31335 4507
22 32767 31335 4507
21 32767 31337 4522
23 32767 31337 4488
21 32767 31337 4506
22 32767 31336 4579
22 32767 31334 4575
22 32767 31334 4574
21 32767 31336 4536
23 32767 31333 4483
21 32767 31336 4523
22 32767 31339 4542
22 32767 31335 4524
22 32767 31338 4485
21 32767 31338 4502
23 32767 31337 4543
21 32767 31337 4558
22 32767 31337 4553
23 32767 31337 4533
21 32767 31335 4515
22 32767 31336 4521
22 32767 31337 4543
22 32767 31337 4506
21 32767 31336 4504
23 32767 31338 4471
21 32767 31337 4525
22 32767 31338 4579
22 32767 31338 4555
22 32767 31338 4537
21 32767 31337 4496
23 32767 31339 4482
21 32767 31337 4521
22 32767 31336 4525
22 32767 31338 4485
22 32767 31340 4488
21 32767 31337 4524
23 32767 31338 4543
21 32767 31336 4574
22 32767 31340 4554
22 32767 31340 4498
22 32767 31338 4499
21 32767 31339 4505
23 32767 31340 4521
21 32767 31341 4519
22 32767 31339 4520
22 32767 31341 4500
22 32767 31340 4546
21 32767 31341 4576
23 32767 31341 4554
21 32767 31342 4536
22 32767 31341 4481
22 32767 31340 4504
22 32767 31342 4536
21 32767 31340 4523
22 32767 31341 4501
22 32767 31339 4501
22 32767 31341 4527
21 32767 31341 4577
23 32767 31342 4573
21 32767 31340 4533
22 32767 31342 4517
23 32767 31343 4501
21 32767 31341 4519
22 32767 31343 4520
22 32767 31345 4502
22 32767 31345 4500
21 32767 31347 4505
23 32767 31346 4545
21 32767 31344 4575
22 32767 31348 4554
22 32767 31346 4518
22 32767 31344 4519
21 32767 31346 4504
23 32767 31346 4522
21 32767 31343 4522
22 32767 31347 4503
22 32767 31344 4504
22 32767 31346 4528
21 32767 31345 4576
23 32767 31345 4577
21 32767 31343 4519
22 32767 31342 4500
22 32767 31342 4487
22 32767 31341 4540
21 32767 31341 4504
23 32767 31340 4501
21 32767 31339 4519
22 32767 31340 4527
22 32767 31341 4577
22 32767 31341 4541
21 32767 31341 4535
23 32767 31340 4498
21 32767 31343 4501
22 32767 31340 4520
22 32767 31339 4538
22 32767 31338 4485
21 32767 31336 4486
23 32767 31338 4505
21 32767 31337 4578
22 32767 31338 4575
22 32767 31341 4538
22 32767 31342 4501
22 32767 31343 4517
22 32767 31343 4488
22 32767 31344 4539
21 32767 31340 4503
23 32767 31341 4485
21 32767 31342 4505
22 32767 31341 4545
22 32767 31342 4593
22 32767 31343 4590
21 32767 31340 4534
23 32767 31341 4532
21 32767 31338 4503
22 32767 31337 4520
22 32767 31337 4505
22 32767 31337 4486
21 32767 31336 4468
22 32767 31337 4512
22 32767 31339 4596
22 32767 31337 4591
21 32767 31340 4535
23 32767 31341 4482
21 32767 31338 4518
22 32767 31340 4502
22 32767 31337 4502
22 32767 31337 4487
21 32767 31338 4487
23 32767 31339 4509
21 32767 31338 4561
22 32767 31338 4574
22 32767 31336 4534
22 32767 31337 4500
21 32767 31337 4518
23 32767 31337 4507
21 32767 31335 4509
22 32767 31337 4522
22 32767 31337 4488
22 32767 31335 4467
21 32767 31337 4563
23 32767 31336 4576
21 32767 31337 4557
22 32767 31336 4534
23 32767 31335 4483
21 32767 31333 4504
22 32767 31336 4524
22 32767 31335 4506
22 32767 31334 4470
21 32767 31334 4506
23 32767 31336 4528
21 32767 31333 4544
22 32767 31334 4554
22 32767 31334 4537
22 32767 31332 4518
21 32767 31333 4520
23 32767 31334 4500
21 32767 31338 4520
22 32767 31336 4485
22 32767 31338 4488
22 32767 31339 4541
21 32767 31338 4581
23 32767 31338 4594
21 32767 31335 4552
22 32767 31337 4499
22 32767 31340 4483
22 32767 31340 4505
21 32767 31341 4506
23 32767 31340 4502
21 32767 31342 4488
22 32767 31340 4502
22 32767 31341 4563
22 32767 31343 4576
21 32767 31342 4575
23 32767 31343 4533
21 32767 31344 4499
22 32767 31342 4503
22 32767 31344 4507
22 32767 31345 4504
21 32767 31344 4519
23 32767 31344 4469
21 32767 31345 4525
22 32767 31343 4612
21 32767 31343 4572
23 32767 31344 4536
21 32767 31343 4515
22 32767 31344 4521
23 32767 31344 4538
21 32767 31341 4506
22 32767 31343 4487
22 32767 31343 4467
22 32767 31340 4505
21 32767 31342 4561
23 32767 31343 4576
21 32767 31340 4535
22 32767 31342 4517
22 32767 31341 4484
22 32767 31339 4505
21 32767 31340 4538
23 32767 31339 4520
21 32767 31338 4503
22 32767 31341 4500
22 32767 31340 4544
22 32767 31340 4576
21 32767 31341 4572
23 32767 31339 4533
21 32767 31339 4531
22 32767 31339 4520
22 32767 31340 4521
22 32767 31340 4502
21 32767 31340 4501
23 32767 31339 4500
21 32767 31341 4526
22 32767 31341 4594
22 32767 31342 4576
22 32767 31341 4537
21 32767 31342 4536
23 32767 31344 4520
21 32767 31341 4539
22 32767 31342 4519
22 32767 31340 4506
22 32767 31339 4500
21 32767 31339 4525
23 32767 31340 4560
21 32767 31339 4591
22 32767 31340 4552
22 32767 31340 4517
22 32767 31339 4501
21 32767 31338 4505
23 32767 31340 4519
22 32767 31338 4503
21 32767 31339 4488
23 32767 31342 4520
21 32767 31343 4544
22 32767 31341 4592
22 32767 31342 4572
22 32767 31344 4533
21 32767 31344 4500
23 32767 31346 4504
21 32767 31347 4524
22 32767 31343 4502
22 32767 31345 4488
22 32767 31345 4485
21 32767 31342 4545
23 32767 31341 4595
21 32767 31342 4591
22 32767 31342 4554
21 32767 31340 4496
23 32767 31343 4520
21 32767 31341 4540
22 32767 31342 4504
22 32767 31342 4520
22 32767 31341 4501
21 32767 31343 4508
23 32767 31343 4561
21 32767 31343 4574
22 32767 31345 4553
22 32767 31341 4518
22 32767 31342 4503
21 32767 31345 4507
23 32767 31346 4521
21 32767 31344 4521
22 32767 31347 4506
22 32767 31344 4504
22 32767 31343 4559
21 32767 31343 4561
23 32767 31343 4537
21 32767 31341 4535
22 32767 31341 4501
22 32767 31340 4524
22 32767 31341 4521
21 32767 31340 4504
23 32767 31340 4501
22 32767 31339 4520
21 32767 31339 4528
23 32767 31339 4594
21 32767 31339 4554
22 32767 31337 4554
22 32767 31340 4500
22 32767 31340 4485
21 32767 31339 4510
23 32767 31338 4505
21 32767 31339 4500
22 32767 31343 4486
22 32767 31343 4506
22 32767 31345 4579
21 32767 31343 4575
23 32767 31343 4571
21 32767 31344 4500
22 32767 31343 4521
22 32767 31342 4539
22 32767 31343 4523
21 32767 31342 4522
23 32767 31341 4501
21 32767 31341 4504
22 32767 31341 4560
22 32767 31341 4575
22 32767 31342 4557
21 32767 31342 4550
23 32767 31343 4500
21 32767 31340 4505
22 32767 31338 4557
22 32767 31342 4504
22 32767 31342 4488
21 32767 31341 4519
23 32767 31341 4547
21 32767 31342 4597
22 32767 31341 4571
22 32767 31341 4534
22 32767 31339 4516
21 32767 31338 4502
22 32767 31341 4522
22 32767 31340 4487
22 32767 31338 4501
22 32767 31341 4485
22 32767 31341 4526
22 32767 31338 4559
21 32767 31340 4592
23 32767 31341 4570
21 32767 31338 4496
22 32767 31342 4519
22 32767 31343 4539
22 32767 31341 4502
21 32767 31340 4501
23 32767 31341 4471
21 32767 31341 4505
22 32767 31344 4562
22 32767 31344 4574
22 32767 31342 4553
21 32767 31343 4536
23 32767 31339 4518
21 32767 31339 4507
22 32767 31344 4522
22 32767 31343 4521
22 32767 31343 4502
21 32767 31343 4501
23 32767 31342 4545
21 32767 31343 4577
22 32767 31345 4554
22 32767 31345 4534
22 32767 31344 4500
21 32767 31345 4505
23 32767 31344 4522
21 32767 31344 4504
22 32767 31345 4485
22 32767 31347 4487
22 32767 31344 4511
21 32767 31345 4595
23 32767 31347 4572
21 32767 31345 4536
22 32767 31346 4534
22 32767 31347 4502
22 32767 31344 4506
21 32767 31342 4489
23 32767 31345 4504
22 32767 31344 4487
21 32767 31344 4505
23 32767 31343 4561
21 32767 31342 4574
22 32767 31341 4552
22 32767 31343 4536
22 32767 31341 4519
21 32767 31342 4538
23 32767 31343 4542
21 32767 31342 4521
22 32767 31340 4517
22 32767 31342 4502
22 32767 31342 4548
21 32767 31339 4558
23 32767 31341 4575
21 32767 31342 4514
22 32767 31339 4518
22 32767 31341 4503
22 32767 31342 4537
21 32767 31340 4503
22 32767 31341 4502
22 32767 31341 4501
22 32767 31343 4546
21 32767 31342 4577
23 32767 31342 4573
21 32767 31341 4534
22 32767 31341 4513
22 32767 31338 4501
22 32767 31338 4520
21 32767 31342 4519
23 32767 31341 4499
21 32767 31341 4488
22 32767 31340 4506
22 32767 31342 4560
22 32767 31338 4575
21 32767 31340 4552
23 32767 31340 4535
21 32767 31335 4519
22 32767 31340 4523
22 32767 31340 4538
22 32767 31338 4503
21 32767 31342 4487
23 32767 31340 4501
22 32767 31343 4544
21 32767 31344 4557
23 32767 31343 4557
21 32767 31340 4551
22 32767 31339 4499
22 32767 31341 4505
22 32767 31338 4520
21 32767 31335 4521
23 32767 31339 4520
21 32767 31339 4505
22 32767 31339 4550
22 32767 31342 4561
22 32767 31341 4558
21 32767 31340 4556
23 32767 31342 4516
21 32767 31340 4502
22 32767 31341 4539
22 32767 31341 4520
22 32767 31344 4517
21 32767 31341 4488
23 32767 31340 4510
21 32767 31340 4561
22 32767 31339 4575
22 32767 31342 4552
22 32767 31339 4516
21 32767 31340 4501
23 32767 31341 4506
21 32767 31341 4538
22 32767 31341 4502
22 32767 31342 4484
22 32767 31339 4520
21 32767 31340 4559
23 32767 31342 4577
21 32767 31342 4553
22 32767 31341 4536
22 32767 31342 4514
22 32767 31344 4506
21 32767 31339 4538
23 32767 31340 4523
21 32767 31342 4488
22 32767 31341 4521
21 32767 31342 4526
23 32767 31342 4577
22 32767 31338 4591
21 32767 31339 4518
23 32767 31341 4532
21 32767 31340 4519
22 32767 31341 4539
22 32767 31341 4523
22 32767 31339 4505
21 32767 31340 4519
23 32767 31340 4510
21 32767 31340 4578
22 32767 31342 4575
22 32767 31343 4570
22 32767 31341 4516
21 32767 31342 4501
23 32767 31341 4538
21 32767 31338 4540
22 32767 31341 4502
22 32767 31341 4519
22 32767 31337 4502
21 32767 31341 4559
23 32767 31341 4577
21 32767 31340 4558
22 32767 31339 4514
22 32767 31341 4518
22 32767 31340 4504
21 32767 31341 4539
23 32767 31342 4505
21 32767 31342 4518
22 32767 31342 4501
22 32767 31342 4529
22 32767 31342 4576
21 32767 31341 4555
23 32767 31341 4518
21 32767 31341 4514
22 32767 31340 4521
22 32767 31341 4523
22 32767 31345 4505
21 32767 31341 4484
23 32767 31343 4503
21 32767 31346 4507
22 32767 31344 4560
23 32767 31345 4556
21 32767 31342 4570
22 32767 31345 4515
22 32767 31345 4520
22 32767 31344 4519
21 32767 31345 4524
23 32767 31346 4521
21 32767 31346 4487
22 32767 31345 4488
22 32767 31346 4560
22 32767 31347 4592
21 32767 31346 4557
23 32767 31347 4518
21 32767 31347 4482
22 32767 31346 4504
22 32767 31347 4489
22 32767 31346 4502
21 32767 31347 4486
23 32767 31345 4488
21 32767 31345 4526
22 32767 31345 4559
21 32767 31345 4573
23 32767 31348 4532
21 32767 31345 4514
22 32767 31348 4485
22 32767 31345 4537
22 32767 31346 4524
21 32767 31350 4520
23 32767 31350 4486
21 32767 31350 4508
22 32767 31350 4577
22 32767 31350 4592
22 32767 31348 4552
21 32767 31347 4517
23 32767 31348 4501
21 32767 31345 4539
22 32767 31348 4506
22 32767 31348 4485
22 32767 31346 4486
21 32767 31346 4519
23 32767 31345 4561
21 32767 31342 4576
22 32767 31346 4554
23 32767 31345 4518
21 32767 31344 4499
22 32767 31346 4506
22 32767 31346 4522
22 32767 31346 4502
21 32767 31347 4503
23 32767 31347 4506
21 32767 31347 4548
22 32767 31348 4559
22 32767 31349 4559
22 32767 31347 4538
21 32767 31346 4495
23 32767 31349 4503
21 32767 31350 4538
22 32767 31349 4489
22 32767 31349 4518
22 32767 31348 4501
21 32767 31347 4510
23 32767 31348 4560
21 32767 31350 4573
22 32767 31347 4553
22 32767 31348 4514
22 32767 31348 4501
21 32767 31349 4507
23 32767 31346 4520
21 32767 31347 4501
22 32767 31343 4488
22 32767 31346 4523
22 32767 31344 4560
21 32767 31345 4576
23 32767 31346 4554
21 32767 31344 4536
22 32767 31342 4501
22 32767 31346 4506
22 32767 31345 4523
21 32767 31343 4485
23 32767 31344 4467
21 32767 31344 4486
22 32767 31344 4544
22 32767 31345 4594
22 32767 31348 4571
22 32767 31347 4551
21 32767 31346 4497
23 32767 31347 4521
21 32767 31346 4540
22 32767 31346 4503
22 32767 31345 4486
22 32767 31346 4488
21 32767 31347 4509
23 32767 31347 4563
21 32767 31348 4573
22 32767 31348 4553
22 32767 31349 4500
22 32767 31346 4501
21 32767 31350 4521
23 32767 31345 4503
21 32767 31344 4508
22 32767 31344 4486
22 32767 31343 4504
22 32767 31342 4559
21 32767 31342 4574
23 32767 31340 4575
21 32767 31340 4516
22 32767 31341 4482
22 32767 31339 4486
22 32767 31343 4520
21 32767 31341 4502
23 32767 31342 4502
21 32767 31342 4503
22 32767 31341 4580
22 32767 31341 4577
22 32767 31341 4589
21 32767 31338 4533
23 32767 31339 4514
21 32767 31341 4503
22 32767 31338 4524
22 32767 31342 4503
22 32767 31341 4502
21 32767 31340 4504
23 32767 31341 4563
21 32767 31343 4595
22 32767 31342 4591
23 32767 31341 4551
21 32767 31344 4516
22 32767 31341 4502
22 32767 31345 4539
22 32767 31343 4505
21 32767 31344 4502
23 32767 31345 4486
21 32767 31345 4506
22 32767 31342 4559
22 32767 31344 4575
22 32767 31344 4554
21 32767 31342 4532
23 32767 31344 4519
21 32767 31344 4506
22 32767 31344 4520
22 32767 31347 4520
22 32767 31348 4469
21 32767 31346 4487
23 32767 31346 4544
21 32767 31344 4576
22 32767 31342 4557
22 32767 31344 4536
22 32767 31344 4518
21 32767 31343 4485
22 32767 31342 4538
22 32767 31340 4505
22 32767 31341 4520
21 32767 31343 4501
23 32767 31345 4564
21 32767 31345 4576
22 32767 31344 4573
22 32767 31343 4534
22 32767 31343 4516
21 32767 31344 4517
23 32767 31345 4524
21 32767 31342 4521
22 32767 31344 4487
22 32767 31344 4488
22 32767 31342 4524
21 32767 31344 4579
23 32767 31344 4574
21 32767 31341 4554
22 32767 31343 4499
23 32767 31342 4518
21 32767 31340 4506
22 32767 31343 4522
22 32767 31343 4503
22 32767 31344 4500
21 32767 31343 4502
23 32767 31342 4554
21 32767 31340 4575
22 32767 31340 4571
22 32767 31342 4515
22 32767 31343 4481
21 32767 31344 4521
23 32767 31345 4541
21 32767 31340 4524
22 32767 31343 4504
22 32767 31343 4488
22 32767 31343 4526
21 32767 31342 4578
23 32767 31342 4573
21 32767 31343 4551
22 32767 31340 4531
22 32767 31341 4501
22 32767 31342 4540
21 32767 31342 4504
23 32767 31342 4520
21 32767 31344 4500
22 32767 31344 4524
22 32767 31345 4579
22 32767 31343 4575
21 32767 31344 4554
23 32767 31342 4536
21 32767 31343 4484
22 32767 31342 4523
22 32767 31345 4538
22 32767 31346 4501
21 32767 31344 4487
23 32767 31345 4503
21 32767 31348 4526
22 32767 31347 4575
22 32767 31349 4574
22 32767 31348 4550
21 32767 31343 4501
23 32767 31345 4504
22 32767 31342 4537
21 32767 31341 4506
22 32767 31343 4488
22 32767 31343 4519
22 32767 31342 4529
21 32767 31343 4595
23 32767 31343 4574
21 32767 31342 4569
22 32767 31343 4517
22 32767 31344 4502
22 32767 31341 4520
21 32767 31344 4506
23 32767 31344 4487
21 32767 31343 4502
22 32767 31345 4506
22 32767 31345 4559
22 32767 31343 4575
21 32767 31344 4571
23 32767 31343 4517
21 32767 31338 4502
22 32767 31340 4523
22 32767 31339 4523
22 32767 31339 4520
21 32767 31338 4499
23 32767 31336 4503
21 32767 31340 4544
22 32767 31339 4592
22 32767 31339 4558
22 32767 31340 4532
21 32767 31341 4480
23 32767 31341 4504
21 32767 31339 4538
22 32767 31339 4504
22 32767 31343 4487
22 32767 31343 4520
21 32767 31347 4528
23 32767 31346 4596
21 32767 31343 4574
22 32767 31342 4553
22 32767 31343 4513
22 32767 31346 4502
21 32767 31343 4539
23 32767 31346 4519
22 32767 31347 4488
21 32767 31346 4489
23 32767 31347 4525
21 32767 31349 4579
22 32767 31346 4592
22 32767 31346 4536
22 32767 31345 4514
21 32767 31344 4519
23 32767 31347 4507
21 32767 31345 4507
22 32767 31346 4502
22 32767 31350 4488
22 32767 31350 4522
21 32767 31350 4564
23 32767 31352 4578
21 32767 31355 4572
22 32767 31353 4533
22 32767 31353 4481
22 32767 31350 4503
21 32767 31350 4524
23 32767 31352 4503
21 32767 31350 4504
22 32767 31347 4486
21 32767 31349 4527
23 32767 31350 4577
21 32767 31346 4559
22 32767 31346 4536
22 32767 31342 4516
22 32767 31343 4502
21 32767 31342 4539
23 32767 31342 4520
21 32767 31340 4502
22 32767 31342 4487
22 32767 31341 4506
22 32767 31339 4543
21 32767 31341 4575
23 32767 31340 4556
21 32767 31339 4516
22 32767 31343 4500
22 32767 31342 4505
22 32767 31339 4504
22 32767 31341 4503
22 32767 31341 4487
22 32767 31340 4488
21 32767 31341 4546
23 32767 31340 4577
21 32767 31342 4557
22 32767 31343 4533
22 32767 31344 4499
22 32767 31345 4503
21 32767 31344 4541
23 32767 31343 4520
21 32767 31343 4488
22 32767 31342 4484
22 32767 31342 4547
22 32767 31341 4578
21 32767 31340 4554
23 32767 31340 4550
21 32767 31339 4515
22 32767 31340 4502
22 32767 31341 4523
22 32767 31343 4539
21 32767 31340 4517
23 32767 31341 4487
21 32767 31340 4524
22 32767 31340 4561
22 32767 31344 4594
22 32767 31345 4556
21 32767 31346 4516
23 32767 31346 4501
21 32767 31347 4507
22 32767 31344 4507
22 32767 31344 4504
22 32767 31346 4503
21 32767 31345 4487
23 32767 31345 4542
21 32767 31346 4593
22 32767 31342 4558
22 32767 31344 4535
22 32767 31344 4481
21 32767 31341 4503
23 32767 31343 4521
22 32767 31343 4505
21 32767 31343 4501
23 32767 31344 4488
21 32767 31347 4546
22 32767 31346 4577
21 32767 31346 4572
23 32767 31346 4535
21 32767 31343 4517
22 32767 31345 4485
22 32767 31345 4506
22 32767 31342 4539
21 32767 31343 4487
23 32767 31343 4505
21 32767 31341 4524
22 32767 31343 4561
22 32767 31343 4575
22 32767 31343 4556
21 32767 31344 4536
23 32767 31344 4501
21 32767 31342 4508
22 32767 31343 4520
22 32767 31342 4503
22 32767 31341 4487
21 32767 31341 4470
23 32767 31343 4561
21 32767 31342 4560
22 32767 31346 4571
22 32767 31342 4519
22 32767 31345 4513
21 32767 31350 4503
23 32767 31348 4521
21 32767 31347 4504
22 32767 31349 4501
22 32767 31349 4501
22 32767 31348 4511
21 32767 31346 4579
23 32767 31349 4591
21 32767 31349 4536
22 32767 31349 4499
22 32767 31348 4502
22 32767 31348 4521
21 32767 31346 4503
23 32767 31348 4500
22 32767 31350 4504
21 32767 31349 4505
23 32767 31348 4580
21 32767 31350 4593
22 32767 31350 4554
22 32767 31350 4499
22 32767 31351 4499
21 32767 31350 4505
23 32767 31346 4539
21 32767 31344 4503
22 32767 31345 4487
22 32767 31346 4485
22 32767 31345 4546
21 32767 31343 4576
23 32767 31345 4559
21 32767 31344 4535
22 32767 31343 4514
22 32767 31346 4486
22 32767 31345 4524
21 32767 31341 4504
23 32767 31344 4485
21 32767 31344 4469
22 32767 31344 4528
22 32767 31345 4595
22 32767 31345 4573
21 32767 31342 4551
22 32767 31342 4517
22 32767 31341 4503
22 32767 31340 4523
21 32767 31342 4520
23 32767 31342 4520
21 32767 31342 4487
22 32767 31344 4503
22 32767 31342 4544
22 32767 31341 4591
21 32767 31342 4553
23 32767 31342 4536
21 32767 31342 4499
22 32767 31345 4523
22 32767 31344 4524
22 32767 31344 4521
21 32767 31346 4471
23 32767 31345 4469
22 32767 31342 4548
21 32767 31345 4575
23 32767 31343 4559
21 32767 31343 4534
22 32767 31342 4514
22 32767 31343 4487
22 32767 31340 4539
21 32767 31343 4522
23 32767 31344 4521
21 32767 31341 4499
22 32767 31344 4527
22 32767 31342 4596
22 32767 31343 4591
21 32767 31344 4551
23 32767 31344 4516
21 32767 31343 4503
22 32767 31343 4505
22 32767 31346 4522
22 32767 31344 4503
21 32767 31345 4508
23 32767 31344 4502
21 32767 31342 4560
22 32767 31343 4577
22 32767 31346 4536
22 32767 31347 4532
21 32767 31349 4500
23 32767 31350 4488
21 32767 31350 4520
22 32767 31347 4520
22 32767 31346 4482
22 32767 31345 4481
21 32767 31343 4530
23 32767 31348 4559
21 32767 31349 4558
22 32767 31346 4534
22 32767 31347 4499
22 32767 31344 4502
21 32767 31340 4521
23 32767 31343 4507
21 32767 31343 4488
22 32767 31341 4469
23 32767 31343 4526
21 32767 31344 4595
22 32767 31342 4574
22 32767 31343 4535
22 32767 31342 4518
21 32767 31338 4501
22 32767 31343 4521
22 32767 31344 4520
22 32767 31342 4518
21 32767 31345 4485
23 32767 31346 4502
21 32767 31343 4560
22 32767 31344 4574
22 32767 31344 4554
22 32767 31343 4533
21 32767 31344 4498
23 32767 31347 4505
21 32767 31344 4524
22 32767 31346 4503
22 32767 31346 4486
22 32767 31343 4506
21 32767 31344 4531
23 32767 31345 4577
21 32767 31345 4578
22 32767 31344 4515
22 32767 31346 4515
22 32767 31345 4502
21 32767 31344 4520
23 32767 31346 4507
21 32767 31348 4487
22 32767 31347 4487
22 32767 31346 4525
22 32767 31345 4560
21 32767 31344 4574
23 32767 31344 4553
21 32767 31346 4517
22 32767 31345 4501
22 32767 31344 4506
22 32767 31343 4525
21 32767 31343 4504
23 32767 31344 4467
21 32767 31344 4503
22 32767 31342 4561
23 32767 31344 4574
21 32767 31341 4538
22 32767 31343 4532
22 32767 31345 4518
22 32767 31344 4504
21 32767 31347 4505
23 32767 31345 4503
21 32767 31347 4486
22 32767 31346 4488
22 32767 31348 4545
22 32767 31348 4577
21 32767 31346 4540
23 32767 31348 4536
21 32767 31348 4480
22 32767 31343 4502
22 32767 31348 4521
22 32767 31348 4505
21 32767 31346 4503
23 32767 31346 4501
21 32767 31346 4507
22 32767 31344 4561
22 32767 31345 4573
22 32767 31346 4569
21 32767 31346 4498
23 32767 31344 4502
21 32767 31342 4536
22 32767 31343 4539
21 32767 31342 4502
23 32767 31345 4501
21 32767 31343 4503
22 32767 31344 4560
22 32767 31347 4575
22 32767 31345 4557
21 32767 31345 4518
23 32767 31346 4519
21 32767 31344 4487
22 32767 31347 4521
22 32767 31348 4486
22 32767 31347 4484
21 32767 31347 4471
23 32767 31348 4526
22 32767 31347 4547
21 32767 31347 4558
23 32767 31348 4536
21 32767 31344 4534
22 32767 31348 4503
22 32767 31346 4520
22 32767 31348 4505
21 32767 31350 4487
23 32767 31345 4488
21 32767 31346 4506
22 32767 31346 4560
22 32767 31346 4574
22 32767 31344 4553
21 32767 31345 4517
23 32767 31345 4502
21 32767 31344 4488
22 32767 31344 4524
22 32767 31344 4521
22 32767 31345 4487
21 32767 31344 4505
23 32767 31344 4546
21 32767 31343 4575
22 32767 31344 4556
22 32767 31345 4532
22 32767 31346 4500
21 32767 31346 4524
23 32767 31345 4538
21 32767 31344 4504
22 32767 31344 4488
22 32767 31345 4471
22 32767 31341 4527
21 32767 31342 4563
23 32767 31343 4559
21 32767 31342 4551
22 32767 31342 4514
22 32767 31344 4503
22 32767 31344 4538
21 32767 31341 4502
23 32767 31343 4470
21 32767 31345 4466
22 32767 31343 4505
23 32767 31344 4598
21 32767 31343 4594
22 32767 31342 4553
22 32767 31342 4535
22 32767 31341 4520
21 32767 31339 4505
23 32767 31341 4519
21 32767 31342 4502
22 32767 31340 4520
21 32767 31341 4502
23 32767 31342 4564
21 32767 31343 4595
22 32767 31344 4557
22 32767 31346 4532
22 32767 31345 4501
21 32767 31346 4503
23 32767 31348 4540
21 32767 31347 4504
22 32767 31349 4486
22 32767 31349 4505
22 32767 31350 4528
21 32767 31350 4560
23 32767 31351 4573
21 32767 31351 4555
22 32767 31352 4498
22 32767 31349 4485
22 32767 31348 4521
21 32767 31351 4501
23 32767 31347 4484
21 32767 31344 4502
22 32767 31348 4523
22 32767 31345 4580
22 32767 31346 4574
21 32767 31346 4556
23 32767 31345 4518
21 32767 31343 4484
22 32767 31346 4506
22 32767 31346 4537
22 32767 31346 4521
21 32767 31344 4485
23 32767 31347 4521
21 32767 31347 4546
22 32767 31344 4579
23 32767 31345 4555
21 32767 31344 4519
22 32767 31343 4500
22 32767 31345 4485
22 32767 31347 4503
21 32767 31345 4504
23 32767 31344 4487
21 32767 31346 4469
22 32767 31346 4526
22 32767 31350 4581
22 32767 31350 4560
21 32767 31350 4556
23 32767 31350 4515
21 32767 31349 4502
22 32767 31351 4520
22 32767 31352 4520
22 32767 31352 4502
21 32767 31349 4520
23 32767 31349 4506
21 32767 31351 4543
22 32767 31349 4573
22 32767 31349 4553
22 32767 31350 4535
21 32767 31351 4502
23 32767 31351 4523
21 32767 31351 4542
22 32767 31349 4502
22 32767 31352 4487
22 32767 31351 4503
21 32767 31351 4563
22 32767 31350 4575
22 32767 31348 4540
22 32767 31349 4534
21 32767 31350 4500
23 32767 31351 4503
21 32767 31350 4521
22 32767 31350 4486
22 32767 31350 4468
22 32767 31348 4482
21 32767 31348 4541
23 32767 31348 4595
21 32767 31346 4576
22 32767 31348 4537
23 32767 31349 4514
21 32767 31347 4503
22 32767 31349 4519
22 32767 31348 4506
22 32767 31348 4505
21 32767 31350 4488
23 32767 31349 4503
21 32767 31349 4559
22 32767 31351 4592
22 32767 31350 4553
22 32767 31350 4535
21 32767 31350 4483
23 32767 31350 4505
21 32767 31347 4538
22 32767 31350 4501
22 32767 31349 4486
22 32767 31350 4488
21 32767 31349 4541
23 32767 31349 4559
21 32767 31349 4558
22 32767 31347 4537
22 32767 31348 4500
22 32767 31347 4504
21 32767 31349 4526
23 32767 31347 4483
21 32767 31345 4487
22 32767 31348 4502
22 32767 31349 4492
22 32767 31349 4595
21 32767 31348 4576
23 32767 31347 4537
21 32767 31349 4515
22 32767 31348 4500
22 32767 31348 4489
22 32767 31347 4504
21 32767 31348 4487
23 32767 31346 4488
21 32767 31347 4523
22 32767 31346 4596
22 32767 31347 4592
22 32767 31348 4573
21 32767 31346 4536
23 32767 31348 4520
22 32767 31347 4536
21 32767 31345 4504
23 32767 31349 4502
21 32767 31349 4487
22 32767 31346 4487
22 32767 31349 4543
22 32767 31348 4559
21 32767 31349 4558
22 32767 31348 4519
22 32767 31349 4497
22 32767 31347 4484
21 32767 31350 4538
23 32767 31348 4506
21 32767 31347 4471
22 32767 31348 4486
22 32767 31348 4511
22 32767 31348 4561
21 32767 31351 4572
23 32767 31352 4555
21 32767 31351 4515
22 32767 31354 4484
22 32767 31352 4519
22 32767 31349 4520
21 32767 31352 4487
23 32767 31352 4487
21 32767 31350 4524
22 32767 31351 4578
22 32767 31350 4557
22 32767 31348 4555
21 32767 31348 4532
23 32767 31348 4500
21 32767 31347 4505
22 32767 31349 4520
22 32767 31348 4520
22 32767 31349 4471
21 32767 31348 4502
23 32767 31349 4546
21 32767 31348 4542
22 32767 31348 4554
22 32767 31350 4536
22 32767 31350 4497
22 32767 31351 4521
22 32767 31350 4521
22 32767 31350 4504
21 32767 31348 4484
23 32767 31348 4502
21 32767 31347 4544
22 32767 31347 4559
22 32767 31346 4572
22 32767 31345 4535
21 32767 31344 4536
23 32767 31343 4503
21 32767 31341 4507
22 32767 31342 4506
22 32767 31342 4503
22 32767 31343 4502
21 32767 31342 4504
23 32767 31343 4562
21 32767 31342 4575
22 32767 31341 4556
22 32767 31342 4519
22 32767 31341 4500
21 32767 31341 4505
23 32767 31341 4539
21 32767 31342 4507
22 32767 31340 4469
22 32767 31342 4501
22 32767 31343 4563
21 32767 31343 4576
23 32767 31342 4557
21 32767 31341 4537
22 32767 31340 4497
21 32767 31342 4503
23 32767 31342 4539
21 32767 31339 4523
22 32767 31342 4518
22 32767 31341 4520
22 32767 31340 4507
21 32767 31340 4594
23 32767 31340 4556
21 32767 31337 4550
22 32767 31338 4517
23 32767 31339 4484
21 32767 31338 4525
22 32767 31339 4503
22 32767 31341 4501
22 32767 31339 4519
21 32767 31339 4485
23 32767 31342 4579
21 32767 31341 4575
22 32767 31343 4553
22 32767 31342 4552
22 32767 31341 4500
21 32767 31342 4506
23 32767 31342 4524
21 32767 31343 4502
22 32767 31345 4519
22 32767 31345 4518
22 32767 31344 4567
21 32767 31345 4576
23 32767 31345 4575
21 32767 31343 4533
22 32767 31345 4514
22 32767 31346 4503
22 32767 31346 4540
21 32767 31348 4506
23 32767 31349 4504
21 32767 31348 4486
22 32767 31349 4524
22 32767 31348 4560
22 32767 31350 4578
21 32767 31350 4539
23 32767 31350 4515
21 32767 31350 4483
22 32767 31350 4505
22 32767 31348 4520
22 32767 31345 4487
21 32767 31345 4467
23 32767 31346 4502
21 32767 31343 4589
22 32767 31344 4576
22 32767 31345 4555
22 32767 31346 4533
21 32767 31343 4482
23 32767 31347 4524
22 32767 31346 4539
21 32767 31344 4522
23 32767 31345 4507
21 32767 31346 4486
22 32767 31344 4526
22 32767 31344 4576
22 32767 31345 4558
21 32767 31344 4552
23 32767 31346 4532
21 32767 31346 4501
22 32767 31344 4502
21 32767 31346 4505
23 32767 31346 4503
21 32767 31346 4501
22 32767 31345 4525
22 32767 31344 4564
22 32767 31341 4574
21 32767 31343 4553
23 32767 31342 4535
21 32767 31339 4483
22 32767 31343 4525
22 32767 31342 4523
22 32767 31343 4502
21 32767 31344 4503
23 32767 31344 4520
21 32767 31344 4580
22 32767 31345 4576
22 32767 31344 4554
22 32767 31345 4535
21 32767 31346 4501
23 32767 31344 4504
21 32767 31344 4522
22 32767 31343 4486
22 32767 31343 4470
22 32767 31344 4469
21 32767 31344 4545
23 32767 31344 4578
21 32767 31344 4557
22 32767 31344 4533
22 32767 31346 4531
22 32767 31349 4501
21 32767 31350 4520
23 32767 31348 4525
22 32767 31347 4502
21 32767 31346 4500
23 32767 31347 4506
21 32767 31345 4562
22 32767 31344 4557
22 32767 31344 4534
22 32767 31343 4517
21 32767 31343 4500
23 32767 31344 4518
21 32767 31344 4538
22 32767 31342 4504
22 32767 31342 4487
22 32767 31340 4502
21 32767 31341 4559
23 32767 31342 4576
21 32767 31340 4557
22 32767 31341 4515
22 32767 31341 4500
22 32767 31344 4504
21 32767 31343 4520
23 32767 31345 4503
21 32767 31345 4486
22 32767 31344 4503
22 32767 31346 4510
22 32767 31345 4577
21 32767 31346 4576
23 32767 31346 4537
21 32767 31348 4500
22 32767 31347 4503
22 32767 31349 4540
22 32767 31349 4501
21 32767 31349 4486
22 32767 31348 4502
22 32767 31348 4523
22 32767 31345 4561
21 32767 31346 4573
23 32767 31346 4556
21 32767 31343 4517
22 32767 31344 4502
22 32767 31343 4507
22 32767 31342 4521
21 32767 31343 4502
23 32767 31344 4485
22 32767 31343 4519
21 32767 31344 4561
23 32767 31345 4576
21 32767 31345 4576
22 32767 31346 4536
22 32767 31344 4501
22 32767 31342 4506
21 32767 31347 4540
23 32767 31344 4521
21 32767 31345 4499
22 32767 31345 4506
22 32767 31342 4526
22 32767 31347 4576
21 32767 31344 4558
23 32767 31345 4569
21 32767 31344 4516
22 32767 31348 4483
22 32767 31348 4504
22 32767 31346 4505
21 32767 31346 4519
23 32767 31347 4488
21 32767 31347 4527
22 32767 31349 4565
22 32767 31347 4560
22 32767 31346 4536
21 32767 31346 4518
23 32767 31345 4500
21 32767 31346 4506
22 32767 31346 4507
22 32767 31346 4503
22 32767 31349 4471
21 32767 31348 4504
23 32767 31348 4545
21 32767 31348 4594
22 32767 31349 4553
22 32767 31349 4536
22 32767 31347 4481
21 32767 31348 4523
23 32767 31347 4520
21 32767 31347 4504
22 32767 31347 4506
23 32767 31348 4522
21 32767 31349 4546
22 32767 31346 4577
22 32767 31347 4559
22 32767 31345 4538
21 32767 31342 4514
23 32767 31344 4485
21 32767 31342 4521
22 32767 31341 4523
22 32767 31341 4469
22 32767 31343 4489
21 32767 31342 4524
22 32767 31346 4563
22 32767 31345 4575
22 32767 31343 4574
21 32767 31343 4535
23 32767 31343 4501
21 32767 31343 4540
22 32767 31342 4540
22 32767 31344 4503
22 32767 31340 4521
21 32767 31341 4519
23 32767 31342 4571
21 32767 31344 4575
22 32767 31344 4557
22 32767 31342 4551
22 32767 31342 4497
21 32767 31345 4503
23 32767 31344 4539
21 32767 31341 4524
22 32767 31343 4506
22 32767 31342 4487
22 32767 31341 4527
21 32767 31341 4595
23 32767 31343 4572
21 32767 31340 4536
22 32767 31342 4498
22 32767 31341 4503
22 32767 31339 4520
21 32767 31340 4502
23 32767 31338 4501
22 32767 31339 4484
21 32767 31337 4524
23 32767 31339 4578
21 32767 31338 4574
22 32767 31339 4555
22 32767 31340 4535
22 32767 31339 4501
21 32767 31343 4507
23 32767 31342 4540
21 32767 31344 4488
22 32767 31341 4490
22 32767 31341 4503
22 32767 31343 4561
21 32767 31343 4577
23 32767 31342 4557
21 32767 31344 4551
22 32767 31339 4519
22 32767 31342 4504
22 32767 31340 4538
21 32767 31343 4488
23 32767 31342 4483
21 32767 31343 4517
22 32767 31340 4546
22 32767 31344 4577
22 32767 31342 4590
21 32767 31342 4536
23 32767 31341 4532
21 32767 31342 4501
22 32767 31339 4521
22 32767 31343 4502
22 32767 31342 4489
21 32767 31342 4471
23 32767 31342 4526
21 32767 31344 4564
22 32767 31341 4574
21 32767 31342 4554
23 32767 31339 4518
21 32767 31341 4521
22 32767 31341 4539
22 32767 31342 4539
22 32767 31340 4520
21 32767 31341 4487
23 32767 31342 4520
22 32767 31341 4578
21 32767 31342 4576
23 32767 31343 4575
21 32767 31342 4516
22 32767 31344 4515
22 32767 31344 4505
22 32767 31342 4520
21 32767 31344 4520
23 32767 31344 4488
21 32767 31342 4500
22 32767 31343 4526
22 32767 31343 4558
22 32767 31339 4542
21 32767 31342 4552
23 32767 31343 4518
21 32767 31343 4520
22 32767 31341 4538
22 32767 31344 4524
22 32767 31343 4502
21 32767 31342 4518
23 32767 31344 4525
21 32767 31344 4562
22 32767 31344 4575
22 32767 31344 4553
22 32767 31341 4516
21 32767 31344 4501
23 32767 31346 4488
21 32767 31346 4502
22 32767 31343 4521
22 32767 31344 4484
22 32767 31343 4503
21 32767 31342 4548
23 32767 31342 4575
21 32767 31341 4589
22 32767 31344 4533
22 32767 31342 4499
22 32767 31344 4486
21 32767 31342 4520
23 32767 31342 4506
21 32767 31342 4487
22 32767 31341 4502
23 32767 31343 4545
21 32767 31341 4578
22 32767 31341 4574
22 32767 31343 4551
22 32767 31342 4498
21 32767 31341 4520
23 32767 31343 4522
21 32767 31343 4501
22 32767 31342 4519
22 32767 31343 4520
22 32767 31343 4525
21 32767 31344 4561
23 32767 31344 4593
21 32767 31347 4554
22 32767 31345 4516
21 32767 31349 4517
23 32767 31350 4525
21 32767 31350 4521
22 32767 31350 4502
22 32767 31351 4501
22 32767 31351 4519
21 32767 31351 4545
23 32767 31350 4594
21 32767 31348 4571
22 32767 31348 4534
22 32767 31344 4518
22 32767 31344 4502
21 32767 31346 4538
23 32767 31342 4487
21 32767 31345 4486
22 32767 31345 4489
22 32767 31342 4544
22 32767 31342 4564
21 32767 31344 4556
23 32767 31344 4533
21 32767 31344 4516
22 32767 31344 4500
22 32767 31344 4488
22 32767 31344 4504
21 32767 31342 4505
23 32767 31345 4487
21 32767 31344 4504
22 32767 31344 4561
23 32767 31342 4575
21 32767 31343 4553
22 32767 31339 4535
22 32767 31342 4519
22 32767 31340 4506
21 32767 31338 4522
23 32767 31341 4502
21 32767 31338 4500
22 32767 31337 4487
22 32767 31337 4528
22 32767 31339 4575
21 32767 31337 4557
23 32767 31338 4532
21 32767 31339 4519
22 32767 31338 4504
22 32767 31339 4556
22 32767 31339 4488
21 32767 31338 4488
23 32767 31342 4502
21 32767 31341 4529
22 32767 31341 4560
22 32767 31341 4572
22 32767 31339 4569
21 32767 31340 4499
23 32767 31341 4502
21 32767 31342 4521
22 32767 31339 4519
22 32767 31343 4484
22 32767 31341 4471
21 32767 31342 4504
23 32767 31342 4562
21 32767 31342 4575
22 32767 31340 4557
22 32767 31340 4533
22 32767 31341 4483
21 32767 31342 4523
22 32767 31342 4538
22 32767 31341 4501
22 32767 31338 4501
21 32767 31340 4519
23 32767 31341 4528
21 32767 31339 4575
22 32767 31340 4553
23 32767 31340 4515
21 32767 31340 4499
22 32767 31342 4503
22 32767 31343 4520
22 32767 31342 4522
21 32767 31342 4501
23 32767 31344 4520
21 32767 31342 4510
22 32767 31342 4594
22 32767 31343 4590
22 32767 31341 4553
21 32767 31344 4500
23 32767 31344 4503
21 32767 31345 4505
22 32767 31345 4504
22 32767 31342 4502
22 32767 31343 4504
21 32767 31343 4505
23 32767 31341 4561
21 32767 31342 4575
22 32767 31343 4557
22 32767 31342 4533
22 32767 31340 4518
21 32767 31340 4506
23 32767 31340 4541
21 32767 31342 4520
22 32767 31341 4486
22 32767 31342 4487
22 32767 31340 4546
21 32767 31341 4576
23 32767 31341 4555
21 32767 31342 4537
22 32767 31341 4514
22 32767 31342 4503
22 32767 31343 4520
21 32767 31340 4503
23 32767 31342 4488
21 32767 31341 4503
22 32767 31340 4546
22 32767 31340 4596
22 32767 31340 4555
22 32767 31338 4552
22 32767 31338 4535
22 32767 31339 4484
21 32767 31338 4524
23 32767 31341 4521
21 32767 31340 4484
22 32767 31342 4506
22 32767 31344 4504
22 32767 31345 4544
21 32767 31343 4591
23 32767 31342 4554
21 32767 31343 4534
22 32767 31338 4501
22 32767 31342 4505
22 32767 31344 4522
21 32767 31344 4484
22 32767 31344 4484
22 32767 31346 4487
22 32767 31345 4528
21 32767 31343 4577
23 32767 31344 4541
21 32767 31341 4551
22 32767 31343 4533
22 32767 31342 4486
22 32767 31342 4539
21 32767 31345 4507
23 32767 31346 4484
21 32767 31345 4469
22 32767 31343 4508
22 32767 31345 4579
22 32767 31346 4574
21 32767 31346 4571
23 32767 31346 4499
21 32767 31344 4501
22 32767 31346 4507
22 32767 31346 4506
22 32767 31344 4506
21 32767 31346 4468
23 32767 31341 4504
21 32767 31343 4595
22 32767 31344 4574
23 32767 31342 4539
21 32767 31342 4551
22 32767 31345 4499
22 32767 31343 4505
22 32767 31344 4539
21 32767 31343 4486
23 32767 31344 4488
21 32767 31344 4502
22 32767 31346 4549
22 32767 31344 4593
22 32767 31344 4557
21 32767 31341 4537
23 32767 31340 4513
21 32767 31341 4485
22 32767 31341 4538
22 32767 31340 4518
22 32767 31342 4501
21 32767 31341 4500
23 32767 31340 4508
21 32767 31338 4577
22 32767 31341 4557
22 32767 31343 4551
22 32767 31343 4514
21 32767 31345 4500
23 32767 31345 4521
21 32767 31347 4539
22 32767 31346 4504
22 32767 31347 4488
22 32767 31347 4504
21 32767 31349 4561
23 32767 31348 4575
21 32767 31347 4575
22 32767 31345 4535
22 32767 31345 4500
22 32767 31346 4505
21 32767 31341 4521
23 32767 31344 4504
21 32767 31344 4483
22 32767 31343 4501
21 32767 31343 4546
23 32767 31347 4595
21 32767 31344 4592
22 32767 31347 4553
23 32767 31346 4500
21 32767 31344 4503
22 32767 31347 4507
22 32767 31345 4502
22 32767 31343 4487
21 32767 31344 4486
23 32767 31342 4509
21 32767 31340 4596
22 32767 31340 4559
22 32767 31341 4551
22 32767 31339 4515
21 32767 31340 4500
23 32767 31340 4521
21 32767 31337 4520
22 32767 31341 4500
22 32767 31340 4518
22 32767 31340 4487
21 32767 31341 4558
23 32767 31340 4593
21 32767 31340 4557
22 32767 31340 4550
22 32767 31341 4501
22 32767 31340 4488
21 32767 31340 4538
23 32767 31339 4503
21 32767 31341 4499
22 32767 31338 4488
22 32767 31342 4548
22 32767 31340 4558
21 32767 31342 4553
23 32767 31342 4536
21 32767 31339 4497
22 32767 31338 4504
22 32767 31340 4505
22 32767 31340 4485
21 32767 31337 4500
23 32767 31336 4502
21 32767 31334 4507
22 32767 31336 4561
22 32767 31337 4560
22 32767 31338 4556
21 32767 31337 4516
23 32767 31340 4502
22 32767 31338 4539
21 32767 31339 4506
23 32767 31340 4519
21 32767 31339 4488
22 32767 31339 4522
22 32767 31343 4578
22 32767 31342 4573
21 32767 31340 4554
23 32767 31341 4518
21 32767 31340 4484
22 32767 31339 4505
22 32767 31341 4520
22 32767 31339 4535
21 32767 31340 4503
23 32767 31339 4502
21 32767 31340 4528
22 32767 31340 4593
21 32767 31341 4555
23 32767 31342 4553
21 32767 31341 4514
22 32767 31342 4502
22 32767 31341 4539
22 32767 31340 4522
21 32767 31341 4501
23 32767 31340 4487
21 32767 31340 4509
22 32767 31341 4577
22 32767 31341 4574
22 32767 31341 4569
21 32767 31343 4499
23 32767 31342 4519
21 32767 31340 4521
22 32767 31342 4521
22 32767 31342 4488
22 32767 31340 4500
21 32767 31343 4503
23 32767 31345 4561
21 32767 31343 4575
22 32767 31343 4575
22 32767 31341 4500
22 32767 31345 4501
21 32767 31345 4507
23 32767 31345 4523
22 32767 31343 4522
21 32767 31343 4505
23 32767 31342 4488
21 32767 31341 4543
22 32767 31338 4595
22 32767 31340 4571
22 32767 31341 4533
21 32767 31338 4502
23 32767 31341 4503
21 32767 31342 4521
22 32767 31342 4526
22 32767 31341 4503
22 32767 31342 4501
21 32767 31339 4508
23 32767 31339 4559
21 32767 31340 4572
22 32767 31337 4520
22 32767 31336 4516
22 32767 31335 4519
21 32767 31336 4507
23 32767 31336 4506
21 32767 31337 4503
22 32767 31334 4504
22 32767 31339 4504
22 32767 31338 4561
21 32767 31339 4557
23 32767 31341 4571
21 32767 31343 4516
22 32767 31341 4483
22 32767 31343 4505
22 32767 31342 4523
21 32767 31341 4520
23 32767 31343 4485
21 32767 31344 4505
22 32767 31344 4546
22 32767 31345 4594
22 32767 31345 4591
21 32767 31343 4516
22 32767 31344 4514
22 32767 31347 4504
22 32767 31345 4539
22 32767 31346 4487
22 32767 31346 4471
22 32767 31343 4485
21 32767 31344 4526
23 32767 31347 4565
21 32767 31346 4592
22 32767 31347 4534
22 32767 31345 4517
22 32767 31343 4502
21 32767 31346 4525
23 32767 31346 4506
21 32767 31344 4504
22 32767 31345 4486
22 32767 31344 4521
22 32767 31343 4560
21 32767 31345 4593
23 32767 31346 4554
21 32767 31345 4533
22 32767 31344 4484
22 32767 31345 4507
22 32767 31347 4504
21 32767 31346 4502
23 32767 31344 4506
21 32767 31345 4488
22 32767 31345 4545
22 32767 31348 4596
22 32767 31347 4541
21 32767 31344 4534
23 32767 31343 4499
21 32767 31341 4504
22 32767 31339 4538
22 32767 31340 4506
22 32767 31340 4501
21 32767 31340 4503
23 32767 31341 4509
21 32767 31339 4577
22 32767 31341 4555
22 32767 31341 4555
22 32767 31342 4515
21 32767 31342 4520
23 32767 31342 4504
22 32767 31343 4520
21 32767 31343 4500
23 32767 31341 4483
21 32767 31343 4520
22 32767 31340 4579
22 32767 31340 4594
22 32767 31341 4558
21 32767 31340 4533
23 32767 31341 4499
21 32767 31341 4523
22 32767 31340 4539
22 32767 31341 4519
22 32767 31342 4505
21 32767 31341 4504
23 32767 31341 4547
21 32767 31341 4577
22 32767 31340 4572
22 32767 31341 4518
22 32767 31341 4482
21 32767 31338 4502
22 32767 31342 4504
22 32767 31341 4504
22 32767 31340 4505
21 32767 31342 4505
23 32767 31341 4524
21 32767 31340 4577
22 32767 31339 4575
22 32767 31337 4553
22 32767 31338 4516
21 32767 31339 4520
23 32767 31339 4519
21 32767 31337 4519
22 32767 31340 4502
22 32767 31342 4487
22 32767 31342 4487
21 32767 31345 4577
23 32767 31345 4594
21 32767 31344 4557
22 32767 31347 4517
22 32767 31343 4501
22 32767 31343 4503
21 32767 31345 4524
23 32767 31344 4522
22 32767 31344 4506
21 32767 31343 4470
23 32767 31343 4545
21 32767 31342 4594
22 32767 31344 4572
22 32767 31342 4551
22 32767 31342 4516
21 32767 31342 4501
23 32767 31341 4521
21 32767 31338 4522
22 32767 31340 4487
22 32767 31340 4499
22 32767 31338 4523
21 32767 31338 4576
23 32767 31338 4575
21 32767 31340 4569
22 32767 31341 4514
22 32767 31340 4518
22 32767 31341 4519
21 32767 31341 4502
23 32767 31342 4501
21 32767 31340 4519
22 32767 31342 4503
22 32767 31343 4560
22 32767 31342 4575
21 32767 31341 4556
23 32767 31342 4516
21 32767 31344 4499
22 32767 31342 4487
22 32767 31343 4539
22 32767 31342 4520
21 32767 31340 4484
23 32767 31342 4488
21 32767 31342 4548
22 32767 31342 4577
22 32767 31342 4572
22 32767 31342 4549
21 32767 31339 4513
23 32767 31341 4484
21 32767 31344 4521
22 32767 31342 4505
21 32767 31340 4500
23 32767 31340 4467
22 32767 31341 4526
21 32767 31342 4560
23 32767 31341 4592
21 32767 31341 4556
22 32767 31343 4499
22 32767 31344 4501
22 32767 31343 4520
21 32767 31342 4539
23 32767 31341 4503
21 32767 31339 4505
22 32767 31341 4502
22 32767 31342 4578
22 32767 31339 4578
21 32767 31339 4539
23 32767 31338 4518
21 32767 31336 4503
22 32767 31341 4504
22 32767 31339 4538
22 32767 31339 4485
21 32767 31338 4486
23 32767 31339 4502
21 32767 31340 4545
22 32767 31338 4558
22 32767 31340 4577
22 32767 31339 4534
21 32767 31339 4498
23 32767 31337 4519
21 32767 31337 4538
22 32767 31338 4506
22 32767 31338 4471
22 32767 31337 4486
21 32767 31338 4506
23 32767 31338 4596
21 32767 31337 4557
22 32767 31336 4538
22 32767 31336 4498
22 32767 31336 4484
21 32767 31334 4507
23 32767 31335 4518
21 32767 31336 4503
22 32767 31334 4503
23 32767 31335 4488
21 32767 31337 4565
22 32767 31334 4575
22 32767 31336 4574
22 32767 31335 4519
21 32767 31338 4498
23 32767 31338 4504
21 32767 31339 4521
22 32767 31336 4502
22 32767 31338 4500
22 32767 31339 4488
21 32767 31338 4545
23 32767 31339 4577
21 32767 31340 4574
22 32767 31337 4536
22 32767 31340 4499
22 32767 31339 4496
21 32767 31336 4506
23 32767 31340 4505
21 32767 31340 4486
22 32767 31337 4485
21 32767 31338 4505
23 32767 31338 4561
21 32767 31338 4556
22 32767 31338 4570
22 32767 31337 4499
22 32767 31336 4482
21 32767 31338 4524
23 32767 31337 4506
21 32767 31339 4486
22 32767 31338 4488
22 32767 31339 4524
22 32767 31337 4543
21 32767 31339 4558
23 32767 31338 4555
21 32767 31339 4520
22 32767 31340 4500
22 32767 31339 4487
22 32767 31338 4540
21 32767 31340 4505
23 32767 31340 4502
21 32767 31338 4488
22 32767 31338 4526
23 32767 31336 4594
21 32767 31338 4558
22 32767 31338 4536
22 32767 31338 4515
22 32767 31339 4502
21 32767 31341 4520
23 32767 31342 4538
21 32767 31341 4501
22 32767 31341 4487
22 32767 31342 4523
22 32767 31341 4578
21 32767 31341 4574
23 32767 31341 4555
21 32767 31340 4532
22 32767 31338 4501
22 32767 31340 4522
22 32767 31341 4520
21 32767 31340 4501
23 32767 31339 4506
21 32767 31336 4502
22 32767 31336 4545
22 32767 31337 4543
22 32767 31338 4556
21 32767 31338 4501
23 32767 31339 4501
21 32767 31341 4486
22 32767 31341 4502
22 32767 31343 4521
22 32767 31342 4501
21 32767 31341 4520
23 32767 31342 4528
21 32767 31343 4575
22 32767 31341 4572
22 32767 31342 4555
22 32767 31344 4534
21 32767 31341 4484
23 32767 31343 4520
21 32767 31344 4501
22 32767 31342 4519
22 32767 31342 4503
22 32767 31342 4507
22 32767 31341 4559
21 32767 31340 4574
23 32767 31338 4572
21 32767 31340 4515
22 32767 31338 4501
22 32767 31340 4522
22 32767 31336 4520
21 32767 31338 4502
23 32767 31337 4486
21 32767 31335 4521
22 32767 31335 4542
22 32767 31334 4595
22 32767 31333 4555
21 32767 31334 4518
23 32767 31335 4500
21 32767 31333 4524
22 32767 31338 4519
22 32767 31339 4505
22 32767 31337 4521
21 32767 31340 4520
23 32767 31341 4525
21 32767 31340 4564
22 32767 31339 4590
22 32767 31338 4552
22 32767 31340 4517
21 32767 31341 4485
23 32767 31342 4520
21 32767 31341 4519
22 32767 31341 4519
22 32767 31342 4470
22 32767 31339 4507
21 32767 31340 4560
23 32767 31339 4574
21 32767 31339 4553
22 32767 31339 4549
22 32767 31342 4519
22 32767 31340 4488
21 32767 31338 4539
23 32767 31340 4521
21 32767 31340 4500
22 32767 31341 4521
23 32767 31341 4547
21 32767 31340 4576
22 32767 31341 4576
22 32767 31343 4516
22 32767 31343 4499
21 32767 31343 4503
23 32767 31341 4505
21 32767 31337 4504
22 32767 31337 4506
22 32767 31338 4518
22 32767 31337 4526
21 32767 31334 4595
23 32767 31337 4559
21 32767 31337 4552
22 32767 31335 4516
22 32767 31337 4503
22 32767 31336 4540
21 32767 31334 4523
23 32767 31338 4503
21 32767 31336 4486
22 32767 31336 4504
22 32767 31335 4559
22 32767 31336 4574
21 32767 31336 4553
22 32767 31337 4536
22 32767 31335 4484
22 32767 31335 4524
21 32767 31336 4522
23 32767 31336 4504
21 32767 31336 4487
22 32767 31337 4485
22 32767 31334 4562
22 32767 31334 4593
21 32767 31335 4577
23 32767 31337 4516
21 32767 31335 4499
22 32767 31339 4504
22 32767 31340 4542
22 32767 31338 4507
21 32767 31342 4502
23 32767 31339 4487
21 32767 31339 4508
22 32767 31341 4577
23 32767 31340 4572
21 32767 31338 4537
22 32767 31340 4516
22 32767 31340 4501
22 32767 31340 4520
21 32767 31341 4505
23 32767 31341 4501
21 32767 31339 4504
22 32767 31341 4504
22 32767 31341 4544
22 32767 31342 4573
21 32767 31339 4555
23 32767 31341 4515
21 32767 31341 4501
22 32767 31344 4489
22 32767 31344 4520
22 32767 31341 4520
21 32767 31339 4487
23 32767 31341 4506
21 32767 31341 4562
22 32767 31340 4559
22 32767 31338 4591
22 32767 31340 4534
21 32767 31338 4515
23 32767 31338 4486
21 32767 31338 4503
22 32767 31340 4523
22 32767 31340 4501
22 32767 31340 4487
21 32767 31340 4511
23 32767 31341 4595
21 32767 31342 4574
22 32767 31338 4519
22 32767 31342 4518
22 32767 31343 4483
21 32767 31342 4520
23 32767 31344 4506
21 32767 31345 4519
22 32767 31344 4469
22 32767 31345 4487
22 32767 31347 4559
21 32767 31347 4573
23 32767 31348 4536
22 32767 31350 4499
21 32767 31344 4520
22 32767 31346 4523
22 32767 31346 4520
22 32767 31345 4503
