22 26277 31456 4551
22 26356 31455 4532
22 26415 31456 4514
22 26335 31456 4536
22 26312 31458 4552
21 26276 31459 4568
23 26289 31458 4533
21 26387 31458 4551
23 26151 31460 4550
21 26179 31459 4570
23 26195 31458 4553
21 26233 31459 4534
22 26233 31461 4551
22 26294 31458 4550
22 26382 31462 4551
22 26369 31458 4568
22 26359 31460 4530
21 26327 31459 4530
23 26269 31458 4516
21 26240 31455 4571
23 26265 31458 4553
21 26259 31457 4552
22 26314 31457 4532
22 26347 31457 4551
22 26200 31459 4550
22 26223 31456 4551
22 26208 31459 4513
21 26216 31461 4533
23 26398 31455 4532
21 26379 31457 4534
23 26384 31456 4570
22 26296 31460 4552
21 26330 31460 4551
23 26246 31460 4533
21 26269 31458 4531
23 26304 31458 4551
21 26297 31461 4549
22 26331 31457 4550
22 26315 31457 4532
22 26315 31461 4515
22 26289 31459 4555
22 26391 31459 4570
21 26222 31456 4552
23 26246 31459 4550
21 26317 31457 4550
23 26177 31458 4515
21 26355 31458 4551
22 26443 31454 4568
22 26409 31454 4550
22 26306 31454 4532
22 26237 31460 4534
22 26300 31457 4537
22 26302 31452 4553
22 26343 31452 4533
21 26310 31460 4549
23 26305 31457 4549
21 26393 31458 4534
23 26251 31460 4552
21 26475 31456 4531
22 26342 31460 4532
22 26379 31456 4512
22 26328 31461 4515
22 26371 31457 4535
22 26328 31456 4551
21 26379 31457 4534
23 26429 31454 4551
21 26406 31453 4568
23 26458 31456 4551
22 26301 31458 4514
21 26329 31456 4551
23 26456 31455 4531
21 26412 31453 4514
23 26448 31454 4516
21 26345 31452 4535
22 26392 31458 4535
22 26321 31453 4551
22 26414 31455 4551
22 26343 31455 4531
22 26260 31453 4550
21 26266 31454 4550
23 26408 31455 4550
21 26313 31455 4530
23 26459 31452 4533
21 26271 31455 4551
22 26309 31460 4550
22 26307 31457 4532
22 26282 31456 4514
22 26349 31456 4550
22 26417 31457 4551
22 26336 31456 4532
22 26461 31457 4550
21 26367 31453 4532
23 26229 31452 4530
21 26258 31450 4533
23 26272 31455 4551
21 26226 31456 4571
22 26270 31456 4552
22 26243 31457 4549
22 26125 31460 4549
22 26208 31457 4550
22 26122 31455 4534
21 26015 31458 4551
23 26026 31455 4530
21 26121 31461 4533
23 26177 31459 4535
22 26278 31455 4534
21 26192 31460 4533
23 26266 31455 4549
21 26259 31457 4552
23 26219 31459 4550
21 26182 31461 4551
22 26231 31457 4534
22 26201 31460 4549
22 26245 31455 4533
22 26320 31460 4532
22 26132 31455 4552
21 26304 31456 4553
23 26327 31458 4551
21 26325 31455 4568
23 26270 31452 4551
21 26306 31457 4551
22 26286 31457 4552
22 26262 31460 4568
22 26207 31456 4550
22 26240 31457 4531
22 26286 31456 4533
21 26207 31456 4535
23 26441 31455 4533
21 26344 31456 4532
23 26370 31455 4567
21 26344 31454 4532
23 26274 31458 4570
21 26304 31454 4551
22 26276 31457 4531
22 26301 31458 4513
22 26330 31456 4514
22 26419 31457 4532
22 26381 31454 4534
21 26420 31457 4570
23 26522 31457 4549
21 26449 31458 4532
23 26513 31459 4567
22 26421 31458 4532
21 26367 31459 4564
23 26366 31459 4551
21 26268 31455 4513
23 26389 31457 4533
21 26362 31454 4534
22 26256 31462 4535
22 26306 31457 4551
22 26331 31461 4568
22 26235 31460 4569
22 26310 31461 4551
21 26390 31462 4533
23 26342 31452 4551
21 26393 31453 4549
23 26381 31456 4532
21 26443 31457 4552
22 26320 31456 4552
22 26448 31454 4554
22 26412 31454 4532
22 26285 31454 4550
22 26378 31460 4548
21 26406 31458 4552
23 26371 31455 4568
21 26492 31457 4550
23 26443 31460 4532
21 26344 31454 4513
23 26405 31452 4533
21 26275 31459 4551
22 26351 31459 4542
22 26361 31458 4549
22 26473 31460 4568
22 26428 31462 4549
22 26437 31459 4551
21 26417 31458 4551
23 26482 31455 4531
22 26450 31453 4531
22 26523 31459 4515
22 26509 31461 4552
21 26373 31460 4535
23 26460 31453 4551
21 26337 31456 4532
23 26453 31455 4550
21 26491 31459 4552
22 26428 31457 4569
22 26465 31458 4532
22 26447 31457 4532
22 26459 31456 4532
22 26356 31459 4552
21 26363 31458 4552
23 26482 31457 4517
21 26384 31456 4514
23 26269 31457 4568
21 26294 31457 4548
22 26352 31456 4534
22 26386 31456 4551
22 26339 31459 4514
22 26343 31457 4531
22 26421 31458 4533
21 26463 31456 4570
23 26354 31458 4571
21 26411 31454 4552
23 26343 31454 4532
21 26353 31455 4550
22 26355 31452 4552
22 26386 31457 4570
22 26433 31455 4533
22 26419 31458 4532
22 26310 31454 4532
22 26422 31459 4535
22 26388 31452 4553
21 26463 31453 4535
23 26526 31454 4551
22 26508 31453 4548
22 26398 31454 4568
22 26460 31456 4570
21 26401 31457 4551
23 26428 31458 4569
21 26478 31455 4513
23 26398 31455 4514
21 26331 31453 4534
22 26502 31458 4551
22 26446 31459 4551
22 26250 31457 4568
22 26310 31456 4552
22 26368 31460 4498
21 26436 31456 4533
23 26468 31454 4551
21 26381 31454 4549
23 26379 31458 4514
21 26319 31455 4550
22 26330 31457 4534
22 26423 31461 4535
22 26308 31453 4550
22 26429 31459 4514
22 26267 31459 4551
21 26205 31454 4550
23 26241 31460 4549
21 26262 31460 4551
23 26137 31457 4532
21 26410 31457 4530
22 26435 31458 4534
22 26416 31456 4552
22 26377 31456 4552
22 26383 31455 4551
22 26457 31460 4532
21 26448 31457 4547
23 26455 31455 4533
21 26502 31458 4568
23 26555 31455 4531
22 26464 31460 4532
22 26364 31457 4523
22 26273 31456 4534
21 26205 31456 4535
23 25986 31456 4533
21 25686 31457 4531
23 25578 31457 4569
21 25676 31460 4532
22 25790 31454 4553
22 26083 31459 4550
22 26118 31458 4532
22 26268 31462 4533
22 26208 31460 4533
21 26209 31460 4535
23 26252 31458 4552
21 26288 31457 4551
23 26319 31459 4566
21 26465 31452 4532
22 26508 31461 4534
22 26596 31455 4550
22 26630 31457 4515
22 26529 31457 4516
22 26513 31456 4513
21 26377 31458 4533
23 26313 31456 4535
21 26206 31457 4533
23 26251 31455 4532
21 26132 31455 4532
22 26197 31457 4549
22 26219 31461 4516
22 26550 31458 4533
22 26591 31460 4551
22 26769 31458 4496
21 26652 31457 4549
23 26376 31455 4535
21 25923 31456 4553
23 25593 31459 4518
22 25486 31457 4549
22 25667 31459 4551
22 25883 31458 4517
21 26224 31461 4571
23 26219 31458 4567
21 26478 31461 4514
23 26692 31458 4532
21 26674 31458 4532
22 26616 31459 4571
22 26521 31455 4553
22 26207 31459 4550
22 26107 31460 4550
22 26115 31459 4549
21 26268 31458 4534
23 26527 31457 4533
21 26735 31460 4531
23 26740 31457 4531
21 26784 31457 4531
22 26709 31459 4516
22 26362 31461 4552
22 26212 31459 4534
22 26154 31458 4552
22 26191 31456 4550
21 26130 31461 4531
23 26391 31460 4554
21 26597 31456 4551
23 26762 31456 4532
21 26794 31458 4532
22 26730 31457 4513
22 26639 31460 4552
22 26676 31462 4553
22 26875 31456 4533
22 27025 31459 4549
21 27110 31459 4550
23 27069 31458 4549
22 27003 31457 4533
22 26951 31456 4533
22 26858 31456 4513
21 26949 31457 4533
23 27007 31454 4517
21 26919 31462 4534
23 26680 31455 4552
21 26311 31456 4532
23 26158 31459 4550
21 26022 31458 4568
22 25876 31458 4552
22 25996 31459 4568
22 26109 31458 4550
22 26212 31458 4513
22 26181 31458 4532
21 26234 31455 4536
23 26443 31455 4534
21 26399 31453 4533
23 26375 31455 4551
21 26331 31459 4550
22 26227 31456 4532
22 26292 31460 4551
22 26256 31458 4549
22 26141 31461 4550
22 26108 31459 4550
21 26065 31456 4533
23 26094 31461 4552
21 26282 31459 4570
23 26477 31460 4551
21 26439 31456 4515
22 26486 31459 4550
22 26530 31460 4533
22 26514 31457 4532
22 26570 31456 4549
22 26535 31460 4514
21 26549 31455 4551
23 26669 31459 4535
22 26566 31461 4571
22 26539 31457 4554
22 26521 31458 4533
21 26393 31460 4568
23 26203 31457 4530
21 26187 31458 4570
23 26088 31457 4533
21 26178 31455 4549
23 26337 31458 4530
21 26391 31455 4513
22 26448 31459 4536
22 26528 31457 4553
22 26625 31460 4571
22 26558 31458 4568
22 26474 31457 4533
21 26355 31458 4514
23 26333 31460 4531
21 26473 31458 4531
23 26548 31454 4534
21 26706 31460 4532
22 26710 31460 4516
22 26756 31455 4554
22 26604 31454 4551
22 26559 31455 4552
22 26596 31456 4549
21 26625 31456 4532
23 26590 31454 4533
21 26487 31455 4549
23 26420 31458 4533
21 26434 31459 4531
22 26532 31453 4532
22 26533 31458 4520
22 26379 31454 4535
22 26463 31456 4552
22 26227 31456 4551
21 26246 31459 4530
23 26245 31455 4548
22 26262 31457 4532
22 26228 31456 4550
22 26156 31457 4550
21 26306 31457 4531
23 26311 31455 4513
21 26308 31455 4536
23 26351 31454 4553
21 26470 31456 4553
22 26591 31458 4550
22 26653 31457 4569
22 26869 31453 4498
22 26791 31457 4552
22 26909 31459 4549
22 26734 31451 4511
22 26617 31457 4532
21 26402 31457 4515
23 26346 31456 4534
21 26204 31452 4534
23 26157 31459 4551
21 26174 31455 4532
22 26320 31458 4550
22 26348 31455 4532
22 26554 31460 4533
22 26624 31454 4551
22 26944 31454 4513
21 27194 31459 4513
23 27254 31457 4533
21 27198 31453 4553
23 27115 31458 4533
21 26971 31455 4532
22 26904 31455 4548
22 26813 31454 4548
22 26738 31456 4515
22 26611 31459 4569
22 26712 31456 4550
21 26576 31455 4532
23 26552 31455 4514
22 26667 31454 4534
22 26722 31459 4554
22 26737 31463 4553
21 26701 31462 4551
23 26646 31458 4550
21 26588 31462 4548
23 26629 31459 4531
21 26423 31460 4533
22 26540 31459 4514
22 26514 31460 4513
22 26533 31459 4532
22 26736 31457 4535
22 26759 31457 4535
22 26774 31457 4552
22 26390 31460 4514
21 26293 31462 4550
23 26094 31462 4533
21 26262 31461 4550
23 26288 31456 4550
21 26377 31460 4513
22 26143 31457 4530
22 26182 31462 4535
22 26121 31458 4534
22 26220 31459 4568
22 26223 31454 4550
21 26344 31458 4549
23 26308 31453 4530
21 26464 31459 4550
23 26553 31458 4516
21 26523 31458 4514
22 26543 31459 4513
22 26524 31456 4531
22 26483 31459 4554
22 26496 31459 4536
22 26641 31459 4533
22 26517 31458 4551
22 26582 31458 4548
22 26625 31459 4513
22 26608 31461 4552
22 26548 31460 4533
21 26641 31462 4513
23 26575 31458 4529
21 26409 31461 4514
23 26502 31458 4553
21 26619 31460 4553
22 26535 31455 4550
22 26634 31456 4550
22 26673 31457 4552
22 26627 31458 4569
22 26573 31460 4551
21 26553 31455 4550
23 26381 31460 4549
21 26344 31460 4532
23 26384 31461 4516
21 26399 31456 4571
23 26442 31460 4551
21 26449 31458 4532
22 26421 31458 4533
22 26452 31461 4530
22 26602 31459 4532
22 26590 31458 4568
22 26627 31457 4548
21 26650 31457 4512
23 26474 31457 4514
21 26531 31462 4515
23 26580 31458 4572
21 26383 31459 4552
22 26399 31458 4532
22 26342 31462 4568
22 26368 31460 4530
23 26474 31460 4551
21 26390 31460 4551
22 26509 31459 4550
22 26531 31454 4531
22 26500 31452 4516
22 26412 31457 4537
22 26357 31453 4553
21 26312 31454 4551
23 26306 31451 4531
21 26339 31457 4551
23 26328 31457 4534
21 26334 31458 4552
22 26409 31457 4550
22 26362 31457 4531
22 26373 31459 4513
22 26334 31458 4537
22 26384 31455 4537
21 26369 31458 4534
23 26436 31453 4550
21 26462 31454 4530
23 26364 31453 4533
21 26381 31459 4532
23 26551 31461 4533
21 26716 31457 4531
22 26726 31459 4531
22 26701 31460 4512
22 26810 31454 4536
22 26696 31457 4535
22 26596 31457 4535
21 26477 31460 4534
23 26461 31459 4550
21 26308 31457 4516
23 26428 31459 4534
21 26407 31460 4549
22 26455 31454 4549
22 26465 31457 4530
22 26279 31457 4533
23 26248 31457 4571
21 26333 31458 4535
22 26251 31460 4535
22 26254 31462 4531
22 26145 31456 4551
22 26177 31456 4532
22 26278 31460 4515
21 26318 31458 4550
23 26301 31454 4532
21 26287 31459 4532
23 26344 31458 4534
21 26348 31461 4535
22 26194 31457 4533
22 26403 31457 4550
22 26536 31459 4550
22 26613 31461 4548
22 26572 31456 4533
21 26563 31458 4533
23 26606 31457 4531
21 26453 31458 4534
23 26446 31456 4499
21 26303 31454 4517
22 26366 31459 4534
22 26162 31459 4553
22 26327 31454 4569
22 26394 31456 4551
22 26339 31454 4531
22 26273 31457 4551
22 26321 31460 4531
21 26244 31461 4533
23 26362 31462 4495
21 26219 31456 4516
23 26408 31461 4552
21 26347 31460 4535
22 26320 31459 4552
22 26313 31460 4550
22 26290 31461 4532
23 26137 31456 4551
21 26121 31461 4533
22 26097 31460 4549
22 26216 31457 4513
22 26259 31459 4497
22 26403 31459 4553
22 26244 31456 4554
21 26240 31462 4551
23 26200 31458 4514
21 26189 31460 4549
23 26102 31460 4549
21 26215 31461 4535
22 26438 31457 4549
22 26426 31456 4550
22 26603 31457 4531
22 26571 31461 4531
22 26486 31459 4534
21 26432 31457 4550
23 26509 31457 4552
21 26477 31456 4514
23 26389 31462 4532
21 26388 31458 4514
22 26406 31457 4552
22 26562 31458 4549
22 26508 31459 4533
22 26496 31457 4512
22 26464 31457 4553
22 26541 31459 4570
22 26463 31456 4553
21 26481 31461 4553
23 26480 31459 4550
21 26414 31462 4514
23 26345 31459 4550
21 26374 31454 4533
22 26362 31459 4549
22 26323 31454 4513
22 26374 31455 4532
23 26485 31461 4518
21 26270 31459 4554
22 26245 31459 4536
22 26292 31458 4551
22 26294 31458 4550
22 26296 31460 4531
22 26261 31456 4551
21 26424 31456 4530
23 26410 31460 4532
21 26320 31456 4530
23 26344 31461 4531
21 26449 31458 4535
22 26279 31458 4569
22 26405 31460 4552
22 26440 31460 4567
22 26459 31460 4550
22 26446 31459 4530
21 26479 31460 4552
23 26477 31463 4534
21 26369 31462 4528
23 26481 31460 4512
21 26401 31461 4515
22 26432 31459 4554
22 26369 31462 4552
22 26442 31458 4534
22 26486 31462 4549
22 26446 31460 4549
21 26460 31457 4551
23 26421 31462 4552
21 26372 31459 4550
23 26275 31456 4531
21 26390 31458 4531
23 26281 31457 4534
21 26334 31458 4553
22 26392 31458 4553
23 26301 31456 4536
21 26380 31456 4531
23 26375 31454 4529
21 26383 31456 4569
22 26238 31458 4550
22 26359 31456 4550
22 26265 31451 4514
22 26237 31453 4496
22 26384 31455 4517
21 26280 31460 4552
23 26138 31459 4570
21 26275 31457 4569
23 26243 31458 4531
21 26289 31457 4529
22 26419 31459 4569
22 26309 31457 4550
22 26313 31455 4533
22 26330 31456 4531
22 26254 31460 4532
21 26351 31458 4535
23 26294 31457 4555
21 26309 31455 4534
23 26458 31453 4551
21 26333 31456 4552
22 26415 31457 4551
22 26404 31455 4550
22 26317 31457 4532
22 26314 31455 4531
22 26323 31453 4516
21 26326 31452 4516
23 26224 31456 4553
21 26225 31460 4535
23 26119 31455 4569
21 26193 31460 4549
22 26170 31458 4532
22 26343 31458 4552
22 26337 31461 4552
23 26266 31458 4549
21 26204 31454 4530
23 26361 31454 4513
21 26343 31453 4535
22 26275 31452 4533
22 26327 31451 4534
22 26227 31457 4515
22 26211 31456 4550
22 26179 31458 4531
21 26333 31453 4552
23 26336 31458 4532
21 26315 31456 4550
23 26237 31454 4531
21 26222 31458 4515
22 26276 31456 4534
22 26270 31452 4554
22 26203 31459 4569
22 26375 31456 4549
22 26338 31454 4533
21 26274 31454 4533
23 26309 31456 4552
21 26261 31455 4550
23 26317 31456 4514
21 26332 31453 4532
22 26322 31456 4516
22 26324 31462 4535
22 26254 31460 4552
22 26314 31455 4551
22 26346 31456 4549
21 26283 31458 4532
23 26346 31455 4532
21 26397 31456 4533
23 26249 31459 4550
21 26278 31458 4513
22 26306 31460 4531
22 26257 31456 4538
22 26214 31457 4552
23 26295 31456 4551
21 26331 31458 4551
23 26264 31454 4532
21 26323 31456 4568
22 26276 31457 4569
22 26339 31459 4550
22 26344 31460 4550
22 26310 31455 4531
22 26325 31458 4535
21 26403 31457 4535
23 26309 31457 4552
21 26346 31457 4551
23 26277 31458 4551
21 26278 31458 4552
22 26255 31457 4534
22 26312 31457 4551
22 26368 31457 4530
22 26361 31457 4533
22 26436 31456 4512
21 26326 31458 4534
23 26318 31459 4571
21 26261 31462 4552
23 26331 31462 4550
21 26430 31460 4531
22 26353 31460 4549
22 26377 31456 4552
22 26382 31460 4568
22 26376 31455 4550
22 26391 31457 4514
21 26200 31456 4514
23 26385 31457 4517
21 26367 31454 4534
23 26266 31458 4534
21 26314 31457 4551
22 26367 31456 4569
22 26284 31454 4549
22 26310 31453 4552
23 26313 31454 4532
21 26310 31458 4532
22 26313 31456 4512
22 26358 31457 4533
22 26326 31455 4534
22 26288 31452 4515
22 26327 31455 4569
22 26384 31459 4551
22 26264 31455 4550
21 26265 31459 4534
23 26301 31455 4551
21 26407 31454 4532
23 26352 31454 4513
21 26391 31455 4531
22 26313 31454 4533
22 26422 31454 4552
22 26314 31453 4571
22 26314 31452 4552
22 26274 31456 4531
21 26310 31457 4567
23 26360 31454 4550
21 26367 31457 4533
23 26365 31455 4532
21 26386 31459 4550
22 26296 31455 4531
22 26352 31456 4517
22 26299 31459 4553
22 26294 31457 4550
22 26375 31454 4551
21 26429 31457 4550
23 26382 31457 4531
21 26340 31458 4550
23 26385 31455 4569
21 26377 31457 4549
22 26438 31454 4531
23 26413 31458 4517
21 26249 31459 4552
23 26267 31455 4552
21 26308 31453 4532
22 26351 31457 4550
22 26347 31457 4533
22 26215 31454 4514
22 26341 31454 4531
22 26224 31457 4550
22 26229 31456 4515
22 26394 31459 4514
21 26307 31458 4534
23 26283 31458 4533
21 26443 31457 4552
23 26353 31458 4551
21 26299 31459 4549
22 26321 31458 4532
22 26361 31459 4550
22 26280 31455 4551
22 26390 31456 4550
22 26502 31455 4531
21 26427 31458 4532
23 26300 31456 4552
21 26335 31453 4554
23 26356 31456 4517
21 26275 31454 4550
22 26471 31453 4549
22 26760 31457 4513
22 27012 31456 4534
22 27229 31453 4531
22 27174 31458 4549
21 26970 31454 4530
23 26816 31453 4481
21 26643 31456 4555
23 26354 31455 4553
21 26211 31458 4551
22 26183 31455 4532
23 26085 31458 4513
21 26245 31457 4549
23 26321 31454 4552
21 26279 31459 4549
22 26298 31457 4552
22 26446 31454 4497
22 26357 31455 4500
22 26529 31457 4534
22 26601 31459 4570
21 26560 31457 4553
23 26486 31455 4513
21 26385 31458 4532
23 26161 31456 4552
21 26167 31456 4551
23 26042 31458 4532
21 26247 31454 4532
22 26263 31455 4530
22 26407 31457 4518
22 26426 31458 4552
22 26466 31458 4534
22 26482 31453 4552
21 26494 31455 4532
23 26503 31457 4549
21 26549 31456 4534
23 26369 31457 4551
21 26280 31454 4531
22 26116 31454 4532
22 25975 31458 4530
22 26019 31454 4554
22 25880 31457 4534
22 25868 31456 4535
21 25822 31456 4533
23 25603 31457 4551
21 25716 31458 4549
23 25954 31458 4551
21 26138 31459 4533
22 26351 31461 4547
23 26383 31454 4530
21 26507 31456 4532
23 26448 31456 4554
21 26508 31460 4535
22 26396 31456 4551
22 26397 31452 4532
22 26360 31459 4552
22 26374 31455 4551
22 26323 31457 4551
21 26265 31455 4551
23 26291 31455 4532
21 26301 31457 4532
23 26373 31452 4516
21 26463 31458 4536
23 26449 31459 4553
21 26401 31455 4551
22 26359 31455 4549
22 26387 31456 4531
22 26329 31458 4533
22 26409 31455 4532
22 26386 31455 4550
21 26496 31455 4497
23 26506 31455 4514
21 26534 31457 4552
23 26573 31454 4572
21 26512 31455 4551
22 26462 31457 4551
22 26347 31458 4532
22 26331 31457 4549
22 26346 31457 4552
22 26247 31460 4548
21 26181 31461 4532
23 26014 31456 4532
21 25964 31460 4552
23 26047 31458 4573
21 26104 31458 4535
22 26167 31457 4551
23 26214 31455 4550
21 26311 31456 4551
23 26262 31457 4551
21 26439 31455 4551
22 26644 31460 4530
22 26769 31455 4530
22 26733 31453 4548
22 26618 31458 4535
22 26417 31454 4553
21 26517 31456 4571
23 26483 31456 4553
21 26390 31457 4532
23 26416 31458 4549
21 26480 31460 4532
22 26484 31463 4533
22 26562 31456 4550
22 26487 31458 4530
22 26431 31452 4531
22 26466 31455 4537
22 26380 31457 4552
22 26406 31457 4552
21 26348 31452 4531
23 26232 31457 4549
21 26262 31454 4550
23 26291 31453 4516
21 26205 31457 4550
22 26234 31455 4533
22 26179 31453 4512
22 26252 31454 4551
22 26293 31454 4536
22 26198 31454 4536
21 26106 31454 4551
23 26126 31460 4532
21 26147 31457 4533
23 26196 31451 4552
22 26394 31453 4535
21 26431 31453 4549
23 26421 31455 4549
21 26371 31454 4513
23 26371 31454 4533
21 26452 31456 4535
22 26358 31460 4536
22 26418 31456 4552
22 26413 31456 4514
22 26389 31456 4529
22 26435 31456 4551
21 26471 31452 4551
23 26563 31456 4551
21 26463 31454 4549
23 26483 31457 4514
21 26456 31455 4534
22 26381 31453 4535
22 26396 31455 4534
22 26339 31454 4551
22 26434 31453 4550
22 26438 31458 4552
22 26462 31458 4532
22 26361 31455 4550
21 26399 31456 4514
23 26377 31461 4513
21 26345 31456 4552
23 26465 31458 4551
21 26447 31455 4553
22 26372 31453 4553
22 26395 31454 4550
22 26262 31455 4516
22 26351 31453 4533
22 26430 31453 4552
21 26341 31457 4551
23 26305 31454 4512
21 26411 31454 4513
23 26404 31457 4534
22 26339 31455 4553
21 26425 31457 4553
23 26346 31460 4533
21 26459 31456 4549
23 26422 31456 4550
21 26455 31457 4552
22 26469 31455 4551
22 26432 31455 4532
22 26427 31454 4550
22 26450 31453 4531
22 26324 31456 4535
21 26410 31457 4518
23 26364 31455 4550
21 26300 31457 4532
23 26384 31457 4532
21 26396 31455 4498
22 26439 31457 4535
22 26453 31454 4569
22 26529 31456 4535
22 26452 31457 4531
22 26401 31457 4497
21 26416 31457 4552
23 26425 31456 4554
21 26339 31456 4533
23 26334 31456 4531
21 26314 31458 4532
23 26373 31456 4552
21 26312 31457 4554
22 26362 31454 4532
22 26492 31456 4512
22 26368 31456 4513
22 26394 31457 4516
22 26269 31459 4537
21 26367 31460 4552
23 26422 31453 4550
21 26508 31458 4549
23 26395 31460 4530
22 26465 31456 4532
21 26467 31455 4568
23 26532 31452 4551
21 26470 31454 4531
23 26481 31456 4518
21 26447 31458 4517
22 26378 31460 4553
22 26301 31456 4552
22 26475 31458 4550
22 26532 31457 4531
22 26584 31454 4566
21 26472 31457 4551
23 26322 31456 4551
21 26384 31456 4550
23 26333 31457 4532
21 26296 31460 4533
22 26344 31456 4554
22 26459 31458 4535
22 26569 31457 4551
22 26614 31460 4549
22 26490 31456 4533
21 26397 31455 4552
23 26424 31456 4551
21 26318 31458 4532
23 26300 31458 4495
21 26390 31457 4513
22 26369 31455 4534
22 26467 31457 4533
22 26492 31455 4554
22 26439 31457 4533
22 26379 31459 4532
22 26453 31459 4549
22 26509 31460 4534
21 26585 31459 4551
23 26588 31460 4549
21 26643 31457 4533
23 26624 31463 4532
22 26598 31462 4518
21 26495 31461 4552
23 26585 31456 4550
21 26617 31460 4533
23 26556 31457 4516
21 26574 31456 4549
22 26583 31455 4553
22 26475 31461 4532
22 26494 31456 4513
22 26439 31456 4495
22 26476 31456 4533
21 26474 31457 4517
23 26492 31458 4552
21 26502 31454 4533
23 26469 31458 4550
21 26381 31455 4533
22 26416 31456 4551
22 26541 31451 4550
22 26410 31457 4549
22 26419 31455 4514
22 26458 31457 4529
21 26458 31456 4517
23 26428 31455 4553
21 26515 31454 4553
23 26589 31459 4553
21 26516 31455 4566
22 26367 31458 4532
22 26460 31460 4532
22 26443 31458 4535
22 26521 31454 4550
22 26601 31452 4532
22 26665 31458 4551
22 26605 31458 4552
21 26610 31453 4552
23 26560 31460 4552
22 26521 31457 4549
22 26567 31452 4548
22 26577 31456 4550
21 26592 31457 4552
23 26439 31456 4550
21 26472 31457 4534
23 26541 31451 4495
21 26520 31456 4533
22 26465 31458 4533
22 26433 31452 4551
22 26582 31457 4551
22 26557 31453 4533
22 26540 31455 4533
21 26349 31453 4534
23 26451 31455 4551
21 26486 31456 4550
23 26439 31457 4532
21 26433 31456 4530
22 26453 31454 4534
22 26467 31455 4554
22 26491 31453 4562
22 26497 31454 4517
22 26336 31453 4532
21 26278 31455 4531
23 26328 31452 4534
21 26419 31457 4533
23 26353 31455 4567
21 26515 31458 4530
22 26430 31457 4531
22 26406 31457 4518
22 26376 31458 4572
22 26465 31458 4553
22 26655 31454 4551
21 26668 31455 4550
23 26638 31454 4530
21 26680 31457 4534
23 26530 31459 4549
22 26517 31455 4550
22 26494 31456 4529
22 26578 31453 4515
21 26657 31458 4519
23 26462 31457 4535
21 26468 31461 4552
23 26456 31458 4553
21 26472 31456 4532
22 26435 31454 4533
22 26524 31453 4552
22 26436 31459 4549
22 26608 31456 4515
22 26503 31454 4550
21 26415 31458 4534
23 26455 31457 4553
21 26383 31456 4535
23 26348 31456 4534
21 26393 31458 4549
22 26383 31458 4531
22 26337 31459 4551
22 26339 31457 4551
22 26436 31461 4550
22 26424 31456 4531
21 26366 31458 4532
23 26387 31456 4517
21 26362 31459 4553
23 26540 31454 4569
21 26569 31458 4531
22 26468 31458 4550
22 26566 31459 4550
22 26560 31461 4532
22 26489 31457 4532
22 26577 31457 4548
21 26670 31461 4532
23 26597 31459 4514
21 26507 31458 4572
23 26450 31458 4534
22 26522 31459 4569
22 26463 31458 4532
22 26563 31458 4551
21 26476 31459 4534
23 26455 31459 4551
21 26582 31456 4533
23 26566 31458 4533
21 26425 31453 4530
22 26305 31454 4552
22 26264 31452 4535
22 26246 31456 4571
22 26206 31456 4535
22 26419 31457 4548
21 26399 31457 4551
23 26393 31453 4534
21 26680 31452 4532
23 26783 31453 4531
21 26727 31456 4531
22 26695 31455 4531
22 26775 31459 4536
22 26821 31459 4573
22 26737 31460 4553
22 26610 31462 4547
21 26561 31461 4568
23 26711 31459 4548
21 26959 31457 4553
23 27052 31456 4551
21 27232 31459 4550
22 27306 31455 4513
22 27354 31459 4515
22 27075 31459 4571
22 27021 31457 4553
22 26842 31457 4570
21 26600 31457 4514
23 26573 31455 4531
21 26469 31454 4551
23 26455 31458 4551
22 26525 31458 4551
21 26487 31457 4515
23 26524 31458 4531
21 26423 31454 4535
23 26613 31457 4552
21 26453 31457 4519
23 26542 31457 4552
21 26540 31457 4531
22 26478 31455 4530
22 26387 31459 4533
22 26490 31454 4532
22 26491 31458 4551
22 26598 31456 4531
21 26514 31459 4549
23 26663 31455 4534
21 26704 31455 4550
23 26996 31460 4534
21 26970 31453 4551
22 26947 31456 4551
22 26855 31457 4530
22 26764 31458 4570
22 26622 31457 4515
22 26671 31460 4550
21 26714 31461 4549
23 26832 31457 4550
21 26800 31458 4570
23 26923 31457 4572
21 27038 31458 4550
22 26893 31454 4569
22 26855 31461 4551
22 26754 31455 4532
22 26820 31459 4553
22 26769 31455 4516
21 26887 31458 4513
23 26729 31457 4514
22 26740 31458 4515
22 26633 31460 4533
22 26736 31460 4535
21 26763 31458 4517
23 26619 31456 4531
21 26730 31456 4549
23 26721 31458 4551
21 26648 31459 4551
23 26587 31460 4550
21 26566 31456 4514
22 26554 31457 4533
22 26647 31458 4534
22 26575 31455 4554
22 26525 31461 4534
22 26505 31460 4534
21 26538 31459 4551
23 26455 31455 4530
21 26361 31460 4533
23 26567 31459 4532
21 26547 31453 4534
22 26554 31458 4530
22 26568 31457 4515
22 26437 31456 4535
22 26442 31456 4553
22 26496 31459 4551
21 26665 31455 4532
23 26700 31453 4551
21 26745 31458 4568
23 26771 31454 4532
21 26790 31456 4551
22 26714 31459 4532
22 26821 31458 4514
22 26690 31457 4534
22 26617 31455 4551
22 26562 31457 4534
21 26655 31458 4533
23 26571 31460 4532
22 26654 31455 4533
22 26515 31460 4552
22 26567 31460 4515
21 26416 31461 4533
23 26501 31457 4532
21 26560 31458 4516
23 26590 31460 4534
21 26471 31459 4553
22 26505 31457 4571
22 26478 31458 4552
22 26417 31456 4532
22 26422 31454 4531
22 26356 31454 4552
22 26397 31455 4551
22 26408 31460 4551
21 26296 31454 4550
23 26366 31456 4498
21 26337 31457 4534
23 26269 31456 4534
21 26285 31454 4554
22 26303 31458 4534
22 26405 31459 4533
22 26277 31457 4517
22 26409 31457 4534
22 26423 31453 4552
21 26560 31455 4550
23 26554 31457 4531
21 26629 31455 4533
23 26836 31454 4555
21 26913 31457 4554
22 26986 31455 4552
22 26956 31458 4548
22 26800 31460 4548
22 26852 31461 4569
22 26652 31456 4549
21 26670 31455 4549
23 26626 31457 4568
22 26747 31456 4514
22 26686 31458 4519
22 26627 31459 4552
21 26627 31459 4553
23 26556 31457 4550
21 26602 31456 4551
23 26729 31458 4547
21 26552 31456 4533
22 26411 31455 4552
22 26572 31456 4550
22 26466 31457 4497
22 26486 31459 4533
22 26478 31458 4532
22 26459 31456 4552
22 26434 31458 4534
21 26373 31457 4551
23 26422 31454 4532
21 26394 31455 4569
23 26377 31459 4552
21 26320 31454 4534
22 26270 31457 4515
22 26364 31458 4496
22 26355 31459 4536
22 26431 31460 4552
22 26410 31461 4553
21 26415 31458 4568
23 26656 31458 4531
21 26715 31455 4532
23 26932 31454 4551
21 27027 31455 4532
22 26922 31456 4532
22 26806 31454 4514
22 26704 31454 4496
22 26663 31456 4535
22 26489 31456 4553
21 26471 31455 4535
23 26563 31459 4549
22 26469 31461 4533
22 26579 31461 4551
22 26471 31457 4551
21 26659 31458 4550
23 26474 31457 4532
21 26444 31458 4532
23 26466 31459 4515
21 26572 31457 4551
22 26495 31457 4553
22 26518 31453 4552
22 26291 31458 4532
22 26362 31460 4551
22 26400 31458 4568
21 26222 31459 4533
23 26221 31460 4551
21 26264 31457 4535
23 26368 31460 4532
21 26290 31461 4536
23 26338 31459 4571
21 26330 31460 4554
22 26391 31459 4550
22 26411 31458 4550
22 26300 31464 4550
22 26204 31464 4552
22 26345 31459 4532
21 26496 31460 4550
23 26579 31457 4532
21 26788 31459 4549
23 26770 31459 4552
21 26943 31460 4553
22 26951 31458 4551
22 26967 31456 4532
22 26897 31456 4551
22 26885 31456 4532
22 26753 31455 4535
22 26610 31457 4533
22 26457 31458 4534
22 26455 31458 4497
22 26445 31458 4533
22 26605 31455 4552
21 26502 31460 4572
23 26580 31459 4552
21 26580 31457 4533
23 26534 31459 4552
21 26483 31457 4569
22 26481 31459 4552
22 26440 31463 4515
22 26328 31461 4532
22 26408 31457 4533
22 26365 31457 4517
21 26365 31458 4534
23 26247 31462 4551
21 26279 31459 4534
23 26239 31461 4533
21 26243 31460 4550
22 26298 31456 4570
22 26201 31461 4532
22 26312 31457 4551
22 26152 31458 4515
22 26331 31458 4513
22 26409 31458 4535
22 26572 31456 4534
21 26626 31460 4551
23 26846 31459 4515
21 26829 31460 4551
23 26776 31458 4568
21 26770 31461 4533
22 26778 31456 4552
22 26669 31454 4533
22 26602 31454 4532
23 26596 31455 4516
21 26705 31460 4534
22 26534 31458 4536
22 26568 31458 4552
22 26585 31455 4533
22 26704 31455 4535
22 26679 31459 4551
21 26551 31458 4553
23 26627 31455 4532
21 26559 31454 4531
23 26602 31457 4513
21 26255 31455 4535
22 26484 31454 4552
22 26568 31454 4518
22 26411 31453 4534
22 26479 31454 4550
22 26460 31457 4549
21 26358 31458 4569
23 26342 31455 4552
21 26227 31454 4569
23 26406 31452 4531
21 26422 31453 4515
22 26324 31455 4553
22 26255 31454 4533
22 26122 31454 4533
22 26127 31452 4532
22 26536 31457 4551
22 26632 31455 4550
22 26832 31458 4551
21 26837 31459 4551
23 26985 31458 4550
21 26930 31457 4549
23 26778 31456 4534
21 26758 31459 4553
22 26672 31458 4536
22 26579 31457 4552
22 26578 31457 4550
23 26453 31456 4530
21 26630 31456 4533
22 26588 31460 4550
22 26618 31457 4569
22 26759 31455 4496
22 26520 31456 4530
22 26553 31455 4534
21 26602 31459 4534
23 26585 31457 4533
21 26402 31459 4570
23 26311 31457 4549
21 26226 31456 4549
22 26461 31453 4552
22 26356 31453 4551
22 26356 31456 4532
22 26175 31456 4533
22 26094 31457 4532
21 26186 31459 4552
23 26203 31458 4571
21 26267 31457 4551
23 26511 31455 4532
21 26456 31453 4532
22 26396 31459 4535
22 26527 31457 4551
22 26532 31457 4532
22 26586 31459 4551
22 26901 31451 4530
21 27015 31456 4534
23 26943 31454 4552
21 27002 31455 4536
23 26867 31457 4533
21 26685 31455 4532
23 26406 31458 4530
21 26127 31457 4532
22 25913 31455 4532
22 25772 31458 4551
22 25805 31456 4532
23 25779 31453 4531
21 25939 31456 4517
22 25789 31458 4535
22 25797 31457 4571
22 25791 31456 4533
22 25919 31456 4533
22 26050 31456 4530
21 25953 31454 4552
23 25767 31459 4552
21 25850 31458 4550
23 26217 31461 4533
21 26471 31457 4533
22 26609 31459 4553
22 26585 31459 4535
22 26419 31454 4552
22 26092 31452 4550
22 25845 31458 4570
21 25551 31455 4551
23 25641 31459 4553
21 25746 31459 4552
23 25750 31457 4550
21 25867 31455 4531
22 26172 31455 4552
22 26211 31451 4534
22 26254 31456 4553
22 26187 31460 4533
22 26253 31457 4549
21 26434 31455 4566
23 26317 31457 4533
21 26126 31456 4550
23 25927 31453 4550
21 25556 31457 4513
23 25528 31456 4548
21 25552 31457 4552
22 25611 31456 4554
22 25872 31457 4554
22 25760 31458 4534
23 25645 31458 4552
21 25797 31460 4549
22 26046 31456 4552
22 26124 31454 4533
22 26097 31459 4513
22 26342 31457 4514
22 26315 31455 4534
21 26279 31457 4535
23 26326 31456 4554
21 26458 31455 4554
23 26598 31459 4533
21 26514 31458 4552
22 26693 31453 4551
22 26535 31454 4571
22 26415 31460 4532
22 26401 31458 4513
22 26357 31457 4548
21 26383 31459 4517
23 26676 31455 4536
21 26881 31457 4534
23 26791 31454 4552
21 26712 31459 4532
22 26472 31456 4530
22 26388 31457 4534
22 26440 31458 4551
22 26298 31455 4531
22 26373 31455 4530
21 26399 31457 4513
23 26474 31455 4535
21 26531 31460 4552
23 26412 31461 4552
21 26452 31459 4550
22 26657 31457 4551
22 26865 31457 4531
22 27224 31452 4533
23 27331 31453 4549
21 27372 31454 4532
23 27311 31460 4530
21 27314 31456 4531
22 27319 31456 4553
22 27174 31460 4553
22 26965 31455 4517
22 26506 31460 4532
22 26225 31454 4567
21 26181 31456 4570
23 26359 31459 4549
21 26668 31459 4551
23 26884 31460 4532
21 27020 31456 4530
22 27046 31459 4516
22 26799 31458 4535
22 26626 31459 4552
22 26614 31458 4548
22 26428 31457 4549
21 26105 31456 4532
23 25897 31458 4552
21 25799 31452 4532
23 25649 31459 4549
21 25298 31453 4513
22 24921 31456 4513
22 25006 31457 4536
22 25240 31461 4550
22 25687 31459 4551
22 25869 31456 4532
21 25815 31459 4532
23 25664 31455 4532
21 25450 31458 4533
23 25408 31457 4550
21 25415 31461 4550
22 25528 31455 4513
22 25613 31458 4515
22 25825 31460 4535
23 25891 31460 4554
21 25822 31455 4554
23 25808 31457 4552
21 25492 31458 4550
22 24655 31456 4534
22 23515 31455 4553
22 22410 31458 4532
22 22088 31458 4531
22 22749 31456 4497
21 23987 31456 4536
23 25601 31455 4537
21 26912 31458 4553
23 27384 31455 4541
21 27335 31458 4549
22 27218 31458 4531
22 27060 31457 4550
22 26772 31460 4552
22 26420 31454 4549
22 26121 31456 4532
21 26085 31457 4480
23 26144 31455 4535
21 26536 31451 4554
23 27026 31459 4561
21 27189 31456 4550
22 27271 31456 4532
22 26876 31459 4529
22 26730 31456 4552
22 26399 31456 4533
22 26042 31457 4531
21 25866 31460 4513
23 25583 31460 4534
21 25426 31457 4535
23 25774 31456 4571
21 26029 31459 4552
22 26329 31455 4549
22 26178 31455 4550
22 25864 31458 4516
23 25676 31457 4535
21 25713 31459 4531
22 25735 31458 4496
22 26323 31456 4532
22 27493 31463 4536
22 28752 31457 4572
22 29817 31454 4552
22 29668 31458 4551
22 28969 31462 4553
21 27959 31459 4551
23 27158 31458 4551
21 26311 31461 4550
23 25643 31459 4532
21 25353 31460 4533
22 25471 31456 4514
22 26072 31457 4517
22 26583 31458 4571
22 26945 31456 4572
22 26811 31454 4516
21 26633 31458 4532
23 26364 31459 4515
21 25851 31459 4535
23 25511 31461 4550
21 25378 31461 4531
22 25166 31460 4531
22 25295 31463 4515
22 25373 31457 4554
22 25433 31457 4571
22 25674 31458 4516
21 25950 31460 4549
23 25937 31459 4551
21 26137 31463 4534
23 25994 31462 4550
21 26033 31457 4550
22 26031 31460 4528
22 26018 31459 4531
22 26232 31459 4536
23 26162 31461 4536
21 26293 31458 4535
22 26217 31458 4569
22 26205 31461 4568
22 25938 31458 4548
22 25656 31458 4516
22 25355 31457 4531
22 25251 31459 4532
22 25419 31460 4532
21 25867 31458 4531
23 26499 31457 4552
21 26750 31456 4536
23 26635 31459 4535
21 26679 31458 4532
22 26622 31458 4551
22 26508 31455 4533
22 26629 31455 4551
22 26636 31458 4528
22 26557 31456 4531
21 26421 31452 4514
23 26483 31454 4533
21 26382 31454 4570
23 26449 31458 4553
21 26445 31456 4543
22 26420 31458 4550
22 26270 31461 4551
22 26450 31457 4551
22 26524 31458 4568
22 26499 31454 4552
21 26312 31455 4532
23 26198 31462 4533
21 26032 31459 4536
23 26156 31459 4551
21 26246 31456 4570
22 26548 31457 4533
23 26613 31458 4531
21 26608 31459 4548
23 26461 31459 4552
21 26565 31458 4532
22 26470 31459 4514
22 26463 31458 4513
22 26376 31455 4514
22 26465 31458 4517
22 26358 31456 4554
21 26235 31457 4570
23 26271 31454 4551
21 26214 31455 4533
23 26058 31455 4531
21 26141 31457 4534
23 26206 31456 4552
21 26167 31457 4515
22 26223 31458 4530
22 26294 31458 4535
22 26374 31458 4536
22 26341 31458 4536
22 26375 31455 4534
21 26341 31458 4550
23 26363 31455 4551
21 26394 31455 4533
23 26220 31460 4552
21 26207 31458 4549
22 26221 31459 4514
22 26317 31457 4513
22 26170 31458 4535
22 26101 31457 4535
22 26009 31455 4535
21 25998 31460 4552
23 26082 31455 4531
21 26154 31457 4548
23 26315 31453 4552
21 26365 31457 4532
22 26305 31459 4532
23 26382 31458 4514
21 26448 31458 4532
23 26481 31456 4545
21 26484 31459 4535
22 26400 31459 4553
22 26500 31458 4550
22 26478 31457 4551
22 26437 31456 4533
22 26447 31453 4552
21 26426 31457 4549
23 26330 31459 4530
21 26420 31457 4513
23 26256 31462 4553
21 26248 31458 4553
22 26268 31452 4536
22 26262 31457 4535
22 26333 31459 4531
22 26286 31458 4551
22 26168 31454 4534
22 26235 31453 4533
22 26266 31452 4567
21 26207 31456 4532
23 26187 31452 4531
21 26161 31456 4553
23 26093 31457 4572
21 26232 31455 4570
22 26206 31456 4587
22 26122 31455 4532
22 26071 31454 4529
22 26062 31457 4552
22 26253 31456 4550
21 26302 31459 4568
23 26239 31461 4514
21 26385 31458 4533
23 26453 31460 4554
21 26597 31457 4551
22 26605 31457 4536
23 26544 31458 4550
21 26479 31455 4531
23 26242 31455 4515
21 26238 31454 4553
22 26201 31453 4547
22 26122 31453 4532
22 26144 31452 4513
22 26304 31449 4535
22 26248 31457 4571
21 26254 31453 4553
23 26232 31454 4552
21 26207 31454 4568
23 26157 31453 4550
21 26229 31453 4533
22 26298 31454 4551
22 26260 31454 4550
22 26270 31457 4513
22 26233 31458 4532
22 26186 31458 4553
22 26310 31458 4554
22 26219 31457 4588
21 26301 31453 4534
23 26219 31455 4549
21 26208 31454 4548
23 26072 31458 4534
21 26125 31455 4551
22 26164 31453 4533
22 26115 31458 4513
22 26291 31455 4533
22 26333 31458 4551
22 26184 31456 4554
21 26481 31455 4537
23 26498 31452 4550
21 26444 31454 4549
23 26393 31453 4550
21 26493 31457 4551
22 26354 31454 4551
23 26515 31456 4533
21 26408 31459 4513
23 26239 31458 4553
21 26226 31457 4552
22 26379 31458 4580
22 26389 31454 4536
22 26284 31459 4531
22 26185 31457 4552
22 26246 31457 4551
21 26250 31458 4553
23 26289 31460 4549
21 26200 31456 4532
23 26224 31462 4534
21 26113 31458 4535
22 26224 31456 4553
22 26166 31457 4553
22 26056 31457 4532
22 26190 31455 4550
22 26170 31454 4550
21 26157 31456 4533
23 26312 31456 4532
21 26349 31454 4513
23 26407 31454 4550
21 26468 31455 4513
23 26564 31459 4562
21 26423 31456 4570
22 26407 31457 4552
22 26414 31457 4550
22 26430 31457 4569
22 26465 31457 4569
22 26556 31458 4551
21 26656 31455 4551
23 26507 31459 4495
21 26477 31458 4530
23 26529 31456 4537
22 26522 31455 4554
21 26514 31455 4573
23 26383 31454 4534
21 26410 31454 4532
23 26470 31456 4569
21 26448 31458 4552
22 26396 31455 4534
22 26362 31455 4549
22 26347 31453 4513
22 26426 31454 4480
22 26410 31454 4515
21 26313 31455 4536
23 26342 31458 4554
21 26355 31458 4550
23 26333 31459 4549
21 26251 31458 4548
22 26229 31457 4552
22 26463 31457 4550
22 26459 31457 4567
22 26299 31455 4512
22 26366 31458 4513
21 26250 31458 4535
23 26332 31455 4554
21 26207 31461 4570
23 26311 31458 4550
21 26297 31460 4551
23 26346 31457 4552
21 26267 31460 4533
22 26280 31461 4549
22 26365 31458 4531
22 26290 31461 4532
22 26421 31458 4499
22 26531 31457 4554
21 26594 31458 4582
23 26627 31456 4551
21 26649 31457 4533
23 26584 31456 4551
22 26442 31458 4551
21 26511 31458 4551
23 26469 31459 4530
21 26484 31456 4530
23 26504 31459 4514
21 26450 31457 4555
22 26405 31458 4535
22 26495 31459 4536
22 26539 31460 4552
22 26455 31457 4532
22 26495 31458 4529
21 26384 31460 4532
23 26357 31456 4551
21 26439 31460 4550
23 26374 31459 4531
21 26330 31458 4533
22 26467 31459 4536
22 26431 31461 4537
22 26239 31461 4571
22 26289 31459 4559
22 26386 31457 4549
21 26340 31455 4531
23 26291 31460 4551
21 26283 31457 4550
23 26262 31456 4531
21 26255 31459 4496
22 26288 31458 4514
22 26366 31457 4554
22 26367 31458 4536
22 26387 31457 4553
22 26386 31459 4569
22 26432 31458 4514
22 26568 31457 4569
21 26494 31462 4570
23 26503 31460 4550
21 26606 31457 4512
23 26661 31459 4532
22 26564 31456 4534
21 26519 31458 4535
23 26425 31459 4535
21 26341 31459 4550
23 26578 31459 4532
21 26464 31456 4529
22 26452 31457 4550
22 26363 31459 4531
22 26418 31462 4532
22 26397 31459 4496
22 26452 31461 4496
21 26346 31459 4532
23 26351 31459 4554
21 26404 31458 4535
23 26420 31456 4551
21 26372 31461 4533
22 26374 31455 4549
22 26380 31453 4535
22 26378 31458 4533
22 26479 31458 4531
22 26360 31457 4513
21 26327 31459 4533
23 26248 31458 4572
21 26273 31460 4536
23 26359 31458 4533
21 26249 31456 4549
22 26324 31457 4551
22 26405 31459 4551
22 26327 31456 4571
22 26381 31458 4568
22 26372 31458 4496
22 26513 31454 4495
22 26557 31453 4534
21 26743 31455 4563
23 26669 31455 4545
21 26606 31461 4533
23 26534 31458 4530
22 26562 31458 4550
21 26488 31457 4532
23 26468 31455 4551
21 26516 31458 4514
23 26491 31458 4531
21 26444 31461 4549
22 26507 31459 4554
22 26459 31453 4572
22 26462 31459 4552
22 26430 31457 4552
22 26302 31459 4551
21 26417 31455 4530
23 26439 31459 4550
21 26391 31457 4533
23 26345 31458 4517
21 26255 31454 4531
22 26276 31455 4533
22 26475 31455 4537
22 26426 31454 4537
22 26426 31458 4535
22 26323 31462 4552
21 26238 31457 4570
23 26291 31453 4531
21 26258 31458 4534
23 26272 31456 4516
21 26333 31460 4513
22 26368 31458 4512
22 26489 31457 4533
22 26442 31454 4555
22 26562 31454 4563
22 26512 31455 4551
21 26690 31455 4514
23 26588 31455 4549
21 26512 31460 4552
23 26553 31455 4551
22 26507 31455 4552
22 26477 31458 4496
22 26450 31460 4550
21 26421 31452 4518
23 26486 31458 4536
21 26490 31461 4571
23 26448 31454 4550
21 26463 31458 4531
22 26286 31462 4529
22 26306 31457 4535
22 26389 31461 4532
22 26414 31461 4549
22 26419 31461 4530
21 26440 31457 4517
23 26462 31455 4572
21 26394 31454 4536
23 26314 31457 4561
21 26307 31459 4535
22 26242 31459 4552
22 26314 31454 4534
22 26311 31459 4551
22 26304 31460 4550
22 26297 31454 4514
21 26376 31459 4531
23 26334 31455 4551
21 26384 31456 4536
23 26426 31455 4554
21 26504 31453 4554
22 26556 31455 4550
22 26691 31455 4531
22 26584 31452 4550
22 26727 31456 4551
22 26655 31454 4533
21 26644 31456 4531
23 26601 31457 4531
21 26474 31457 4518
23 26495 31453 4554
22 26584 31461 4552
22 26542 31458 4571
22 26518 31454 4514
21 26446 31455 4529
23 26462 31457 4553
21 26568 31455 4531
23 26565 31454 4533
21 26511 31458 4514
22 26537 31457 4532
22 26315 31459 4535
22 26292 31453 4554
22 26313 31458 4517
22 26356 31456 4567
21 26236 31454 4551
23 26278 31456 4534
21 26175 31459 4553
23 26127 31456 4551
21 26189 31457 4513
22 26403 31456 4512
22 26097 31455 4534
22 25998 31456 4517
22 25989 31459 4556
22 26047 31461 4533
21 26004 31456 4550
23 26219 31460 4533
21 26300 31455 4533
23 26452 31459 4551
21 26570 31458 4550
22 26684 31459 4532
22 26736 31460 4512
22 26413 31458 4537
22 26038 31457 4536
22 25982 31456 4536
21 25802 31454 4516
23 25790 31460 4550
21 25800 31458 4546
23 25674 31455 4534
22 25632 31458 4550
21 25754 31457 4531
23 25942 31456 4513
21 26322 31457 4533
23 26521 31459 4545
21 26560 31456 4555
23 26558 31458 4535
21 26442 31456 4532
22 26540 31457 4532
22 26663 31458 4515
22 26935 31459 4535
22 27058 31457 4550
22 26996 31456 4514
21 26801 31459 4479
23 26523 31459 4534
21 26422 31460 4554
23 26620 31457 4560
21 26709 31455 4588
22 26790 31457 4530
22 26167 31460 4531
22 25361 31455 4517
22 24906 31461 4551
22 24878 31461 4532
21 25525 31458 4513
23 26164 31457 4532
21 26740 31460 4517
23 27107 31455 4556
21 27206 31456 4552
22 27136 31461 4569
22 27020 31457 4532
22 26869 31459 4513
22 26768 31456 4534
22 26841 31458 4550
21 26766 31459 4532
23 26509 31459 4549
21 26490 31459 4515
23 26385 31456 4562
22 26451 31454 4573
21 26496 31457 4570
23 26748 31454 4565
21 26969 31460 4551
23 27131 31459 4515
21 26861 31460 4552
22 26823 31459 4551
22 26764 31457 4529
22 26630 31458 4514
22 26590 31458 4536
22 26334 31458 4555
22 26260 31458 4571
22 26294 31459 4569
21 26502 31457 4570
23 26744 31461 4550
21 26828 31457 4550
23 26809 31458 4531
21 26837 31459 4549
22 26754 31457 4529
22 26695 31455 4516
22 26629 31457 4552
22 26527 31457 4536
22 26488 31456 4588
21 26709 31455 4558
23 26807 31459 4550
21 27007 31461 4529
23 26976 31454 4551
21 27091 31458 4531
22 26723 31457 4534
22 26723 31457 4480
22 26911 31457 4517
22 27043 31458 4520
22 27260 31453 4556
21 27463 31458 4552
23 27499 31454 4531
22 27467 31461 4515
22 27331 31454 4549
22 27059 31456 4552
21 26741 31457 4533
23 26474 31458 4534
21 26333 31455 4498
23 26162 31461 4515
21 26119 31458 4571
22 25907 31457 4571
22 25858 31457 4570
22 26028 31458 4515
22 26262 31459 4532
22 26240 31460 4551
22 26229 31461 4551
22 26280 31462 4532
21 26059 31458 4532
23 26326 31457 4512
21 26431 31457 4535
23 26846 31458 4555
21 27349 31460 4588
22 27520 31458 4552
22 27783 31456 4550
22 27592 31453 4566
22 27424 31458 4516
22 27059 31460 4532
21 26953 31457 4514
23 26833 31457 4513
21 26909 31458 4516
23 26952 31458 4536
21 26692 31458 4537
22 26757 31459 4569
22 26676 31456 4533
22 26819 31462 4550
22 26554 31459 4531
22 26568 31456 4535
21 26559 31456 4550
23 26706 31457 4533
22 26745 31461 4515
22 26688 31459 4503
22 26441 31455 4553
21 26495 31460 4571
23 26572 31459 4568
21 26607 31457 4515
23 26539 31458 4568
21 26616 31455 4533
22 26750 31452 4533
22 27036 31458 4533
22 27689 31456 4496
22 27881 31455 4496
22 27864 31455 4553
21 27543 31453 4554
23 27492 31458 4536
21 27428 31455 4561
23 27253 31454 4550
21 26900 31455 4532
23 26497 31458 4551
21 26073 31456 4534
22 26128 31457 4550
22 26607 31452 4496
22 27027 31454 4531
22 27195 31457 4533
22 26903 31456 4554
21 26418 31453 4572
23 26232 31454 4534
21 26100 31455 4531
23 26275 31458 4530
21 26444 31459 4550
22 26452 31458 4552
22 26587 31457 4515
22 26643 31454 4516
22 26665 31455 4498
22 26605 31458 4554
21 27025 31453 4539
23 27476 31454 4552
22 27977 31458 4533
22 28313 31456 4531
22 28321 31458 4552
21 28560 31454 4533
23 29556 31461 4550
21 31835 31458 4497
23 32767 31459 4514
21 32767 31455 4517
22 32767 31458 4553
22 32767 31458 4568
22 32767 31456 4550
22 32767 31458 4568
22 32767 31455 4547
21 32767 31457 4553
23 32767 31454 4532
21 32767 31457 4531
23 32767 31457 4531
21 32767 31454 4514
23 29761 31455 4535
21 25617 31456 4519
22 22408 31458 4534
22 21416 31454 4534
22 22034 31459 4533
22 23205 31457 4530
22 25343 31451 4553
21 27424 31456 4550
23 28360 31453 4530
21 28059 31457 4531
23 27108 31456 4516
21 25639 31452 4536
22 24618 31452 4571
22 23676 31457 4588
22 23599 31453 4552
22 23749 31454 4550
22 23649 31456 4549
21 23780 31456 4551
23 23864 31456 4532
22 23769 31457 4513
22 23865 31456 4515
22 24009 31457 4534
21 24418 31458 4536
23 24602 31457 4571
21 24692 31455 4571
23 24438 31458 4513
21 23691 31458 4531
22 22937 31459 4514
22 22676 31460 4550
22 23190 31456 4531
22 24081 31457 4530
22 24760 31455 4531
21 25220 31455 4516
23 25143 31455 4534
21 24950 31453 4544
23 25181 31456 4552
21 25020 31457 4551
22 24920 31456 4548
22 24661 31458 4533
22 24948 31456 4552
22 25140 31453 4549
22 26342 31452 4532
22 28282 31458 4533
22 28733 31458 4518
21 27801 31456 4553
23 25012 31458 4572
21 21236 31456 4568
23 17773 31457 4551
21 16362 31456 4515
22 16937 31456 4562
22 18408 31456 4550
22 20156 31456 4514
22 21375 31459 4550
22 22071 31454 4534
22 22412 31453 4554
22 22639 31457 4572
22 22757 31455 4569
22 23053 31457 4548
22 23007 31451 4549
21 23390 31452 4533
23 23656 31456 4552
21 24109 31451 4531
23 24721 31454 4531
21 24776 31453 4516
22 24590 31455 4535
22 24528 31454 4555
22 24478 31454 4571
22 24339 31449 4550
22 24425 31453 4570
21 24283 31455 4548
23 24120 31455 4553
21 24240 31455 4533
23 24504 31454 4513
21 24852 31456 4514
22 25181 31455 4514
22 25466 31458 4526
22 25601 31453 4562
22 25923 31457 4551
22 26311 31454 4551
22 26957 31454 4552
22 27157 31457 4533
21 26820 31455 4533
23 26186 31454 4550
21 25655 31458 4531
23 25132 31457 4497
21 24967 31456 4537
22 24810 31459 4555
22 24467 31456 4572
22 24421 31455 4569
23 24241 31458 4541
21 24242 31457 4532
22 24336 31457 4533
22 24974 31455 4533
22 25676 31456 4550
22 26378 31459 4514
22 26690 31453 4497
21 26836 31459 4517
23 26567 31455 4556
21 26305 31456 4554
23 26035 31457 4569
21 26110 31456 4550
22 26392 31458 4548
22 26857 31456 4533
22 26955 31457 4534
22 26766 31458 4550
22 26513 31458 4512
21 26090 31460 4516
23 26005 31460 4536
21 26020 31457 4554
23 26259 31458 4570
21 26576 31455 4552
22 26645 31456 4533
22 26656 31459 4533
22 26727 31458 4552
22 26808 31460 4551
22 26969 31458 4513
21 27087 31460 4513
23 26759 31455 4533
21 26531 31455 4536
23 25773 31457 4554
21 25542 31454 4553
23 25513 31457 4550
21 25859 31455 4569
22 26088 31458 4552
22 26173 31450 4532
22 26247 31457 4550
23 25994 31457 4532
21 25798 31457 4495
22 25483 31455 4540
22 25295 31454 4553
22 25433 31459 4552
22 25554 31458 4570
22 25746 31451 4549
21 26026 31452 4529
23 26408 31457 4552
21 26707 31457 4551
23 26689 31455 4534
21 26564 31456 4531
22 26425 31452 4531
22 26237 31458 4535
22 26110 31453 4555
22 26132 31454 4554
22 25886 31458 4567
21 25795 31458 4549
23 25960 31449 4549
21 26371 31456 4551
23 27197 31456 4567
21 27531 31460 4512
22 27654 31459 4531
22 27686 31457 4501
22 27218 31459 4554
22 26681 31457 4563
22 25813 31458 4587
21 25199 31459 4532
23 25103 31454 4551
21 25437 31460 4515
23 26271 31455 4568
21 27252 31458 4532
23 28495 31457 4532
21 29463 31455 4530
22 30029 31453 4552
22 29989 31457 4535
22 29634 31457 4553
23 29370 31460 4554
21 28870 31455 4549
22 28392 31458 4530
22 27992 31458 4550
22 27895 31456 4533
22 27656 31460 4512
22 27394 31457 4531
21 27244 31457 4498
23 26585 31458 4519
21 26157 31457 4572
23 25528 31457 4589
21 24860 31457 4562
22 25300 31459 4531
22 25793 31459 4513
22 25780 31456 4533
22 25481 31457 4532
22 24608 31460 4515
21 23380 31458 4514
23 22151 31460 4532
21 21377 31455 4533
23 21408 31460 4537
21 21767 31456 4551
22 22449 31459 4552
22 22936 31456 4533
22 23341 31456 4567
22 23821 31458 4569
22 24748 31461 4533
21 25445 31459 4532
23 25947 31455 4514
21 26219 31461 4553
23 26274 31458 4536
21 25998 31456 4554
22 25815 31455 4552
22 25819 31454 4549
22 25944 31457 4550
22 25892 31457 4533
22 25915 31455 4550
23 25719 31455 4529
21 25853 31455 4531
22 25922 31458 4513
22 25887 31454 4517
22 26077 31454 4537
22 26321 31453 4552
22 26334 31455 4555
21 26526 31455 4549
23 26802 31458 4512
21 27160 31455 4551
23 27639 31459 4552
21 27919 31459 4532
22 28047 31452 4514
22 27846 31455 4517
22 27310 31454 4536
22 26908 31455 4535
22 26132 31453 4569
21 25550 31454 4586
23 25832 31454 4551
21 26565 31454 4533
23 26822 31457 4570
21 26867 31460 4532
22 27493 31455 4533
22 28243 31454 4550
22 29125 31456 4534
22 30081 31454 4554
22 30333 31457 4554
21 29704 31455 4551
23 28708 31460 4550
21 27467 31457 4551
23 26615 31459 4553
21 26172 31456 4552
22 26244 31458 4531
22 26861 31458 4531
22 27434 31457 4513
23 27715 31455 4553
21 28057 31457 4554
23 28130 31459 4566
21 27766 31459 4535
22 27112 31456 4516
22 26421 31457 4513
22 25893 31461 4551
22 25643 31460 4551
22 25901 31459 4531
21 26437 31457 4512
23 27127 31458 4534
21 26880 31458 4517
23 26524 31459 4536
21 26298 31454 4552
22 26373 31457 4534
22 26440 31458 4567
22 26391 31455 4548
22 26170 31457 4534
22 26016 31460 4550
21 26310 31457 4514
23 26540 31459 4532
21 26416 31459 4533
23 26145 31455 4554
21 25646 31456 4536
22 25845 31455 4552
22 26729 31456 4552
22 27482 31460 4550
22 27938 31459 4550
22 27887 31455 4534
21 27378 31456 4549
23 26722 31458 4514
21 25903 31452 4548
23 25917 31457 4534
21 25934 31458 4554
22 26383 31454 4552
22 27075 31461 4543
22 27405 31459 4550
23 27053 31458 4531
21 26478 31455 4533
22 26139 31458 4551
22 26200 31457 4551
22 26746 31461 4532
22 27631 31455 4532
22 28396 31456 4535
22 28243 31454 4536
22 28706 31458 4551
21 28898 31455 4568
23 28901 31459 4550
21 28821 31453 4530
23 28646 31457 4552
21 27821 31457 4533
22 25944 31455 4533
22 24100 31451 4515
22 22440 31459 4516
22 20849 31456 4555
22 20694 31457 4572
21 21585 31459 4552
23 23175 31453 4568
21 24187 31454 4532
23 24715 31456 4551
21 25441 31455 4552
22 26689 31453 4550
22 28482 31455 4530
22 30310 31455 4514
22 32767 31456 4535
22 32767 31455 4554
21 32767 31454 4573
23 32767 31457 4535
21 32767 31461 4531
23 32767 31454 4548
21 27918 31456 4530
22 23006 31457 4532
22 19870 31461 4532
22 19113 31463 4549
23 20186 31460 4515
21 22115 31460 4536
22 23987 31461 4538
22 25861 31458 4553
22 27540 31456 4551
22 28924 31456 4550
22 28998 31457 4531
21 28629 31456 4516
23 27927 31459 4568
21 27436 31455 4513
23 27119 31460 4514
21 27411 31457 4532
23 27965 31454 4545
21 27953 31455 4573
22 27655 31455 4552
22 26312 31455 4553
22 23769 31459 4550
22 21740 31456 4517
22 20848 31454 4553
21 21566 31459 4552
23 23497 31456 4550
21 25635 31457 4514
23 27029 31455 4535
21 27515 31454 4536
22 27242 31457 4554
22 27435 31454 4570
22 28389 31455 4535
22 28657 31454 4532
22 28690 31455 4515
21 28927 31454 4532
23 29397 31456 4550
21 29139 31460 4496
23 27299 31456 4532
21 25811 31463 4518
22 24950 31456 4536
22 25162 31454 4588
22 25811 31454 4550
23 26046 31455 4532
21 25700 31454 4549
22 24779 31457 4551
22 24015 31456 4550
22 23489 31457 4550
22 24475 31452 4532
22 26455 31457 4532
21 28914 31456 4555
23 30487 31451 4554
21 30004 31452 4534
23 28396 31452 4551
21 26689 31459 4550
23 25939 31451 4530
21 25949 31453 4551
22 26226 31455 4535
22 25978 31454 4531
22 25403 31456 4515
22 24779 31455 4518
22 24297 31457 4545
21 25067 31457 4589
23 26541 31455 4570
21 27407 31456 4533
23 27290 31458 4570
21 26310 31453 4567
22 25101 31453 4516
22 24187 31459 4514
22 24062 31456 4548
22 24646 31460 4480
22 25450 31459 4517
21 26296 31457 4536
23 26840 31458 4571
21 26594 31460 4553
23 25762 31455 4531
21 24868 31459 4530
22 24951 31455 4552
23 25381 31459 4554
21 26060 31459 4551
23 26752 31458 4531
21 27054 31455 4498
22 26851 31459 4537
22 26542 31460 4554
22 25566 31462 4535
22 24974 31460 4516
22 24844 31455 4551
21 25648 31459 4516
23 26455 31455 4534
21 27023 31452 4550
23 27831 31454 4515
21 28671 31455 4529
22 28796 31454 4502
22 28231 31454 4518
22 26936 31456 4544
22 25477 31454 4552
22 23973 31457 4552
22 23427 31459 4514
22 23776 31456 4551
21 24802 31458 4526
23 25934 31459 4532
21 26961 31456 4513
23 27708 31460 4512
21 27905 31459 4516
22 27945 31458 4537
22 27616 31457 4585
22 26906 31462 4579
22 26260 31456 4550
22 26177 31460 4529
21 26302 31460 4551
23 26586 31463 4515
21 26744 31460 4549
23 27615 31457 4513
21 28765 31460 4533
22 29583 31458 4553
23 30015 31457 4554
21 30320 31458 4571
23 30932 31457 4549
21 30977 31461 4551
22 30311 31459 4547
22 28864 31460 4551
22 26907 31456 4532
22 25397 31459 4532
22 24271 31458 4531
21 24081 31455 4537
23 24772 31460 4554
21 25726 31455 4570
23 26257 31458 4551
21 25949 31455 4550
22 25917 31454 4552
22 25561 31457 4552
22 25547 31458 4551
22 26536 31456 4550
22 27838 31457 4513
22 28236 31461 4515
22 27986 31462 4517
21 27164 31457 4555
23 26083 31460 4571
21 25770 31459 4569
23 25641 31457 4548
21 25951 31457 4532
22 25763 31459 4569
22 25249 31457 4532
22 24975 31457 4528
22 24517 31459 4530
22 24382 31459 4496
21 25027 31462 4519
23 26501 31460 4555
21 28202 31455 4553
23 29310 31462 4560
21 29505 31456 4569
22 28894 31462 4515
23 27937 31459 4533
21 26840 31457 4532
23 25764 31458 4512
21 24842 31451 4515
22 25265 31455 4517
22 27232 31457 4554
22 28468 31455 4572
22 28314 31458 4554
22 26635 31461 4531
21 25444 31456 4550
23 25308 31455 4550
21 26567 31456 4561
23 27863 31455 4515
21 28326 31459 4530
22 28250 31454 4550
22 28061 31460 4537
22 27766 31462 4556
22 27910 31458 4554
22 28223 31459 4550
21 28377 31460 4515
23 28375 31458 4530
21 27803 31460 4551
23 27095 31457 4569
21 26628 31459 4551
23 27127 31460 4530
21 26874 31457 4497
22 26217 31457 4518
22 25471 31454 4537
22 24045 31455 4553
22 22813 31458 4550
22 23314 31457 4550
21 24598 31458 4530
23 25840 31460 4550
21 26530 31456 4568
23 26324 31458 4532
21 26342 31458 4532
22 27704 31454 4516
23 32153 31457 4536
21 32767 31459 4590
23 32767 31459 4551
21 32767 31454 4548
22 32767 31457 4530
22 25162 31459 4514
22 18222 31454 4516
22 14932 31459 4498
22 15173 31457 4532
21 17894 31457 4496
23 21613 31456 4536
21 25122 31457 4555
23 27863 31460 4571
21 31182 31456 4568
22 32767 31460 4552
22 32767 31457 4550
22 32767 31457 4532
22 32767 31460 4514
22 29960 31458 4531
21 23048 31459 4494
23 17483 31458 4496
21 14970 31455 4519
23 15647 31455 4536
21 18823 31457 4554
23 23094 31457 4570
21 27086 31456 4570
22 29008 31455 4530
22 29188 31457 4533
22 28687 31461 4531
22 28048 31459 4496
22 27798 31454 4533
21 27627 31460 4517
23 27362 31454 4547
21 27308 31456 4571
23 27567 31456 4552
22 28167 31457 4552
21 29698 31457 4532
23 31397 31462 4568
21 31810 31454 4552
23 31634 31457 4532
21 30762 31458 4512
22 30645 31458 4515
22 31714 31460 4516
22 32404 31461 4535
22 32767 31452 4552
22 32401 31452 4534
21 30545 31454 4531
23 28211 31458 4529
21 27111 31453 4552
23 26563 31457 4551
21 25086 31454 4532
22 22808 31454 4528
22 19677 31453 4493
22 17335 31453 4517
22 16351 31459 4537
22 17207 31456 4552
21 19733 31455 4568
23 22844 31458 4534
21 26512 31457 4550
23 29833 31457 4554
21 31811 31455 4532
22 32767 31453 4532
22 32767 31456 4530
22 32767 31455 4535
22 32767 31456 4537
22 31747 31455 4556
22 28841 31453 4535
22 25815 31454 4514
21 23404 31454 4550
23 21245 31455 4568
21 20970 31455 4561
23 24653 31452 4552
22 29943 31455 4533
21 32767 31450 4532
23 32767 31457 4535
21 32767 31453 4536
23 32767 31455 4554
21 32767 31452 4569
22 29257 31457 4546
22 24151 31454 4529
22 17722 31453 4533
22 13969 31455 4514
22 13860 31454 4549
21 16194 31454 4531
23 20167 31453 4513
21 24519 31455 4536
23 28222 31452 4549
21 31419 31452 4554
22 32767 31451 4569
22 32648 31456 4533
22 32727 31459 4548
22 32767 31455 4553
22 32767 31456 4552
21 32767 31456 4532
23 32767 31451 4514
21 32640 31456 4533
23 31303 31461 4535
21 29580 31458 4555
22 28085 31456 4569
22 27301 31457 4551
22 27228 31454 4550
22 28090 31456 4533
22 28586 31455 4551
22 28273 31456 4546
22 26835 31454 4531
21 25344 31453 4494
23 23474 31456 4498
21 20753 31452 4536
23 16504 31453 4572
22 12680 31454 4561
21 11571 31458 4533
23 12629 31454 4549
21 14733 31457 4517
23 16942 31453 4553
21 18950 31456 4532
22 20563 31455 4533
22 21782 31455 4549
22 23434 31457 4517
22 24686 31451 4537
22 25750 31451 4571
21 26029 31455 4561
23 25946 31452 4531
21 25576 31455 4530
23 25449 31452 4551
21 26247 31452 4532
22 27763 31454 4532
22 28882 31455 4513
22 30373 31456 4497
22 32132 31457 4536
22 32767 31458 4572
21 32747 31454 4553
23 30409 31461 4569
21 28433 31456 4533
23 27031 31457 4533
21 25942 31456 4551
22 25253 31458 4531
22 25003 31456 4513
22 24856 31458 4497
22 24040 31458 4518
22 22499 31452 4545
21 20908 31453 4562
23 19413 31452 4569
21 19418 31453 4532
23 20426 31452 4531
21 22661 31454 4552
23 24588 31453 4578
22 25883 31454 4532
21 27176 31453 4531
23 28516 31452 4516
21 28577 31453 4555
23 27665 31452 4536
21 26682 31451 4569
22 25738 31453 4587
22 24728 31455 4514
22 24299 31451 4567
22 24420 31453 4550
22 25071 31453 4553
21 26541 31455 4532
23 28233 31452 4530
21 29454 31458 4533
23 30253 31453 4528
21 31209 31455 4563
22 31973 31457 4572
22 32767 31454 4553
22 32767 31455 4533
22 32767 31454 4567
22 32767 31460 4534
21 32767 31455 4533
23 32767 31458 4532
21 32767 31458 4513
23 32649 31456 4533
21 31454 31457 4545
22 29459 31458 4536
22 26846 31461 4552
22 24218 31454 4549
22 21879 31458 4550
22 20294 31458 4533
21 19410 31459 4518
23 18977 31459 4514
21 18854 31456 4529
23 19784 31456 4532
22 21577 31457 4535
21 24126 31457 4564
23 26911 31457 4573
21 29084 31458 4569
23 30801 31457 4550
21 31358 31455 4530
23 31071 31457 4532
21 30393 31452 4550
22 29403 31455 4532
22 27778 31456 4513
22 26466 31455 4514
22 25277 31453 4537
22 24752 31456 4555
21 24370 31455 4552
23 24121 31454 4541
21 24525 31456 4568
23 25044 31456 4568
21 25618 31451 4552
22 25867 31453 4552
22 25798 31455 4513
22 25502 31453 4497
22 25338 31456 4500
22 25064 31459 4574
21 24748 31456 4552
23 24760 31456 4569
21 24987 31452 4530
23 25191 31455 4550
21 25395 31456 4533
22 26128 31456 4534
22 27132 31455 4531
22 28166 31455 4531
22 28645 31454 4515
22 28429 31457 4517
21 27788 31455 4536
23 26447 31452 4580
21 25589 31455 4566
23 25004 31457 4532
22 25186 31459 4528
21 25667 31456 4552
23 26652 31455 4550
21 27360 31458 4532
23 27552 31456 4479
21 27597 31454 4516
23 27595 31454 4527
21 27706 31455 4554
22 27964 31455 4570
22 27918 31452 4552
22 28149 31455 4550
22 28158 31456 4536
22 27475 31456 4534
21 26642 31454 4532
23 25834 31457 4514
21 24778 31455 4530
23 24561 31458 4534
21 24925 31455 4554
22 25671 31457 4573
22 26377 31455 4551
22 27111 31455 4552
22 27939 31456 4532
22 28975 31455 4550
21 29419 31455 4551
23 29580 31458 4533
21 29016 31457 4505
23 28541 31454 4531
21 28732 31454 4535
22 28540 31454 4537
22 27723 31455 4542
22 26616 31452 4565
22 25129 31456 4550
22 23999 31454 4549
21 23483 31455 4534
23 24028 31457 4551
21 25320 31458 4531
23 27148 31455 4513
22 28822 31458 4516
21 29678 31457 4537
23 29734 31453 4554
21 29094 31454 4571
23 28067 31455 4568
21 28114 31459 4551
22 28289 31456 4534
22 28730 31454 4534
22 28866 31454 4534
22 29085 31456 4514
22 29374 31456 4498
22 28947 31455 4552
22 28012 31460 4554
21 28107 31458 4564
23 28832 31454 4570
21 30238 31456 4552
23 30926 31456 4531
21 30929 31457 4550
22 30417 31455 4531
22 29863 31456 4550
22 28629 31457 4531
22 27560 31459 4515
22 27003 31458 4516
21 26370 31456 4535
23 26172 31457 4570
21 25872 31457 4569
23 25538 31455 4550
21 25040 31456 4546
22 24785 31456 4550
22 24737 31454 4550
22 24947 31457 4532
22 25547 31453 4531
22 26001 31454 4534
21 26884 31457 4545
23 27623 31458 4553
21 27526 31458 4552
23 27456 31458 4550
22 26767 31455 4531
21 26323 31458 4533
23 26448 31455 4550
21 26678 31458 4552
23 26740 31457 4514
21 26369 31456 4513
22 25552 31458 4535
22 24416 31456 4555
22 23987 31456 4554
22 23476 31456 4543
22 23639 31457 4551
22 24730 31457 4549
22 25541 31458 4551
21 26110 31457 4533
23 26327 31454 4533
21 25740 31456 4533
23 24333 31456 4497
21 22784 31460 4554
22 22018 31459 4554
22 22455 31459 4571
22 23474 31459 4568
22 25438 31456 4532
22 27322 31458 4532
21 28634 31456 4534
23 28832 31459 4568
21 28488 31460 4513
23 27676 31457 4513
21 26677 31457 4481
22 26172 31456 4538
22 25654 31462 4563
22 25158 31458 4570
22 25074 31460 4533
22 25157 31456 4551
21 25264 31459 4535
23 25403 31458 4562
22 25616 31457 4551
22 25797 31457 4548
22 25952 31458 4515
21 26103 31458 4535
23 26883 31457 4553
21 27799 31457 4552
23 28220 31457 4588
21 27725 31457 4533
22 26408 31461 4548
22 25063 31459 4515
22 24116 31455 4534
22 23738 31458 4533
22 25061 31460 4531
21 28340 31461 4549
23 32767 31460 4554
21 32767 31460 4564
23 32767 31461 4552
21 32767 31460 4552
23 32767 31462 4529
21 25939 31459 4516
22 17348 31461 4552
22 11633 31464 4551
22 10723 31460 4531
22 13878 31463 4513
22 17807 31461 4532
21 20761 31458 4572
23 23040 31459 4553
21 24579 31461 4570
23 24305 31455 4530
21 22665 31460 4515
22 21578 31459 4534
22 22037 31460 4550
22 23641 31460 4550
22 24707 31458 4515
22 24128 31460 4500
21 23306 31459 4517
23 22805 31460 4570
22 22781 31457 4572
22 23524 31457 4569
22 25119 31456 4551
21 26269 31463 4529
23 27521 31462 4552
21 28740 31460 4533
23 29711 31458 4532
21 29897 31456 4531
22 29973 31455 4515
22 29692 31455 4517
22 28878 31458 4554
22 27845 31457 4552
22 26373 31460 4544
21 24990 31463 4550
23 24413 31462 4530
21 25061 31462 4580
23 27552 31462 4533
21 31607 31456 4548
23 32767 31458 4532
21 32767 31460 4496
22 32767 31459 4537
22 32767 31462 4554
22 32613 31464 4553
22 30622 31462 4551
22 28722 31463 4515
21 27213 31460 4551
23 26042 31462 4552
21 25178 31461 4532
23 25829 31459 4531
21 26603 31458 4512
22 26836 31459 4538
22 27459 31454 4554
22 28041 31458 4590
22 28426 31462 4570
22 28791 31460 4550
21 29654 31458 4513
23 30039 31456 4551
22 29498 31458 4551
22 28076 31457 4549
22 26284 31454 4530
21 24513 31457 4462
23 23222 31457 4536
21 23055 31455 4535
23 22351 31461 4571
21 22550 31460 4567
22 23310 31458 4552
22 25275 31461 4550
22 28066 31457 4570
22 30984 31459 4549
22 32767 31456 4550
21 32767 31454 4514
23 32767 31455 4516
21 32529 31456 4537
23 30066 31455 4556
21 27717 31456 4552
22 26653 31456 4551
22 25978 31458 4550
22 26126 31458 4534
22 26654 31459 4552
22 26921 31456 4551
22 27422 31458 4533
22 27746 31456 4531
21 28299 31457 4516
23 29159 31462 4536
21 30879 31458 4572
23 32479 31462 4553
21 32767 31461 4570
22 32767 31458 4532
22 32149 31462 4532
22 29407 31464 4533
22 26462 31462 4495
22 23833 31460 4496
21 22377 31458 4515
23 21660 31462 4535
22 20940 31459 4573
22 20424 31460 4572
22 19587 31460 4586
21 18729 31460 4532
23 17835 31459 4514
21 18236 31460 4535
23 19805 31461 4550
21 22218 31457 4515
22 24229 31456 4531
22 25559 31458 4533
22 26137 31457 4536
22 25496 31459 4556
22 23893 31457 4543
21 21929 31458 4532
23 20588 31455 4550
21 20574 31457 4550
23 21897 31457 4550
21 23578 31456 4533
22 25058 31461 4513
22 26102 31455 4532
22 26733 31459 4553
22 26857 31455 4526
22 26474 31457 4537
22 26069 31457 4571
22 25293 31460 4552
21 24736 31460 4532
23 25084 31458 4533
21 25586 31459 4552
23 26301 31462 4570
21 26520 31457 4531
22 26401 31461 4513
22 26378 31457 4517
22 26755 31458 4537
22 28042 31458 4571
22 30219 31462 4570
22 32266 31458 4534
22 32767 31458 4548
22 32767 31459 4553
22 31165 31461 4549
22 29169 31462 4512
21 27785 31459 4512
23 27338 31460 4532
21 27767 31457 4537
23 28022 31461 4545
21 27557 31458 4590
22 27000 31458 4552
22 26416 31454 4532
22 26135 31459 4568
22 26006 31455 4578
22 26117 31456 4551
21 25754 31459 4531
23 25954 31459 4512
21 25965 31455 4518
23 25798 31457 4539
21 25693 31456 4562
22 25676 31457 4569
22 25775 31459 4531
22 25911 31456 4551
22 26084 31460 4553
22 26176 31458 4552
21 26358 31458 4533
23 26574 31459 4530
21 26814 31459 4512
23 26516 31459 4536
21 26136 31458 4554
23 25849 31459 4530
21 25892 31457 4571
22 25917 31460 4542
22 26216 31455 4514
22 26421 31459 4552
23 26902 31456 4551
21 27196 31457 4531
22 27355 31457 4530
22 27458 31458 4536
22 27325 31456 4519
22 27063 31457 4573
22 27121 31458 4551
21 27207 31463 4571
23 27132 31461 4531
21 27457 31464 4513
23 27532 31461 4552
21 27505 31461 4533
22 27018 31459 4550
22 26918 31459 4531
22 26265 31457 4498
22 25853 31457 4538
22 25650 31461 4544
21 25825 31459 4552
23 26025 31460 4551
21 26023 31459 4532
23 26093 31460 4534
21 26069 31459 4532
22 25832 31460 4552
22 26038 31459 4549
22 25978 31459 4516
22 26019 31459 4534
22 25945 31461 4554
21 25980 31460 4591
23 26095 31456 4551
21 26085 31459 4533
23 26637 31453 4550
21 27543 31461 4551
22 28177 31458 4550
22 28142 31458 4549
22 27444 31457 4514
22 26318 31456 4511
22 25664 31456 4553
23 25293 31455 4554
21 25260 31457 4553
22 25201 31458 4569
22 25475 31459 4550
22 25550 31457 4548
22 25610 31457 4534
22 25523 31455 4532
21 25522 31460 4534
23 25813 31457 4531
21 26298 31456 4533
23 26324 31455 4537
21 25994 31458 4555
22 25835 31457 4580
22 25674 31457 4569
22 25880 31456 4551
22 25965 31459 4570
22 25905 31458 4533
21 25671 31457 4551
23 25502 31460 4530
21 25321 31459 4531
23 25219 31454 4535
21 25366 31460 4556
22 25619 31458 4571
22 25909 31457 4588
22 26037 31457 4531
22 26124 31458 4531
22 25911 31456 4533
21 25787 31459 4552
23 25983 31455 4533
21 25851 31457 4512
23 26054 31457 4531
21 26064 31459 4536
22 25905 31457 4554
22 25781 31459 4568
22 25798 31458 4551
22 26006 31460 4550
22 26087 31463 4513
23 25722 31459 4533
21 25971 31459 4549
22 25946 31464 4541
22 26225 31464 4513
22 26328 31460 4497
22 26449 31462 4537
22 26403 31458 4549
21 26607 31460 4570
23 26210 31460 4542
21 26064 31460 4550
23 26030 31460 4534
21 25908 31458 4552
22 25904 31457 4534
22 26168 31461 4514
22 26323 31459 4497
22 26258 31456 4518
22 26389 31463 4556
21 26254 31459 4553
23 26159 31459 4550
21 26066 31461 4552
23 26483 31458 4549
21 26541 31459 4532
22 26598 31455 4532
22 26381 31457 4551
22 26170 31461 4512
22 26333 31458 4494
22 26149 31459 4535
21 26107 31454 4533
23 26172 31457 4554
21 26280 31460 4551
23 26113 31455 4533
21 26064 31459 4549
22 25902 31459 4552
22 26049 31457 4550
22 26206 31457 4549
22 26363 31454 4496
22 26414 31456 4497
22 26386 31457 4519
22 26337 31460 4573
22 26757 31458 4572
22 26827 31459 4568
22 26368 31455 4534
22 26146 31458 4530
22 26220 31454 4570
21 26378 31459 4551
23 26528 31461 4532
21 26394 31457 4530
23 26702 31458 4502
21 26506 31456 4519
22 26577 31456 4564
22 26764 31460 4569
22 26552 31456 4558
22 26604 31456 4532
22 26519 31459 4552
21 26598 31458 4551
23 26745 31457 4550
21 26669 31457 4531
23 26459 31460 4530
21 26432 31457 4516
22 26380 31462 4538
22 26426 31458 4553
22 26256 31460 4549
22 26615 31462 4532
22 26688 31461 4547
21 26800 31461 4552
23 26443 31459 4533
21 26278 31463 4530
23 26181 31461 4496
21 26333 31454 4480
22 26563 31461 4519
22 26583 31458 4573
22 26426 31456 4572
23 26330 31459 4570
21 26259 31459 4550
22 26489 31460 4514
22 26479 31459 4535
22 26377 31460 4550
22 26324 31458 4531
22 26221 31461 4529
22 25945 31462 4518
22 25638 31460 4536
21 26075 31460 4572
23 26399 31460 4588
21 26369 31458 4564
23 26424 31457 4532
21 26417 31460 4551
22 26216 31461 4553
22 26131 31462 4551
22 26207 31458 4494
22 26347 31460 4531
22 26462 31457 4554
21 26204 31460 4554
23 26318 31457 4571
21 26312 31458 4569
23 26013 31456 4534
21 26039 31458 4550
22 26015 31458 4533
22 25901 31457 4533
22 26257 31460 4530
22 26365 31460 4513
22 26240 31460 4549
21 26137 31457 4554
23 26030 31457 4536
21 25986 31458 4554
23 25754 31457 4550
21 25626 31458 4550
22 25251 31459 4529
22 24720 31460 4552
22 24564 31459 4552
23 24790 31460 4532
21 25201 31457 4552
22 25968 31455 4516
22 27244 31462 4536
22 28492 31459 4536
22 30147 31460 4551
22 31694 31458 4578
21 31679 31458 4551
23 29981 31457 4531
21 26845 31457 4550
23 23433 31462 4532
21 20222 31457 4532
23 17613 31462 4532
21 15538 31457 4518
22 12863 31461 4526
22 10801 31457 4554
22 9802 31459 4535
21 9603 31455 4552
21 10573 31458 4535
21 11789 31455 4560
23 12289 31460 4552
21 13268 31456 4553
23 14469 31461 4569
21 17011 31458 4532
22 21074 31460 4549
22 24861 31463 4517
22 28967 31460 4546
22 32518 31457 4553
22 32767 31458 4534
21 32767 31458 4549
23 32767 31459 4548
21 29835 31457 4534
23 27256 31460 4550
21 25362 31460 4513
22 24415 31458 4531
22 23760 31458 4518
22 23835 31458 4537
22 24547 31458 4535
22 25594 31459 4570
21 26893 31458 4550
23 28071 31461 4532
22 28831 31460 4532
22 29140 31458 4551
22 28927 31457 4532
21 28285 31454 4531
23 27470 31453 4531
21 26940 31457 4534
23 26371 31457 4529
21 26884 31459 4589
22 27155 31459 4569
22 27503 31455 4558
22 27616 31458 4550
22 27496 31459 4533
22 26835 31462 4533
21 25928 31457 4531
23 25389 31465 4531
21 25080 31458 4530
23 25545 31461 4535
21 26337 31458 4539
23 27194 31459 4590
21 27551 31457 4569
22 27401 31461 4549
22 27040 31457 4532
22 26607 31461 4517
22 26385 31464 4550
22 26180 31462 4548
21 26521 31460 4532
23 26458 31461 4497
21 26310 31463 4535
23 26140 31456 4563
21 25954 31461 4571
22 25804 31456 4568
22 26050 31458 4552
22 26381 31459 4533
22 26939 31455 4552
22 27070 31458 4549
21 27323 31457 4532
23 27295 31456 4513
22 27021 31459 4499
22 26656 31456 4519
