22 26419 9835 14689
22 26420 9828 14676
21 26427 9824 14664
23 26441 9821 14688
21 26424 9821 14684
22 26427 9823 14674
22 26466 9824 14658
22 26532 9831 14720
21 26654 9833 14726
23 26759 9836 14655
21 26800 9844 14651
22 26845 9849 14623
22 26831 9857 14650
22 26800 9865 14613
21 26729 9871 14643
23 26680 9876 14648
21 26618 9880 14651
22 26564 9887 14652
22 26513 9895 14662
22 26505 9896 14651
21 26509 9895 14646
23 26501 9902 14647
21 26497 9894 14587
22 26526 9892 14609
22 26554 9883 14678
22 26568 9882 14675
21 26545 9872 14689
23 26516 9866 14695
22 26489 9861 14697
21 26484 9853 14660
23 26450 9850 14672
21 26444 9843 14678
22 26423 9835 14693
22 26452 9822 14676
22 26462 9820 14656
21 26430 9808 14695
23 26434 9806 14668
21 26411 9805 14714
22 26421 9805 14722
22 26432 9806 14642
22 26468 9806 14606
21 26535 9810 14629
23 26626 9816 14640
21 26751 9817 14645
22 26811 9819 14625
22 26858 9823 14646
22 26848 9828 14638
21 26785 9835 14635
23 26726 9837 14630
21 26666 9837 14667
22 26589 9837 14659
22 26556 9837 14595
22 26472 9836 14598
21 26456 9839 14582
23 26467 9832 14677
21 26494 9836 14675
22 26521 9832 14678
22 26525 9831 14677
22 26532 9832 14677
21 26528 9832 14679
23 26522 9827 14667
21 26498 9829 14671
22 26467 9824 14693
21 26453 9824 14649
23 26442 9829 14673
21 26433 9829 14677
22 26428 9825 14669
22 26410 9832 14720
22 26409 9829 14653
21 26395 9832 14648
23 26419 9836 14613
22 26412 9837 14646
21 26406 9839 14650
23 26413 9841 14624
21 26409 9846 14631
22 26410 9848 14633
22 26417 9851 14637
22 26435 9855 14626
21 26507 9860 14650
23 26606 9863 14645
21 26716 9866 14603
22 26828 9872 14590
22 26873 9885 14673
22 26877 9881 14682
21 26844 9882 14677
23 26772 9890 14674
21 26704 9896 14675
22 26642 9894 14672
22 26619 9903 14696
22 26573 9911 14682
21 26547 9910 14674
23 26514 9913 14678
21 26504 9917 14680
22 26498 9925 14677
22 26511 9931 14674
22 26541 9931 14712
21 26533 9935 14719
23 26543 9944 14613
21 26507 9950 14641
22 26474 9956 14664
22 26472 9955 14628
22 26431 9958 14653
21 26429 9961 14646
23 26388 9962 14623
21 26395 9971 14629
22 26390 9973 14641
22 26380 9968 14640
22 26406 9973 14631
21 26377 9971 14645
23 26381 9972 14673
21 26373 9973 14605
22 26370 9981 14590
23 26383 9976 14700
21 26379 9977 14694
22 26356 9973 14671
22 26360 9980 14691
22 26416 9978 14673
21 26491 9981 14691
23 26592 9980 14697
21 26731 9983 14698
22 26821 9984 14678
22 26858 9988 14691
22 26854 9993 14674
21 26816 10002 14674
24 26739 10006 14732
22 26695 10012 14737
23 26635 10017 14633
23 26569 10015 14650
23 26527 10021 14644
22 26506 10025 14643
24 26488 10023 14620
22 26492 10017 14635
23 26519 10018 14649
24 26511 10018 14643
22 26527 10012 14652
23 26520 10009 14644
23 26496 10005 14649
23 26481 10004 14648
22 26469 9995 14577
23 26418 9994 14582
21 26431 9986 14600
22 26414 9985 14695
22 26408 9984 14687
22 26381 9991 14678
21 26395 10000 14675
24 26403 10007 14674
22 26422 10015 14682
23 26416 10029 14664
23 26423 10036 14673
23 26433 10049 14679
22 26416 10062 14677
24 26441 10078 14671
23 26494 10084 14670
22 26589 10090 14717
24 26706 10109 14640
22 26758 10115 14631
23 26774 10126 14650
23 26800 10135 14606
23 26749 10142 14645
22 26686 10150 14637
24 26635 10159 14647
22 26561 10168 14659
23 26552 10181 14667
23 26470 10187 14669
23 26453 10200 14655
24 26448 10209 14657
22 26455 10220 14600
23 26493 10228 14597
23 26530 10234 14677
23 26521 10240 14698
22 26513 10246 14668
24 26494 10260 14679
22 26433 10267 14675
23 26422 10267 14675
23 26424 10269 14684
23 26392 10279 14679
22 26404 10283 14676
24 26410 10292 14673
22 26416 10292 14696
23 26424 10295 14668
24 26414 10300 14736
22 26424 10307 14720
23 26424 10310 14653
23 26400 10317 14646
23 26415 10318 14667
22 26416 10318 14638
24 26425 10321 14649
22 26428 10317 14630
23 26443 10321 14644
23 26476 10324 14640
23 26569 10325 14647
22 26645 10324 14629
24 26726 10326 14638
23 26796 10325 14641
22 26809 10324 14617
24 26767 10322 14611
22 26716 10318 14683
24 26658 10314 14697
22 26586 10313 14680
23 26543 10302 14697
23 26510 10302 14677
23 26491 10291 14694
22 26475 10287 14692
24 26477 10282 14680
22 26493 10280 14662
23 26505 10273 14695
24 26521 10267 14660
22 26512 10258 14698
23 26498 10256 14734
23 26490 10252 14719
23 26465 10255 14644
22 26447 10247 14653
24 26446 10244 14639
22 26445 10244 14646
23 26430 10235 14647
23 26416 10238 14663
23 26440 10226 14655
22 26437 10226 14644
24 26433 10219 14643
22 26409 10220 14635
23 26426 10219 14648
24 26398 10216 14630
22 26395 10212 14603
23 26420 10214 14582
23 26396 10212 14662
23 26409 10210 14675
22 26411 10201 14691
24 26433 10200 14651
22 26522 10197 14680
24 26622 10191 14691
22 26716 10194 14675
23 26779 10192 14673
23 26779 10191 14696
23 26790 10186 14695
23 26729 10190 14669
23 26659 10189 14698
23 26605 10192 14689
22 26558 10186 14717
24 26517 10191 14629
22 26473 10191 14643
23 26483 10184 14653
23 26486 10174 14647
23 26493 10168 14644
22 26507 10167 14634
24 26505 10168 14648
22 26514 10168 14644
23 26490 10179 14641
23 26492 10195 14649
23 26454 10203 14668
23 26459 10226 14640
23 26433 10244 14612
23 26417 10261 14576
22 26401 10276 14698
24 26418 10289 14679
22 26414 10306 14685
23 26391 10323 14691
23 26416 10340 14696
23 26408 10353 14676
22 26400 10366 14684
24 26423 10377 14680
22 26433 10385 14677
24 26441 10396 14697
23 26419 10405 14704
22 26418 10411 14695
24 26447 10415 14728
22 26481 10420 14742
23 26557 10435 14628
23 26651 10432 14629
23 26718 10436 14624
22 26777 10433 14645
24 26774 10437 14636
22 26726 10445 14643
23 26673 10444 14636
23 26616 10449 14636
23 26541 10454 14650
22 26521 10450 14632
24 26480 10454 14662
23 26462 10459 14653
22 26448 10463 14606
24 26466 10467 14661
22 26495 10462 14698
23 26511 10462 14697
23 26495 10461 14702
23 26503 10467 14663
22 26495 10471 14674
24 26480 10466 14658
22 26478 10468 14697
23 26470 10473 14686
23 26435 10470 14698
23 26436 10475 14683
23 26431 10478 14669
23 26437 10478 14683
23 26425 10484 14722
23 26427 10484 14650
23 26429 10492 14649
22 26427 10490 14649
24 26436 10497 14647
22 26457 10495 14649
23 26462 10501 14646
23 26443 10495 14659
23 26418 10502 14620
22 26423 10501 14646
24 26430 10499 14638
23 26495 10498 14648
22 26590 10501 14644
24 26672 10496 14590
22 26755 10497 14608
23 26782 10491 14572
23 26779 10488 14685
23 26726 10488 14679
22 26680 10488 14673
24 26608 10495 14690
22 26557 10484 14676
23 26562 10483 14679
23 26529 10484 14677
23 26500 10482 14657
22 26486 10483 14682
24 26504 10483 14668
23 26513 10486 14673
22 26531 10483 14705
24 26529 10485 14710
22 26515 10484 14647
23 26489 10492 14668
23 26498 10492 14657
23 26505 10498 14647
23 26482 10500 14664
23 26494 10498 14650
22 26475 10498 14635
24 26445 10503 14652
22 26443 10502 14658
23 26445 10505 14635
24 26426 10510 14652
22 26427 10505 14644
23 26445 10509 14596
23 26435 10510 14577
23 26424 10514 14684
22 26453 10509 14675
24 26444 10511 14672
22 26453 10511 14694
23 26440 10513 14670
23 26453 10513 14698
23 26429 10517 14699
22 26432 10518 14681
24 26451 10523 14695
22 26520 10517 14670
23 26631 10520 14688
24 26732 10520 14674
22 26803 10521 14709
23 26820 10521 14722
23 26808 10531 14620
23 26755 10528 14644
22 26708 10527 14634
24 26639 10521 14646
22 26609 10523 14634
23 26566 10523 14662
23 26509 10519 14644
23 26497 10523 14642
23 26492 10519 14641
23 26519 10518 14658
23 26505 10516 14646
23 26528 10515 14659
23 26537 10515 14614
22 26534 10520 14583
24 26509 10511 14694
22 26501 10511 14659
23 26467 10508 14691
23 26455 10510 14665
23 26432 10508 14696
22 26424 10514 14679
24 26440 10514 14697
22 26430 10517 14697
23 26445 10511 14690
24 26429 10517 14675
22 26453 10515 14694
23 26465 10520 14675
23 26447 10520 14747
23 26434 10520 14736
22 26421 10524 14639
24 26422 10522 14646
22 26450 10521 14638
23 26452 10517 14637
23 26457 10519 14624
23 26437 10522 14651
22 26472 10522 14634
24 26527 10516 14655
22 26582 10517 14651
23 26675 10517 14643
24 26757 10515 14642
22 26784 10519 14627
24 26764 10519 14600
22 26729 10521 14592
23 26692 10516 14625
23 26647 10519 14678
23 26587 10514 14695
22 26492 10523 14690
24 26427 10521 14682
22 26395 10534 14682
23 26372 10539 14673
23 26414 10550 14665
23 26445 10563 14698
23 26496 10578 14680
23 26502 10600 14697
23 26518 10613 14690
22 26513 10636 14669
24 26490 10656 14716
22 26491 10685 14636
23 26469 10704 14647
23 26486 10734 14631
23 26460 10751 14654
22 26436 10776 14644
24 26417 10798 14647
22 26402 10824 14639
23 26394 10847 14638
24 26376 10866 14629
22 26418 10888 14650
23 26421 10912 14643
23 26429 10931 14649
23 26479 10950 14610
22 26490 10967 14598
24 26590 10984 14680
22 26682 11003 14679
24 26756 11024 14680
22 26803 11037 14679
23 26818 11052 14691
23 26788 11071 14671
23 26746 11095 14679
22 26695 11110 14682
24 26625 11122 14680
23 26581 11141 14680
22 26525 11147 14684
24 26477 11167 14661
22 26470 11175 14725
23 26475 11185 14726
23 26470 11194 14653
23 26520 11198 14632
22 26544 11202 14653
24 26539 11206 14650
22 26529 11212 14650
23 26507 11213 14632
23 26500 11228 14650
23 26486 11220 14649
23 26450 11222 14648
23 26430 11218 14651
23 26435 11220 14639
22 26389 11218 14642
24 26390 11217 14593
22 26424 11214 14595
23 26437 11202 14671
23 26403 11202 14701
23 26399 11202 14678
22 26443 11191 14674
24 26514 11192 14678
22 26611 11190 14697
24 26712 11187 14670
22 26794 11183 14680
23 26816 11180 14683
24 26806 11182 14695
22 26772 11181 14678
23 26698 11179 14689
23 26679 11173 14722
23 26630 11176 14683
22 26557 11175 14648
24 26519 11178 14640
22 26519 11181 14650
23 26509 11181 14641
23 26518 11184 14647
23 26556 11182 14652
22 26541 11177 14658
24 26533 11179 14654
23 26520 11181 14655
22 26502 11176 14639
24 26470 11186 14642
22 26461 11172 14658
23 26445 11168 14610
23 26429 11166 14651
23 26404 11161 14667
22 26388 11158 14698
24 26377 11156 14677
22 26373 11162 14671
23 26405 11156 14689
23 26417 11161 14691
23 26413 11162 14702
22 26415 11161 14691
24 26414 11165 14693
23 26424 11165 14678
23 26436 11164 14691
23 26540 11168 14677
22 26641 11165 14725
24 26742 11165 14645
22 26808 11169 14651
23 26859 11168 14655
23 26828 11166 14646
23 26796 11159 14637
22 26730 11160 14648
24 26668 11157 14633
22 26575 11156 14655
23 26555 11158 14651
24 26495 11152 14626
22 26468 11149 14646
23 26480 11152 14628
23 26456 11148 14593
23 26467 11149 14622
22 26473 11152 14703
24 26480 11146 14678
22 26481 11145 14676
23 26452 11142 14697
23 26461 11147 14674
23 26436 11144 14664
22 26400 11144 14703
24 26398 11145 14657
23 26383 11145 14675
22 26378 11147 14686
24 26398 11143 14666
22 26392 11144 14697
23 26404 11138 14714
23 26414 11138 14741
23 26406 11138 14638
23 26408 11141 14651
23 26374 11139 14652
22 26418 11134 14663
24 26460 11129 14639
22 26561 11130 14653
23 26669 11125 14644
23 26778 11125 14654
23 26807 11126 14611
23 26820 11117 14667
23 26779 11120 14631
23 26719 11115 14650
22 26656 11118 14600
24 26616 11113 14609
22 26554 11114 14680
23 26531 11108 14685
23 26472 11107 14696
23 26486 11110 14694
22 26484 11103 14678
24 26493 11106 14692
22 26536 11099 14695
23 26550 11103 14692
24 26562 11099 14681
22 26544 11093 14673
23 26525 11093 14694
23 26512 11095 14658
23 26482 11093 14739
22 26450 11094 14713
24 26421 11094 14646
22 26403 11093 14638
23 26426 11092 14642
23 26440 11091 14645
23 26428 11089 14650
23 26430 11088 14648
23 26498 11088 14654
22 26546 11082 14649
24 26689 11082 14641
23 26786 11080 14645
22 26824 11091 14618
24 26816 11079 14653
22 26786 11086 14604
23 26727 11079 14604
23 26649 11076 14588
23 26622 11078 14673
22 26561 11070 14672
24 26519 11073 14676
22 26497 11076 14684
23 26473 11078 14686
23 26480 11076 14678
23 26517 11078 14697
23 26549 11081 14675
23 26561 11092 14700
23 26537 11092 14679
22 26518 11100 14679
24 26502 11105 14688
22 26475 11109 14707
23 26467 11116 14638
23 26447 11123 14629
23 26428 11134 14648
22 26410 11139 14629
24 26439 11143 14637
22 26444 11153 14643
23 26436 11154 14637
24 26430 11166 14638
22 26437 11168 14646
24 26434 11178 14650
22 26490 11186 14650
23 26579 11188 14639
23 26720 11194 14617
23 26819 11199 14589
22 26889 11205 14689
24 26882 11206 14697
22 26811 11216 14663
23 26761 11221 14678
23 26731 11228 14661
23 26634 11238 14698
22 26623 11249 14675
24 26593 11249 14692
23 26551 11259 14682
22 26535 11270 14678
24 26517 11277 14681
22 26529 11285 14679
23 26532 11288 14714
23 26536 11302 14717
23 26545 11303 14645
22 26553 11301 14652
24 26519 11312 14656
22 26532 11317 14638
23 26488 11326 14641
23 26471 11322 14629
23 26456 11326 14639
23 26451 11329 14644
23 26423 11333 14652
23 26408 11337 14645
22 26408 11340 14640
24 26419 11344 14655
22 26425 11353 14605
24 26445 11352 14611
22 26449 11351 14683
23 26417 11352 14683
23 26421 11356 14696
23 26415 11361 14674
22 26460 11366 14665
24 26553 11369 14697
23 26663 11366 14675
22 26787 11374 14678
24 26849 11375 14671
22 26877 11378 14694
23 26856 11382 14693
23 26809 11382 14692
23 26730 11384 14740
22 26652 11383 14715
24 26597 11391 14650
22 26571 11393 14640
23 26545 11392 14648
23 26518 11401 14636
23 26509 11391 14652
22 26490 11395 14640
24 26516 11395 14653
23 26536 11396 14649
22 26553 11403 14639
24 26544 11401 14632
22 26506 11405 14653
23 26495 11399 14634
23 26476 11400 14574
23 26442 11400 14604
22 26435 11399 14681
24 26431 11399 14681
22 26396 11400 14679
24 26398 11401 14679
22 26398 11401 14679
23 26401 11395 14697
24 26393 11402 14676
22 26413 11400 14678
23 26418 11404 14687
23 26405 11400 14675
23 26420 11401 14652
22 26479 11400 14696
24 26536 11398 14715
22 26636 11395 14715
23 26738 11401 14641
23 26835 11398 14652
23 26838 11402 14647
22 26797 11399 14657
24 26762 11399 14641
22 26682 11402 14654
23 26617 11401 14653
24 26561 11408 14660
22 26511 11402 14653
23 26464 11406 14641
23 26462 11404 14668
23 26456 11405 14631
22 26471 11409 14621
24 26482 11416 14656
22 26504 11411 14679
23 26512 11410 14690
23 26508 11414 14692
23 26519 11416 14680
22 26483 11422 14680
24 26461 11419 14678
23 26433 11423 14694
23 26439 11417 14676
23 26430 11426 14676
22 26438 11425 14693
24 26440 11424 14678
22 26422 11424 14725
23 26422 11430 14726
23 26411 11429 14665
23 26398 11427 14633
22 26464 11430 14647
24 26569 11430 14633
22 26659 11420 14644
23 26782 11422 14653
24 26812 11416 14649
22 26811 11415 14658
23 26781 11412 14649
23 26694 11411 14626
23 26647 11408 14645
22 26589 11404 14638
24 26517 11407 14597
22 26493 11402 14612
23 26457 11400 14696
23 26435 11401 14698
23 26436 11393 14669
22 26443 11393 14679
24 26442 11393 14662
22 26490 11392 14679
23 26494 11398 14670
24 26507 11401 14675
22 26482 11401 14693
23 26474 11398 14673
23 26461 11400 14674
23 26439 11401 14694
23 26421 11404 14723
23 26438 11407 14741
22 26416 11407 14629
24 26416 11407 14647
22 26439 11409 14651
23 26435 11411 14640
23 26439 11403 14649
23 26427 11402 14641
23 26395 11399 14647
23 26411 11394 14636
23 26396 11393 14611
22 26430 11389 14646
24 26384 11384 14643
22 26414 11387 14648
23 26470 11381 14595
23 26588 11385 14594
23 26700 11380 14609
22 26824 11372 14677
24 26859 11382 14677
22 26841 11375 14678
23 26811 11379 14696
23 26739 11385 14677
23 26675 11380 14687
23 26632 11383 14693
23 26556 11383 14659
23 26528 11380 14700
22 26502 11378 14692
24 26471 11380 14688
22 26471 11378 14688
23 26459 11382 14708
23 26506 11383 14640
23 26505 11384 14646
23 26508 11382 14648
23 26487 11382 14652
22 26483 11381 14629
24 26467 11378 14646
23 26454 11378 14651
22 26415 11376 14636
24 26426 11364 14651
22 26414 11355 14642
23 26390 11344 14654
23 26406 11325 14646
23 26379 11308 14604
22 26379 11291 14591
24 26405 11270 14671
22 26405 11252 14680
23 26391 11239 14672
23 26393 11222 14692
23 26399 11208 14672
22 26379 11194 14691
24 26411 11188 14693
23 26412 11173 14680
22 26405 11156 14699
24 26465 11148 14695
22 26576 11139 14654
23 26694 11135 14677
23 26817 11124 14698
23 26869 11115 14725
22 26855 11113 14620
24 26820 11105 14649
22 26752 11108 14634
23 26693 11102 14653
23 26611 11100 14665
23 26553 11090 14655
24 26495 11090 14652
22 26453 11095 14669
23 26444 11096 14661
23 26448 11094 14646
23 26469 11095 14657
22 26494 11102 14639
24 26494 11101 14595
22 26496 11100 14591
23 26485 11098 14701
23 26463 11098 14662
23 26451 11103 14679
22 26419 11107 14677
24 26390 11105 14691
23 26393 11110 14696
22 26373 11116 14689
24 26368 11114 14696
22 26351 11121 14679
23 26382 11128 14693
23 26381 11138 14696
23 26430 11139 14697
22 26439 11140 14739
24 26433 11146 14734
22 26400 11153 14640
23 26403 11164 14649
23 26432 11171 14640
23 26451 11170 14662
22 26529 11175 14632
24 26625 11171 14664
23 26726 11162 14644
22 26809 11154 14661
24 26820 11140 14650
22 26771 11120 14651
24 26724 11101 14659
22 26651 11088 14647
23 26589 11068 14597
23 26512 11056 14617
23 26480 11040 14669
22 26439 11036 14674
24 26419 11012 14678
22 26438 11012 14676
23 26443 11009 14697
24 26472 11006 14669
22 26505 11014 14697
23 26500 11014 14689
23 26504 11021 14690
23 26491 11030 14691
22 26459 11037 14692
24 26421 11049 14675
22 26404 11064 14719
23 26373 11076 14715
23 26363 11098 14652
23 26354 11097 14670
22 26360 11110 14658
24 26399 11112 14633
23 26403 11113 14636
22 26379 11114 14648
24 26385 11114 14634
22 26386 11116 14652
23 26373 11112 14649
23 26467 11109 14643
23 26574 11103 14651
22 26690 11102 14661
24 26773 11096 14601
22 26829 11088 14597
24 26862 11083 14693
22 26792 11080 14678
23 26734 11075 14697
23 26681 11073 14678
23 26574 11075 14678
23 26516 11079 14690
23 26480 11070 14690
23 26444 11075 14672
22 26436 11078 14690
24 26455 11084 14668
22 26453 11095 14674
23 26465 11103 14698
23 26482 11111 14738
23 26473 11124 14718
22 26433 11136 14641
24 26443 11145 14643
22 26435 11149 14658
23 26393 11165 14650
24 26409 11165 14645
22 26382 11172 14660
23 26356 11175 14651
23 26356 11177 14649
23 26355 11181 14639
22 26336 11185 14642
24 26333 11184 14638
22 26329 11190 14647
23 26350 11191 14588
23 26352 11191 14654
23 26368 11186 14697
22 26383 11186 14672
24 26358 11185 14700
22 26387 11172 14701
24 26434 11162 14696
23 26515 11151 14693
22 26621 11137 14676
24 26783 11128 14691
22 26880 11120 14678
23 26904 11117 14675
23 26860 11110 14683
23 26811 11110 14689
22 26724 11109 14738
24 26681 11103 14625
22 26587 11106 14652
23 26541 11103 14645
23 26495 11102 14666
23 26474 11104 14635
23 26442 11102 14647
23 26423 11104 14658
23 26457 11106 14650
22 26476 11107 14635
24 26503 11115 14645
22 26493 11111 14651
23 26467 11118 14631
23 26459 11119 14611
23 26425 11123 14581
22 26426 11129 14592
24 26394 11136 14662
22 26387 11142 14697
23 26369 11156 14676
24 26351 11164 14677
22 26355 11169 14673
23 26356 11175 14692
23 26370 11185 14694
23 26362 11197 14680
23 26367 11193 14679
23 26372 11196 14697
22 26391 11195 14695
24 26386 11200 14692
22 26418 11197 14717
23 26510 11207 14622
23 26620 11206 14635
23 26744 11208 14635
22 26841 11207 14647
24 26877 11204 14637
23 26851 11209 14646
22 26787 11208 14643
24 26698 11204 14656
22 26634 11207 14646
23 26557 11208 14648
23 26512 11210 14635
23 26469 11214 14641
22 26415 11212 14600
24 26412 11217 14600
22 26416 11210 14683
23 26443 11212 14678
23 26452 11199 14697
23 26478 11190 14680
23 26470 11183 14677
23 26473 11182 14658
23 26461 11173 14695
22 26458 11166 14673
24 26439 11164 14698
22 26431 11171 14691
23 26412 11166 14686
23 26396 11166 14674
23 26392 11166 14742
23 26402 11168 14711
23 26381 11172 14652
22 26394 11177 14634
24 26405 11179 14668
22 26406 11186 14643
23 26421 11195 14633
24 26503 11196 14646
22 26603 11198 14642
23 26731 11195 14655
23 26844 11199 14649
23 26888 11204 14644
22 26874 11204 14647
24 26823 11207 14649
22 26760 11208 14595
23 26651 11213 14617
23 26560 11216 14681
23 26511 11222 14701
22 26440 11232 14670
24 26404 11245 14697
23 26407 11250 14671
22 26397 11252 14679
24 26432 11262 14689
22 26463 11264 14668
23 26480 11272 14697
23 26511 11276 14659
23 26490 11277 14678
22 26498 11290 14672
24 26474 11288 14702
22 26441 11294 14722
23 26400 11294 14638
23 26390 11301 14643
23 26378 11302 14648
24 26375 11307 14648
22 26406 11308 14649
23 26398 11312 14641
23 26393 11314 14639
23 26373 11312 14635
22 26381 11315 14650
24 26355 11313 14649
22 26388 11311 14624
23 26382 11308 14650
23 26344 11302 14591
23 26370 11306 14602
22 26458 11305 14643
24 26571 11302 14689
22 26729 11302 14698
23 26881 11292 14669
24 26942 11298 14699
22 26948 11290 14705
23 26921 11287 14696
23 26848 11292 14694
23 26737 11288 14697
22 26674 11290 14674
24 26612 11287 14676
22 26527 11286 14662
23 26475 11287 14686
23 26465 11283 14687
23 26437 11288 14658
22 26456 11282 14643
24 26486 11281 14632
23 26520 11279 14641
22 26536 11279 14641
24 26514 11281 14651
22 26499 11282 14643
24 26472 11284 14647
22 26437 11284 14643
23 26427 11288 14652
23 26414 11285 14656
23 26407 11290 14650
22 26396 11296 14601
24 26401 11296 14607
22 26394 11297 14684
23 26401 11299 14679
24 26402 11307 14665
22 26388 11309 14701
23 26374 11313 14676
23 26393 11319 14673
23 26391 11319 14676
22 26383 11320 14686
24 26391 11319 14696
22 26422 11327 14674
23 26407 11335 14678
23 26461 11345 14698
23 26563 11347 14742
22 26711 11353 14727
24 26841 11352 14638
22 26978 11351 14633
23 27011 11349 14647
24 26962 11348 14630
22 26876 11347 14649
23 26814 11343 14624
23 26699 11345 14649
23 26622 11340 14649
22 26556 11338 14648
24 26483 11335 14655
22 26443 11329 14647
24 26411 11333 14649
22 26429 11326 14613
23 26462 11325 14587
23 26503 11321 14698
23 26522 11323 14679
23 26504 11324 14678
23 26502 11320 14680
23 26476 11319 14654
22 26461 11314 14680
24 26416 11316 14662
22 26426 11310 14694
23 26401 11310 14676
23 26367 11309 14678
23 26367 11310 14694
22 26374 11311 14684
24 26360 11311 14724
22 26393 11310 14709
23 26383 11307 14658
23 26389 11316 14665
23 26399 11305 14678
23 26392 11304 14646
23 26452 11305 14633
23 26561 11311 14641
22 26713 11305 14642
24 26840 11310 14637
22 26908 11310 14670
23 26919 11313 14640
23 26895 11312 14649
23 26785 11311 14646
22 26707 11314 14609
24 26607 11312 14650
22 26499 11309 14688
24 26433 11310 14684
23 26395 11316 14697
22 26388 11317 14678
24 26396 11314 14695
22 26419 11319 14696
23 26467 11312 14662
23 26494 11317 14678
23 26499 11319 14680
22 26492 11319 14693
24 26495 11321 14665
22 26477 11321 14675
23 26458 11317 14722
23 26435 11314 14647
23 26382 11317 14651
22 26376 11317 14668
24 26377 11317 14647
23 26359 11316 14652
22 26350 11315 14663
24 26404 11319 14644
22 26386 11310 14651
23 26394 11311 14651
23 26382 11310 14646
23 26362 11309 14639
22 26364 11310 14654
24 26401 11309 14577
22 26519 11308 14599
23 26651 11309 14678
23 26847 11306 14694
23 26947 11307 14698
23 26983 11308 14689
23 26967 11307 14677
23 26920 11308 14698
23 26823 11309 14675
23 26714 11312 14702
22 26656 11314 14695
24 26577 11311 14692
22 26488 11310 14693
23 26455 11313 14673
23 26461 11310 14734
23 26430 11306 14704
22 26451 11305 14648
24 26485 11307 14640
23 26516 11309 14643
22 26532 11306 14645
24 26536 11305 14657
22 26521 11307 14639
23 26465 11306 14663
23 26459 11307 14669
23 26410 11310 14637
22 26375 11310 14651
24 26373 11319 14641
22 26371 11318 14660
23 26351 11315 14598
23 26369 11322 14616
23 26376 11324 14664
22 26391 11330 14692
24 26381 11330 14677
23 26363 11328 14694
22 26397 11337 14691
24 26370 11334 14679
22 26381 11335 14699
23 26387 11335 14693
23 26389 11336 14675
23 26436 11340 14698
23 26537 11334 14675
23 26734 11335 14681
22 26893 11329 14733
24 27003 11329 14735
22 27061 11334 14647
23 27033 11331 14635
24 26960 11324 14648
22 26853 11325 14614
23 26732 11318 14653
23 26631 11318 14647
23 26553 11319 14647
22 26490 11314 14633
24 26425 11317 14649
22 26427 11307 14650
23 26430 11303 14644
23 26446 11304 14649
23 26493 11298 14612
22 26531 11297 14608
24 26540 11303 14599
22 26569 11295 14679
23 26536 11286 14681
24 26507 11301 14692
22 26451 11301 14666
23 26420 11301 14686
23 26392 11308 14658
23 26352 11312 14674
22 26373 11313 14668
24 26428 11315 14677
22 26407 11317 14699
23 26430 11323 14697
23 26450 11321 14698
23 26458 11321 14720
23 26440 11328 14623
23 26448 11348 14650
23 26457 11372 14634
23 26458 11405 14654
23 26449 11452 14653
22 26518 11502 14662
24 26655 11563 14643
22 26819 11634 14632
23 26951 11699 14665
23 27006 11769 14639
23 26980 11837 14650
22 26901 11908 14633
24 26804 11971 14607
22 26701 12030 14596
23 26605 12093 14693
24 26537 12145 14671
22 26451 12196 14685
23 26418 12240 14694
23 26383 12285 14704
23 26400 12314 14680
22 26434 12338 14679
24 26488 12355 14678
22 26550 12361 14667
23 26553 12363 14699
23 26512 12365 14680
23 26510 12355 14702
22 26478 12346 14720
24 26435 12335 14736
22 26395 12322 14644
23 26383 12298 14646
24 26384 12284 14661
22 26369 12272 14655
24 26377 12252 14640
22 26395 12236 14652
23 26390 12218 14666
23 26439 12206 14653
23 26514 12200 14633
22 26665 12203 14666
24 26809 12202 14651
22 26936 12208 14624
23 26999 12208 14612
23 27003 12210 14583
23 26955 12214 14681
23 26837 12212 14702
23 26714 12215 14676
23 26605 12216 14700
22 26521 12212 14670
24 26445 12203 14679
22 26396 12197 14693
23 26404 12186 14693
23 26390 12163 14703
23 26449 12138 14697
22 26493 12111 14696
24 26535 12084 14677
22 26559 12053 14714
23 26550 12029 14730
24 26507 12000 14617
22 26452 11979 14653
23 26438 11954 14633
23 26423 11931 14669
23 26405 11905 14651
22 26400 11886 14644
24 26390 11861 14653
22 26356 11835 14656
24 26334 11826 14671
22 26352 11813 14639
23 26333 11806 14655
23 26368 11797 14646
23 26420 11790 14606
22 26524 11788 14592
24 26694 11780 14703
23 26871 11779 14671
22 26991 11768 14695
24 27056 11758 14666
22 27048 11747 14675
23 26971 11731 14680
23 26840 11710 14691
23 26732 11692 14703
22 26648 11672 14667
24 26560 11649 14680
22 26495 11628 14676
23 26441 11604 14695
23 26425 11587 14705
23 26401 11555 14682
23 26412 11541 14654
23 26471 11523 14649
23 26506 11506 14653
22 26537 11495 14646
24 26518 11483 14633
22 26490 11473 14649
23 26462 11469 14627
23 26400 11464 14635
23 26382 11461 14646
22 26352 11460 14646
24 26325 11453 14648
22 26354 11461 14647
24 26339 11452 14610
22 26353 11456 14659
23 26379 11450 14700
24 26360 11455 14681
22 26343 11454 14698
23 26371 11449 14667
23 26395 11448 14679
23 26406 11452 14680
22 26512 11452 14683
24 26690 11462 14664
22 26884 11475 14696
23 26994 11489 14671
23 27077 11513 14692
23 27040 11539 14720
22 26940 11566 14715
24 26814 11599 14632
23 26706 11636 14667
22 26597 11665 14640
24 26502 11702 14664
22 26460 11732 14653
23 26401 11761 14670
23 26381 11789 14645
23 26400 11819 14647
22 26427 11846 14650
24 26473 11873 14623
22 26498 11894 14653
23 26531 11915 14639
23 26508 11929 14610
23 26483 11954 14603
22 26454 11964 14690
24 26406 11978 14690
23 26374 12001 14696
23 26370 12000 14675
23 26355 12016 14685
22 26341 12024 14686
24 26349 12032 14693
22 26355 12039 14682
23 26342 12056 14679
23 26396 12052 14675
23 26441 12059 14654
22 26607 12057 14684
24 26772 12061 14713
22 26913 12062 14720
23 26992 12062 14650
24 26988 12060 14641
22 26923 12061 14631
23 26838 12054 14643
23 26711 12052 14638
23 26595 12049 14646
22 26510 12045 14654
24 26421 12045 14650
22 26393 12030 14645
23 26366 12028 14650
23 26390 12018 14652
23 26396 12018 14642
22 26450 12019 14599
24 26475 12035 14587
23 26490 12046 14606
22 26525 12070 14689
24 26475 12097 14677
22 26430 12120 14705
23 26396 12149 14691
23 26367 12178 14697
23 26378 12203 14681
23 26356 12227 14698
23 26367 12251 14697
22 26374 12277 14678
24 26363 12295 14683
22 26372 12312 14679
23 26365 12334 14670
23 26391 12353 14733
23 26478 12374 14634
23 26612 12387 14626
23 26789 12397 14642
23 26979 12419 14655
22 27081 12434 14639
24 27089 12447 14650
22 27021 12461 14653
23 26906 12469 14641
23 26785 12480 14648
23 26668 12488 14652
22 26559 12501 14649
24 26460 12512 14664
22 26397 12523 14604
23 26372 12531 14609
24 26367 12535 14679
22 26385 12546 14679
23 26413 12554 14704
23 26445 12559 14678
23 26470 12569 14673
22 26471 12577 14673
24 26476 12583 14673
22 26468 12596 14679
23 26437 12595 14675
23 26407 12605 14680
23 26387 12617 14697
23 26374 12617 14676
23 26349 12621 14719
22 26347 12630 14740
24 26327 12638 14640
23 26343 12632 14652
22 26337 12636 14644
24 26356 12629 14652
22 26375 12637 14624
23 26362 12625 14652
23 26383 12622 14630
23 26379 12625 14652
22 26374 12622 14650
24 26403 12618 14642
22 26531 12623 14645
23 26716 12624 14651
23 26930 12625 14604
23 27078 12623 14594
23 27123 12621 14684
23 27054 12629 14684
23 26949 12628 14701
22 26807 12625 14672
24 26685 12626 14698
22 26593 12627 14682
23 26539 12627 14677
23 26447 12625 14660
23 26383 12630 14681
22 26370 12638 14674
24 26388 12637 14693
22 26426 12647 14695
23 26474 12645 14717
24 26493 12649 14731
22 26493 12658 14657
24 26488 12657 14645
22 26467 12655 14639
23 26445 12655 14654
23 26413 12650 14651
23 26385 12647 14650
22 26353 12644 14646
24 26344 12640 14652
22 26327 12640 14611
23 26334 12639 14659
23 26333 12628 14626
23 26355 12625 14653
22 26364 12616 14615
24 26358 12608 14610
23 26364 12598 14692
22 26390 12584 14675
24 26420 12582 14695
22 26508 12569 14697
23 26690 12565 14690
23 26873 12561 14700
23 27022 12554 14701
22 27067 12552 14698
24 27003 12543 14694
22 26900 12541 14666
23 26778 12533 14691
23 26679 12533 14673
23 26578 12531 14719
23 26476 12527 14715
23 26399 12529 14648
23 26369 12527 14650
22 26400 12524 14645
24 26419 12521 14653
22 26480 12518 14646
24 26510 12514 14648
22 26540 12513 14650
23 26536 12507 14619
23 26513 12510 14632
23 26484 12500 14632
22 26439 12499 14657
24 26413 12490 14647
23 26354 12495 14594
22 26344 12490 14626
24 26363 12481 14661
22 26332 12484 14676
23 26331 12478 14697
23 26339 12474 14695
23 26345 12470 14704
22 26383 12471 14694
24 26502 12472 14681
22 26687 12473 14698
23 26888 12472 14674
23 27050 12479 14679
23 27101 12475 14672
22 27048 12477 14682
24 26937 12478 14718
23 26808 12488 14660
22 26660 12485 14648
24 26582 12492 14635
22 26477 12492 14655
23 26408 12490 14640
23 26339 12498 14655
23 26324 12501 14652
22 26354 12507 14642
24 26409 12506 14650
22 26462 12505 14631
24 26503 12504 14651
22 26510 12498 14668
23 26491 12487 14643
24 26474 12480 14615
22 26422 12460 14654
23 26402 12441 14673
23 26391 12409 14672
23 26361 12385 14663
22 26322 12353 14700
24 26333 12335 14669
22 26332 12319 14697
23 26326 12303 14682
23 26342 12296 14667
23 26359 12288 14681
22 26365 12290 14690
24 26389 12284 14682
22 26496 12285 14702
23 26661 12279 14722
24 26881 12274 14643
22 27073 12259 14648
23 27176 12246 14645
23 27180 12226 14671
23 27105 12210 14646
22 26956 12192 14650
24 26821 12178 14639
22 26664 12170 14649
23 26558 12169 14621
23 26460 12169 14652
23 26389 12182 14656
22 26335 12202 14653
24 26346 12231 14622
23 26352 12268 14597
23 26413 12300 14587
23 26485 12342 14676
22 26490 12386 14677
24 26486 12433 14682
22 26469 12473 14698
23 26463 12520 14689
23 26412 12558 14661
23 26396 12603 14675
22 26373 12636 14694
24 26357 12668 14691
22 26330 12708 14684
23 26346 12738 14677
24 26360 12767 14687
22 26343 12800 14714
23 26356 12825 14651
23 26356 12853 14651
23 26381 12879 14664
22 26373 12905 14650
24 26379 12934 14641
22 26426 12949 14647
23 26578 12966 14651
23 26793 12980 14667
23 26975 12994 14641
22 27081 13005 14651
24 27113 13017 14617
22 27044 13024 14650
23 26917 13034 14579
24 26792 13042 14615
22 26669 13052 14696
23 26560 13063 14697
23 26450 13080 14697
23 26359 13094 14684
23 26341 13109 14696
23 26339 13124 14697
22 26386 13141 14680
24 26424 13158 14698
22 26457 13175 14681
23 26482 13203 14673
23 26512 13215 14698
23 26502 13236 14679
23 26467 13257 14728
23 26445 13283 14692
23 26404 13308 14651
22 26374 13326 14646
24 26337 13350 14654
22 26331 13364 14639
23 26316 13372 14642
23 26326 13383 14645
23 26305 13390 14652
22 26307 13388 14653
24 26335 13390 14645
22 26418 13388 14657
23 26571 13383 14669
23 26722 13376 14644
23 26888 13361 14591
23 26954 13346 14608
23 26940 13330 14672
23 26855 13314 14695
22 26731 13290 14674
24 26590 13267 14696
22 26470 13232 14677
23 26377 13179 14687
23 26309 13115 14702
23 26253 13043 14676
23 26234 12952 14696
23 26258 12859 14676
22 26298 12759 14679
24 26350 12661 14698
23 26408 12554 14735
22 26420 12460 14733
24 26406 12368 14667
22 26413 12272 14636
23 26393 12183 14651
23 26363 12092 14618
23 26356 12018 14627
22 26343 11940 14632
24 26339 11874 14647
22 26339 11815 14643
23 26340 11756 14646
23 26364 11705 14645
23 26423 11660 14644
22 26557 11615 14642
24 26705 11589 14608
23 26864 11552 14601
22 26952 11516 14626
24 26983 11489 14690
22 26927 11465 14660
23 26813 11442 14690
23 26686 11424 14660
23 26556 11402 14701
22 26442 11380 14676
24 26366 11355 14670
22 26279 11328 14691
23 26280 11299 14675
23 26298 11266 14696
23 26326 11222 14680
24 26396 11182 14682
22 26414 11128 14734
23 26420 11058 14645
23 26393 10983 14647
23 26394 10898 14640
22 26391 10807 14639
24 26365 10709 14647
22 26359 10614 14630
23 26350 10513 14657
23 26329 10417 14631
23 26331 10318 14661
22 26326 10226 14653
24 26375 10131 14637
23 26475 10055 14654
22 26625 9969 14587
23 26785 9900 14599
21 26937 9832 14696
22 27009 9770 14694
22 27015 9714 14679
22 26977 9665 14684
21 26903 9617 14672
23 26792 9574 14661
21 26675 9537 14677
22 26560 9498 14681
22 26450 9464 14680
22 26381 9433 14654
21 26311 9403 14689
23 26275 9375 14675
21 26265 9356 14686
22 26273 9333 14689
22 26287 9311 14636
22 26305 9292 14648
21 26322 9285 14637
23 26342 9267 14657
21 26368 9251 14640
22 26358 9238 14630
22 26347 9227 14636
22 26334 9218 14653
21 26323 9208 14643
23 26285 9197 14647
21 26296 9191 14658
22 26275 9181 14645
22 26235 9176 14648
22 26221 9170 14590
21 26204 9164 14605
23 26201 9158 14675
21 26234 9157 14674
22 26331 9157 14691
21 26467 9155 14653
23 26622 9159 14674
21 26775 9157 14695
22 26890 9155 14661
23 26892 9157 14670
21 26890 9161 14680
22 26818 9163 14700
22 26755 9168 14655
22 26647 9166 14672
21 26554 9170 14674
23 26467 9175 14718
21 26429 9178 14708
22 26384 9182 14625
22 26365 9186 14650
22 26349 9189 14605
21 26371 9195 14655
23 26407 9197 14666
21 26445 9207 14651
22 26450 9209 14627
22 26446 9226 14652
22 26410 9227 14658
21 26403 9236 14622
23 26364 9248 14639
21 26371 9244 14634
22 26345 9249 14588
22 26313 9252 14596
22 26298 9252 14599
21 26320 9255 14676
23 26300 9262 14675
21 26293 9261 14678
22 26283 9257 14655
22 26265 9257 14671
22 26290 9256 14671
21 26314 9257 14671
23 26332 9254 14666
21 26402 9250 14673
22 26501 9250 14697
22 26636 9252 14662
22 26745 9255 14691
21 26826 9252 14702
23 26858 9251 14703
21 26841 9260 14628
22 26801 9254 14658
22 26733 9259 14636
22 26663 9253 14629
21 26588 9248 14643
23 26512 9250 14651
22 26458 9247 14641
21 26397 9244 14634
23 26373 9234 14663
21 26365 9236 14638
22 26342 9232 14645
22 26376 9226 14668
22 26415 9221 14602
21 26443 9220 14588
23 26436 9221 14692
21 26432 9214 14697
22 26420 9221 14679
22 26361 9220 14695
22 26343 9217 14673
21 26317 9216 14672
23 26295 9220 14672
21 26267 9224 14676
22 25875 9224 14673
21 25587 9230 14666
23 25502 9233 14676
21 25564 9237 14697
22 25724 9241 14679
22 25948 9246 14721
22 26123 9244 14727
21 26269 9248 14640
23 26411 9250 14635
21 26572 9251 14647
22 26696 9246 14638
22 26777 9247 14650
22 26792 9252 14631
21 26809 9250 14647
23 26775 9255 14648
21 26699 9260 14630
22 26624 9274 14650
22 26569 9283 14622
22 26509 9290 14646
21 26473 9305 14637
23 26412 9330 14592
21 26383 9346 14604
22 26412 9353 14677
22 26411 9388 14701
22 26407 9405 14656
21 26427 9420 14676
23 26439 9444 14678
22 26454 9465 14692
21 26457 9483 14683
23 26473 9502 14697
21 26467 9516 14694
22 26455 9531 14658
22 26446 9543 14676
22 26428 9555 14679
21 26422 9564 14712
23 26391 9573 14709
21 26389 9583 14638
22 26372 9589 14640
22 26407 9593 14645
22 26461 9598 14649
21 26532 9600 14640
23 26614 9598 14640
21 26686 9603 14629
22 26706 9600 14646
22 26717 9601 14652
22 26682 9603 14650
21 26653 9598 14649
23 26590 9590 14637
21 26555 9584 14640
22 26516 9578 14588
22 26488 9559 14583
22 26462 9547 14673
21 26482 9530 14675
23 26448 9510 14695
21 26453 9493 14695
22 26467 9481 14699
22 26436 9462 14692
22 26437 9455 14672
21 26453 9445 14676
23 26446 9437 14695
21 26452 9429 14677
22 26472 9425 14691
22 26439 9418 14687
22 26410 9412 14693
21 26419 9413 14720
22 26428 9401 14616
22 26410 9400 14648
22 26414 9397 14644
22 26458 9393 14633
22 26503 9388 14659
22 26586 9377 14649
21 26651 9367 14642
23 26694 9371 14627
21 26701 9362 14645
22 26704 9357 14666
22 26656 9355 14655
22 26627 9351 14642
21 26599 9341 14653
23 26534 9332 14599
21 26488 9328 14578
22 26488 9316 14696
22 26466 9304 14692
22 26450 9296 14677
21 26447 9287 14665
23 26454 9281 14695
21 26477 9277 14699
22 26487 9266 14678
22 26503 9276 14678
22 26500 9266 14681
21 26498 9277 14692
23 26487 9290 14685
21 26486 9309 14692
22 26456 9321 14676
22 26429 9345 14704
22 26422 9359 14655
21 26393 9366 14637
23 26410 9384 14651
21 26453 9402 14630
22 26494 9425 14647
22 26537 9454 14638
22 26613 9502 14648
21 26693 9555 14635
23 26721 9614 14628
21 26724 9693 14641
22 26702 9768 14637
22 26652 9847 14651
22 26592 9921 14634
21 26530 9987 14607
23 26484 10053 14605
23 26444 10113 14676
22 26445 10164 14675
24 26428 10207 14682
22 26422 10249 14673
23 26403 10270 14680
23 26422 10288 14678
23 26458 10299 14679
22 26438 10305 14669
24 26456 10305 14678
22 26469 10297 14680
23 26445 10292 14699
23 26424 10285 14679
23 26422 10279 14717
22 26394 10265 14725
24 26382 10254 14643
23 26369 10246 14634
22 26406 10236 14641
24 26474 10224 14647
22 26554 10218 14659
23 26600 10216 14632
23 26649 10217 14633
23 26655 10222 14651
23 26641 10226 14638
23 26613 10243 14653
22 26560 10256 14641
24 26505 10271 14650
22 26464 10282 14598
23 26395 10290 14593
24 26385 10287 14651
22 26418 10283 14667
23 26424 10281 14674
23 26461 10268 14685
23 26478 10245 14668
22 26501 10220 14677
24 26495 10193 14662
22 26518 10161 14675
23 26502 10123 14658
23 26474 10090 14698
23 26453 10060 14685
22 26417 10025 14690
24 26405 9993 14692
21 26378 9966 14720
22 26422 9941 14615
23 26498 9919 14641
21 26589 9900 14647
22 26665 9888 14634
22 26727 9886 14638
22 26773 9903 14647
21 26779 9926 14628
23 26745 9964 14614
21 26733 10016 14633
23 26670 10072 14625
23 26649 10133 14644
23 26578 10187 14650
22 26552 10235 14614
24 26541 10276 14617
22 26508 10307 14679
23 26501 10333 14694
23 26524 10360 14675
23 26539 10373 14659
22 26519 10380 14685
24 26537 10375 14684
23 26523 10368 14673
22 26539 10344 14687
24 26520 10319 14659
22 26530 10290 14678
23 26490 10254 14651
23 26470 10222 14685
23 26440 10186 14735
23 26467 10147 14731
23 26509 10122 14641
22 26534 10086 14645
24 26580 10049 14643
22 26608 10017 14648
23 26610 9991 14651
22 26595 9959 14670
22 26579 9940 14653
21 26547 9915 14645
23 26539 9891 14648
22 26508 9877 14648
21 26475 9857 14649
23 26479 9844 14654
21 26495 9831 14630
22 26513 9820 14601
22 26512 9804 14629
22 26496 9793 14681
21 26486 9780 14702
22 26421 9755 14677
22 26380 9726 14695
22 26315 9692 14674
21 26306 9643 14661
23 26310 9597 14691
21 26337 9549 14672
22 26357 9496 14673
22 26390 9439 14676
22 26391 9386 14678
21 26426 9337 14700
23 26456 9292 14716
21 26497 9256 14704
22 26558 9233 14643
22 26639 9204 14652
22 26717 9188 14630
21 26740 9178 14661
23 26768 9164 14654
21 26730 9156 14627
22 26701 9150 14662
22 26656 9155 14653
22 26634 9143 14651
21 26611 9143 14653
23 26599 9144 14646
21 26564 9145 14641
22 26534 9154 14634
22 26504 9152 14577
22 26517 9162 14597
21 26503 9170 14654
23 26524 9181 14698
21 26545 9197 14685
22 26538 9212 14659
22 26543 9231 14693
22 26570 9248 14678
22 26582 9266 14675
22 26592 9284 14661
22 26581 9300 14671
21 26586 9320 14672
23 26546 9335 14665
21 26553 9346 14676
22 26527 9357 14712
22 26524 9368 14738
22 26500 9380 14617
21 26451 9389 14647
23 26469 9394 14631
21 26493 9402 14633
22 26520 9407 14632
22 26562 9406 14629
22 26584 9406 14632
21 26605 9407 14634
23 26609 9406 14652
21 26605 9407 14643
22 26576 9406 14651
22 26536 9398 14656
22 26516 9392 14641
21 26508 9382 14597
23 26490 9368 14597
21 26480 9346 14697
22 26467 9328 14672
22 26418 9309 14696
22 26430 9292 14697
21 26426 9276 14677
23 26434 9257 14674
21 26426 9241 14678
22 26415 9231 14681
21 26419 9210 14672
23 26425 9194 14670
21 26428 9182 14691
22 26449 9169 14666
22 26560 9155 14678
22 26653 9149 14727
21 26685 9135 14665
23 26705 9137 14615
21 26693 9130 14666
22 26671 9121 14642
23 26610 9121 14644
21 26578 9111 14635
22 26539 9108 14639
22 26534 9104 14637
22 26548 9101 14641
21 26567 9102 14642
23 26605 9099 14650
21 26608 9097 14652
22 26620 9103 14652
22 26609 9107 14597
22 26581 9097 14615
21 26569 9097 14676
23 26564 9105 14694
21 26540 9108 14686
22 26494 9107 14671
22 26446 9114 14675
22 26456 9117 14700
21 26464 9119 14691
23 26456 9123 14677
21 26489 9126 14676
22 26490 9126 14657
22 26480 9127 14686
22 26488 9134 14672
21 26497 9137 14673
23 26522 9142 14709
21 26535 9148 14721
22 26539 9154 14639
22 26575 9166 14624
22 26648 9177 14645
21 26684 9192 14645
23 26670 9210 14648
21 26644 9237 14619
22 26642 9260 14630
22 26652 9300 14651
22 26690 9338 14627
21 26745 9382 14611
23 26826 9429 14646
21 26881 9480 14650
22 26930 9542 14589
22 26958 9587 14594
22 26931 9634 14598
21 26866 9678 14696
23 26797 9714 14669
22 26728 9750 14678
21 26664 9773 14678
23 26591 9794 14697
21 26575 9811 14692
22 26538 9810 14697
22 26551 9811 14678
22 26542 9802 14668
21 26530 9795 14680
23 26491 9775 14668
21 26469 9759 14675
22 26481 9742 14688
21 26501 9725 14683
23 26471 9710 14638
21 26449 9686 14637
22 26472 9672 14622
22 26462 9647 14644
22 26478 9630 14636
21 26488 9612 14646
23 26478 9597 14632
21 26489 9574 14666
22 26510 9558 14639
22 26496 9540 14636
22 26534 9522 14636
21 26565 9513 14651
23 26609 9501 14609
21 26649 9487 14590
22 26704 9476 14685
22 26744 9464 14697
22 26709 9459 14679
21 26696 9444 14674
23 26703 9436 14676
21 26718 9420 14690
22 26729 9403 14688
22 26695 9389 14675
22 26692 9360 14679
21 26681 9334 14677
23 26668 9308 14675
21 26665 9281 14674
22 26639 9259 14668
22 26631 9228 14709
22 26623 9208 14718
21 26634 9188 14625
23 26633 9164 14640
22 26644 9147 14653
21 26605 9136 14639
23 26610 9126 14644
21 26592 9119 14648
22 26607 9116 14635
22 26588 9111 14632
22 26564 9116 14640
21 26572 9115 14659
23 26552 9118 14637
21 26560 9121 14613
22 26551 9124 14649
22 26573 9124 14614
22 26596 9129 14595
21 26623 9126 14679
23 26622 9130 14699
21 26614 9135 14676
22 26599 9138 14656
22 26577 9137 14694
22 26589 9139 14698
21 26549 9134 14666
23 26542 9133 14680
21 26551 9135 14682
22 26548 9130 14695
22 26528 9127 14680
22 26515 9127 14676
21 26516 9121 14719
23 26492 9108 14714
21 26514 9099 14636
22 26514 9086 14659
22 26537 9071 14638
22 26555 9064 14648
21 26532 9052 14660
22 26538 9034 14648
22 26541 9019 14656
22 26537 9005 14645
21 26515 8991 14633
23 26535 8979 14635
21 26511 8970 14649
22 26533 8955 14641
22 26554 8941 14638
22 26553 8932 14596
21 26603 8919 14610
23 26613 8913 14656
22 26640 8903 14681
21 26635 8894 14696
23 26618 8892 14676
21 26611 8882 14667
22 26589 8878 14678
22 26597 8868 14678
22 26590 8864 14679
21 26605 8863 14672
23 26608 8866 14698
21 26612 8857 14695
22 26605 8853 14697
22 26580 8857 14720
22 26592 8855 14723
21 26581 8847 14655
23 26574 8851 14649
21 26593 8854 14635
22 26582 8855 14635
22 26577 8860 14647
22 26554 8864 14664
21 26550 8866 14615
23 26540 8873 14641
21 26521 8879 14632
22 26521 8890 14636
22 26520 8893 14620
22 26523 8901 14645
21 26556 8913 14651
23 26578 8916 14577
21 26584 8928 14618
22 26582 8930 14675
22 26564 8943 14697
22 26574 8955 14675
21 26567 8961 14696
23 26548 8970 14695
21 26525 8982 14668
22 26497 8993 14686
22 26507 8997 14693
22 26526 9009 14693
21 26533 9023 14655
23 26531 9035 14677
21 26531 9043 14678
22 26530 9053 14678
23 26547 9069 14706
21 26537 9078 14724
22 26525 9095 14633
22 26533 9098 14650
22 26522 9115 14639
21 26498 9123 14669
23 26488 9136 14638
21 26454 9141 14649
22 26448 9151 14649
22 26450 9161 14653
22 26450 9172 14653
21 26481 9177 14635
22 26511 9187 14640
22 26535 9195 14642
22 26541 9202 14594
21 26547 9204 14578
23 26530 9209 14691
21 26532 9217 14678
22 26508 9224 14676
22 26510 9232 14659
22 26474 9237 14678
21 26444 9243 14697
23 26398 9247 14672
21 26350 9255 14684
22 26339 9255 14677
22 26340 9254 14691
22 26344 9255 14657
21 26358 9246 14690
23 26376 9240 14697
21 26396 9233 14719
22 26422 9225 14720
22 26424 9228 14659
22 26420 9212 14635
21 26447 9203 14644
23 26481 9204 14649
21 26503 9197 14652
22 26470 9193 14639
22 26440 9192 14644
22 26389 9185 14642
21 26380 9188 14640
23 26352 9190 14646
22 26387 9196 14653
21 26404 9198 14642
23 26447 9208 14587
21 26449 9210 14609
22 26488 9219 14618
22 26488 9228 14666
22 26480 9232 14693
21 26441 9240 14673
23 26441 9249 14666
21 26427 9256 14672
22 26448 9261 14694
22 26430 9274 14676
22 26433 9282 14656
21 26434 9284 14693
23 26455 9288 14674
21 26470 9291 14685
22 26473 9293 14674
22 26481 9292 14672
22 26514 9294 14721
21 26490 9303 14623
23 26511 9302 14656
21 26502 9308 14628
22 26487 9312 14640
22 26476 9312 14643
22 26480 9313 14641
21 26475 9319 14641
23 26470 9323 14643
21 26470 9326 14651
22 26491 9329 14654
22 26488 9334 14636
22 26499 9344 14652
21 26515 9356 14653
23 26507 9360 14600
21 26512 9366 14613
22 26509 9373 14697
21 26482 9387 14659
23 26381 9401 14691
21 26239 9411 14696
22 25981 9422 14689
22 25770 9430 14676
22 25642 9435 14674
21 25447 9435 14692
23 25228 9433 14656
22 25048 9432 14672
21 24966 9436 14677
23 25074 9425 14694
21 25282 9430 14710
22 25448 9425 14716
22 25554 9427 14646
22 25594 9432 14632
21 25622 9438 14637
23 25669 9446 14653
21 25715 9456 14641
22 25870 9467 14644
22 26067 9487 14632
22 26228 9502 14650
21 26352 9520 14646
23 26535 9549 14646
21 26731 9568 14667
22 26912 9596 14645
22 26912 9613 14652
22 26758 9638 14591
21 26550 9653 14609
23 26333 9666 14697
21 26141 9669 14676
22 26061 9664 14658
22 26055 9654 14674
22 26046 9632 14672
21 26097 9586 14678
23 26127 9528 14669
21 26187 9460 14695
22 26251 9383 14702
22 26291 9302 14683
22 26333 9220 14671
21 26337 9136 14672
23 26354 9063 14715
21 26349 8995 14701
22 26325 8940 14642
22 26319 8898 14631
22 26300 8865 14623
21 26284 8846 14633
23 26249 8838 14648
21 26204 8843 14653
22 26207 8850 14618
23 26179 8867 14646
21 26184 8886 14649
22 26169 8914 14635
22 26174 8937 14664
22 26203 8966 14645
21 26195 8996 14639
23 26206 9025 14604
21 26208 9057 14609
22 26229 9085 14609
22 26243 9113 14678
22 26254 9141 14689
21 26275 9166 14693
23 26310 9193 14669
21 26344 9221 14696
22 26380 9251 14677
21 26395 9268 14655
23 26414 9295 14696
21 26411 9317 14678
22 26400 9335 14670
22 26391 9354 14672
22 26354 9367 14675
21 26332 9383 14724
23 26313 9393 14669
21 26315 9401 14657
22 26338 9412 14646
22 26348 9411 14639
22 26355 9410 14619
21 26356 9409 14645
23 26410 9413 14650
21 26517 9418 14607
22 26591 9421 14644
22 26672 9427 14662
22 26733 9434 14630
21 26785 9433 14629
23 26829 9435 14647
21 26841 9434 14603
22 26811 9432 14596
22 26777 9432 14703
22 26739 9423 14696
21 26669 9422 14671
23 26626 9425 14673
21 26589 9425 14694
22 26552 9421 14670
23 26505 9425 14686
21 26462 9428 14679
22 26438 9431 14654
22 26492 9434 14669
22 26523 9437 14692
21 26563 9436 14674
23 26602 9434 14668
21 26649 9433 14697
22 26602 9432 14728
22 26610 9430 14642
22 26541 9430 14623
21 26493 9421 14631
23 26458 9417 14633
21 26334 9417 14637
22 26224 9413 14645
22 26185 9407 14654
22 26180 9407 14642
21 26169 9401 14645
23 26141 9403 14640
21 26165 9398 14650
22 26185 9396 14627
22 26219 9390 14605
22 26249 9384 14600
21 26268 9379 14691
23 26255 9372 14693
21 26231 9371 14681
22 26215 9361 14694
22 26201 9360 14697
22 26217 9352 14694
21 26222 9349 14676
23 26241 9343 14686
21 26295 9342 14694
22 26337 9340 14692
22 26360 9334 14666
22 26421 9333 14699
21 26449 9337 14697
22 26493 9331 14701
22 26553 9337 14715
22 26562 9337 14647
21 26521 9339 14623
23 26477 9341 14621
21 26467 9342 14644
22 26456 9349 14650
23 26486 9347 14613
21 26413 9354 14648
22 26371 9360 14663
22 26396 9368 14655
22 26425 9380 14641
21 26424 9384 14639
23 26413 9398 14649
21 26346 9398 14590
22 26353 9403 14599
22 26352 9404 14650
22 26359 9406 14699
21 26377 9410 14698
23 26388 9425 14681
21 26367 9435 14696
22 26385 9437 14676
22 26399 9446 14675
22 26417 9457 14674
21 26415 9454 14690
23 26480 9459 14694
21 26510 9474 14672
22 26531 9471 14685
22 26543 9483 14690
22 26550 9485 14698
21 26581 9481 14693
23 26584 9488 14662
21 26562 9494 14645
22 26540 9498 14627
22 26505 9494 14635
22 26488 9499 14649
21 26470 9501 14671
23 26426 9490 14632
21 26377 9492 14639
22 26315 9485 14648
22 26276 9486 14636
22 26264 9482 14636
21 26302 9478 14658
23 26294 9483 14651
21 26338 9481 14578
22 26378 9477 14593
22 26473 9468 14677
22 26502 9472 14695
22 26502 9469 14661
22 26496 9467 14694
22 26469 9459 14699
21 26441 9463 14683
23 26394 9465 14698
21 26393 9466 14674
22 26443 9472 14678
22 26467 9470 14693
22 26514 9466 14676
21 26558 9467 14675
23 26601 9470 14716
21 26600 9472 14725
22 26576 9476 14647
22 26539 9475 14649
22 26589 9477 14632
21 26572 9477 14634
22 26543 9475 14633
22 26550 9472 14639
22 26526 9474 14649
21 26545 9472 14619
23 26548 9478 14620
21 26545 9482 14639
22 26542 9486 14625
22 26546 9494 14640
22 26542 9497 14649
21 26543 9497 14599
23 26534 9498 14586
21 26526 9503 14681
22 26504 9501 14692
22 26494 9503 14668
22 26487 9513 14667
21 26457 9516 14696
23 26474 9524 14681
21 26450 9528 14681
22 26448 9524 14700
22 26478 9536 14674
22 26505 9530 14691
21 26562 9525 14667
23 26652 9529 14696
21 26704 9525 14697
22 26708 9518 14717
23 26692 9526 14631
21 26658 9529 14641
22 26647 9531 14661
22 26615 9525 14670
22 26563 9524 14646
21 26460 9514 14622
23 26368 9505 14647
21 26298 9497 14634
22 26310 9494 14639
22 26427 9493 14617
22 26535 9490 14651
21 26631 9492 14653
23 26648 9488 14639
21 26650 9493 14604
22 26594 9487 14602
22 26479 9488 14600
22 26420 9482 14658
21 26342 9482 14673
23 26297 9482 14691
21 26222 9483 14665
22 26134 9480 14673
22 26121 9476 14693
22 26201 9482 14678
21 26322 9487 14661
23 26430 9484 14695
21 26578 9479 14690
22 26708 9474 14693
22 26740 9471 14697
22 26778 9465 14718
21 26779 9464 14720
23 26736 9468 14639
21 26742 9464 14641
22 26712 9455 14645
22 26684 9452 14653
22 26663 9441 14652
21 26601 9437 14650
23 26535 9432 14648
21 26477 9433 14648
22 26448 9436 14645
21 26469 9423 14632
23 26463 9426 14647
21 26446 9429 14649
22 26475 9429 14592
23 26462 9430 14597
21 26482 9425 14695
22 26505 9426 14680
22 26515 9423 14676
22 26510 9417 14673
21 26537 9420 14678
23 26553 9418 14692
21 26538 9417 14660
22 26527 9420 14693
22 26507 9416 14697
22 26466 9417 14685
21 26479 9410 14673
23 26500 9405 14692
21 26575 9404 14676
22 26657 9397 14722
22 26741 9399 14718
22 26791 9397 14641
21 26828 9395 14636
23 26824 9396 14631
21 26795 9394 14650
22 26755 9398 14646
22 26694 9395 14649
22 26654 9401 14646
21 26608 9397 14638
23 26576 9400 14658
21 26561 9404 14647
22 26551 9403 14628
22 26570 9409 14664
22 26599 9412 14589
21 26612 9416 14596
23 26613 9412 14684
21 26647 9407 14697
22 26632 9407 14680
22 26607 9408 14660
22 26544 9408 14670
21 26531 9410 14692
23 26540 9412 14672
21 26543 9420 14669
22 26539 9422 14676
22 26559 9421 14679
22 26542 9423 14669
21 26524 9426 14672
23 26524 9425 14700
22 26547 9422 14722
21 26648 9422 14677
23 26725 9427 14627
21 26858 9422 14667
22 26948 9421 14643
22 26992 9420 14644
22 26960 9417 14645
21 26923 9420 14664
23 26862 9419 14631
21 26781 9416 14653
22 26720 9415 14642
22 26660 9414 14627
22 26625 9420 14640
21 26585 9418 14643
23 26581 9422 14647
21 26603 9425 14584
22 26613 9432 14607
21 26615 9421 14679
23 26643 9425 14682
21 26640 9428 14678
22 26665 9423 14689
22 26650 9430 14664
22 26642 9434 14676
21 26669 9440 14677
23 26812 9438 14658
21 26968 9442 14695
22 27274 9436 14698
22 27779 9437 14697
22 28342 9431 14688
21 28787 9431 14679
23 29005 9432 14721
21 29012 9440 14617
22 28811 9438 14648
22 28477 9447 14658
22 28116 9448 14630
21 27712 9443 14660
23 27342 9456 14650
21 26957 9448 14647
22 26521 9452 14646
22 25830 9455 14669
22 25577 9459 14647
21 25529 9463 14629
23 25595 9468 14642
22 25743 9472 14647
21 25913 9467 14593
23 26129 9468 14601
21 26314 9462 14677
22 26478 9456 14661
22 26667 9455 14694
22 26843 9455 14680
21 26979 9458 14692
23 27059 9457 14679
21 27093 9461 14673
22 27134 9465 14677
22 27101 9465 14665
22 27035 9470 14676
21 26943 9467 14677
23 26860 9468 14695
21 26813 9467 14706
22 26848 9464 14720
22 26907 9472 14648
22 26945 9476 14637
21 26970 9481 14634
23 26958 9482 14639
21 26937 9478 14650
22 26929 9478 14631
22 26932 9475 14641
22 26935 9472 14631
21 26910 9474 14649
23 26857 9475 14645
21 26885 9475 14656
22 26953 9475 14640
22 27090 9479 14646
22 27223 9482 14607
21 27306 9477 14589
23 27430 9473 14694
21 27503 9470 14697
22 27537 9468 14677
22 27518 9458 14667
22 27457 9460 14696
21 27334 9458 14696
22 27159 9450 14659
22 26959 9451 14690
22 26672 9455 14695
22 26374 9459 14671
22 25910 9451 14666
22 25508 9445 14675
21 25362 9447 14680
23 25326 9443 14699
21 25376 9443 14676
22 25557 9448 14652
22 25789 9458 14651
22 25998 9466 14646
21 26192 9479 14643
23 26509 9493 14623
21 27199 9505 14618
22 28019 9520 14646
22 29022 9531 14644
22 29846 9544 14651
21 30128 9560 14652
23 29792 9586 14638
21 29102 9608 14653
22 28214 9640 14607
22 27268 9673 14596
22 26422 9701 14599
21 25841 9726 14690
23 25001 9756 14675
21 24139 9783 14671
22 23962 9807 14688
22 24126 9831 14698
22 24512 9859 14678
21 24978 9880 14662
23 25439 9908 14695
21 25849 9932 14674
22 26223 9955 14688
22 26544 9973 14681
22 26768 9986 14673
21 26865 9998 14709
23 26858 10000 14716
22 26779 10004 14667
23 26774 10001 14639
24 26890 10003 14668
22 27081 10001 14623
23 27238 9999 14656
22 27371 9997 14654
22 27484 9996 14629
21 27705 10000 14638
24 27829 9993 14653
21 27854 9982 14642
22 27741 9969 14634
22 27538 9949 14668
22 27303 9928 14599
21 27073 9916 14605
23 26872 9900 14682
21 26730 9892 14675
22 26617 9888 14677
22 26531 9889 14666
22 26429 9897 14676
21 26356 9905 14680
23 26263 9907 14673
21 26112 9915 14667
22 25918 9919 14672
22 25704 9927 14694
22 25405 9936 14666
21 25274 9944 14672
23 25306 9957 14676
21 25408 9965 14734
22 25597 9983 14710
22 25716 9995 14649
22 25877 9998 14666
21 25985 10000 14637
24 26125 9997 14638
21 26348 9996 14646
22 26775 9994 14631
23 27210 9999 14627
21 27517 10004 14648
23 27605 10011 14645
23 27544 10025 14651
23 27342 10028 14645
22 27084 10038 14641
24 26796 10034 14605
22 26528 10033 14601
23 26187 10021 14672
23 25792 10016 14687
23 25672 10008 14677
22 25643 10001 14679
24 25676 9996 14679
21 25765 9993 14691
22 25850 9987 14673
22 25968 9976 14667
22 26072 9960 14689
21 26187 9945 14677
23 26360 9927 14670
22 26520 9916 14675
21 26633 9902 14715
23 26668 9894 14721
21 26684 9895 14621
22 26632 9886 14646
22 26581 9882 14659
22 26536 9879 14634
21 26473 9870 14634
23 26422 9865 14645
21 26381 9853 14649
22 26354 9851 14623
22 26329 9836 14657
22 26347 9833 14645
21 26372 9830 14664
23 26531 9826 14662
21 26836 9827 14665
22 27180 9825 14620
22 27468 9825 14604
22 27556 9825 14656
21 27540 9815 14684
23 27404 9815 14698
21 27269 9817 14682
22 27108 9823 14675
22 26941 9824 14669
22 26788 9833 14675
21 26684 9840 14677
22 26601 9846 14669
22 26603 9845 14670
22 26638 9851 14696
21 26702 9847 14674
23 26754 9840 14718
21 26759 9834 14715
22 26726 9818 14658
22 26675 9809 14633
22 26623 9794 14630
21 26579 9774 14651
23 26468 9751 14641
21 26314 9728 14636
22 25899 9706 14648
22 25625 9689 14662
22 25575 9674 14637
21 25595 9666 14616
23 25654 9653 14647
22 25807 9644 14646
21 25897 9640 14629
23 25990 9642 14597
21 26053 9641 14591
22 26117 9630 14678
22 26120 9638 14673
22 26116 9636 14691
21 26110 9643 14693
23 26127 9648 14677
21 26174 9656 14693
22 26281 9659 14672
22 26588 9663 14677
22 27043 9672 14695
21 27405 9676 14677
23 27629 9681 14671
21 27745 9685 14674
22 27725 9697 14677
22 27594 9692 14717
22 27422 9695 14713
21 27180 9700 14637
23 26965 9692 14633
21 26791 9692 14643
22 26611 9689 14646
22 26430 9687 14646
22 26202 9684 14620
21 25701 9683 14628
23 25558 9679 14661
21 25518 9679 14632
22 25610 9675 14638
22 25773 9670 14649
22 26001 9669 14647
21 26313 9679 14569
23 26623 9681 14597
21 26889 9684 14678
22 27094 9697 14676
22 27135 9712 14692
22 27095 9728 14675
21 26972 9737 14696
23 26817 9751 14691
21 26665 9759 14681
22 26427 9772 14678
23 26206 9774 14673
21 25987 9786 14677
22 25861 9788 14674
22 25839 9786 14691
22 26001 9791 14677
21 26328 9793 14723
22 26645 9788 14708
22 26886 9790 14649
22 27015 9788 14664
21 27050 9779 14628
23 26995 9775 14637
21 26875 9770 14637
22 26711 9762 14641
22 26549 9754 14630
22 26462 9749 14649
21 26343 9737 14637
23 26254 9730 14643
21 26187 9723 14639
22 26104 9718 14651
22 26042 9724 14598
22 26030 9722 14577
21 26004 9734 14587
23 25991 9736 14700
21 25993 9753 14672
22 25946 9764 14689
22 25966 9788 14696
22 25979 9797 14697
21 26009 9813 14675
23 26074 9829 14678
21 26241 9833 14697
22 26502 9831 14664
22 26933 9841 14677
22 27335 9838 14677
21 27582 9832 14669
23 27680 9826 14686
21 27639 9819 14717
22 27517 9810 14634
22 27394 9802 14633
22 27253 9787 14645
21 27136 9773 14642
23 26992 9757 14640
21 26833 9747 14644
22 26667 9730 14654
23 26524 9712 14624
21 26375 9705 14664
22 25981 9689 14644
22 25533 9679 14657
22 25286 9661 14644
21 25100 9650 14645
23 25108 9640 14605
21 25241 9635 14595
22 25484 9623 14671
22 25718 9622 14697
22 25981 9629 14675
21 26195 9638 14660
23 26360 9649 14675
21 26532 9661 14673
22 26749 9678 14654
22 26887 9698 14697
22 26975 9711 14697
21 27034 9729 14691
23 27058 9750 14696
21 27044 9759 14677
22 27036 9773 14710
22 27044 9785 14701
22 27031 9798 14639
21 26995 9807 14649
23 26951 9811 14632
21 26918 9820 14651
22 26856 9823 14651
21 26798 9824 14618
23 26721 9831 14649
21 26607 9831 14645
22 26356 9825 14627
22 26146 9828 14658
22 26026 9823 14645
21 25994 9820 14642
23 26025 9819 14636
21 26153 9815 14616
22 26377 9816 14610
22 26561 9807 14694
22 26717 9805 14662
21 26822 9801 14677
23 26878 9802 14677
22 26902 9797 14666
21 26884 9800 14694
23 26859 9790 14692
21 26812 9784 14698
22 26764 9782 14697
22 26736 9786 14693
22 26689 9778 14677
21 26630 9776 14675
23 26575 9781 14721
21 26538 9775 14727
22 26512 9773 14636
22 26489 9777 14653
22 26493 9774 14634
21 26509 9778 14646
23 26509 9779 14652
21 26525 9784 14650
22 26566 9782 14621
22 26599 9789 14643
22 26664 9791 14652
21 26659 9794 14631
23 26668 9798 14642
21 26683 9798 14641
22 26661 9801 14643
22 26653 9796 14580
22 26617 9800 14598
21 26590 9794 14617
23 26564 9789 14694
21 26517 9790 14658
22 26527 9789 14693
22 26490 9787 14694
22 26485 9781 14686
21 26477 9781 14670
23 26470 9781 14689
21 26430 9778 14671
22 26426 9778 14662
22 26385 9774 14697
22 26397 9778 14702
21 26407 9768 14677
23 26417 9769 14722
21 26434 9764 14634
22 26409 9768 14631
23 26425 9763 14650
21 26435 9757 14653
22 26452 9755 14658
22 26436 9744 14660
22 26422 9739 14642
21 26408 9737 14655
23 26421 9725 14647
21 26454 9721 14661
22 26484 9720 14636
21 26519 9714 14634
23 26585 9713 14657
21 26615 9714 14597
22 26625 9713 14584
22 26625 9710 14669
22 26606 9718 14697
21 26598 9722 14690
23 26548 9728 14656
21 26523 9734 14674
22 26507 9737 14690
22 26456 9742 14690
22 26460 9742 14670
21 26472 9743 14678
23 26466 9750 14679
21 26470 9753 14686
22 26470 9756 14673
22 26473 9760 14681
22 26445 9770 14727
21 26466 9767 14728
23 26462 9781 14644
21 26440 9772 14641
22 26441 9772 14643
22 26456 9778 14632
22 26445 9768 14648
21 26465 9761 14633
23 26445 9752 14643
21 26456 9743 14644
22 26454 9731 14649
22 26432 9722 14624
22 26455 9714 14647
21 26404 9698 14635
23 26415 9685 14592
21 26445 9672 14598
22 26491 9656 14679
23 26529 9645 14667
21 26580 9630 14692
22 26593 9620 14684
22 26617 9610 14665
22 26611 9604 14677
21 26588 9596 14689
23 26569 9588 14678
21 26529 9596 14655
22 26513 9586 14668
22 26518 9586 14692
22 26509 9586 14684
21 26485 9591 14690
23 26461 9595 14720
21 26464 9596 14725
22 26482 9613 14620
22 26467 9615 14641
22 26474 9623 14655
21 26468 9631 14640
23 26478 9638 14652
21 26483 9655 14646
22 26465 9664 14643
22 26443 9673 14645
22 26433 9685 14661
21 26416 9693 14636
23 26406 9698 14652
21 26434 9708 14647
22 26438 9713 14602
22 26423 9718 14580
22 26434 9724 14648
21 26460 9724 14694
22 26494 9721 14670
22 26484 9719 14672
22 26528 9716 14680
21 26595 9707 14692
23 26654 9701 14672
21 26707 9683 14691
22 26735 9668 14680
22 26724 9644 14655
22 26697 9622 14669
21 26663 9588 14676
23 26621 9559 14671
21 26557 9532 14658
22 26538 9502 14734
23 26534 9475 14648
21 26520 9449 14628
22 26553 9418 14641
22 26579 9387 14649
22 26624 9358 14640
21 26649 9321 14651
23 26667 9287 14654
21 26676 9258 14643
22 26642 9224 14646
22 26611 9198 14656
22 26607 9156 14665
21 26609 9128 14650
23 26561 9110 14643
21 26569 9084 14595
22 26533 9066 14600
22 26512 9049 14672
22 26486 9039 14694
21 26438 9031 14659
23 26440 9031 14694
21 26391 9031 14677
22 26353 9042 14697
22 26330 9056 14666
22 26317 9073 14694
21 26288 9100 14691
23 26269 9133 14652
21 26265 9166 14692
22 26296 9201 14676
22 26346 9241 14721
22 26401 9285 14690
21 26492 9330 14649
23 26578 9372 14638
21 26702 9413 14613
22 26828 9449 14655
22 26899 9481 14649
22 26897 9501 14648
21 26801 9519 14636
23 26732 9523 14653
21 26649 9524 14640
22 26572 9518 14621
22 26529 9506 14660
22 26488 9496 14657
21 26496 9483 14652
23 26476 9477 14609
22 26474 9478 14600
21 26461 9488 14681
23 26418 9499 14689
21 26397 9519 14696
22 26395 9548 14678
22 26384 9582 14668
22 26399 9622 14672
21 26427 9673 14696
22 26422 9717 14679
22 26435 9764 14676
22 26437 9808 14686
21 26441 9858 14668
23 26447 9905 14668
21 26433 9949 14721
22 26444 9988 14726
22 26453 10033 14629
23 26474 10066 14650
22 26508 10091 14624
24 26557 10115 14649
22 26579 10137 14663
24 26581 10147 14640
22 26589 10163 14667
23 26562 10176 14632
24 26543 10183 14651
22 26528 10196 14648
23 26502 10211 14633
23 26463 10212 14629
23 26459 10216 14598
22 26451 10216 14610
24 26480 10214 14603
22 26481 10204 14697
23 26468 10179 14703
23 26436 10158 14663
23 26418 10133 14678
22 26423 10102 14657
24 26441 10071 14691
22 26436 10046 14698
23 26427 10015 14690
24 26412 9990 14696
21 26415 9971 14674
22 26417 9956 14661
22 26404 9949 14654
22 26430 9950 14730
21 26420 9944 14624
23 26403 9949 14643
21 26417 9955 14645
22 26428 9957 14644
22 26429 9970 14659
22 26468 9982 14645
21 26513 10001 14635
24 26536 10017 14638
22 26525 10035 14642
23 26539 10045 14636
23 26541 10055 14649
23 26495 10057 14646
22 26467 10054 14652
24 26449 10065 14611
22 26435 10053 14595
23 26457 10049 14696
24 26448 10055 14677
22 26440 10061 14689
23 26415 10062 14683
23 26412 10066 14674
23 26443 10072 14694
22 26428 10078 14671
24 26464 10088 14678
22 26456 10094 14675
23 26446 10098 14677
23 26438 10107 14695
23 26436 10117 14673
23 26431 10129 14717
23 26419 10139 14705
22 26404 10144 14619
24 26420 10160 14654
23 26423 10171 14649
22 26442 10180 14639
24 26428 10191 14650
22 26408 10203 14637
23 26430 10203 14644
23 26433 10209 14633
23 26472 10214 14657
22 26523 10205 14637
24 26542 10203 14659
22 26554 10204 14654
23 26552 10193 14604
23 26552 10184 14638
23 26561 10171 14675
23 26540 10160 14678
23 26514 10159 14677
23 26484 10148 14675
22 26495 10134 14694
24 26521 10121 14680
22 26521 10096 14682
23 26513 10071 14679
23 26507 10042 14673
23 26506 10011 14678
22 26545 9974 14693
23 26545 9941 14652
21 26515 9908 14714
22 26504 9876 14719
22 26489 9838 14639
22 26483 9803 14638
21 26468 9763 14644
23 26442 9728 14671
21 26438 9690 14636
22 26432 9658 14650
22 26434 9632 14644
22 26433 9612 14645
22 26405 9589 14644
22 26421 9583 14642
22 26411 9564 14648
21 26438 9555 14643
23 26460 9563 14594
21 26481 9552 14609
22 26531 9549 14606
22 26575 9556 14680
22 26576 9555 14696
21 26565 9559 14659
23 26535 9561 14679
21 26541 9566 14689
22 26533 9568 14663
22 26515 9571 14691
22 26502 9572 14691
21 26485 9575 14691
23 26472 9574 14686
21 26466 9579 14677
22 26485 9583 14693
22 26480 9579 14667
22 26458 9587 14708
21 26467 9591 14632
23 26498 9587 14643
21 26513 9587 14617
22 26510 9589 14634
22 26502 9594 14650
22 26475 9601 14637
21 26452 9600 14656
23 26449 9600 14648
21 26449 9605 14659
22 26424 9607 14631
22 26408 9604 14650
22 26421 9597 14627
21 26419 9596 14595
23 26411 9593 14592
21 26402 9586 14696
22 26409 9575 14698
22 26430 9561 14697
22 26451 9556 14679
21 26493 9545 14677
23 26519 9528 14690
22 26557 9519 14672
21 26569 9502 14679
23 26572 9484 14670
21 26573 9468 14665
22 26550 9456 14677
21 26504 9443 14663
23 26519 9418 14694
21 26508 9403 14718
22 26503 9390 14700
22 26474 9375 14616
22 26481 9360 14656
21 26524 9345 14642
23 26515 9328 14628
21 26520 9312 14632
22 26514 9297 14629
22 26494 9287 14653
22 26481 9276 14640
21 26481 9262 14622
23 26464 9252 14647
21 26464 9239 14627
22 26460 9231 14628
22 26443 9223 14649
22 26464 9211 14593
21 26455 9211 14608
23 26477 9203 14676
21 26456 9191 14698
22 26456 9190 14680
22 26466 9191 14698
22 26463 9178 14693
21 26491 9176 14691
23 26532 9173 14676
21 26555 9171 14673
22 26580 9166 14667
22 26583 9160 14670
22 26568 9159 14695
21 26571 9153 14659
23 26541 9148 14727
21 26523 9147 14716
22 26524 9147 14649
22 26492 9143 14639
22 26467 9135 14653
21 26475 9136 14634
23 26476 9130 14615
22 26493 9135 14633
21 26496 9125 14646
23 26507 9121 14634
21 26481 9127 14637
22 26497 9126 14648
22 26497 9125 14643
22 26465 9124 14642
21 26457 9120 14628
23 26454 9122 14602
21 26449 9125 14588
22 26460 9128 14679
22 26492 9119 14678
22 26460 9125 14679
21 26452 9125 14697
23 26457 9126 14696
21 26413 9129 14678
22 26419 9129 14673
22 26435 9124 14675
22 26435 9132 14694
21 26469 9131 14680
23 26507 9127 14690
21 26562 9126 14695
22 26594 9122 14691
22 26622 9128 14724
22 26641 9124 14645
21 26620 9123 14641
22 26629 9123 14609
22 26612 9122 14638
22 26566 9119 14648
21 26569 9115 14617
23 26551 9111 14642
21 26550 9111 14643
22 26528 9113 14639
22 26470 9109 14627
22 26454 9103 14653
21 26444 9101 14651
23 26454 9095 14641
21 26426 9091 14589
22 26414 9091 14602
22 26439 9083 14677
22 26467 9088 14652
21 26452 9087 14672
23 26454 9094 14670
22 26427 9104 14689
21 26441 9119 14698
23 26426 9140 14700
21 26436 9163 14682
22 26437 9182 14668
22 26422 9215 14676
22 26417 9235 14677
21 26421 9258 14663
23 26445 9288 14698
21 26438 9315 14727
22 26422 9339 14678
22 26419 9367 14671
22 26446 9390 14653
21 26484 9409 14637
23 26538 9428 14646
21 26566 9449 14648
22 26585 9461 14624
22 26588 9467 14638
22 26561 9476 14655
21 26559 9481 14644
23 26531 9480 14631
21 26520 9483 14651
22 26520 9478 14654
22 26534 9473 14587
22 26530 9473 14595
21 26500 9459 14689
23 26504 9446 14672
21 26490 9440 14662
22 26523 9432 14672
22 26514 9421 14675
22 26520 9417 14689
21 26517 9411 14679
23 26505 9398 14684
21 26487 9394 14698
22 26505 9393 14673
22 26504 9395 14669
22 26507 9391 14695
21 26520 9389 14666
23 26559 9394 14726
21 26578 9395 14731
22 26580 9398 14629
23 26565 9406 14648
21 26577 9409 14653
22 26575 9415 14642
22 26547 9419 14654
22 26562 9424 14642
21 26556 9436 14653
22 26571 9439 14634
22 26577 9450 14646
22 26572 9464 14644
21 26556 9479 14622
23 26543 9496 14655
21 26581 9508 14608
22 26619 9533 14597
22 26639 9548 14584
22 26627 9559 14674
21 26598 9577 14672
23 26573 9581 14673
21 26546 9592 14663
22 26544 9602 14676
22 26530 9609 14671
22 26519 9616 14665
21 26515 9618 14699
23 26524 9623 14679
21 26533 9627 14682
22 26519 9624 14675
22 26543 9638 14691
22 26547 9635 14675
21 26540 9636 14712
23 26529 9650 14658
21 26528 9651 14629
22 26500 9655 14652
22 26498 9662 14652
22 26472 9669 14635
21 26444 9673 14648
23 26447 9672 14660
21 26444 9673 14647
22 26448 9670 14618
22 26492 9662 14637
22 26504 9653 14635
21 26516 9642 14626
23 26515 9626 14598
21 26520 9609 14608
22 26555 9592 14659
23 26588 9563 14675
21 26605 9548 14695
22 26615 9532 14678
22 26578 9513 14678
22 26597 9501 14672
21 26577 9497 14685
23 26534 9484 14677
21 26542 9483 14665
22 26463 9475 14694
22 26454 9469 14680
22 26443 9460 14686
21 26429 9445 14658
23 26429 9434 14715
21 26466 9414 14727
22 26485 9399 14615
22 26507 9383 14628
22 26526 9367 14639
21 26544 9366 14650
23 26543 9359 14656
21 26529 9362 14645
22 26523 9379 14655
22 26503 9399 14648
22 26484 9431 14645
21 26489 9472 14633
23 26440 9518 14647
21 26444 9573 14629
22 26440 9648 14629
21 26457 9740 14581
23 26460 9852 14595
21 26457 9979 14702
22 26451 10120 14660
23 26456 10276 14679
23 26472 10435 14671
23 26519 10581 14670
23 26593 10711 14687
23 26645 10818 14678
23 26658 10898 14678
23 26671 10947 14686
22 26649 10965 14658
24 26627 10963 14677
22 26602 10946 14691
23 26580 10911 14702
23 26564 10863 14730
23 26550 10818 14654
22 26530 10762 14641
24 26545 10710 14654
22 26544 10652 14648
23 26559 10601 14633
24 26551 10544 14642
22 26562 10495 14667
23 26526 10446 14655
23 26540 10406 14647
23 26529 10371 14659
22 26483 10336 14637
24 26482 10298 14642
22 26466 10263 14599
23 26452 10229 14609
23 26462 10198 14683
23 26458 10183 14691
22 26436 10167 14677
24 26451 10171 14663
22 26457 10177 14671
23 26459 10196 14656
24 26445 10233 14674
22 26472 10268 14697
24 26472 10304 14673
22 26501 10349 14696
