22 30477 26311 3693
22 30623 26309 3691
22 30810 26310 3693
21 30996 26305 3692
23 31110 26304 3692
21 31076 26301 3691
22 30954 26307 3693
23 30772 26306 3700
21 30635 26296 3702
22 30513 26294 3701
22 30420 26298 3703
22 30422 26297 3701
21 30430 26291 3701
23 30435 26294 3703
21 30470 26294 3701
22 30535 26294 3701
22 30560 26298 3703
22 30560 26300 3705
21 30544 26297 3700
23 30512 26304 3700
21 30483 26305 3701
22 30438 26306 3691
22 30409 26314 3694
22 30415 26315 3692
21 30398 26317 3687
23 30410 26319 3690
21 30424 26321 3693
22 30435 26323 3695
22 30430 26325 3694
22 30441 26327 3693
21 30433 26327 3693
23 30441 26329 3692
21 30427 26336 3691
22 30432 26332 3689
22 30434 26338 3692
22 30425 26338 3691
21 30430 26343 3688
23 30441 26339 3703
21 30439 26338 3698
22 30431 26336 3702
22 30448 26335 3702
22 30506 26334 3705
21 30667 26337 3705
23 30861 26331 3701
21 31025 26333 3699
22 31085 26333 3706
22 31023 26331 3701
22 30863 26329 3701
21 30704 26327 3702
23 30524 26327 3703
22 30442 26326 3701
21 30392 26332 3690
22 30390 26333 3690
22 30416 26334 3690
22 30445 26335 3693
21 30478 26334 3692
23 30536 26335 3695
21 30561 26330 3691
22 30563 26333 3688
22 30532 26335 3691
22 30481 26329 3690
21 30439 26329 3692
23 30406 26331 3691
21 30386 26326 3694
22 30369 26326 3693
22 30354 26325 3700
22 30365 26325 3698
21 30377 26325 3702
23 30400 26320 3706
21 30402 26321 3698
22 30414 26325 3704
22 30416 26326 3704
22 30398 26321 3702
21 30382 26317 3703
23 30384 26326 3704
21 30385 26325 3699
22 30406 26323 3705
22 30502 26325 3701
22 30655 26328 3703
21 30789 26332 3702
23 30845 26338 3692
21 30827 26344 3693
22 30743 26348 3693
22 30627 26350 3692
22 30508 26356 3695
21 30413 26363 3689
23 30371 26363 3692
21 30325 26366 3692
22 30326 26372 3692
22 30365 26375 3697
22 30402 26384 3694
21 30440 26383 3693
23 30460 26382 3693
22 30468 26386 3691
21 30450 26390 3703
23 30426 26386 3702
21 30398 26387 3700
22 30362 26386 3701
22 30344 26387 3700
22 30326 26387 3699
21 30332 26388 3699
23 30335 26388 3702
21 30338 26391 3700
22 30348 26390 3699
22 30365 26388 3700
22 30389 26388 3704
21 30387 26389 3701
23 30399 26385 3701
21 30387 26384 3700
22 30375 26392 3694
22 30359 26385 3693
22 30342 26387 3698
21 30343 26387 3691
23 30361 26386 3693
21 30401 26385 3693
22 30503 26390 3693
21 30641 26390 3693
23 30737 26391 3691
21 30781 26391 3696
22 30760 26391 3690
22 30693 26387 3695
22 30588 26391 3690
21 30482 26395 3691
23 30445 26394 3692
21 30410 26393 3701
22 30422 26395 3698
22 30423 26393 3699
22 30429 26394 3702
21 30465 26395 3701
23 30480 26397 3700
21 30480 26399 3700
22 30485 26399 3700
22 30480 26398 3701
22 30465 26398 3701
22 30439 26400 3704
22 30439 26407 3702
22 30415 26397 3702
21 30401 26399 3701
23 30389 26407 3689
21 30380 26400 3691
22 30369 26401 3693
22 30373 26399 3693
22 30382 26400 3693
21 30376 26399 3690
23 30394 26400 3693
21 30392 26399 3692
22 30398 26397 3692
22 30407 26396 3692
22 30391 26395 3693
21 30383 26397 3689
23 30361 26392 3693
21 30379 26394 3694
22 30445 26391 3692
22 30549 26387 3703
22 30655 26391 3701
21 30731 26387 3705
23 30750 26383 3703
21 30717 26386 3700
22 30646 26382 3701
22 30563 26379 3701
22 30515 26386 3699
21 30464 26380 3698
23 30462 26381 3702
21 30437 26379 3700
22 30450 26378 3698
22 30442 26374 3702
22 30478 26379 3699
21 30501 26378 3698
23 30501 26377 3691
21 30495 26378 3692
22 30485 26380 3691
22 30462 26376 3691
22 30439 26379 3694
21 30424 26373 3692
23 30420 26378 3691
22 30416 26384 3690
21 30423 26385 3692
23 30413 26378 3693
21 30431 26383 3697
22 30420 26379 3694
21 30420 26378 3691
23 30427 26381 3694
21 30425 26380 3708
22 30447 26378 3699
22 30454 26379 3702
22 30461 26379 3703
21 30472 26378 3698
23 30483 26377 3700
21 30534 26377 3704
22 30628 26376 3700
22 30768 26377 3697
22 30825 26376 3704
21 30849 26379 3702
23 30796 26378 3703
21 30717 26378 3702
22 30631 26386 3703
22 30570 26381 3705
22 30507 26383 3695
21 30474 26381 3693
23 30465 26385 3693
21 30461 26379 3692
22 30488 26378 3691
22 30494 26380 3694
22 30510 26376 3694
21 30515 26385 3693
23 30523 26378 3694
21 30488 26380 3693
22 30456 26377 3693
22 30429 26379 3691
22 30429 26379 3690
21 30426 26382 3693
23 30427 26384 3697
21 30428 26384 3703
22 30441 26385 3699
22 30441 26384 3701
22 30438 26384 3701
21 30434 26386 3706
23 30456 26387 3706
22 30468 26394 3701
21 30464 26388 3701
23 30454 26394 3705
21 30471 26394 3705
22 30499 26390 3701
22 30517 26388 3701
22 30581 26394 3699
21 30649 26387 3703
23 30752 26391 3692
21 30796 26387 3689
22 30804 26391 3687
22 30755 26385 3693
22 30676 26390 3694
21 30605 26386 3690
23 30524 26388 3694
21 30469 26381 3690
22 30455 26385 3690
22 30455 26384 3691
22 30468 26379 3698
21 30476 26381 3693
23 30463 26381 3692
21 30476 26382 3693
22 30488 26385 3693
22 30502 26375 3698
22 30480 26384 3701
21 30470 26382 3701
22 30445 26380 3702
22 30436 26382 3702
22 30416 26386 3707
21 30388 26382 3699
23 30391 26387 3701
21 30390 26382 3704
22 30390 26385 3698
22 30408 26385 3701
22 30419 26387 3702
21 30414 26387 3701
23 30396 26385 3700
21 30428 26387 3693
22 30426 26390 3691
22 30426 26388 3692
22 30448 26387 3689
21 30434 26389 3695
23 30425 26388 3692
22 30452 26386 3689
21 30507 26389 3692
23 30598 26394 3693
21 30694 26386 3693
22 30744 26386 3693
22 30726 26393 3695
22 30688 26387 3694
21 30614 26384 3690
23 30548 26384 3691
21 30488 26384 3699
22 30484 26379 3702
22 30440 26378 3702
22 30455 26378 3702
21 30462 26375 3703
23 30459 26372 3701
21 30476 26375 3705
22 30487 26372 3699
22 30489 26373 3702
22 30489 26372 3703
21 30482 26371 3700
23 30464 26374 3703
21 30450 26377 3703
22 30425 26375 3698
22 30413 26376 3701
22 30417 26382 3690
21 30401 26384 3693
23 30418 26385 3693
21 30408 26386 3691
22 30414 26387 3694
22 30410 26387 3690
22 30413 26388 3692
21 30425 26391 3687
23 30411 26389 3689
21 30392 26391 3693
22 30401 26393 3689
22 30390 26395 3691
22 30390 26392 3692
21 30374 26392 3694
23 30395 26392 3693
21 30409 26393 3701
22 30476 26392 3702
23 30558 26394 3701
21 30647 26395 3701
22 30716 26390 3701
22 30700 26391 3701
22 30666 26394 3701
21 30615 26395 3702
22 30547 26396 3702
22 30503 26398 3701
22 30457 26400 3706
21 30433 26397 3699
23 30422 26395 3704
21 30434 26398 3701
22 30441 26400 3691
22 30447 26401 3691
22 30463 26401 3693
21 30465 26405 3691
23 30478 26401 3692
21 30447 26402 3694
22 30429 26398 3691
22 30390 26400 3692
22 30329 26401 3693
21 30283 26399 3691
23 30256 26399 3691
21 30264 26396 3690
22 30277 26399 3692
22 30348 26404 3692
22 30396 26397 3706
21 30479 26397 3700
23 30494 26396 3700
21 30515 26397 3706
22 30492 26394 3703
22 30466 26395 3702
22 30449 26398 3704
21 30429 26396 3701
23 30411 26401 3702
21 30445 26398 3706
22 30524 26395 3701
22 30595 26398 3702
22 30667 26399 3705
21 30702 26400 3699
23 30703 26395 3700
21 30698 26402 3693
22 30663 26403 3689
23 30670 26399 3698
21 30658 26403 3691
22 30628 26397 3693
22 30583 26394 3688
22 30536 26400 3692
21 30493 26395 3691
23 30482 26394 3690
21 30487 26394 3690
22 30488 26389 3692
22 30502 26391 3691
22 30487 26386 3692
21 30509 26388 3691
23 30486 26384 3692
21 30482 26385 3704
22 30491 26379 3699
22 30458 26379 3702
22 30468 26381 3702
21 30459 26378 3701
23 30466 26372 3700
21 30454 26374 3702
22 30458 26374 3702
22 30458 26371 3701
22 30445 26372 3703
21 30429 26363 3701
23 30434 26369 3702
21 30434 26364 3703
22 30432 26364 3704
21 30437 26368 3694
23 30430 26366 3692
21 30411 26367 3697
22 30446 26368 3692
22 30535 26365 3693
22 30622 26366 3696
21 30687 26371 3689
23 30707 26370 3693
21 30694 26371 3694
22 30641 26371 3693
22 30577 26374 3692
22 30524 26373 3692
21 30475 26369 3692
23 30454 26374 3693
22 30463 26371 3694
21 30459 26380 3693
23 30498 26367 3703
21 30509 26368 3705
22 30511 26365 3698
22 30539 26370 3703
22 30545 26368 3699
21 30528 26368 3701
23 30516 26376 3702
21 30490 26372 3702
22 30486 26372 3704
22 30484 26368 3700
22 30480 26370 3702
21 30471 26368 3698
23 30469 26370 3701
21 30475 26371 3700
22 30465 26372 3691
22 30465 26368 3694
22 30476 26370 3692
21 30486 26370 3692
23 30484 26370 3693
21 30493 26366 3693
22 30485 26365 3690
22 30495 26365 3694
22 30499 26367 3696
21 30505 26361 3693
23 30503 26363 3694
21 30505 26365 3694
22 30573 26360 3690
22 30656 26358 3694
22 30736 26359 3700
21 30821 26353 3702
23 30888 26354 3703
21 30890 26352 3697
22 30860 26360 3702
22 30795 26355 3702
22 30764 26353 3700
21 30727 26351 3696
23 30722 26347 3701
21 30712 26351 3701
22 30709 26347 3699
23 30702 26350 3703
21 30703 26353 3702
22 30686 26355 3703
22 30616 26352 3706
22 30486 26356 3693
21 30379 26357 3691
23 30318 26360 3692
21 30352 26360 3692
22 30426 26370 3692
21 30527 26365 3693
23 30620 26365 3692
21 30682 26366 3693
22 30721 26367 3691
22 30733 26372 3691
22 30708 26371 3692
21 30661 26372 3690
23 30623 26372 3693
21 30586 26373 3694
22 30546 26375 3704
22 30546 26373 3699
22 30565 26368 3701
21 30585 26372 3698
23 30621 26370 3700
21 30708 26371 3701
22 30803 26371 3702
22 30852 26372 3700
22 30878 26374 3704
21 30845 26365 3702
23 30778 26376 3701
21 30693 26373 3703
22 30637 26368 3700
22 30584 26375 3700
22 30566 26366 3703
21 30552 26369 3693
23 30546 26368 3690
21 30565 26370 3691
22 30580 26368 3690
22 30607 26367 3691
22 30617 26369 3693
21 30618 26367 3690
23 30600 26369 3690
21 30595 26366 3692
22 30582 26365 3689
23 30566 26367 3692
21 30528 26364 3691
22 30524 26365 3690
22 30490 26363 3693
22 30497 26369 3692
21 30495 26364 3703
23 30511 26359 3700
21 30502 26360 3705
22 30538 26357 3701
22 30537 26355 3699
22 30552 26361 3699
21 30541 26356 3700
23 30549 26359 3702
21 30529 26360 3698
22 30525 26359 3700
22 30561 26356 3699
22 30591 26358 3700
21 30689 26356 3695
23 30797 26355 3701
21 30905 26359 3691
22 30950 26361 3693
22 30947 26360 3693
22 30872 26363 3692
21 30777 26361 3689
23 30683 26362 3692
21 30649 26361 3692
22 30614 26361 3693
22 30604 26358 3693
22 30589 26357 3690
21 30610 26356 3692
22 30647 26357 3692
22 30665 26356 3693
22 30709 26358 3699
21 30718 26356 3690
23 30726 26352 3700
21 30733 26357 3702
22 30747 26354 3699
22 30776 26354 3701
22 30746 26351 3703
21 30744 26351 3699
23 30756 26353 3700
21 30763 26349 3707
22 30757 26352 3705
23 30774 26351 3699
21 30758 26359 3700
22 30729 26357 3701
22 30726 26353 3701
22 30725 26353 3700
21 30703 26354 3693
23 30676 26363 3693
21 30657 26356 3690
22 30641 26356 3692
22 30621 26362 3692
22 30607 26361 3690
21 30620 26359 3690
23 30690 26362 3693
21 30820 26359 3691
22 30938 26357 3694
22 31004 26359 3691
22 31026 26358 3694
21 30965 26359 3691
23 30883 26357 3692
21 30810 26360 3692
22 30748 26355 3700
22 30717 26354 3699
22 30696 26356 3700
21 30678 26354 3702
23 30691 26353 3704
21 30678 26356 3702
22 30701 26355 3701
22 30700 26355 3701
22 30718 26355 3699
21 30711 26353 3703
23 30689 26354 3702
21 30685 26359 3698
22 30669 26357 3699
22 30649 26356 3702
22 30636 26357 3699
21 30608 26363 3691
23 30623 26359 3691
21 30626 26360 3692
22 30643 26361 3693
22 30642 26361 3689
22 30644 26362 3692
21 30616 26361 3691
23 30617 26357 3691
22 30599 26363 3692
21 30593 26360 3690
23 30548 26358 3691
21 30526 26354 3691
22 30536 26358 3692
22 30522 26357 3691
22 30529 26358 3691
21 30540 26355 3700
22 30603 26351 3700
22 30694 26350 3701
22 30829 26353 3710
21 30906 26350 3697
23 30946 26351 3700
21 30911 26351 3700
22 30837 26352 3698
22 30761 26354 3699
22 30677 26353 3702
21 30643 26357 3703
23 30619 26356 3700
21 30614 26354 3700
22 30630 26354 3700
22 30612 26358 3691
22 30633 26358 3697
21 30630 26356 3690
23 30661 26356 3691
21 30662 26360 3685
22 30640 26362 3693
22 30618 26363 3691
22 30605 26361 3696
21 30587 26360 3692
23 30573 26366 3689
21 30579 26365 3692
22 30575 26365 3691
22 30572 26364 3691
22 30567 26364 3693
21 30592 26361 3695
23 30624 26364 3702
21 30655 26363 3701
22 30685 26360 3701
22 30669 26363 3702
22 30678 26364 3703
22 30671 26364 3697
22 30653 26364 3699
22 30637 26365 3701
21 30615 26363 3695
23 30613 26368 3706
21 30639 26371 3702
22 30712 26371 3701
22 30798 26369 3703
22 30866 26376 3703
21 30900 26375 3693
23 30877 26372 3691
21 30823 26375 3688
22 30761 26376 3692
22 30716 26380 3690
22 30710 26380 3693
21 30688 26385 3686
23 30675 26380 3693
21 30660 26378 3693
22 30668 26379 3691
22 30678 26377 3690
22 30683 26379 3690
21 30697 26378 3693
23 30697 26379 3694
21 30686 26375 3693
22 30693 26373 3699
22 30661 26377 3703
22 30654 26372 3700
21 30650 26377 3701
23 30655 26374 3699
21 30651 26376 3701
22 30655 26380 3701
21 30671 26373 3698
23 30667 26376 3700
21 30685 26374 3704
22 30676 26374 3697
22 30692 26376 3701
22 30681 26376 3701
21 30693 26375 3698
23 30706 26374 3691
21 30692 26376 3692
22 30683 26376 3693
23 30681 26375 3691
21 30666 26375 3693
22 30658 26374 3695
22 30665 26374 3693
22 30669 26374 3689
21 30727 26381 3691
23 30836 26374 3693
21 30912 26370 3689
22 30979 26373 3692
22 30997 26374 3694
22 30952 26369 3692
21 30892 26368 3693
23 30818 26375 3693
21 30805 26372 3701
22 30806 26370 3704
22 30808 26372 3699
22 30799 26374 3700
21 30760 26377 3702
23 30761 26387 3702
21 30745 26387 3703
22 30742 26391 3700
22 30726 26395 3702
22 30715 26393 3705
21 30703 26404 3701
23 30692 26402 3700
21 30702 26404 3703
22 30696 26404 3699
22 30681 26403 3693
22 30680 26410 3693
21 30660 26407 3696
23 30663 26407 3691
21 30690 26410 3693
22 30676 26406 3694
22 30677 26403 3692
22 30672 26413 3691
21 30662 26402 3690
23 30658 26396 3691
21 30669 26394 3690
22 30653 26401 3687
22 30642 26392 3691
22 30644 26392 3691
21 30645 26388 3697
23 30639 26386 3701
22 30647 26386 3699
21 30643 26384 3702
23 30638 26380 3706
21 30636 26382 3702
22 30677 26381 3704
22 30745 26379 3704
22 30848 26383 3699
21 30951 26376 3702
23 30989 26368 3700
21 31008 26364 3698
22 30962 26354 3701
21 30870 26349 3700
23 30811 26342 3703
21 30743 26338 3696
22 30719 26331 3691
22 30690 26322 3689
22 30681 26312 3692
21 30683 26303 3690
23 30687 26291 3690
21 30696 26285 3692
22 30699 26281 3691
22 30712 26277 3691
22 30689 26278 3690
21 30680 26281 3691
23 30660 26290 3692
21 30645 26292 3686
22 30628 26302 3692
22 30637 26312 3699
22 30625 26320 3697
21 30639 26326 3700
23 30636 26333 3699
21 30615 26338 3700
22 30623 26346 3700
22 30616 26357 3701
22 30590 26360 3702
21 30601 26361 3700
23 30599 26366 3700
21 30621 26368 3704
22 30615 26370 3698
22 30638 26373 3704
22 30653 26380 3698
21 30622 26382 3703
23 30601 26385 3691
22 30598 26391 3693
21 30599 26391 3691
23 30610 26391 3691
21 30632 26390 3690
22 30712 26394 3688
22 30835 26392 3694
22 30940 26395 3695
21 31034 26393 3697
23 31036 26394 3693
21 30989 26401 3691
22 30897 26394 3690
22 30794 26392 3690
22 30706 26398 3689
21 30660 26395 3692
23 30622 26393 3698
21 30641 26395 3699
22 30647 26400 3698
22 30641 26394 3701
22 30665 26394 3701
21 30664 26395 3698
23 30671 26397 3700
21 30665 26398 3705
22 30646 26401 3699
22 30629 26400 3700
22 30602 26403 3699
21 30585 26404 3704
23 30579 26402 3702
21 30568 26398 3702
22 30576 26406 3692
22 30543 26407 3693
22 30543 26407 3690
21 30537 26401 3691
22 30538 26409 3690
22 30552 26404 3692
22 30553 26408 3695
21 30552 26409 3689
23 30525 26405 3693
21 30511 26408 3690
22 30512 26409 3691
22 30509 26408 3692
22 30496 26408 3692
21 30493 26409 3689
23 30516 26410 3691
22 30510 26408 3703
21 30552 26405 3701
23 30647 26405 3701
21 30781 26406 3701
22 30886 26409 3700
22 30914 26403 3701
22 30890 26403 3699
21 30827 26404 3701
23 30722 26414 3702
21 30618 26407 3704
22 30576 26407 3700
22 30533 26417 3702
22 30516 26406 3697
21 30514 26406 3703
23 30530 26407 3699
21 30533 26407 3694
22 30549 26407 3694
22 30579 26408 3691
22 30574 26407 3692
21 30569 26406 3693
23 30543 26407 3692
21 30519 26404 3690
22 30493 26407 3687
22 30485 26406 3691
22 30457 26405 3691
21 30467 26401 3688
23 30459 26402 3697
21 30455 26408 3690
22 30477 26403 3691
22 30485 26401 3698
22 30495 26405 3700
21 30491 26399 3698
23 30509 26400 3701
21 30504 26406 3700
22 30487 26403 3701
22 30495 26405 3697
22 30515 26403 3701
21 30510 26408 3698
23 30517 26405 3701
21 30508 26408 3698
22 30478 26406 3695
23 30463 26406 3700
21 30471 26405 3700
22 30513 26405 3698
22 30604 26408 3689
22 30747 26411 3693
21 30865 26415 3693
23 30914 26413 3692
21 30909 26412 3691
22 30820 26418 3693
22 30688 26414 3693
22 30579 26415 3692
21 30522 26415 3691
22 30476 26409 3689
22 30481 26411 3691
22 30464 26413 3693
21 30474 26409 3691
23 30503 26409 3694
21 30506 26407 3697
22 30527 26408 3696
22 30551 26408 3701
22 30524 26406 3698
21 30495 26407 3701
23 30468 26407 3700
21 30445 26408 3701
22 30422 26407 3700
22 30386 26406 3699
22 30364 26408 3701
21 30354 26408 3698
23 30369 26407 3702
21 30379 26408 3697
22 30369 26406 3701
22 30378 26413 3698
22 30392 26409 3691
21 30386 26409 3691
23 30412 26420 3690
21 30436 26408 3692
22 30458 26410 3694
22 30461 26408 3692
22 30459 26407 3691
21 30471 26408 3693
23 30454 26410 3692
22 30441 26405 3689
21 30439 26405 3689
23 30462 26405 3690
21 30516 26404 3689
22 30614 26403 3687
22 30726 26405 3691
22 30866 26402 3701
21 30899 26400 3700
23 30855 26398 3707
21 30759 26401 3700
22 30636 26398 3702
22 30557 26396 3702
22 30492 26400 3702
21 30484 26398 3696
23 30472 26396 3701
21 30511 26397 3699
22 30522 26396 3700
22 30551 26395 3699
22 30560 26397 3698
21 30573 26403 3698
23 30552 26396 3693
21 30517 26397 3691
22 30513 26401 3686
22 30480 26402 3691
22 30481 26396 3690
21 30456 26398 3692
23 30436 26397 3693
21 30426 26395 3692
22 30419 26396 3692
22 30425 26399 3693
22 30433 26398 3693
21 30424 26399 3692
23 30433 26397 3692
21 30442 26398 3694
22 30451 26405 3689
21 30460 26394 3699
23 30464 26396 3701
21 30489 26396 3699
22 30550 26394 3698
22 30674 26397 3700
22 30805 26394 3702
21 30926 26399 3699
23 30994 26401 3701
22 30951 26396 3701
21 30871 26398 3701
23 30729 26402 3698
21 30599 26402 3700
22 30550 26400 3699
22 30525 26400 3699
22 30523 26403 3700
21 30506 26405 3690
23 30540 26406 3694
21 30558 26403 3693
22 30579 26402 3691
22 30610 26417 3690
22 30591 26404 3690
21 30584 26402 3693
23 30578 26412 3691
21 30647 26402 3693
22 30746 26400 3694
22 30833 26405 3693
22 30836 26404 3691
21 30818 26404 3689
23 30784 26401 3692
21 30747 26402 3690
22 30742 26401 3700
22 30721 26400 3700
22 30714 26400 3699
21 30710 26402 3695
23 30702 26403 3701
21 30695 26402 3702
22 30688 26401 3702
22 30701 26400 3706
22 30723 26405 3701
21 30773 26400 3703
23 30835 26404 3702
21 31005 26409 3699
22 31148 26401 3700
22 31265 26403 3701
22 31284 26409 3692
21 31200 26411 3691
23 31062 26406 3690
21 30910 26406 3690
22 30784 26409 3689
23 30708 26407 3691
21 30667 26410 3691
22 30683 26409 3689
22 30706 26409 3689
22 30729 26410 3693
21 30766 26405 3689
23 30786 26406 3691
21 30811 26409 3694
22 30828 26405 3692
22 30822 26409 3699
22 30806 26403 3705
21 30765 26407 3700
23 30702 26406 3698
21 30674 26402 3698
22 30623 26410 3703
21 30606 26406 3697
23 30581 26405 3701
21 30598 26407 3708
22 30618 26404 3700
22 30633 26407 3699
22 30628 26410 3699
21 30642 26406 3698
23 30662 26405 3701
21 30632 26406 3697
22 30614 26413 3692
22 30591 26410 3688
22 30585 26411 3690
21 30581 26410 3691
23 30596 26412 3690
21 30642 26418 3695
22 30801 26420 3692
22 30993 26416 3692
22 31143 26415 3691
21 31169 26419 3692
23 31073 26424 3692
21 30925 26417 3690
22 30747 26418 3692
22 30588 26425 3691
22 30501 26416 3694
21 30482 26416 3697
23 30484 26417 3701
21 30501 26415 3701
22 30543 26416 3699
23 30575 26413 3701
21 30614 26416 3704
22 30631 26414 3699
22 30637 26415 3700
22 30596 26414 3700
21 30574 26418 3702
23 30542 26417 3701
21 30511 26417 3701
22 30486 26420 3704
22 30474 26419 3706
22 30481 26423 3690
21 30459 26422 3693
23 30450 26419 3695
21 30456 26430 3692
22 30461 26424 3691
22 30469 26423 3692
22 30481 26425 3691
21 30459 26424 3690
23 30444 26425 3693
21 30464 26427 3691
22 30486 26429 3687
22 30533 26419 3691
22 30673 26421 3691
21 30824 26419 3691
23 30942 26416 3696
21 30981 26420 3694
22 30954 26418 3701
22 30854 26415 3699
22 30755 26414 3702
21 30685 26413 3702
23 30619 26413 3700
21 30586 26414 3697
22 30537 26406 3700
22 30502 26408 3698
22 30514 26412 3702
21 30499 26410 3703
22 30510 26413 3700
22 30525 26410 3700
22 30555 26409 3703
21 30522 26409 3690
23 30509 26407 3694
21 30476 26409 3691
22 30458 26409 3688
23 30441 26415 3690
21 30438 26408 3691
22 30442 26408 3691
22 30452 26409 3690
22 30448 26412 3690
21 30439 26409 3692
23 30441 26409 3690
21 30432 26410 3687
22 30446 26411 3692
22 30450 26406 3692
22 30470 26409 3690
21 30453 26410 3700
23 30468 26414 3701
21 30463 26405 3701
22 30452 26403 3701
22 30459 26413 3700
22 30546 26404 3697
21 30689 26404 3701
23 30856 26404 3702
21 30992 26409 3701
22 31029 26405 3699
22 30975 26404 3703
22 30871 26410 3699
21 30720 26405 3698
23 30621 26408 3702
21 30566 26413 3700
22 30535 26412 3693
22 30540 26411 3692
22 30525 26416 3692
21 30521 26414 3694
23 30538 26417 3695
21 30540 26424 3690
22 30544 26418 3690
22 30563 26424 3694
22 30589 26431 3689
21 30599 26424 3690
23 30595 26424 3693
21 30583 26428 3691
22 30551 26425 3690
22 30554 26430 3689
22 30535 26433 3699
22 30537 26437 3698
22 30493 26432 3700
22 30480 26434 3699
21 30454 26436 3696
23 30425 26436 3698
21 30423 26437 3699
22 30423 26439 3696
22 30430 26441 3700
22 30427 26444 3705
21 30432 26443 3700
23 30477 26448 3697
21 30465 26450 3700
22 30470 26454 3698
22 30532 26452 3702
22 30643 26462 3689
21 30742 26463 3690
22 30821 26458 3689
22 30845 26460 3692
22 30792 26468 3694
21 30683 26469 3691
23 30603 26472 3693
21 30539 26472 3690
22 30476 26470 3692
22 30459 26475 3690
22 30453 26477 3690
21 30443 26476 3690
23 30435 26477 3690
21 30464 26474 3693
22 30498 26479 3690
22 30491 26480 3701
22 30505 26480 3695
21 30509 26482 3699
23 30480 26478 3701
21 30462 26477 3696
22 30443 26472 3702
22 30449 26486 3700
22 30440 26483 3700
21 30429 26481 3701
23 30421 26493 3701
21 30420 26487 3702
22 30431 26487 3700
23 30457 26489 3699
21 30456 26490 3701
22 30481 26489 3693
22 30494 26493 3693
22 30522 26493 3690
21 30538 26490 3691
23 30564 26492 3692
21 30615 26497 3691
22 30685 26493 3691
22 30786 26494 3693
22 30847 26492 3690
21 30857 26497 3687
23 30813 26490 3693
21 30708 26490 3689
22 30595 26496 3685
22 30515 26491 3692
22 30468 26496 3691
21 30475 26493 3699
23 30462 26494 3699
21 30463 26491 3698
22 30503 26491 3699
22 30519 26494 3699
22 30533 26491 3700
21 30544 26494 3699
23 30527 26493 3701
21 30495 26491 3699
22 30487 26493 3696
22 30442 26494 3702
22 30405 26499 3699
21 30387 26497 3697
23 30369 26501 3699
21 30365 26500 3693
22 30361 26501 3691
22 30373 26506 3691
22 30390 26502 3688
21 30405 26507 3693
23 30433 26505 3689
21 30431 26504 3695
22 30429 26506 3692
21 30416 26506 3691
23 30413 26501 3691
21 30400 26500 3695
22 30414 26503 3691
23 30423 26497 3693
21 30469 26500 3690
22 30613 26498 3691
22 30816 26494 3701
22 30994 26496 3701
21 31076 26496 3698
23 31072 26497 3697
21 31010 26499 3698
22 30880 26494 3699
22 30799 26493 3700
22 30733 26497 3704
21 30703 26495 3701
23 30691 26494 3700
21 30665 26492 3697
22 30662 26495 3700
22 30660 26497 3702
22 30658 26490 3702
21 30653 26486 3699
23 30644 26491 3692
21 30635 26488 3691
22 30615 26485 3690
22 30574 26486 3691
22 30538 26485 3692
21 30526 26483 3690
23 30513 26482 3690
21 30486 26484 3690
22 30487 26481 3692
22 30492 26479 3690
22 30465 26477 3692
21 30486 26478 3687
23 30481 26476 3691
21 30499 26475 3689
22 30485 26475 3688
22 30482 26472 3705
22 30495 26478 3699
21 30490 26472 3698
23 30488 26474 3701
21 30481 26473 3702
22 30494 26476 3699
22 30495 26477 3699
22 30517 26478 3700
21 30588 26476 3698
23 30719 26473 3697
22 30854 26478 3697
21 30974 26485 3697
23 31028 26477 3699
21 30967 26473 3698
22 30875 26474 3689
22 30766 26475 3692
22 30708 26478 3690
21 30642 26473 3690
23 30610 26474 3688
21 30554 26473 3689
22 30534 26476 3692
22 30536 26472 3689
22 30554 26471 3686
21 30594 26468 3689
23 30585 26471 3693
21 30596 26470 3693
22 30587 26470 3691
21 30552 26466 3690
23 30522 26464 3694
21 30529 26460 3705
22 30513 26464 3702
22 30497 26461 3698
22 30502 26460 3698
21 30476 26463 3700
23 30482 26460 3700
21 30467 26460 3699
22 30478 26460 3700
22 30461 26459 3699
22 30462 26457 3698
21 30484 26458 3700
23 30471 26457 3699
21 30490 26457 3704
22 30460 26458 3701
22 30465 26463 3688
22 30452 26464 3688
21 30458 26466 3689
23 30528 26473 3691
21 30678 26466 3690
22 30806 26466 3691
22 30896 26469 3690
22 30899 26469 3690
21 30836 26470 3691
23 30725 26466 3691
22 30613 26469 3690
21 30542 26466 3691
23 30496 26467 3691
21 30486 26468 3692
22 30479 26469 3691
22 30499 26464 3701
22 30514 26470 3701
21 30542 26465 3699
23 30535 26466 3698
21 30521 26466 3701
22 30507 26468 3697
22 30501 26470 3705
22 30482 26476 3700
21 30469 26467 3700
23 30432 26466 3698
21 30433 26467 3700
22 30416 26472 3698
22 30417 26467 3699
22 30432 26472 3697
21 30458 26469 3692
23 30469 26476 3689
21 30484 26471 3690
22 30457 26478 3687
22 30448 26475 3689
22 30442 26476 3689
21 30424 26477 3690
23 30407 26477 3690
21 30401 26473 3692
22 30396 26475 3692
22 30399 26476 3691
22 30431 26475 3690
21 30496 26474 3690
23 30645 26474 3689
21 30781 26469 3691
22 30847 26465 3692
22 30868 26467 3703
22 30818 26473 3701
21 30689 26472 3703
22 30621 26467 3698
22 30555 26468 3698
22 30515 26469 3706
22 30475 26470 3698
22 30474 26467 3699
22 30455 26467 3699
21 30467 26470 3699
23 30456 26470 3700
21 30471 26471 3701
22 30494 26471 3699
22 30483 26475 3697
22 30460 26473 3690
21 30449 26472 3690
23 30398 26474 3691
21 30377 26475 3690
22 30373 26477 3690
22 30363 26472 3691
22 30392 26476 3696
21 30389 26475 3689
23 30401 26485 3690
21 30374 26478 3692
22 30367 26480 3690
22 30369 26476 3690
22 30373 26474 3693
21 30364 26479 3691
23 30367 26474 3700
21 30403 26471 3704
22 30414 26476 3698
22 30434 26473 3699
22 30445 26474 3699
21 30436 26472 3698
23 30424 26473 3701
21 30448 26473 3703
22 30487 26480 3698
22 30596 26475 3699
22 30729 26480 3701
21 30847 26478 3702
23 30910 26480 3705
21 30885 26486 3699
22 30814 26484 3694
22 30657 26490 3688
22 30560 26491 3690
21 30482 26489 3691
23 30426 26492 3689
22 30407 26492 3688
21 30416 26493 3690
23 30438 26492 3691
21 30484 26493 3689
22 30511 26502 3685
22 30545 26492 3688
22 30527 26495 3691
21 30523 26494 3690
23 30488 26492 3693
21 30439 26490 3690
22 30416 26493 3699
22 30396 26494 3699
22 30378 26488 3701
21 30383 26490 3701
23 30396 26487 3697
21 30407 26492 3699
22 30429 26487 3701
22 30426 26489 3701
22 30436 26492 3701
21 30426 26497 3701
22 30400 26485 3701
22 30408 26491 3699
22 30408 26490 3701
21 30398 26489 3697
23 30404 26492 3701
21 30396 26493 3690
22 30393 26490 3689
22 30387 26492 3691
22 30403 26491 3689
21 30418 26491 3690
23 30480 26489 3688
21 30580 26490 3689
22 30701 26489 3689
22 30799 26486 3689
22 30848 26486 3692
21 30837 26485 3693
23 30801 26483 3690
21 30828 26484 3689
22 30954 26475 3690
22 31145 26480 3689
22 31363 26477 3698
21 31509 26482 3699
23 31637 26478 3700
22 31688 26474 3701
21 31716 26475 3697
23 31766 26474 3700
21 31807 26475 3705
22 31880 26477 3700
22 31978 26475 3698
22 32083 26476 3704
21 32198 26469 3699
23 32320 26472 3697
21 32412 26470 3700
22 32480 26471 3696
22 32527 26470 3691
22 32551 26477 3689
21 32594 26477 3695
23 32625 26474 3694
21 32676 26477 3694
22 32718 26475 3691
22 32767 26472 3690
22 32767 26476 3690
21 32767 26476 3690
23 32767 26471 3690
21 32767 26467 3689
22 32767 26468 3692
22 32767 26467 3688
22 32767 26468 3690
21 32767 26475 3687
23 32767 26465 3697
21 32767 26461 3699
22 32767 26460 3695
22 32767 26459 3698
22 32767 26461 3699
21 32767 26462 3700
23 32767 26460 3698
21 32767 26458 3700
22 32767 26462 3699
22 32767 26459 3700
22 32767 26460 3701
21 32767 26460 3698
23 32767 26456 3700
21 32767 26456 3698
22 32767 26463 3700
21 32689 26458 3690
23 32616 26458 3690
22 32539 26458 3697
21 32450 26455 3691
23 32364 26457 3691
21 32292 26461 3690
22 32209 26455 3689
22 32150 26458 3686
22 32085 26457 3689
21 32030 26452 3690
23 31972 26452 3689
21 31938 26452 3689
22 31876 26447 3690
22 31827 26447 3692
22 31780 26451 3697
21 31702 26450 3696
23 31603 26441 3702
21 31524 26445 3697
22 31444 26438 3700
22 31374 26451 3698
22 31309 26442 3701
21 31240 26439 3700
23 31221 26441 3699
21 31225 26441 3700
22 31274 26440 3700
22 31363 26441 3700
22 31394 26440 3701
21 31379 26437 3700
23 31328 26439 3698
21 31207 26441 3689
22 31131 26445 3690
22 31039 26443 3688
22 30974 26445 3689
21 30924 26445 3689
23 30922 26450 3689
21 30914 26445 3690
22 30912 26447 3691
22 30912 26448 3696
22 30921 26456 3688
21 30917 26446 3696
23 30906 26448 3691
21 30865 26448 3689
22 30807 26448 3690
23 30776 26450 3695
21 30736 26453 3697
22 30685 26448 3698
22 30637 26447 3702
22 30603 26447 3696
21 30605 26449 3697
23 30576 26452 3697
21 30588 26448 3699
22 30586 26446 3694
22 30603 26449 3698
22 30590 26451 3698
21 30587 26448 3699
23 30593 26452 3698
21 30583 26457 3699
22 30562 26453 3697
22 30554 26454 3689
22 30537 26457 3691
21 30522 26459 3689
23 30515 26456 3689
21 30508 26454 3695
22 30546 26464 3691
21 30615 26458 3691
23 30707 26459 3688
21 30812 26460 3691
22 30887 26460 3687
22 30919 26461 3691
22 30860 26461 3690
21 30791 26466 3689
23 30725 26465 3689
21 30645 26469 3690
22 30610 26463 3698
22 30578 26462 3697
22 30553 26462 3699
21 30652 26463 3698
23 30805 26461 3698
21 30936 26461 3700
22 31007 26458 3700
22 31017 26460 3700
22 30978 26457 3696
21 30894 26459 3699
23 30773 26468 3702
21 30701 26461 3699
22 30620 26461 3700
23 30577 26464 3700
21 30558 26456 3690
22 30558 26455 3691
22 30582 26462 3690
22 30637 26455 3692
21 30697 26456 3690
23 30700 26454 3690
21 30707 26454 3692
22 30706 26452 3690
22 30697 26450 3686
22 30709 26449 3691
21 30715 26449 3691
23 30770 26448 3691
21 30789 26447 3689
22 30798 26444 3688
22 30766 26442 3696
22 30757 26441 3702
21 30734 26441 3700
23 30747 26436 3699
21 30857 26444 3699
22 30981 26442 3697
22 31107 26438 3698
22 31188 26439 3697
21 31188 26431 3700
23 31101 26433 3698
21 31009 26428 3696
22 30907 26429 3701
22 30817 26430 3700
22 30787 26422 3699
21 30757 26421 3697
23 30757 26418 3698
21 30727 26420 3691
22 30751 26410 3692
22 30769 26401 3690
22 30811 26395 3689
21 30837 26382 3689
23 30935 26370 3690
21 30977 26361 3688
22 30970 26351 3687
22 31039 26335 3693
22 31072 26326 3692
22 31064 26319 3691
21 31110 26308 3691
23 31143 26296 3691
21 31188 26288 3696
22 31298 26277 3689
22 31389 26266 3700
22 31454 26259 3700
21 31474 26253 3699
23 31500 26247 3698
21 31476 26245 3698
22 31475 26237 3699
22 31465 26233 3695
22 31452 26227 3699
21 31445 26226 3700
23 31449 26223 3698
21 31433 26226 3702
22 31427 26218 3699
22 31524 26216 3699
22 31602 26218 3693
21 31702 26216 3689
23 31740 26222 3689
21 31777 26218 3688
22 31706 26214 3690
22 31628 26223 3687
22 31499 26212 3689
21 31406 26213 3689
23 31331 26215 3689
21 31279 26212 3688
22 31265 26208 3690
22 31287 26212 3691
22 31305 26213 3688
21 31344 26206 3690
23 31377 26206 3691
21 31361 26207 3701
22 31346 26206 3695
22 31313 26204 3697
22 31269 26203 3698
21 31235 26205 3697
23 31187 26203 3703
21 31147 26206 3698
22 31123 26201 3697
23 31100 26205 3701
21 31087 26210 3698
22 31084 26204 3700
22 31071 26206 3698
22 31092 26208 3697
21 31117 26208 3699
23 31128 26205 3698
21 31115 26209 3690
22 31105 26205 3685
22 31067 26207 3691
22 31032 26209 3688
21 31030 26205 3689
23 31004 26209 3687
21 30991 26206 3690
22 31008 26205 3691
22 31004 26206 3692
22 31017 26204 3690
21 31034 26200 3689
23 31101 26203 3692
21 31193 26203 3687
22 31325 26206 3690
22 31414 26204 3689
22 31466 26200 3700
21 31448 26201 3701
22 31344 26202 3698
22 31218 26199 3700
22 31090 26202 3706
21 31005 26199 3697
23 30944 26200 3700
21 30940 26202 3699
22 30932 26199 3698
22 30931 26203 3701
22 30970 26201 3699
21 31013 26205 3697
23 31009 26201 3695
21 30997 26202 3698
22 30998 26202 3691
22 30944 26205 3689
22 30919 26206 3692
21 30893 26206 3689
23 30851 26208 3691
21 30813 26208 3693
22 30801 26210 3690
23 30787 26217 3692
21 30806 26214 3689
22 30783 26207 3689
22 30786 26216 3689
22 30784 26210 3690
21 30771 26210 3687
23 30786 26213 3690
21 30807 26212 3691
22 30823 26210 3690
22 30837 26209 3699
22 30842 26214 3698
21 30853 26213 3698
23 30839 26216 3699
21 30843 26219 3700
22 30842 26217 3697
22 30833 26220 3702
22 30844 26218 3700
21 30917 26219 3698
23 31047 26218 3704
21 31205 26219 3701
22 31324 26217 3698
22 31372 26223 3695
22 31303 26223 3689
21 31176 26224 3690
23 31050 26226 3689
21 30920 26229 3685
22 30826 26227 3687
22 30778 26230 3688
22 30771 26230 3690
21 30784 26230 3686
23 30815 26230 3692
21 30861 26229 3688
22 30897 26230 3689
22 30918 26227 3689
22 30922 26230 3690
21 30931 26230 3690
23 30894 26229 3689
21 30866 26228 3698
22 30847 26231 3700
22 30793 26228 3700
22 30773 26228 3699
21 30770 26225 3702
23 30784 26227 3697
22 30775 26225 3697
21 30780 26220 3699
22 30807 26221 3697
22 30798 26226 3700
22 30803 26223 3702
21 30804 26222 3697
23 30795 26221 3697
21 30784 26223 3700
22 30763 26216 3695
22 30735 26219 3690
22 30704 26225 3691
21 30695 26223 3689
23 30679 26222 3689
21 30701 26222 3687
22 30768 26223 3690
22 30888 26225 3688
22 31053 26229 3693
21 31194 26232 3688
23 31316 26234 3689
21 31305 26238 3693
22 31227 26244 3689
22 31083 26251 3690
22 30970 26252 3689
21 30859 26252 3695
23 30811 26269 3700
21 30768 26270 3701
22 30758 26272 3698
22 30796 26281 3701
22 30849 26288 3699
21 30882 26291 3698
23 30901 26295 3697
21 30920 26298 3700
22 30919 26302 3700
22 30880 26310 3696
22 30850 26317 3701
21 30815 26319 3694
23 30795 26321 3697
21 30753 26326 3699
22 30728 26330 3689
22 30690 26334 3695
22 30689 26337 3691
21 30682 26342 3687
23 30690 26342 3690
22 30694 26349 3690
21 30726 26344 3687
23 30722 26349 3692
21 30718 26356 3688
22 30691 26353 3688
22 30695 26353 3690
22 30667 26361 3687
21 30676 26374 3689
23 30729 26377 3689
21 30843 26384 3689
22 30987 26394 3697
22 31092 26398 3701
22 31118 26408 3698
21 31055 26416 3699
23 30954 26430 3696
21 30825 26438 3699
22 30713 26444 3698
22 30619 26456 3700
22 30580 26466 3695
21 30588 26475 3700
23 30591 26480 3699
21 30651 26488 3700
22 30693 26493 3697
21 30730 26499 3696
23 30761 26508 3689
21 30763 26520 3695
22 30745 26516 3687
22 30695 26525 3689
22 30671 26527 3692
21 30634 26535 3685
23 30604 26535 3690
21 30585 26540 3688
22 30565 26543 3689
22 30579 26546 3687
22 30577 26545 3689
21 30598 26546 3688
23 30618 26542 3688
21 30629 26545 3692
22 30613 26544 3690
22 30642 26531 3699
22 30632 26528 3698
22 30653 26522 3697
22 30665 26524 3701
22 30715 26521 3696
21 30794 26517 3698
23 30950 26516 3698
21 31129 26511 3700
22 31246 26504 3697
22 31252 26497 3698
22 31218 26489 3698
21 31105 26482 3699
23 30966 26473 3697
21 30849 26462 3699
22 30773 26446 3690
22 30727 26439 3692
22 30708 26430 3690
21 30731 26417 3685
23 30758 26405 3689
21 30779 26397 3689
22 30834 26386 3689
22 30880 26382 3694
22 30881 26374 3689
21 30852 26364 3687
23 30828 26358 3689
21 30791 26355 3688
22 30748 26345 3689
22 30702 26342 3691
22 30682 26337 3689
21 30664 26331 3698
23 30670 26328 3699
21 30671 26326 3696
22 30706 26322 3698
22 30706 26322 3699
22 30737 26323 3699
21 30767 26319 3693
23 30780 26323 3698
21 30794 26319 3698
22 30790 26322 3697
22 30758 26325 3695
22 30769 26323 3704
21 30792 26325 3699
23 30881 26326 3700
22 31014 26328 3699
21 31138 26338 3692
23 31211 26334 3689
21 31195 26342 3689
22 31066 26345 3688
21 30950 26346 3691
23 30841 26344 3689
21 30767 26346 3693
22 30726 26347 3689
22 30705 26348 3690
22 30737 26350 3687
21 30786 26352 3688
23 30825 26353 3686
21 30880 26354 3691
22 30920 26356 3689
22 30895 26353 3688
22 30852 26354 3698
21 30811 26355 3697
23 30783 26359 3698
21 30749 26355 3704
22 30732 26356 3699
22 30735 26356 3699
22 30754 26359 3690
21 30778 26358 3697
23 30784 26365 3697
21 30794 26361 3697
22 30796 26367 3698
22 30788 26370 3694
22 30818 26369 3699
21 30860 26376 3700
23 30902 26381 3689
21 31034 26384 3689
22 31176 26387 3690
22 31327 26391 3690
22 31379 26394 3692
21 31350 26399 3689
23 31258 26397 3688
21 31152 26397 3687
22 31039 26399 3687
22 30898 26399 3687
22 30827 26395 3691
21 30796 26400 3688
23 30778 26402 3692
22 30794 26400 3688
21 30835 26400 3697
23 30907 26393 3700
21 30941 26408 3699
22 30959 26396 3696
22 30968 26398 3698
22 30911 26403 3696
21 30856 26399 3698
23 30822 26406 3695
21 30802 26405 3694
22 30776 26411 3696
22 30774 26410 3698
22 30766 26413 3698
21 30781 26410 3693
23 30779 26415 3699
21 30764 26419 3698
22 30761 26418 3690
22 30792 26423 3687
22 30861 26424 3684
21 30993 26424 3691
23 31151 26425 3690
21 31285 26425 3684
22 31329 26436 3686
22 31291 26424 3687
22 31190 26425 3690
21 31067 26422 3689
22 30957 26428 3690
22 30854 26424 3689
22 30795 26427 3696
21 30743 26427 3689
23 30720 26424 3689
21 30730 26424 3701
22 30772 26427 3697
22 30830 26424 3698
22 30859 26424 3698
21 30881 26428 3696
23 30898 26428 3695
21 30883 26428 3701
22 30876 26425 3697
22 30818 26428 3699
22 30801 26431 3695
21 30762 26430 3697
23 30758 26428 3698
22 30769 26430 3696
21 30765 26430 3699
23 30750 26439 3689
21 30745 26438 3688
22 30757 26438 3687
22 30820 26442 3691
22 30955 26440 3689
21 31115 26437 3689
23 31245 26441 3689
21 31299 26441 3687
22 31278 26441 3688
22 31167 26439 3688
22 31027 26439 3690
21 30881 26443 3688
23 30794 26443 3688
21 30754 26443 3689
22 30731 26446 3689
22 30771 26445 3691
22 30802 26450 3698
21 30847 26450 3695
23 30876 26450 3704
21 30900 26451 3698
22 30915 26456 3703
22 30899 26459 3695
22 30889 26464 3697
21 30843 26473 3698
23 30818 26471 3699
21 30781 26477 3698
22 30761 26474 3698
22 30753 26478 3699
22 30774 26472 3695
21 30781 26480 3698
23 30772 26479 3690
21 30773 26485 3690
22 30801 26485 3685
22 30796 26489 3689
22 30782 26496 3685
21 30779 26503 3689
23 30782 26508 3689
21 30778 26514 3687
22 30777 26520 3689
23 30778 26526 3688
21 30797 26530 3688
22 30796 26533 3686
22 30812 26539 3688
22 30811 26542 3688
21 30797 26545 3696
22 30817 26542 3697
22 30834 26544 3699
22 30877 26548 3702
21 31022 26543 3696
23 31196 26543 3696
21 31329 26544 3696
22 31395 26543 3698
22 31358 26538 3695
22 31258 26540 3698
21 31122 26532 3697
23 31037 26528 3693
21 30965 26533 3698
22 30935 26528 3694
22 30905 26528 3699
22 30870 26526 3687
21 30894 26524 3689
23 30889 26528 3690
21 30917 26522 3687
22 30932 26527 3689
22 30913 26531 3693
22 30896 26523 3691
21 30891 26520 3689
23 30859 26530 3686
21 30840 26516 3688
22 30819 26526 3689
22 30788 26521 3689
22 30761 26518 3689
21 30753 26519 3688
23 30744 26513 3699
21 30745 26515 3702
22 30759 26507 3698
22 30765 26507 3698
22 30760 26510 3697
21 30775 26507 3693
23 30775 26502 3695
21 30789 26504 3700
22 30794 26500 3699
23 30786 26500 3703
21 30759 26495 3705
22 30772 26496 3698
22 30761 26491 3697
22 30757 26491 3699
21 30802 26496 3698
23 30888 26491 3688
21 30964 26495 3689
22 31062 26490 3688
22 31121 26491 3687
22 31095 26491 3687
21 31033 26501 3686
23 30965 26494 3688
21 30890 26487 3688
22 30855 26489 3687
22 30856 26487 3689
22 30845 26488 3690
21 30854 26487 3689
23 30861 26487 3688
21 30874 26488 3687
22 30867 26488 3692
22 30884 26481 3695
22 30907 26480 3694
21 30870 26475 3701
23 30860 26466 3697
21 30851 26459 3697
22 30832 26457 3699
21 30795 26446 3697
23 30782 26434 3697
21 30776 26433 3699
22 30806 26419 3696
22 30829 26413 3702
22 30819 26406 3699
21 30839 26402 3696
23 30846 26396 3699
21 30833 26396 3689
22 30818 26396 3689
22 30791 26395 3685
22 30776 26398 3687
21 30779 26397 3688
23 30786 26399 3687
22 30795 26405 3687
21 30853 26403 3689
23 30923 26410 3687
21 31026 26416 3686
22 31079 26423 3688
22 31082 26436 3687
22 31034 26432 3687
21 30948 26436 3688
23 30879 26446 3688
21 30843 26435 3697
22 30835 26441 3697
22 30824 26445 3698
22 30818 26448 3701
21 30816 26448 3700
23 30830 26451 3699
21 30843 26451 3697
22 30857 26449 3697
22 30852 26449 3696
22 30841 26451 3697
21 30825 26448 3693
23 30790 26450 3697
21 30809 26451 3697
22 30784 26449 3696
22 30766 26446 3699
22 30722 26453 3688
21 30726 26452 3687
23 30730 26452 3689
21 30717 26454 3689
22 30727 26448 3687
22 30734 26442 3687
22 30736 26444 3685
21 30737 26443 3687
23 30713 26437 3689
21 30726 26441 3687
22 30722 26448 3687
22 30703 26434 3688
22 30725 26439 3689
21 30720 26440 3685
23 30716 26436 3697
21 30740 26437 3700
22 30737 26438 3695
23 30751 26439 3701
21 30803 26443 3700
22 30891 26444 3698
22 30965 26451 3699
22 30998 26450 3696
21 30990 26456 3696
23 30922 26451 3699
21 30873 26457 3695
22 30809 26460 3701
21 30785 26455 3699
23 30770 26449 3696
21 30767 26448 3701
22 30757 26444 3686
22 30768 26442 3689
22 30754 26438 3689
21 30766 26430 3685
23 30784 26422 3689
21 30784 26415 3688
22 30787 26402 3687
22 30787 26391 3686
22 30781 26382 3688
21 30775 26365 3689
23 30762 26357 3688
21 30761 26346 3690
22 30752 26349 3688
22 30745 26337 3689
22 30734 26335 3694
21 30726 26338 3697
23 30750 26341 3697
21 30764 26340 3700
22 30763 26347 3697
22 30767 26358 3700
22 30752 26363 3697
21 30748 26374 3700
23 30753 26389 3698
21 30737 26400 3701
22 30755 26410 3697
22 30789 26416 3700
22 30866 26422 3697
21 30924 26421 3699
23 30974 26426 3696
21 31023 26418 3688
22 30979 26420 3685
23 30944 26412 3687
21 30888 26410 3689
22 30833 26404 3685
22 30802 26396 3692
22 30771 26396 3686
21 30759 26392 3686
23 30775 26393 3692
21 30773 26401 3687
22 30751 26406 3688
22 30771 26411 3686
22 30788 26424 3684
21 30776 26433 3686
23 30772 26436 3686
21 30780 26443 3693
22 30739 26451 3694
22 30715 26450 3699
22 30709 26449 3696
21 30706 26451 3692
23 30724 26450 3696
21 30722 26446 3696
22 30727 26438 3695
22 30730 26435 3700
22 30719 26433 3698
21 30712 26421 3699
23 30713 26420 3696
21 30726 26413 3700
22 30727 26410 3697
22 30731 26407 3688
22 30740 26406 3683
21 30741 26403 3688
22 30747 26411 3686
22 30734 26410 3686
22 30719 26416 3689
21 30734 26415 3687
23 30757 26415 3687
21 30820 26418 3686
22 30927 26422 3686
22 30994 26420 3687
22 31048 26421 3689
21 31014 26419 3689
23 31011 26418 3686
21 30977 26417 3692
22 30941 26417 3697
23 30901 26413 3695
21 30870 26411 3701
22 30842 26409 3699
22 30827 26411 3697
22 30861 26409 3694
21 30864 26408 3693
23 30920 26410 3695
21 30939 26404 3697
22 30983 26401 3698
22 30991 26405 3697
22 30993 26403 3700
21 30974 26397 3700
23 30965 26395 3696
21 30918 26395 3690
22 30870 26398 3687
22 30819 26396 3688
22 30763 26401 3688
21 30737 26399 3686
23 30702 26398 3686
21 30719 26399 3686
22 30716 26400 3690
22 30710 26403 3687
22 30751 26404 3687
21 30735 26402 3688
23 30749 26404 3688
21 30728 26412 3686
22 30712 26408 3690
22 30712 26406 3686
22 30709 26403 3687
21 30704 26409 3697
23 30709 26404 3699
21 30742 26411 3699
22 30778 26410 3695
22 30865 26413 3695
22 30949 26415 3699
21 31008 26423 3694
23 31023 26415 3695
21 30991 26422 3698
22 30914 26422 3690
22 30862 26423 3696
22 30811 26426 3700
21 30803 26432 3697
23 30784 26428 3696
22 30766 26431 3686
21 30742 26436 3686
23 30738 26439 3688
21 30746 26445 3686
22 30757 26443 3690
22 30750 26439 3689
22 30758 26444 3687
21 30738 26442 3690
22 30742 26452 3688
22 30728 26450 3687
22 30706 26452 3695
21 30694 26454 3687
23 30686 26455 3687
21 30687 26457 3688
22 30681 26457 3696
22 30693 26458 3700
22 30687 26457 3696
21 30688 26452 3697
23 30691 26455 3695
21 30712 26454 3696
22 30690 26452 3696
22 30714 26452 3696
22 30708 26451 3694
21 30685 26455 3698
23 30709 26455 3696
21 30772 26454 3693
22 30865 26460 3695
22 30976 26467 3698
22 31051 26462 3695
21 31055 26463 3686
23 31010 26463 3686
21 30923 26464 3689
22 30836 26460 3685
22 30767 26461 3690
22 30734 26464 3687
21 30714 26463 3686
23 30721 26460 3690
21 30711 26463 3686
22 30727 26462 3687
22 30759 26459 3689
22 30777 26464 3688
22 30764 26460 3687
22 30758 26464 3689
22 30752 26460 3687
21 30749 26462 3699
23 30740 26464 3700
21 30714 26463 3698
22 30715 26461 3696
22 30724 26462 3697
22 30718 26471 3700
21 30750 26469 3697
23 30729 26465 3699
21 30706 26474 3693
22 30714 26472 3695
22 30714 26473 3697
22 30734 26478 3699
21 30728 26480 3696
23 30712 26480 3697
21 30716 26480 3688
22 30702 26482 3681
22 30686 26482 3687
22 30706 26479 3687
21 30723 26480 3687
23 30749 26479 3686
21 30846 26480 3689
22 30937 26475 3688
22 30990 26473 3687
22 31002 26469 3686
21 30943 26470 3686
23 30864 26461 3684
21 30791 26458 3687
22 30744 26458 3686
21 30719 26457 3687
23 30699 26453 3691
21 30702 26447 3696
22 30708 26443 3694
22 30736 26441 3696
22 30776 26437 3696
21 30798 26433 3692
23 30827 26435 3696
21 30807 26428 3696
22 30812 26427 3696
23 30786 26425 3695
21 30741 26425 3697
22 30733 26421 3694
22 30719 26421 3695
22 30702 26421 3696
21 30683 26417 3687
23 30676 26416 3688
21 30668 26420 3680
22 30670 26419 3688
22 30686 26421 3684
22 30701 26420 3688
21 30723 26419 3689
23 30716 26425 3687
21 30707 26421 3687
22 30700 26418 3687
22 30682 26417 3690
22 30661 26425 3688
21 30655 26425 3684
23 30673 26425 3688
21 30727 26431 3687
22 30830 26433 3696
22 30886 26439 3696
22 30925 26453 3696
21 30903 26455 3689
23 30848 26464 3698
21 30780 26462 3694
22 30732 26464 3695
22 30696 26454 3699
22 30680 26445 3700
21 30685 26435 3698
23 30692 26426 3695
21 30714 26418 3698
22 30712 26403 3696
22 30729 26395 3696
22 30737 26383 3695
21 30705 26377 3687
23 30711 26376 3686
21 30675 26366 3686
22 30641 26364 3683
22 30622 26361 3685
22 30624 26359 3686
21 30635 26359 3687
23 30642 26357 3686
22 30618 26355 3688
21 30597 26352 3683
23 30595 26347 3684
21 30619 26347 3684
22 30631 26346 3685
22 30608 26345 3685
22 30603 26339 3698
21 30628 26340 3700
23 30642 26336 3694
21 30637 26334 3696
22 30663 26338 3694
21 30697 26336 3695
23 30778 26342 3696
21 30846 26348 3699
22 30915 26354 3692
22 30908 26357 3695
22 30862 26366 3702
21 30793 26368 3694
23 30745 26375 3698
21 30684 26387 3697
22 30655 26391 3694
22 30623 26398 3685
22 30612 26404 3685
21 30634 26405 3685
23 30651 26405 3686
21 30690 26410 3686
22 30681 26411 3683
22 30672 26409 3689
22 30685 26407 3678
21 30665 26409 3686
23 30651 26415 3688
21 30614 26409 3687
22 30568 26402 3686
22 30529 26406 3688
22 30516 26401 3688
21 30518 26400 3687
23 30519 26400 3699
21 30538 26395 3699
22 30565 26392 3693
22 30579 26387 3696
22 30601 26385 3697
21 30609 26373 3695
23 30607 26367 3694
22 30582 26354 3698
21 30580 26350 3695
23 30568 26337 3695
21 30605 26332 3700
22 30697 26321 3694
22 30766 26317 3699
22 30858 26307 3699
21 30922 26310 3685
23 30934 26302 3688
21 30883 26304 3688
22 30810 26300 3686
22 30745 26300 3688
22 30735 26304 3686
21 30700 26302 3686
23 30684 26302 3686
21 30671 26305 3682
22 30688 26303 3681
22 30686 26298 3686
22 30710 26301 3690
21 30724 26297 3682
23 30724 26297 3687
21 30723 26300 3686
22 30690 26298 3696
22 30682 26297 3698
22 30656 26295 3696
21 30638 26288 3701
23 30651 26295 3697
21 30634 26291 3693
22 30644 26292 3696
22 30637 26289 3692
22 30635 26292 3694
21 30638 26286 3696
22 30628 26288 3696
22 30639 26290 3695
22 30639 26287 3694
21 30657 26290 3696
23 30637 26285 3688
21 30642 26289 3688
22 30618 26288 3684
22 30586 26286 3689
22 30613 26292 3687
21 30672 26290 3685
23 30784 26291 3684
22 30909 26294 3684
21 30981 26299 3685
23 30987 26298 3686
21 30966 26299 3684
22 30884 26304 3684
22 30818 26308 3686
22 30737 26307 3688
21 30683 26304 3686
23 30649 26308 3698
21 30654 26306 3701
22 30656 26304 3696
22 30686 26307 3700
22 30697 26298 3694
21 30729 26297 3694
23 30714 26295 3694
21 30723 26290 3700
22 30718 26291 3699
22 30699 26288 3694
22 30664 26289 3696
21 30630 26287 3695
23 30605 26286 3698
21 30589 26281 3700
22 30613 26284 3693
22 30598 26282 3686
22 30616 26280 3687
21 30617 26281 3686
23 30623 26278 3685
21 30620 26279 3688
22 30624 26271 3685
22 30615 26273 3687
22 30589 26276 3685
21 30612 26269 3687
23 30581 26270 3687
21 30626 26266 3684
22 30722 26262 3686
22 30825 26263 3684
22 30928 26262 3684
21 30964 26257 3679
23 30932 26258 3696
21 30888 26261 3697
22 30814 26259 3693
23 30710 26261 3695
21 30636 26260 3699
22 30596 26268 3694
22 30588 26268 3695
22 30583 26271 3696
21 30628 26272 3695
23 30650 26269 3693
21 30685 26277 3691
22 30709 26278 3694
22 30692 26278 3694
22 30684 26279 3697
21 30646 26282 3687
22 30623 26279 3684
22 30584 26281 3686
22 30564 26282 3684
21 30572 26280 3687
23 30545 26279 3684
21 30553 26277 3688
22 30559 26280 3683
22 30571 26278 3690
22 30547 26277 3686
21 30568 26275 3683
23 30547 26274 3684
21 30558 26276 3687
22 30573 26274 3687
22 30557 26274 3694
22 30564 26271 3698
21 30561 26275 3698
23 30575 26275 3699
21 30576 26270 3694
22 30577 26270 3694
22 30654 26273 3695
22 30754 26269 3697
21 30914 26261 3692
23 31043 26270 3696
21 31077 26259 3698
22 31052 26253 3693
22 30969 26253 3694
22 30864 26252 3697
21 30768 26249 3695
23 30688 26248 3684
22 30648 26246 3685
21 30648 26245 3685
23 30678 26245 3685
21 30685 26246 3686
22 30731 26246 3682
22 30765 26246 3688
22 30765 26247 3685
21 30794 26244 3685
23 30784 26245 3689
21 30744 26246 3686
22 30708 26241 3685
22 30665 26241 3685
22 30648 26242 3685
21 30621 26243 3686
23 30617 26235 3694
21 30631 26235 3695
22 30645 26235 3694
22 30655 26227 3696
22 30659 26230 3697
21 30685 26230 3693
23 30677 26228 3693
21 30648 26224 3695
22 30673 26225 3692
22 30668 26227 3698
22 30669 26233 3697
21 30661 26230 3697
23 30660 26226 3694
21 30653 26231 3693
22 30660 26232 3687
22 30664 26233 3682
22 30767 26233 3685
21 30913 26235 3684
23 31072 26231 3687
21 31183 26231 3686
22 31178 26234 3688
21 31083 26229 3681
23 30970 26225 3685
21 30849 26229 3690
22 30740 26230 3685
22 30674 26229 3684
22 30638 26227 3686
21 30638 26229 3685
23 30649 26230 3686
22 30686 26226 3684
21 30738 26225 3696
23 30757 26222 3692
21 30770 26229 3695
22 30773 26220 3694
22 30759 26220 3691
22 30708 26219 3694
21 30669 26223 3698
23 30634 26219 3695
21 30614 26220 3697
22 30578 26213 3697
22 30578 26218 3694
22 30592 26218 3692
21 30604 26214 3693
23 30600 26211 3695
21 30599 26217 3685
22 30601 26214 3684
22 30611 26209 3685
22 30606 26207 3687
21 30608 26208 3686
23 30592 26205 3685
21 30580 26204 3690
22 30589 26189 3682
22 30588 26171 3685
22 30601 26142 3687
21 30671 26106 3682
23 30806 26056 3685
21 30988 26010 3688
22 31158 25953 3681
22 31233 25897 3698
22 31216 25842 3703
21 31116 25795 3691
23 30974 25758 3696
21 30828 25727 3695
22 30720 25692 3694
22 30674 25672 3695
22 30666 25653 3693
21 30674 25640 3695
23 30738 25632 3689
21 30792 25625 3692
22 30842 25620 3689
23 30845 25618 3694
21 30861 25618 3693
22 30836 25618 3691
22 30784 25617 3683
22 30734 25621 3685
21 30715 25625 3683
23 30693 25628 3688
21 30690 25629 3686
22 30686 25627 3685
22 30686 25630 3682
22 30701 25629 3684
21 30710 25630 3683
23 30732 25634 3685
21 30724 25631 3683
22 30734 25624 3683
21 30701 25621 3685
23 30697 25621 3686
21 30697 25614 3694
22 30699 25610 3695
22 30698 25608 3696
22 30794 25603 3696
21 30956 25593 3693
23 31127 25589 3694
21 31237 25588 3693
22 31254 25588 3693
22 31184 25585 3689
22 31030 25582 3699
21 30907 25589 3694
23 30791 25589 3694
21 30715 25596 3691
22 30655 25603 3695
22 30648 25601 3693
22 30702 25603 3683
21 30733 25607 3684
23 30788 25616 3682
21 30810 25611 3686
22 30826 25616 3685
22 30800 25618 3687
22 30768 25613 3683
21 30728 25615 3684
23 30681 25615 3687
21 30645 25617 3684
22 30610 25616 3682
23 30600 25613 3686
21 30632 25616 3684
22 30642 25611 3683
22 30650 25609 3684
22 30667 25606 3690
21 30677 25604 3690
23 30668 25596 3695
21 30695 25595 3692
22 30691 25593 3694
22 30692 25586 3694
22 30695 25584 3696
21 30693 25577 3695
23 30665 25573 3693
21 30675 25572 3693
22 30715 25566 3696
22 30868 25564 3693
22 31055 25563 3693
21 31223 25560 3694
23 31317 25562 3683
21 31291 25562 3681
22 31189 25566 3680
22 31040 25563 3684
22 30898 25564 3685
21 30773 25564 3684
23 30706 25563 3688
21 30671 25565 3686
22 30685 25559 3685
22 30730 25559 3685
22 30796 25567 3685
21 30822 25559 3683
23 30831 25560 3686
21 30808 25564 3683
22 30787 25571 3686
22 30763 25582 3695
22 30719 25592 3691
21 30687 25607 3695
22 30657 25615 3695
22 30654 25631 3693
22 30634 25644 3697
21 30607 25660 3690
23 30584 25675 3694
21 30569 25693 3697
22 30597 25701 3695
23 30617 25713 3694
21 30621 25726 3693
22 30654 25726 3696
22 30707 25731 3692
22 30741 25736 3690
21 30773 25732 3685
23 30803 25728 3685
21 30821 25722 3684
22 30816 25717 3683
22 30833 25702 3683
22 30935 25690 3687
21 31081 25681 3686
23 31247 25668 3683
21 31384 25650 3683
22 31405 25641 3686
22 31319 25627 3683
22 31160 25610 3685
21 30954 25597 3684
23 30802 25582 3683
21 30671 25570 3698
22 30634 25557 3695
22 30645 25545 3695
22 30702 25541 3693
21 30795 25534 3692
23 30889 25528 3691
21 30964 25526 3694
22 30993 25522 3690
22 30967 25524 3696
22 30953 25525 3694
21 30893 25523 3688
23 30831 25525 3695
21 30761 25522 3697
22 30697 25518 3695
22 30652 25512 3693
22 30617 25508 3685
21 30644 25505 3685
23 30679 25503 3684
21 30714 25499 3682
22 30764 25493 3686
22 30807 25488 3684
22 30815 25483 3682
22 30821 25481 3680
22 30792 25478 3683
22 30799 25468 3685
21 30880 25465 3682
23 31027 25471 3681
21 31186 25473 3685
22 31257 25486 3683
22 31247 25495 3689
22 31135 25506 3693
21 30978 25512 3694
23 30804 25526 3692
21 30672 25537 3695
22 30607 25548 3693
22 30574 25557 3696
22 30589 25570 3694
21 30620 25577 3695
22 30691 25579 3691
22 30746 25586 3695
22 30776 25586 3694
21 30811 25591 3691
23 30797 25596 3694
21 30773 25597 3692
22 30715 25608 3683
22 30629 25619 3686
22 30593 25627 3685
21 30584 25636 3684
23 30587 25648 3686
21 30598 25654 3686
22 30611 25670 3686
22 30619 25684 3682
22 30627 25698 3683
21 30619 25713 3682
23 30629 25710 3686
21 30641 25718 3681
22 30645 25721 3685
22 30728 25729 3684
22 30933 25720 3683
21 31155 25711 3691
23 31320 25709 3694
21 31329 25695 3696
22 31258 25687 3695
23 31076 25678 3692
21 30899 25671 3694
22 30729 25662 3694
22 30645 25655 3695
22 30618 25655 3698
21 30600 25651 3694
23 30624 25661 3694
21 30655 25680 3694
22 30675 25690 3691
22 30700 25712 3693
22 30703 25735 3682
21 30676 25759 3683
23 30670 25780 3685
21 30652 25804 3684
22 30614 25832 3683
22 30588 25856 3683
22 30561 25881 3685
21 30527 25907 3686
23 30519 25925 3686
21 30507 25953 3682
22 30487 25975 3683
22 30492 25992 3683
22 30493 26013 3684
21 30516 26035 3677
23 30530 26052 3683
21 30542 26066 3694
22 30627 26081 3691
22 30792 26091 3689
22 30984 26109 3692
21 31145 26116 3690
23 31182 26125 3693
21 31110 26134 3689
22 30950 26139 3694
22 30756 26150 3695
22 30603 26157 3694
21 30510 26165 3692
23 30471 26168 3692
21 30476 26174 3693
22 30503 26170 3696
21 30519 26182 3685
23 30538 26188 3685
21 30579 26193 3685
22 30591 26194 3680
23 30591 26205 3683
21 30561 26213 3682
22 30539 26217 3685
22 30507 26225 3681
22 30467 26233 3688
21 30450 26243 3682
23 30442 26251 3682
21 30423 26259 3683
22 30445 26268 3683
22 30442 26278 3681
22 30455 26286 3685
21 30496 26290 3683
23 30537 26297 3695
21 30534 26305 3694
22 30551 26313 3692
22 30538 26320 3692
22 30571 26320 3694
21 30697 26324 3693
23 30903 26326 3698
21 31086 26329 3694
22 31192 26330 3693
22 31133 26333 3691
22 30990 26334 3695
21 30804 26333 3693
23 30635 26331 3693
21 30536 26328 3693
22 30463 26330 3684
22 30453 26326 3683
22 30486 26327 3684
21 30504 26322 3678
23 30535 26320 3682
21 30581 26316 3683
22 30600 26316 3679
22 30614 26313 3687
22 30596 26314 3682
21 30580 26315 3682
23 30521 26317 3683
21 30485 26321 3683
22 30442 26322 3683
22 30417 26323 3683
22 30419 26328 3689
21 30443 26330 3692
23 30446 26336 3690
22 30456 26337 3692
21 30467 26343 3691
23 30459 26343 3690
21 30462 26347 3695
22 30485 26347 3690
22 30478 26351 3695
22 30452 26353 3693
21 30467 26353 3692
23 30477 26356 3691
21 30479 26359 3695
22 30486 26355 3693
22 30492 26354 3693
22 30569 26358 3682
21 30738 26361 3686
23 30935 26361 3685
21 31098 26358 3683
22 31141 26361 3685
21 31054 26361 3684
23 30908 26360 3683
21 30762 26359 3687
22 30623 26360 3681
22 30506 26361 3684
22 30464 26363 3686
21 30469 26357 3685
23 30513 26358 3684
21 30550 26360 3687
22 30596 26354 3684
22 30644 26353 3689
22 30655 26356 3694
21 30646 26354 3690
23 30627 26354 3697
21 30607 26354 3689
22 30580 26356 3693
22 30554 26359 3695
22 30538 26351 3693
21 30544 26353 3695
23 30555 26359 3695
21 30541 26359 3692
22 30554 26355 3690
22 30572 26356 3695
22 30563 26349 3696
21 30566 26345 3680
23 30570 26345 3682
22 30566 26348 3684
21 30589 26345 3682
23 30597 26343 3682
21 30623 26345 3683
22 30657 26349 3682
22 30745 26349 3682
22 30894 26349 3683
21 31027 26352 3682
23 31091 26352 3681
21 31044 26355 3683
22 30948 26354 3680
22 30832 26357 3686
22 30711 26356 3682
21 30623 26356 3689
23 30557 26355 3690
21 30550 26358 3697
22 30548 26358 3691
22 30582 26357 3692
22 30620 26356 3690
21 30661 26352 3694
23 30684 26349 3691
21 30684 26348 3693
22 30673 26342 3686
22 30649 26341 3696
22 30604 26339 3696
21 30581 26341 3688
23 30556 26337 3692
21 30553 26334 3685
22 30516 26326 3683
22 30541 26324 3687
22 30535 26324 3685
21 30546 26320 3683
23 30555 26322 3684
21 30548 26319 3680
22 30568 26316 3682
22 30558 26315 3683
22 30590 26311 3680
21 30608 26316 3684
22 30604 26310 3685
22 30604 26310 3688
22 30660 26309 3689
22 30699 26312 3680
22 30803 26308 3693
22 30960 26308 3692
21 31091 26308 3689
23 31128 26310 3694
21 31072 26307 3697
22 31004 26312 3695
22 30869 26314 3692
22 30752 26319 3692
21 30695 26322 3693
23 30649 26326 3694
21 30646 26327 3691
22 30631 26335 3690
22 30653 26333 3695
22 30675 26335 3691
21 30680 26332 3695
23 30678 26341 3681
21 30680 26333 3682
22 30649 26336 3682
22 30608 26339 3684
22 30591 26330 3682
21 30567 26328 3684
23 30582 26333 3682
21 30564 26328 3684
22 30548 26326 3685
22 30570 26326 3683
22 30569 26324 3684
21 30574 26327 3682
23 30567 26326 3686
21 30561 26328 3684
22 30551 26332 3691
22 30556 26331 3693
22 30568 26339 3692
21 30562 26334 3689
23 30559 26343 3691
21 30560 26340 3695
22 30554 26346 3693
22 30558 26347 3690
22 30546 26344 3695
21 30582 26345 3691
23 30667 26343 3690
22 30803 26343 3690
21 30954 26342 3693
23 31053 26345 3692
21 31098 26343 3693
22 31044 26338 3678
22 30967 26337 3681
22 30853 26337 3681
21 30756 26337 3681
23 30671 26335 3681
21 30650 26332 3684
22 30622 26335 3682
22 30605 26333 3683
22 30623 26333 3679
21 30642 26335 3684
23 30644 26332 3682
21 30691 26337 3683
22 30675 26349 3684
22 30672 26344 3683
22 30667 26346 3683
21 30659 26351 3694
22 30668 26348 3690
22 30634 26354 3695
22 30625 26354 3698
21 30634 26354 3692
23 30634 26355 3692
21 30608 26357 3691
22 30613 26355 3691
22 30599 26351 3691
22 30592 26353 3694
21 30629 26348 3693
23 30624 26352 3690
21 30649 26350 3691
22 30651 26347 3690
22 30659 26350 3682
22 30660 26348 3683
21 30656 26346 3682
23 30660 26349 3682
21 30665 26347 3686
22 30678 26348 3681
22 30756 26349 3683
22 30893 26342 3686
21 31028 26344 3680
23 31131 26344 3681
22 31175 26337 3685
21 31156 26337 3683
23 31055 26339 3684
21 30948 26336 3683
22 30834 26333 3683
22 30765 26333 3693
22 30736 26335 3692
21 30735 26332 3691
23 30770 26333 3691
21 30804 26343 3692
22 30848 26341 3686
22 30874 26344 3694
22 30904 26348 3695
21 30915 26347 3689
23 30911 26347 3690
21 30895 26344 3693
22 30858 26345 3690
22 30830 26345 3690
22 30811 26352 3694
21 30808 26351 3682
23 30768 26353 3681
21 30760 26355 3680
22 30769 26352 3684
22 30763 26354 3682
22 30765 26359 3681
21 30774 26366 3679
23 30770 26359 3683
21 30785 26362 3684
22 30793 26360 3682
22 30823 26361 3679
22 30829 26361 3683
21 30832 26359 3681
23 30935 26356 3684
21 31055 26356 3684
22 31195 26350 3691
22 31322 26351 3692
22 31351 26348 3688
21 31300 26349 3690
23 31201 26345 3690
21 31109 26345 3691
22 31006 26343 3696
21 30943 26349 3689
23 30897 26346 3692
22 30879 26352 3695
21 30901 26356 3687
23 30938 26354 3695
21 30973 26356 3692
22 31020 26358 3690
22 31043 26361 3694
22 31063 26362 3683
21 31047 26361 3681
23 31032 26367 3681
21 30975 26366 3683
22 30932 26367 3680
22 30900 26370 3682
22 30880 26369 3674
21 30866 26368 3679
23 30871 26369 3682
21 30894 26370 3679
22 30905 26377 3683
22 30931 26377 3681
22 30928 26374 3680
21 30928 26368 3682
23 30930 26372 3682
21 30932 26367 3695
22 30941 26363 3691
22 31000 26361 3693
22 31111 26362 3694
21 31264 26358 3694
23 31378 26350 3694
21 31442 26358 3693
22 31422 26351 3693
22 31327 26349 3693
22 31214 26347 3690
21 31074 26344 3689
23 30950 26343 3692
21 30874 26344 3691
22 30829 26344 3692
22 30784 26341 3685
22 30785 26343 3688
21 30787 26338 3685
23 30809 26333 3681
21 30835 26336 3682
22 30853 26329 3681
23 30874 26327 3682
21 30840 26327 3680
22 30818 26325 3680
22 30801 26327 3686
22 30758 26322 3680
21 30770 26333 3678
23 30753 26330 3682
21 30767 26333 3682
22 30748 26337 3689
22 30772 26335 3688
22 30768 26335 3691
21 30771 26339 3691
23 30756 26341 3690
21 30775 26344 3693
22 30778 26340 3691
22 30784 26344 3692
22 30821 26348 3693
21 30840 26351 3692
23 30832 26352 3690
21 30865 26352 3687
22 30903 26357 3691
21 31049 26350 3692
23 31245 26351 3692
21 31392 26356 3680
22 31450 26353 3680
22 31420 26346 3685
22 31302 26347 3685
21 31133 26347 3680
23 30965 26344 3681
21 30858 26345 3682
22 30778 26344 3679
22 30768 26342 3682
22 30799 26340 3684
21 30864 26339 3683
23 30899 26337 3681
21 30908 26339 3679
22 30903 26343 3681
22 30898 26342 3681
22 30898 26342 3685
21 30861 26342 3690
23 30831 26349 3691
21 30804 26346 3691
22 30785 26347 3688
23 30770 26355 3691
21 30764 26350 3690
22 30774 26348 3690
22 30763 26349 3689
22 30774 26350 3692
21 30766 26353 3689
23 30765 26350 3691
21 30772 26355 3692
22 30752 26352 3689
22 30759 26352 3681
22 30743 26352 3682
21 30735 26357 3680
23 30747 26354 3681
21 30829 26358 3682
22 30976 26357 3678
22 31134 26361 3678
22 31240 26365 3681
21 31260 26364 3681
23 31163 26363 3685
21 31030 26365 3685
22 30888 26363 3681
22 30739 26364 3680
22 30636 26369 3679
21 30611 26366 3681
23 30610 26367 3681
21 30649 26362 3692
22 30694 26362 3688
22 30744 26362 3690
22 30796 26361 3691
21 30842 26361 3688
23 30851 26363 3690
21 30821 26366 3696
22 30792 26366 3688
22 30732 26363 3691
22 30661 26369 3690
21 30620 26372 3691
23 30577 26373 3689
21 30572 26375 3690
22 30548 26382 3692
22 30526 26383 3680
22 30540 26386 3681
22 30549 26389 3681
21 30573 26392 3684
23 30582 26394 3681
21 30615 26396 3684
22 30697 26401 3679
22 30804 26401 3680
22 30970 26407 3681
21 31078 26405 3679
23 31118 26407 3679
21 31046 26413 3681
22 30954 26414 3680
22 30826 26418 3680
22 30716 26417 3690
21 30636 26417 3691
23 30555 26417 3689
21 30544 26423 3690
22 30523 26413 3690
22 30577 26408 3691
22 30585 26404 3689
21 30603 26402 3694
23 30656 26400 3690
21 30659 26394 3694
22 30655 26391 3690
22 30648 26397 3691
22 30625 26394 3696
21 30607 26390 3689
23 30579 26393 3691
21 30543 26401 3683
22 30525 26400 3681
22 30516 26400 3681
22 30494 26403 3680
21 30523 26405 3681
23 30519 26406 3681
21 30513 26408 3683
22 30538 26406 3682
22 30592 26403 3682
22 30689 26407 3682
21 30830 26405 3679
23 30928 26399 3687
21 30964 26400 3678
22 30936 26392 3680
23 30840 26389 3689
21 30760 26385 3692
22 30657 26386 3690
22 30559 26375 3690
22 30508 26377 3687
21 30488 26368 3691
23 30483 26362 3690
21 30516 26361 3690
22 30545 26362 3687
22 30565 26351 3690
22 30573 26351 3689
21 30575 26352 3687
23 30537 26354 3689
21 30541 26350 3691
22 30537 26350 3692
22 30559 26352 3681
22 30569 26356 3680
21 30573 26358 3684
23 30564 26354 3682
21 30538 26354 3681
22 30499 26353 3683
22 30476 26354 3679
22 30451 26359 3680
21 30447 26355 3681
22 30477 26351 3679
22 30558 26355 3681
22 30651 26354 3683
21 30748 26353 3681
23 30794 26359 3682
21 30787 26359 3682
22 30714 26359 3688
22 30658 26365 3691
22 30566 26365 3691
21 30490 26362 3688
23 30439 26362 3687
21 30429 26365 3692
22 30440 26367 3691
22 30439 26368 3688
22 30464 26375 3693
21 30473 26377 3693
23 30476 26373 3689
21 30490 26373 3681
22 30467 26375 3693
23 30444 26379 3690
21 30442 26374 3687
22 30398 26375 3681
22 30380 26384 3682
22 30383 26374 3682
21 30368 26372 3682
23 30368 26369 3683
21 30389 26366 3679
22 30384 26359 3681
22 30394 26360 3679
22 30463 26353 3681
21 30533 26350 3681
23 30647 26346 3680
21 30723 26342 3681
22 30752 26339 3678
22 30748 26341 3679
22 30701 26339 3697
21 30627 26336 3685
23 30556 26334 3692
21 30482 26334 3695
22 30445 26326 3691
22 30403 26325 3685
22 30403 26327 3691
21 30397 26323 3689
23 30417 26321 3691
21 30469 26316 3687
22 30488 26318 3692
22 30473 26315 3691
22 30489 26316 3688
21 30448 26320 3685
23 30445 26312 3688
21 30423 26315 3683
22 30395 26314 3680
22 30378 26318 3680
22 30366 26315 3679
21 30364 26315 3682
23 30373 26319 3681
21 30388 26320 3682
22 30380 26319 3679
22 30376 26317 3682
22 30397 26321 3681
21 30433 26324 3679
23 30502 26323 3683
22 30605 26324 3680
21 30671 26330 3680
22 30707 26321 3691
22 30705 26325 3689
22 30667 26327 3697
21 30621 26324 3691
23 30547 26327 3692
21 30519 26330 3691
22 30469 26328 3688
22 30451 26328 3692
22 30454 26326 3689
21 30441 26327 3690
23 30438 26330 3685
21 30438 26324 3691
22 30464 26327 3688
22 30487 26327 3692
22 30463 26325 3692
21 30429 26324 3684
23 30405 26323 3682
21 30415 26325 3685
22 30391 26326 3681
22 30367 26327 3681
22 30380 26324 3682
21 30362 26322 3679
23 30369 26323 3680
21 30382 26320 3680
22 30386 26318 3681
22 30389 26321 3682
22 30394 26321 3681
21 30408 26322 3680
23 30416 26321 3681
21 30424 26324 3688
22 30451 26320 3690
22 30519 26323 3690
22 30584 26326 3690
21 30658 26328 3685
23 30703 26330 3690
21 30682 26334 3689
22 30658 26334 3683
22 30611 26338 3693
22 30546 26346 3692
21 30507 26342 3690
23 30462 26341 3691
22 30446 26350 3691
21 30429 26349 3689
23 30474 26348 3691
21 30481 26359 3679
22 30466 26357 3681
22 30477 26360 3680
22 30485 26364 3678
21 30486 26372 3676
23 30468 26364 3683
21 30457 26364 3681
22 30431 26371 3680
22 30408 26376 3679
22 30388 26381 3683
21 30383 26387 3682
23 30378 26391 3680
21 30403 26402 3678
22 30403 26405 3679
22 30421 26412 3680
22 30453 26416 3686
21 30488 26423 3692
23 30518 26428 3690
21 30589 26436 3690
22 30625 26443 3691
21 30645 26444 3690
23 30627 26448 3689
21 30585 26453 3693
22 30538 26456 3688
22 30483 26459 3690
22 30452 26469 3690
21 30409 26469 3687
23 30402 26471 3690
21 30392 26469 3691
22 30400 26470 3679
22 30390 26471 3680
22 30404 26475 3682
21 30415 26472 3680
23 30421 26472 3679
21 30433 26472 3681
22 30407 26465 3681
22 30421 26469 3684
22 30387 26476 3680
22 30387 26469 3683
22 30380 26467 3683
22 30380 26469 3680
21 30393 26463 3680
23 30374 26470 3681
21 30386 26462 3680
22 30437 26456 3689
22 30517 26456 3690
22 30613 26460 3689
21 30699 26455 3689
23 30741 26453 3691
21 30747 26451 3689
22 30716 26446 3689
22 30649 26445 3692
22 30595 26439 3691
21 30539 26444 3688
23 30481 26442 3691
21 30447 26439 3691
22 30423 26439 3686
22 30430 26431 3690
22 30443 26433 3680
21 30435 26430 3680
23 30443 26426 3679
21 30441 26429 3680
22 30438 26425 3680
22 30431 26421 3681
22 30410 26423 3679
21 30391 26421 3680
23 30383 26418 3680
21 30364 26417 3680
22 30379 26425 3679
22 30394 26419 3679
22 30426 26422 3683
21 30523 26425 3677
23 30620 26434 3680
21 30766 26446 3680
22 30919 26457 3690
22 31043 26474 3689
22 31085 26489 3687
21 31069 26504 3690
23 30984 26522 3690
22 30889 26536 3688
21 30765 26551 3689
23 30668 26555 3690
21 30600 26566 3691
22 30553 26582 3691
21 30543 26582 3689
23 30519 26586 3690
21 30523 26589 3697
22 30522 26592 3688
22 30515 26590 3682
22 30497 26592 3684
21 30469 26589 3679
23 30463 26590 3681
21 30429 26582 3682
22 30411 26581 3681
22 30406 26575 3680
22 30388 26571 3678
21 30388 26566 3679
23 30386 26558 3680
21 30406 26551 3681
22 30423 26545 3682
22 30472 26535 3681
22 30584 26527 3682
21 30711 26517 3690
23 30821 26516 3689
