23 26595 14578 3825
22 26582 14583 3820
21 26573 14569 3828
23 26573 14573 3816
21 26597 14571 3820
22 26570 14570 3817
21 26564 14579 3816
23 26561 14571 3820
21 26568 14564 3818
22 26574 14564 3822
22 26575 14548 3820
22 26579 14554 3825
21 26599 14556 3820
23 26585 14538 3819
21 26565 14554 3823
22 26573 14539 3827
22 26569 14539 3823
22 26589 14535 3820
21 26586 14534 3822
23 26599 14537 3824
21 26607 14527 3814
22 26598 14531 3827
22 26589 14530 3819
22 26596 14525 3818
21 26593 14525 3820
23 26589 14516 3823
21 26575 14518 3823
22 26587 14522 3825
22 26594 14511 3825
22 26591 14523 3824
21 26610 14518 3814
23 26606 14510 3822
21 26584 14519 3821
22 26602 14516 3818
22 26579 14518 3826
22 26602 14516 3825
21 26581 14508 3820
23 26582 14512 3823
21 26564 14505 3820
22 26573 14512 3821
22 26595 14528 3820
22 26571 14517 3826
21 26587 14525 3819
23 26582 14528 3816
22 26583 14526 3820
21 26576 14538 3820
23 26565 14546 3818
21 26564 14539 3823
22 26550 14554 3819
22 26571 14550 3822
22 26541 14557 3816
21 26548 14560 3823
23 26534 14568 3828
21 26546 14581 3819
22 26552 14586 3821
22 26551 14588 3828
22 26570 14605 3823
21 26557 14607 3822
23 26564 14607 3825
21 26554 14615 3814
22 26547 14614 3821
22 26563 14621 3820
22 26601 14627 3819
21 26585 14646 3824
23 26585 14655 3822
21 26578 14663 3821
22 26569 14677 3820
22 26573 14684 3817
22 26544 14693 3821
21 26544 14707 3820
22 26536 14716 3827
22 26549 14721 3821
22 26565 14732 3822
21 26549 14735 3825
23 26548 14727 3819
21 26558 14739 3828
22 26557 14741 3822
22 26559 14734 3824
22 26548 14739 3826
21 26541 14728 3816
23 26547 14722 3825
21 26543 14723 3817
22 26539 14712 3825
22 26539 14707 3824
22 26544 14708 3823
21 26536 14702 3825
23 26532 14706 3825
22 26537 14710 3823
21 26547 14702 3818
23 26561 14707 3827
21 26555 14714 3820
22 26570 14722 3819
22 26555 14714 3820
22 26558 14722 3821
21 26567 14731 3821
23 26547 14737 3820
21 26554 14731 3824
22 26530 14738 3825
22 26551 14741 3823
22 26539 14743 3824
21 26548 14741 3821
23 26568 14747 3821
21 26574 14746 3821
22 26566 14737 3822
22 26578 14753 3821
22 26583 14741 3820
21 26578 14753 3817
23 26563 14745 3818
21 26583 14743 3817
22 26559 14748 3820
22 26569 14748 3818
22 26585 14747 3824
21 26585 14756 3825
23 26549 14754 3825
21 26557 14753 3820
22 26559 14762 3820
22 26564 14768 3822
22 26571 14761 3824
21 26560 14760 3825
23 26551 14766 3825
21 26564 14757 3816
22 26579 14766 3825
22 26580 14759 3822
22 26587 14766 3816
21 26588 14766 3825
23 26583 14763 3821
21 26581 14757 3819
22 26582 14760 3825
23 26548 14761 3826
21 26570 14758 3821
22 26558 14763 3825
22 26561 14766 3821
22 26578 14766 3821
21 26587 14761 3819
22 26575 14761 3828
22 26561 14762 3824
22 26589 14763 3824
21 26577 14762 3823
23 26592 14769 3828
21 26576 14766 3825
22 26589 14762 3825
22 26579 14761 3823
22 26581 14767 3827
21 26583 14769 3825
23 26570 14769 3825
21 26565 14765 3819
22 26569 14764 3828
22 26569 14764 3820
22 26575 14770 3822
21 26580 14772 3819
23 26552 14763 3820
21 26568 14763 3823
22 26567 14767 3824
22 26590 14757 3826
22 26578 14768 3818
21 26586 14762 3821
23 26612 14755 3822
21 26634 14761 3822
22 26673 14762 3823
22 26680 14759 3827
22 26676 14763 3823
21 26661 14754 3826
23 26643 14754 3822
21 26618 14742 3819
22 26599 14740 3821
22 26587 14743 3821
22 26577 14742 3823
21 26578 14733 3824
23 26572 14726 3819
21 26590 14723 3826
22 26576 14724 3817
23 26592 14722 3816
21 26585 14714 3816
22 26587 14717 3820
22 26585 14712 3816
22 26583 14703 3822
21 26572 14696 3822
23 26555 14698 3821
21 26581 14694 3820
22 26575 14696 3824
22 26574 14690 3825
22 26566 14688 3825
21 26577 14683 3821
23 26583 14686 3821
21 26567 14688 3828
22 26568 14682 3823
22 26555 14679 3824
22 26535 14682 3821
21 26563 14680 3823
23 26574 14670 3823
21 26584 14674 3820
22 26570 14667 3822
22 26558 14665 3822
22 26543 14670 3822
21 26550 14661 3828
23 26541 14654 3822
21 26540 14650 3818
22 26562 14647 3822
21 26579 14648 3820
23 26583 14653 3821
21 26589 14642 3820
22 26593 14647 3823
22 26577 14638 3825
22 26592 14639 3825
21 26598 14633 3825
23 26593 14626 3823
21 26585 14626 3825
22 26589 14624 3821
22 26579 14622 3825
22 26578 14621 3822
21 26562 14619 3829
23 26580 14621 3812
22 26569 14613 3824
21 26582 14611 3823
23 26613 14614 3818
21 26615 14614 3822
22 26609 14610 3823
22 26634 14600 3820
22 26654 14606 3823
21 26647 14598 3823
23 26635 14591 3822
21 26634 14604 3822
22 26646 14594 3823
22 26653 14590 3825
22 26636 14583 3821
21 26614 14580 3815
23 26615 14571 3822
21 26619 14563 3826
22 26617 14559 3820
22 26633 14561 3826
22 26659 14557 3825
21 26672 14545 3824
23 26664 14548 3822
21 26665 14544 3820
22 26682 14533 3818
22 26679 14533 3816
22 26682 14517 3821
21 26659 14517 3822
23 26657 14504 3815
21 26649 14486 3830
22 26640 14478 3823
22 26639 14463 3820
22 26629 14439 3825
21 26631 14426 3821
23 26625 14403 3824
21 26622 14385 3825
22 26620 14376 3819
22 26595 14355 3828
22 26602 14343 3827
21 26607 14332 3821
23 26624 14318 3827
21 26632 14309 3824
22 26620 14296 3820
23 26634 14286 3825
21 26619 14274 3818
22 26617 14258 3824
22 26609 14256 3822
22 26607 14251 3818
21 26595 14238 3816
23 26589 14240 3823
21 26581 14230 3821
22 26588 14217 3826
21 26589 14221 3820
23 26586 14203 3819
21 26593 14188 3819
22 26589 14185 3825
22 26596 14179 3825
22 26616 14174 3823
21 26631 14163 3819
23 26632 14161 3818
21 26645 14153 3822
22 26651 14148 3826
22 26657 14143 3819
22 26654 14139 3820
21 26633 14130 3825
23 26625 14131 3824
21 26617 14119 3821
22 26633 14124 3826
22 26600 14106 3818
22 26613 14107 3823
21 26611 14102 3826
23 26600 14095 3822
21 26620 14097 3819
22 26635 14105 3824
22 26656 14084 3826
22 26650 14095 3821
21 26643 14088 3826
23 26638 14079 3822
21 26624 14078 3823
22 26646 14084 3825
22 26628 14081 3825
22 26604 14074 3826
21 26604 14081 3825
23 26602 14082 3823
21 26603 14086 3823
22 26596 14081 3817
23 26593 14082 3824
21 26608 14084 3823
22 26601 14086 3817
22 26609 14086 3816
22 26605 14086 3824
21 26610 14086 3815
23 26603 14099 3815
21 26598 14088 3824
22 26599 14093 3820
22 26616 14097 3821
22 26620 14090 3816
21 26639 14102 3821
23 26655 14091 3819
21 26640 14094 3822
22 26623 14098 3826
22 26621 14094 3821
22 26634 14095 3823
21 26611 14096 3821
23 26602 14099 3821
21 26594 14095 3823
22 26600 14086 3825
22 26582 14088 3827
22 26573 14089 3818
21 26591 14091 3818
23 26599 14083 3821
21 26605 14075 3819
22 26584 14070 3821
22 26611 14065 3824
22 26594 14043 3818
21 26600 14031 3825
22 26599 14026 3816
22 26585 14009 3824
22 26588 14000 3815
21 26595 13989 3826
23 26573 13972 3825
21 26580 13969 3826
22 26572 13953 3824
22 26592 13940 3822
22 26582 13930 3827
21 26578 13924 3826
23 26576 13918 3816
21 26596 13901 3824
22 26628 13893 3829
23 26642 13892 3828
21 26655 13875 3817
22 26660 13871 3817
22 26630 13872 3813
22 26619 13861 3814
21 26612 13864 3818
23 26607 13850 3820
21 26602 13855 3826
22 26582 13851 3822
22 26603 13844 3822
22 26600 13851 3819
21 26615 13849 3828
23 26594 13855 3823
21 26600 13849 3824
22 26592 13845 3822
22 26611 13839 3822
22 26599 13846 3828
21 26590 13839 3817
23 26596 13838 3825
21 26585 13835 3822
22 26577 13841 3822
22 26599 13839 3820
22 26599 13831 3817
21 26607 13840 3817
23 26597 13838 3815
21 26600 13837 3823
22 26602 13836 3817
22 26582 13839 3815
22 26575 13836 3821
21 26586 13845 3821
23 26599 13837 3819
21 26602 13838 3822
22 26627 13842 3824
22 26649 13846 3823
22 26646 13846 3821
21 26629 13843 3826
23 26632 13843 3824
21 26608 13844 3825
22 26603 13850 3818
22 26603 13847 3818
22 26606 13842 3821
21 26588 13843 3825
23 26592 13844 3821
22 26584 13838 3817
21 26588 13837 3823
23 26597 13840 3823
21 26616 13838 3818
22 26636 13829 3825
22 26622 13832 3819
22 26633 13842 3818
21 26628 13834 3824
22 26613 13835 3818
22 26610 13839 3824
22 26599 13843 3819
21 26588 13841 3823
23 26590 13848 3825
21 26596 13852 3824
22 26584 13867 3826
22 26580 13856 3822
22 26579 13864 3821
21 26584 13869 3825
23 26579 13870 3824
21 26585 13867 3822
22 26599 13875 3826
22 26581 13882 3824
22 26590 13879 3821
21 26586 13890 3829
23 26588 13889 3825
21 26608 13883 3820
22 26615 13891 3822
22 26646 13876 3820
22 26657 13881 3819
21 26645 13885 3825
23 26654 13877 3821
21 26632 13886 3820
22 26613 13888 3819
22 26594 13886 3821
22 26598 13890 3823
21 26597 13885 3821
23 26626 13887 3824
21 26609 13890 3817
22 26622 13887 3818
22 26606 13887 3824
22 26609 13891 3825
22 26622 13886 3826
22 26610 13886 3825
22 26602 13890 3823
21 26614 13884 3818
23 26607 13888 3815
21 26610 13884 3823
22 26592 13892 3818
22 26603 13881 3816
22 26608 13884 3818
21 26610 13882 3826
23 26606 13897 3820
21 26626 13884 3826
22 26614 13889 3819
22 26597 13883 3827
22 26613 13881 3818
21 26610 13890 3827
23 26608 13882 3824
21 26598 13880 3823
22 26593 13883 3819
22 26575 13884 3820
22 26586 13888 3818
21 26618 13880 3822
23 26626 13883 3822
21 26643 13881 3819
22 26658 13879 3824
22 26656 13870 3821
22 26636 13880 3821
21 26627 13873 3816
23 26618 13867 3821
21 26596 13874 3820
22 26604 13869 3821
21 26587 13872 3823
23 26598 13862 3814
21 26594 13859 3820
22 26604 13863 3827
22 26602 13857 3816
22 26622 13850 3819
21 26604 13850 3818
23 26592 13845 3819
21 26596 13851 3822
22 26615 13849 3821
23 26606 13845 3826
21 26571 13843 3825
22 26584 13844 3827
22 26573 13847 3819
22 26583 13843 3820
21 26591 13838 3820
23 26592 13838 3824
21 26600 13839 3822
22 26592 13831 3823
22 26576 13827 3825
22 26597 13837 3822
21 26587 13836 3821
23 26600 13827 3825
21 26589 13838 3824
22 26598 13836 3826
22 26596 13838 3818
22 26592 13848 3820
21 26589 13836 3823
23 26598 13833 3821
21 26599 13834 3825
22 26622 13837 3821
22 26626 13837 3821
22 26629 13837 3821
21 26632 13837 3820
23 26624 13841 3825
21 26595 13839 3828
22 26593 13841 3819
22 26585 13838 3817
22 26575 13837 3816
21 26589 13838 3820
23 26610 13840 3815
21 26632 13835 3825
22 26618 13832 3824
22 26619 13836 3822
22 26607 13837 3823
21 26574 13843 3823
23 26603 13841 3820
21 26591 13837 3824
22 26598 13843 3813
22 26591 13846 3818
22 26589 13846 3822
21 26588 13847 3823
23 26588 13843 3811
22 26587 13851 3829
21 26582 13852 3824
23 26587 13858 3822
21 26610 13844 3822
22 26594 13850 3822
22 26603 13856 3821
22 26608 13843 3820
21 26618 13847 3820
23 26623 13859 3827
21 26619 13859 3817
22 26634 13852 3825
21 26597 13857 3819
23 26604 13851 3817
21 26608 13850 3819
22 26606 13849 3825
22 26581 13853 3823
22 26594 13849 3819
21 26590 13847 3819
23 26587 13849 3825
21 26595 13849 3826
22 26576 13848 3823
22 26591 13852 3820
22 26602 13859 3818
21 26614 13858 3816
23 26600 13859 3822
21 26593 13846 3817
22 26590 13846 3823
22 26589 13853 3822
22 26584 13852 3817
21 26608 13845 3814
23 26593 13841 3817
21 26592 13850 3819
22 26586 13847 3820
22 26591 13840 3817
22 26571 13851 3824
21 26592 13848 3825
23 26584 13853 3819
21 26608 13843 3825
22 26635 13850 3823
22 26644 13853 3824
22 26650 13844 3821
21 26615 13858 3820
23 26620 13852 3820
22 26615 13850 3815
21 26580 13851 3823
23 26571 13856 3816
21 26576 13858 3818
22 26573 13851 3823
22 26583 13855 3817
22 26586 13850 3826
21 26580 13852 3819
23 26586 13865 3815
21 26619 13850 3825
22 26610 13858 3823
22 26597 13856 3823
22 26601 13849 3816
21 26586 13856 3822
23 26587 13860 3820
21 26570 13852 3822
22 26567 13847 3820
22 26547 13859 3822
22 26560 13853 3820
21 26565 13860 3825
23 26571 13866 3822
21 26570 13856 3822
22 26589 13859 3824
22 26574 13852 3822
22 26583 13851 3820
21 26597 13858 3824
23 26603 13864 3821
21 26605 13854 3822
22 26636 13860 3825
22 26623 13857 3821
22 26622 13865 3820
21 26596 13857 3819
22 26586 13867 3820
22 26578 13860 3821
22 26577 13861 3821
21 26583 13867 3826
23 26568 13859 3825
21 26594 13858 3823
22 26557 13861 3820
22 26571 13861 3818
22 26603 13859 3819
21 26588 13865 3825
23 26590 13852 3823
22 26576 13852 3820
21 26566 13849 3827
23 26567 13853 3825
21 26589 13852 3817
22 26570 13850 3825
22 26587 13845 3818
22 26573 13849 3821
21 26560 13840 3819
23 26551 13836 3826
21 26548 13842 3827
22 26557 13839 3827
22 26569 13832 3822
22 26565 13844 3825
21 26571 13843 3824
23 26574 13837 3827
21 26565 13843 3825
22 26575 13840 3815
22 26568 13840 3828
22 26560 13832 3824
21 26560 13833 3822
23 26578 13840 3826
21 26583 13836 3820
22 26613 13835 3823
22 26622 13836 3823
22 26608 13832 3823
21 26596 13831 3817
23 26581 13839 3816
21 26579 13828 3821
22 26582 13832 3819
22 26589 13827 3817
22 26564 13828 3821
21 26563 13832 3822
23 26571 13829 3820
21 26580 13826 3825
22 26568 13835 3823
22 26561 13827 3818
22 26576 13833 3823
21 26552 13824 3823
23 26545 13828 3822
21 26541 13829 3825
22 26582 13829 3824
23 26584 13830 3821
21 26575 13823 3826
22 26582 13832 3825
22 26570 13830 3820
22 26586 13820 3821
21 26561 13822 3818
23 26575 13823 3822
21 26556 13819 3819
22 26572 13815 3824
22 26573 13813 3822
22 26560 13819 3821
21 26575 13811 3817
22 26575 13818 3825
22 26567 13813 3824
22 26555 13808 3816
21 26561 13807 3823
23 26548 13808 3826
21 26542 13806 3821
22 26556 13807 3828
22 26594 13799 3822
22 26592 13805 3825
21 26616 13800 3820
23 26605 13798 3825
21 26598 13799 3821
22 26601 13802 3816
22 26575 13798 3819
22 26577 13802 3819
21 26558 13788 3827
23 26559 13792 3824
21 26566 13793 3816
22 26567 13788 3821
22 26597 13786 3822
22 26582 13793 3818
21 26573 13794 3824
23 26577 13781 3822
21 26573 13792 3818
22 26563 13786 3824
22 26581 13787 3829
22 26561 13790 3824
21 26564 13784 3824
23 26575 13787 3819
22 26551 13787 3820
21 26555 13785 3822
23 26559 13787 3824
21 26585 13782 3824
22 26575 13783 3821
22 26560 13781 3819
22 26564 13777 3823
21 26541 13782 3819
23 26566 13784 3815
21 26561 13779 3819
22 26546 13782 3820
22 26551 13777 3814
22 26562 13777 3818
21 26545 13777 3821
23 26556 13781 3814
21 26573 13776 3818
22 26581 13779 3821
22 26585 13774 3820
22 26591 13772 3823
21 26602 13775 3820
23 26614 13775 3822
21 26607 13772 3825
22 26601 13772 3822
22 26594 13771 3820
22 26563 13768 3819
21 26570 13773 3821
23 26586 13767 3822
21 26581 13769 3818
22 26568 13767 3821
22 26574 13769 3822
22 26559 13770 3820
21 26584 13770 3820
23 26574 13764 3825
21 26576 13763 3821
22 26589 13766 3828
21 26584 13767 3826
23 26580 13768 3822
21 26568 13766 3822
22 26584 13773 3818
22 26560 13765 3825
22 26572 13771 3823
21 26576 13770 3820
23 26583 13767 3820
22 26558 13768 3820
21 26566 13763 3821
23 26573 13761 3825
21 26578 13762 3820
22 26576 13763 3825
22 26577 13768 3825
22 26572 13765 3821
21 26586 13763 3821
23 26565 13759 3825
21 26568 13769 3821
22 26567 13764 3822
22 26569 13753 3821
22 26586 13764 3820
21 26601 13762 3820
23 26609 13752 3817
21 26613 13756 3824
22 26621 13757 3819
22 26610 13758 3827
22 26582 13759 3824
21 26582 13757 3822
23 26577 13759 3822
21 26580 13757 3825
22 26585 13759 3821
22 26594 13765 3820
22 26582 13752 3819
21 26588 13755 3821
23 26589 13757 3820
21 26595 13751 3821
22 26581 13755 3818
22 26558 13753 3817
22 26555 13752 3812
21 26564 13746 3823
23 26546 13749 3816
21 26578 13746 3822
22 26561 13747 3819
22 26572 13755 3825
22 26589 13742 3824
21 26582 13748 3821
23 26574 13754 3821
21 26574 13748 3824
22 26563 13744 3819
23 26559 13746 3817
21 26555 13748 3823
22 26562 13741 3820
22 26562 13744 3818
22 26584 13741 3825
21 26571 13740 3820
23 26567 13742 3826
21 26555 13744 3820
22 26579 13746 3820
22 26594 13745 3825
22 26605 13737 3817
21 26600 13742 3822
23 26606 13738 3827
21 26581 13741 3818
22 26592 13738 3824
21 26578 13745 3827
23 26567 13747 3817
21 26572 13743 3818
22 26572 13743 3824
22 26572 13744 3820
22 26567 13745 3821
21 26578 13744 3827
23 26582 13746 3824
21 26567 13741 3821
22 26574 13737 3819
22 26586 13743 3817
22 26582 13741 3823
21 26565 13744 3823
23 26588 13737 3823
21 26583 13735 3822
22 26583 13738 3822
22 26560 13741 3826
22 26566 13735 3820
21 26578 13729 3824
23 26570 13727 3824
21 26559 13732 3820
22 26573 13735 3821
22 26586 13723 3823
22 26563 13732 3821
21 26564 13729 3822
23 26564 13733 3819
21 26560 13733 3824
22 26572 13726 3820
23 26575 13732 3822
21 26590 13729 3817
22 26575 13717 3824
22 26616 13728 3821
22 26638 13728 3817
21 26630 13724 3819
23 26635 13733 3823
21 26642 13725 3822
22 26603 13720 3819
22 26604 13720 3815
22 26605 13716 3823
21 26581 13720 3819
23 26590 13719 3815
21 26576 13716 3818
22 26578 13720 3820
22 26592 13722 3821
22 26596 13717 3824
21 26588 13719 3819
23 26602 13722 3826
21 26592 13716 3823
22 26582 13715 3819
22 26589 13719 3824
22 26563 13714 3821
21 26577 13717 3820
23 26556 13717 3821
21 26577 13719 3820
22 26584 13718 3818
22 26572 13715 3820
22 26572 13709 3821
21 26571 13705 3821
23 26556 13712 3826
21 26557 13713 3820
22 26553 13709 3820
22 26561 13707 3820
22 26567 13705 3818
21 26569 13702 3820
22 26561 13705 3823
22 26563 13706 3824
22 26563 13711 3818
21 26564 13705 3823
23 26561 13700 3820
21 26575 13704 3825
22 26590 13704 3824
23 26617 13703 3826
21 26631 13705 3822
22 26620 13706 3824
22 26602 13698 3825
22 26594 13705 3823
21 26596 13697 3817
23 26601 13702 3825
21 26594 13689 3817
22 26594 13696 3826
22 26584 13695 3824
22 26589 13697 3821
21 26588 13698 3818
23 26571 13684 3822
21 26574 13688 3823
22 26581 13683 3821
22 26583 13680 3821
22 26590 13689 3826
21 26589 13688 3820
23 26606 13688 3824
21 26591 13692 3824
22 26585 13686 3825
22 26580 13686 3826
22 26573 13686 3823
21 26585 13683 3818
23 26573 13680 3821
21 26562 13685 3823
22 26582 13682 3818
22 26581 13677 3820
22 26593 13670 3828
21 26583 13678 3818
23 26575 13682 3814
21 26574 13677 3823
22 26596 13678 3818
22 26600 13673 3816
22 26588 13674 3818
21 26583 13676 3822
23 26579 13680 3820
21 26590 13668 3826
22 26596 13671 3824
22 26592 13677 3821
22 26595 13670 3812
22 26609 13674 3823
22 26626 13677 3822
22 26616 13670 3824
21 26631 13677 3824
23 26599 13665 3817
21 26604 13668 3815
22 26596 13667 3822
22 26596 13677 3824
22 26578 13670 3821
21 26576 13667 3820
23 26584 13665 3821
21 26571 13667 3817
22 26582 13672 3821
22 26584 13678 3825
22 26581 13666 3817
21 26600 13669 3819
22 26589 13677 3819
22 26577 13669 3818
22 26581 13663 3818
21 26580 13665 3828
23 26571 13664 3820
21 26564 13659 3822
22 26569 13663 3827
22 26566 13667 3822
22 26573 13661 3821
21 26583 13666 3822
23 26579 13659 3825
21 26583 13659 3822
22 26553 13665 3824
22 26557 13660 3826
22 26562 13652 3821
21 26561 13652 3827
23 26560 13654 3820
21 26579 13657 3817
22 26557 13648 3820
22 26563 13645 3822
22 26567 13650 3825
21 26575 13647 3820
23 26615 13640 3821
21 26605 13654 3823
22 26603 13647 3822
23 26610 13649 3817
21 26581 13648 3817
22 26580 13645 3826
22 26577 13644 3825
22 26598 13643 3819
21 26576 13637 3827
23 26592 13641 3825
21 26571 13643 3822
22 26579 13636 3820
22 26574 13635 3823
22 26573 13637 3819
21 26575 13636 3818
23 26583 13636 3815
21 26598 13630 3828
22 26567 13637 3820
22 26591 13635 3815
22 26597 13632 3825
21 26591 13630 3820
23 26604 13639 3824
21 26577 13628 3813
22 26586 13630 3823
22 26565 13628 3818
22 26594 13626 3817
21 26572 13625 3817
23 26569 13626 3824
21 26572 13633 3824
22 26575 13631 3822
22 26587 13631 3824
22 26573 13626 3820
21 26587 13619 3824
23 26567 13628 3822
21 26555 13624 3818
22 26574 13620 3819
22 26569 13624 3822
22 26560 13623 3818
21 26583 13618 3814
23 26584 13618 3815
21 26603 13621 3818
22 26610 13617 3821
21 26617 13615 3824
23 26625 13608 3817
21 26622 13614 3819
22 26621 13614 3823
23 26605 13601 3825
21 26599 13612 3826
22 26602 13613 3821
22 26608 13609 3825
22 26600 13609 3823
21 26604 13606 3818
23 26592 13602 3818
21 26603 13602 3821
22 26594 13604 3825
22 26607 13600 3822
22 26607 13604 3822
21 26617 13595 3824
23 26609 13601 3824
21 26576 13598 3822
22 26563 13596 3821
22 26561 13587 3822
22 26577 13599 3823
21 26580 13592 3816
23 26590 13587 3823
21 26582 13595 3825
22 26596 13595 3822
22 26614 13592 3821
22 26650 13588 3821
21 26660 13590 3828
23 26683 13593 3826
21 26675 13593 3821
22 26676 13591 3819
22 26672 13587 3823
22 26618 13587 3821
21 26573 13588 3824
23 26572 13586 3824
21 26561 13593 3822
22 26562 13585 3817
22 26583 13583 3815
22 26561 13580 3823
21 26581 13585 3818
23 26597 13584 3815
21 26583 13578 3826
22 26583 13580 3822
22 26608 13582 3820
22 26632 13577 3824
21 26638 13577 3824
23 26637 13581 3818
22 26628 13576 3825
21 26615 13572 3819
23 26590 13575 3814
21 26605 13580 3821
22 26590 13582 3823
22 26578 13582 3812
22 26570 13567 3828
21 26592 13568 3828
23 26584 13569 3817
21 26579 13564 3818
22 26595 13559 3820
22 26586 13566 3821
22 26575 13571 3817
21 26566 13562 3820
23 26572 13565 3823
21 26570 13557 3819
22 26554 13559 3822
21 26567 13566 3826
23 26550 13558 3817
21 26553 13558 3819
22 26560 13556 3814
22 26560 13558 3819
22 26574 13557 3823
21 26560 13548 3819
23 26578 13551 3823
21 26574 13547 3824
22 26558 13553 3823
22 26568 13546 3826
22 26564 13546 3824
21 26564 13544 3817
23 26560 13545 3823
21 26561 13539 3820
22 26552 13542 3823
22 26555 13545 3824
22 26561 13551 3822
21 26545 13541 3828
23 26538 13534 3825
21 26543 13542 3820
22 26547 13538 3819
22 26564 13534 3824
22 26582 13544 3823
21 26612 13539 3825
23 26620 13541 3816
22 26614 13540 3823
21 26589 13538 3823
23 26590 13535 3822
21 26575 13543 3822
22 26590 13540 3820
22 26566 13539 3824
22 26565 13538 3824
21 26548 13535 3824
23 26557 13536 3822
21 26570 13531 3824
22 26573 13534 3818
22 26577 13539 3815
22 26587 13534 3818
21 26579 13540 3822
23 26566 13540 3815
21 26563 13538 3825
22 26570 13539 3822
22 26567 13544 3821
22 26559 13539 3826
21 26576 13544 3824
23 26557 13544 3821
21 26564 13546 3826
22 26549 13548 3816
22 26579 13543 3820
22 26562 13550 3824
21 26570 13545 3822
23 26564 13548 3820
21 26565 13545 3828
22 26558 13549 3819
22 26561 13548 3821
22 26556 13549 3819
21 26560 13548 3817
23 26565 13538 3825
21 26564 13546 3820
22 26574 13538 3819
22 26560 13547 3823
22 26540 13549 3819
21 26557 13537 3825
22 26554 13546 3824
22 26572 13535 3826
22 26596 13543 3814
22 26595 13540 3825
22 26557 13536 3819
22 26559 13545 3822
21 26518 13540 3823
23 26512 13526 3819
21 26527 13534 3819
22 26542 13535 3823
22 26543 13531 3822
22 26614 13522 3821
21 26673 13541 3816
23 26751 13531 3825
21 26750 13524 3815
22 26748 13534 3820
22 26719 13537 3818
22 26701 13524 3823
21 26668 13535 3824
23 26645 13519 3824
21 26621 13529 3822
22 26589 13523 3815
22 26575 13517 3823
22 26581 13525 3817
21 26587 13523 3821
23 26596 13526 3814
21 26582 13518 3821
22 26602 13522 3824
22 26621 13516 3824
22 26622 13514 3820
21 26631 13519 3820
23 26606 13516 3823
21 26598 13527 3823
22 26579 13517 3820
22 26592 13518 3822
22 26572 13518 3823
21 26565 13516 3818
23 26585 13512 3816
21 26585 13508 3817
22 26627 13512 3819
22 26647 13520 3813
22 26627 13507 3828
21 26634 13511 3820
23 26626 13512 3821
22 26596 13505 3818
21 26583 13504 3822
23 26578 13504 3820
21 26587 13504 3823
22 26598 13501 3818
22 26591 13505 3820
22 26611 13502 3820
21 26628 13508 3819
23 26629 13502 3824
21 26602 13504 3821
22 26599 13499 3821
22 26607 13494 3825
22 26587 13501 3821
21 26575 13494 3824
23 26571 13487 3821
21 26573 13499 3818
22 26580 13493 3820
22 26573 13489 3817
22 26572 13482 3818
21 26581 13487 3824
22 26573 13495 3824
22 26556 13483 3822
22 26567 13487 3816
21 26559 13482 3823
23 26564 13487 3819
21 26562 13482 3826
22 26568 13480 3818
22 26570 13477 3824
22 26552 13479 3822
21 26555 13476 3823
23 26596 13481 3824
21 26578 13468 3825
22 26609 13472 3828
22 26640 13475 3820
22 26627 13478 3819
21 26638 13463 3822
23 26601 13472 3824
21 26610 13461 3816
22 26605 13467 3816
22 26605 13455 3818
22 26589 13465 3821
21 26593 13463 3829
23 26569 13452 3822
22 26578 13469 3819
21 26577 13457 3823
23 26570 13469 3820
21 26564 13450 3821
22 26572 13457 3822
22 26588 13456 3823
22 26558 13447 3820
21 26552 13459 3820
23 26555 13463 3825
21 26537 13460 3824
22 26524 13456 3817
22 26566 13452 3818
22 26566 13447 3821
21 26567 13452 3815
23 26536 13445 3814
21 26566 13447 3825
22 26581 13447 3821
22 26547 13452 3815
22 26549 13444 3818
21 26562 13444 3820
23 26565 13453 3823
21 26539 13443 3820
22 26564 13441 3818
22 26552 13448 3825
22 26544 13443 3816
21 26558 13441 3819
23 26566 13448 3821
21 26586 13437 3823
22 26582 13449 3821
22 26603 13439 3819
22 26618 13430 3813
21 26619 13442 3823
23 26618 13445 3824
21 26606 13433 3821
22 26593 13432 3820
22 26565 13436 3815
22 26588 13441 3819
21 26585 13427 3825
23 26574 13430 3823
21 26573 13427 3817
22 26577 13427 3821
21 26583 13428 3819
23 26566 13426 3825
22 26573 13426 3814
21 26574 13427 3814
23 26568 13427 3812
21 26552 13409 3825
22 26577 13432 3823
22 26570 13425 3812
22 26586 13421 3822
21 26570 13419 3826
23 26550 13422 3825
21 26535 13421 3823
22 26554 13420 3822
22 26542 13419 3826
22 26538 13411 3820
21 26544 13414 3824
23 26560 13421 3828
21 26540 13416 3816
22 26550 13410 3813
22 26550 13404 3819
22 26539 13414 3813
21 26561 13417 3828
23 26551 13401 3819
21 26541 13413 3825
22 26539 13412 3826
22 26543 13414 3826
22 26548 13412 3822
21 26550 13408 3822
23 26528 13406 3821
21 26594 13407 3825
22 26597 13401 3819
22 26620 13400 3826
22 26634 13406 3825
21 26621 13401 3820
23 26608 13399 3823
21 26588 13406 3825
22 26576 13398 3819
22 26565 13400 3814
22 26560 13393 3821
21 26582 13395 3819
23 26579 13395 3814
21 26595 13391 3822
22 26567 13385 3820
23 26586 13388 3821
21 26572 13386 3822
22 26583 13388 3823
22 26590 13386 3821
22 26582 13390 3818
21 26583 13383 3820
23 26567 13386 3822
21 26591 13373 3821
22 26580 13382 3824
22 26584 13382 3823
22 26569 13380 3816
21 26564 13378 3818
23 26542 13379 3819
21 26567 13379 3820
22 26568 13387 3819
22 26551 13377 3821
22 26541 13374 3817
21 26565 13370 3820
23 26565 13376 3826
21 26571 13384 3817
22 26561 13377 3821
21 26550 13377 3821
23 26537 13379 3823
21 26540 13375 3818
22 26558 13372 3825
22 26563 13379 3823
22 26615 13364 3819
21 26632 13374 3825
23 26625 13374 3820
21 26604 13374 3823
22 26603 13369 3819
22 26578 13362 3826
22 26564 13363 3819
21 26571 13363 3818
23 26563 13367 3824
21 26559 13367 3819
22 26570 13359 3827
22 26571 13363 3818
22 26593 13362 3822
21 26590 13367 3819
23 26564 13355 3822
21 26572 13362 3824
22 26564 13362 3818
23 26568 13350 3820
21 26556 13357 3824
22 26565 13360 3814
22 26540 13359 3825
22 26536 13362 3819
21 26545 13357 3815
23 26553 13354 3823
21 26540 13354 3820
22 26550 13354 3818
22 26555 13352 3824
22 26557 13349 3815
21 26560 13354 3817
23 26555 13358 3817
21 26553 13348 3821
22 26568 13351 3823
22 26572 13351 3814
22 26580 13347 3816
21 26565 13346 3818
23 26570 13348 3814
21 26571 13347 3827
22 26580 13350 3822
22 26574 13349 3825
22 26563 13347 3816
21 26558 13353 3822
23 26545 13349 3819
21 26554 13345 3820
22 26549 13340 3811
22 26556 13340 3822
22 26548 13345 3816
21 26550 13351 3821
23 26574 13336 3825
21 26580 13344 3816
22 26582 13338 3819
22 26576 13339 3821
22 26588 13344 3819
21 26556 13333 3818
23 26543 13332 3818
21 26534 13326 3817
22 26535 13330 3823
22 26542 13326 3820
22 26555 13325 3816
22 26541 13327 3815
21 26548 13329 3821
23 26534 13320 3826
21 26542 13330 3825
22 26541 13323 3819
22 26543 13327 3821
22 26543 13326 3824
21 26555 13324 3821
23 26588 13321 3818
21 26591 13322 3819
22 26611 13320 3827
22 26617 13318 3828
22 26587 13320 3826
21 26570 13314 3828
23 26589 13314 3822
21 26563 13319 3821
22 26564 13316 3819
22 26563 13316 3819
22 26559 13307 3818
21 26560 13299 3823
23 26584 13297 3820
21 26603 13299 3822
22 26624 13305 3820
22 26618 13293 3823
22 26635 13300 3825
21 26629 13301 3813
23 26613 13297 3819
21 26600 13304 3825
22 26608 13293 3822
22 26602 13290 3825
22 26607 13288 3820
21 26604 13290 3820
23 26602 13285 3822
21 26596 13295 3825
22 26595 13284 3816
22 26598 13285 3821
22 26613 13279 3818
21 26585 13284 3818
23 26566 13285 3813
21 26571 13280 3817
22 26578 13282 3820
23 26582 13277 3814
21 26563 13279 3826
22 26568 13278 3821
22 26585 13286 3825
22 26570 13276 3817
21 26587 13280 3824
23 26603 13287 3822
21 26617 13272 3818
22 26628 13277 3820
22 26627 13286 3823
22 26618 13271 3817
21 26614 13274 3822
23 26586 13281 3818
21 26595 13280 3817
22 26573 13268 3821
22 26591 13280 3821
22 26586 13278 3820
21 26573 13266 3817
23 26571 13276 3820
21 26593 13269 3818
22 26588 13272 3820
22 26582 13268 3826
22 26606 13263 3816
21 26585 13271 3825
22 26565 13267 3817
22 26563 13275 3827
22 26560 13265 3820
21 26553 13274 3825
23 26542 13260 3822
21 26543 13262 3822
22 26537 13268 3824
22 26540 13261 3817
22 26544 13261 3823
21 26555 13262 3818
23 26562 13259 3819
21 26559 13266 3820
22 26563 13263 3817
22 26554 13257 3816
22 26550 13257 3821
21 26535 13254 3828
23 26540 13256 3823
21 26541 13253 3822
22 26534 13247 3820
23 26547 13244 3821
21 26551 13250 3825
22 26571 13242 3821
22 26578 13241 3821
22 26601 13257 3825
21 26623 13240 3820
23 26608 13242 3822
21 26584 13246 3818
22 26575 13241 3819
22 26566 13238 3824
22 26571 13241 3820
21 26579 13240 3822
23 26581 13240 3817
21 26560 13241 3817
22 26566 13239 3817
22 26572 13236 3819
22 26569 13238 3820
21 26580 13233 3821
23 26598 13228 3817
21 26584 13225 3823
22 26585 13226 3817
22 26578 13231 3814
22 26584 13222 3827
21 26570 13227 3821
23 26567 13229 3821
21 26555 13221 3817
22 26551 13230 3820
22 26545 13221 3823
22 26560 13215 3816
21 26551 13218 3819
23 26567 13212 3823
21 26577 13217 3821
22 26566 13217 3823
22 26570 13214 3824
22 26567 13219 3821
21 26568 13222 3820
23 26605 13213 3821
21 26585 13211 3818
22 26582 13214 3818
22 26576 13206 3819
22 26610 13215 3818
21 26624 13204 3823
23 26620 13208 3828
22 26614 13203 3818
21 26614 13207 3822
22 26583 13212 3825
22 26572 13203 3824
22 26573 13203 3819
21 26584 13199 3822
23 26583 13201 3824
21 26593 13201 3824
22 26591 13200 3820
22 26571 13199 3821
22 26571 13202 3823
21 26597 13204 3829
23 26597 13190 3825
21 26579 13199 3819
22 26589 13196 3815
22 26576 13189 3820
22 26572 13186 3821
21 26549 13184 3820
23 26550 13187 3823
21 26567 13187 3818
22 26571 13180 3819
22 26563 13175 3819
22 26554 13179 3819
21 26575 13179 3827
23 26563 13173 3824
21 26564 13179 3823
22 26551 13180 3816
22 26568 13182 3821
22 26547 13178 3821
21 26540 13178 3826
23 26539 13177 3815
21 26561 13169 3822
22 26564 13173 3816
22 26561 13178 3819
22 26565 13167 3824
21 26578 13171 3817
23 26596 13166 3819
21 26615 13157 3825
22 26609 13164 3818
22 26608 13172 3815
22 26605 13161 3819
21 26592 13167 3819
23 26575 13165 3816
22 26577 13159 3822
21 26565 13162 3819
23 26570 13157 3818
21 26588 13161 3824
22 26585 13163 3819
22 26579 13162 3820
22 26584 13165 3817
21 26591 13159 3823
23 26580 13155 3821
21 26594 13153 3822
22 26621 13159 3820
22 26623 13162 3818
22 26636 13155 3820
21 26647 13167 3822
23 26641 13152 3819
21 26654 13159 3817
22 26658 13160 3817
22 26681 13156 3820
22 26691 13161 3821
21 26714 13153 3820
23 26717 13148 3820
21 26718 13158 3817
22 26714 13151 3821
21 26706 13155 3823
23 26698 13151 3823
21 26669 13153 3819
22 26675 13157 3822
22 26662 13150 3824
22 26649 13155 3821
21 26637 13147 3822
23 26630 13147 3823
21 26622 13156 3822
22 26597 13151 3828
22 26577 13156 3816
22 26603 13148 3820
21 26607 13148 3823
23 26618 13151 3820
21 26624 13145 3819
22 26622 13156 3821
22 26602 13159 3817
22 26581 13153 3819
22 26560 13142 3822
22 26553 13139 3821
22 26570 13147 3819
21 26605 13147 3820
23 26642 13136 3820
21 26665 13148 3823
22 26665 13143 3820
22 26690 13140 3819
22 26661 13150 3820
21 26643 13146 3821
23 26625 13148 3823
21 26599 13145 3821
22 26574 13148 3821
22 26550 13154 3824
22 26535 13153 3820
21 26546 13157 3821
23 26538 13165 3821
21 26515 13164 3818
22 26516 13168 3821
22 26493 13172 3815
22 26460 13169 3820
21 26456 13180 3817
23 26444 13175 3814
21 26453 13174 3825
22 26469 13176 3818
22 26518 13176 3812
22 26528 13173 3819
21 26529 13181 3820
23 26548 13188 3820
21 26580 13188 3821
22 26576 13204 3821
22 26576 13211 3822
22 26591 13241 3815
21 26612 13253 3824
23 26623 13271 3819
21 26638 13284 3825
22 26633 13299 3817
22 26618 13309 3822
22 26588 13316 3818
21 26576 13314 3822
23 26569 13314 3822
22 26561 13308 3817
21 26541 13302 3823
23 26542 13290 3822
21 26544 13280 3820
22 26537 13271 3822
21 26511 13266 3826
23 26499 13252 3820
21 26506 13234 3820
22 26513 13232 3824
22 26511 13221 3816
22 26545 13214 3822
21 26565 13212 3822
23 26572 13198 3820
21 26566 13201 3820
22 26560 13199 3821
22 26539 13193 3825
22 26551 13180 3822
21 26525 13177 3821
23 26532 13177 3819
21 26507 13174 3821
22 26496 13166 3823
22 26494 13170 3819
22 26506 13162 3816
21 26514 13164 3820
23 26534 13152 3824
21 26553 13156 3822
22 26559 13151 3823
22 26573 13151 3823
22 26567 13164 3816
21 26525 13152 3823
23 26527 13151 3821
21 26534 13155 3820
22 26532 13144 3820
22 26526 13144 3818
22 26513 13130 3818
21 26521 13123 3820
23 26526 13106 3819
21 26513 13097 3818
22 26501 13090 3817
22 26498 13083 3819
22 26473 13072 3820
21 26497 13059 3817
23 26511 13049 3814
22 26523 13034 3816
21 26502 13036 3818
23 26518 13026 3815
21 26510 13011 3821
22 26501 12999 3820
22 26553 13002 3815
22 26535 12993 3822
21 26532 12990 3819
23 26474 12990 3821
21 26411 12986 3823
22 26383 12989 3827
22 26359 12992 3820
22 26377 13001 3821
21 26374 12996 3817
23 26435 13007 3824
21 26476 12994 3817
22 26528 12993 3820
22 26572 12999 3821
22 26586 12991 3816
21 26593 12992 3821
23 26606 12999 3824
21 26589 12987 3819
22 26572 12988 3816
22 26567 12990 3827
22 26550 12993 3816
21 26569 12992 3822
22 26561 13000 3826
22 26558 12994 3820
22 26572 12998 3815
21 26557 13007 3826
23 26531 13015 3823
21 26537 13019 3823
22 26537 13019 3824
22 26539 13024 3821
22 26545 13032 3821
21 26521 13034 3824
23 26526 13036 3825
21 26528 13040 3822
22 26520 13039 3814
22 26518 13040 3816
22 26534 13056 3816
21 26543 13048 3818
23 26544 13052 3822
22 26563 13055 3816
21 26575 13050 3825
23 26575 13048 3818
21 26568 13055 3823
22 26550 13057 3821
22 26551 13059 3817
22 26532 13063 3820
21 26529 13059 3820
23 26532 13064 3819
21 26525 13059 3822
22 26528 13065 3819
22 26530 13068 3820
22 26530 13068 3824
21 26542 13070 3819
23 26545 13066 3823
21 26541 13070 3822
22 26540 13068 3818
22 26536 13073 3823
22 26552 13059 3815
21 26547 13074 3817
23 26528 13073 3815
21 26535 13066 3826
22 26535 13071 3818
22 26523 13069 3815
22 26519 13066 3818
21 26518 13071 3820
23 26534 13069 3821
21 26533 13066 3816
22 26540 13067 3819
22 26551 13067 3820
22 26582 13066 3822
21 26574 13068 3822
23 26565 13077 3819
21 26580 13064 3812
22 26581 13071 3817
22 26556 13071 3825
22 26551 13066 3821
21 26532 13069 3821
23 26537 13069 3820
21 26537 13065 3819
22 26532 13069 3822
23 26553 13068 3820
21 26536 13064 3816
22 26531 13071 3822
22 26539 13067 3824
22 26549 13065 3816
21 26546 13068 3819
22 26547 13075 3825
22 26521 13063 3820
22 26528 13065 3820
21 26539 13062 3823
23 26551 13069 3813
21 26545 13065 3821
22 26553 13066 3816
22 26530 13065 3822
22 26530 13063 3823
21 26536 13067 3825
23 26552 13060 3824
21 26550 13067 3821
22 26557 13054 3821
22 26597 13056 3822
22 26604 13055 3820
21 26613 13055 3822
23 26621 13054 3820
21 26610 13052 3817
22 26613 13054 3819
22 26599 13045 3821
22 26592 13046 3819
21 26600 13047 3826
23 26593 13044 3818
21 26585 13048 3823
22 26600 13050 3822
22 26609 13052 3822
22 26597 13053 3820
21 26597 13045 3819
23 26583 13049 3823
21 26577 13047 3821
22 26534 13042 3819
22 26477 13041 3823
22 26440 13040 3823
21 26412 13039 3818
23 26396 13041 3819
21 26420 13036 3821
22 26447 13030 3818
23 26423 13028 3815
21 26425 13022 3825
22 26416 13021 3818
22 26418 13021 3817
22 26427 13016 3823
21 26454 13015 3819
23 26461 13003 3824
21 26475 13003 3818
22 26470 13000 3822
22 26457 12987 3824
22 26457 12986 3825
21 26437 12985 3817
23 26404 12974 3821
21 26400 12970 3818
22 26386 12968 3820
22 26381 12953 3818
22 26379 12954 3822
21 26390 12935 3821
23 26401 12939 3820
21 26413 12922 3816
22 26413 12915 3819
22 26445 12915 3819
22 26441 12906 3817
21 26448 12897 3822
23 26446 12898 3815
21 26463 12884 3816
22 26435 12881 3821
21 26434 12874 3820
23 26443 12867 3818
21 26448 12860 3822
22 26447 12856 3819
22 26433 12846 3820
22 26426 12838 3820
21 26415 12832 3821
23 26397 12828 3823
21 26359 12822 3818
22 26343 12808 3816
22 26365 12803 3824
22 26417 12785 3822
21 26477 12785 3817
23 26533 12781 3826
22 26551 12772 3821
21 26565 12762 3823
23 26557 12754 3816
21 26538 12749 3821
22 26523 12748 3822
22 26543 12744 3822
22 26563 12760 3817
21 26587 12753 3818
23 26590 12749 3824
21 26574 12767 3823
22 26556 12765 3820
22 26536 12768 3823
22 26512 12778 3825
21 26469 12779 3823
23 26436 12787 3823
21 26401 12787 3823
22 26385 12803 3819
22 26374 12795 3824
22 26338 12800 3821
21 26326 12804 3823
23 26315 12807 3822
21 26299 12812 3813
22 26309 12812 3816
22 26321 12808 3814
22 26368 12804 3825
21 26404 12802 3820
23 26441 12798 3814
21 26482 12787 3825
22 26527 12784 3819
22 26588 12778 3819
22 26630 12762 3819
21 26631 12759 3822
23 26639 12753 3821
21 26619 12740 3824
22 26611 12731 3817
22 26609 12733 3823
22 26587 12736 3825
21 26562 12723 3820
23 26568 12736 3824
21 26580 12746 3812
22 26578 12750 3822
23 26574 12763 3822
21 26571 12772 3817
22 26571 12779 3823
22 26548 12785 3825
22 26536 12800 3817
21 26539 12805 3816
23 26555 12833 3822
21 26578 12828 3816
22 26596 12843 3823
21 26593 12853 3825
23 26612 12859 3824
21 26613 12865 3814
22 26644 12870 3821
22 26632 12885 3823
22 26659 12891 3820
21 26674 12891 3823
23 26696 12896 3818
21 26670 12910 3817
22 26683 12913 3814
22 26676 12913 3820
22 26663 12926 3826
21 26696 12944 3817
23 26738 12962 3825
21 26770 12984 3820
22 26783 12995 3816
22 26744 13031 3826
22 26694 13060 3818
21 26637 13084 3821
23 26589 13111 3826
21 26549 13148 3820
22 26513 13177 3815
22 26519 13199 3824
22 26518 13240 3814
21 26513 13255 3820
23 26514 13283 3822
21 26519 13303 3822
22 26525 13320 3818
22 26543 13332 3815
22 26567 13347 3822
21 26586 13364 3819
23 26638 13377 3824
21 26675 13392 3822
22 26698 13397 3819
23 26738 13406 3821
21 26722 13412 3820
22 26711 13417 3817
22 26688 13422 3814
22 26661 13424 3823
21 26651 13433 3819
23 26646 13434 3816
21 26658 13440 3824
22 26694 13441 3822
22 26710 13446 3820
22 26687 13449 3824
21 26682 13452 3821
23 26671 13455 3823
21 26690 13462 3823
22 26672 13461 3820
22 26657 13469 3824
22 26683 13478 3818
21 26691 13479 3819
23 26692 13490 3825
21 26654 13487 3818
22 26665 13491 3821
22 26696 13503 3824
22 26686 13516 3818
21 26684 13526 3821
23 26694 13540 3818
21 26708 13545 3817
22 26705 13543 3814
22 26696 13555 3818
22 26699 13556 3816
21 26703 13566 3821
22 26697 13581 3814
22 26657 13578 3821
22 26660 13578 3814
21 26657 13584 3814
23 26631 13595 3817
21 26644 13594 3820
22 26636 13591 3822
22 26652 13601 3813
22 26637 13600 3821
21 26640 13596 3818
23 26647 13604 3816
21 26650 13597 3818
22 26660 13603 3813
23 26659 13608 3821
21 26651 13604 3821
22 26650 13609 3814
22 26654 13610 3820
22 26640 13608 3818
21 26617 13600 3820
23 26616 13595 3820
21 26613 13613 3817
22 26612 13604 3822
22 26584 13598 3823
22 26576 13613 3823
21 26558 13610 3817
23 26564 13613 3823
21 26524 13620 3820
22 26491 13615 3819
22 26499 13619 3818
22 26502 13634 3822
21 26504 13630 3818
23 26538 13628 3818
21 26530 13634 3820
22 26546 13637 3823
22 26573 13643 3821
22 26586 13646 3818
21 26621 13646 3818
23 26597 13649 3816
21 26568 13643 3819
22 26583 13652 3819
22 26619 13647 3813
22 26605 13652 3814
21 26612 13656 3822
23 26618 13654 3823
21 26633 13652 3823
22 26616 13656 3822
22 26618 13662 3819
22 26617 13657 3821
21 26625 13651 3818
23 26639 13666 3820
21 26646 13660 3818
22 26635 13659 3821
22 26651 13658 3824
22 26641 13653 3823
21 26644 13659 3821
23 26653 13662 3826
22 26649 13658 3817
21 26610 13666 3819
23 26600 13667 3823
21 26596 13662 3817
22 26599 13661 3827
22 26580 13658 3823
22 26601 13661 3817
21 26587 13663 3822
22 26594 13662 3816
22 26569 13663 3820
22 26579 13663 3820
21 26539 13668 3823
23 26556 13662 3822
21 26556 13663 3821
22 26610 13650 3823
22 26625 13626 3822
22 26637 13595 3822
21 26648 13544 3825
23 26644 13485 3824
21 26643 13414 3822
22 26614 13347 3814
22 26604 13285 3819
22 26590 13222 3817
21 26570 13161 3819
23 26546 13112 3818
21 26528 13065 3821
22 26519 13014 3821
22 26497 12973 3821
22 26479 12949 3821
21 26472 12920 3822
23 26451 12888 3819
21 26457 12878 3818
22 26500 12863 3821
22 26563 12850 3823
22 26578 12844 3818
21 26645 12834 3821
23 26620 12823 3820
21 26668 12821 3818
22 26651 12803 3819
22 26633 12811 3823
22 26608 12813 3816
22 26589 12803 3818
22 26615 12808 3820
22 26651 12801 3824
21 26665 12808 3816
23 26685 12806 3816
21 26667 12804 3821
22 26653 12804 3815
22 26620 12804 3814
22 26608 12801 3823
21 26595 12801 3819
23 26571 12812 3820
21 26578 12804 3825
22 26569 12812 3819
22 26576 12806 3820
22 26594 12809 3822
21 26563 12802 3818
23 26595 12800 3817
21 26609 12797 3812
22 26628 12804 3821
22 26589 12805 3817
22 26591 12790 3820
21 26574 12802 3821
23 26522 12789 3819
21 26508 12801 3817
22 26470 12796 3817
22 26472 12796 3821
22 26471 12789 3816
21 26476 12787 3820
23 26466 12789 3814
21 26455 12783 3817
22 26439 12780 3818
21 26421 12790 3821
23 26418 12777 3823
21 26429 12778 3820
22 26432 12776 3820
22 26445 12781 3823
22 26481 12777 3822
21 26477 12782 3817
23 26499 12788 3823
21 26509 12784 3823
22 26502 12784 3822
23 26521 12781 3816
21 26499 12781 3820
22 26525 12788 3816
22 26502 12782 3816
22 26516 12782 3820
21 26501 12781 3823
23 26498 12787 3823
21 26469 12787 3821
22 26459 12787 3823
22 26455 12776 3819
22 26445 12784 3818
21 26450 12784 3818
23 26458 12777 3818
21 26464 12777 3820
22 26462 12782 3814
22 26456 12781 3824
22 26474 12763 3819
21 26485 12765 3825
23 26477 12760 3818
21 26494 12755 3821
22 26505 12752 3817
22 26514 12741 3822
22 26510 12732 3824
21 26502 12721 3816
23 26540 12725 3819
21 26555 12712 3821
22 26606 12707 3818
22 26640 12700 3816
22 26682 12693 3819
21 26714 12692 3816
23 26734 12680 3815
21 26748 12676 3822
22 26741 12672 3818
22 26766 12670 3825
22 26773 12660 3813
21 26762 12660 3819
23 26798 12657 3819
21 26799 12652 3818
22 26771 12645 3815
22 26703 12645 3823
22 26662 12656 3817
21 26598 12652 3820
23 26538 12659 3818
22 26529 12659 3820
21 26528 12662 3820
23 26541 12668 3822
21 26555 12672 3815
22 26589 12675 3822
22 26601 12687 3821
22 26585 12681 3818
21 26589 12689 3822
23 26559 12698 3823
21 26553 12697 3816
22 26532 12696 3826
21 26512 12701 3827
23 26492 12700 3821
21 26476 12699 3814
22 26461 12704 3820
22 26450 12697 3825
22 26461 12695 3815
21 26458 12700 3825
23 26428 12692 3812
21 26408 12692 3821
22 26426 12685 3818
22 26442 12688 3817
22 26443 12678 3820
21 26465 12681 3814
23 26488 12675 3817
21 26495 12679 3821
22 26474 12668 3821
22 26518 12670 3823
22 26499 12666 3818
21 26504 12661 3819
23 26493 12654 3818
21 26528 12661 3822
22 26516 12651 3823
22 26535 12646 3820
22 26529 12651 3822
21 26536 12646 3819
23 26530 12648 3818
21 26529 12637 3814
22 26543 12633 3818
22 26560 12624 3818
22 26568 12622 3817
21 26604 12618 3820
23 26610 12612 3823
22 26611 12607 3824
21 26583 12602 3820
23 26582 12597 3821
21 26562 12586 3820
22 26535 12584 3820
22 26530 12579 3815
22 26506 12574 3817
21 26528 12575 3816
23 26541 12566 3815
21 26546 12561 3820
22 26595 12561 3821
22 26611 12550 3819
22 26682 12547 3828
21 26750 12547 3821
23 26779 12538 3821
21 26776 12539 3819
22 26757 12535 3819
22 26701 12529 3822
22 26624 12522 3822
21 26602 12523 3820
23 26592 12526 3824
21 26594 12516 3815
22 26619 12520 3818
22 26621 12524 3819
22 26620 12524 3816
21 26631 12524 3822
23 26623 12531 3821
21 26615 12523 3816
22 26617 12533 3824
22 26627 12536 3820
22 26639 12544 3818
21 26644 12550 3819
22 26645 12552 3821
22 26635 12557 3822
22 26647 12558 3815
21 26665 12564 3822
23 26674 12564 3824
21 26673 12574 3821
22 26684 12570 3816
22 26676 12568 3822
22 26650 12579 3819
21 26600 12577 3819
23 26561 12586 3822
22 26537 12579 3822
21 26530 12582 3822
23 26527 12580 3823
21 26537 12588 3817
22 26537 12587 3819
22 26564 12582 3823
22 26597 12581 3817
21 26592 12575 3817
23 26584 12569 3815
21 26545 12571 3819
22 26514 12567 3821
22 26488 12565 3825
22 26404 12573 3818
21 26379 12568 3822
23 26321 12558 3817
21 26340 12555 3821
22 26368 12554 3818
22 26376 12553 3823
22 26406 12545 3820
21 26439 12539 3820
23 26442 12532 3823
21 26460 12522 3819
22 26442 12513 3822
22 26456 12505 3821
22 26453 12492 3825
21 26437 12478 3817
23 26455 12468 3814
21 26494 12455 3826
22 26501 12443 3821
22 26487 12435 3815
22 26505 12423 3818
21 26511 12413 3820
23 26533 12410 3816
21 26550 12393 3820
22 26574 12387 3820
22 26593 12379 3823
22 26592 12370 3822
21 26629 12354 3820
23 26661 12356 3822
21 26678 12334 3819
22 26688 12325 3821
23 26697 12310 3820
21 26666 12280 3820
22 26642 12273 3819
22 26610 12257 3820
22 26591 12244 3819
21 26586 12231 3819
23 26565 12211 3823
21 26557 12194 3817
22 26540 12177 3820
22 26510 12167 3822
22 26500 12147 3816
21 26469 12134 3826
22 26471 12122 3817
22 26489 12109 3817
22 26498 12085 3816
21 26525 12082 3821
23 26529 12069 3820
21 26540 12067 3825
22 26519 12060 3816
22 26497 12058 3822
22 26478 12047 3820
21 26438 12045 3817
23 26438 12040 3817
21 26452 12053 3821
22 26439 12047 3822
22 26448 12039 3820
22 26469 12047 3820
21 26479 12045 3818
23 26491 12036 3816
21 26495 12043 3816
22 26469 12040 3822
22 26497 12026 3822
22 26502 12040 3815
21 26521 12031 3822
23 26517 12021 3820
21 26528 12024 3820
22 26546 12023 3817
22 26551 12022 3822
22 26540 12016 3821
21 26554 12013 3819
23 26556 12013 3815
22 26551 12000 3819
21 26548 12000 3816
23 26545 12003 3818
21 26555 12009 3814
22 26540 12000 3816
22 26563 11999 3817
22 26550 11998 3822
21 26534 11993 3816
23 26545 11999 3816
21 26547 11995 3826
22 26538 12000 3821
22 26524 12001 3815
22 26545 11999 3819
21 26540 12005 3821
23 26543 12008 3818
21 26555 12004 3820
22 26565 12006 3819
22 26556 12008 3820
22 26550 12008 3823
21 26552 12004 3817
23 26541 12009 3819
21 26518 12018 3820
22 26532 12016 3820
22 26515 12023 3818
22 26541 12024 3819
21 26545 12013 3819
23 26566 12028 3825
21 26573 12024 3817
22 26563 12028 3818
22 26562 12029 3817
22 26575 12034 3815
21 26546 12037 3821
23 26547 12035 3823
21 26538 12049 3818
22 26538 12042 3823
21 26552 12042 3821
23 26549 12053 3819
21 26546 12042 3818
22 26579 12047 3820
22 26569 12045 3818
22 26570 12046 3822
21 26579 12053 3824
23 26578 12051 3823
22 26572 12045 3818
21 26553 12046 3812
23 26554 12050 3823
21 26551 12043 3825
22 26547 12042 3818
22 26551 12045 3819
22 26554 12043 3820
21 26558 12040 3824
23 26564 12038 3822
21 26564 12042 3820
22 26578 12027 3819
22 26579 12019 3823
22 26567 12027 3820
21 26573 12023 3820
23 26565 12010 3816
21 26561 12017 3820
22 26569 12009 3818
22 26568 12007 3822
22 26539 11994 3819
21 26552 11996 3819
23 26566 11996 3823
21 26558 11990 3820
22 26565 11986 3821
22 26560 11984 3824
22 26573 11985 3823
21 26577 11975 3814
23 26572 11984 3816
21 26561 11966 3819
22 26581 11972 3817
22 26556 11967 3815
22 26570 11965 3819
21 26568 11959 3818
23 26573 11962 3816
21 26573 11960 3822
22 26556 11956 3819
22 26564 11961 3822
22 26571 11955 3822
21 26549 11955 3820
23 26568 11956 3816
21 26576 11961 3815
22 26569 11951 3819
23 26596 11953 3815
21 26601 11955 3815
22 26588 11947 3823
22 26598 11951 3819
22 26578 11944 3817
21 26587 11941 3815
23 26564 11951 3821
21 26575 11946 3815
22 26570 11946 3820
22 26566 11942 3821
22 26565 11940 3816
21 26570 11940 3823
23 26576 11952 3820
21 26585 11947 3815
22 26584 11943 3826
21 26554 11946 3814
23 26563 11937 3817
21 26572 11935 3813
22 26560 11941 3820
22 26557 11945 3826
22 26551 11938 3823
21 26556 11943 3821
23 26567 11940 3813
21 26575 11940 3824
22 26570 11944 3820
22 26558 11938 3824
22 26575 11938 3822
21 26576 11935 3823
23 26566 11939 3820
21 26564 11940 3816
22 26569 11939 3824
22 26556 11938 3820
22 26569 11932 3816
21 26574 11931 3819
23 26588 11929 3824
21 26576 11941 3823
22 26608 11934 3820
22 26601 11927 3819
22 26582 11937 3823
21 26570 11939 3826
23 26568 11935 3817
21 26571 11935 3820
22 26590 11932 3819
23 26572 11934 3822
21 26579 11933 3817
22 26545 11931 3818
22 26583 11926 3820
22 26573 11931 3822
21 26586 11928 3823
23 26569 11934 3818
21 26566 11933 3816
22 26569 11937 3817
22 26582 11934 3816
22 26554 11943 3818
21 26556 11947 3817
23 26554 11946 3813
21 26576 11951 3818
22 26575 11959 3820
22 26570 11974 3824
22 26555 11975 3817
21 26567 11983 3818
23 26568 11995 3823
21 26567 12009 3817
22 26574 12016 3819
22 26562 12032 3817
22 26554 12042 3819
21 26561 12054 3818
23 26579 12069 3816
21 26595 12079 3822
22 26613 12088 3820
22 26603 12094 3817
22 26593 12102 3815
21 26592 12118 3816
23 26612 12117 3818
21 26581 12118 3817
22 26587 12130 3823
22 26569 12133 3817
22 26580 12139 3818
21 26571 12147 3817
22 26561 12150 3822
22 26583 12153 3824
22 26586 12159 3817
21 26593 12166 3817
23 26568 12167 3825
21 26581 12173 3819
22 26586 12177 3822
23 26570 12182 3822
21 26571 12184 3818
22 26565 12188 3823
22 26561 12190 3823
22 26565 12196 3822
21 26570 12188 3820
23 26572 12199 3823
21 26573 12190 3820
22 26572 12192 3824
22 26582 12205 3818
22 26584 12198 3816
21 26568 12198 3821
23 26578 12191 3819
21 26587 12201 3821
22 26590 12195 3818
22 26567 12192 3824
22 26579 12200 3822
21 26601 12204 3823
23 26606 12204 3818
21 26630 12202 3825
22 26623 12201 3812
22 26611 12201 3818
22 26619 12195 3814
21 26609 12197 3821
23 26605 12201 3820
21 26592 12201 3814
22 26587 12199 3816
22 26581 12198 3820
22 26614 12202 3821
21 26611 12197 3816
23 26629 12200 3813
21 26611 12196 3825
22 26605 12195 3819
22 26639 12199 3813
22 26659 12189 3818
21 26636 12190 3819
23 26641 12193 3820
21 26622 12172 3820
22 26603 12162 3817
22 26613 12148 3816
22 26596 12125 3823
22 26599 12099 3820
22 26586 12082 3819
22 26571 12056 3823
21 26575 12029 3818
23 26578 11997 3819
21 26589 11976 3820
22 26589 11949 3817
22 26595 11926 3824
22 26597 11903 3817
21 26596 11878 3820
23 26596 11861 3820
21 26597 11841 3816
22 26602 11821 3821
22 26594 11811 3823
22 26609 11798 3818
21 26605 11784 3820
22 26607 11783 3813
22 26599 11759 3819
22 26611 11749 3813
21 26607 11749 3820
23 26591 11736 3824
21 26579 11732 3825
22 26602 11725 3821
22 26575 11717 3818
22 26577 11715 3817
21 26590 11714 3815
23 26567 11705 3819
21 26597 11709 3821
22 26580 11698 3823
22 26599 11703 3819
22 26610 11702 3813
21 26576 11685 3820
23 26580 11692 3811
21 26583 11683 3820
22 26595 11682 3822
22 26586 11678 3817
22 26588 11681 3817
21 26579 11680 3823
23 26567 11675 3817
21 26577 11678 3812
22 26582 11678 3820
23 26584 11680 3820
21 26568 11681 3822
22 26569 11681 3820
22 26571 11677 3817
22 26545 11678 3824
21 26566 11672 3815
23 26570 11683 3816
21 26577 11681 3825
22 26581 11673 3815
22 26598 11682 3824
22 26598 11665 3818
21 26596 11675 3816
23 26620 11677 3814
21 26643 11672 3819
22 26603 11675 3817
22 26594 11675 3812
22 26586 11670 3819
21 26585 11669 3823
23 26601 11666 3817
21 26604 11670 3824
22 26589 11669 3818
22 26573 11665 3826
22 26574 11666 3821
21 26576 11666 3815
23 26601 11666 3815
21 26580 11671 3819
22 26565 11670 3820
22 26582 11663 3818
22 26596 11674 3823
21 26556 11666 3819
23 26558 11663 3822
21 26580 11668 3817
22 26570 11665 3824
22 26574 11667 3822
22 26579 11662 3818
21 26586 11660 3820
23 26574 11658 3824
21 26564 11665 3817
22 26584 11657 3821
21 26581 11660 3821
23 26563 11660 3822
21 26548 11657 3819
22 26542 11653 3820
23 26521 11662 3817
21 26542 11654 3824
22 26540 11655 3817
22 26554 11654 3815
22 26575 11659 3817
21 26574 11651 3820
23 26577 11657 3814
21 26584 11651 3815
22 26603 11662 3815
22 26601 11649 3822
22 26593 11649 3816
21 26608 11641 3816
23 26614 11646 3826
21 26616 11656 3819
22 26599 11650 3820
22 26590 11637 3822
22 26583 11651 3817
21 26585 11653 3819
23 26557 11643 3817
21 26575 11658 3818
22 26579 11655 3819
22 26560 11660 3819
22 26575 11668 3817
21 26586 11668 3823
23 26597 11677 3821
21 26585 11679 3820
22 26579 11690 3822
22 26570 11696 3815
22 26571 11710 3821
21 26600 11713 3817
23 26600 11728 3823
21 26587 11749 3823
22 26581 11757 3816
22 26580 11770 3813
22 26596 11781 3814
21 26580 11790 3819
23 26569 11801 3813
21 26574 11807 3823
22 26547 11818 3818
22 26554 11823 3819
22 26552 11820 3823
21 26564 11829 3818
23 26576 11816 3818
22 26563 11826 3823
21 26567 11831 3815
23 26567 11827 3821
21 26579 11829 3824
22 26581 11829 3820
22 26582 11827 3819
22 26578 11826 3817
21 26603 11823 3815
23 26608 11823 3821
21 26621 11821 3816
22 26618 11817 3820
22 26627 11819 3819
22 26607 11815 3817
21 26609 11813 3814
23 26582 11805 3820
21 26582 11801 3816
22 26578 11803 3816
21 26590 11803 3823
23 26582 11795 3818
21 26581 11791 3818
22 26564 11786 3817
22 26569 11786 3824
22 26582 11780 3821
21 26595 11779 3826
23 26596 11772 3820
21 26594 11758 3817
22 26595 11761 3820
22 26586 11755 3817
22 26580 11749 3821
21 26574 11755 3822
23 26583 11742 3822
21 26544 11743 3817
22 26560 11735 3812
22 26555 11737 3824
22 26562 11729 3822
21 26568 11729 3820
23 26582 11725 3824
21 26578 11726 3822
22 26578 11720 3821
22 26575 11719 3812
22 26568 11720 3817
21 26567 11723 3824
23 26581 11719 3818
22 26579 11723 3822
21 26608 11720 3818
23 26602 11725 3823
21 26604 11721 3816
22 26602 11722 3818
22 26597 11716 3823
22 26609 11714 3822
21 26606 11718 3820
23 26573 11716 3815
21 26590 11718 3824
22 26579 11719 3819
22 26566 11714 3815
22 26576 11712 3816
21 26584 11715 3809
23 26583 11718 3812
21 26578 11712 3823
22 26565 11711 3820
22 26568 11715 3815
22 26555 11705 3813
21 26543 11713 3820
23 26574 11719 3814
21 26584 11718 3823
22 26582 11717 3816
22 26581 11722 3818
22 26568 11725 3812
21 26554 11725 3816
23 26530 11739 3825
21 26541 11745 3814
22 26520 11757 3818
22 26518 11752 3825
22 26524 11762 3815
21 26524 11767 3817
23 26523 11768 3817
21 26556 11771 3816
22 26552 11779 3822
22 26563 11776 3821
22 26572 11778 3816
21 26589 11784 3820
22 26588 11784 3822
22 26596 11783 3818
22 26586 11780 3819
22 26596 11787 3825
22 26566 11791 3822
22 26584 11792 3822
21 26570 11801 3816
23 26575 11798 3823
21 26586 11799 3813
22 26569 11799 3816
22 26565 11801 3823
22 26564 11798 3813
21 26570 11817 3816
23 26560 11805 3818
21 26567 11807 3816
22 26558 11807 3820
22 26574 11801 3818
22 26558 11812 3815
21 26549 11808 3824
23 26543 11801 3820
21 26569 11811 3815
22 26544 11809 3821
22 26556 11801 3819
22 26568 11811 3823
21 26561 11810 3821
23 26550 11804 3818
21 26556 11810 3815
22 26556 11806 3821
22 26561 11814 3822
22 26561 11803 3823
21 26575 11803 3817
23 26557 11801 3819
21 26557 11805 3821
22 26547 11797 3817
22 26562 11797 3817
22 26576 11789 3812
21 26605 11788 3815
23 26631 11788 3813
21 26625 11776 3817
22 26634 11773 3815
22 26617 11767 3813
22 26620 11762 3816
21 26623 11756 3821
23 26632 11746 3819
22 26593 11740 3822
21 26599 11734 3820
23 26613 11723 3821
21 26612 11723 3812
22 26581 11716 3820
22 26572 11706 3824
22 26575 11709 3811
21 26571 11710 3821
23 26588 11711 3811
21 26587 11699 3821
22 26570 11691 3819
22 26575 11704 3815
22 26566 11691 3817
21 26551 11681 3820
23 26570 11680 3816
21 26570 11686 3818
22 26583 11682 3818
22 26577 11677 3819
22 26594 11683 3818
21 26599 11675 3823
22 26605 11673 3819
22 26609 11667 3824
22 26597 11675 3815
21 26601 11673 3817
23 26602 11672 3822
21 26576 11674 3822
22 26565 11666 3815
22 26582 11663 3824
22 26569 11656 3814
21 26581 11670 3826
23 26581 11657 3824
21 26577 11655 3820
22 26577 11665 3816
22 26553 11665 3818
22 26546 11668 3820
21 26552 11669 3818
23 26569 11669 3823
21 26570 11665 3816
22 26582 11669 3821
22 26581 11659 3822
22 26569 11661 3815
21 26552 11667 3821
23 26554 11660 3817
22 26558 11676 3818
21 26550 11672 3811
23 26532 11680 3819
21 26541 11668 3823
22 26539 11673 3820
22 26554 11678 3826
22 26547 11676 3817
21 26540 11681 3819
23 26546 11675 3815
21 26550 11675 3818
22 26573 11671 3821
22 26586 11676 3820
22 26594 11673 3818
21 26588 11673 3816
23 26612 11676 3812
21 26591 11675 3826
22 26598 11671 3818
22 26584 11678 3813
22 26580 11669 3815
21 26574 11661 3817
23 26573 11674 3818
21 26560 11660 3823
22 26560 11660 3823
22 26570 11663 3815
22 26549 11657 3815
21 26556 11657 3816
23 26543 11662 3818
21 26569 11663 3820
22 26582 11665 3818
22 26571 11662 3823
22 26580 11671 3817
21 26582 11676 3814
23 26599 11677 3815
21 26604 11691 3815
22 26612 11698 3815
22 26592 11699 3819
22 26591 11705 3817
21 26595 11698 3826
23 26571 11711 3820
21 26585 11704 3815
22 26567 11701 3818
21 26591 11707 3822
23 26578 11703 3813
22 26581 11701 3822
21 26581 11705 3823
23 26568 11696 3819
21 26588 11696 3821
22 26594 11701 3821
22 26628 11695 3822
22 26609 11696 3822
21 26614 11703 3820
23 26612 11691 3823
21 26615 11684 3824
22 26609 11688 3816
22 26595 11696 3820
22 26607 11688 3816
21 26587 11680 3810
23 26592 11688 3819
21 26591 11687 3820
22 26577 11676 3812
22 26613 11679 3815
22 26596 11697 3814
21 26578 11687 3823
23 26587 11689 3821
21 26562 11699 3820
22 26576 11701 3818
22 26574 11711 3826
22 26561 11726 3816
21 26562 11723 3823
23 26572 11727 3820
21 26575 11736 3814
22 26584 11746 3822
22 26564 11755 3819
22 26565 11769 3817
21 26552 11777 3819
23 26570 11789 3812
21 26566 11810 3815
22 26570 11814 3817
22 26561 11832 3814
22 26565 11838 3821
21 26572 11850 3816
23 26554 11864 3813
21 26544 11874 3822
22 26545 11893 3818
23 26557 11908 3823
21 26555 11920 3817
22 26559 11936 3822
22 26549 11946 3819
22 26552 11965 3823
21 26549 11991 3817
23 26530 12015 3818
21 26525 12039 3818
22 26514 12052 3819
22 26543 12080 3820
22 26542 12100 3817
21 26538 12124 3820
23 26551 12146 3823
21 26545 12165 3816
22 26556 12186 3821
22 26559 12210 3823
22 26574 12226 3817
21 26578 12245 3817
23 26557 12266 3822
21 26559 12286 3815
22 26547 12302 3817
21 26546 12326 3821
23 26542 12340 3823
21 26534 12363 3817
22 26541 12377 3823
22 26548 12391 3823
22 26538 12418 3823
21 26529 12428 3818
23 26532 12454 3818
21 26534 12464 3823
22 26536 12478 3823
22 26530 12499 3815
22 26516 12525 3822
21 26544 12532 3817
23 26552 12547 3823
21 26538 12564 3818
22 26551 12578 3824
22 26551 12600 3819
22 26553 12615 3815
21 26526 12631 3822
23 26552 12641 3826
21 26543 12670 3818
22 26563 12681 3818
23 26548 12695 3821
21 26546 12722 3822
22 26548 12745 3818
22 26552 12760 3817
22 26537 12782 3821
21 26537 12797 3819
23 26558 12815 3818
21 26544 12832 3819
22 26509 12842 3816
22 26511 12870 3820
22 26504 12883 3816
21 26503 12901 3815
23 26509 12925 3821
21 26547 12949 3815
22 26556 12962 3815
22 26574 12983 3814
22 26597 13002 3818
21 26597 13017 3816
23 26572 13040 3813
21 26585 13056 3819
22 26562 13072 3819
22 26566 13093 3819
22 26550 13107 3816
21 26548 13129 3818
23 26553 13150 3818
21 26569 13164 3821
22 26563 13193 3817
22 26564 13204 3818
22 26576 13221 3820
21 26577 13235 3820
23 26560 13250 3821
21 26541 13268 3822
22 26542 13284 3823
22 26549 13298 3823
22 26537 13309 3816
21 26533 13330 3820
23 26550 13344 3819
21 26570 13364 3818
22 26582 13378 3818
22 26570 13396 3811
22 26555 13408 3815
22 26561 13412 3819
21 26541 13432 3822
23 26528 13447 3814
21 26546 13458 3815
22 26551 13475 3822
22 26555 13497 3824
22 26563 13506 3816
21 26569 13514 3824
23 26573 13534 3818
21 26589 13543 3815
22 26573 13557 3817
22 26573 13568 3820
22 26563 13581 3817
21 26563 13594 3824
23 26548 13602 3818
21 26566 13618 3817
22 26571 13628 3820
22 26575 13651 3820
22 26579 13664 3819
21 26574 13671 3820
23 26569 13683 3822
21 26571 13704 3815
22 26568 13716 3816
22 26583 13721 3820
22 26590 13745 3821
21 26592 13754 3822
23 26606 13770 3819
21 26586 13779 3822
22 26603 13797 3820
22 26582 13808 3822
22 26585 13830 3823
21 26591 13841 3817
23 26574 13842 3817
21 26575 13862 3821
22 26576 13881 3816
22 26589 13898 3820
22 26587 13915 3823
21 26589 13929 3816
23 26589 13950 3813
21 26589 13957 3823
22 26576 13977 3818
23 26572 13989 3815
21 26574 14006 3817
22 26560 14025 3817
22 26570 14042 3818
22 26546 14056 3823
21 26574 14079 3819
23 26551 14094 3820
21 26568 14109 3823
22 26577 14131 3817
22 26581 14136 3827
22 26590 14166 3823
21 26574 14179 3815
23 26589 14191 3818
21 26580 14207 3821
22 26566 14229 3820
22 26568 14248 3822
22 26584 14262 3818
21 26575 14273 3817
23 26554 14297 3817
21 26564 14321 3816
22 26557 14331 3816
22 26558 14345 3817
22 26561 14366 3815
21 26554 14385 3823
22 26562 14398 3819
22 26572 14410 3818
22 26570 14427 3819
21 26580 14445 3822
23 26557 14466 3816
21 26566 14475 3818
22 26574 14497 3822
22 26560 14501 3813
22 26579 14524 3824
21 26566 14539 3821
23 26574 14549 3815
21 26586 14569 3818
22 26585 14573 3823
22 26574 14590 3820
22 26583 14605 3816
21 26573 14614 3823
23 26585 14639 3821
21 26583 14644 3816
22 26581 14660 3823
23 26557 14668 3820
21 26558 14683 3820
22 26568 14707 3818
22 26578 14707 3823
22 26570 14728 3819
21 26582 14737 3820
23 26586 14755 3823
21 26588 14759 3820
22 26585 14774 3823
22 26596 14787 3822
22 26586 14802 3811
21 26592 14814 3816
23 26578 14828 3818
21 26580 14837 3818
22 26567 14844 3816
22 26572 14861 3820
22 26575 14873 3817
21 26588 14883 3822
23 26593 14896 3814
21 26584 14900 3821
22 26588 14921 3813
22 26592 14934 3812
22 26572 14943 3822
21 26565 14953 3820
23 26601 14976 3819
21 26582 14980 3816
22 26582 14999 3819
22 26583 15007 3821
22 26570 15031 3819
21 26577 15034 3818
23 26591 15047 3818
21 26573 15062 3819
22 26575 15059 3815
22 26585 15084 3817
22 26586 15092 3816
21 26586 15109 3818
23 26578 15117 3824
21 26573 15129 3815
22 26572 15150 3820
22 26570 15153 3809
22 26578 15168 3817
21 26571 15178 3818
23 26586 15191 3819
22 26577 15192 3816
21 26567 15213 3820
22 26579 15234 3824
22 26581 15234 3822
22 26579 15249 3816
21 26559 15258 3818
23 26577 15274 3820
21 26575 15283 3814
22 26573 15290 3824
22 26585 15297 3820
22 26581 15312 3825
21 26601 15335 3818
23 26598 15339 3813
21 26603 15360 3818
22 26573 15359 3822
22 26578 15373 3819
22 26596 15381 3817
21 26593 15391 3817
23 26592 15399 3822
21 26578 15413 3820
22 26580 15417 3815
22 26569 15422 3820
22 26581 15442 3813
21 26578 15454 3819
23 26576 15452 3818
21 26568 15477 3824
22 26583 15477 3825
22 26598 15480 3819
22 26573 15498 3819
21 26580 15505 3822
23 26560 15510 3818
21 26590 15519 3818
22 26576 15534 3816
22 26579 15546 3822
22 26580 15563 3817
21 26581 15565 3823
23 26562 15574 3817
21 26574 15591 3826
22 26570 15595 3817
22 26566 15611 3812
22 26559 15615 3820
21 26555 15629 3818
23 26571 15648 3813
22 26588 15646 3821
21 26580 15653 3818
23 26588 15664 3820
21 26590 15674 3820
22 26570 15688 3820
22 26587 15695 3823
22 26580 15714 3825
21 26585 15716 3815
23 26568 15730 3823
21 26570 15735 3822
22 26583 15746 3816
22 26570 15751 3817
22 26572 15764 3817
21 26606 15762 3821
23 26602 15773 3821
21 26604 15785 3815
22 26583 15805 3818
22 26579 15816 3823
22 26580 15813 3814
21 26593 15813 3823
23 26568 15826 3821
21 26559 15831 3817
22 26583 15842 3819
21 26567 15845 3812
23 26561 15852 3817
21 26582 15856 3822
22 26587 15868 3817
22 26563 15869 3815
22 26581 15880 3818
21 26568 15886 3822
23 26570 15876 3824
21 26575 15892 3824
22 26580 15894 3821
22 26558 15900 3819
22 26585 15913 3823
21 26584 15913 3816
23 26567 15922 3817
21 26575 15924 3817
22 26571 15927 3813
22 26575 15946 3816
22 26566 15944 3820
22 26567 15951 3819
22 26586 15951 3817
22 26587 15963 3818
21 26578 15970 3815
23 26614 15975 3819
21 26599 15992 3821
22 26604 16005 3823
22 26577 16021 3817
22 26591 16030 3816
21 26575 16041 3819
23 26599 16051 3816
21 26585 16062 3822
22 26579 16072 3817
22 26598 16084 3815
22 26603 16093 3822
21 26594 16098 3824
23 26605 16123 3817
21 26572 16128 3821
22 26592 16134 3815
22 26608 16143 3814
22 26581 16146 3816
21 26567 16160 3814
23 26593 16169 3812
21 26588 16176 3818
22 26605 16188 3818
22 26599 16206 3823
22 26615 16203 3819
21 26581 16215 3819
23 26575 16227 3817
21 26587 16225 3822
22 26570 16238 3817
22 26560 16248 3823
22 26574 16249 3822
21 26568 16259 3821
23 26577 16272 3818
21 26589 16278 3819
22 26598 16285 3817
22 26603 16283 3819
22 26611 16297 3814
21 26583 16301 3821
23 26585 16309 3822
22 26580 16321 3814
21 26573 16322 3823
23 26578 16321 3816
21 26589 16332 3815
22 26589 16337 3818
21 26569 16336 3819
23 26577 16348 3819
21 26601 16346 3814
22 26595 16350 3825
22 26597 16351 3820
22 26559 16355 3823
21 26573 16361 3822
23 26574 16365 3821
21 26590 16370 3824
22 26583 16379 3818
22 26583 16388 3823
22 26584 16386 3824
21 26580 16386 3822
23 26565 16390 3822
21 26589 16395 3818
22 26572 16402 3825
22 26581 16392 3821
22 26578 16406 3820
21 26580 16410 3817
23 26568 16402 3821
21 26573 16412 3818
22 26557 16421 3817
22 26560 16415 3823
22 26555 16421 3821
21 26559 16427 3817
23 26579 16430 3814
21 26566 16432 3819
22 26594 16439 3823
22 26585 16443 3817
22 26591 16453 3816
21 26602 16445 3814
23 26578 16457 3820
21 26577 16456 3819
22 26592 16458 3814
22 26578 16458 3823
22 26602 16468 3820
21 26578 16465 3812
23 26573 16470 3813
22 26593 16469 3822
21 26594 16479 3818
23 26571 16480 3812
21 26575 16476 3810
22 26573 16482 3818
22 26585 16482 3818
22 26595 16482 3818
21 26582 16490 3817
23 26567 16493 3818
21 26568 16489 3820
22 26576 16494 3817
22 26567 16492 3823
22 26569 16502 3822
21 26582 16496 3817
23 26592 16505 3821
21 26585 16513 3817
22 26568 16508 3818
22 26569 16519 3819
22 26565 16523 3818
21 26571 16529 3820
23 26563 16532 3821
21 26545 16540 3816
22 26546 16541 3817
22 26550 16553 3821
22 26569 16553 3814
21 26555 16548 3817
22 26559 16565 3818
22 26574 16568 3820
22 26603 16566 3819
21 26597 16576 3818
23 26573 16575 3820
21 26594 16573 3822
22 26596 16583 3819
22 26599 16581 3821
22 26588 16587 3823
21 26579 16592 3817
23 26592 16594 3815
21 26583 16598 3818
22 26601 16594 3823
22 26588 16598 3816
22 26607 16602 3818
21 26581 16597 3814
23 26567 16603 3817
22 26578 16605 3817
21 26582 16609 3820
23 26598 16601 3820
21 26583 16607 3818
22 26581 16621 3820
22 26535 16612 3818
22 26515 16626 3816
21 26493 16627 3822
23 26495 16635 3817
21 26520 16631 3819
22 26555 16636 3821
22 26539 16647 3810
22 26585 16644 3818
21 26576 16647 3816
23 26559 16648 3821
21 26564 16651 3816
22 26568 16654 3819
22 26569 16656 3816
22 26584 16669 3816
21 26581 16662 3814
23 26613 16667 3812
21 26613 16666 3815
22 26648 16669 3814
22 26621 16670 3812
22 26614 16670 3825
21 26611 16672 3820
23 26609 16682 3814
21 26596 16671 3825
22 26621 16675 3817
22 26608 16675 3813
22 26595 16676 3815
21 26603 16670 3816
23 26582 16667 3812
21 26591 16654 3821
22 26578 16657 3818
22 26573 16653 3820
22 26597 16657 3819
21 26586 16655 3818
23 26583 16638 3823
21 26577 16635 3816
22 26596 16630 3821
23 26588 16628 3820
21 26580 16620 3816
22 26567 16626 3819
22 26575 16633 3819
22 26577 16616 3817
21 26587 16612 3819
22 26572 16614 3814
22 26561 16615 3817
22 26575 16616 3811
21 26581 16627 3818
23 26574 16617 3822
21 26581 16628 3818
22 26588 16623 3821
22 26593 16626 3819
22 26568 16628 3819
21 26589 16632 3823
23 26569 16639 3818
21 26576 16634 3812
22 26603 16634 3816
22 26599 16636 3814
22 26608 16644 3815
21 26594 16647 3819
23 26601 16646 3822
21 26599 16646 3815
22 26572 16644 3815
22 26571 16642 3822
22 26577 16658 3811
21 26579 16656 3821
23 26579 16652 3820
21 26595 16669 3819
22 26599 16666 3816
22 26595 16677 3822
22 26611 16674 3817
21 26602 16667 3816
23 26630 16660 3813
21 26635 16674 3817
22 26621 16675 3818
22 26617 16670 3819
22 26620 16662 3823
21 26590 16666 3815
23 26591 16675 3817
21 26552 16672 3817
22 26542 16665 3814
23 26556 16669 3812
21 26544 16661 3820
22 26557 16663 3818
22 26559 16663 3812
22 26575 16657 3820
21 26577 16664 3818
23 26604 16655 3817
21 26604 16655 3822
22 26614 16655 3818
22 26607 16664 3824
22 26598 16650 3814
21 26587 16658 3816
23 26567 16664 3824
21 26550 16670 3816
22 26532 16661 3819
22 26518 16664 3815
22 26534 16661 3821
21 26539 16658 3820
23 26555 16664 3819
21 26571 16656 3815
22 26534 16661 3820
22 26549 16655 3820
22 26532 16656 3816
21 26514 16665 3816
23 26528 16673 3817
21 26532 16669 3816
22 26532 16668 3821
21 26541 16670 3822
23 26548 16655 3820
